
          /\      |‾‾| /‾‾/   /‾‾/   
     /\  /  \     |  |/  /   /  /    
    /  \/    \    |     (   /   ‾‾\  
   /          \   |  |\  \ |  (‾)  | 
  / __________ \  |__| \__\ \_____/ .io

  execution: local
     script: /scripts/load-test.js
     output: json (/results/results.json)

  scenarios: (100.00%) 1 scenario, 80 max VUs, 12m30s max duration (incl. graceful stop):
           * sudden_spike: Up to 80 looping VUs for 12m0s over 4 stages (gracefulRampDown: 30s, gracefulStop: 30s)


running (00m01.0s), 10/80 VUs, 10 complete and 0 interrupted iterations
sudden_spike   [   0% ] 10/80 VUs  00m01.0s/12m00.0s

running (00m02.0s), 10/80 VUs, 23 complete and 0 interrupted iterations
sudden_spike   [   0% ] 10/80 VUs  00m02.0s/12m00.0s

running (00m03.0s), 10/80 VUs, 37 complete and 0 interrupted iterations
sudden_spike   [   0% ] 10/80 VUs  00m03.0s/12m00.0s

running (00m04.0s), 10/80 VUs, 52 complete and 0 interrupted iterations
sudden_spike   [   1% ] 10/80 VUs  00m04.0s/12m00.0s

running (00m05.0s), 10/80 VUs, 64 complete and 0 interrupted iterations
sudden_spike   [   1% ] 10/80 VUs  00m05.0s/12m00.0s

running (00m06.0s), 10/80 VUs, 81 complete and 0 interrupted iterations
sudden_spike   [   1% ] 10/80 VUs  00m06.0s/12m00.0s

running (00m07.0s), 10/80 VUs, 94 complete and 0 interrupted iterations
sudden_spike   [   1% ] 10/80 VUs  00m07.0s/12m00.0s

running (00m08.0s), 10/80 VUs, 109 complete and 0 interrupted iterations
sudden_spike   [   1% ] 10/80 VUs  00m08.0s/12m00.0s

running (00m09.0s), 10/80 VUs, 122 complete and 0 interrupted iterations
sudden_spike   [   1% ] 10/80 VUs  00m09.0s/12m00.0s

running (00m10.0s), 10/80 VUs, 134 complete and 0 interrupted iterations
sudden_spike   [   1% ] 10/80 VUs  00m10.0s/12m00.0s

running (00m11.0s), 10/80 VUs, 151 complete and 0 interrupted iterations
sudden_spike   [   2% ] 10/80 VUs  00m11.0s/12m00.0s

running (00m12.0s), 10/80 VUs, 164 complete and 0 interrupted iterations
sudden_spike   [   2% ] 10/80 VUs  00m12.0s/12m00.0s

running (00m13.0s), 10/80 VUs, 178 complete and 0 interrupted iterations
sudden_spike   [   2% ] 10/80 VUs  00m13.0s/12m00.0s

running (00m14.0s), 10/80 VUs, 192 complete and 0 interrupted iterations
sudden_spike   [   2% ] 10/80 VUs  00m14.0s/12m00.0s

running (00m15.0s), 10/80 VUs, 206 complete and 0 interrupted iterations
sudden_spike   [   2% ] 10/80 VUs  00m15.0s/12m00.0s

running (00m16.0s), 10/80 VUs, 219 complete and 0 interrupted iterations
sudden_spike   [   2% ] 10/80 VUs  00m16.0s/12m00.0s

running (00m17.0s), 10/80 VUs, 237 complete and 0 interrupted iterations
sudden_spike   [   2% ] 10/80 VUs  00m17.0s/12m00.0s

running (00m18.0s), 10/80 VUs, 251 complete and 0 interrupted iterations
sudden_spike   [   2% ] 10/80 VUs  00m18.0s/12m00.0s

running (00m19.0s), 10/80 VUs, 266 complete and 0 interrupted iterations
sudden_spike   [   3% ] 10/80 VUs  00m19.0s/12m00.0s

running (00m20.0s), 10/80 VUs, 278 complete and 0 interrupted iterations
sudden_spike   [   3% ] 10/80 VUs  00m20.0s/12m00.0s

running (00m21.0s), 10/80 VUs, 296 complete and 0 interrupted iterations
sudden_spike   [   3% ] 10/80 VUs  00m21.0s/12m00.0s

running (00m22.0s), 10/80 VUs, 310 complete and 0 interrupted iterations
sudden_spike   [   3% ] 10/80 VUs  00m22.0s/12m00.0s

running (00m23.0s), 10/80 VUs, 323 complete and 0 interrupted iterations
sudden_spike   [   3% ] 10/80 VUs  00m23.0s/12m00.0s

running (00m24.0s), 10/80 VUs, 338 complete and 0 interrupted iterations
sudden_spike   [   3% ] 10/80 VUs  00m24.0s/12m00.0s

running (00m25.0s), 10/80 VUs, 352 complete and 0 interrupted iterations
sudden_spike   [   3% ] 10/80 VUs  00m25.0s/12m00.0s

running (00m26.0s), 10/80 VUs, 365 complete and 0 interrupted iterations
sudden_spike   [   4% ] 10/80 VUs  00m26.0s/12m00.0s

running (00m27.0s), 10/80 VUs, 379 complete and 0 interrupted iterations
sudden_spike   [   4% ] 10/80 VUs  00m27.0s/12m00.0s

running (00m28.0s), 10/80 VUs, 395 complete and 0 interrupted iterations
sudden_spike   [   4% ] 10/80 VUs  00m28.0s/12m00.0s

running (00m29.0s), 10/80 VUs, 407 complete and 0 interrupted iterations
sudden_spike   [   4% ] 10/80 VUs  00m29.0s/12m00.0s

running (00m30.0s), 10/80 VUs, 422 complete and 0 interrupted iterations
sudden_spike   [   4% ] 10/80 VUs  00m30.0s/12m00.0s

running (00m31.0s), 10/80 VUs, 435 complete and 0 interrupted iterations
sudden_spike   [   4% ] 10/80 VUs  00m31.0s/12m00.0s

running (00m32.0s), 10/80 VUs, 450 complete and 0 interrupted iterations
sudden_spike   [   4% ] 10/80 VUs  00m32.0s/12m00.0s

running (00m33.0s), 10/80 VUs, 465 complete and 0 interrupted iterations
sudden_spike   [   5% ] 10/80 VUs  00m33.0s/12m00.0s

running (00m34.0s), 10/80 VUs, 480 complete and 0 interrupted iterations
sudden_spike   [   5% ] 10/80 VUs  00m34.0s/12m00.0s

running (00m35.0s), 10/80 VUs, 495 complete and 0 interrupted iterations
sudden_spike   [   5% ] 10/80 VUs  00m35.0s/12m00.0s

running (00m36.0s), 10/80 VUs, 510 complete and 0 interrupted iterations
sudden_spike   [   5% ] 10/80 VUs  00m36.0s/12m00.0s

running (00m37.0s), 10/80 VUs, 521 complete and 0 interrupted iterations
sudden_spike   [   5% ] 10/80 VUs  00m37.0s/12m00.0s

running (00m38.0s), 10/80 VUs, 538 complete and 0 interrupted iterations
sudden_spike   [   5% ] 10/80 VUs  00m38.0s/12m00.0s

running (00m39.0s), 10/80 VUs, 553 complete and 0 interrupted iterations
sudden_spike   [   5% ] 10/80 VUs  00m39.0s/12m00.0s

running (00m40.0s), 10/80 VUs, 566 complete and 0 interrupted iterations
sudden_spike   [   6% ] 10/80 VUs  00m40.0s/12m00.0s

running (00m41.0s), 10/80 VUs, 582 complete and 0 interrupted iterations
sudden_spike   [   6% ] 10/80 VUs  00m41.0s/12m00.0s

running (00m42.0s), 10/80 VUs, 594 complete and 0 interrupted iterations
sudden_spike   [   6% ] 10/80 VUs  00m42.0s/12m00.0s

running (00m43.0s), 10/80 VUs, 612 complete and 0 interrupted iterations
sudden_spike   [   6% ] 10/80 VUs  00m43.0s/12m00.0s

running (00m44.0s), 10/80 VUs, 623 complete and 0 interrupted iterations
sudden_spike   [   6% ] 10/80 VUs  00m44.0s/12m00.0s

running (00m45.0s), 10/80 VUs, 635 complete and 0 interrupted iterations
sudden_spike   [   6% ] 10/80 VUs  00m45.0s/12m00.0s

running (00m46.0s), 10/80 VUs, 652 complete and 0 interrupted iterations
sudden_spike   [   6% ] 10/80 VUs  00m46.0s/12m00.0s

running (00m47.0s), 10/80 VUs, 666 complete and 0 interrupted iterations
sudden_spike   [   7% ] 10/80 VUs  00m47.0s/12m00.0s

running (00m48.0s), 10/80 VUs, 679 complete and 0 interrupted iterations
sudden_spike   [   7% ] 10/80 VUs  00m48.0s/12m00.0s

running (00m49.0s), 10/80 VUs, 693 complete and 0 interrupted iterations
sudden_spike   [   7% ] 10/80 VUs  00m49.0s/12m00.0s

running (00m50.0s), 10/80 VUs, 706 complete and 0 interrupted iterations
sudden_spike   [   7% ] 10/80 VUs  00m50.0s/12m00.0s

running (00m51.0s), 10/80 VUs, 720 complete and 0 interrupted iterations
sudden_spike   [   7% ] 10/80 VUs  00m51.0s/12m00.0s

running (00m52.0s), 10/80 VUs, 734 complete and 0 interrupted iterations
sudden_spike   [   7% ] 10/80 VUs  00m52.0s/12m00.0s

running (00m53.0s), 10/80 VUs, 747 complete and 0 interrupted iterations
sudden_spike   [   7% ] 10/80 VUs  00m53.0s/12m00.0s

running (00m54.0s), 10/80 VUs, 761 complete and 0 interrupted iterations
sudden_spike   [   7% ] 10/80 VUs  00m54.0s/12m00.0s

running (00m55.0s), 10/80 VUs, 778 complete and 0 interrupted iterations
sudden_spike   [   8% ] 10/80 VUs  00m55.0s/12m00.0s

running (00m56.0s), 10/80 VUs, 789 complete and 0 interrupted iterations
sudden_spike   [   8% ] 10/80 VUs  00m56.0s/12m00.0s

running (00m57.0s), 10/80 VUs, 807 complete and 0 interrupted iterations
sudden_spike   [   8% ] 10/80 VUs  00m57.0s/12m00.0s

running (00m58.0s), 10/80 VUs, 818 complete and 0 interrupted iterations
sudden_spike   [   8% ] 10/80 VUs  00m58.0s/12m00.0s

running (00m59.0s), 10/80 VUs, 830 complete and 0 interrupted iterations
sudden_spike   [   8% ] 10/80 VUs  00m59.0s/12m00.0s

running (01m00.0s), 10/80 VUs, 847 complete and 0 interrupted iterations
sudden_spike   [   8% ] 10/80 VUs  01m00.0s/12m00.0s

running (01m01.0s), 10/80 VUs, 861 complete and 0 interrupted iterations
sudden_spike   [   8% ] 10/80 VUs  01m01.0s/12m00.0s

running (01m02.0s), 10/80 VUs, 875 complete and 0 interrupted iterations
sudden_spike   [   9% ] 10/80 VUs  01m02.0s/12m00.0s

running (01m03.0s), 10/80 VUs, 888 complete and 0 interrupted iterations
sudden_spike   [   9% ] 10/80 VUs  01m03.0s/12m00.0s

running (01m04.0s), 10/80 VUs, 903 complete and 0 interrupted iterations
sudden_spike   [   9% ] 10/80 VUs  01m04.0s/12m00.0s

running (01m05.0s), 10/80 VUs, 917 complete and 0 interrupted iterations
sudden_spike   [   9% ] 10/80 VUs  01m05.0s/12m00.0s

running (01m06.0s), 10/80 VUs, 933 complete and 0 interrupted iterations
sudden_spike   [   9% ] 10/80 VUs  01m06.0s/12m00.0s

running (01m07.0s), 10/80 VUs, 944 complete and 0 interrupted iterations
sudden_spike   [   9% ] 10/80 VUs  01m07.0s/12m00.0s

running (01m08.0s), 10/80 VUs, 962 complete and 0 interrupted iterations
sudden_spike   [   9% ] 10/80 VUs  01m08.0s/12m00.0s

running (01m09.0s), 10/80 VUs, 976 complete and 0 interrupted iterations
sudden_spike   [  10% ] 10/80 VUs  01m09.0s/12m00.0s

running (01m10.0s), 10/80 VUs, 989 complete and 0 interrupted iterations
sudden_spike   [  10% ] 10/80 VUs  01m10.0s/12m00.0s

running (01m11.0s), 10/80 VUs, 1004 complete and 0 interrupted iterations
sudden_spike   [  10% ] 10/80 VUs  01m11.0s/12m00.0s

running (01m12.0s), 10/80 VUs, 1018 complete and 0 interrupted iterations
sudden_spike   [  10% ] 10/80 VUs  01m12.0s/12m00.0s

running (01m13.0s), 10/80 VUs, 1033 complete and 0 interrupted iterations
sudden_spike   [  10% ] 10/80 VUs  01m13.0s/12m00.0s

running (01m14.0s), 10/80 VUs, 1046 complete and 0 interrupted iterations
sudden_spike   [  10% ] 10/80 VUs  01m14.0s/12m00.0s

running (01m15.0s), 10/80 VUs, 1061 complete and 0 interrupted iterations
sudden_spike   [  10% ] 10/80 VUs  01m15.0s/12m00.0s

running (01m16.0s), 10/80 VUs, 1075 complete and 0 interrupted iterations
sudden_spike   [  11% ] 10/80 VUs  01m16.0s/12m00.0s

running (01m17.0s), 10/80 VUs, 1091 complete and 0 interrupted iterations
sudden_spike   [  11% ] 10/80 VUs  01m17.0s/12m00.0s

running (01m18.0s), 10/80 VUs, 1103 complete and 0 interrupted iterations
sudden_spike   [  11% ] 10/80 VUs  01m18.0s/12m00.0s

running (01m19.0s), 10/80 VUs, 1116 complete and 0 interrupted iterations
sudden_spike   [  11% ] 10/80 VUs  01m19.0s/12m00.0s

running (01m20.0s), 10/80 VUs, 1134 complete and 0 interrupted iterations
sudden_spike   [  11% ] 10/80 VUs  01m20.0s/12m00.0s

running (01m21.0s), 10/80 VUs, 1145 complete and 0 interrupted iterations
sudden_spike   [  11% ] 10/80 VUs  01m21.0s/12m00.0s

running (01m22.0s), 10/80 VUs, 1160 complete and 0 interrupted iterations
sudden_spike   [  11% ] 10/80 VUs  01m22.0s/12m00.0s

running (01m23.0s), 10/80 VUs, 1176 complete and 0 interrupted iterations
sudden_spike   [  12% ] 10/80 VUs  01m23.0s/12m00.0s

running (01m24.0s), 10/80 VUs, 1188 complete and 0 interrupted iterations
sudden_spike   [  12% ] 10/80 VUs  01m24.0s/12m00.0s

running (01m25.0s), 10/80 VUs, 1205 complete and 0 interrupted iterations
sudden_spike   [  12% ] 10/80 VUs  01m25.0s/12m00.0s

running (01m26.0s), 10/80 VUs, 1215 complete and 0 interrupted iterations
sudden_spike   [  12% ] 10/80 VUs  01m26.0s/12m00.0s

running (01m27.0s), 10/80 VUs, 1233 complete and 0 interrupted iterations
sudden_spike   [  12% ] 10/80 VUs  01m27.0s/12m00.0s

running (01m28.0s), 10/80 VUs, 1246 complete and 0 interrupted iterations
sudden_spike   [  12% ] 10/80 VUs  01m28.0s/12m00.0s

running (01m29.0s), 10/80 VUs, 1263 complete and 0 interrupted iterations
sudden_spike   [  12% ] 10/80 VUs  01m29.0s/12m00.0s

running (01m30.0s), 10/80 VUs, 1276 complete and 0 interrupted iterations
sudden_spike   [  12% ] 10/80 VUs  01m30.0s/12m00.0s

running (01m31.0s), 10/80 VUs, 1291 complete and 0 interrupted iterations
sudden_spike   [  13% ] 10/80 VUs  01m31.0s/12m00.0s

running (01m32.0s), 10/80 VUs, 1304 complete and 0 interrupted iterations
sudden_spike   [  13% ] 10/80 VUs  01m32.0s/12m00.0s

running (01m33.0s), 10/80 VUs, 1320 complete and 0 interrupted iterations
sudden_spike   [  13% ] 10/80 VUs  01m33.0s/12m00.0s

running (01m34.0s), 10/80 VUs, 1332 complete and 0 interrupted iterations
sudden_spike   [  13% ] 10/80 VUs  01m34.0s/12m00.0s

running (01m35.0s), 10/80 VUs, 1349 complete and 0 interrupted iterations
sudden_spike   [  13% ] 10/80 VUs  01m35.0s/12m00.0s

running (01m36.0s), 10/80 VUs, 1362 complete and 0 interrupted iterations
sudden_spike   [  13% ] 10/80 VUs  01m36.0s/12m00.0s

running (01m37.0s), 10/80 VUs, 1377 complete and 0 interrupted iterations
sudden_spike   [  13% ] 10/80 VUs  01m37.0s/12m00.0s

running (01m38.0s), 10/80 VUs, 1391 complete and 0 interrupted iterations
sudden_spike   [  14% ] 10/80 VUs  01m38.0s/12m00.0s

running (01m39.0s), 10/80 VUs, 1407 complete and 0 interrupted iterations
sudden_spike   [  14% ] 10/80 VUs  01m39.0s/12m00.0s

running (01m40.0s), 10/80 VUs, 1422 complete and 0 interrupted iterations
sudden_spike   [  14% ] 10/80 VUs  01m40.0s/12m00.0s

running (01m41.0s), 10/80 VUs, 1435 complete and 0 interrupted iterations
sudden_spike   [  14% ] 10/80 VUs  01m41.0s/12m00.0s

running (01m42.0s), 10/80 VUs, 1451 complete and 0 interrupted iterations
sudden_spike   [  14% ] 10/80 VUs  01m42.0s/12m00.0s

running (01m43.0s), 10/80 VUs, 1464 complete and 0 interrupted iterations
sudden_spike   [  14% ] 10/80 VUs  01m43.0s/12m00.0s

running (01m44.0s), 10/80 VUs, 1480 complete and 0 interrupted iterations
sudden_spike   [  14% ] 10/80 VUs  01m44.0s/12m00.0s

running (01m45.0s), 10/80 VUs, 1494 complete and 0 interrupted iterations
sudden_spike   [  15% ] 10/80 VUs  01m45.0s/12m00.0s

running (01m46.0s), 10/80 VUs, 1509 complete and 0 interrupted iterations
sudden_spike   [  15% ] 10/80 VUs  01m46.0s/12m00.0s

running (01m47.0s), 10/80 VUs, 1520 complete and 0 interrupted iterations
sudden_spike   [  15% ] 10/80 VUs  01m47.0s/12m00.0s

running (01m48.0s), 10/80 VUs, 1536 complete and 0 interrupted iterations
sudden_spike   [  15% ] 10/80 VUs  01m48.0s/12m00.0s

running (01m49.0s), 10/80 VUs, 1550 complete and 0 interrupted iterations
sudden_spike   [  15% ] 10/80 VUs  01m49.0s/12m00.0s

running (01m50.0s), 10/80 VUs, 1563 complete and 0 interrupted iterations
sudden_spike   [  15% ] 10/80 VUs  01m50.0s/12m00.0s

running (01m51.0s), 10/80 VUs, 1577 complete and 0 interrupted iterations
sudden_spike   [  15% ] 10/80 VUs  01m51.0s/12m00.0s

running (01m52.0s), 10/80 VUs, 1593 complete and 0 interrupted iterations
sudden_spike   [  16% ] 10/80 VUs  01m52.0s/12m00.0s

running (01m53.0s), 10/80 VUs, 1604 complete and 0 interrupted iterations
sudden_spike   [  16% ] 10/80 VUs  01m53.0s/12m00.0s

running (01m54.0s), 10/80 VUs, 1619 complete and 0 interrupted iterations
sudden_spike   [  16% ] 10/80 VUs  01m54.0s/12m00.0s

running (01m55.0s), 10/80 VUs, 1633 complete and 0 interrupted iterations
sudden_spike   [  16% ] 10/80 VUs  01m55.0s/12m00.0s

running (01m56.0s), 10/80 VUs, 1650 complete and 0 interrupted iterations
sudden_spike   [  16% ] 10/80 VUs  01m56.0s/12m00.0s

running (01m57.0s), 10/80 VUs, 1664 complete and 0 interrupted iterations
sudden_spike   [  16% ] 10/80 VUs  01m57.0s/12m00.0s

running (01m58.0s), 10/80 VUs, 1680 complete and 0 interrupted iterations
sudden_spike   [  16% ] 10/80 VUs  01m58.0s/12m00.0s

running (01m59.0s), 10/80 VUs, 1694 complete and 0 interrupted iterations
sudden_spike   [  17% ] 10/80 VUs  01m59.0s/12m00.0s

running (02m00.0s), 10/80 VUs, 1708 complete and 0 interrupted iterations
sudden_spike   [  17% ] 10/80 VUs  02m00.0s/12m00.0s

running (02m01.0s), 16/80 VUs, 1723 complete and 0 interrupted iterations
sudden_spike   [  17% ] 16/80 VUs  02m01.0s/12m00.0s

running (02m02.0s), 23/80 VUs, 1746 complete and 0 interrupted iterations
sudden_spike   [  17% ] 23/80 VUs  02m02.0s/12m00.0s

running (02m03.0s), 30/80 VUs, 1782 complete and 0 interrupted iterations
sudden_spike   [  17% ] 30/80 VUs  02m03.0s/12m00.0s

running (02m04.0s), 37/80 VUs, 1827 complete and 0 interrupted iterations
sudden_spike   [  17% ] 37/80 VUs  02m04.0s/12m00.0s

running (02m05.0s), 44/80 VUs, 1875 complete and 0 interrupted iterations
sudden_spike   [  17% ] 44/80 VUs  02m05.0s/12m00.0s

running (02m06.0s), 51/80 VUs, 1921 complete and 0 interrupted iterations
sudden_spike   [  17% ] 51/80 VUs  02m06.0s/12m00.0s

running (02m07.0s), 58/80 VUs, 1959 complete and 0 interrupted iterations
sudden_spike   [  18% ] 58/80 VUs  02m07.0s/12m00.0s

running (02m08.0s), 65/80 VUs, 1989 complete and 0 interrupted iterations
sudden_spike   [  18% ] 65/80 VUs  02m08.0s/12m00.0s

running (02m09.0s), 72/80 VUs, 2022 complete and 0 interrupted iterations
sudden_spike   [  18% ] 72/80 VUs  02m09.0s/12m00.0s

running (02m10.0s), 79/80 VUs, 2049 complete and 0 interrupted iterations
sudden_spike   [  18% ] 79/80 VUs  02m10.0s/12m00.0s

running (02m11.0s), 80/80 VUs, 2051 complete and 0 interrupted iterations
sudden_spike   [  18% ] 80/80 VUs  02m11.0s/12m00.0s

running (02m12.0s), 80/80 VUs, 2077 complete and 0 interrupted iterations
sudden_spike   [  18% ] 80/80 VUs  02m12.0s/12m00.0s

running (02m13.0s), 80/80 VUs, 2104 complete and 0 interrupted iterations
sudden_spike   [  18% ] 80/80 VUs  02m13.0s/12m00.0s

running (02m14.0s), 80/80 VUs, 2104 complete and 0 interrupted iterations
sudden_spike   [  19% ] 80/80 VUs  02m14.0s/12m00.0s

running (02m15.0s), 80/80 VUs, 2131 complete and 0 interrupted iterations
sudden_spike   [  19% ] 80/80 VUs  02m15.0s/12m00.0s

running (02m16.0s), 80/80 VUs, 2157 complete and 0 interrupted iterations
sudden_spike   [  19% ] 80/80 VUs  02m16.0s/12m00.0s

running (02m17.0s), 80/80 VUs, 2157 complete and 0 interrupted iterations
sudden_spike   [  19% ] 80/80 VUs  02m17.0s/12m00.0s

running (02m18.0s), 80/80 VUs, 2184 complete and 0 interrupted iterations
sudden_spike   [  19% ] 80/80 VUs  02m18.0s/12m00.0s

running (02m19.0s), 80/80 VUs, 2184 complete and 0 interrupted iterations
sudden_spike   [  19% ] 80/80 VUs  02m19.0s/12m00.0s

running (02m20.0s), 80/80 VUs, 2211 complete and 0 interrupted iterations
sudden_spike   [  19% ] 80/80 VUs  02m20.0s/12m00.0s

running (02m21.0s), 80/80 VUs, 2237 complete and 0 interrupted iterations
sudden_spike   [  20% ] 80/80 VUs  02m21.0s/12m00.0s

running (02m22.0s), 80/80 VUs, 2237 complete and 0 interrupted iterations
sudden_spike   [  20% ] 80/80 VUs  02m22.0s/12m00.0s

running (02m23.0s), 80/80 VUs, 2254 complete and 0 interrupted iterations
sudden_spike   [  20% ] 80/80 VUs  02m23.0s/12m00.0s

running (02m24.0s), 80/80 VUs, 2281 complete and 0 interrupted iterations
sudden_spike   [  20% ] 80/80 VUs  02m24.0s/12m00.0s

running (02m25.0s), 80/80 VUs, 2281 complete and 0 interrupted iterations
sudden_spike   [  20% ] 80/80 VUs  02m25.0s/12m00.0s

running (02m26.0s), 80/80 VUs, 2308 complete and 0 interrupted iterations
sudden_spike   [  20% ] 80/80 VUs  02m26.0s/12m00.0s

running (02m27.0s), 80/80 VUs, 2331 complete and 0 interrupted iterations
sudden_spike   [  20% ] 80/80 VUs  02m27.0s/12m00.0s

running (02m28.0s), 80/80 VUs, 2332 complete and 0 interrupted iterations
sudden_spike   [  21% ] 80/80 VUs  02m28.0s/12m00.0s

running (02m29.0s), 80/80 VUs, 2359 complete and 0 interrupted iterations
sudden_spike   [  21% ] 80/80 VUs  02m29.0s/12m00.0s

running (02m30.0s), 80/80 VUs, 2359 complete and 0 interrupted iterations
sudden_spike   [  21% ] 80/80 VUs  02m30.0s/12m00.0s

running (02m31.0s), 80/80 VUs, 2386 complete and 0 interrupted iterations
sudden_spike   [  21% ] 80/80 VUs  02m31.0s/12m00.0s

running (02m32.0s), 80/80 VUs, 2403 complete and 0 interrupted iterations
sudden_spike   [  21% ] 80/80 VUs  02m32.0s/12m00.0s

running (02m33.0s), 80/80 VUs, 2419 complete and 0 interrupted iterations
sudden_spike   [  21% ] 80/80 VUs  02m33.0s/12m00.0s

running (02m34.0s), 80/80 VUs, 2431 complete and 0 interrupted iterations
sudden_spike   [  21% ] 80/80 VUs  02m34.0s/12m00.0s

running (02m35.0s), 80/80 VUs, 2458 complete and 0 interrupted iterations
sudden_spike   [  22% ] 80/80 VUs  02m35.0s/12m00.0s

running (02m36.0s), 80/80 VUs, 2458 complete and 0 interrupted iterations
sudden_spike   [  22% ] 80/80 VUs  02m36.0s/12m00.0s

running (02m37.0s), 80/80 VUs, 2476 complete and 0 interrupted iterations
sudden_spike   [  22% ] 80/80 VUs  02m37.0s/12m00.0s

running (02m38.0s), 80/80 VUs, 2503 complete and 0 interrupted iterations
sudden_spike   [  22% ] 80/80 VUs  02m38.0s/12m00.0s

running (02m39.0s), 80/80 VUs, 2503 complete and 0 interrupted iterations
sudden_spike   [  22% ] 80/80 VUs  02m39.0s/12m00.0s

running (02m40.0s), 80/80 VUs, 2530 complete and 0 interrupted iterations
sudden_spike   [  22% ] 80/80 VUs  02m40.0s/12m00.0s

running (02m41.0s), 80/80 VUs, 2555 complete and 0 interrupted iterations
sudden_spike   [  22% ] 80/80 VUs  02m41.0s/12m00.0s

running (02m42.0s), 80/80 VUs, 2556 complete and 0 interrupted iterations
sudden_spike   [  22% ] 80/80 VUs  02m42.0s/12m00.0s

running (02m43.0s), 80/80 VUs, 2582 complete and 0 interrupted iterations
sudden_spike   [  23% ] 80/80 VUs  02m43.0s/12m00.0s

running (02m44.0s), 80/80 VUs, 2609 complete and 0 interrupted iterations
sudden_spike   [  23% ] 80/80 VUs  02m44.0s/12m00.0s

running (02m45.0s), 80/80 VUs, 2609 complete and 0 interrupted iterations
sudden_spike   [  23% ] 80/80 VUs  02m45.0s/12m00.0s

running (02m46.0s), 80/80 VUs, 2636 complete and 0 interrupted iterations
sudden_spike   [  23% ] 80/80 VUs  02m46.0s/12m00.0s

running (02m47.0s), 80/80 VUs, 2636 complete and 0 interrupted iterations
sudden_spike   [  23% ] 80/80 VUs  02m47.0s/12m00.0s

running (02m48.0s), 80/80 VUs, 2662 complete and 0 interrupted iterations
sudden_spike   [  23% ] 80/80 VUs  02m48.0s/12m00.0s

running (02m49.0s), 80/80 VUs, 2689 complete and 0 interrupted iterations
sudden_spike   [  23% ] 80/80 VUs  02m49.0s/12m00.0s

running (02m50.0s), 80/80 VUs, 2689 complete and 0 interrupted iterations
sudden_spike   [  24% ] 80/80 VUs  02m50.0s/12m00.0s

running (02m51.0s), 80/80 VUs, 2713 complete and 0 interrupted iterations
sudden_spike   [  24% ] 80/80 VUs  02m51.0s/12m00.0s

running (02m52.0s), 80/80 VUs, 2713 complete and 0 interrupted iterations
sudden_spike   [  24% ] 80/80 VUs  02m52.0s/12m00.0s

running (02m53.0s), 80/80 VUs, 2740 complete and 0 interrupted iterations
sudden_spike   [  24% ] 80/80 VUs  02m53.0s/12m00.0s

running (02m54.0s), 80/80 VUs, 2766 complete and 0 interrupted iterations
sudden_spike   [  24% ] 80/80 VUs  02m54.0s/12m00.0s

running (02m55.0s), 80/80 VUs, 2766 complete and 0 interrupted iterations
sudden_spike   [  24% ] 80/80 VUs  02m55.0s/12m00.0s

running (02m56.0s), 80/80 VUs, 2793 complete and 0 interrupted iterations
sudden_spike   [  24% ] 80/80 VUs  02m56.0s/12m00.0s

running (02m57.0s), 80/80 VUs, 2820 complete and 0 interrupted iterations
sudden_spike   [  25% ] 80/80 VUs  02m57.0s/12m00.0s

running (02m58.0s), 80/80 VUs, 2820 complete and 0 interrupted iterations
sudden_spike   [  25% ] 80/80 VUs  02m58.0s/12m00.0s

running (02m59.0s), 80/80 VUs, 2846 complete and 0 interrupted iterations
sudden_spike   [  25% ] 80/80 VUs  02m59.0s/12m00.0s

running (03m00.0s), 80/80 VUs, 2846 complete and 0 interrupted iterations
sudden_spike   [  25% ] 80/80 VUs  03m00.0s/12m00.0s

running (03m01.0s), 80/80 VUs, 2873 complete and 0 interrupted iterations
sudden_spike   [  25% ] 80/80 VUs  03m01.0s/12m00.0s

running (03m02.0s), 80/80 VUs, 2873 complete and 0 interrupted iterations
sudden_spike   [  25% ] 80/80 VUs  03m02.0s/12m00.0s

running (03m03.0s), 80/80 VUs, 2899 complete and 0 interrupted iterations
sudden_spike   [  25% ] 80/80 VUs  03m03.0s/12m00.0s

running (03m04.0s), 80/80 VUs, 2926 complete and 0 interrupted iterations
sudden_spike   [  26% ] 80/80 VUs  03m04.0s/12m00.0s

running (03m05.0s), 80/80 VUs, 2926 complete and 0 interrupted iterations
sudden_spike   [  26% ] 80/80 VUs  03m05.0s/12m00.0s

running (03m06.0s), 80/80 VUs, 2952 complete and 0 interrupted iterations
sudden_spike   [  26% ] 80/80 VUs  03m06.0s/12m00.0s

running (03m07.0s), 80/80 VUs, 2952 complete and 0 interrupted iterations
sudden_spike   [  26% ] 80/80 VUs  03m07.0s/12m00.0s

running (03m08.0s), 80/80 VUs, 2979 complete and 0 interrupted iterations
sudden_spike   [  26% ] 80/80 VUs  03m08.0s/12m00.0s

running (03m09.0s), 80/80 VUs, 2998 complete and 0 interrupted iterations
sudden_spike   [  26% ] 80/80 VUs  03m09.0s/12m00.0s

running (03m10.0s), 80/80 VUs, 3025 complete and 0 interrupted iterations
sudden_spike   [  26% ] 80/80 VUs  03m10.0s/12m00.0s

running (03m11.0s), 80/80 VUs, 3025 complete and 0 interrupted iterations
sudden_spike   [  27% ] 80/80 VUs  03m11.0s/12m00.0s

running (03m12.0s), 80/80 VUs, 3052 complete and 0 interrupted iterations
sudden_spike   [  27% ] 80/80 VUs  03m12.0s/12m00.0s

running (03m13.0s), 80/80 VUs, 3052 complete and 0 interrupted iterations
sudden_spike   [  27% ] 80/80 VUs  03m13.0s/12m00.0s

running (03m14.0s), 80/80 VUs, 3079 complete and 0 interrupted iterations
sudden_spike   [  27% ] 80/80 VUs  03m14.0s/12m00.0s

running (03m15.0s), 80/80 VUs, 3105 complete and 0 interrupted iterations
sudden_spike   [  27% ] 80/80 VUs  03m15.0s/12m00.0s

running (03m16.0s), 80/80 VUs, 3105 complete and 0 interrupted iterations
sudden_spike   [  27% ] 80/80 VUs  03m16.0s/12m00.0s

running (03m17.0s), 80/80 VUs, 3132 complete and 0 interrupted iterations
sudden_spike   [  27% ] 80/80 VUs  03m17.0s/12m00.0s

running (03m18.0s), 80/80 VUs, 3132 complete and 0 interrupted iterations
sudden_spike   [  27% ] 80/80 VUs  03m18.0s/12m00.0s

running (03m19.0s), 80/80 VUs, 3159 complete and 0 interrupted iterations
sudden_spike   [  28% ] 80/80 VUs  03m19.0s/12m00.0s

running (03m20.0s), 80/80 VUs, 3185 complete and 0 interrupted iterations
sudden_spike   [  28% ] 80/80 VUs  03m20.0s/12m00.0s

running (03m21.0s), 80/80 VUs, 3185 complete and 0 interrupted iterations
sudden_spike   [  28% ] 80/80 VUs  03m21.0s/12m00.0s

running (03m22.0s), 80/80 VUs, 3212 complete and 0 interrupted iterations
sudden_spike   [  28% ] 80/80 VUs  03m22.0s/12m00.0s

running (03m23.0s), 80/80 VUs, 3223 complete and 0 interrupted iterations
sudden_spike   [  28% ] 80/80 VUs  03m23.0s/12m00.0s

running (03m24.0s), 80/80 VUs, 3250 complete and 0 interrupted iterations
sudden_spike   [  28% ] 80/80 VUs  03m24.0s/12m00.0s

running (03m25.0s), 80/80 VUs, 3250 complete and 0 interrupted iterations
sudden_spike   [  28% ] 80/80 VUs  03m25.0s/12m00.0s

running (03m26.0s), 80/80 VUs, 3277 complete and 0 interrupted iterations
sudden_spike   [  29% ] 80/80 VUs  03m26.0s/12m00.0s

running (03m27.0s), 80/80 VUs, 3277 complete and 0 interrupted iterations
sudden_spike   [  29% ] 80/80 VUs  03m27.0s/12m00.0s

running (03m28.0s), 80/80 VUs, 3303 complete and 0 interrupted iterations
sudden_spike   [  29% ] 80/80 VUs  03m28.0s/12m00.0s

running (03m29.0s), 80/80 VUs, 3317 complete and 0 interrupted iterations
sudden_spike   [  29% ] 80/80 VUs  03m29.0s/12m00.0s

running (03m30.0s), 80/80 VUs, 3345 complete and 0 interrupted iterations
sudden_spike   [  29% ] 80/80 VUs  03m30.0s/12m00.0s

running (03m31.0s), 80/80 VUs, 3345 complete and 0 interrupted iterations
sudden_spike   [  29% ] 80/80 VUs  03m31.0s/12m00.0s

running (03m32.0s), 80/80 VUs, 3371 complete and 0 interrupted iterations
sudden_spike   [  29% ] 80/80 VUs  03m32.0s/12m00.0s

running (03m33.0s), 80/80 VUs, 3377 complete and 0 interrupted iterations
sudden_spike   [  30% ] 80/80 VUs  03m33.0s/12m00.0s

running (03m34.0s), 80/80 VUs, 3404 complete and 0 interrupted iterations
sudden_spike   [  30% ] 80/80 VUs  03m34.0s/12m00.0s

running (03m35.0s), 80/80 VUs, 3431 complete and 0 interrupted iterations
sudden_spike   [  30% ] 80/80 VUs  03m35.0s/12m00.0s

running (03m36.0s), 80/80 VUs, 3431 complete and 0 interrupted iterations
sudden_spike   [  30% ] 80/80 VUs  03m36.0s/12m00.0s

running (03m37.0s), 80/80 VUs, 3457 complete and 0 interrupted iterations
sudden_spike   [  30% ] 80/80 VUs  03m37.0s/12m00.0s

running (03m38.0s), 80/80 VUs, 3457 complete and 0 interrupted iterations
sudden_spike   [  30% ] 80/80 VUs  03m38.0s/12m00.0s

running (03m39.0s), 80/80 VUs, 3484 complete and 0 interrupted iterations
sudden_spike   [  30% ] 80/80 VUs  03m39.0s/12m00.0s

running (03m40.0s), 80/80 VUs, 3503 complete and 0 interrupted iterations
sudden_spike   [  31% ] 80/80 VUs  03m40.0s/12m00.0s

running (03m41.0s), 80/80 VUs, 3504 complete and 0 interrupted iterations
sudden_spike   [  31% ] 80/80 VUs  03m41.0s/12m00.0s

running (03m42.0s), 80/80 VUs, 3531 complete and 0 interrupted iterations
sudden_spike   [  31% ] 80/80 VUs  03m42.0s/12m00.0s

running (03m43.0s), 80/80 VUs, 3558 complete and 0 interrupted iterations
sudden_spike   [  31% ] 80/80 VUs  03m43.0s/12m00.0s

running (03m44.0s), 80/80 VUs, 3558 complete and 0 interrupted iterations
sudden_spike   [  31% ] 80/80 VUs  03m44.0s/12m00.0s

running (03m45.0s), 80/80 VUs, 3585 complete and 0 interrupted iterations
sudden_spike   [  31% ] 80/80 VUs  03m45.0s/12m00.0s

running (03m46.0s), 80/80 VUs, 3606 complete and 0 interrupted iterations
sudden_spike   [  31% ] 80/80 VUs  03m46.0s/12m00.0s

running (03m47.0s), 80/80 VUs, 3606 complete and 0 interrupted iterations
sudden_spike   [  32% ] 80/80 VUs  03m47.0s/12m00.0s

running (03m48.0s), 80/80 VUs, 3632 complete and 0 interrupted iterations
sudden_spike   [  32% ] 80/80 VUs  03m48.0s/12m00.0s

running (03m49.0s), 80/80 VUs, 3632 complete and 0 interrupted iterations
sudden_spike   [  32% ] 80/80 VUs  03m49.0s/12m00.0s

running (03m50.0s), 80/80 VUs, 3659 complete and 0 interrupted iterations
sudden_spike   [  32% ] 80/80 VUs  03m50.0s/12m00.0s

running (03m51.0s), 80/80 VUs, 3686 complete and 0 interrupted iterations
sudden_spike   [  32% ] 80/80 VUs  03m51.0s/12m00.0s

running (03m52.0s), 80/80 VUs, 3686 complete and 0 interrupted iterations
sudden_spike   [  32% ] 80/80 VUs  03m52.0s/12m00.0s

running (03m53.0s), 80/80 VUs, 3708 complete and 0 interrupted iterations
sudden_spike   [  32% ] 80/80 VUs  03m53.0s/12m00.0s

running (03m54.0s), 80/80 VUs, 3735 complete and 0 interrupted iterations
sudden_spike   [  32% ] 80/80 VUs  03m54.0s/12m00.0s

running (03m55.0s), 80/80 VUs, 3735 complete and 0 interrupted iterations
sudden_spike   [  33% ] 80/80 VUs  03m55.0s/12m00.0s

running (03m56.0s), 80/80 VUs, 3761 complete and 0 interrupted iterations
sudden_spike   [  33% ] 80/80 VUs  03m56.0s/12m00.0s

running (03m57.0s), 80/80 VUs, 3761 complete and 0 interrupted iterations
sudden_spike   [  33% ] 80/80 VUs  03m57.0s/12m00.0s

running (03m58.0s), 80/80 VUs, 3791 complete and 0 interrupted iterations
sudden_spike   [  33% ] 80/80 VUs  03m58.0s/12m00.0s

running (03m59.0s), 80/80 VUs, 3806 complete and 0 interrupted iterations
sudden_spike   [  33% ] 80/80 VUs  03m59.0s/12m00.0s

running (04m00.0s), 80/80 VUs, 3819 complete and 0 interrupted iterations
sudden_spike   [  33% ] 80/80 VUs  04m00.0s/12m00.0s

running (04m01.0s), 80/80 VUs, 3846 complete and 0 interrupted iterations
sudden_spike   [  33% ] 80/80 VUs  04m01.0s/12m00.0s

running (04m02.0s), 80/80 VUs, 3846 complete and 0 interrupted iterations
sudden_spike   [  34% ] 80/80 VUs  04m02.0s/12m00.0s

running (04m03.0s), 80/80 VUs, 3873 complete and 0 interrupted iterations
sudden_spike   [  34% ] 80/80 VUs  04m03.0s/12m00.0s

running (04m04.0s), 80/80 VUs, 3900 complete and 0 interrupted iterations
sudden_spike   [  34% ] 80/80 VUs  04m04.0s/12m00.0s

running (04m05.0s), 80/80 VUs, 3900 complete and 0 interrupted iterations
sudden_spike   [  34% ] 80/80 VUs  04m05.0s/12m00.0s

running (04m06.0s), 80/80 VUs, 3922 complete and 0 interrupted iterations
sudden_spike   [  34% ] 80/80 VUs  04m06.0s/12m00.0s

running (04m07.0s), 80/80 VUs, 3932 complete and 0 interrupted iterations
sudden_spike   [  34% ] 80/80 VUs  04m07.0s/12m00.0s

running (04m08.0s), 80/80 VUs, 3950 complete and 0 interrupted iterations
sudden_spike   [  34% ] 80/80 VUs  04m08.0s/12m00.0s

running (04m09.0s), 80/80 VUs, 3976 complete and 0 interrupted iterations
sudden_spike   [  35% ] 80/80 VUs  04m09.0s/12m00.0s

running (04m10.0s), 80/80 VUs, 3976 complete and 0 interrupted iterations
sudden_spike   [  35% ] 80/80 VUs  04m10.0s/12m00.0s

running (04m11.0s), 80/80 VUs, 4003 complete and 0 interrupted iterations
sudden_spike   [  35% ] 80/80 VUs  04m11.0s/12m00.0s

running (04m12.0s), 80/80 VUs, 4030 complete and 0 interrupted iterations
sudden_spike   [  35% ] 80/80 VUs  04m12.0s/12m00.0s

running (04m13.0s), 80/80 VUs, 4030 complete and 0 interrupted iterations
sudden_spike   [  35% ] 80/80 VUs  04m13.0s/12m00.0s

running (04m14.0s), 80/80 VUs, 4056 complete and 0 interrupted iterations
sudden_spike   [  35% ] 80/80 VUs  04m14.0s/12m00.0s

running (04m15.0s), 80/80 VUs, 4056 complete and 0 interrupted iterations
sudden_spike   [  35% ] 80/80 VUs  04m15.0s/12m00.0s

running (04m16.0s), 80/80 VUs, 4083 complete and 0 interrupted iterations
sudden_spike   [  36% ] 80/80 VUs  04m16.0s/12m00.0s

running (04m17.0s), 80/80 VUs, 4110 complete and 0 interrupted iterations
sudden_spike   [  36% ] 80/80 VUs  04m17.0s/12m00.0s

running (04m18.0s), 80/80 VUs, 4110 complete and 0 interrupted iterations
sudden_spike   [  36% ] 80/80 VUs  04m18.0s/12m00.0s

running (04m19.0s), 80/80 VUs, 4136 complete and 0 interrupted iterations
sudden_spike   [  36% ] 80/80 VUs  04m19.0s/12m00.0s

running (04m20.0s), 80/80 VUs, 4163 complete and 0 interrupted iterations
sudden_spike   [  36% ] 80/80 VUs  04m20.0s/12m00.0s

running (04m21.0s), 80/80 VUs, 4163 complete and 0 interrupted iterations
sudden_spike   [  36% ] 80/80 VUs  04m21.0s/12m00.0s

running (04m22.0s), 80/80 VUs, 4190 complete and 0 interrupted iterations
sudden_spike   [  36% ] 80/80 VUs  04m22.0s/12m00.0s

running (04m23.0s), 80/80 VUs, 4190 complete and 0 interrupted iterations
sudden_spike   [  37% ] 80/80 VUs  04m23.0s/12m00.0s

running (04m24.0s), 80/80 VUs, 4216 complete and 0 interrupted iterations
sudden_spike   [  37% ] 80/80 VUs  04m24.0s/12m00.0s

running (04m25.0s), 80/80 VUs, 4240 complete and 0 interrupted iterations
sudden_spike   [  37% ] 80/80 VUs  04m25.0s/12m00.0s

running (04m26.0s), 80/80 VUs, 4240 complete and 0 interrupted iterations
sudden_spike   [  37% ] 80/80 VUs  04m26.0s/12m00.0s

running (04m27.0s), 80/80 VUs, 4268 complete and 0 interrupted iterations
sudden_spike   [  37% ] 80/80 VUs  04m27.0s/12m00.0s

running (04m28.0s), 80/80 VUs, 4295 complete and 0 interrupted iterations
sudden_spike   [  37% ] 80/80 VUs  04m28.0s/12m00.0s

running (04m29.0s), 80/80 VUs, 4303 complete and 0 interrupted iterations
sudden_spike   [  37% ] 80/80 VUs  04m29.0s/12m00.0s

running (04m30.0s), 80/80 VUs, 4330 complete and 0 interrupted iterations
sudden_spike   [  37% ] 80/80 VUs  04m30.0s/12m00.0s

running (04m31.0s), 80/80 VUs, 4330 complete and 0 interrupted iterations
sudden_spike   [  38% ] 80/80 VUs  04m31.0s/12m00.0s

running (04m32.0s), 80/80 VUs, 4357 complete and 0 interrupted iterations
sudden_spike   [  38% ] 80/80 VUs  04m32.0s/12m00.0s

running (04m33.0s), 80/80 VUs, 4357 complete and 0 interrupted iterations
sudden_spike   [  38% ] 80/80 VUs  04m33.0s/12m00.0s

running (04m34.0s), 80/80 VUs, 4383 complete and 0 interrupted iterations
sudden_spike   [  38% ] 80/80 VUs  04m34.0s/12m00.0s

running (04m35.0s), 80/80 VUs, 4407 complete and 0 interrupted iterations
sudden_spike   [  38% ] 80/80 VUs  04m35.0s/12m00.0s

running (04m36.0s), 80/80 VUs, 4408 complete and 0 interrupted iterations
sudden_spike   [  38% ] 80/80 VUs  04m36.0s/12m00.0s

running (04m37.0s), 80/80 VUs, 4434 complete and 0 interrupted iterations
sudden_spike   [  38% ] 80/80 VUs  04m37.0s/12m00.0s

running (04m38.0s), 80/80 VUs, 4460 complete and 0 interrupted iterations
sudden_spike   [  39% ] 80/80 VUs  04m38.0s/12m00.0s

running (04m39.0s), 80/80 VUs, 4460 complete and 0 interrupted iterations
sudden_spike   [  39% ] 80/80 VUs  04m39.0s/12m00.0s

running (04m40.0s), 80/80 VUs, 4487 complete and 0 interrupted iterations
sudden_spike   [  39% ] 80/80 VUs  04m40.0s/12m00.0s

running (04m41.0s), 80/80 VUs, 4487 complete and 0 interrupted iterations
sudden_spike   [  39% ] 80/80 VUs  04m41.0s/12m00.0s

running (04m42.0s), 80/80 VUs, 4513 complete and 0 interrupted iterations
sudden_spike   [  39% ] 80/80 VUs  04m42.0s/12m00.0s

running (04m43.0s), 80/80 VUs, 4540 complete and 0 interrupted iterations
sudden_spike   [  39% ] 80/80 VUs  04m43.0s/12m00.0s

running (04m44.0s), 80/80 VUs, 4540 complete and 0 interrupted iterations
sudden_spike   [  39% ] 80/80 VUs  04m44.0s/12m00.0s

running (04m45.0s), 80/80 VUs, 4567 complete and 0 interrupted iterations
sudden_spike   [  40% ] 80/80 VUs  04m45.0s/12m00.0s

running (04m46.0s), 80/80 VUs, 4591 complete and 0 interrupted iterations
sudden_spike   [  40% ] 80/80 VUs  04m46.0s/12m00.0s

running (04m47.0s), 80/80 VUs, 4593 complete and 0 interrupted iterations
sudden_spike   [  40% ] 80/80 VUs  04m47.0s/12m00.0s

running (04m48.0s), 80/80 VUs, 4607 complete and 0 interrupted iterations
sudden_spike   [  40% ] 80/80 VUs  04m48.0s/12m00.0s

running (04m49.0s), 80/80 VUs, 4635 complete and 0 interrupted iterations
sudden_spike   [  40% ] 80/80 VUs  04m49.0s/12m00.0s

running (04m50.0s), 80/80 VUs, 4635 complete and 0 interrupted iterations
sudden_spike   [  40% ] 80/80 VUs  04m50.0s/12m00.0s

running (04m51.0s), 80/80 VUs, 4661 complete and 0 interrupted iterations
sudden_spike   [  40% ] 80/80 VUs  04m51.0s/12m00.0s

running (04m52.0s), 80/80 VUs, 4682 complete and 0 interrupted iterations
sudden_spike   [  41% ] 80/80 VUs  04m52.0s/12m00.0s

running (04m53.0s), 80/80 VUs, 4683 complete and 0 interrupted iterations
sudden_spike   [  41% ] 80/80 VUs  04m53.0s/12m00.0s

running (04m54.0s), 80/80 VUs, 4709 complete and 0 interrupted iterations
sudden_spike   [  41% ] 80/80 VUs  04m54.0s/12m00.0s

running (04m55.0s), 80/80 VUs, 4736 complete and 0 interrupted iterations
sudden_spike   [  41% ] 80/80 VUs  04m55.0s/12m00.0s

running (04m56.0s), 80/80 VUs, 4736 complete and 0 interrupted iterations
sudden_spike   [  41% ] 80/80 VUs  04m56.0s/12m00.0s

running (04m57.0s), 80/80 VUs, 4762 complete and 0 interrupted iterations
sudden_spike   [  41% ] 80/80 VUs  04m57.0s/12m00.0s

running (04m58.0s), 80/80 VUs, 4762 complete and 0 interrupted iterations
sudden_spike   [  41% ] 80/80 VUs  04m58.0s/12m00.0s

running (04m59.0s), 80/80 VUs, 4789 complete and 0 interrupted iterations
sudden_spike   [  42% ] 80/80 VUs  04m59.0s/12m00.0s

running (05m00.0s), 80/80 VUs, 4812 complete and 0 interrupted iterations
sudden_spike   [  42% ] 80/80 VUs  05m00.0s/12m00.0s

running (05m01.0s), 80/80 VUs, 4815 complete and 0 interrupted iterations
sudden_spike   [  42% ] 80/80 VUs  05m01.0s/12m00.0s

running (05m02.0s), 80/80 VUs, 4842 complete and 0 interrupted iterations
sudden_spike   [  42% ] 80/80 VUs  05m02.0s/12m00.0s

running (05m03.0s), 80/80 VUs, 4842 complete and 0 interrupted iterations
sudden_spike   [  42% ] 80/80 VUs  05m03.0s/12m00.0s

running (05m04.0s), 80/80 VUs, 4869 complete and 0 interrupted iterations
sudden_spike   [  42% ] 80/80 VUs  05m04.0s/12m00.0s

running (05m05.0s), 80/80 VUs, 4882 complete and 0 interrupted iterations
sudden_spike   [  42% ] 80/80 VUs  05m05.0s/12m00.0s

running (05m06.0s), 80/80 VUs, 4909 complete and 0 interrupted iterations
sudden_spike   [  42% ] 80/80 VUs  05m06.0s/12m00.0s

running (05m07.0s), 80/80 VUs, 4909 complete and 0 interrupted iterations
sudden_spike   [  43% ] 80/80 VUs  05m07.0s/12m00.0s

running (05m08.0s), 80/80 VUs, 4936 complete and 0 interrupted iterations
sudden_spike   [  43% ] 80/80 VUs  05m08.0s/12m00.0s

running (05m09.0s), 80/80 VUs, 4936 complete and 0 interrupted iterations
sudden_spike   [  43% ] 80/80 VUs  05m09.0s/12m00.0s

running (05m10.0s), 80/80 VUs, 4963 complete and 0 interrupted iterations
sudden_spike   [  43% ] 80/80 VUs  05m10.0s/12m00.0s

running (05m11.0s), 80/80 VUs, 4989 complete and 0 interrupted iterations
sudden_spike   [  43% ] 80/80 VUs  05m11.0s/12m00.0s

running (05m12.0s), 80/80 VUs, 4989 complete and 0 interrupted iterations
sudden_spike   [  43% ] 80/80 VUs  05m12.0s/12m00.0s

running (05m13.0s), 80/80 VUs, 5005 complete and 0 interrupted iterations
sudden_spike   [  43% ] 80/80 VUs  05m13.0s/12m00.0s

running (05m14.0s), 80/80 VUs, 5034 complete and 0 interrupted iterations
sudden_spike   [  44% ] 80/80 VUs  05m14.0s/12m00.0s

running (05m15.0s), 80/80 VUs, 5034 complete and 0 interrupted iterations
sudden_spike   [  44% ] 80/80 VUs  05m15.0s/12m00.0s

running (05m16.0s), 80/80 VUs, 5061 complete and 0 interrupted iterations
sudden_spike   [  44% ] 80/80 VUs  05m16.0s/12m00.0s

running (05m17.0s), 80/80 VUs, 5086 complete and 0 interrupted iterations
sudden_spike   [  44% ] 80/80 VUs  05m17.0s/12m00.0s

running (05m18.0s), 80/80 VUs, 5086 complete and 0 interrupted iterations
sudden_spike   [  44% ] 80/80 VUs  05m18.0s/12m00.0s

running (05m19.0s), 80/80 VUs, 5113 complete and 0 interrupted iterations
sudden_spike   [  44% ] 80/80 VUs  05m19.0s/12m00.0s

running (05m20.0s), 80/80 VUs, 5113 complete and 0 interrupted iterations
sudden_spike   [  44% ] 80/80 VUs  05m20.0s/12m00.0s

running (05m21.0s), 80/80 VUs, 5140 complete and 0 interrupted iterations
sudden_spike   [  45% ] 80/80 VUs  05m21.0s/12m00.0s

running (05m22.0s), 80/80 VUs, 5159 complete and 0 interrupted iterations
sudden_spike   [  45% ] 80/80 VUs  05m22.0s/12m00.0s

running (05m23.0s), 80/80 VUs, 5159 complete and 0 interrupted iterations
sudden_spike   [  45% ] 80/80 VUs  05m23.0s/12m00.0s

running (05m24.0s), 80/80 VUs, 5187 complete and 0 interrupted iterations
sudden_spike   [  45% ] 80/80 VUs  05m24.0s/12m00.0s

running (05m25.0s), 80/80 VUs, 5214 complete and 0 interrupted iterations
sudden_spike   [  45% ] 80/80 VUs  05m25.0s/12m00.0s

running (05m26.0s), 80/80 VUs, 5214 complete and 0 interrupted iterations
sudden_spike   [  45% ] 80/80 VUs  05m26.0s/12m00.0s

running (05m27.0s), 80/80 VUs, 5240 complete and 0 interrupted iterations
sudden_spike   [  45% ] 80/80 VUs  05m27.0s/12m00.0s

running (05m28.0s), 80/80 VUs, 5240 complete and 0 interrupted iterations
sudden_spike   [  46% ] 80/80 VUs  05m28.0s/12m00.0s

running (05m29.0s), 80/80 VUs, 5267 complete and 0 interrupted iterations
sudden_spike   [  46% ] 80/80 VUs  05m29.0s/12m00.0s

running (05m30.0s), 80/80 VUs, 5282 complete and 0 interrupted iterations
sudden_spike   [  46% ] 80/80 VUs  05m30.0s/12m00.0s

running (05m31.0s), 80/80 VUs, 5310 complete and 0 interrupted iterations
sudden_spike   [  46% ] 80/80 VUs  05m31.0s/12m00.0s

running (05m32.0s), 80/80 VUs, 5310 complete and 0 interrupted iterations
sudden_spike   [  46% ] 80/80 VUs  05m32.0s/12m00.0s

running (05m33.0s), 80/80 VUs, 5337 complete and 0 interrupted iterations
sudden_spike   [  46% ] 80/80 VUs  05m33.0s/12m00.0s

running (05m34.0s), 80/80 VUs, 5355 complete and 0 interrupted iterations
sudden_spike   [  46% ] 80/80 VUs  05m34.0s/12m00.0s

running (05m35.0s), 80/80 VUs, 5355 complete and 0 interrupted iterations
sudden_spike   [  47% ] 80/80 VUs  05m35.0s/12m00.0s

running (05m36.0s), 80/80 VUs, 5383 complete and 0 interrupted iterations
sudden_spike   [  47% ] 80/80 VUs  05m36.0s/12m00.0s

running (05m37.0s), 80/80 VUs, 5410 complete and 0 interrupted iterations
sudden_spike   [  47% ] 80/80 VUs  05m37.0s/12m00.0s

running (05m38.0s), 80/80 VUs, 5410 complete and 0 interrupted iterations
sudden_spike   [  47% ] 80/80 VUs  05m38.0s/12m00.0s

running (05m39.0s), 80/80 VUs, 5429 complete and 0 interrupted iterations
sudden_spike   [  47% ] 80/80 VUs  05m39.0s/12m00.0s

running (05m40.0s), 80/80 VUs, 5456 complete and 0 interrupted iterations
sudden_spike   [  47% ] 80/80 VUs  05m40.0s/12m00.0s

running (05m41.0s), 80/80 VUs, 5456 complete and 0 interrupted iterations
sudden_spike   [  47% ] 80/80 VUs  05m41.0s/12m00.0s

running (05m42.0s), 80/80 VUs, 5483 complete and 0 interrupted iterations
sudden_spike   [  47% ] 80/80 VUs  05m42.0s/12m00.0s

running (05m43.0s), 80/80 VUs, 5483 complete and 0 interrupted iterations
sudden_spike   [  48% ] 80/80 VUs  05m43.0s/12m00.0s

running (05m44.0s), 80/80 VUs, 5500 complete and 0 interrupted iterations
sudden_spike   [  48% ] 80/80 VUs  05m44.0s/12m00.0s

running (05m45.0s), 80/80 VUs, 5528 complete and 0 interrupted iterations
sudden_spike   [  48% ] 80/80 VUs  05m45.0s/12m00.0s

running (05m46.0s), 80/80 VUs, 5528 complete and 0 interrupted iterations
sudden_spike   [  48% ] 80/80 VUs  05m46.0s/12m00.0s

running (05m47.0s), 80/80 VUs, 5555 complete and 0 interrupted iterations
sudden_spike   [  48% ] 80/80 VUs  05m47.0s/12m00.0s

running (05m48.0s), 80/80 VUs, 5575 complete and 0 interrupted iterations
sudden_spike   [  48% ] 80/80 VUs  05m48.0s/12m00.0s

running (05m49.0s), 80/80 VUs, 5603 complete and 0 interrupted iterations
sudden_spike   [  48% ] 80/80 VUs  05m49.0s/12m00.0s

running (05m50.0s), 80/80 VUs, 5603 complete and 0 interrupted iterations
sudden_spike   [  49% ] 80/80 VUs  05m50.0s/12m00.0s

running (05m51.0s), 80/80 VUs, 5629 complete and 0 interrupted iterations
sudden_spike   [  49% ] 80/80 VUs  05m51.0s/12m00.0s

running (05m52.0s), 80/80 VUs, 5629 complete and 0 interrupted iterations
sudden_spike   [  49% ] 80/80 VUs  05m52.0s/12m00.0s

running (05m53.0s), 80/80 VUs, 5645 complete and 0 interrupted iterations
sudden_spike   [  49% ] 80/80 VUs  05m53.0s/12m00.0s

running (05m54.0s), 80/80 VUs, 5673 complete and 0 interrupted iterations
sudden_spike   [  49% ] 80/80 VUs  05m54.0s/12m00.0s

running (05m55.0s), 80/80 VUs, 5699 complete and 0 interrupted iterations
sudden_spike   [  49% ] 80/80 VUs  05m55.0s/12m00.0s

running (05m56.0s), 80/80 VUs, 5699 complete and 0 interrupted iterations
sudden_spike   [  49% ] 80/80 VUs  05m56.0s/12m00.0s

running (05m57.0s), 80/80 VUs, 5722 complete and 0 interrupted iterations
sudden_spike   [  50% ] 80/80 VUs  05m57.0s/12m00.0s

running (05m58.0s), 80/80 VUs, 5722 complete and 0 interrupted iterations
sudden_spike   [  50% ] 80/80 VUs  05m58.0s/12m00.0s

running (05m59.0s), 80/80 VUs, 5750 complete and 0 interrupted iterations
sudden_spike   [  50% ] 80/80 VUs  05m59.0s/12m00.0s

running (06m00.0s), 80/80 VUs, 5768 complete and 0 interrupted iterations
sudden_spike   [  50% ] 80/80 VUs  06m00.0s/12m00.0s

running (06m01.0s), 80/80 VUs, 5769 complete and 0 interrupted iterations
sudden_spike   [  50% ] 80/80 VUs  06m01.0s/12m00.0s

running (06m02.0s), 80/80 VUs, 5796 complete and 0 interrupted iterations
sudden_spike   [  50% ] 80/80 VUs  06m02.0s/12m00.0s

running (06m03.0s), 80/80 VUs, 5823 complete and 0 interrupted iterations
sudden_spike   [  50% ] 80/80 VUs  06m03.0s/12m00.0s

running (06m04.0s), 80/80 VUs, 5823 complete and 0 interrupted iterations
sudden_spike   [  51% ] 80/80 VUs  06m04.0s/12m00.0s

running (06m05.0s), 80/80 VUs, 5850 complete and 0 interrupted iterations
sudden_spike   [  51% ] 80/80 VUs  06m05.0s/12m00.0s

running (06m06.0s), 80/80 VUs, 5865 complete and 0 interrupted iterations
sudden_spike   [  51% ] 80/80 VUs  06m06.0s/12m00.0s

running (06m07.0s), 80/80 VUs, 5872 complete and 0 interrupted iterations
sudden_spike   [  51% ] 80/80 VUs  06m07.0s/12m00.0s

running (06m08.0s), 80/80 VUs, 5898 complete and 0 interrupted iterations
sudden_spike   [  51% ] 80/80 VUs  06m08.0s/12m00.0s

running (06m09.0s), 80/80 VUs, 5898 complete and 0 interrupted iterations
sudden_spike   [  51% ] 80/80 VUs  06m09.0s/12m00.0s

running (06m10.0s), 80/80 VUs, 5924 complete and 0 interrupted iterations
sudden_spike   [  51% ] 80/80 VUs  06m10.0s/12m00.0s

running (06m11.0s), 80/80 VUs, 5949 complete and 0 interrupted iterations
sudden_spike   [  52% ] 80/80 VUs  06m11.0s/12m00.0s

running (06m12.0s), 80/80 VUs, 5949 complete and 0 interrupted iterations
sudden_spike   [  52% ] 80/80 VUs  06m12.0s/12m00.0s

running (06m13.0s), 80/80 VUs, 5976 complete and 0 interrupted iterations
sudden_spike   [  52% ] 80/80 VUs  06m13.0s/12m00.0s

running (06m14.0s), 80/80 VUs, 5997 complete and 0 interrupted iterations
sudden_spike   [  52% ] 80/80 VUs  06m14.0s/12m00.0s

running (06m15.0s), 80/80 VUs, 5997 complete and 0 interrupted iterations
sudden_spike   [  52% ] 80/80 VUs  06m15.0s/12m00.0s

running (06m16.0s), 80/80 VUs, 6024 complete and 0 interrupted iterations
sudden_spike   [  52% ] 80/80 VUs  06m16.0s/12m00.0s

running (06m17.0s), 80/80 VUs, 6024 complete and 0 interrupted iterations
sudden_spike   [  52% ] 80/80 VUs  06m17.0s/12m00.0s

running (06m18.0s), 80/80 VUs, 6051 complete and 0 interrupted iterations
sudden_spike   [  52% ] 80/80 VUs  06m18.0s/12m00.0s

running (06m19.0s), 80/80 VUs, 6069 complete and 0 interrupted iterations
sudden_spike   [  53% ] 80/80 VUs  06m19.0s/12m00.0s

running (06m20.0s), 80/80 VUs, 6095 complete and 0 interrupted iterations
sudden_spike   [  53% ] 80/80 VUs  06m20.0s/12m00.0s

running (06m21.0s), 80/80 VUs, 6095 complete and 0 interrupted iterations
sudden_spike   [  53% ] 80/80 VUs  06m21.0s/12m00.0s

running (06m22.0s), 80/80 VUs, 6122 complete and 0 interrupted iterations
sudden_spike   [  53% ] 80/80 VUs  06m22.0s/12m00.0s

running (06m23.0s), 80/80 VUs, 6122 complete and 0 interrupted iterations
sudden_spike   [  53% ] 80/80 VUs  06m23.0s/12m00.0s

running (06m24.0s), 80/80 VUs, 6145 complete and 0 interrupted iterations
sudden_spike   [  53% ] 80/80 VUs  06m24.0s/12m00.0s

running (06m25.0s), 80/80 VUs, 6171 complete and 0 interrupted iterations
sudden_spike   [  53% ] 80/80 VUs  06m25.0s/12m00.0s

running (06m26.0s), 80/80 VUs, 6171 complete and 0 interrupted iterations
sudden_spike   [  54% ] 80/80 VUs  06m26.0s/12m00.0s

running (06m27.0s), 80/80 VUs, 6198 complete and 0 interrupted iterations
sudden_spike   [  54% ] 80/80 VUs  06m27.0s/12m00.0s

running (06m28.0s), 80/80 VUs, 6224 complete and 0 interrupted iterations
sudden_spike   [  54% ] 80/80 VUs  06m28.0s/12m00.0s

running (06m29.0s), 80/80 VUs, 6224 complete and 0 interrupted iterations
sudden_spike   [  54% ] 80/80 VUs  06m29.0s/12m00.0s

running (06m30.0s), 80/80 VUs, 6251 complete and 0 interrupted iterations
sudden_spike   [  54% ] 80/80 VUs  06m30.0s/12m00.0s

running (06m31.0s), 80/80 VUs, 6278 complete and 0 interrupted iterations
sudden_spike   [  54% ] 80/80 VUs  06m31.0s/12m00.0s

running (06m32.0s), 80/80 VUs, 6278 complete and 0 interrupted iterations
sudden_spike   [  54% ] 80/80 VUs  06m32.0s/12m00.0s

running (06m33.0s), 80/80 VUs, 6304 complete and 0 interrupted iterations
sudden_spike   [  55% ] 80/80 VUs  06m33.0s/12m00.0s

running (06m34.0s), 80/80 VUs, 6304 complete and 0 interrupted iterations
sudden_spike   [  55% ] 80/80 VUs  06m34.0s/12m00.0s

running (06m35.0s), 80/80 VUs, 6329 complete and 0 interrupted iterations
sudden_spike   [  55% ] 80/80 VUs  06m35.0s/12m00.0s

running (06m36.0s), 80/80 VUs, 6357 complete and 0 interrupted iterations
sudden_spike   [  55% ] 80/80 VUs  06m36.0s/12m00.0s

running (06m37.0s), 80/80 VUs, 6357 complete and 0 interrupted iterations
sudden_spike   [  55% ] 80/80 VUs  06m37.0s/12m00.0s

running (06m38.0s), 80/80 VUs, 6383 complete and 0 interrupted iterations
sudden_spike   [  55% ] 80/80 VUs  06m38.0s/12m00.0s

running (06m39.0s), 80/80 VUs, 6383 complete and 0 interrupted iterations
sudden_spike   [  55% ] 80/80 VUs  06m39.0s/12m00.0s

running (06m40.0s), 80/80 VUs, 6409 complete and 0 interrupted iterations
sudden_spike   [  56% ] 80/80 VUs  06m40.0s/12m00.0s

running (06m41.0s), 80/80 VUs, 6436 complete and 0 interrupted iterations
sudden_spike   [  56% ] 80/80 VUs  06m41.0s/12m00.0s

running (06m42.0s), 80/80 VUs, 6436 complete and 0 interrupted iterations
sudden_spike   [  56% ] 80/80 VUs  06m42.0s/12m00.0s

running (06m43.0s), 80/80 VUs, 6463 complete and 0 interrupted iterations
sudden_spike   [  56% ] 80/80 VUs  06m43.0s/12m00.0s

running (06m44.0s), 80/80 VUs, 6463 complete and 0 interrupted iterations
sudden_spike   [  56% ] 80/80 VUs  06m44.0s/12m00.0s

running (06m45.0s), 80/80 VUs, 6490 complete and 0 interrupted iterations
sudden_spike   [  56% ] 80/80 VUs  06m45.0s/12m00.0s

running (06m46.0s), 80/80 VUs, 6516 complete and 0 interrupted iterations
sudden_spike   [  56% ] 80/80 VUs  06m46.0s/12m00.0s

running (06m47.0s), 80/80 VUs, 6516 complete and 0 interrupted iterations
sudden_spike   [  57% ] 80/80 VUs  06m47.0s/12m00.0s

running (06m48.0s), 80/80 VUs, 6543 complete and 0 interrupted iterations
sudden_spike   [  57% ] 80/80 VUs  06m48.0s/12m00.0s

running (06m49.0s), 80/80 VUs, 6543 complete and 0 interrupted iterations
sudden_spike   [  57% ] 80/80 VUs  06m49.0s/12m00.0s

running (06m50.0s), 80/80 VUs, 6568 complete and 0 interrupted iterations
sudden_spike   [  57% ] 80/80 VUs  06m50.0s/12m00.0s

running (06m51.0s), 80/80 VUs, 6594 complete and 0 interrupted iterations
sudden_spike   [  57% ] 80/80 VUs  06m51.0s/12m00.0s

running (06m52.0s), 80/80 VUs, 6594 complete and 0 interrupted iterations
sudden_spike   [  57% ] 80/80 VUs  06m52.0s/12m00.0s

running (06m53.0s), 80/80 VUs, 6621 complete and 0 interrupted iterations
sudden_spike   [  57% ] 80/80 VUs  06m53.0s/12m00.0s

running (06m54.0s), 80/80 VUs, 6621 complete and 0 interrupted iterations
sudden_spike   [  57% ] 80/80 VUs  06m54.0s/12m00.0s

running (06m55.0s), 80/80 VUs, 6648 complete and 0 interrupted iterations
sudden_spike   [  58% ] 80/80 VUs  06m55.0s/12m00.0s

running (06m56.0s), 80/80 VUs, 6674 complete and 0 interrupted iterations
sudden_spike   [  58% ] 80/80 VUs  06m56.0s/12m00.0s

running (06m57.0s), 80/80 VUs, 6674 complete and 0 interrupted iterations
sudden_spike   [  58% ] 80/80 VUs  06m57.0s/12m00.0s

running (06m58.0s), 80/80 VUs, 6701 complete and 0 interrupted iterations
sudden_spike   [  58% ] 80/80 VUs  06m58.0s/12m00.0s

running (06m59.0s), 80/80 VUs, 6728 complete and 0 interrupted iterations
sudden_spike   [  58% ] 80/80 VUs  06m59.0s/12m00.0s

running (07m00.0s), 80/80 VUs, 6728 complete and 0 interrupted iterations
sudden_spike   [  58% ] 80/80 VUs  07m00.0s/12m00.0s

running (07m01.0s), 80/80 VUs, 6754 complete and 0 interrupted iterations
sudden_spike   [  58% ] 80/80 VUs  07m01.0s/12m00.0s

running (07m02.0s), 80/80 VUs, 6765 complete and 0 interrupted iterations
sudden_spike   [  59% ] 80/80 VUs  07m02.0s/12m00.0s

running (07m03.0s), 80/80 VUs, 6793 complete and 0 interrupted iterations
sudden_spike   [  59% ] 80/80 VUs  07m03.0s/12m00.0s

running (07m04.0s), 80/80 VUs, 6793 complete and 0 interrupted iterations
sudden_spike   [  59% ] 80/80 VUs  07m04.0s/12m00.0s

running (07m05.0s), 80/80 VUs, 6820 complete and 0 interrupted iterations
sudden_spike   [  59% ] 80/80 VUs  07m05.0s/12m00.0s

running (07m06.0s), 80/80 VUs, 6820 complete and 0 interrupted iterations
sudden_spike   [  59% ] 80/80 VUs  07m06.0s/12m00.0s

running (07m07.0s), 80/80 VUs, 6846 complete and 0 interrupted iterations
sudden_spike   [  59% ] 80/80 VUs  07m07.0s/12m00.0s

running (07m08.0s), 80/80 VUs, 6873 complete and 0 interrupted iterations
sudden_spike   [  59% ] 80/80 VUs  07m08.0s/12m00.0s

running (07m09.0s), 80/80 VUs, 6873 complete and 0 interrupted iterations
sudden_spike   [  60% ] 80/80 VUs  07m09.0s/12m00.0s

running (07m10.0s), 80/80 VUs, 6900 complete and 0 interrupted iterations
sudden_spike   [  60% ] 80/80 VUs  07m10.0s/12m00.0s

running (07m11.0s), 80/80 VUs, 6900 complete and 0 interrupted iterations
sudden_spike   [  60% ] 80/80 VUs  07m11.0s/12m00.0s

running (07m12.0s), 80/80 VUs, 6926 complete and 0 interrupted iterations
sudden_spike   [  60% ] 80/80 VUs  07m12.0s/12m00.0s

running (07m13.0s), 80/80 VUs, 6953 complete and 0 interrupted iterations
sudden_spike   [  60% ] 80/80 VUs  07m13.0s/12m00.0s

running (07m14.0s), 80/80 VUs, 6953 complete and 0 interrupted iterations
sudden_spike   [  60% ] 80/80 VUs  07m14.0s/12m00.0s

running (07m15.0s), 80/80 VUs, 6979 complete and 0 interrupted iterations
sudden_spike   [  60% ] 80/80 VUs  07m15.0s/12m00.0s

running (07m16.0s), 80/80 VUs, 6979 complete and 0 interrupted iterations
sudden_spike   [  61% ] 80/80 VUs  07m16.0s/12m00.0s

running (07m17.0s), 80/80 VUs, 7003 complete and 0 interrupted iterations
sudden_spike   [  61% ] 80/80 VUs  07m17.0s/12m00.0s

running (07m18.0s), 80/80 VUs, 7032 complete and 0 interrupted iterations
sudden_spike   [  61% ] 80/80 VUs  07m18.0s/12m00.0s

running (07m19.0s), 80/80 VUs, 7032 complete and 0 interrupted iterations
sudden_spike   [  61% ] 80/80 VUs  07m19.0s/12m00.0s

running (07m20.0s), 80/80 VUs, 7058 complete and 0 interrupted iterations
sudden_spike   [  61% ] 80/80 VUs  07m20.0s/12m00.0s

running (07m21.0s), 80/80 VUs, 7058 complete and 0 interrupted iterations
sudden_spike   [  61% ] 80/80 VUs  07m21.0s/12m00.0s

running (07m22.0s), 80/80 VUs, 7085 complete and 0 interrupted iterations
sudden_spike   [  61% ] 80/80 VUs  07m22.0s/12m00.0s

running (07m23.0s), 80/80 VUs, 7109 complete and 0 interrupted iterations
sudden_spike   [  62% ] 80/80 VUs  07m23.0s/12m00.0s

running (07m24.0s), 80/80 VUs, 7109 complete and 0 interrupted iterations
sudden_spike   [  62% ] 80/80 VUs  07m24.0s/12m00.0s

running (07m25.0s), 80/80 VUs, 7136 complete and 0 interrupted iterations
sudden_spike   [  62% ] 80/80 VUs  07m25.0s/12m00.0s

running (07m26.0s), 80/80 VUs, 7163 complete and 0 interrupted iterations
sudden_spike   [  62% ] 80/80 VUs  07m26.0s/12m00.0s

running (07m27.0s), 80/80 VUs, 7163 complete and 0 interrupted iterations
sudden_spike   [  62% ] 80/80 VUs  07m27.0s/12m00.0s

running (07m28.0s), 80/80 VUs, 7190 complete and 0 interrupted iterations
sudden_spike   [  62% ] 80/80 VUs  07m28.0s/12m00.0s

running (07m29.0s), 80/80 VUs, 7190 complete and 0 interrupted iterations
sudden_spike   [  62% ] 80/80 VUs  07m29.0s/12m00.0s

running (07m30.0s), 80/80 VUs, 7216 complete and 0 interrupted iterations
sudden_spike   [  62% ] 80/80 VUs  07m30.0s/12m00.0s

running (07m31.0s), 80/80 VUs, 7242 complete and 0 interrupted iterations
sudden_spike   [  63% ] 80/80 VUs  07m31.0s/12m00.0s

running (07m32.0s), 80/80 VUs, 7242 complete and 0 interrupted iterations
sudden_spike   [  63% ] 80/80 VUs  07m32.0s/12m00.0s

running (07m33.0s), 80/80 VUs, 7269 complete and 0 interrupted iterations
sudden_spike   [  63% ] 80/80 VUs  07m33.0s/12m00.0s

running (07m34.0s), 80/80 VUs, 7269 complete and 0 interrupted iterations
sudden_spike   [  63% ] 80/80 VUs  07m34.0s/12m00.0s

running (07m35.0s), 80/80 VUs, 7296 complete and 0 interrupted iterations
sudden_spike   [  63% ] 80/80 VUs  07m35.0s/12m00.0s

running (07m36.0s), 80/80 VUs, 7322 complete and 0 interrupted iterations
sudden_spike   [  63% ] 80/80 VUs  07m36.0s/12m00.0s

running (07m37.0s), 80/80 VUs, 7322 complete and 0 interrupted iterations
sudden_spike   [  63% ] 80/80 VUs  07m37.0s/12m00.0s

running (07m38.0s), 80/80 VUs, 7349 complete and 0 interrupted iterations
sudden_spike   [  64% ] 80/80 VUs  07m38.0s/12m00.0s

running (07m39.0s), 80/80 VUs, 7349 complete and 0 interrupted iterations
sudden_spike   [  64% ] 80/80 VUs  07m39.0s/12m00.0s

running (07m40.0s), 80/80 VUs, 7370 complete and 0 interrupted iterations
sudden_spike   [  64% ] 80/80 VUs  07m40.0s/12m00.0s

running (07m41.0s), 80/80 VUs, 7398 complete and 0 interrupted iterations
sudden_spike   [  64% ] 80/80 VUs  07m41.0s/12m00.0s

running (07m42.0s), 80/80 VUs, 7398 complete and 0 interrupted iterations
sudden_spike   [  64% ] 80/80 VUs  07m42.0s/12m00.0s

running (07m43.0s), 80/80 VUs, 7425 complete and 0 interrupted iterations
sudden_spike   [  64% ] 80/80 VUs  07m43.0s/12m00.0s

running (07m44.0s), 80/80 VUs, 7452 complete and 0 interrupted iterations
sudden_spike   [  64% ] 80/80 VUs  07m44.0s/12m00.0s

running (07m45.0s), 80/80 VUs, 7452 complete and 0 interrupted iterations
sudden_spike   [  65% ] 80/80 VUs  07m45.0s/12m00.0s

running (07m46.0s), 80/80 VUs, 7478 complete and 0 interrupted iterations
sudden_spike   [  65% ] 80/80 VUs  07m46.0s/12m00.0s

running (07m47.0s), 80/80 VUs, 7488 complete and 0 interrupted iterations
sudden_spike   [  65% ] 80/80 VUs  07m47.0s/12m00.0s

running (07m48.0s), 80/80 VUs, 7518 complete and 0 interrupted iterations
sudden_spike   [  65% ] 80/80 VUs  07m48.0s/12m00.0s

running (07m49.0s), 80/80 VUs, 7518 complete and 0 interrupted iterations
sudden_spike   [  65% ] 80/80 VUs  07m49.0s/12m00.0s

running (07m50.0s), 80/80 VUs, 7545 complete and 0 interrupted iterations
sudden_spike   [  65% ] 80/80 VUs  07m50.0s/12m00.0s

running (07m51.0s), 80/80 VUs, 7563 complete and 0 interrupted iterations
sudden_spike   [  65% ] 80/80 VUs  07m51.0s/12m00.0s

running (07m52.0s), 80/80 VUs, 7563 complete and 0 interrupted iterations
sudden_spike   [  66% ] 80/80 VUs  07m52.0s/12m00.0s

running (07m53.0s), 80/80 VUs, 7590 complete and 0 interrupted iterations
sudden_spike   [  66% ] 80/80 VUs  07m53.0s/12m00.0s

running (07m54.0s), 80/80 VUs, 7617 complete and 0 interrupted iterations
sudden_spike   [  66% ] 80/80 VUs  07m54.0s/12m00.0s

running (07m55.0s), 80/80 VUs, 7617 complete and 0 interrupted iterations
sudden_spike   [  66% ] 80/80 VUs  07m55.0s/12m00.0s

running (07m56.0s), 80/80 VUs, 7638 complete and 0 interrupted iterations
sudden_spike   [  66% ] 80/80 VUs  07m56.0s/12m00.0s

running (07m57.0s), 80/80 VUs, 7638 complete and 0 interrupted iterations
sudden_spike   [  66% ] 80/80 VUs  07m57.0s/12m00.0s

running (07m58.0s), 80/80 VUs, 7666 complete and 0 interrupted iterations
sudden_spike   [  66% ] 80/80 VUs  07m58.0s/12m00.0s

running (07m59.0s), 80/80 VUs, 7693 complete and 0 interrupted iterations
sudden_spike   [  67% ] 80/80 VUs  07m59.0s/12m00.0s

running (08m00.0s), 80/80 VUs, 7693 complete and 0 interrupted iterations
sudden_spike   [  67% ] 80/80 VUs  08m00.0s/12m00.0s

running (08m01.0s), 80/80 VUs, 7717 complete and 0 interrupted iterations
sudden_spike   [  67% ] 80/80 VUs  08m01.0s/12m00.0s

running (08m02.0s), 80/80 VUs, 7744 complete and 0 interrupted iterations
sudden_spike   [  67% ] 80/80 VUs  08m02.0s/12m00.0s

running (08m03.0s), 80/80 VUs, 7744 complete and 0 interrupted iterations
sudden_spike   [  67% ] 80/80 VUs  08m03.0s/12m00.0s

running (08m04.0s), 80/80 VUs, 7770 complete and 0 interrupted iterations
sudden_spike   [  67% ] 80/80 VUs  08m04.0s/12m00.0s

running (08m05.0s), 80/80 VUs, 7780 complete and 0 interrupted iterations
sudden_spike   [  67% ] 80/80 VUs  08m05.0s/12m00.0s

running (08m06.0s), 80/80 VUs, 7800 complete and 0 interrupted iterations
sudden_spike   [  67% ] 80/80 VUs  08m06.0s/12m00.0s

running (08m07.0s), 80/80 VUs, 7809 complete and 0 interrupted iterations
sudden_spike   [  68% ] 80/80 VUs  08m07.0s/12m00.0s

running (08m08.0s), 80/80 VUs, 7836 complete and 0 interrupted iterations
sudden_spike   [  68% ] 80/80 VUs  08m08.0s/12m00.0s

running (08m09.0s), 80/80 VUs, 7836 complete and 0 interrupted iterations
sudden_spike   [  68% ] 80/80 VUs  08m09.0s/12m00.0s

running (08m10.0s), 80/80 VUs, 7863 complete and 0 interrupted iterations
sudden_spike   [  68% ] 80/80 VUs  08m10.0s/12m00.0s

running (08m11.0s), 80/80 VUs, 7863 complete and 0 interrupted iterations
sudden_spike   [  68% ] 80/80 VUs  08m11.0s/12m00.0s

running (08m12.0s), 80/80 VUs, 7886 complete and 0 interrupted iterations
sudden_spike   [  68% ] 80/80 VUs  08m12.0s/12m00.0s

running (08m13.0s), 80/80 VUs, 7914 complete and 0 interrupted iterations
sudden_spike   [  68% ] 80/80 VUs  08m13.0s/12m00.0s

running (08m14.0s), 80/80 VUs, 7914 complete and 0 interrupted iterations
sudden_spike   [  69% ] 80/80 VUs  08m14.0s/12m00.0s

running (08m15.0s), 80/80 VUs, 7940 complete and 0 interrupted iterations
sudden_spike   [  69% ] 80/80 VUs  08m15.0s/12m00.0s

running (08m16.0s), 80/80 VUs, 7967 complete and 0 interrupted iterations
sudden_spike   [  69% ] 80/80 VUs  08m16.0s/12m00.0s

running (08m17.0s), 80/80 VUs, 7967 complete and 0 interrupted iterations
sudden_spike   [  69% ] 80/80 VUs  08m17.0s/12m00.0s

running (08m18.0s), 80/80 VUs, 7994 complete and 0 interrupted iterations
sudden_spike   [  69% ] 80/80 VUs  08m18.0s/12m00.0s

running (08m19.0s), 80/80 VUs, 7994 complete and 0 interrupted iterations
sudden_spike   [  69% ] 80/80 VUs  08m19.0s/12m00.0s

running (08m20.0s), 80/80 VUs, 8020 complete and 0 interrupted iterations
sudden_spike   [  69% ] 80/80 VUs  08m20.0s/12m00.0s

running (08m21.0s), 80/80 VUs, 8047 complete and 0 interrupted iterations
sudden_spike   [  70% ] 80/80 VUs  08m21.0s/12m00.0s

running (08m22.0s), 80/80 VUs, 8047 complete and 0 interrupted iterations
sudden_spike   [  70% ] 80/80 VUs  08m22.0s/12m00.0s

running (08m23.0s), 80/80 VUs, 8074 complete and 0 interrupted iterations
sudden_spike   [  70% ] 80/80 VUs  08m23.0s/12m00.0s

running (08m24.0s), 80/80 VUs, 8074 complete and 0 interrupted iterations
sudden_spike   [  70% ] 80/80 VUs  08m24.0s/12m00.0s

running (08m25.0s), 80/80 VUs, 8100 complete and 0 interrupted iterations
sudden_spike   [  70% ] 80/80 VUs  08m25.0s/12m00.0s

running (08m26.0s), 80/80 VUs, 8127 complete and 0 interrupted iterations
sudden_spike   [  70% ] 80/80 VUs  08m26.0s/12m00.0s

running (08m27.0s), 80/80 VUs, 8127 complete and 0 interrupted iterations
sudden_spike   [  70% ] 80/80 VUs  08m27.0s/12m00.0s

running (08m28.0s), 80/80 VUs, 8151 complete and 0 interrupted iterations
sudden_spike   [  71% ] 80/80 VUs  08m28.0s/12m00.0s

running (08m29.0s), 80/80 VUs, 8151 complete and 0 interrupted iterations
sudden_spike   [  71% ] 80/80 VUs  08m29.0s/12m00.0s

running (08m30.0s), 80/80 VUs, 8177 complete and 0 interrupted iterations
sudden_spike   [  71% ] 80/80 VUs  08m30.0s/12m00.0s

running (08m31.0s), 80/80 VUs, 8204 complete and 0 interrupted iterations
sudden_spike   [  71% ] 80/80 VUs  08m31.0s/12m00.0s

running (08m32.0s), 80/80 VUs, 8204 complete and 0 interrupted iterations
sudden_spike   [  71% ] 80/80 VUs  08m32.0s/12m00.0s

running (08m33.0s), 80/80 VUs, 8231 complete and 0 interrupted iterations
sudden_spike   [  71% ] 80/80 VUs  08m33.0s/12m00.0s

running (08m34.0s), 80/80 VUs, 8231 complete and 0 interrupted iterations
sudden_spike   [  71% ] 80/80 VUs  08m34.0s/12m00.0s

running (08m35.0s), 80/80 VUs, 8257 complete and 0 interrupted iterations
sudden_spike   [  72% ] 80/80 VUs  08m35.0s/12m00.0s

running (08m36.0s), 80/80 VUs, 8284 complete and 0 interrupted iterations
sudden_spike   [  72% ] 80/80 VUs  08m36.0s/12m00.0s

running (08m37.0s), 80/80 VUs, 8292 complete and 0 interrupted iterations
sudden_spike   [  72% ] 80/80 VUs  08m37.0s/12m00.0s

running (08m38.0s), 80/80 VUs, 8319 complete and 0 interrupted iterations
sudden_spike   [  72% ] 80/80 VUs  08m38.0s/12m00.0s

running (08m39.0s), 80/80 VUs, 8319 complete and 0 interrupted iterations
sudden_spike   [  72% ] 80/80 VUs  08m39.0s/12m00.0s

running (08m40.0s), 80/80 VUs, 8345 complete and 0 interrupted iterations
sudden_spike   [  72% ] 80/80 VUs  08m40.0s/12m00.0s

running (08m41.0s), 80/80 VUs, 8356 complete and 0 interrupted iterations
sudden_spike   [  72% ] 80/80 VUs  08m41.0s/12m00.0s

running (08m42.0s), 80/80 VUs, 8375 complete and 0 interrupted iterations
sudden_spike   [  72% ] 80/80 VUs  08m42.0s/12m00.0s

running (08m43.0s), 80/80 VUs, 8384 complete and 0 interrupted iterations
sudden_spike   [  73% ] 80/80 VUs  08m43.0s/12m00.0s

running (08m44.0s), 80/80 VUs, 8411 complete and 0 interrupted iterations
sudden_spike   [  73% ] 80/80 VUs  08m44.0s/12m00.0s

running (08m45.0s), 80/80 VUs, 8411 complete and 0 interrupted iterations
sudden_spike   [  73% ] 80/80 VUs  08m45.0s/12m00.0s

running (08m46.0s), 80/80 VUs, 8426 complete and 0 interrupted iterations
sudden_spike   [  73% ] 80/80 VUs  08m46.0s/12m00.0s

running (08m47.0s), 80/80 VUs, 8455 complete and 0 interrupted iterations
sudden_spike   [  73% ] 80/80 VUs  08m47.0s/12m00.0s

running (08m48.0s), 80/80 VUs, 8455 complete and 0 interrupted iterations
sudden_spike   [  73% ] 80/80 VUs  08m48.0s/12m00.0s

running (08m49.0s), 80/80 VUs, 8482 complete and 0 interrupted iterations
sudden_spike   [  73% ] 80/80 VUs  08m49.0s/12m00.0s

running (08m50.0s), 80/80 VUs, 8509 complete and 0 interrupted iterations
sudden_spike   [  74% ] 80/80 VUs  08m50.0s/12m00.0s

running (08m51.0s), 80/80 VUs, 8509 complete and 0 interrupted iterations
sudden_spike   [  74% ] 80/80 VUs  08m51.0s/12m00.0s

running (08m52.0s), 80/80 VUs, 8535 complete and 0 interrupted iterations
sudden_spike   [  74% ] 80/80 VUs  08m52.0s/12m00.0s

running (08m53.0s), 80/80 VUs, 8535 complete and 0 interrupted iterations
sudden_spike   [  74% ] 80/80 VUs  08m53.0s/12m00.0s

running (08m54.0s), 80/80 VUs, 8562 complete and 0 interrupted iterations
sudden_spike   [  74% ] 80/80 VUs  08m54.0s/12m00.0s

running (08m55.0s), 80/80 VUs, 8575 complete and 0 interrupted iterations
sudden_spike   [  74% ] 80/80 VUs  08m55.0s/12m00.0s

running (08m56.0s), 80/80 VUs, 8604 complete and 0 interrupted iterations
sudden_spike   [  74% ] 80/80 VUs  08m56.0s/12m00.0s

running (08m57.0s), 80/80 VUs, 8604 complete and 0 interrupted iterations
sudden_spike   [  75% ] 80/80 VUs  08m57.0s/12m00.0s

running (08m58.0s), 80/80 VUs, 8631 complete and 0 interrupted iterations
sudden_spike   [  75% ] 80/80 VUs  08m58.0s/12m00.0s

running (08m59.0s), 80/80 VUs, 8651 complete and 0 interrupted iterations
sudden_spike   [  75% ] 80/80 VUs  08m59.0s/12m00.0s

running (09m00.0s), 80/80 VUs, 8653 complete and 0 interrupted iterations
sudden_spike   [  75% ] 80/80 VUs  09m00.0s/12m00.0s

running (09m01.0s), 80/80 VUs, 8681 complete and 0 interrupted iterations
sudden_spike   [  75% ] 80/80 VUs  09m01.0s/12m00.0s

running (09m02.0s), 80/80 VUs, 8681 complete and 0 interrupted iterations
sudden_spike   [  75% ] 80/80 VUs  09m02.0s/12m00.0s

running (09m03.0s), 80/80 VUs, 8708 complete and 0 interrupted iterations
sudden_spike   [  75% ] 80/80 VUs  09m03.0s/12m00.0s

running (09m04.0s), 80/80 VUs, 8735 complete and 0 interrupted iterations
sudden_spike   [  76% ] 80/80 VUs  09m04.0s/12m00.0s

running (09m05.0s), 80/80 VUs, 8735 complete and 0 interrupted iterations
sudden_spike   [  76% ] 80/80 VUs  09m05.0s/12m00.0s

running (09m06.0s), 80/80 VUs, 8761 complete and 0 interrupted iterations
sudden_spike   [  76% ] 80/80 VUs  09m06.0s/12m00.0s

running (09m07.0s), 77/80 VUs, 8780 complete and 0 interrupted iterations
sudden_spike   [  76% ] 77/80 VUs  09m07.0s/12m00.0s

running (09m08.0s), 77/80 VUs, 8780 complete and 0 interrupted iterations
sudden_spike   [  76% ] 77/80 VUs  09m08.0s/12m00.0s

running (09m09.0s), 77/80 VUs, 8807 complete and 0 interrupted iterations
sudden_spike   [  76% ] 77/80 VUs  09m09.0s/12m00.0s

running (09m10.0s), 77/80 VUs, 8834 complete and 0 interrupted iterations
sudden_spike   [  76% ] 77/80 VUs  09m10.0s/12m00.0s

running (09m11.0s), 77/80 VUs, 8834 complete and 0 interrupted iterations
sudden_spike   [  77% ] 77/80 VUs  09m11.0s/12m00.0s

running (09m12.0s), 76/80 VUs, 8861 complete and 0 interrupted iterations
sudden_spike   [  77% ] 76/80 VUs  09m12.0s/12m00.0s

running (09m13.0s), 75/80 VUs, 8882 complete and 0 interrupted iterations
sudden_spike   [  77% ] 75/80 VUs  09m13.0s/12m00.0s

running (09m14.0s), 75/80 VUs, 8887 complete and 0 interrupted iterations
sudden_spike   [  77% ] 75/80 VUs  09m14.0s/12m00.0s

running (09m15.0s), 75/80 VUs, 8911 complete and 0 interrupted iterations
sudden_spike   [  77% ] 75/80 VUs  09m15.0s/12m00.0s

running (09m16.0s), 75/80 VUs, 8939 complete and 0 interrupted iterations
sudden_spike   [  77% ] 75/80 VUs  09m16.0s/12m00.0s

running (09m17.0s), 75/80 VUs, 8939 complete and 0 interrupted iterations
sudden_spike   [  77% ] 75/80 VUs  09m17.0s/12m00.0s

running (09m18.0s), 74/80 VUs, 8965 complete and 0 interrupted iterations
sudden_spike   [  77% ] 74/80 VUs  09m18.0s/12m00.0s

running (09m19.0s), 73/80 VUs, 8985 complete and 0 interrupted iterations
sudden_spike   [  78% ] 73/80 VUs  09m19.0s/12m00.0s

running (09m20.0s), 73/80 VUs, 9012 complete and 0 interrupted iterations
sudden_spike   [  78% ] 73/80 VUs  09m20.0s/12m00.0s

running (09m21.0s), 73/80 VUs, 9012 complete and 0 interrupted iterations
sudden_spike   [  78% ] 73/80 VUs  09m21.0s/12m00.0s

running (09m22.0s), 71/80 VUs, 9039 complete and 0 interrupted iterations
sudden_spike   [  78% ] 71/80 VUs  09m22.0s/12m00.0s

running (09m23.0s), 71/80 VUs, 9066 complete and 0 interrupted iterations
sudden_spike   [  78% ] 71/80 VUs  09m23.0s/12m00.0s

running (09m24.0s), 71/80 VUs, 9066 complete and 0 interrupted iterations
sudden_spike   [  78% ] 71/80 VUs  09m24.0s/12m00.0s

running (09m25.0s), 70/80 VUs, 9092 complete and 0 interrupted iterations
sudden_spike   [  78% ] 70/80 VUs  09m25.0s/12m00.0s

running (09m26.0s), 70/80 VUs, 9119 complete and 0 interrupted iterations
sudden_spike   [  79% ] 70/80 VUs  09m26.0s/12m00.0s

running (09m27.0s), 69/80 VUs, 9146 complete and 0 interrupted iterations
sudden_spike   [  79% ] 69/80 VUs  09m27.0s/12m00.0s

running (09m28.0s), 69/80 VUs, 9153 complete and 0 interrupted iterations
sudden_spike   [  79% ] 69/80 VUs  09m28.0s/12m00.0s

running (09m29.0s), 69/80 VUs, 9167 complete and 0 interrupted iterations
sudden_spike   [  79% ] 69/80 VUs  09m29.0s/12m00.0s

running (09m30.0s), 69/80 VUs, 9195 complete and 0 interrupted iterations
sudden_spike   [  79% ] 69/80 VUs  09m30.0s/12m00.0s

running (09m31.0s), 68/80 VUs, 9221 complete and 0 interrupted iterations
sudden_spike   [  79% ] 68/80 VUs  09m31.0s/12m00.0s

running (09m32.0s), 68/80 VUs, 9248 complete and 0 interrupted iterations
sudden_spike   [  79% ] 68/80 VUs  09m32.0s/12m00.0s

running (09m33.0s), 67/80 VUs, 9275 complete and 0 interrupted iterations
sudden_spike   [  80% ] 67/80 VUs  09m33.0s/12m00.0s

running (09m34.0s), 67/80 VUs, 9275 complete and 0 interrupted iterations
sudden_spike   [  80% ] 67/80 VUs  09m34.0s/12m00.0s

running (09m35.0s), 66/80 VUs, 9301 complete and 0 interrupted iterations
sudden_spike   [  80% ] 66/80 VUs  09m35.0s/12m00.0s

running (09m36.0s), 65/80 VUs, 9328 complete and 0 interrupted iterations
sudden_spike   [  80% ] 65/80 VUs  09m36.0s/12m00.0s

running (09m37.0s), 64/80 VUs, 9355 complete and 0 interrupted iterations
sudden_spike   [  80% ] 64/80 VUs  09m37.0s/12m00.0s

running (09m38.0s), 64/80 VUs, 9381 complete and 0 interrupted iterations
sudden_spike   [  80% ] 64/80 VUs  09m38.0s/12m00.0s

running (09m39.0s), 64/80 VUs, 9408 complete and 0 interrupted iterations
sudden_spike   [  80% ] 64/80 VUs  09m39.0s/12m00.0s

running (09m40.0s), 64/80 VUs, 9435 complete and 0 interrupted iterations
sudden_spike   [  81% ] 64/80 VUs  09m40.0s/12m00.0s

running (09m41.0s), 64/80 VUs, 9435 complete and 0 interrupted iterations
sudden_spike   [  81% ] 64/80 VUs  09m41.0s/12m00.0s

running (09m42.0s), 63/80 VUs, 9461 complete and 0 interrupted iterations
sudden_spike   [  81% ] 63/80 VUs  09m42.0s/12m00.0s

running (09m43.0s), 62/80 VUs, 9488 complete and 0 interrupted iterations
sudden_spike   [  81% ] 62/80 VUs  09m43.0s/12m00.0s

running (09m44.0s), 62/80 VUs, 9514 complete and 0 interrupted iterations
sudden_spike   [  81% ] 62/80 VUs  09m44.0s/12m00.0s

running (09m45.0s), 61/80 VUs, 9541 complete and 0 interrupted iterations
sudden_spike   [  81% ] 61/80 VUs  09m45.0s/12m00.0s

running (09m46.0s), 61/80 VUs, 9568 complete and 0 interrupted iterations
sudden_spike   [  81% ] 61/80 VUs  09m46.0s/12m00.0s

running (09m47.0s), 60/80 VUs, 9613 complete and 0 interrupted iterations
sudden_spike   [  82% ] 60/80 VUs  09m47.0s/12m00.0s

running (09m48.0s), 59/80 VUs, 9643 complete and 0 interrupted iterations
sudden_spike   [  82% ] 59/80 VUs  09m48.0s/12m00.0s

running (09m49.0s), 59/80 VUs, 9667 complete and 0 interrupted iterations
sudden_spike   [  82% ] 59/80 VUs  09m49.0s/12m00.0s

running (09m50.0s), 59/80 VUs, 9697 complete and 0 interrupted iterations
sudden_spike   [  82% ] 59/80 VUs  09m50.0s/12m00.0s

running (09m51.0s), 58/80 VUs, 9726 complete and 0 interrupted iterations
sudden_spike   [  82% ] 58/80 VUs  09m51.0s/12m00.0s

running (09m52.0s), 58/80 VUs, 9768 complete and 0 interrupted iterations
sudden_spike   [  82% ] 58/80 VUs  09m52.0s/12m00.0s

running (09m53.0s), 57/80 VUs, 9798 complete and 0 interrupted iterations
sudden_spike   [  82% ] 57/80 VUs  09m53.0s/12m00.0s

running (09m54.0s), 57/80 VUs, 9834 complete and 0 interrupted iterations
sudden_spike   [  82% ] 57/80 VUs  09m54.0s/12m00.0s

running (09m55.0s), 56/80 VUs, 9862 complete and 0 interrupted iterations
sudden_spike   [  83% ] 56/80 VUs  09m55.0s/12m00.0s

running (09m56.0s), 56/80 VUs, 9905 complete and 0 interrupted iterations
sudden_spike   [  83% ] 56/80 VUs  09m56.0s/12m00.0s

running (09m57.0s), 56/80 VUs, 9940 complete and 0 interrupted iterations
sudden_spike   [  83% ] 56/80 VUs  09m57.0s/12m00.0s

running (09m58.0s), 55/80 VUs, 9975 complete and 0 interrupted iterations
sudden_spike   [  83% ] 55/80 VUs  09m58.0s/12m00.0s

running (09m59.0s), 55/80 VUs, 10008 complete and 0 interrupted iterations
sudden_spike   [  83% ] 55/80 VUs  09m59.0s/12m00.0s

running (10m00.0s), 54/80 VUs, 10051 complete and 0 interrupted iterations
sudden_spike   [  83% ] 54/80 VUs  10m00.0s/12m00.0s

running (10m01.0s), 54/80 VUs, 10086 complete and 0 interrupted iterations
sudden_spike   [  83% ] 54/80 VUs  10m01.0s/12m00.0s

running (10m02.0s), 53/80 VUs, 10121 complete and 0 interrupted iterations
sudden_spike   [  84% ] 53/80 VUs  10m02.0s/12m00.0s

running (10m03.0s), 53/80 VUs, 10162 complete and 0 interrupted iterations
sudden_spike   [  84% ] 53/80 VUs  10m03.0s/12m00.0s

running (10m04.0s), 52/80 VUs, 10201 complete and 0 interrupted iterations
sudden_spike   [  84% ] 52/80 VUs  10m04.0s/12m00.0s

running (10m05.0s), 52/80 VUs, 10236 complete and 0 interrupted iterations
sudden_spike   [  84% ] 52/80 VUs  10m05.0s/12m00.0s

running (10m06.0s), 51/80 VUs, 10274 complete and 0 interrupted iterations
sudden_spike   [  84% ] 51/80 VUs  10m06.0s/12m00.0s

running (10m07.0s), 51/80 VUs, 10313 complete and 0 interrupted iterations
sudden_spike   [  84% ] 51/80 VUs  10m07.0s/12m00.0s

running (10m08.0s), 50/80 VUs, 10354 complete and 0 interrupted iterations
sudden_spike   [  84% ] 50/80 VUs  10m08.0s/12m00.0s

running (10m09.0s), 50/80 VUs, 10395 complete and 0 interrupted iterations
sudden_spike   [  85% ] 50/80 VUs  10m09.0s/12m00.0s

running (10m10.0s), 50/80 VUs, 10437 complete and 0 interrupted iterations
sudden_spike   [  85% ] 50/80 VUs  10m10.0s/12m00.0s

running (10m11.0s), 49/80 VUs, 10474 complete and 0 interrupted iterations
sudden_spike   [  85% ] 49/80 VUs  10m11.0s/12m00.0s

running (10m12.0s), 49/80 VUs, 10519 complete and 0 interrupted iterations
sudden_spike   [  85% ] 49/80 VUs  10m12.0s/12m00.0s

running (10m13.0s), 48/80 VUs, 10556 complete and 0 interrupted iterations
sudden_spike   [  85% ] 48/80 VUs  10m13.0s/12m00.0s

running (10m14.0s), 48/80 VUs, 10601 complete and 0 interrupted iterations
sudden_spike   [  85% ] 48/80 VUs  10m14.0s/12m00.0s

running (10m15.0s), 47/80 VUs, 10646 complete and 0 interrupted iterations
sudden_spike   [  85% ] 47/80 VUs  10m15.0s/12m00.0s

running (10m16.0s), 47/80 VUs, 10687 complete and 0 interrupted iterations
sudden_spike   [  86% ] 47/80 VUs  10m16.0s/12m00.0s

running (10m17.0s), 47/80 VUs, 10732 complete and 0 interrupted iterations
sudden_spike   [  86% ] 47/80 VUs  10m17.0s/12m00.0s

running (10m18.0s), 46/80 VUs, 10776 complete and 0 interrupted iterations
sudden_spike   [  86% ] 46/80 VUs  10m18.0s/12m00.0s

running (10m19.0s), 46/80 VUs, 10822 complete and 0 interrupted iterations
sudden_spike   [  86% ] 46/80 VUs  10m19.0s/12m00.0s

running (10m20.0s), 45/80 VUs, 10871 complete and 0 interrupted iterations
sudden_spike   [  86% ] 45/80 VUs  10m20.0s/12m00.0s

running (10m21.0s), 45/80 VUs, 10915 complete and 0 interrupted iterations
sudden_spike   [  86% ] 45/80 VUs  10m21.0s/12m00.0s

running (10m22.0s), 44/80 VUs, 10962 complete and 0 interrupted iterations
sudden_spike   [  86% ] 44/80 VUs  10m22.0s/12m00.0s

running (10m23.0s), 44/80 VUs, 11009 complete and 0 interrupted iterations
sudden_spike   [  87% ] 44/80 VUs  10m23.0s/12m00.0s

running (10m24.0s), 43/80 VUs, 11054 complete and 0 interrupted iterations
sudden_spike   [  87% ] 43/80 VUs  10m24.0s/12m00.0s

running (10m25.0s), 43/80 VUs, 11099 complete and 0 interrupted iterations
sudden_spike   [  87% ] 43/80 VUs  10m25.0s/12m00.0s

running (10m26.0s), 43/80 VUs, 11149 complete and 0 interrupted iterations
sudden_spike   [  87% ] 43/80 VUs  10m26.0s/12m00.0s

running (10m27.0s), 42/80 VUs, 11197 complete and 0 interrupted iterations
sudden_spike   [  87% ] 42/80 VUs  10m27.0s/12m00.0s

running (10m28.0s), 42/80 VUs, 11248 complete and 0 interrupted iterations
sudden_spike   [  87% ] 42/80 VUs  10m28.0s/12m00.0s

running (10m29.0s), 41/80 VUs, 11298 complete and 0 interrupted iterations
sudden_spike   [  87% ] 41/80 VUs  10m29.0s/12m00.0s

running (10m30.0s), 41/80 VUs, 11353 complete and 0 interrupted iterations
sudden_spike   [  87% ] 41/80 VUs  10m30.0s/12m00.0s

running (10m31.0s), 40/80 VUs, 11402 complete and 0 interrupted iterations
sudden_spike   [  88% ] 40/80 VUs  10m31.0s/12m00.0s

running (10m32.0s), 40/80 VUs, 11450 complete and 0 interrupted iterations
sudden_spike   [  88% ] 40/80 VUs  10m32.0s/12m00.0s

running (10m33.0s), 40/80 VUs, 11500 complete and 0 interrupted iterations
sudden_spike   [  88% ] 40/80 VUs  10m33.0s/12m00.0s

running (10m34.0s), 39/80 VUs, 11552 complete and 0 interrupted iterations
sudden_spike   [  88% ] 39/80 VUs  10m34.0s/12m00.0s

running (10m35.0s), 38/80 VUs, 11605 complete and 0 interrupted iterations
sudden_spike   [  88% ] 38/80 VUs  10m35.0s/12m00.0s

running (10m36.0s), 38/80 VUs, 11657 complete and 0 interrupted iterations
sudden_spike   [  88% ] 38/80 VUs  10m36.0s/12m00.0s

running (10m37.0s), 37/80 VUs, 11707 complete and 0 interrupted iterations
sudden_spike   [  88% ] 37/80 VUs  10m37.0s/12m00.0s

running (10m38.0s), 37/80 VUs, 11758 complete and 0 interrupted iterations
sudden_spike   [  89% ] 37/80 VUs  10m38.0s/12m00.0s

running (10m39.0s), 37/80 VUs, 11809 complete and 0 interrupted iterations
sudden_spike   [  89% ] 37/80 VUs  10m39.0s/12m00.0s

running (10m40.0s), 36/80 VUs, 11859 complete and 0 interrupted iterations
sudden_spike   [  89% ] 36/80 VUs  10m40.0s/12m00.0s

running (10m41.0s), 36/80 VUs, 11908 complete and 0 interrupted iterations
sudden_spike   [  89% ] 36/80 VUs  10m41.0s/12m00.0s

running (10m42.0s), 36/80 VUs, 11960 complete and 0 interrupted iterations
sudden_spike   [  89% ] 36/80 VUs  10m42.0s/12m00.0s

running (10m43.0s), 35/80 VUs, 12008 complete and 0 interrupted iterations
sudden_spike   [  89% ] 35/80 VUs  10m43.0s/12m00.0s

running (10m44.0s), 35/80 VUs, 12056 complete and 0 interrupted iterations
sudden_spike   [  89% ] 35/80 VUs  10m44.0s/12m00.0s

running (10m45.0s), 34/80 VUs, 12106 complete and 0 interrupted iterations
sudden_spike   [  90% ] 34/80 VUs  10m45.0s/12m00.0s

running (10m46.0s), 34/80 VUs, 12154 complete and 0 interrupted iterations
sudden_spike   [  90% ] 34/80 VUs  10m46.0s/12m00.0s

running (10m47.0s), 33/80 VUs, 12196 complete and 0 interrupted iterations
sudden_spike   [  90% ] 33/80 VUs  10m47.0s/12m00.0s

running (10m48.0s), 33/80 VUs, 12246 complete and 0 interrupted iterations
sudden_spike   [  90% ] 33/80 VUs  10m48.0s/12m00.0s

running (10m49.0s), 32/80 VUs, 12294 complete and 0 interrupted iterations
sudden_spike   [  90% ] 32/80 VUs  10m49.0s/12m00.0s

running (10m50.0s), 32/80 VUs, 12337 complete and 0 interrupted iterations
sudden_spike   [  90% ] 32/80 VUs  10m50.0s/12m00.0s

running (10m51.0s), 31/80 VUs, 12384 complete and 0 interrupted iterations
sudden_spike   [  90% ] 31/80 VUs  10m51.0s/12m00.0s

running (10m52.0s), 31/80 VUs, 12427 complete and 0 interrupted iterations
sudden_spike   [  91% ] 31/80 VUs  10m52.0s/12m00.0s

running (10m53.0s), 30/80 VUs, 12471 complete and 0 interrupted iterations
sudden_spike   [  91% ] 30/80 VUs  10m53.0s/12m00.0s

running (10m54.0s), 30/80 VUs, 12518 complete and 0 interrupted iterations
sudden_spike   [  91% ] 30/80 VUs  10m54.0s/12m00.0s

running (10m55.0s), 29/80 VUs, 12559 complete and 0 interrupted iterations
sudden_spike   [  91% ] 29/80 VUs  10m55.0s/12m00.0s

running (10m56.0s), 29/80 VUs, 12599 complete and 0 interrupted iterations
sudden_spike   [  91% ] 29/80 VUs  10m56.0s/12m00.0s

running (10m57.0s), 29/80 VUs, 12637 complete and 0 interrupted iterations
sudden_spike   [  91% ] 29/80 VUs  10m57.0s/12m00.0s

running (10m58.0s), 28/80 VUs, 12678 complete and 0 interrupted iterations
sudden_spike   [  91% ] 28/80 VUs  10m58.0s/12m00.0s

running (10m59.0s), 28/80 VUs, 12717 complete and 0 interrupted iterations
sudden_spike   [  92% ] 28/80 VUs  10m59.0s/12m00.0s

running (11m00.0s), 27/80 VUs, 12756 complete and 0 interrupted iterations
sudden_spike   [  92% ] 27/80 VUs  11m00.0s/12m00.0s

running (11m01.0s), 27/80 VUs, 12795 complete and 0 interrupted iterations
sudden_spike   [  92% ] 27/80 VUs  11m01.0s/12m00.0s

running (11m02.0s), 26/80 VUs, 12833 complete and 0 interrupted iterations
sudden_spike   [  92% ] 26/80 VUs  11m02.0s/12m00.0s

running (11m03.0s), 26/80 VUs, 12869 complete and 0 interrupted iterations
sudden_spike   [  92% ] 26/80 VUs  11m03.0s/12m00.0s

running (11m04.0s), 26/80 VUs, 12902 complete and 0 interrupted iterations
sudden_spike   [  92% ] 26/80 VUs  11m04.0s/12m00.0s

running (11m05.0s), 25/80 VUs, 12940 complete and 0 interrupted iterations
sudden_spike   [  92% ] 25/80 VUs  11m05.0s/12m00.0s

running (11m06.0s), 25/80 VUs, 12977 complete and 0 interrupted iterations
sudden_spike   [  92% ] 25/80 VUs  11m06.0s/12m00.0s

running (11m07.0s), 24/80 VUs, 13007 complete and 0 interrupted iterations
sudden_spike   [  93% ] 24/80 VUs  11m07.0s/12m00.0s

running (11m08.0s), 24/80 VUs, 13043 complete and 0 interrupted iterations
sudden_spike   [  93% ] 24/80 VUs  11m08.0s/12m00.0s

running (11m09.0s), 24/80 VUs, 13074 complete and 0 interrupted iterations
sudden_spike   [  93% ] 24/80 VUs  11m09.0s/12m00.0s

running (11m10.0s), 23/80 VUs, 13105 complete and 0 interrupted iterations
sudden_spike   [  93% ] 23/80 VUs  11m10.0s/12m00.0s

running (11m11.0s), 22/80 VUs, 13136 complete and 0 interrupted iterations
sudden_spike   [  93% ] 22/80 VUs  11m11.0s/12m00.0s

running (11m12.0s), 22/80 VUs, 13168 complete and 0 interrupted iterations
sudden_spike   [  93% ] 22/80 VUs  11m12.0s/12m00.0s

running (11m13.0s), 22/80 VUs, 13201 complete and 0 interrupted iterations
sudden_spike   [  93% ] 22/80 VUs  11m13.0s/12m00.0s

running (11m14.0s), 21/80 VUs, 13230 complete and 0 interrupted iterations
sudden_spike   [  94% ] 21/80 VUs  11m14.0s/12m00.0s

running (11m15.0s), 21/80 VUs, 13256 complete and 0 interrupted iterations
sudden_spike   [  94% ] 21/80 VUs  11m15.0s/12m00.0s

running (11m16.0s), 20/80 VUs, 13288 complete and 0 interrupted iterations
sudden_spike   [  94% ] 20/80 VUs  11m16.0s/12m00.0s

running (11m17.0s), 20/80 VUs, 13312 complete and 0 interrupted iterations
sudden_spike   [  94% ] 20/80 VUs  11m17.0s/12m00.0s

running (11m18.0s), 19/80 VUs, 13341 complete and 0 interrupted iterations
sudden_spike   [  94% ] 19/80 VUs  11m18.0s/12m00.0s

running (11m19.0s), 19/80 VUs, 13370 complete and 0 interrupted iterations
sudden_spike   [  94% ] 19/80 VUs  11m19.0s/12m00.0s

running (11m20.0s), 18/80 VUs, 13398 complete and 0 interrupted iterations
sudden_spike   [  94% ] 18/80 VUs  11m20.0s/12m00.0s

running (11m21.0s), 18/80 VUs, 13422 complete and 0 interrupted iterations
sudden_spike   [  95% ] 18/80 VUs  11m21.0s/12m00.0s

running (11m22.0s), 18/80 VUs, 13448 complete and 0 interrupted iterations
sudden_spike   [  95% ] 18/80 VUs  11m22.0s/12m00.0s

running (11m23.0s), 17/80 VUs, 13471 complete and 0 interrupted iterations
sudden_spike   [  95% ] 17/80 VUs  11m23.0s/12m00.0s

running (11m24.0s), 17/80 VUs, 13498 complete and 0 interrupted iterations
sudden_spike   [  95% ] 17/80 VUs  11m24.0s/12m00.0s

running (11m25.0s), 16/80 VUs, 13518 complete and 0 interrupted iterations
sudden_spike   [  95% ] 16/80 VUs  11m25.0s/12m00.0s

running (11m26.0s), 16/80 VUs, 13543 complete and 0 interrupted iterations
sudden_spike   [  95% ] 16/80 VUs  11m26.0s/12m00.0s

running (11m27.0s), 15/80 VUs, 13566 complete and 0 interrupted iterations
sudden_spike   [  95% ] 15/80 VUs  11m27.0s/12m00.0s

running (11m28.0s), 15/80 VUs, 13585 complete and 0 interrupted iterations
sudden_spike   [  96% ] 15/80 VUs  11m28.0s/12m00.0s

running (11m29.0s), 14/80 VUs, 13609 complete and 0 interrupted iterations
sudden_spike   [  96% ] 14/80 VUs  11m29.0s/12m00.0s

running (11m30.0s), 14/80 VUs, 13629 complete and 0 interrupted iterations
sudden_spike   [  96% ] 14/80 VUs  11m30.0s/12m00.0s

running (11m31.0s), 13/80 VUs, 13648 complete and 0 interrupted iterations
sudden_spike   [  96% ] 13/80 VUs  11m31.0s/12m00.0s

running (11m32.0s), 13/80 VUs, 13669 complete and 0 interrupted iterations
sudden_spike   [  96% ] 13/80 VUs  11m32.0s/12m00.0s

running (11m33.0s), 13/80 VUs, 13689 complete and 0 interrupted iterations
sudden_spike   [  96% ] 13/80 VUs  11m33.0s/12m00.0s

running (11m34.0s), 12/80 VUs, 13705 complete and 0 interrupted iterations
sudden_spike   [  96% ] 12/80 VUs  11m34.0s/12m00.0s

running (11m35.0s), 12/80 VUs, 13722 complete and 0 interrupted iterations
sudden_spike   [  97% ] 12/80 VUs  11m35.0s/12m00.0s

running (11m36.0s), 11/80 VUs, 13740 complete and 0 interrupted iterations
sudden_spike   [  97% ] 11/80 VUs  11m36.0s/12m00.0s

running (11m37.0s), 11/80 VUs, 13756 complete and 0 interrupted iterations
sudden_spike   [  97% ] 11/80 VUs  11m37.0s/12m00.0s

running (11m38.0s), 10/80 VUs, 13772 complete and 0 interrupted iterations
sudden_spike   [  97% ] 10/80 VUs  11m38.0s/12m00.0s

running (11m39.0s), 10/80 VUs, 13784 complete and 0 interrupted iterations
sudden_spike   [  97% ] 10/80 VUs  11m39.0s/12m00.0s

running (11m40.0s), 09/80 VUs, 13797 complete and 0 interrupted iterations
sudden_spike   [  97% ] 09/80 VUs  11m40.0s/12m00.0s

running (11m41.0s), 09/80 VUs, 13812 complete and 0 interrupted iterations
sudden_spike   [  97% ] 09/80 VUs  11m41.0s/12m00.0s

running (11m42.0s), 09/80 VUs, 13824 complete and 0 interrupted iterations
sudden_spike   [  97% ] 09/80 VUs  11m42.0s/12m00.0s

running (11m43.0s), 08/80 VUs, 13836 complete and 0 interrupted iterations
sudden_spike   [  98% ] 08/80 VUs  11m43.0s/12m00.0s

running (11m44.0s), 08/80 VUs, 13848 complete and 0 interrupted iterations
sudden_spike   [  98% ] 08/80 VUs  11m44.0s/12m00.0s

running (11m45.0s), 07/80 VUs, 13857 complete and 0 interrupted iterations
sudden_spike   [  98% ] 07/80 VUs  11m45.0s/12m00.0s

running (11m46.0s), 07/80 VUs, 13870 complete and 0 interrupted iterations
sudden_spike   [  98% ] 07/80 VUs  11m46.0s/12m00.0s

running (11m47.0s), 07/80 VUs, 13879 complete and 0 interrupted iterations
sudden_spike   [  98% ] 07/80 VUs  11m47.0s/12m00.0s

running (11m48.0s), 06/80 VUs, 13888 complete and 0 interrupted iterations
sudden_spike   [  98% ] 06/80 VUs  11m48.0s/12m00.0s

running (11m49.0s), 06/80 VUs, 13897 complete and 0 interrupted iterations
sudden_spike   [  98% ] 06/80 VUs  11m49.0s/12m00.0s

running (11m50.0s), 05/80 VUs, 13904 complete and 0 interrupted iterations
sudden_spike   [  99% ] 05/80 VUs  11m50.0s/12m00.0s

running (11m51.0s), 05/80 VUs, 13909 complete and 0 interrupted iterations
sudden_spike   [  99% ] 05/80 VUs  11m51.0s/12m00.0s

running (11m52.0s), 04/80 VUs, 13918 complete and 0 interrupted iterations
sudden_spike   [  99% ] 04/80 VUs  11m52.0s/12m00.0s

running (11m53.0s), 04/80 VUs, 13922 complete and 0 interrupted iterations
sudden_spike   [  99% ] 04/80 VUs  11m53.0s/12m00.0s

running (11m54.0s), 03/80 VUs, 13927 complete and 0 interrupted iterations
sudden_spike   [  99% ] 03/80 VUs  11m54.0s/12m00.0s

running (11m55.0s), 03/80 VUs, 13932 complete and 0 interrupted iterations
sudden_spike   [  99% ] 03/80 VUs  11m55.0s/12m00.0s

running (11m56.0s), 03/80 VUs, 13935 complete and 0 interrupted iterations
sudden_spike   [  99% ] 03/80 VUs  11m56.0s/12m00.0s

running (11m57.0s), 02/80 VUs, 13939 complete and 0 interrupted iterations
sudden_spike   [ 100% ] 02/80 VUs  11m57.0s/12m00.0s

running (11m58.0s), 02/80 VUs, 13941 complete and 0 interrupted iterations
sudden_spike   [ 100% ] 02/80 VUs  11m58.0s/12m00.0s

running (11m59.0s), 01/80 VUs, 13944 complete and 0 interrupted iterations
sudden_spike   [ 100% ] 01/80 VUs  11m59.0s/12m00.0s

running (12m00.0s), 01/80 VUs, 13945 complete and 0 interrupted iterations
sudden_spike   [ 100% ] 01/80 VUs  12m00.0s/12m00.0s

     ✓ status is 200
     ✓ returns quotes
     ✗ response time <2000ms
      ↳  45% — ✓ 6317 / ✗ 7629

     checks.........................: 81.76% ✓ 34209     ✗ 7629 
     data_received..................: 10 MB  14 kB/s
     data_sent......................: 6.2 MB 8.6 kB/s
     http_req_blocked...............: avg=14.72µs min=831ns    med=2.23µs  max=15.85ms  p(90)=3.51µs p(95)=4.12µs 
     http_req_connecting............: avg=7.7µs   min=0s       med=0s      max=15.8ms   p(90)=0s     p(95)=0s     
   ✗ http_req_duration..............: avg=2.99s   min=469.72ms med=3.78s   max=6.8s     p(90)=5.1s   p(95)=5.87s  
       { expected_response:true }...: avg=2.99s   min=469.72ms med=3.78s   max=6.8s     p(90)=5.1s   p(95)=5.87s  
   ✓ http_req_failed................: 0.00%  ✓ 0         ✗ 13946
     http_req_receiving.............: avg=6.92ms  min=21.77µs  med=2.71ms  max=411.71ms p(90)=9.2ms  p(95)=58.21ms
     http_req_sending...............: avg=20.07µs min=7.04µs   med=16.65µs max=3.23ms   p(90)=30µs   p(95)=34.7µs 
     http_req_tls_handshaking.......: avg=0s      min=0s       med=0s      max=0s       p(90)=0s     p(95)=0s     
     http_req_waiting...............: avg=2.99s   min=469.61ms med=3.78s   max=6.79s    p(90)=5.1s   p(95)=5.87s  
     http_reqs......................: 13946  19.363822/s
     iteration_duration.............: avg=2.99s   min=470.07ms med=3.79s   max=6.8s     p(90)=5.1s   p(95)=5.87s  
     iterations.....................: 13946  19.363822/s
     vus............................: 1      min=1       max=80 
     vus_max........................: 80     min=80      max=80 


running (12m00.2s), 00/80 VUs, 13946 complete and 0 interrupted iterations
sudden_spike ✓ [ 100% ] 00/80 VUs  12m0s
time="2026-05-07T01:44:03Z" level=error msg="thresholds on metrics 'http_req_duration' have been crossed"
