
          /\      |‾‾| /‾‾/   /‾‾/   
     /\  /  \     |  |/  /   /  /    
    /  \/    \    |     (   /   ‾‾\  
   /          \   |  |\  \ |  (‾)  | 
  / __________ \  |__| \__\ \_____/ .io

  execution: local
     script: /scripts/load-test.js
     output: json (/results/results.json)

  scenarios: (100.00%) 1 scenario, 80 max VUs, 12m30s max duration (incl. graceful stop):
           * gradual_ramp: Up to 80 looping VUs for 12m0s over 4 stages (gracefulRampDown: 30s, gracefulStop: 30s)


running (00m01.0s), 10/80 VUs, 10 complete and 0 interrupted iterations
gradual_ramp   [   0% ] 10/80 VUs  00m01.0s/12m00.0s

running (00m02.0s), 10/80 VUs, 21 complete and 0 interrupted iterations
gradual_ramp   [   0% ] 10/80 VUs  00m02.0s/12m00.0s

running (00m03.0s), 10/80 VUs, 35 complete and 0 interrupted iterations
gradual_ramp   [   0% ] 10/80 VUs  00m03.0s/12m00.0s

running (00m04.0s), 10/80 VUs, 50 complete and 0 interrupted iterations
gradual_ramp   [   1% ] 10/80 VUs  00m04.0s/12m00.0s

running (00m05.0s), 10/80 VUs, 65 complete and 0 interrupted iterations
gradual_ramp   [   1% ] 10/80 VUs  00m05.0s/12m00.0s

running (00m06.0s), 10/80 VUs, 79 complete and 0 interrupted iterations
gradual_ramp   [   1% ] 10/80 VUs  00m06.0s/12m00.0s

running (00m07.0s), 10/80 VUs, 91 complete and 0 interrupted iterations
gradual_ramp   [   1% ] 10/80 VUs  00m07.0s/12m00.0s

running (00m08.0s), 10/80 VUs, 106 complete and 0 interrupted iterations
gradual_ramp   [   1% ] 10/80 VUs  00m08.0s/12m00.0s

running (00m09.0s), 10/80 VUs, 120 complete and 0 interrupted iterations
gradual_ramp   [   1% ] 10/80 VUs  00m09.0s/12m00.0s

running (00m10.0s), 10/80 VUs, 135 complete and 0 interrupted iterations
gradual_ramp   [   1% ] 10/80 VUs  00m10.0s/12m00.0s

running (00m11.0s), 10/80 VUs, 148 complete and 0 interrupted iterations
gradual_ramp   [   2% ] 10/80 VUs  00m11.0s/12m00.0s

running (00m12.0s), 10/80 VUs, 162 complete and 0 interrupted iterations
gradual_ramp   [   2% ] 10/80 VUs  00m12.0s/12m00.0s

running (00m13.0s), 10/80 VUs, 177 complete and 0 interrupted iterations
gradual_ramp   [   2% ] 10/80 VUs  00m13.0s/12m00.0s

running (00m14.0s), 10/80 VUs, 188 complete and 0 interrupted iterations
gradual_ramp   [   2% ] 10/80 VUs  00m14.0s/12m00.0s

running (00m15.0s), 10/80 VUs, 203 complete and 0 interrupted iterations
gradual_ramp   [   2% ] 10/80 VUs  00m15.0s/12m00.0s

running (00m16.0s), 10/80 VUs, 218 complete and 0 interrupted iterations
gradual_ramp   [   2% ] 10/80 VUs  00m16.0s/12m00.0s

running (00m17.0s), 10/80 VUs, 231 complete and 0 interrupted iterations
gradual_ramp   [   2% ] 10/80 VUs  00m17.0s/12m00.0s

running (00m18.0s), 10/80 VUs, 243 complete and 0 interrupted iterations
gradual_ramp   [   2% ] 10/80 VUs  00m18.0s/12m00.0s

running (00m19.0s), 10/80 VUs, 260 complete and 0 interrupted iterations
gradual_ramp   [   3% ] 10/80 VUs  00m19.0s/12m00.0s

running (00m20.0s), 10/80 VUs, 273 complete and 0 interrupted iterations
gradual_ramp   [   3% ] 10/80 VUs  00m20.0s/12m00.0s

running (00m21.0s), 10/80 VUs, 285 complete and 0 interrupted iterations
gradual_ramp   [   3% ] 10/80 VUs  00m21.0s/12m00.0s

running (00m22.0s), 10/80 VUs, 299 complete and 0 interrupted iterations
gradual_ramp   [   3% ] 10/80 VUs  00m22.0s/12m00.0s

running (00m23.0s), 10/80 VUs, 315 complete and 0 interrupted iterations
gradual_ramp   [   3% ] 10/80 VUs  00m23.0s/12m00.0s

running (00m24.0s), 10/80 VUs, 329 complete and 0 interrupted iterations
gradual_ramp   [   3% ] 10/80 VUs  00m24.0s/12m00.0s

running (00m25.0s), 10/80 VUs, 343 complete and 0 interrupted iterations
gradual_ramp   [   3% ] 10/80 VUs  00m25.0s/12m00.0s

running (00m26.0s), 10/80 VUs, 357 complete and 0 interrupted iterations
gradual_ramp   [   4% ] 10/80 VUs  00m26.0s/12m00.0s

running (00m27.0s), 10/80 VUs, 370 complete and 0 interrupted iterations
gradual_ramp   [   4% ] 10/80 VUs  00m27.0s/12m00.0s

running (00m28.0s), 10/80 VUs, 387 complete and 0 interrupted iterations
gradual_ramp   [   4% ] 10/80 VUs  00m28.0s/12m00.0s

running (00m29.0s), 10/80 VUs, 401 complete and 0 interrupted iterations
gradual_ramp   [   4% ] 10/80 VUs  00m29.0s/12m00.0s

running (00m30.0s), 10/80 VUs, 415 complete and 0 interrupted iterations
gradual_ramp   [   4% ] 10/80 VUs  00m30.0s/12m00.0s

running (00m31.0s), 10/80 VUs, 427 complete and 0 interrupted iterations
gradual_ramp   [   4% ] 10/80 VUs  00m31.0s/12m00.0s

running (00m32.0s), 10/80 VUs, 441 complete and 0 interrupted iterations
gradual_ramp   [   4% ] 10/80 VUs  00m32.0s/12m00.0s

running (00m33.0s), 10/80 VUs, 455 complete and 0 interrupted iterations
gradual_ramp   [   5% ] 10/80 VUs  00m33.0s/12m00.0s

running (00m34.0s), 10/80 VUs, 467 complete and 0 interrupted iterations
gradual_ramp   [   5% ] 10/80 VUs  00m34.0s/12m00.0s

running (00m35.0s), 10/80 VUs, 485 complete and 0 interrupted iterations
gradual_ramp   [   5% ] 10/80 VUs  00m35.0s/12m00.0s

running (00m36.0s), 10/80 VUs, 496 complete and 0 interrupted iterations
gradual_ramp   [   5% ] 10/80 VUs  00m36.0s/12m00.0s

running (00m37.0s), 10/80 VUs, 510 complete and 0 interrupted iterations
gradual_ramp   [   5% ] 10/80 VUs  00m37.0s/12m00.0s

running (00m38.0s), 10/80 VUs, 522 complete and 0 interrupted iterations
gradual_ramp   [   5% ] 10/80 VUs  00m38.0s/12m00.0s

running (00m39.0s), 10/80 VUs, 537 complete and 0 interrupted iterations
gradual_ramp   [   5% ] 10/80 VUs  00m39.0s/12m00.0s

running (00m40.0s), 10/80 VUs, 553 complete and 0 interrupted iterations
gradual_ramp   [   6% ] 10/80 VUs  00m40.0s/12m00.0s

running (00m41.0s), 10/80 VUs, 565 complete and 0 interrupted iterations
gradual_ramp   [   6% ] 10/80 VUs  00m41.0s/12m00.0s

running (00m42.0s), 10/80 VUs, 578 complete and 0 interrupted iterations
gradual_ramp   [   6% ] 10/80 VUs  00m42.0s/12m00.0s

running (00m43.0s), 10/80 VUs, 595 complete and 0 interrupted iterations
gradual_ramp   [   6% ] 10/80 VUs  00m43.0s/12m00.0s

running (00m44.0s), 10/80 VUs, 608 complete and 0 interrupted iterations
gradual_ramp   [   6% ] 10/80 VUs  00m44.0s/12m00.0s

running (00m45.0s), 10/80 VUs, 621 complete and 0 interrupted iterations
gradual_ramp   [   6% ] 10/80 VUs  00m45.0s/12m00.0s

running (00m46.0s), 10/80 VUs, 636 complete and 0 interrupted iterations
gradual_ramp   [   6% ] 10/80 VUs  00m46.0s/12m00.0s

running (00m47.0s), 10/80 VUs, 650 complete and 0 interrupted iterations
gradual_ramp   [   7% ] 10/80 VUs  00m47.0s/12m00.0s

running (00m48.0s), 10/80 VUs, 664 complete and 0 interrupted iterations
gradual_ramp   [   7% ] 10/80 VUs  00m48.0s/12m00.0s

running (00m49.0s), 10/80 VUs, 676 complete and 0 interrupted iterations
gradual_ramp   [   7% ] 10/80 VUs  00m49.0s/12m00.0s

running (00m50.0s), 10/80 VUs, 690 complete and 0 interrupted iterations
gradual_ramp   [   7% ] 10/80 VUs  00m50.0s/12m00.0s

running (00m51.0s), 10/80 VUs, 703 complete and 0 interrupted iterations
gradual_ramp   [   7% ] 10/80 VUs  00m51.0s/12m00.0s

running (00m52.0s), 10/80 VUs, 719 complete and 0 interrupted iterations
gradual_ramp   [   7% ] 10/80 VUs  00m52.0s/12m00.0s

running (00m53.0s), 10/80 VUs, 732 complete and 0 interrupted iterations
gradual_ramp   [   7% ] 10/80 VUs  00m53.0s/12m00.0s

running (00m54.0s), 10/80 VUs, 747 complete and 0 interrupted iterations
gradual_ramp   [   7% ] 10/80 VUs  00m54.0s/12m00.0s

running (00m55.0s), 10/80 VUs, 760 complete and 0 interrupted iterations
gradual_ramp   [   8% ] 10/80 VUs  00m55.0s/12m00.0s

running (00m56.0s), 10/80 VUs, 774 complete and 0 interrupted iterations
gradual_ramp   [   8% ] 10/80 VUs  00m56.0s/12m00.0s

running (00m57.0s), 10/80 VUs, 789 complete and 0 interrupted iterations
gradual_ramp   [   8% ] 10/80 VUs  00m57.0s/12m00.0s

running (00m58.0s), 10/80 VUs, 803 complete and 0 interrupted iterations
gradual_ramp   [   8% ] 10/80 VUs  00m58.0s/12m00.0s

running (00m59.0s), 10/80 VUs, 816 complete and 0 interrupted iterations
gradual_ramp   [   8% ] 10/80 VUs  00m59.0s/12m00.0s

running (01m00.0s), 10/80 VUs, 833 complete and 0 interrupted iterations
gradual_ramp   [   8% ] 10/80 VUs  01m00.0s/12m00.0s

running (01m01.0s), 10/80 VUs, 845 complete and 0 interrupted iterations
gradual_ramp   [   8% ] 10/80 VUs  01m01.0s/12m00.0s

running (01m02.0s), 10/80 VUs, 859 complete and 0 interrupted iterations
gradual_ramp   [   9% ] 10/80 VUs  01m02.0s/12m00.0s

running (01m03.0s), 10/80 VUs, 871 complete and 0 interrupted iterations
gradual_ramp   [   9% ] 10/80 VUs  01m03.0s/12m00.0s

running (01m04.0s), 10/80 VUs, 889 complete and 0 interrupted iterations
gradual_ramp   [   9% ] 10/80 VUs  01m04.0s/12m00.0s

running (01m05.0s), 10/80 VUs, 902 complete and 0 interrupted iterations
gradual_ramp   [   9% ] 10/80 VUs  01m05.0s/12m00.0s

running (01m06.0s), 10/80 VUs, 916 complete and 0 interrupted iterations
gradual_ramp   [   9% ] 10/80 VUs  01m06.0s/12m00.0s

running (01m07.0s), 10/80 VUs, 928 complete and 0 interrupted iterations
gradual_ramp   [   9% ] 10/80 VUs  01m07.0s/12m00.0s

running (01m08.0s), 10/80 VUs, 945 complete and 0 interrupted iterations
gradual_ramp   [   9% ] 10/80 VUs  01m08.0s/12m00.0s

running (01m09.0s), 10/80 VUs, 958 complete and 0 interrupted iterations
gradual_ramp   [  10% ] 10/80 VUs  01m09.0s/12m00.0s

running (01m10.0s), 10/80 VUs, 973 complete and 0 interrupted iterations
gradual_ramp   [  10% ] 10/80 VUs  01m10.0s/12m00.0s

running (01m11.0s), 10/80 VUs, 987 complete and 0 interrupted iterations
gradual_ramp   [  10% ] 10/80 VUs  01m11.0s/12m00.0s

running (01m12.0s), 10/80 VUs, 1001 complete and 0 interrupted iterations
gradual_ramp   [  10% ] 10/80 VUs  01m12.0s/12m00.0s

running (01m13.0s), 10/80 VUs, 1013 complete and 0 interrupted iterations
gradual_ramp   [  10% ] 10/80 VUs  01m13.0s/12m00.0s

running (01m14.0s), 10/80 VUs, 1028 complete and 0 interrupted iterations
gradual_ramp   [  10% ] 10/80 VUs  01m14.0s/12m00.0s

running (01m15.0s), 10/80 VUs, 1042 complete and 0 interrupted iterations
gradual_ramp   [  10% ] 10/80 VUs  01m15.0s/12m00.0s

running (01m16.0s), 10/80 VUs, 1057 complete and 0 interrupted iterations
gradual_ramp   [  11% ] 10/80 VUs  01m16.0s/12m00.0s

running (01m17.0s), 10/80 VUs, 1071 complete and 0 interrupted iterations
gradual_ramp   [  11% ] 10/80 VUs  01m17.0s/12m00.0s

running (01m18.0s), 10/80 VUs, 1084 complete and 0 interrupted iterations
gradual_ramp   [  11% ] 10/80 VUs  01m18.0s/12m00.0s

running (01m19.0s), 10/80 VUs, 1101 complete and 0 interrupted iterations
gradual_ramp   [  11% ] 10/80 VUs  01m19.0s/12m00.0s

running (01m20.0s), 10/80 VUs, 1116 complete and 0 interrupted iterations
gradual_ramp   [  11% ] 10/80 VUs  01m20.0s/12m00.0s

running (01m21.0s), 10/80 VUs, 1129 complete and 0 interrupted iterations
gradual_ramp   [  11% ] 10/80 VUs  01m21.0s/12m00.0s

running (01m22.0s), 10/80 VUs, 1141 complete and 0 interrupted iterations
gradual_ramp   [  11% ] 10/80 VUs  01m22.0s/12m00.0s

running (01m23.0s), 10/80 VUs, 1155 complete and 0 interrupted iterations
gradual_ramp   [  12% ] 10/80 VUs  01m23.0s/12m00.0s

running (01m24.0s), 10/80 VUs, 1169 complete and 0 interrupted iterations
gradual_ramp   [  12% ] 10/80 VUs  01m24.0s/12m00.0s

running (01m25.0s), 10/80 VUs, 1183 complete and 0 interrupted iterations
gradual_ramp   [  12% ] 10/80 VUs  01m25.0s/12m00.0s

running (01m26.0s), 10/80 VUs, 1198 complete and 0 interrupted iterations
gradual_ramp   [  12% ] 10/80 VUs  01m26.0s/12m00.0s

running (01m27.0s), 10/80 VUs, 1215 complete and 0 interrupted iterations
gradual_ramp   [  12% ] 10/80 VUs  01m27.0s/12m00.0s

running (01m28.0s), 10/80 VUs, 1225 complete and 0 interrupted iterations
gradual_ramp   [  12% ] 10/80 VUs  01m28.0s/12m00.0s

running (01m29.0s), 10/80 VUs, 1240 complete and 0 interrupted iterations
gradual_ramp   [  12% ] 10/80 VUs  01m29.0s/12m00.0s

running (01m30.0s), 10/80 VUs, 1255 complete and 0 interrupted iterations
gradual_ramp   [  12% ] 10/80 VUs  01m30.0s/12m00.0s

running (01m31.0s), 10/80 VUs, 1269 complete and 0 interrupted iterations
gradual_ramp   [  13% ] 10/80 VUs  01m31.0s/12m00.0s

running (01m32.0s), 10/80 VUs, 1281 complete and 0 interrupted iterations
gradual_ramp   [  13% ] 10/80 VUs  01m32.0s/12m00.0s

running (01m33.0s), 10/80 VUs, 1296 complete and 0 interrupted iterations
gradual_ramp   [  13% ] 10/80 VUs  01m33.0s/12m00.0s

running (01m34.0s), 10/80 VUs, 1307 complete and 0 interrupted iterations
gradual_ramp   [  13% ] 10/80 VUs  01m34.0s/12m00.0s

running (01m35.0s), 10/80 VUs, 1323 complete and 0 interrupted iterations
gradual_ramp   [  13% ] 10/80 VUs  01m35.0s/12m00.0s

running (01m36.0s), 10/80 VUs, 1337 complete and 0 interrupted iterations
gradual_ramp   [  13% ] 10/80 VUs  01m36.0s/12m00.0s

running (01m37.0s), 10/80 VUs, 1351 complete and 0 interrupted iterations
gradual_ramp   [  13% ] 10/80 VUs  01m37.0s/12m00.0s

running (01m38.0s), 10/80 VUs, 1363 complete and 0 interrupted iterations
gradual_ramp   [  14% ] 10/80 VUs  01m38.0s/12m00.0s

running (01m39.0s), 10/80 VUs, 1377 complete and 0 interrupted iterations
gradual_ramp   [  14% ] 10/80 VUs  01m39.0s/12m00.0s

running (01m40.0s), 10/80 VUs, 1391 complete and 0 interrupted iterations
gradual_ramp   [  14% ] 10/80 VUs  01m40.0s/12m00.0s

running (01m41.0s), 10/80 VUs, 1405 complete and 0 interrupted iterations
gradual_ramp   [  14% ] 10/80 VUs  01m41.0s/12m00.0s

running (01m42.0s), 10/80 VUs, 1420 complete and 0 interrupted iterations
gradual_ramp   [  14% ] 10/80 VUs  01m42.0s/12m00.0s

running (01m43.0s), 10/80 VUs, 1435 complete and 0 interrupted iterations
gradual_ramp   [  14% ] 10/80 VUs  01m43.0s/12m00.0s

running (01m44.0s), 10/80 VUs, 1449 complete and 0 interrupted iterations
gradual_ramp   [  14% ] 10/80 VUs  01m44.0s/12m00.0s

running (01m45.0s), 10/80 VUs, 1462 complete and 0 interrupted iterations
gradual_ramp   [  15% ] 10/80 VUs  01m45.0s/12m00.0s

running (01m46.0s), 10/80 VUs, 1479 complete and 0 interrupted iterations
gradual_ramp   [  15% ] 10/80 VUs  01m46.0s/12m00.0s

running (01m47.0s), 10/80 VUs, 1490 complete and 0 interrupted iterations
gradual_ramp   [  15% ] 10/80 VUs  01m47.0s/12m00.0s

running (01m48.0s), 10/80 VUs, 1504 complete and 0 interrupted iterations
gradual_ramp   [  15% ] 10/80 VUs  01m48.0s/12m00.0s

running (01m49.0s), 10/80 VUs, 1520 complete and 0 interrupted iterations
gradual_ramp   [  15% ] 10/80 VUs  01m49.0s/12m00.0s

running (01m50.0s), 10/80 VUs, 1535 complete and 0 interrupted iterations
gradual_ramp   [  15% ] 10/80 VUs  01m50.0s/12m00.0s

running (01m51.0s), 10/80 VUs, 1550 complete and 0 interrupted iterations
gradual_ramp   [  15% ] 10/80 VUs  01m51.0s/12m00.0s

running (01m52.0s), 10/80 VUs, 1562 complete and 0 interrupted iterations
gradual_ramp   [  16% ] 10/80 VUs  01m52.0s/12m00.0s

running (01m53.0s), 10/80 VUs, 1575 complete and 0 interrupted iterations
gradual_ramp   [  16% ] 10/80 VUs  01m53.0s/12m00.0s

running (01m54.0s), 10/80 VUs, 1590 complete and 0 interrupted iterations
gradual_ramp   [  16% ] 10/80 VUs  01m54.0s/12m00.0s

running (01m55.0s), 10/80 VUs, 1606 complete and 0 interrupted iterations
gradual_ramp   [  16% ] 10/80 VUs  01m55.0s/12m00.0s

running (01m56.0s), 10/80 VUs, 1619 complete and 0 interrupted iterations
gradual_ramp   [  16% ] 10/80 VUs  01m56.0s/12m00.0s

running (01m57.0s), 10/80 VUs, 1630 complete and 0 interrupted iterations
gradual_ramp   [  16% ] 10/80 VUs  01m57.0s/12m00.0s

running (01m58.0s), 10/80 VUs, 1644 complete and 0 interrupted iterations
gradual_ramp   [  16% ] 10/80 VUs  01m58.0s/12m00.0s

running (01m59.0s), 10/80 VUs, 1660 complete and 0 interrupted iterations
gradual_ramp   [  17% ] 10/80 VUs  01m59.0s/12m00.0s

running (02m00.0s), 10/80 VUs, 1674 complete and 0 interrupted iterations
gradual_ramp   [  17% ] 10/80 VUs  02m00.0s/12m00.0s

running (02m01.0s), 10/80 VUs, 1686 complete and 0 interrupted iterations
gradual_ramp   [  17% ] 10/80 VUs  02m01.0s/12m00.0s

running (02m02.0s), 10/80 VUs, 1701 complete and 0 interrupted iterations
gradual_ramp   [  17% ] 10/80 VUs  02m02.0s/12m00.0s

running (02m03.0s), 10/80 VUs, 1715 complete and 0 interrupted iterations
gradual_ramp   [  17% ] 10/80 VUs  02m03.0s/12m00.0s

running (02m04.0s), 10/80 VUs, 1727 complete and 0 interrupted iterations
gradual_ramp   [  17% ] 10/80 VUs  02m04.0s/12m00.0s

running (02m05.0s), 11/80 VUs, 1743 complete and 0 interrupted iterations
gradual_ramp   [  17% ] 11/80 VUs  02m05.0s/12m00.0s

running (02m06.0s), 11/80 VUs, 1758 complete and 0 interrupted iterations
gradual_ramp   [  17% ] 11/80 VUs  02m06.0s/12m00.0s

running (02m07.0s), 11/80 VUs, 1774 complete and 0 interrupted iterations
gradual_ramp   [  18% ] 11/80 VUs  02m07.0s/12m00.0s

running (02m08.0s), 11/80 VUs, 1788 complete and 0 interrupted iterations
gradual_ramp   [  18% ] 11/80 VUs  02m08.0s/12m00.0s

running (02m09.0s), 12/80 VUs, 1806 complete and 0 interrupted iterations
gradual_ramp   [  18% ] 12/80 VUs  02m09.0s/12m00.0s

running (02m10.0s), 12/80 VUs, 1824 complete and 0 interrupted iterations
gradual_ramp   [  18% ] 12/80 VUs  02m10.0s/12m00.0s

running (02m11.0s), 12/80 VUs, 1839 complete and 0 interrupted iterations
gradual_ramp   [  18% ] 12/80 VUs  02m11.0s/12m00.0s

running (02m12.0s), 12/80 VUs, 1859 complete and 0 interrupted iterations
gradual_ramp   [  18% ] 12/80 VUs  02m12.0s/12m00.0s

running (02m13.0s), 13/80 VUs, 1876 complete and 0 interrupted iterations
gradual_ramp   [  18% ] 13/80 VUs  02m13.0s/12m00.0s

running (02m14.0s), 13/80 VUs, 1891 complete and 0 interrupted iterations
gradual_ramp   [  19% ] 13/80 VUs  02m14.0s/12m00.0s

running (02m15.0s), 13/80 VUs, 1912 complete and 0 interrupted iterations
gradual_ramp   [  19% ] 13/80 VUs  02m15.0s/12m00.0s

running (02m16.0s), 13/80 VUs, 1932 complete and 0 interrupted iterations
gradual_ramp   [  19% ] 13/80 VUs  02m16.0s/12m00.0s

running (02m17.0s), 13/80 VUs, 1949 complete and 0 interrupted iterations
gradual_ramp   [  19% ] 13/80 VUs  02m17.0s/12m00.0s

running (02m18.0s), 14/80 VUs, 1969 complete and 0 interrupted iterations
gradual_ramp   [  19% ] 14/80 VUs  02m18.0s/12m00.0s

running (02m19.0s), 14/80 VUs, 1989 complete and 0 interrupted iterations
gradual_ramp   [  19% ] 14/80 VUs  02m19.0s/12m00.0s

running (02m20.0s), 14/80 VUs, 2006 complete and 0 interrupted iterations
gradual_ramp   [  19% ] 14/80 VUs  02m20.0s/12m00.0s

running (02m21.0s), 14/80 VUs, 2027 complete and 0 interrupted iterations
gradual_ramp   [  20% ] 14/80 VUs  02m21.0s/12m00.0s

running (02m22.0s), 15/80 VUs, 2046 complete and 0 interrupted iterations
gradual_ramp   [  20% ] 15/80 VUs  02m22.0s/12m00.0s

running (02m23.0s), 15/80 VUs, 2071 complete and 0 interrupted iterations
gradual_ramp   [  20% ] 15/80 VUs  02m23.0s/12m00.0s

running (02m24.0s), 15/80 VUs, 2090 complete and 0 interrupted iterations
gradual_ramp   [  20% ] 15/80 VUs  02m24.0s/12m00.0s

running (02m25.0s), 15/80 VUs, 2110 complete and 0 interrupted iterations
gradual_ramp   [  20% ] 15/80 VUs  02m25.0s/12m00.0s

running (02m26.0s), 16/80 VUs, 2132 complete and 0 interrupted iterations
gradual_ramp   [  20% ] 16/80 VUs  02m26.0s/12m00.0s

running (02m27.0s), 16/80 VUs, 2155 complete and 0 interrupted iterations
gradual_ramp   [  20% ] 16/80 VUs  02m27.0s/12m00.0s

running (02m28.0s), 16/80 VUs, 2177 complete and 0 interrupted iterations
gradual_ramp   [  21% ] 16/80 VUs  02m28.0s/12m00.0s

running (02m29.0s), 16/80 VUs, 2201 complete and 0 interrupted iterations
gradual_ramp   [  21% ] 16/80 VUs  02m29.0s/12m00.0s

running (02m30.0s), 16/80 VUs, 2225 complete and 0 interrupted iterations
gradual_ramp   [  21% ] 16/80 VUs  02m30.0s/12m00.0s

running (02m31.0s), 17/80 VUs, 2247 complete and 0 interrupted iterations
gradual_ramp   [  21% ] 17/80 VUs  02m31.0s/12m00.0s

running (02m32.0s), 17/80 VUs, 2273 complete and 0 interrupted iterations
gradual_ramp   [  21% ] 17/80 VUs  02m32.0s/12m00.0s

running (02m33.0s), 17/80 VUs, 2296 complete and 0 interrupted iterations
gradual_ramp   [  21% ] 17/80 VUs  02m33.0s/12m00.0s

running (02m34.0s), 17/80 VUs, 2319 complete and 0 interrupted iterations
gradual_ramp   [  21% ] 17/80 VUs  02m34.0s/12m00.0s

running (02m35.0s), 18/80 VUs, 2342 complete and 0 interrupted iterations
gradual_ramp   [  22% ] 18/80 VUs  02m35.0s/12m00.0s

running (02m36.0s), 18/80 VUs, 2372 complete and 0 interrupted iterations
gradual_ramp   [  22% ] 18/80 VUs  02m36.0s/12m00.0s

running (02m37.0s), 18/80 VUs, 2397 complete and 0 interrupted iterations
gradual_ramp   [  22% ] 18/80 VUs  02m37.0s/12m00.0s

running (02m38.0s), 18/80 VUs, 2426 complete and 0 interrupted iterations
gradual_ramp   [  22% ] 18/80 VUs  02m38.0s/12m00.0s

running (02m39.0s), 19/80 VUs, 2449 complete and 0 interrupted iterations
gradual_ramp   [  22% ] 19/80 VUs  02m39.0s/12m00.0s

running (02m40.0s), 19/80 VUs, 2477 complete and 0 interrupted iterations
gradual_ramp   [  22% ] 19/80 VUs  02m40.0s/12m00.0s

running (02m41.0s), 19/80 VUs, 2506 complete and 0 interrupted iterations
gradual_ramp   [  22% ] 19/80 VUs  02m41.0s/12m00.0s

running (02m42.0s), 19/80 VUs, 2531 complete and 0 interrupted iterations
gradual_ramp   [  22% ] 19/80 VUs  02m42.0s/12m00.0s

running (02m43.0s), 20/80 VUs, 2559 complete and 0 interrupted iterations
gradual_ramp   [  23% ] 20/80 VUs  02m43.0s/12m00.0s

running (02m44.0s), 20/80 VUs, 2585 complete and 0 interrupted iterations
gradual_ramp   [  23% ] 20/80 VUs  02m44.0s/12m00.0s

running (02m45.0s), 20/80 VUs, 2613 complete and 0 interrupted iterations
gradual_ramp   [  23% ] 20/80 VUs  02m45.0s/12m00.0s

running (02m46.0s), 20/80 VUs, 2641 complete and 0 interrupted iterations
gradual_ramp   [  23% ] 20/80 VUs  02m46.0s/12m00.0s

running (02m47.0s), 20/80 VUs, 2667 complete and 0 interrupted iterations
gradual_ramp   [  23% ] 20/80 VUs  02m47.0s/12m00.0s

running (02m48.0s), 21/80 VUs, 2697 complete and 0 interrupted iterations
gradual_ramp   [  23% ] 21/80 VUs  02m48.0s/12m00.0s

running (02m49.0s), 21/80 VUs, 2731 complete and 0 interrupted iterations
gradual_ramp   [  23% ] 21/80 VUs  02m49.0s/12m00.0s

running (02m50.0s), 21/80 VUs, 2757 complete and 0 interrupted iterations
gradual_ramp   [  24% ] 21/80 VUs  02m50.0s/12m00.0s

running (02m51.0s), 21/80 VUs, 2786 complete and 0 interrupted iterations
gradual_ramp   [  24% ] 21/80 VUs  02m51.0s/12m00.0s

running (02m52.0s), 22/80 VUs, 2813 complete and 0 interrupted iterations
gradual_ramp   [  24% ] 22/80 VUs  02m52.0s/12m00.0s

running (02m53.0s), 22/80 VUs, 2848 complete and 0 interrupted iterations
gradual_ramp   [  24% ] 22/80 VUs  02m53.0s/12m00.0s

running (02m54.0s), 22/80 VUs, 2882 complete and 0 interrupted iterations
gradual_ramp   [  24% ] 22/80 VUs  02m54.0s/12m00.0s

running (02m55.0s), 22/80 VUs, 2913 complete and 0 interrupted iterations
gradual_ramp   [  24% ] 22/80 VUs  02m55.0s/12m00.0s

running (02m56.0s), 23/80 VUs, 2940 complete and 0 interrupted iterations
gradual_ramp   [  24% ] 23/80 VUs  02m56.0s/12m00.0s

running (02m57.0s), 23/80 VUs, 2977 complete and 0 interrupted iterations
gradual_ramp   [  25% ] 23/80 VUs  02m57.0s/12m00.0s

running (02m58.0s), 23/80 VUs, 3007 complete and 0 interrupted iterations
gradual_ramp   [  25% ] 23/80 VUs  02m58.0s/12m00.0s

running (02m59.0s), 23/80 VUs, 3039 complete and 0 interrupted iterations
gradual_ramp   [  25% ] 23/80 VUs  02m59.0s/12m00.0s

running (03m00.0s), 23/80 VUs, 3071 complete and 0 interrupted iterations
gradual_ramp   [  25% ] 23/80 VUs  03m00.0s/12m00.0s

running (03m01.0s), 24/80 VUs, 3105 complete and 0 interrupted iterations
gradual_ramp   [  25% ] 24/80 VUs  03m01.0s/12m00.0s

running (03m02.0s), 24/80 VUs, 3139 complete and 0 interrupted iterations
gradual_ramp   [  25% ] 24/80 VUs  03m02.0s/12m00.0s

running (03m03.0s), 24/80 VUs, 3175 complete and 0 interrupted iterations
gradual_ramp   [  25% ] 24/80 VUs  03m03.0s/12m00.0s

running (03m04.0s), 24/80 VUs, 3210 complete and 0 interrupted iterations
gradual_ramp   [  26% ] 24/80 VUs  03m04.0s/12m00.0s

running (03m05.0s), 25/80 VUs, 3244 complete and 0 interrupted iterations
gradual_ramp   [  26% ] 25/80 VUs  03m05.0s/12m00.0s

running (03m06.0s), 25/80 VUs, 3282 complete and 0 interrupted iterations
gradual_ramp   [  26% ] 25/80 VUs  03m06.0s/12m00.0s

running (03m07.0s), 25/80 VUs, 3313 complete and 0 interrupted iterations
gradual_ramp   [  26% ] 25/80 VUs  03m07.0s/12m00.0s

running (03m08.0s), 25/80 VUs, 3350 complete and 0 interrupted iterations
gradual_ramp   [  26% ] 25/80 VUs  03m08.0s/12m00.0s

running (03m09.0s), 26/80 VUs, 3381 complete and 0 interrupted iterations
gradual_ramp   [  26% ] 26/80 VUs  03m09.0s/12m00.0s

running (03m10.0s), 26/80 VUs, 3420 complete and 0 interrupted iterations
gradual_ramp   [  26% ] 26/80 VUs  03m10.0s/12m00.0s

running (03m11.0s), 26/80 VUs, 3456 complete and 0 interrupted iterations
gradual_ramp   [  27% ] 26/80 VUs  03m11.0s/12m00.0s

running (03m12.0s), 26/80 VUs, 3490 complete and 0 interrupted iterations
gradual_ramp   [  27% ] 26/80 VUs  03m12.0s/12m00.0s

running (03m13.0s), 27/80 VUs, 3528 complete and 0 interrupted iterations
gradual_ramp   [  27% ] 27/80 VUs  03m13.0s/12m00.0s

running (03m14.0s), 27/80 VUs, 3568 complete and 0 interrupted iterations
gradual_ramp   [  27% ] 27/80 VUs  03m14.0s/12m00.0s

running (03m15.0s), 27/80 VUs, 3602 complete and 0 interrupted iterations
gradual_ramp   [  27% ] 27/80 VUs  03m15.0s/12m00.0s

running (03m16.0s), 27/80 VUs, 3646 complete and 0 interrupted iterations
gradual_ramp   [  27% ] 27/80 VUs  03m16.0s/12m00.0s

running (03m17.0s), 27/80 VUs, 3682 complete and 0 interrupted iterations
gradual_ramp   [  27% ] 27/80 VUs  03m17.0s/12m00.0s

running (03m18.0s), 28/80 VUs, 3721 complete and 0 interrupted iterations
gradual_ramp   [  27% ] 28/80 VUs  03m18.0s/12m00.0s

running (03m19.0s), 28/80 VUs, 3756 complete and 0 interrupted iterations
gradual_ramp   [  28% ] 28/80 VUs  03m19.0s/12m00.0s

running (03m20.0s), 28/80 VUs, 3798 complete and 0 interrupted iterations
gradual_ramp   [  28% ] 28/80 VUs  03m20.0s/12m00.0s

running (03m21.0s), 28/80 VUs, 3837 complete and 0 interrupted iterations
gradual_ramp   [  28% ] 28/80 VUs  03m21.0s/12m00.0s

running (03m22.0s), 29/80 VUs, 3876 complete and 0 interrupted iterations
gradual_ramp   [  28% ] 29/80 VUs  03m22.0s/12m00.0s

running (03m23.0s), 29/80 VUs, 3919 complete and 0 interrupted iterations
gradual_ramp   [  28% ] 29/80 VUs  03m23.0s/12m00.0s

running (03m24.0s), 29/80 VUs, 3961 complete and 0 interrupted iterations
gradual_ramp   [  28% ] 29/80 VUs  03m24.0s/12m00.0s

running (03m25.0s), 29/80 VUs, 4000 complete and 0 interrupted iterations
gradual_ramp   [  28% ] 29/80 VUs  03m25.0s/12m00.0s

running (03m26.0s), 30/80 VUs, 4044 complete and 0 interrupted iterations
gradual_ramp   [  29% ] 30/80 VUs  03m26.0s/12m00.0s

running (03m27.0s), 30/80 VUs, 4086 complete and 0 interrupted iterations
gradual_ramp   [  29% ] 30/80 VUs  03m27.0s/12m00.0s

running (03m28.0s), 30/80 VUs, 4130 complete and 0 interrupted iterations
gradual_ramp   [  29% ] 30/80 VUs  03m28.0s/12m00.0s

running (03m29.0s), 30/80 VUs, 4174 complete and 0 interrupted iterations
gradual_ramp   [  29% ] 30/80 VUs  03m29.0s/12m00.0s

running (03m30.0s), 30/80 VUs, 4215 complete and 0 interrupted iterations
gradual_ramp   [  29% ] 30/80 VUs  03m30.0s/12m00.0s

running (03m31.0s), 31/80 VUs, 4261 complete and 0 interrupted iterations
gradual_ramp   [  29% ] 31/80 VUs  03m31.0s/12m00.0s

running (03m32.0s), 31/80 VUs, 4307 complete and 0 interrupted iterations
gradual_ramp   [  29% ] 31/80 VUs  03m32.0s/12m00.0s

running (03m33.0s), 31/80 VUs, 4355 complete and 0 interrupted iterations
gradual_ramp   [  30% ] 31/80 VUs  03m33.0s/12m00.0s

running (03m34.0s), 31/80 VUs, 4394 complete and 0 interrupted iterations
gradual_ramp   [  30% ] 31/80 VUs  03m34.0s/12m00.0s

running (03m35.0s), 32/80 VUs, 4446 complete and 0 interrupted iterations
gradual_ramp   [  30% ] 32/80 VUs  03m35.0s/12m00.0s

running (03m36.0s), 32/80 VUs, 4486 complete and 0 interrupted iterations
gradual_ramp   [  30% ] 32/80 VUs  03m36.0s/12m00.0s

running (03m37.0s), 32/80 VUs, 4532 complete and 0 interrupted iterations
gradual_ramp   [  30% ] 32/80 VUs  03m37.0s/12m00.0s

running (03m38.0s), 32/80 VUs, 4580 complete and 0 interrupted iterations
gradual_ramp   [  30% ] 32/80 VUs  03m38.0s/12m00.0s

running (03m39.0s), 33/80 VUs, 4622 complete and 0 interrupted iterations
gradual_ramp   [  30% ] 33/80 VUs  03m39.0s/12m00.0s

running (03m40.0s), 33/80 VUs, 4673 complete and 0 interrupted iterations
gradual_ramp   [  31% ] 33/80 VUs  03m40.0s/12m00.0s

running (03m41.0s), 33/80 VUs, 4718 complete and 0 interrupted iterations
gradual_ramp   [  31% ] 33/80 VUs  03m41.0s/12m00.0s

running (03m42.0s), 33/80 VUs, 4768 complete and 0 interrupted iterations
gradual_ramp   [  31% ] 33/80 VUs  03m42.0s/12m00.0s

running (03m43.0s), 34/80 VUs, 4813 complete and 0 interrupted iterations
gradual_ramp   [  31% ] 34/80 VUs  03m43.0s/12m00.0s

running (03m44.0s), 34/80 VUs, 4859 complete and 0 interrupted iterations
gradual_ramp   [  31% ] 34/80 VUs  03m44.0s/12m00.0s

running (03m45.0s), 34/80 VUs, 4911 complete and 0 interrupted iterations
gradual_ramp   [  31% ] 34/80 VUs  03m45.0s/12m00.0s

running (03m46.0s), 34/80 VUs, 4957 complete and 0 interrupted iterations
gradual_ramp   [  31% ] 34/80 VUs  03m46.0s/12m00.0s

running (03m47.0s), 34/80 VUs, 5004 complete and 0 interrupted iterations
gradual_ramp   [  32% ] 34/80 VUs  03m47.0s/12m00.0s

running (03m48.0s), 35/80 VUs, 5052 complete and 0 interrupted iterations
gradual_ramp   [  32% ] 35/80 VUs  03m48.0s/12m00.0s

running (03m49.0s), 35/80 VUs, 5103 complete and 0 interrupted iterations
gradual_ramp   [  32% ] 35/80 VUs  03m49.0s/12m00.0s

running (03m50.0s), 35/80 VUs, 5155 complete and 0 interrupted iterations
gradual_ramp   [  32% ] 35/80 VUs  03m50.0s/12m00.0s

running (03m51.0s), 35/80 VUs, 5203 complete and 0 interrupted iterations
gradual_ramp   [  32% ] 35/80 VUs  03m51.0s/12m00.0s

running (03m52.0s), 36/80 VUs, 5248 complete and 0 interrupted iterations
gradual_ramp   [  32% ] 36/80 VUs  03m52.0s/12m00.0s

running (03m53.0s), 36/80 VUs, 5299 complete and 0 interrupted iterations
gradual_ramp   [  32% ] 36/80 VUs  03m53.0s/12m00.0s

running (03m54.0s), 36/80 VUs, 5350 complete and 0 interrupted iterations
gradual_ramp   [  32% ] 36/80 VUs  03m54.0s/12m00.0s

running (03m55.0s), 36/80 VUs, 5405 complete and 0 interrupted iterations
gradual_ramp   [  33% ] 36/80 VUs  03m55.0s/12m00.0s

running (03m56.0s), 37/80 VUs, 5454 complete and 0 interrupted iterations
gradual_ramp   [  33% ] 37/80 VUs  03m56.0s/12m00.0s

running (03m57.0s), 37/80 VUs, 5510 complete and 0 interrupted iterations
gradual_ramp   [  33% ] 37/80 VUs  03m57.0s/12m00.0s

running (03m58.0s), 37/80 VUs, 5559 complete and 0 interrupted iterations
gradual_ramp   [  33% ] 37/80 VUs  03m58.0s/12m00.0s

running (03m59.0s), 37/80 VUs, 5609 complete and 0 interrupted iterations
gradual_ramp   [  33% ] 37/80 VUs  03m59.0s/12m00.0s

running (04m00.0s), 37/80 VUs, 5663 complete and 0 interrupted iterations
gradual_ramp   [  33% ] 37/80 VUs  04m00.0s/12m00.0s

running (04m01.0s), 38/80 VUs, 5716 complete and 0 interrupted iterations
gradual_ramp   [  33% ] 38/80 VUs  04m01.0s/12m00.0s

running (04m02.0s), 38/80 VUs, 5771 complete and 0 interrupted iterations
gradual_ramp   [  34% ] 38/80 VUs  04m02.0s/12m00.0s

running (04m03.0s), 38/80 VUs, 5827 complete and 0 interrupted iterations
gradual_ramp   [  34% ] 38/80 VUs  04m03.0s/12m00.0s

running (04m04.0s), 38/80 VUs, 5880 complete and 0 interrupted iterations
gradual_ramp   [  34% ] 38/80 VUs  04m04.0s/12m00.0s

running (04m05.0s), 39/80 VUs, 5930 complete and 0 interrupted iterations
gradual_ramp   [  34% ] 39/80 VUs  04m05.0s/12m00.0s

running (04m06.0s), 39/80 VUs, 5988 complete and 0 interrupted iterations
gradual_ramp   [  34% ] 39/80 VUs  04m06.0s/12m00.0s

running (04m07.0s), 39/80 VUs, 6047 complete and 0 interrupted iterations
gradual_ramp   [  34% ] 39/80 VUs  04m07.0s/12m00.0s

running (04m08.0s), 39/80 VUs, 6104 complete and 0 interrupted iterations
gradual_ramp   [  34% ] 39/80 VUs  04m08.0s/12m00.0s

running (04m09.0s), 40/80 VUs, 6160 complete and 0 interrupted iterations
gradual_ramp   [  35% ] 40/80 VUs  04m09.0s/12m00.0s

running (04m10.0s), 40/80 VUs, 6217 complete and 0 interrupted iterations
gradual_ramp   [  35% ] 40/80 VUs  04m10.0s/12m00.0s

running (04m11.0s), 40/80 VUs, 6271 complete and 0 interrupted iterations
gradual_ramp   [  35% ] 40/80 VUs  04m11.0s/12m00.0s

running (04m12.0s), 40/80 VUs, 6331 complete and 0 interrupted iterations
gradual_ramp   [  35% ] 40/80 VUs  04m12.0s/12m00.0s

running (04m13.0s), 41/80 VUs, 6384 complete and 0 interrupted iterations
gradual_ramp   [  35% ] 41/80 VUs  04m13.0s/12m00.0s

running (04m14.0s), 41/80 VUs, 6448 complete and 0 interrupted iterations
gradual_ramp   [  35% ] 41/80 VUs  04m14.0s/12m00.0s

running (04m15.0s), 41/80 VUs, 6500 complete and 0 interrupted iterations
gradual_ramp   [  35% ] 41/80 VUs  04m15.0s/12m00.0s

running (04m16.0s), 41/80 VUs, 6553 complete and 0 interrupted iterations
gradual_ramp   [  36% ] 41/80 VUs  04m16.0s/12m00.0s

running (04m17.0s), 41/80 VUs, 6619 complete and 0 interrupted iterations
gradual_ramp   [  36% ] 41/80 VUs  04m17.0s/12m00.0s

running (04m18.0s), 42/80 VUs, 6680 complete and 0 interrupted iterations
gradual_ramp   [  36% ] 42/80 VUs  04m18.0s/12m00.0s

running (04m19.0s), 42/80 VUs, 6735 complete and 0 interrupted iterations
gradual_ramp   [  36% ] 42/80 VUs  04m19.0s/12m00.0s

running (04m20.0s), 42/80 VUs, 6794 complete and 0 interrupted iterations
gradual_ramp   [  36% ] 42/80 VUs  04m20.0s/12m00.0s

running (04m21.0s), 42/80 VUs, 6853 complete and 0 interrupted iterations
gradual_ramp   [  36% ] 42/80 VUs  04m21.0s/12m00.0s

running (04m22.0s), 43/80 VUs, 6913 complete and 0 interrupted iterations
gradual_ramp   [  36% ] 43/80 VUs  04m22.0s/12m00.0s

running (04m23.0s), 43/80 VUs, 6976 complete and 0 interrupted iterations
gradual_ramp   [  37% ] 43/80 VUs  04m23.0s/12m00.0s

running (04m24.0s), 43/80 VUs, 7036 complete and 0 interrupted iterations
gradual_ramp   [  37% ] 43/80 VUs  04m24.0s/12m00.0s

running (04m25.0s), 43/80 VUs, 7088 complete and 0 interrupted iterations
gradual_ramp   [  37% ] 43/80 VUs  04m25.0s/12m00.0s

running (04m26.0s), 44/80 VUs, 7154 complete and 0 interrupted iterations
gradual_ramp   [  37% ] 44/80 VUs  04m26.0s/12m00.0s

running (04m27.0s), 44/80 VUs, 7218 complete and 0 interrupted iterations
gradual_ramp   [  37% ] 44/80 VUs  04m27.0s/12m00.0s

running (04m28.0s), 44/80 VUs, 7281 complete and 0 interrupted iterations
gradual_ramp   [  37% ] 44/80 VUs  04m28.0s/12m00.0s

running (04m29.0s), 44/80 VUs, 7341 complete and 0 interrupted iterations
gradual_ramp   [  37% ] 44/80 VUs  04m29.0s/12m00.0s

running (04m30.0s), 44/80 VUs, 7399 complete and 0 interrupted iterations
gradual_ramp   [  37% ] 44/80 VUs  04m30.0s/12m00.0s

running (04m31.0s), 45/80 VUs, 7464 complete and 0 interrupted iterations
gradual_ramp   [  38% ] 45/80 VUs  04m31.0s/12m00.0s

running (04m32.0s), 45/80 VUs, 7526 complete and 0 interrupted iterations
gradual_ramp   [  38% ] 45/80 VUs  04m32.0s/12m00.0s

running (04m33.0s), 45/80 VUs, 7588 complete and 0 interrupted iterations
gradual_ramp   [  38% ] 45/80 VUs  04m33.0s/12m00.0s

running (04m34.0s), 45/80 VUs, 7656 complete and 0 interrupted iterations
gradual_ramp   [  38% ] 45/80 VUs  04m34.0s/12m00.0s

running (04m35.0s), 46/80 VUs, 7723 complete and 0 interrupted iterations
gradual_ramp   [  38% ] 46/80 VUs  04m35.0s/12m00.0s

running (04m36.0s), 46/80 VUs, 7784 complete and 0 interrupted iterations
gradual_ramp   [  38% ] 46/80 VUs  04m36.0s/12m00.0s

running (04m37.0s), 46/80 VUs, 7848 complete and 0 interrupted iterations
gradual_ramp   [  38% ] 46/80 VUs  04m37.0s/12m00.0s

running (04m38.0s), 46/80 VUs, 7917 complete and 0 interrupted iterations
gradual_ramp   [  39% ] 46/80 VUs  04m38.0s/12m00.0s

running (04m39.0s), 47/80 VUs, 7985 complete and 0 interrupted iterations
gradual_ramp   [  39% ] 47/80 VUs  04m39.0s/12m00.0s

running (04m40.0s), 47/80 VUs, 8047 complete and 0 interrupted iterations
gradual_ramp   [  39% ] 47/80 VUs  04m40.0s/12m00.0s

running (04m41.0s), 47/80 VUs, 8115 complete and 0 interrupted iterations
gradual_ramp   [  39% ] 47/80 VUs  04m41.0s/12m00.0s

running (04m42.0s), 47/80 VUs, 8181 complete and 0 interrupted iterations
gradual_ramp   [  39% ] 47/80 VUs  04m42.0s/12m00.0s

running (04m43.0s), 48/80 VUs, 8245 complete and 0 interrupted iterations
gradual_ramp   [  39% ] 48/80 VUs  04m43.0s/12m00.0s

running (04m44.0s), 48/80 VUs, 8314 complete and 0 interrupted iterations
gradual_ramp   [  39% ] 48/80 VUs  04m44.0s/12m00.0s

running (04m45.0s), 48/80 VUs, 8388 complete and 0 interrupted iterations
gradual_ramp   [  40% ] 48/80 VUs  04m45.0s/12m00.0s

running (04m46.0s), 48/80 VUs, 8451 complete and 0 interrupted iterations
gradual_ramp   [  40% ] 48/80 VUs  04m46.0s/12m00.0s

running (04m47.0s), 48/80 VUs, 8516 complete and 0 interrupted iterations
gradual_ramp   [  40% ] 48/80 VUs  04m47.0s/12m00.0s

running (04m48.0s), 49/80 VUs, 8588 complete and 0 interrupted iterations
gradual_ramp   [  40% ] 49/80 VUs  04m48.0s/12m00.0s

running (04m49.0s), 49/80 VUs, 8654 complete and 0 interrupted iterations
gradual_ramp   [  40% ] 49/80 VUs  04m49.0s/12m00.0s

running (04m50.0s), 49/80 VUs, 8721 complete and 0 interrupted iterations
gradual_ramp   [  40% ] 49/80 VUs  04m50.0s/12m00.0s

running (04m51.0s), 49/80 VUs, 8794 complete and 0 interrupted iterations
gradual_ramp   [  40% ] 49/80 VUs  04m51.0s/12m00.0s

running (04m52.0s), 50/80 VUs, 8861 complete and 0 interrupted iterations
gradual_ramp   [  41% ] 50/80 VUs  04m52.0s/12m00.0s

running (04m53.0s), 50/80 VUs, 8933 complete and 0 interrupted iterations
gradual_ramp   [  41% ] 50/80 VUs  04m53.0s/12m00.0s

running (04m54.0s), 50/80 VUs, 9007 complete and 0 interrupted iterations
gradual_ramp   [  41% ] 50/80 VUs  04m54.0s/12m00.0s

running (04m55.0s), 50/80 VUs, 9071 complete and 0 interrupted iterations
gradual_ramp   [  41% ] 50/80 VUs  04m55.0s/12m00.0s

running (04m56.0s), 51/80 VUs, 9141 complete and 0 interrupted iterations
gradual_ramp   [  41% ] 51/80 VUs  04m56.0s/12m00.0s

running (04m57.0s), 51/80 VUs, 9216 complete and 0 interrupted iterations
gradual_ramp   [  41% ] 51/80 VUs  04m57.0s/12m00.0s

running (04m58.0s), 51/80 VUs, 9289 complete and 0 interrupted iterations
gradual_ramp   [  41% ] 51/80 VUs  04m58.0s/12m00.0s

running (04m59.0s), 51/80 VUs, 9358 complete and 0 interrupted iterations
gradual_ramp   [  42% ] 51/80 VUs  04m59.0s/12m00.0s

running (05m00.0s), 51/80 VUs, 9432 complete and 0 interrupted iterations
gradual_ramp   [  42% ] 51/80 VUs  05m00.0s/12m00.0s

running (05m01.0s), 52/80 VUs, 9503 complete and 0 interrupted iterations
gradual_ramp   [  42% ] 52/80 VUs  05m01.0s/12m00.0s

running (05m02.0s), 52/80 VUs, 9580 complete and 0 interrupted iterations
gradual_ramp   [  42% ] 52/80 VUs  05m02.0s/12m00.0s

running (05m03.0s), 52/80 VUs, 9649 complete and 0 interrupted iterations
gradual_ramp   [  42% ] 52/80 VUs  05m03.0s/12m00.0s

running (05m04.0s), 52/80 VUs, 9725 complete and 0 interrupted iterations
gradual_ramp   [  42% ] 52/80 VUs  05m04.0s/12m00.0s

running (05m05.0s), 53/80 VUs, 9798 complete and 0 interrupted iterations
gradual_ramp   [  42% ] 53/80 VUs  05m05.0s/12m00.0s

running (05m06.0s), 53/80 VUs, 9872 complete and 0 interrupted iterations
gradual_ramp   [  42% ] 53/80 VUs  05m06.0s/12m00.0s

running (05m07.0s), 53/80 VUs, 9951 complete and 0 interrupted iterations
gradual_ramp   [  43% ] 53/80 VUs  05m07.0s/12m00.0s

running (05m08.0s), 53/80 VUs, 10022 complete and 0 interrupted iterations
gradual_ramp   [  43% ] 53/80 VUs  05m08.0s/12m00.0s

running (05m09.0s), 54/80 VUs, 10097 complete and 0 interrupted iterations
gradual_ramp   [  43% ] 54/80 VUs  05m09.0s/12m00.0s

running (05m10.0s), 54/80 VUs, 10175 complete and 0 interrupted iterations
gradual_ramp   [  43% ] 54/80 VUs  05m10.0s/12m00.0s

running (05m11.0s), 54/80 VUs, 10246 complete and 0 interrupted iterations
gradual_ramp   [  43% ] 54/80 VUs  05m11.0s/12m00.0s

running (05m12.0s), 54/80 VUs, 10331 complete and 0 interrupted iterations
gradual_ramp   [  43% ] 54/80 VUs  05m12.0s/12m00.0s

running (05m13.0s), 55/80 VUs, 10402 complete and 0 interrupted iterations
gradual_ramp   [  43% ] 55/80 VUs  05m13.0s/12m00.0s

running (05m14.0s), 55/80 VUs, 10478 complete and 0 interrupted iterations
gradual_ramp   [  44% ] 55/80 VUs  05m14.0s/12m00.0s

running (05m15.0s), 55/80 VUs, 10558 complete and 0 interrupted iterations
gradual_ramp   [  44% ] 55/80 VUs  05m15.0s/12m00.0s

running (05m16.0s), 55/80 VUs, 10636 complete and 0 interrupted iterations
gradual_ramp   [  44% ] 55/80 VUs  05m16.0s/12m00.0s

running (05m17.0s), 55/80 VUs, 10709 complete and 0 interrupted iterations
gradual_ramp   [  44% ] 55/80 VUs  05m17.0s/12m00.0s

running (05m18.0s), 56/80 VUs, 10790 complete and 0 interrupted iterations
gradual_ramp   [  44% ] 56/80 VUs  05m18.0s/12m00.0s

running (05m19.0s), 56/80 VUs, 10870 complete and 0 interrupted iterations
gradual_ramp   [  44% ] 56/80 VUs  05m19.0s/12m00.0s

running (05m20.0s), 56/80 VUs, 10948 complete and 0 interrupted iterations
gradual_ramp   [  44% ] 56/80 VUs  05m20.0s/12m00.0s

running (05m21.0s), 56/80 VUs, 11024 complete and 0 interrupted iterations
gradual_ramp   [  45% ] 56/80 VUs  05m21.0s/12m00.0s

running (05m22.0s), 57/80 VUs, 11103 complete and 0 interrupted iterations
gradual_ramp   [  45% ] 57/80 VUs  05m22.0s/12m00.0s

running (05m23.0s), 57/80 VUs, 11186 complete and 0 interrupted iterations
gradual_ramp   [  45% ] 57/80 VUs  05m23.0s/12m00.0s

running (05m24.0s), 57/80 VUs, 11263 complete and 0 interrupted iterations
gradual_ramp   [  45% ] 57/80 VUs  05m24.0s/12m00.0s

running (05m25.0s), 57/80 VUs, 11343 complete and 0 interrupted iterations
gradual_ramp   [  45% ] 57/80 VUs  05m25.0s/12m00.0s

running (05m26.0s), 58/80 VUs, 11426 complete and 0 interrupted iterations
gradual_ramp   [  45% ] 58/80 VUs  05m26.0s/12m00.0s

running (05m27.0s), 58/80 VUs, 11503 complete and 0 interrupted iterations
gradual_ramp   [  45% ] 58/80 VUs  05m27.0s/12m00.0s

running (05m28.0s), 58/80 VUs, 11587 complete and 0 interrupted iterations
gradual_ramp   [  46% ] 58/80 VUs  05m28.0s/12m00.0s

running (05m29.0s), 58/80 VUs, 11669 complete and 0 interrupted iterations
gradual_ramp   [  46% ] 58/80 VUs  05m29.0s/12m00.0s

running (05m30.0s), 58/80 VUs, 11747 complete and 0 interrupted iterations
gradual_ramp   [  46% ] 58/80 VUs  05m30.0s/12m00.0s

running (05m31.0s), 59/80 VUs, 11831 complete and 0 interrupted iterations
gradual_ramp   [  46% ] 59/80 VUs  05m31.0s/12m00.0s

running (05m32.0s), 59/80 VUs, 11911 complete and 0 interrupted iterations
gradual_ramp   [  46% ] 59/80 VUs  05m32.0s/12m00.0s

running (05m33.0s), 59/80 VUs, 11992 complete and 0 interrupted iterations
gradual_ramp   [  46% ] 59/80 VUs  05m33.0s/12m00.0s

running (05m34.0s), 59/80 VUs, 12074 complete and 0 interrupted iterations
gradual_ramp   [  46% ] 59/80 VUs  05m34.0s/12m00.0s

running (05m35.0s), 60/80 VUs, 12155 complete and 0 interrupted iterations
gradual_ramp   [  47% ] 60/80 VUs  05m35.0s/12m00.0s

running (05m36.0s), 60/80 VUs, 12239 complete and 0 interrupted iterations
gradual_ramp   [  47% ] 60/80 VUs  05m36.0s/12m00.0s

running (05m37.0s), 60/80 VUs, 12328 complete and 0 interrupted iterations
gradual_ramp   [  47% ] 60/80 VUs  05m37.0s/12m00.0s

running (05m38.0s), 60/80 VUs, 12412 complete and 0 interrupted iterations
gradual_ramp   [  47% ] 60/80 VUs  05m38.0s/12m00.0s

running (05m39.0s), 61/80 VUs, 12501 complete and 0 interrupted iterations
gradual_ramp   [  47% ] 61/80 VUs  05m39.0s/12m00.0s

running (05m40.0s), 61/80 VUs, 12584 complete and 0 interrupted iterations
gradual_ramp   [  47% ] 61/80 VUs  05m40.0s/12m00.0s

running (05m41.0s), 61/80 VUs, 12669 complete and 0 interrupted iterations
gradual_ramp   [  47% ] 61/80 VUs  05m41.0s/12m00.0s

running (05m42.0s), 61/80 VUs, 12755 complete and 0 interrupted iterations
gradual_ramp   [  47% ] 61/80 VUs  05m42.0s/12m00.0s

running (05m43.0s), 62/80 VUs, 12838 complete and 0 interrupted iterations
gradual_ramp   [  48% ] 62/80 VUs  05m43.0s/12m00.0s

running (05m44.0s), 62/80 VUs, 12933 complete and 0 interrupted iterations
gradual_ramp   [  48% ] 62/80 VUs  05m44.0s/12m00.0s

running (05m45.0s), 62/80 VUs, 13017 complete and 0 interrupted iterations
gradual_ramp   [  48% ] 62/80 VUs  05m45.0s/12m00.0s

running (05m46.0s), 62/80 VUs, 13109 complete and 0 interrupted iterations
gradual_ramp   [  48% ] 62/80 VUs  05m46.0s/12m00.0s

running (05m47.0s), 62/80 VUs, 13193 complete and 0 interrupted iterations
gradual_ramp   [  48% ] 62/80 VUs  05m47.0s/12m00.0s

running (05m48.0s), 63/80 VUs, 13286 complete and 0 interrupted iterations
gradual_ramp   [  48% ] 63/80 VUs  05m48.0s/12m00.0s

running (05m49.0s), 63/80 VUs, 13372 complete and 0 interrupted iterations
gradual_ramp   [  48% ] 63/80 VUs  05m49.0s/12m00.0s

running (05m50.0s), 63/80 VUs, 13452 complete and 0 interrupted iterations
gradual_ramp   [  49% ] 63/80 VUs  05m50.0s/12m00.0s

running (05m51.0s), 63/80 VUs, 13541 complete and 0 interrupted iterations
gradual_ramp   [  49% ] 63/80 VUs  05m51.0s/12m00.0s

running (05m52.0s), 64/80 VUs, 13640 complete and 0 interrupted iterations
gradual_ramp   [  49% ] 64/80 VUs  05m52.0s/12m00.0s

running (05m53.0s), 64/80 VUs, 13723 complete and 0 interrupted iterations
gradual_ramp   [  49% ] 64/80 VUs  05m53.0s/12m00.0s

running (05m54.0s), 64/80 VUs, 13815 complete and 0 interrupted iterations
gradual_ramp   [  49% ] 64/80 VUs  05m54.0s/12m00.0s

running (05m55.0s), 64/80 VUs, 13904 complete and 0 interrupted iterations
gradual_ramp   [  49% ] 64/80 VUs  05m55.0s/12m00.0s

running (05m56.0s), 65/80 VUs, 13996 complete and 0 interrupted iterations
gradual_ramp   [  49% ] 65/80 VUs  05m56.0s/12m00.0s

running (05m57.0s), 65/80 VUs, 14081 complete and 0 interrupted iterations
gradual_ramp   [  50% ] 65/80 VUs  05m57.0s/12m00.0s

running (05m58.0s), 65/80 VUs, 14178 complete and 0 interrupted iterations
gradual_ramp   [  50% ] 65/80 VUs  05m58.0s/12m00.0s

running (05m59.0s), 65/80 VUs, 14267 complete and 0 interrupted iterations
gradual_ramp   [  50% ] 65/80 VUs  05m59.0s/12m00.0s

running (06m00.0s), 65/80 VUs, 14359 complete and 0 interrupted iterations
gradual_ramp   [  50% ] 65/80 VUs  06m00.0s/12m00.0s

running (06m01.0s), 66/80 VUs, 14450 complete and 0 interrupted iterations
gradual_ramp   [  50% ] 66/80 VUs  06m01.0s/12m00.0s

running (06m02.0s), 66/80 VUs, 14547 complete and 0 interrupted iterations
gradual_ramp   [  50% ] 66/80 VUs  06m02.0s/12m00.0s

running (06m03.0s), 66/80 VUs, 14637 complete and 0 interrupted iterations
gradual_ramp   [  50% ] 66/80 VUs  06m03.0s/12m00.0s

running (06m04.0s), 66/80 VUs, 14725 complete and 0 interrupted iterations
gradual_ramp   [  51% ] 66/80 VUs  06m04.0s/12m00.0s

running (06m05.0s), 67/80 VUs, 14820 complete and 0 interrupted iterations
gradual_ramp   [  51% ] 67/80 VUs  06m05.0s/12m00.0s

running (06m06.0s), 67/80 VUs, 14914 complete and 0 interrupted iterations
gradual_ramp   [  51% ] 67/80 VUs  06m06.0s/12m00.0s

running (06m07.0s), 67/80 VUs, 15010 complete and 0 interrupted iterations
gradual_ramp   [  51% ] 67/80 VUs  06m07.0s/12m00.0s

running (06m08.0s), 67/80 VUs, 15105 complete and 0 interrupted iterations
gradual_ramp   [  51% ] 67/80 VUs  06m08.0s/12m00.0s

running (06m09.0s), 68/80 VUs, 15203 complete and 0 interrupted iterations
gradual_ramp   [  51% ] 68/80 VUs  06m09.0s/12m00.0s

running (06m10.0s), 68/80 VUs, 15294 complete and 0 interrupted iterations
gradual_ramp   [  51% ] 68/80 VUs  06m10.0s/12m00.0s

running (06m11.0s), 68/80 VUs, 15387 complete and 0 interrupted iterations
gradual_ramp   [  52% ] 68/80 VUs  06m11.0s/12m00.0s

running (06m12.0s), 68/80 VUs, 15484 complete and 0 interrupted iterations
gradual_ramp   [  52% ] 68/80 VUs  06m12.0s/12m00.0s

running (06m13.0s), 69/80 VUs, 15579 complete and 0 interrupted iterations
gradual_ramp   [  52% ] 69/80 VUs  06m13.0s/12m00.0s

running (06m14.0s), 69/80 VUs, 15676 complete and 0 interrupted iterations
gradual_ramp   [  52% ] 69/80 VUs  06m14.0s/12m00.0s

running (06m15.0s), 69/80 VUs, 15782 complete and 0 interrupted iterations
gradual_ramp   [  52% ] 69/80 VUs  06m15.0s/12m00.0s

running (06m16.0s), 69/80 VUs, 15870 complete and 0 interrupted iterations
gradual_ramp   [  52% ] 69/80 VUs  06m16.0s/12m00.0s

running (06m17.0s), 69/80 VUs, 15966 complete and 0 interrupted iterations
gradual_ramp   [  52% ] 69/80 VUs  06m17.0s/12m00.0s

running (06m18.0s), 70/80 VUs, 16068 complete and 0 interrupted iterations
gradual_ramp   [  52% ] 70/80 VUs  06m18.0s/12m00.0s

running (06m19.0s), 70/80 VUs, 16165 complete and 0 interrupted iterations
gradual_ramp   [  53% ] 70/80 VUs  06m19.0s/12m00.0s

running (06m20.0s), 70/80 VUs, 16267 complete and 0 interrupted iterations
gradual_ramp   [  53% ] 70/80 VUs  06m20.0s/12m00.0s

running (06m21.0s), 70/80 VUs, 16371 complete and 0 interrupted iterations
gradual_ramp   [  53% ] 70/80 VUs  06m21.0s/12m00.0s

running (06m22.0s), 71/80 VUs, 16469 complete and 0 interrupted iterations
gradual_ramp   [  53% ] 71/80 VUs  06m22.0s/12m00.0s

running (06m23.0s), 71/80 VUs, 16562 complete and 0 interrupted iterations
gradual_ramp   [  53% ] 71/80 VUs  06m23.0s/12m00.0s

running (06m24.0s), 71/80 VUs, 16669 complete and 0 interrupted iterations
gradual_ramp   [  53% ] 71/80 VUs  06m24.0s/12m00.0s

running (06m25.0s), 71/80 VUs, 16765 complete and 0 interrupted iterations
gradual_ramp   [  53% ] 71/80 VUs  06m25.0s/12m00.0s

running (06m26.0s), 72/80 VUs, 16864 complete and 0 interrupted iterations
gradual_ramp   [  54% ] 72/80 VUs  06m26.0s/12m00.0s

running (06m27.0s), 72/80 VUs, 16967 complete and 0 interrupted iterations
gradual_ramp   [  54% ] 72/80 VUs  06m27.0s/12m00.0s

running (06m28.0s), 72/80 VUs, 17069 complete and 0 interrupted iterations
gradual_ramp   [  54% ] 72/80 VUs  06m28.0s/12m00.0s

running (06m29.0s), 72/80 VUs, 17171 complete and 0 interrupted iterations
gradual_ramp   [  54% ] 72/80 VUs  06m29.0s/12m00.0s

running (06m30.0s), 72/80 VUs, 17263 complete and 0 interrupted iterations
gradual_ramp   [  54% ] 72/80 VUs  06m30.0s/12m00.0s

running (06m31.0s), 73/80 VUs, 17373 complete and 0 interrupted iterations
gradual_ramp   [  54% ] 73/80 VUs  06m31.0s/12m00.0s

running (06m32.0s), 73/80 VUs, 17475 complete and 0 interrupted iterations
gradual_ramp   [  54% ] 73/80 VUs  06m32.0s/12m00.0s

running (06m33.0s), 73/80 VUs, 17578 complete and 0 interrupted iterations
gradual_ramp   [  55% ] 73/80 VUs  06m33.0s/12m00.0s

running (06m34.0s), 73/80 VUs, 17680 complete and 0 interrupted iterations
gradual_ramp   [  55% ] 73/80 VUs  06m34.0s/12m00.0s

running (06m35.0s), 74/80 VUs, 17792 complete and 0 interrupted iterations
gradual_ramp   [  55% ] 74/80 VUs  06m35.0s/12m00.0s

running (06m36.0s), 74/80 VUs, 17892 complete and 0 interrupted iterations
gradual_ramp   [  55% ] 74/80 VUs  06m36.0s/12m00.0s

running (06m37.0s), 74/80 VUs, 17998 complete and 0 interrupted iterations
gradual_ramp   [  55% ] 74/80 VUs  06m37.0s/12m00.0s

running (06m38.0s), 74/80 VUs, 18098 complete and 0 interrupted iterations
gradual_ramp   [  55% ] 74/80 VUs  06m38.0s/12m00.0s

running (06m39.0s), 75/80 VUs, 18197 complete and 0 interrupted iterations
gradual_ramp   [  55% ] 75/80 VUs  06m39.0s/12m00.0s

running (06m40.0s), 75/80 VUs, 18307 complete and 0 interrupted iterations
gradual_ramp   [  56% ] 75/80 VUs  06m40.0s/12m00.0s

running (06m41.0s), 75/80 VUs, 18411 complete and 0 interrupted iterations
gradual_ramp   [  56% ] 75/80 VUs  06m41.0s/12m00.0s

running (06m42.0s), 75/80 VUs, 18513 complete and 0 interrupted iterations
gradual_ramp   [  56% ] 75/80 VUs  06m42.0s/12m00.0s

running (06m43.0s), 76/80 VUs, 18623 complete and 0 interrupted iterations
gradual_ramp   [  56% ] 76/80 VUs  06m43.0s/12m00.0s

running (06m44.0s), 76/80 VUs, 18722 complete and 0 interrupted iterations
gradual_ramp   [  56% ] 76/80 VUs  06m44.0s/12m00.0s

running (06m45.0s), 76/80 VUs, 18828 complete and 0 interrupted iterations
gradual_ramp   [  56% ] 76/80 VUs  06m45.0s/12m00.0s

running (06m46.0s), 76/80 VUs, 18937 complete and 0 interrupted iterations
gradual_ramp   [  56% ] 76/80 VUs  06m46.0s/12m00.0s

running (06m47.0s), 76/80 VUs, 19047 complete and 0 interrupted iterations
gradual_ramp   [  57% ] 76/80 VUs  06m47.0s/12m00.0s

running (06m48.0s), 77/80 VUs, 19156 complete and 0 interrupted iterations
gradual_ramp   [  57% ] 77/80 VUs  06m48.0s/12m00.0s

running (06m49.0s), 77/80 VUs, 19265 complete and 0 interrupted iterations
gradual_ramp   [  57% ] 77/80 VUs  06m49.0s/12m00.0s

running (06m50.0s), 77/80 VUs, 19379 complete and 0 interrupted iterations
gradual_ramp   [  57% ] 77/80 VUs  06m50.0s/12m00.0s

running (06m51.0s), 77/80 VUs, 19489 complete and 0 interrupted iterations
gradual_ramp   [  57% ] 77/80 VUs  06m51.0s/12m00.0s

running (06m52.0s), 78/80 VUs, 19590 complete and 0 interrupted iterations
gradual_ramp   [  57% ] 78/80 VUs  06m52.0s/12m00.0s

running (06m53.0s), 78/80 VUs, 19701 complete and 0 interrupted iterations
gradual_ramp   [  57% ] 78/80 VUs  06m53.0s/12m00.0s

running (06m54.0s), 78/80 VUs, 19807 complete and 0 interrupted iterations
gradual_ramp   [  57% ] 78/80 VUs  06m54.0s/12m00.0s

running (06m55.0s), 78/80 VUs, 19923 complete and 0 interrupted iterations
gradual_ramp   [  58% ] 78/80 VUs  06m55.0s/12m00.0s

running (06m56.0s), 79/80 VUs, 20035 complete and 0 interrupted iterations
gradual_ramp   [  58% ] 79/80 VUs  06m56.0s/12m00.0s

running (06m57.0s), 79/80 VUs, 20143 complete and 0 interrupted iterations
gradual_ramp   [  58% ] 79/80 VUs  06m57.0s/12m00.0s

running (06m58.0s), 79/80 VUs, 20258 complete and 0 interrupted iterations
gradual_ramp   [  58% ] 79/80 VUs  06m58.0s/12m00.0s

running (06m59.0s), 79/80 VUs, 20367 complete and 0 interrupted iterations
gradual_ramp   [  58% ] 79/80 VUs  06m59.0s/12m00.0s

running (07m00.0s), 79/80 VUs, 20483 complete and 0 interrupted iterations
gradual_ramp   [  58% ] 79/80 VUs  07m00.0s/12m00.0s

running (07m01.0s), 80/80 VUs, 20596 complete and 0 interrupted iterations
gradual_ramp   [  58% ] 80/80 VUs  07m01.0s/12m00.0s

running (07m02.0s), 80/80 VUs, 20706 complete and 0 interrupted iterations
gradual_ramp   [  59% ] 80/80 VUs  07m02.0s/12m00.0s

running (07m03.0s), 80/80 VUs, 20816 complete and 0 interrupted iterations
gradual_ramp   [  59% ] 80/80 VUs  07m03.0s/12m00.0s

running (07m04.0s), 80/80 VUs, 20928 complete and 0 interrupted iterations
gradual_ramp   [  59% ] 80/80 VUs  07m04.0s/12m00.0s

running (07m05.0s), 80/80 VUs, 21042 complete and 0 interrupted iterations
gradual_ramp   [  59% ] 80/80 VUs  07m05.0s/12m00.0s

running (07m06.0s), 80/80 VUs, 21157 complete and 0 interrupted iterations
gradual_ramp   [  59% ] 80/80 VUs  07m06.0s/12m00.0s

running (07m07.0s), 80/80 VUs, 21268 complete and 0 interrupted iterations
gradual_ramp   [  59% ] 80/80 VUs  07m07.0s/12m00.0s

running (07m08.0s), 80/80 VUs, 21384 complete and 0 interrupted iterations
gradual_ramp   [  59% ] 80/80 VUs  07m08.0s/12m00.0s

running (07m09.0s), 80/80 VUs, 21495 complete and 0 interrupted iterations
gradual_ramp   [  60% ] 80/80 VUs  07m09.0s/12m00.0s

running (07m10.0s), 80/80 VUs, 21609 complete and 0 interrupted iterations
gradual_ramp   [  60% ] 80/80 VUs  07m10.0s/12m00.0s

running (07m11.0s), 80/80 VUs, 21716 complete and 0 interrupted iterations
gradual_ramp   [  60% ] 80/80 VUs  07m11.0s/12m00.0s

running (07m12.0s), 80/80 VUs, 21827 complete and 0 interrupted iterations
gradual_ramp   [  60% ] 80/80 VUs  07m12.0s/12m00.0s

running (07m13.0s), 80/80 VUs, 21940 complete and 0 interrupted iterations
gradual_ramp   [  60% ] 80/80 VUs  07m13.0s/12m00.0s

running (07m14.0s), 80/80 VUs, 22058 complete and 0 interrupted iterations
gradual_ramp   [  60% ] 80/80 VUs  07m14.0s/12m00.0s

running (07m15.0s), 80/80 VUs, 22165 complete and 0 interrupted iterations
gradual_ramp   [  60% ] 80/80 VUs  07m15.0s/12m00.0s

running (07m16.0s), 80/80 VUs, 22285 complete and 0 interrupted iterations
gradual_ramp   [  61% ] 80/80 VUs  07m16.0s/12m00.0s

running (07m17.0s), 80/80 VUs, 22395 complete and 0 interrupted iterations
gradual_ramp   [  61% ] 80/80 VUs  07m17.0s/12m00.0s

running (07m18.0s), 80/80 VUs, 22509 complete and 0 interrupted iterations
gradual_ramp   [  61% ] 80/80 VUs  07m18.0s/12m00.0s

running (07m19.0s), 80/80 VUs, 22626 complete and 0 interrupted iterations
gradual_ramp   [  61% ] 80/80 VUs  07m19.0s/12m00.0s

running (07m20.0s), 80/80 VUs, 22734 complete and 0 interrupted iterations
gradual_ramp   [  61% ] 80/80 VUs  07m20.0s/12m00.0s

running (07m21.0s), 80/80 VUs, 22840 complete and 0 interrupted iterations
gradual_ramp   [  61% ] 80/80 VUs  07m21.0s/12m00.0s

running (07m22.0s), 80/80 VUs, 22950 complete and 0 interrupted iterations
gradual_ramp   [  61% ] 80/80 VUs  07m22.0s/12m00.0s

running (07m23.0s), 80/80 VUs, 23065 complete and 0 interrupted iterations
gradual_ramp   [  62% ] 80/80 VUs  07m23.0s/12m00.0s

running (07m24.0s), 80/80 VUs, 23176 complete and 0 interrupted iterations
gradual_ramp   [  62% ] 80/80 VUs  07m24.0s/12m00.0s

running (07m25.0s), 80/80 VUs, 23289 complete and 0 interrupted iterations
gradual_ramp   [  62% ] 80/80 VUs  07m25.0s/12m00.0s

running (07m26.0s), 80/80 VUs, 23405 complete and 0 interrupted iterations
gradual_ramp   [  62% ] 80/80 VUs  07m26.0s/12m00.0s

running (07m27.0s), 80/80 VUs, 23512 complete and 0 interrupted iterations
gradual_ramp   [  62% ] 80/80 VUs  07m27.0s/12m00.0s

running (07m28.0s), 80/80 VUs, 23625 complete and 0 interrupted iterations
gradual_ramp   [  62% ] 80/80 VUs  07m28.0s/12m00.0s

running (07m29.0s), 80/80 VUs, 23742 complete and 0 interrupted iterations
gradual_ramp   [  62% ] 80/80 VUs  07m29.0s/12m00.0s

running (07m30.0s), 80/80 VUs, 23854 complete and 0 interrupted iterations
gradual_ramp   [  62% ] 80/80 VUs  07m30.0s/12m00.0s

running (07m31.0s), 80/80 VUs, 23964 complete and 0 interrupted iterations
gradual_ramp   [  63% ] 80/80 VUs  07m31.0s/12m00.0s

running (07m32.0s), 80/80 VUs, 24080 complete and 0 interrupted iterations
gradual_ramp   [  63% ] 80/80 VUs  07m32.0s/12m00.0s

running (07m33.0s), 80/80 VUs, 24200 complete and 0 interrupted iterations
gradual_ramp   [  63% ] 80/80 VUs  07m33.0s/12m00.0s

running (07m34.0s), 80/80 VUs, 24301 complete and 0 interrupted iterations
gradual_ramp   [  63% ] 80/80 VUs  07m34.0s/12m00.0s

running (07m35.0s), 80/80 VUs, 24420 complete and 0 interrupted iterations
gradual_ramp   [  63% ] 80/80 VUs  07m35.0s/12m00.0s

running (07m36.0s), 80/80 VUs, 24534 complete and 0 interrupted iterations
gradual_ramp   [  63% ] 80/80 VUs  07m36.0s/12m00.0s

running (07m37.0s), 80/80 VUs, 24639 complete and 0 interrupted iterations
gradual_ramp   [  63% ] 80/80 VUs  07m37.0s/12m00.0s

running (07m38.0s), 80/80 VUs, 24751 complete and 0 interrupted iterations
gradual_ramp   [  64% ] 80/80 VUs  07m38.0s/12m00.0s

running (07m39.0s), 80/80 VUs, 24865 complete and 0 interrupted iterations
gradual_ramp   [  64% ] 80/80 VUs  07m39.0s/12m00.0s

running (07m40.0s), 80/80 VUs, 24980 complete and 0 interrupted iterations
gradual_ramp   [  64% ] 80/80 VUs  07m40.0s/12m00.0s

running (07m41.0s), 80/80 VUs, 25092 complete and 0 interrupted iterations
gradual_ramp   [  64% ] 80/80 VUs  07m41.0s/12m00.0s

running (07m42.0s), 80/80 VUs, 25208 complete and 0 interrupted iterations
gradual_ramp   [  64% ] 80/80 VUs  07m42.0s/12m00.0s

running (07m43.0s), 80/80 VUs, 25316 complete and 0 interrupted iterations
gradual_ramp   [  64% ] 80/80 VUs  07m43.0s/12m00.0s

running (07m44.0s), 80/80 VUs, 25431 complete and 0 interrupted iterations
gradual_ramp   [  64% ] 80/80 VUs  07m44.0s/12m00.0s

running (07m45.0s), 80/80 VUs, 25540 complete and 0 interrupted iterations
gradual_ramp   [  65% ] 80/80 VUs  07m45.0s/12m00.0s

running (07m46.0s), 80/80 VUs, 25658 complete and 0 interrupted iterations
gradual_ramp   [  65% ] 80/80 VUs  07m46.0s/12m00.0s

running (07m47.0s), 80/80 VUs, 25768 complete and 0 interrupted iterations
gradual_ramp   [  65% ] 80/80 VUs  07m47.0s/12m00.0s

running (07m48.0s), 80/80 VUs, 25880 complete and 0 interrupted iterations
gradual_ramp   [  65% ] 80/80 VUs  07m48.0s/12m00.0s

running (07m49.0s), 80/80 VUs, 25997 complete and 0 interrupted iterations
gradual_ramp   [  65% ] 80/80 VUs  07m49.0s/12m00.0s

running (07m50.0s), 80/80 VUs, 26109 complete and 0 interrupted iterations
gradual_ramp   [  65% ] 80/80 VUs  07m50.0s/12m00.0s

running (07m51.0s), 80/80 VUs, 26222 complete and 0 interrupted iterations
gradual_ramp   [  65% ] 80/80 VUs  07m51.0s/12m00.0s

running (07m52.0s), 80/80 VUs, 26336 complete and 0 interrupted iterations
gradual_ramp   [  66% ] 80/80 VUs  07m52.0s/12m00.0s

running (07m53.0s), 80/80 VUs, 26441 complete and 0 interrupted iterations
gradual_ramp   [  66% ] 80/80 VUs  07m53.0s/12m00.0s

running (07m54.0s), 80/80 VUs, 26564 complete and 0 interrupted iterations
gradual_ramp   [  66% ] 80/80 VUs  07m54.0s/12m00.0s

running (07m55.0s), 80/80 VUs, 26668 complete and 0 interrupted iterations
gradual_ramp   [  66% ] 80/80 VUs  07m55.0s/12m00.0s

running (07m56.0s), 80/80 VUs, 26787 complete and 0 interrupted iterations
gradual_ramp   [  66% ] 80/80 VUs  07m56.0s/12m00.0s

running (07m57.0s), 80/80 VUs, 26893 complete and 0 interrupted iterations
gradual_ramp   [  66% ] 80/80 VUs  07m57.0s/12m00.0s

running (07m58.0s), 80/80 VUs, 27007 complete and 0 interrupted iterations
gradual_ramp   [  66% ] 80/80 VUs  07m58.0s/12m00.0s

running (07m59.0s), 80/80 VUs, 27119 complete and 0 interrupted iterations
gradual_ramp   [  67% ] 80/80 VUs  07m59.0s/12m00.0s

running (08m00.0s), 80/80 VUs, 27232 complete and 0 interrupted iterations
gradual_ramp   [  67% ] 80/80 VUs  08m00.0s/12m00.0s

running (08m01.0s), 80/80 VUs, 27341 complete and 0 interrupted iterations
gradual_ramp   [  67% ] 80/80 VUs  08m01.0s/12m00.0s

running (08m02.0s), 80/80 VUs, 27458 complete and 0 interrupted iterations
gradual_ramp   [  67% ] 80/80 VUs  08m02.0s/12m00.0s

running (08m03.0s), 80/80 VUs, 27569 complete and 0 interrupted iterations
gradual_ramp   [  67% ] 80/80 VUs  08m03.0s/12m00.0s

running (08m04.0s), 80/80 VUs, 27683 complete and 0 interrupted iterations
gradual_ramp   [  67% ] 80/80 VUs  08m04.0s/12m00.0s

running (08m05.0s), 80/80 VUs, 27795 complete and 0 interrupted iterations
gradual_ramp   [  67% ] 80/80 VUs  08m05.0s/12m00.0s

running (08m06.0s), 80/80 VUs, 27909 complete and 0 interrupted iterations
gradual_ramp   [  67% ] 80/80 VUs  08m06.0s/12m00.0s

running (08m07.0s), 80/80 VUs, 28021 complete and 0 interrupted iterations
gradual_ramp   [  68% ] 80/80 VUs  08m07.0s/12m00.0s

running (08m08.0s), 80/80 VUs, 28128 complete and 0 interrupted iterations
gradual_ramp   [  68% ] 80/80 VUs  08m08.0s/12m00.0s

running (08m09.0s), 80/80 VUs, 28243 complete and 0 interrupted iterations
gradual_ramp   [  68% ] 80/80 VUs  08m09.0s/12m00.0s

running (08m10.0s), 80/80 VUs, 28358 complete and 0 interrupted iterations
gradual_ramp   [  68% ] 80/80 VUs  08m10.0s/12m00.0s

running (08m11.0s), 80/80 VUs, 28473 complete and 0 interrupted iterations
gradual_ramp   [  68% ] 80/80 VUs  08m11.0s/12m00.0s

running (08m12.0s), 80/80 VUs, 28588 complete and 0 interrupted iterations
gradual_ramp   [  68% ] 80/80 VUs  08m12.0s/12m00.0s

running (08m13.0s), 80/80 VUs, 28694 complete and 0 interrupted iterations
gradual_ramp   [  68% ] 80/80 VUs  08m13.0s/12m00.0s

running (08m14.0s), 80/80 VUs, 28809 complete and 0 interrupted iterations
gradual_ramp   [  69% ] 80/80 VUs  08m14.0s/12m00.0s

running (08m15.0s), 80/80 VUs, 28914 complete and 0 interrupted iterations
gradual_ramp   [  69% ] 80/80 VUs  08m15.0s/12m00.0s

running (08m16.0s), 80/80 VUs, 29031 complete and 0 interrupted iterations
gradual_ramp   [  69% ] 80/80 VUs  08m16.0s/12m00.0s

running (08m17.0s), 80/80 VUs, 29143 complete and 0 interrupted iterations
gradual_ramp   [  69% ] 80/80 VUs  08m17.0s/12m00.0s

running (08m18.0s), 80/80 VUs, 29252 complete and 0 interrupted iterations
gradual_ramp   [  69% ] 80/80 VUs  08m18.0s/12m00.0s

running (08m19.0s), 80/80 VUs, 29366 complete and 0 interrupted iterations
gradual_ramp   [  69% ] 80/80 VUs  08m19.0s/12m00.0s

running (08m20.0s), 80/80 VUs, 29481 complete and 0 interrupted iterations
gradual_ramp   [  69% ] 80/80 VUs  08m20.0s/12m00.0s

running (08m21.0s), 80/80 VUs, 29592 complete and 0 interrupted iterations
gradual_ramp   [  70% ] 80/80 VUs  08m21.0s/12m00.0s

running (08m22.0s), 80/80 VUs, 29709 complete and 0 interrupted iterations
gradual_ramp   [  70% ] 80/80 VUs  08m22.0s/12m00.0s

running (08m23.0s), 80/80 VUs, 29816 complete and 0 interrupted iterations
gradual_ramp   [  70% ] 80/80 VUs  08m23.0s/12m00.0s

running (08m24.0s), 80/80 VUs, 29933 complete and 0 interrupted iterations
gradual_ramp   [  70% ] 80/80 VUs  08m24.0s/12m00.0s

running (08m25.0s), 80/80 VUs, 30048 complete and 0 interrupted iterations
gradual_ramp   [  70% ] 80/80 VUs  08m25.0s/12m00.0s

running (08m26.0s), 80/80 VUs, 30165 complete and 0 interrupted iterations
gradual_ramp   [  70% ] 80/80 VUs  08m26.0s/12m00.0s

running (08m27.0s), 80/80 VUs, 30268 complete and 0 interrupted iterations
gradual_ramp   [  70% ] 80/80 VUs  08m27.0s/12m00.0s

running (08m28.0s), 80/80 VUs, 30386 complete and 0 interrupted iterations
gradual_ramp   [  71% ] 80/80 VUs  08m28.0s/12m00.0s

running (08m29.0s), 80/80 VUs, 30499 complete and 0 interrupted iterations
gradual_ramp   [  71% ] 80/80 VUs  08m29.0s/12m00.0s

running (08m30.0s), 80/80 VUs, 30608 complete and 0 interrupted iterations
gradual_ramp   [  71% ] 80/80 VUs  08m30.0s/12m00.0s

running (08m31.0s), 80/80 VUs, 30722 complete and 0 interrupted iterations
gradual_ramp   [  71% ] 80/80 VUs  08m31.0s/12m00.0s

running (08m32.0s), 80/80 VUs, 30839 complete and 0 interrupted iterations
gradual_ramp   [  71% ] 80/80 VUs  08m32.0s/12m00.0s

running (08m33.0s), 80/80 VUs, 30956 complete and 0 interrupted iterations
gradual_ramp   [  71% ] 80/80 VUs  08m33.0s/12m00.0s

running (08m34.0s), 80/80 VUs, 31072 complete and 0 interrupted iterations
gradual_ramp   [  71% ] 80/80 VUs  08m34.0s/12m00.0s

running (08m35.0s), 80/80 VUs, 31189 complete and 0 interrupted iterations
gradual_ramp   [  72% ] 80/80 VUs  08m35.0s/12m00.0s

running (08m36.0s), 80/80 VUs, 31298 complete and 0 interrupted iterations
gradual_ramp   [  72% ] 80/80 VUs  08m36.0s/12m00.0s

running (08m37.0s), 80/80 VUs, 31412 complete and 0 interrupted iterations
gradual_ramp   [  72% ] 80/80 VUs  08m37.0s/12m00.0s

running (08m38.0s), 80/80 VUs, 31520 complete and 0 interrupted iterations
gradual_ramp   [  72% ] 80/80 VUs  08m38.0s/12m00.0s

running (08m39.0s), 80/80 VUs, 31635 complete and 0 interrupted iterations
gradual_ramp   [  72% ] 80/80 VUs  08m39.0s/12m00.0s

running (08m40.0s), 80/80 VUs, 31750 complete and 0 interrupted iterations
gradual_ramp   [  72% ] 80/80 VUs  08m40.0s/12m00.0s

running (08m41.0s), 80/80 VUs, 31863 complete and 0 interrupted iterations
gradual_ramp   [  72% ] 80/80 VUs  08m41.0s/12m00.0s

running (08m42.0s), 80/80 VUs, 31971 complete and 0 interrupted iterations
gradual_ramp   [  72% ] 80/80 VUs  08m42.0s/12m00.0s

running (08m43.0s), 80/80 VUs, 32085 complete and 0 interrupted iterations
gradual_ramp   [  73% ] 80/80 VUs  08m43.0s/12m00.0s

running (08m44.0s), 80/80 VUs, 32198 complete and 0 interrupted iterations
gradual_ramp   [  73% ] 80/80 VUs  08m44.0s/12m00.0s

running (08m45.0s), 80/80 VUs, 32311 complete and 0 interrupted iterations
gradual_ramp   [  73% ] 80/80 VUs  08m45.0s/12m00.0s

running (08m46.0s), 80/80 VUs, 32419 complete and 0 interrupted iterations
gradual_ramp   [  73% ] 80/80 VUs  08m46.0s/12m00.0s

running (08m47.0s), 80/80 VUs, 32528 complete and 0 interrupted iterations
gradual_ramp   [  73% ] 80/80 VUs  08m47.0s/12m00.0s

running (08m48.0s), 80/80 VUs, 32652 complete and 0 interrupted iterations
gradual_ramp   [  73% ] 80/80 VUs  08m48.0s/12m00.0s

running (08m49.0s), 80/80 VUs, 32755 complete and 0 interrupted iterations
gradual_ramp   [  73% ] 80/80 VUs  08m49.0s/12m00.0s

running (08m50.0s), 80/80 VUs, 32875 complete and 0 interrupted iterations
gradual_ramp   [  74% ] 80/80 VUs  08m50.0s/12m00.0s

running (08m51.0s), 80/80 VUs, 32988 complete and 0 interrupted iterations
gradual_ramp   [  74% ] 80/80 VUs  08m51.0s/12m00.0s

running (08m52.0s), 80/80 VUs, 33105 complete and 0 interrupted iterations
gradual_ramp   [  74% ] 80/80 VUs  08m52.0s/12m00.0s

running (08m53.0s), 80/80 VUs, 33212 complete and 0 interrupted iterations
gradual_ramp   [  74% ] 80/80 VUs  08m53.0s/12m00.0s

running (08m54.0s), 80/80 VUs, 33327 complete and 0 interrupted iterations
gradual_ramp   [  74% ] 80/80 VUs  08m54.0s/12m00.0s

running (08m55.0s), 80/80 VUs, 33438 complete and 0 interrupted iterations
gradual_ramp   [  74% ] 80/80 VUs  08m55.0s/12m00.0s

running (08m56.0s), 80/80 VUs, 33555 complete and 0 interrupted iterations
gradual_ramp   [  74% ] 80/80 VUs  08m56.0s/12m00.0s

running (08m57.0s), 80/80 VUs, 33664 complete and 0 interrupted iterations
gradual_ramp   [  75% ] 80/80 VUs  08m57.0s/12m00.0s

running (08m58.0s), 80/80 VUs, 33774 complete and 0 interrupted iterations
gradual_ramp   [  75% ] 80/80 VUs  08m58.0s/12m00.0s

running (08m59.0s), 80/80 VUs, 33891 complete and 0 interrupted iterations
gradual_ramp   [  75% ] 80/80 VUs  08m59.0s/12m00.0s

running (09m00.0s), 80/80 VUs, 34000 complete and 0 interrupted iterations
gradual_ramp   [  75% ] 80/80 VUs  09m00.0s/12m00.0s

running (09m01.0s), 80/80 VUs, 34120 complete and 0 interrupted iterations
gradual_ramp   [  75% ] 80/80 VUs  09m01.0s/12m00.0s

running (09m02.0s), 80/80 VUs, 34230 complete and 0 interrupted iterations
gradual_ramp   [  75% ] 80/80 VUs  09m02.0s/12m00.0s

running (09m03.0s), 79/80 VUs, 34344 complete and 0 interrupted iterations
gradual_ramp   [  75% ] 79/80 VUs  09m03.0s/12m00.0s

running (09m04.0s), 79/80 VUs, 34454 complete and 0 interrupted iterations
gradual_ramp   [  76% ] 79/80 VUs  09m04.0s/12m00.0s

running (09m05.0s), 79/80 VUs, 34565 complete and 0 interrupted iterations
gradual_ramp   [  76% ] 79/80 VUs  09m05.0s/12m00.0s

running (09m06.0s), 78/80 VUs, 34672 complete and 0 interrupted iterations
gradual_ramp   [  76% ] 78/80 VUs  09m06.0s/12m00.0s

running (09m07.0s), 77/80 VUs, 34785 complete and 0 interrupted iterations
gradual_ramp   [  76% ] 77/80 VUs  09m07.0s/12m00.0s

running (09m08.0s), 77/80 VUs, 34891 complete and 0 interrupted iterations
gradual_ramp   [  76% ] 77/80 VUs  09m08.0s/12m00.0s

running (09m09.0s), 77/80 VUs, 34999 complete and 0 interrupted iterations
gradual_ramp   [  76% ] 77/80 VUs  09m09.0s/12m00.0s

running (09m10.0s), 76/80 VUs, 35102 complete and 0 interrupted iterations
gradual_ramp   [  76% ] 76/80 VUs  09m10.0s/12m00.0s

running (09m11.0s), 76/80 VUs, 35212 complete and 0 interrupted iterations
gradual_ramp   [  77% ] 76/80 VUs  09m11.0s/12m00.0s

running (09m12.0s), 75/80 VUs, 35318 complete and 0 interrupted iterations
gradual_ramp   [  77% ] 75/80 VUs  09m12.0s/12m00.0s

running (09m13.0s), 75/80 VUs, 35423 complete and 0 interrupted iterations
gradual_ramp   [  77% ] 75/80 VUs  09m13.0s/12m00.0s

running (09m14.0s), 74/80 VUs, 35525 complete and 0 interrupted iterations
gradual_ramp   [  77% ] 74/80 VUs  09m14.0s/12m00.0s

running (09m15.0s), 74/80 VUs, 35633 complete and 0 interrupted iterations
gradual_ramp   [  77% ] 74/80 VUs  09m15.0s/12m00.0s

running (09m16.0s), 74/80 VUs, 35735 complete and 0 interrupted iterations
gradual_ramp   [  77% ] 74/80 VUs  09m16.0s/12m00.0s

running (09m17.0s), 73/80 VUs, 35836 complete and 0 interrupted iterations
gradual_ramp   [  77% ] 73/80 VUs  09m17.0s/12m00.0s

running (09m18.0s), 73/80 VUs, 35942 complete and 0 interrupted iterations
gradual_ramp   [  77% ] 73/80 VUs  09m18.0s/12m00.0s

running (09m19.0s), 72/80 VUs, 36038 complete and 0 interrupted iterations
gradual_ramp   [  78% ] 72/80 VUs  09m19.0s/12m00.0s

running (09m20.0s), 72/80 VUs, 36135 complete and 0 interrupted iterations
gradual_ramp   [  78% ] 72/80 VUs  09m20.0s/12m00.0s

running (09m21.0s), 71/80 VUs, 36247 complete and 0 interrupted iterations
gradual_ramp   [  78% ] 71/80 VUs  09m21.0s/12m00.0s

running (09m22.0s), 71/80 VUs, 36343 complete and 0 interrupted iterations
gradual_ramp   [  78% ] 71/80 VUs  09m22.0s/12m00.0s

running (09m23.0s), 70/80 VUs, 36445 complete and 0 interrupted iterations
gradual_ramp   [  78% ] 70/80 VUs  09m23.0s/12m00.0s

running (09m24.0s), 70/80 VUs, 36543 complete and 0 interrupted iterations
gradual_ramp   [  78% ] 70/80 VUs  09m24.0s/12m00.0s

running (09m25.0s), 70/80 VUs, 36640 complete and 0 interrupted iterations
gradual_ramp   [  78% ] 70/80 VUs  09m25.0s/12m00.0s

running (09m26.0s), 69/80 VUs, 36735 complete and 0 interrupted iterations
gradual_ramp   [  79% ] 69/80 VUs  09m26.0s/12m00.0s

running (09m27.0s), 69/80 VUs, 36832 complete and 0 interrupted iterations
gradual_ramp   [  79% ] 69/80 VUs  09m27.0s/12m00.0s

running (09m28.0s), 68/80 VUs, 36930 complete and 0 interrupted iterations
gradual_ramp   [  79% ] 68/80 VUs  09m28.0s/12m00.0s

running (09m29.0s), 68/80 VUs, 37023 complete and 0 interrupted iterations
gradual_ramp   [  79% ] 68/80 VUs  09m29.0s/12m00.0s

running (09m30.0s), 67/80 VUs, 37122 complete and 0 interrupted iterations
gradual_ramp   [  79% ] 67/80 VUs  09m30.0s/12m00.0s

running (09m31.0s), 67/80 VUs, 37215 complete and 0 interrupted iterations
gradual_ramp   [  79% ] 67/80 VUs  09m31.0s/12m00.0s

running (09m32.0s), 66/80 VUs, 37311 complete and 0 interrupted iterations
gradual_ramp   [  79% ] 66/80 VUs  09m32.0s/12m00.0s

running (09m33.0s), 66/80 VUs, 37400 complete and 0 interrupted iterations
gradual_ramp   [  80% ] 66/80 VUs  09m33.0s/12m00.0s

running (09m34.0s), 65/80 VUs, 37485 complete and 0 interrupted iterations
gradual_ramp   [  80% ] 65/80 VUs  09m34.0s/12m00.0s

running (09m35.0s), 65/80 VUs, 37581 complete and 0 interrupted iterations
gradual_ramp   [  80% ] 65/80 VUs  09m35.0s/12m00.0s

running (09m36.0s), 65/80 VUs, 37673 complete and 0 interrupted iterations
gradual_ramp   [  80% ] 65/80 VUs  09m36.0s/12m00.0s

running (09m37.0s), 64/80 VUs, 37765 complete and 0 interrupted iterations
gradual_ramp   [  80% ] 64/80 VUs  09m37.0s/12m00.0s

running (09m38.0s), 64/80 VUs, 37854 complete and 0 interrupted iterations
gradual_ramp   [  80% ] 64/80 VUs  09m38.0s/12m00.0s

running (09m39.0s), 63/80 VUs, 37943 complete and 0 interrupted iterations
gradual_ramp   [  80% ] 63/80 VUs  09m39.0s/12m00.0s

running (09m40.0s), 63/80 VUs, 38031 complete and 0 interrupted iterations
gradual_ramp   [  81% ] 63/80 VUs  09m40.0s/12m00.0s

running (09m41.0s), 62/80 VUs, 38122 complete and 0 interrupted iterations
gradual_ramp   [  81% ] 62/80 VUs  09m41.0s/12m00.0s

running (09m42.0s), 62/80 VUs, 38213 complete and 0 interrupted iterations
gradual_ramp   [  81% ] 62/80 VUs  09m42.0s/12m00.0s

running (09m43.0s), 62/80 VUs, 38303 complete and 0 interrupted iterations
gradual_ramp   [  81% ] 62/80 VUs  09m43.0s/12m00.0s

running (09m44.0s), 61/80 VUs, 38387 complete and 0 interrupted iterations
gradual_ramp   [  81% ] 61/80 VUs  09m44.0s/12m00.0s

running (09m45.0s), 61/80 VUs, 38476 complete and 0 interrupted iterations
gradual_ramp   [  81% ] 61/80 VUs  09m45.0s/12m00.0s

running (09m46.0s), 60/80 VUs, 38562 complete and 0 interrupted iterations
gradual_ramp   [  81% ] 60/80 VUs  09m46.0s/12m00.0s

running (09m47.0s), 60/80 VUs, 38641 complete and 0 interrupted iterations
gradual_ramp   [  82% ] 60/80 VUs  09m47.0s/12m00.0s

running (09m48.0s), 59/80 VUs, 38731 complete and 0 interrupted iterations
gradual_ramp   [  82% ] 59/80 VUs  09m48.0s/12m00.0s

running (09m49.0s), 59/80 VUs, 38814 complete and 0 interrupted iterations
gradual_ramp   [  82% ] 59/80 VUs  09m49.0s/12m00.0s

running (09m50.0s), 58/80 VUs, 38902 complete and 0 interrupted iterations
gradual_ramp   [  82% ] 58/80 VUs  09m50.0s/12m00.0s

running (09m51.0s), 58/80 VUs, 38982 complete and 0 interrupted iterations
gradual_ramp   [  82% ] 58/80 VUs  09m51.0s/12m00.0s

running (09m52.0s), 57/80 VUs, 39063 complete and 0 interrupted iterations
gradual_ramp   [  82% ] 57/80 VUs  09m52.0s/12m00.0s

running (09m53.0s), 57/80 VUs, 39142 complete and 0 interrupted iterations
gradual_ramp   [  82% ] 57/80 VUs  09m53.0s/12m00.0s

running (09m54.0s), 57/80 VUs, 39224 complete and 0 interrupted iterations
gradual_ramp   [  82% ] 57/80 VUs  09m54.0s/12m00.0s

running (09m55.0s), 56/80 VUs, 39301 complete and 0 interrupted iterations
gradual_ramp   [  83% ] 56/80 VUs  09m55.0s/12m00.0s

running (09m56.0s), 56/80 VUs, 39379 complete and 0 interrupted iterations
gradual_ramp   [  83% ] 56/80 VUs  09m56.0s/12m00.0s

running (09m57.0s), 55/80 VUs, 39462 complete and 0 interrupted iterations
gradual_ramp   [  83% ] 55/80 VUs  09m57.0s/12m00.0s

running (09m58.0s), 55/80 VUs, 39535 complete and 0 interrupted iterations
gradual_ramp   [  83% ] 55/80 VUs  09m58.0s/12m00.0s

running (09m59.0s), 55/80 VUs, 39619 complete and 0 interrupted iterations
gradual_ramp   [  83% ] 55/80 VUs  09m59.0s/12m00.0s

running (10m00.0s), 54/80 VUs, 39695 complete and 0 interrupted iterations
gradual_ramp   [  83% ] 54/80 VUs  10m00.0s/12m00.0s

running (10m01.0s), 54/80 VUs, 39771 complete and 0 interrupted iterations
gradual_ramp   [  83% ] 54/80 VUs  10m01.0s/12m00.0s

running (10m02.0s), 53/80 VUs, 39850 complete and 0 interrupted iterations
gradual_ramp   [  84% ] 53/80 VUs  10m02.0s/12m00.0s

running (10m03.0s), 53/80 VUs, 39923 complete and 0 interrupted iterations
gradual_ramp   [  84% ] 53/80 VUs  10m03.0s/12m00.0s

running (10m04.0s), 52/80 VUs, 40002 complete and 0 interrupted iterations
gradual_ramp   [  84% ] 52/80 VUs  10m04.0s/12m00.0s

running (10m05.0s), 52/80 VUs, 40073 complete and 0 interrupted iterations
gradual_ramp   [  84% ] 52/80 VUs  10m05.0s/12m00.0s

running (10m06.0s), 51/80 VUs, 40145 complete and 0 interrupted iterations
gradual_ramp   [  84% ] 51/80 VUs  10m06.0s/12m00.0s

running (10m07.0s), 51/80 VUs, 40216 complete and 0 interrupted iterations
gradual_ramp   [  84% ] 51/80 VUs  10m07.0s/12m00.0s

running (10m08.0s), 51/80 VUs, 40292 complete and 0 interrupted iterations
gradual_ramp   [  84% ] 51/80 VUs  10m08.0s/12m00.0s

running (10m09.0s), 50/80 VUs, 40359 complete and 0 interrupted iterations
gradual_ramp   [  85% ] 50/80 VUs  10m09.0s/12m00.0s

running (10m10.0s), 49/80 VUs, 40431 complete and 0 interrupted iterations
gradual_ramp   [  85% ] 49/80 VUs  10m10.0s/12m00.0s

running (10m11.0s), 49/80 VUs, 40497 complete and 0 interrupted iterations
gradual_ramp   [  85% ] 49/80 VUs  10m11.0s/12m00.0s

running (10m12.0s), 49/80 VUs, 40570 complete and 0 interrupted iterations
gradual_ramp   [  85% ] 49/80 VUs  10m12.0s/12m00.0s

running (10m13.0s), 48/80 VUs, 40638 complete and 0 interrupted iterations
gradual_ramp   [  85% ] 48/80 VUs  10m13.0s/12m00.0s

running (10m14.0s), 48/80 VUs, 40700 complete and 0 interrupted iterations
gradual_ramp   [  85% ] 48/80 VUs  10m14.0s/12m00.0s

running (10m15.0s), 47/80 VUs, 40768 complete and 0 interrupted iterations
gradual_ramp   [  85% ] 47/80 VUs  10m15.0s/12m00.0s

running (10m16.0s), 47/80 VUs, 40837 complete and 0 interrupted iterations
gradual_ramp   [  86% ] 47/80 VUs  10m16.0s/12m00.0s

running (10m17.0s), 46/80 VUs, 40905 complete and 0 interrupted iterations
gradual_ramp   [  86% ] 46/80 VUs  10m17.0s/12m00.0s

running (10m18.0s), 46/80 VUs, 40963 complete and 0 interrupted iterations
gradual_ramp   [  86% ] 46/80 VUs  10m18.0s/12m00.0s

running (10m19.0s), 46/80 VUs, 41034 complete and 0 interrupted iterations
gradual_ramp   [  86% ] 46/80 VUs  10m19.0s/12m00.0s

running (10m20.0s), 45/80 VUs, 41098 complete and 0 interrupted iterations
gradual_ramp   [  86% ] 45/80 VUs  10m20.0s/12m00.0s

running (10m21.0s), 45/80 VUs, 41161 complete and 0 interrupted iterations
gradual_ramp   [  86% ] 45/80 VUs  10m21.0s/12m00.0s

running (10m22.0s), 44/80 VUs, 41218 complete and 0 interrupted iterations
gradual_ramp   [  86% ] 44/80 VUs  10m22.0s/12m00.0s

running (10m23.0s), 44/80 VUs, 41289 complete and 0 interrupted iterations
gradual_ramp   [  87% ] 44/80 VUs  10m23.0s/12m00.0s

running (10m24.0s), 43/80 VUs, 41346 complete and 0 interrupted iterations
gradual_ramp   [  87% ] 43/80 VUs  10m24.0s/12m00.0s

running (10m25.0s), 43/80 VUs, 41410 complete and 0 interrupted iterations
gradual_ramp   [  87% ] 43/80 VUs  10m25.0s/12m00.0s

running (10m26.0s), 43/80 VUs, 41471 complete and 0 interrupted iterations
gradual_ramp   [  87% ] 43/80 VUs  10m26.0s/12m00.0s

running (10m27.0s), 42/80 VUs, 41528 complete and 0 interrupted iterations
gradual_ramp   [  87% ] 42/80 VUs  10m27.0s/12m00.0s

running (10m28.0s), 42/80 VUs, 41590 complete and 0 interrupted iterations
gradual_ramp   [  87% ] 42/80 VUs  10m28.0s/12m00.0s

running (10m29.0s), 41/80 VUs, 41648 complete and 0 interrupted iterations
gradual_ramp   [  87% ] 41/80 VUs  10m29.0s/12m00.0s

running (10m30.0s), 41/80 VUs, 41709 complete and 0 interrupted iterations
gradual_ramp   [  87% ] 41/80 VUs  10m30.0s/12m00.0s

running (10m31.0s), 40/80 VUs, 41764 complete and 0 interrupted iterations
gradual_ramp   [  88% ] 40/80 VUs  10m31.0s/12m00.0s

running (10m32.0s), 40/80 VUs, 41823 complete and 0 interrupted iterations
gradual_ramp   [  88% ] 40/80 VUs  10m32.0s/12m00.0s

running (10m33.0s), 39/80 VUs, 41875 complete and 0 interrupted iterations
gradual_ramp   [  88% ] 39/80 VUs  10m33.0s/12m00.0s

running (10m34.0s), 39/80 VUs, 41938 complete and 0 interrupted iterations
gradual_ramp   [  88% ] 39/80 VUs  10m34.0s/12m00.0s

running (10m35.0s), 38/80 VUs, 41987 complete and 0 interrupted iterations
gradual_ramp   [  88% ] 38/80 VUs  10m35.0s/12m00.0s

running (10m36.0s), 38/80 VUs, 42042 complete and 0 interrupted iterations
gradual_ramp   [  88% ] 38/80 VUs  10m36.0s/12m00.0s

running (10m37.0s), 37/80 VUs, 42094 complete and 0 interrupted iterations
gradual_ramp   [  88% ] 37/80 VUs  10m37.0s/12m00.0s

running (10m38.0s), 37/80 VUs, 42150 complete and 0 interrupted iterations
gradual_ramp   [  89% ] 37/80 VUs  10m38.0s/12m00.0s

running (10m39.0s), 37/80 VUs, 42201 complete and 0 interrupted iterations
gradual_ramp   [  89% ] 37/80 VUs  10m39.0s/12m00.0s

running (10m40.0s), 36/80 VUs, 42253 complete and 0 interrupted iterations
gradual_ramp   [  89% ] 36/80 VUs  10m40.0s/12m00.0s

running (10m41.0s), 36/80 VUs, 42303 complete and 0 interrupted iterations
gradual_ramp   [  89% ] 36/80 VUs  10m41.0s/12m00.0s

running (10m42.0s), 35/80 VUs, 42356 complete and 0 interrupted iterations
gradual_ramp   [  89% ] 35/80 VUs  10m42.0s/12m00.0s

running (10m43.0s), 35/80 VUs, 42400 complete and 0 interrupted iterations
gradual_ramp   [  89% ] 35/80 VUs  10m43.0s/12m00.0s

running (10m44.0s), 34/80 VUs, 42453 complete and 0 interrupted iterations
gradual_ramp   [  89% ] 34/80 VUs  10m44.0s/12m00.0s

running (10m45.0s), 34/80 VUs, 42500 complete and 0 interrupted iterations
gradual_ramp   [  90% ] 34/80 VUs  10m45.0s/12m00.0s

running (10m46.0s), 34/80 VUs, 42548 complete and 0 interrupted iterations
gradual_ramp   [  90% ] 34/80 VUs  10m46.0s/12m00.0s

running (10m47.0s), 33/80 VUs, 42596 complete and 0 interrupted iterations
gradual_ramp   [  90% ] 33/80 VUs  10m47.0s/12m00.0s

running (10m48.0s), 33/80 VUs, 42639 complete and 0 interrupted iterations
gradual_ramp   [  90% ] 33/80 VUs  10m48.0s/12m00.0s

running (10m49.0s), 32/80 VUs, 42687 complete and 0 interrupted iterations
gradual_ramp   [  90% ] 32/80 VUs  10m49.0s/12m00.0s

running (10m50.0s), 32/80 VUs, 42732 complete and 0 interrupted iterations
gradual_ramp   [  90% ] 32/80 VUs  10m50.0s/12m00.0s

running (10m51.0s), 31/80 VUs, 42772 complete and 0 interrupted iterations
gradual_ramp   [  90% ] 31/80 VUs  10m51.0s/12m00.0s

running (10m52.0s), 31/80 VUs, 42818 complete and 0 interrupted iterations
gradual_ramp   [  91% ] 31/80 VUs  10m52.0s/12m00.0s

running (10m53.0s), 30/80 VUs, 42859 complete and 0 interrupted iterations
gradual_ramp   [  91% ] 30/80 VUs  10m53.0s/12m00.0s

running (10m54.0s), 30/80 VUs, 42903 complete and 0 interrupted iterations
gradual_ramp   [  91% ] 30/80 VUs  10m54.0s/12m00.0s

running (10m55.0s), 30/80 VUs, 42947 complete and 0 interrupted iterations
gradual_ramp   [  91% ] 30/80 VUs  10m55.0s/12m00.0s

running (10m56.0s), 29/80 VUs, 42987 complete and 0 interrupted iterations
gradual_ramp   [  91% ] 29/80 VUs  10m56.0s/12m00.0s

running (10m57.0s), 29/80 VUs, 43029 complete and 0 interrupted iterations
gradual_ramp   [  91% ] 29/80 VUs  10m57.0s/12m00.0s

running (10m58.0s), 28/80 VUs, 43074 complete and 0 interrupted iterations
gradual_ramp   [  91% ] 28/80 VUs  10m58.0s/12m00.0s

running (10m59.0s), 28/80 VUs, 43110 complete and 0 interrupted iterations
gradual_ramp   [  92% ] 28/80 VUs  10m59.0s/12m00.0s

running (11m00.0s), 27/80 VUs, 43150 complete and 0 interrupted iterations
gradual_ramp   [  92% ] 27/80 VUs  11m00.0s/12m00.0s

running (11m01.0s), 27/80 VUs, 43186 complete and 0 interrupted iterations
gradual_ramp   [  92% ] 27/80 VUs  11m01.0s/12m00.0s

running (11m02.0s), 27/80 VUs, 43225 complete and 0 interrupted iterations
gradual_ramp   [  92% ] 27/80 VUs  11m02.0s/12m00.0s

running (11m03.0s), 26/80 VUs, 43265 complete and 0 interrupted iterations
gradual_ramp   [  92% ] 26/80 VUs  11m03.0s/12m00.0s

running (11m04.0s), 26/80 VUs, 43298 complete and 0 interrupted iterations
gradual_ramp   [  92% ] 26/80 VUs  11m04.0s/12m00.0s

running (11m05.0s), 25/80 VUs, 43335 complete and 0 interrupted iterations
gradual_ramp   [  92% ] 25/80 VUs  11m05.0s/12m00.0s

running (11m06.0s), 25/80 VUs, 43371 complete and 0 interrupted iterations
gradual_ramp   [  92% ] 25/80 VUs  11m06.0s/12m00.0s

running (11m07.0s), 24/80 VUs, 43408 complete and 0 interrupted iterations
gradual_ramp   [  93% ] 24/80 VUs  11m07.0s/12m00.0s

running (11m08.0s), 24/80 VUs, 43441 complete and 0 interrupted iterations
gradual_ramp   [  93% ] 24/80 VUs  11m08.0s/12m00.0s

running (11m09.0s), 23/80 VUs, 43476 complete and 0 interrupted iterations
gradual_ramp   [  93% ] 23/80 VUs  11m09.0s/12m00.0s

running (11m10.0s), 23/80 VUs, 43507 complete and 0 interrupted iterations
gradual_ramp   [  93% ] 23/80 VUs  11m10.0s/12m00.0s

running (11m11.0s), 22/80 VUs, 43541 complete and 0 interrupted iterations
gradual_ramp   [  93% ] 22/80 VUs  11m11.0s/12m00.0s

running (11m12.0s), 22/80 VUs, 43570 complete and 0 interrupted iterations
gradual_ramp   [  93% ] 22/80 VUs  11m12.0s/12m00.0s

running (11m13.0s), 22/80 VUs, 43603 complete and 0 interrupted iterations
gradual_ramp   [  93% ] 22/80 VUs  11m13.0s/12m00.0s

running (11m14.0s), 21/80 VUs, 43630 complete and 0 interrupted iterations
gradual_ramp   [  94% ] 21/80 VUs  11m14.0s/12m00.0s

running (11m15.0s), 21/80 VUs, 43659 complete and 0 interrupted iterations
gradual_ramp   [  94% ] 21/80 VUs  11m15.0s/12m00.0s

running (11m16.0s), 20/80 VUs, 43688 complete and 0 interrupted iterations
gradual_ramp   [  94% ] 20/80 VUs  11m16.0s/12m00.0s

running (11m17.0s), 20/80 VUs, 43713 complete and 0 interrupted iterations
gradual_ramp   [  94% ] 20/80 VUs  11m17.0s/12m00.0s

running (11m18.0s), 19/80 VUs, 43743 complete and 0 interrupted iterations
gradual_ramp   [  94% ] 19/80 VUs  11m18.0s/12m00.0s

running (11m19.0s), 19/80 VUs, 43769 complete and 0 interrupted iterations
gradual_ramp   [  94% ] 19/80 VUs  11m19.0s/12m00.0s

running (11m20.0s), 19/80 VUs, 43797 complete and 0 interrupted iterations
gradual_ramp   [  94% ] 19/80 VUs  11m20.0s/12m00.0s

running (11m21.0s), 18/80 VUs, 43825 complete and 0 interrupted iterations
gradual_ramp   [  95% ] 18/80 VUs  11m21.0s/12m00.0s

running (11m22.0s), 18/80 VUs, 43848 complete and 0 interrupted iterations
gradual_ramp   [  95% ] 18/80 VUs  11m22.0s/12m00.0s

running (11m23.0s), 17/80 VUs, 43870 complete and 0 interrupted iterations
gradual_ramp   [  95% ] 17/80 VUs  11m23.0s/12m00.0s

running (11m24.0s), 17/80 VUs, 43897 complete and 0 interrupted iterations
gradual_ramp   [  95% ] 17/80 VUs  11m24.0s/12m00.0s

running (11m25.0s), 16/80 VUs, 43919 complete and 0 interrupted iterations
gradual_ramp   [  95% ] 16/80 VUs  11m25.0s/12m00.0s

running (11m26.0s), 16/80 VUs, 43937 complete and 0 interrupted iterations
gradual_ramp   [  95% ] 16/80 VUs  11m26.0s/12m00.0s

running (11m27.0s), 15/80 VUs, 43966 complete and 0 interrupted iterations
gradual_ramp   [  95% ] 15/80 VUs  11m27.0s/12m00.0s

running (11m28.0s), 15/80 VUs, 43982 complete and 0 interrupted iterations
gradual_ramp   [  96% ] 15/80 VUs  11m28.0s/12m00.0s

running (11m29.0s), 15/80 VUs, 44004 complete and 0 interrupted iterations
gradual_ramp   [  96% ] 15/80 VUs  11m29.0s/12m00.0s

running (11m30.0s), 14/80 VUs, 44026 complete and 0 interrupted iterations
gradual_ramp   [  96% ] 14/80 VUs  11m30.0s/12m00.0s

running (11m31.0s), 14/80 VUs, 44043 complete and 0 interrupted iterations
gradual_ramp   [  96% ] 14/80 VUs  11m31.0s/12m00.0s

running (11m32.0s), 13/80 VUs, 44064 complete and 0 interrupted iterations
gradual_ramp   [  96% ] 13/80 VUs  11m32.0s/12m00.0s

running (11m33.0s), 13/80 VUs, 44083 complete and 0 interrupted iterations
gradual_ramp   [  96% ] 13/80 VUs  11m33.0s/12m00.0s

running (11m34.0s), 12/80 VUs, 44099 complete and 0 interrupted iterations
gradual_ramp   [  96% ] 12/80 VUs  11m34.0s/12m00.0s

running (11m35.0s), 12/80 VUs, 44120 complete and 0 interrupted iterations
gradual_ramp   [  97% ] 12/80 VUs  11m35.0s/12m00.0s

running (11m36.0s), 11/80 VUs, 44133 complete and 0 interrupted iterations
gradual_ramp   [  97% ] 11/80 VUs  11m36.0s/12m00.0s

running (11m37.0s), 11/80 VUs, 44150 complete and 0 interrupted iterations
gradual_ramp   [  97% ] 11/80 VUs  11m37.0s/12m00.0s

running (11m38.0s), 11/80 VUs, 44165 complete and 0 interrupted iterations
gradual_ramp   [  97% ] 11/80 VUs  11m38.0s/12m00.0s

running (11m39.0s), 10/80 VUs, 44180 complete and 0 interrupted iterations
gradual_ramp   [  97% ] 10/80 VUs  11m39.0s/12m00.0s

running (11m40.0s), 10/80 VUs, 44196 complete and 0 interrupted iterations
gradual_ramp   [  97% ] 10/80 VUs  11m40.0s/12m00.0s

running (11m41.0s), 09/80 VUs, 44207 complete and 0 interrupted iterations
gradual_ramp   [  97% ] 09/80 VUs  11m41.0s/12m00.0s

running (11m42.0s), 09/80 VUs, 44219 complete and 0 interrupted iterations
gradual_ramp   [  97% ] 09/80 VUs  11m42.0s/12m00.0s

running (11m43.0s), 08/80 VUs, 44232 complete and 0 interrupted iterations
gradual_ramp   [  98% ] 08/80 VUs  11m43.0s/12m00.0s

running (11m44.0s), 08/80 VUs, 44241 complete and 0 interrupted iterations
gradual_ramp   [  98% ] 08/80 VUs  11m44.0s/12m00.0s

running (11m45.0s), 07/80 VUs, 44255 complete and 0 interrupted iterations
gradual_ramp   [  98% ] 07/80 VUs  11m45.0s/12m00.0s

running (11m46.0s), 07/80 VUs, 44262 complete and 0 interrupted iterations
gradual_ramp   [  98% ] 07/80 VUs  11m46.0s/12m00.0s

running (11m47.0s), 06/80 VUs, 44274 complete and 0 interrupted iterations
gradual_ramp   [  98% ] 06/80 VUs  11m47.0s/12m00.0s

running (11m48.0s), 06/80 VUs, 44281 complete and 0 interrupted iterations
gradual_ramp   [  98% ] 06/80 VUs  11m48.0s/12m00.0s

running (11m49.0s), 06/80 VUs, 44290 complete and 0 interrupted iterations
gradual_ramp   [  98% ] 06/80 VUs  11m49.0s/12m00.0s

running (11m50.0s), 05/80 VUs, 44297 complete and 0 interrupted iterations
gradual_ramp   [  99% ] 05/80 VUs  11m50.0s/12m00.0s

running (11m51.0s), 05/80 VUs, 44306 complete and 0 interrupted iterations
gradual_ramp   [  99% ] 05/80 VUs  11m51.0s/12m00.0s

running (11m52.0s), 04/80 VUs, 44312 complete and 0 interrupted iterations
gradual_ramp   [  99% ] 04/80 VUs  11m52.0s/12m00.0s

running (11m53.0s), 04/80 VUs, 44317 complete and 0 interrupted iterations
gradual_ramp   [  99% ] 04/80 VUs  11m53.0s/12m00.0s

running (11m54.0s), 03/80 VUs, 44323 complete and 0 interrupted iterations
gradual_ramp   [  99% ] 03/80 VUs  11m54.0s/12m00.0s

running (11m55.0s), 03/80 VUs, 44327 complete and 0 interrupted iterations
gradual_ramp   [  99% ] 03/80 VUs  11m55.0s/12m00.0s

running (11m56.0s), 02/80 VUs, 44332 complete and 0 interrupted iterations
gradual_ramp   [  99% ] 02/80 VUs  11m56.0s/12m00.0s

running (11m57.0s), 02/80 VUs, 44335 complete and 0 interrupted iterations
gradual_ramp   [ 100% ] 02/80 VUs  11m57.0s/12m00.0s

running (11m58.0s), 01/80 VUs, 44338 complete and 0 interrupted iterations
gradual_ramp   [ 100% ] 01/80 VUs  11m58.0s/12m00.0s

running (11m59.0s), 01/80 VUs, 44340 complete and 0 interrupted iterations
gradual_ramp   [ 100% ] 01/80 VUs  11m59.0s/12m00.0s

running (12m00.0s), 01/80 VUs, 44341 complete and 0 interrupted iterations
gradual_ramp   [ 100% ] 01/80 VUs  12m00.0s/12m00.0s

     ✓ status is 200
     ✓ returns quotes
     ✗ response time <2000ms
      ↳  99% — ✓ 44341 / ✗ 1

     checks.........................: 99.99% ✓ 133025    ✗ 1    
     data_received..................: 32 MB  45 kB/s
     data_sent......................: 20 MB  27 kB/s
     http_req_blocked...............: avg=7.22µs   min=1.03µs   med=2.23µs   max=21.53ms p(90)=3.2µs    p(95)=3.69µs  
     http_req_connecting............: avg=2.51µs   min=0s       med=0s       max=21.47ms p(90)=0s       p(95)=0s      
   ✓ http_req_duration..............: avg=709.43ms min=469.2ms  med=708.9ms  max=5.24s   p(90)=895.98ms p(95)=916.72ms
       { expected_response:true }...: avg=709.43ms min=469.2ms  med=708.9ms  max=5.24s   p(90)=895.98ms p(95)=916.72ms
   ✓ http_req_failed................: 0.00%  ✓ 0         ✗ 44342
     http_req_receiving.............: avg=111.08µs min=18µs     med=100.4µs  max=6.45ms  p(90)=153.1µs  p(95)=184.69µs
     http_req_sending...............: avg=19.65µs  min=8.14µs   med=19.1µs   max=3.89ms  p(90)=27.05µs  p(95)=29.91µs 
     http_req_tls_handshaking.......: avg=0s       min=0s       med=0s       max=0s      p(90)=0s       p(95)=0s      
     http_req_waiting...............: avg=709.3ms  min=469.12ms med=708.77ms max=5.24s   p(90)=895.88ms p(95)=916.59ms
     http_reqs......................: 44342  61.552502/s
     iteration_duration.............: avg=709.68ms min=469.44ms med=709.15ms max=5.24s   p(90)=896.26ms p(95)=916.98ms
     iterations.....................: 44342  61.552502/s
     vus............................: 1      min=1       max=80 
     vus_max........................: 80     min=80      max=80 


running (12m00.4s), 00/80 VUs, 44342 complete and 0 interrupted iterations
gradual_ramp ✓ [ 100% ] 00/80 VUs  12m0s
