
          /\      |‾‾| /‾‾/   /‾‾/   
     /\  /  \     |  |/  /   /  /    
    /  \/    \    |     (   /   ‾‾\  
   /          \   |  |\  \ |  (‾)  | 
  / __________ \  |__| \__\ \_____/ .io

  execution: local
     script: /scripts/load-test.js
     output: json (/results/results.json)

  scenarios: (100.00%) 1 scenario, 80 max VUs, 12m30s max duration (incl. graceful stop):
           * gradual_ramp: Up to 80 looping VUs for 12m0s over 4 stages (gracefulRampDown: 30s, gracefulStop: 30s)


running (00m00.9s), 10/80 VUs, 9 complete and 0 interrupted iterations
gradual_ramp   [   0% ] 10/80 VUs  00m00.9s/12m00.0s

running (00m01.9s), 10/80 VUs, 20 complete and 0 interrupted iterations
gradual_ramp   [   0% ] 10/80 VUs  00m01.9s/12m00.0s

running (00m02.9s), 10/80 VUs, 33 complete and 0 interrupted iterations
gradual_ramp   [   0% ] 10/80 VUs  00m02.9s/12m00.0s

running (00m03.9s), 10/80 VUs, 47 complete and 0 interrupted iterations
gradual_ramp   [   1% ] 10/80 VUs  00m03.9s/12m00.0s

running (00m04.9s), 10/80 VUs, 63 complete and 0 interrupted iterations
gradual_ramp   [   1% ] 10/80 VUs  00m04.9s/12m00.0s

running (00m05.9s), 10/80 VUs, 76 complete and 0 interrupted iterations
gradual_ramp   [   1% ] 10/80 VUs  00m05.9s/12m00.0s

running (00m06.9s), 10/80 VUs, 91 complete and 0 interrupted iterations
gradual_ramp   [   1% ] 10/80 VUs  00m06.9s/12m00.0s

running (00m07.9s), 10/80 VUs, 106 complete and 0 interrupted iterations
gradual_ramp   [   1% ] 10/80 VUs  00m07.9s/12m00.0s

running (00m08.9s), 10/80 VUs, 118 complete and 0 interrupted iterations
gradual_ramp   [   1% ] 10/80 VUs  00m08.9s/12m00.0s

running (00m09.9s), 10/80 VUs, 132 complete and 0 interrupted iterations
gradual_ramp   [   1% ] 10/80 VUs  00m09.9s/12m00.0s

running (00m10.9s), 10/80 VUs, 146 complete and 0 interrupted iterations
gradual_ramp   [   2% ] 10/80 VUs  00m10.9s/12m00.0s

running (00m11.9s), 10/80 VUs, 159 complete and 0 interrupted iterations
gradual_ramp   [   2% ] 10/80 VUs  00m11.9s/12m00.0s

running (00m12.9s), 10/80 VUs, 173 complete and 0 interrupted iterations
gradual_ramp   [   2% ] 10/80 VUs  00m12.9s/12m00.0s

running (00m13.9s), 10/80 VUs, 190 complete and 0 interrupted iterations
gradual_ramp   [   2% ] 10/80 VUs  00m13.9s/12m00.0s

running (00m14.9s), 10/80 VUs, 202 complete and 0 interrupted iterations
gradual_ramp   [   2% ] 10/80 VUs  00m14.9s/12m00.0s

running (00m15.9s), 10/80 VUs, 217 complete and 0 interrupted iterations
gradual_ramp   [   2% ] 10/80 VUs  00m15.9s/12m00.0s

running (00m16.9s), 10/80 VUs, 231 complete and 0 interrupted iterations
gradual_ramp   [   2% ] 10/80 VUs  00m16.9s/12m00.0s

running (00m17.9s), 10/80 VUs, 244 complete and 0 interrupted iterations
gradual_ramp   [   2% ] 10/80 VUs  00m17.9s/12m00.0s

running (00m18.9s), 10/80 VUs, 259 complete and 0 interrupted iterations
gradual_ramp   [   3% ] 10/80 VUs  00m18.9s/12m00.0s

running (00m19.9s), 10/80 VUs, 272 complete and 0 interrupted iterations
gradual_ramp   [   3% ] 10/80 VUs  00m19.9s/12m00.0s

running (00m20.9s), 10/80 VUs, 287 complete and 0 interrupted iterations
gradual_ramp   [   3% ] 10/80 VUs  00m20.9s/12m00.0s

running (00m21.9s), 10/80 VUs, 301 complete and 0 interrupted iterations
gradual_ramp   [   3% ] 10/80 VUs  00m21.9s/12m00.0s

running (00m22.9s), 10/80 VUs, 317 complete and 0 interrupted iterations
gradual_ramp   [   3% ] 10/80 VUs  00m22.9s/12m00.0s

running (00m23.9s), 10/80 VUs, 331 complete and 0 interrupted iterations
gradual_ramp   [   3% ] 10/80 VUs  00m23.9s/12m00.0s

running (00m24.9s), 10/80 VUs, 344 complete and 0 interrupted iterations
gradual_ramp   [   3% ] 10/80 VUs  00m24.9s/12m00.0s

running (00m25.9s), 10/80 VUs, 361 complete and 0 interrupted iterations
gradual_ramp   [   4% ] 10/80 VUs  00m25.9s/12m00.0s

running (00m26.9s), 10/80 VUs, 375 complete and 0 interrupted iterations
gradual_ramp   [   4% ] 10/80 VUs  00m26.9s/12m00.0s

running (00m27.9s), 10/80 VUs, 389 complete and 0 interrupted iterations
gradual_ramp   [   4% ] 10/80 VUs  00m27.9s/12m00.0s

running (00m28.9s), 10/80 VUs, 406 complete and 0 interrupted iterations
gradual_ramp   [   4% ] 10/80 VUs  00m28.9s/12m00.0s

running (00m29.9s), 10/80 VUs, 420 complete and 0 interrupted iterations
gradual_ramp   [   4% ] 10/80 VUs  00m29.9s/12m00.0s

running (00m30.9s), 10/80 VUs, 435 complete and 0 interrupted iterations
gradual_ramp   [   4% ] 10/80 VUs  00m30.9s/12m00.0s

running (00m31.9s), 10/80 VUs, 447 complete and 0 interrupted iterations
gradual_ramp   [   4% ] 10/80 VUs  00m31.9s/12m00.0s

running (00m32.9s), 10/80 VUs, 462 complete and 0 interrupted iterations
gradual_ramp   [   5% ] 10/80 VUs  00m32.9s/12m00.0s

running (00m33.9s), 10/80 VUs, 476 complete and 0 interrupted iterations
gradual_ramp   [   5% ] 10/80 VUs  00m33.9s/12m00.0s

running (00m34.9s), 10/80 VUs, 490 complete and 0 interrupted iterations
gradual_ramp   [   5% ] 10/80 VUs  00m34.9s/12m00.0s

running (00m35.9s), 10/80 VUs, 504 complete and 0 interrupted iterations
gradual_ramp   [   5% ] 10/80 VUs  00m35.9s/12m00.0s

running (00m36.9s), 10/80 VUs, 520 complete and 0 interrupted iterations
gradual_ramp   [   5% ] 10/80 VUs  00m36.9s/12m00.0s

running (00m37.9s), 10/80 VUs, 533 complete and 0 interrupted iterations
gradual_ramp   [   5% ] 10/80 VUs  00m37.9s/12m00.0s

running (00m38.9s), 10/80 VUs, 549 complete and 0 interrupted iterations
gradual_ramp   [   5% ] 10/80 VUs  00m38.9s/12m00.0s

running (00m39.9s), 10/80 VUs, 564 complete and 0 interrupted iterations
gradual_ramp   [   6% ] 10/80 VUs  00m39.9s/12m00.0s

running (00m40.9s), 10/80 VUs, 580 complete and 0 interrupted iterations
gradual_ramp   [   6% ] 10/80 VUs  00m40.9s/12m00.0s

running (00m41.9s), 10/80 VUs, 591 complete and 0 interrupted iterations
gradual_ramp   [   6% ] 10/80 VUs  00m41.9s/12m00.0s

running (00m42.9s), 10/80 VUs, 607 complete and 0 interrupted iterations
gradual_ramp   [   6% ] 10/80 VUs  00m42.9s/12m00.0s

running (00m43.9s), 10/80 VUs, 620 complete and 0 interrupted iterations
gradual_ramp   [   6% ] 10/80 VUs  00m43.9s/12m00.0s

running (00m44.9s), 10/80 VUs, 635 complete and 0 interrupted iterations
gradual_ramp   [   6% ] 10/80 VUs  00m44.9s/12m00.0s

running (00m45.9s), 10/80 VUs, 650 complete and 0 interrupted iterations
gradual_ramp   [   6% ] 10/80 VUs  00m45.9s/12m00.0s

running (00m46.9s), 10/80 VUs, 665 complete and 0 interrupted iterations
gradual_ramp   [   7% ] 10/80 VUs  00m46.9s/12m00.0s

running (00m47.9s), 10/80 VUs, 680 complete and 0 interrupted iterations
gradual_ramp   [   7% ] 10/80 VUs  00m47.9s/12m00.0s

running (00m48.9s), 10/80 VUs, 695 complete and 0 interrupted iterations
gradual_ramp   [   7% ] 10/80 VUs  00m48.9s/12m00.0s

running (00m49.9s), 10/80 VUs, 709 complete and 0 interrupted iterations
gradual_ramp   [   7% ] 10/80 VUs  00m49.9s/12m00.0s

running (00m50.9s), 10/80 VUs, 724 complete and 0 interrupted iterations
gradual_ramp   [   7% ] 10/80 VUs  00m50.9s/12m00.0s

running (00m51.9s), 10/80 VUs, 737 complete and 0 interrupted iterations
gradual_ramp   [   7% ] 10/80 VUs  00m51.9s/12m00.0s

running (00m52.9s), 10/80 VUs, 751 complete and 0 interrupted iterations
gradual_ramp   [   7% ] 10/80 VUs  00m52.9s/12m00.0s

running (00m53.9s), 10/80 VUs, 765 complete and 0 interrupted iterations
gradual_ramp   [   7% ] 10/80 VUs  00m53.9s/12m00.0s

running (00m54.9s), 10/80 VUs, 778 complete and 0 interrupted iterations
gradual_ramp   [   8% ] 10/80 VUs  00m54.9s/12m00.0s

running (00m55.9s), 10/80 VUs, 794 complete and 0 interrupted iterations
gradual_ramp   [   8% ] 10/80 VUs  00m55.9s/12m00.0s

running (00m56.9s), 10/80 VUs, 806 complete and 0 interrupted iterations
gradual_ramp   [   8% ] 10/80 VUs  00m56.9s/12m00.0s

running (00m57.9s), 10/80 VUs, 822 complete and 0 interrupted iterations
gradual_ramp   [   8% ] 10/80 VUs  00m57.9s/12m00.0s

running (00m58.9s), 10/80 VUs, 835 complete and 0 interrupted iterations
gradual_ramp   [   8% ] 10/80 VUs  00m58.9s/12m00.0s

running (00m59.9s), 10/80 VUs, 848 complete and 0 interrupted iterations
gradual_ramp   [   8% ] 10/80 VUs  00m59.9s/12m00.0s

running (01m00.9s), 10/80 VUs, 861 complete and 0 interrupted iterations
gradual_ramp   [   8% ] 10/80 VUs  01m00.9s/12m00.0s

running (01m01.9s), 10/80 VUs, 877 complete and 0 interrupted iterations
gradual_ramp   [   9% ] 10/80 VUs  01m01.9s/12m00.0s

running (01m02.9s), 10/80 VUs, 892 complete and 0 interrupted iterations
gradual_ramp   [   9% ] 10/80 VUs  01m02.9s/12m00.0s

running (01m03.9s), 10/80 VUs, 903 complete and 0 interrupted iterations
gradual_ramp   [   9% ] 10/80 VUs  01m03.9s/12m00.0s

running (01m04.9s), 10/80 VUs, 916 complete and 0 interrupted iterations
gradual_ramp   [   9% ] 10/80 VUs  01m04.9s/12m00.0s

running (01m05.9s), 10/80 VUs, 933 complete and 0 interrupted iterations
gradual_ramp   [   9% ] 10/80 VUs  01m05.9s/12m00.0s

running (01m06.9s), 10/80 VUs, 947 complete and 0 interrupted iterations
gradual_ramp   [   9% ] 10/80 VUs  01m06.9s/12m00.0s

running (01m07.9s), 10/80 VUs, 962 complete and 0 interrupted iterations
gradual_ramp   [   9% ] 10/80 VUs  01m07.9s/12m00.0s

running (01m08.9s), 10/80 VUs, 974 complete and 0 interrupted iterations
gradual_ramp   [  10% ] 10/80 VUs  01m08.9s/12m00.0s

running (01m09.9s), 10/80 VUs, 989 complete and 0 interrupted iterations
gradual_ramp   [  10% ] 10/80 VUs  01m09.9s/12m00.0s

running (01m10.9s), 10/80 VUs, 1005 complete and 0 interrupted iterations
gradual_ramp   [  10% ] 10/80 VUs  01m10.9s/12m00.0s

running (01m11.9s), 10/80 VUs, 1019 complete and 0 interrupted iterations
gradual_ramp   [  10% ] 10/80 VUs  01m11.9s/12m00.0s

running (01m12.9s), 10/80 VUs, 1033 complete and 0 interrupted iterations
gradual_ramp   [  10% ] 10/80 VUs  01m12.9s/12m00.0s

running (01m13.9s), 10/80 VUs, 1048 complete and 0 interrupted iterations
gradual_ramp   [  10% ] 10/80 VUs  01m13.9s/12m00.0s

running (01m14.9s), 10/80 VUs, 1061 complete and 0 interrupted iterations
gradual_ramp   [  10% ] 10/80 VUs  01m14.9s/12m00.0s

running (01m15.9s), 10/80 VUs, 1076 complete and 0 interrupted iterations
gradual_ramp   [  11% ] 10/80 VUs  01m15.9s/12m00.0s

running (01m16.9s), 10/80 VUs, 1088 complete and 0 interrupted iterations
gradual_ramp   [  11% ] 10/80 VUs  01m16.9s/12m00.0s

running (01m17.9s), 10/80 VUs, 1105 complete and 0 interrupted iterations
gradual_ramp   [  11% ] 10/80 VUs  01m17.9s/12m00.0s

running (01m18.9s), 10/80 VUs, 1119 complete and 0 interrupted iterations
gradual_ramp   [  11% ] 10/80 VUs  01m18.9s/12m00.0s

running (01m19.9s), 10/80 VUs, 1130 complete and 0 interrupted iterations
gradual_ramp   [  11% ] 10/80 VUs  01m19.9s/12m00.0s

running (01m20.9s), 10/80 VUs, 1144 complete and 0 interrupted iterations
gradual_ramp   [  11% ] 10/80 VUs  01m20.9s/12m00.0s

running (01m21.9s), 10/80 VUs, 1159 complete and 0 interrupted iterations
gradual_ramp   [  11% ] 10/80 VUs  01m21.9s/12m00.0s

running (01m22.9s), 10/80 VUs, 1176 complete and 0 interrupted iterations
gradual_ramp   [  12% ] 10/80 VUs  01m22.9s/12m00.0s

running (01m23.9s), 10/80 VUs, 1188 complete and 0 interrupted iterations
gradual_ramp   [  12% ] 10/80 VUs  01m23.9s/12m00.0s

running (01m24.9s), 10/80 VUs, 1200 complete and 0 interrupted iterations
gradual_ramp   [  12% ] 10/80 VUs  01m24.9s/12m00.0s

running (01m25.9s), 10/80 VUs, 1216 complete and 0 interrupted iterations
gradual_ramp   [  12% ] 10/80 VUs  01m25.9s/12m00.0s

running (01m26.9s), 10/80 VUs, 1231 complete and 0 interrupted iterations
gradual_ramp   [  12% ] 10/80 VUs  01m26.9s/12m00.0s

running (01m27.9s), 10/80 VUs, 1245 complete and 0 interrupted iterations
gradual_ramp   [  12% ] 10/80 VUs  01m27.9s/12m00.0s

running (01m28.9s), 10/80 VUs, 1260 complete and 0 interrupted iterations
gradual_ramp   [  12% ] 10/80 VUs  01m28.9s/12m00.0s

running (01m29.9s), 10/80 VUs, 1274 complete and 0 interrupted iterations
gradual_ramp   [  12% ] 10/80 VUs  01m29.9s/12m00.0s

running (01m30.9s), 10/80 VUs, 1287 complete and 0 interrupted iterations
gradual_ramp   [  13% ] 10/80 VUs  01m30.9s/12m00.0s

running (01m31.9s), 10/80 VUs, 1300 complete and 0 interrupted iterations
gradual_ramp   [  13% ] 10/80 VUs  01m31.9s/12m00.0s

running (01m32.9s), 10/80 VUs, 1316 complete and 0 interrupted iterations
gradual_ramp   [  13% ] 10/80 VUs  01m32.9s/12m00.0s

running (01m33.9s), 10/80 VUs, 1329 complete and 0 interrupted iterations
gradual_ramp   [  13% ] 10/80 VUs  01m33.9s/12m00.0s

running (01m34.9s), 10/80 VUs, 1343 complete and 0 interrupted iterations
gradual_ramp   [  13% ] 10/80 VUs  01m34.9s/12m00.0s

running (01m35.9s), 10/80 VUs, 1358 complete and 0 interrupted iterations
gradual_ramp   [  13% ] 10/80 VUs  01m35.9s/12m00.0s

running (01m36.9s), 10/80 VUs, 1372 complete and 0 interrupted iterations
gradual_ramp   [  13% ] 10/80 VUs  01m36.9s/12m00.0s

running (01m37.9s), 10/80 VUs, 1386 complete and 0 interrupted iterations
gradual_ramp   [  14% ] 10/80 VUs  01m37.9s/12m00.0s

running (01m38.9s), 10/80 VUs, 1400 complete and 0 interrupted iterations
gradual_ramp   [  14% ] 10/80 VUs  01m38.9s/12m00.0s

running (01m39.9s), 10/80 VUs, 1414 complete and 0 interrupted iterations
gradual_ramp   [  14% ] 10/80 VUs  01m39.9s/12m00.0s

running (01m40.9s), 10/80 VUs, 1430 complete and 0 interrupted iterations
gradual_ramp   [  14% ] 10/80 VUs  01m40.9s/12m00.0s

running (01m41.9s), 10/80 VUs, 1447 complete and 0 interrupted iterations
gradual_ramp   [  14% ] 10/80 VUs  01m41.9s/12m00.0s

running (01m42.9s), 10/80 VUs, 1459 complete and 0 interrupted iterations
gradual_ramp   [  14% ] 10/80 VUs  01m42.9s/12m00.0s

running (01m43.9s), 10/80 VUs, 1471 complete and 0 interrupted iterations
gradual_ramp   [  14% ] 10/80 VUs  01m43.9s/12m00.0s

running (01m44.9s), 10/80 VUs, 1488 complete and 0 interrupted iterations
gradual_ramp   [  15% ] 10/80 VUs  01m44.9s/12m00.0s

running (01m45.9s), 10/80 VUs, 1500 complete and 0 interrupted iterations
gradual_ramp   [  15% ] 10/80 VUs  01m45.9s/12m00.0s

running (01m46.9s), 10/80 VUs, 1514 complete and 0 interrupted iterations
gradual_ramp   [  15% ] 10/80 VUs  01m46.9s/12m00.0s

running (01m47.9s), 10/80 VUs, 1526 complete and 0 interrupted iterations
gradual_ramp   [  15% ] 10/80 VUs  01m47.9s/12m00.0s

running (01m48.9s), 10/80 VUs, 1542 complete and 0 interrupted iterations
gradual_ramp   [  15% ] 10/80 VUs  01m48.9s/12m00.0s

running (01m49.9s), 10/80 VUs, 1553 complete and 0 interrupted iterations
gradual_ramp   [  15% ] 10/80 VUs  01m49.9s/12m00.0s

running (01m50.9s), 10/80 VUs, 1568 complete and 0 interrupted iterations
gradual_ramp   [  15% ] 10/80 VUs  01m50.9s/12m00.0s

running (01m51.9s), 10/80 VUs, 1583 complete and 0 interrupted iterations
gradual_ramp   [  16% ] 10/80 VUs  01m51.9s/12m00.0s

running (01m52.9s), 10/80 VUs, 1597 complete and 0 interrupted iterations
gradual_ramp   [  16% ] 10/80 VUs  01m52.9s/12m00.0s

running (01m53.9s), 10/80 VUs, 1610 complete and 0 interrupted iterations
gradual_ramp   [  16% ] 10/80 VUs  01m53.9s/12m00.0s

running (01m54.9s), 10/80 VUs, 1625 complete and 0 interrupted iterations
gradual_ramp   [  16% ] 10/80 VUs  01m54.9s/12m00.0s

running (01m55.9s), 10/80 VUs, 1636 complete and 0 interrupted iterations
gradual_ramp   [  16% ] 10/80 VUs  01m55.9s/12m00.0s

running (01m56.9s), 10/80 VUs, 1652 complete and 0 interrupted iterations
gradual_ramp   [  16% ] 10/80 VUs  01m56.9s/12m00.0s

running (01m57.9s), 10/80 VUs, 1665 complete and 0 interrupted iterations
gradual_ramp   [  16% ] 10/80 VUs  01m57.9s/12m00.0s

running (01m58.9s), 10/80 VUs, 1680 complete and 0 interrupted iterations
gradual_ramp   [  17% ] 10/80 VUs  01m58.9s/12m00.0s

running (01m59.9s), 10/80 VUs, 1695 complete and 0 interrupted iterations
gradual_ramp   [  17% ] 10/80 VUs  01m59.9s/12m00.0s

running (02m00.9s), 10/80 VUs, 1706 complete and 0 interrupted iterations
gradual_ramp   [  17% ] 10/80 VUs  02m00.9s/12m00.0s

running (02m01.9s), 10/80 VUs, 1723 complete and 0 interrupted iterations
gradual_ramp   [  17% ] 10/80 VUs  02m01.9s/12m00.0s

running (02m02.9s), 10/80 VUs, 1736 complete and 0 interrupted iterations
gradual_ramp   [  17% ] 10/80 VUs  02m02.9s/12m00.0s

running (02m03.9s), 10/80 VUs, 1749 complete and 0 interrupted iterations
gradual_ramp   [  17% ] 10/80 VUs  02m03.9s/12m00.0s

running (02m04.9s), 11/80 VUs, 1764 complete and 0 interrupted iterations
gradual_ramp   [  17% ] 11/80 VUs  02m04.9s/12m00.0s

running (02m05.9s), 11/80 VUs, 1779 complete and 0 interrupted iterations
gradual_ramp   [  17% ] 11/80 VUs  02m05.9s/12m00.0s

running (02m06.9s), 11/80 VUs, 1793 complete and 0 interrupted iterations
gradual_ramp   [  18% ] 11/80 VUs  02m06.9s/12m00.0s

running (02m07.9s), 11/80 VUs, 1807 complete and 0 interrupted iterations
gradual_ramp   [  18% ] 11/80 VUs  02m07.9s/12m00.0s

running (02m08.9s), 12/80 VUs, 1822 complete and 0 interrupted iterations
gradual_ramp   [  18% ] 12/80 VUs  02m08.9s/12m00.0s

running (02m09.9s), 12/80 VUs, 1838 complete and 0 interrupted iterations
gradual_ramp   [  18% ] 12/80 VUs  02m09.9s/12m00.0s

running (02m10.9s), 12/80 VUs, 1855 complete and 0 interrupted iterations
gradual_ramp   [  18% ] 12/80 VUs  02m10.9s/12m00.0s

running (02m11.9s), 12/80 VUs, 1872 complete and 0 interrupted iterations
gradual_ramp   [  18% ] 12/80 VUs  02m11.9s/12m00.0s

running (02m12.9s), 13/80 VUs, 1891 complete and 0 interrupted iterations
gradual_ramp   [  18% ] 13/80 VUs  02m12.9s/12m00.0s

running (02m13.9s), 13/80 VUs, 1906 complete and 0 interrupted iterations
gradual_ramp   [  19% ] 13/80 VUs  02m13.9s/12m00.0s

running (02m14.9s), 13/80 VUs, 1928 complete and 0 interrupted iterations
gradual_ramp   [  19% ] 13/80 VUs  02m14.9s/12m00.0s

running (02m15.9s), 13/80 VUs, 1943 complete and 0 interrupted iterations
gradual_ramp   [  19% ] 13/80 VUs  02m15.9s/12m00.0s

running (02m16.9s), 13/80 VUs, 1964 complete and 0 interrupted iterations
gradual_ramp   [  19% ] 13/80 VUs  02m16.9s/12m00.0s

running (02m17.9s), 14/80 VUs, 1979 complete and 0 interrupted iterations
gradual_ramp   [  19% ] 14/80 VUs  02m17.9s/12m00.0s

running (02m18.9s), 14/80 VUs, 2000 complete and 0 interrupted iterations
gradual_ramp   [  19% ] 14/80 VUs  02m18.9s/12m00.0s

running (02m19.9s), 14/80 VUs, 2020 complete and 0 interrupted iterations
gradual_ramp   [  19% ] 14/80 VUs  02m19.9s/12m00.0s

running (02m20.9s), 14/80 VUs, 2041 complete and 0 interrupted iterations
gradual_ramp   [  20% ] 14/80 VUs  02m20.9s/12m00.0s

running (02m21.9s), 15/80 VUs, 2062 complete and 0 interrupted iterations
gradual_ramp   [  20% ] 15/80 VUs  02m21.9s/12m00.0s

running (02m22.9s), 15/80 VUs, 2082 complete and 0 interrupted iterations
gradual_ramp   [  20% ] 15/80 VUs  02m22.9s/12m00.0s

running (02m23.9s), 15/80 VUs, 2101 complete and 0 interrupted iterations
gradual_ramp   [  20% ] 15/80 VUs  02m23.9s/12m00.0s

running (02m24.9s), 15/80 VUs, 2122 complete and 0 interrupted iterations
gradual_ramp   [  20% ] 15/80 VUs  02m24.9s/12m00.0s

running (02m25.9s), 16/80 VUs, 2145 complete and 0 interrupted iterations
gradual_ramp   [  20% ] 16/80 VUs  02m25.9s/12m00.0s

running (02m26.9s), 16/80 VUs, 2165 complete and 0 interrupted iterations
gradual_ramp   [  20% ] 16/80 VUs  02m26.9s/12m00.0s

running (02m27.9s), 16/80 VUs, 2189 complete and 0 interrupted iterations
gradual_ramp   [  21% ] 16/80 VUs  02m27.9s/12m00.0s

running (02m28.9s), 16/80 VUs, 2208 complete and 0 interrupted iterations
gradual_ramp   [  21% ] 16/80 VUs  02m28.9s/12m00.0s

running (02m29.9s), 16/80 VUs, 2234 complete and 0 interrupted iterations
gradual_ramp   [  21% ] 16/80 VUs  02m29.9s/12m00.0s

running (02m30.9s), 17/80 VUs, 2257 complete and 0 interrupted iterations
gradual_ramp   [  21% ] 17/80 VUs  02m30.9s/12m00.0s

running (02m31.9s), 17/80 VUs, 2280 complete and 0 interrupted iterations
gradual_ramp   [  21% ] 17/80 VUs  02m31.9s/12m00.0s

running (02m32.9s), 17/80 VUs, 2303 complete and 0 interrupted iterations
gradual_ramp   [  21% ] 17/80 VUs  02m32.9s/12m00.0s

running (02m33.9s), 17/80 VUs, 2328 complete and 0 interrupted iterations
gradual_ramp   [  21% ] 17/80 VUs  02m33.9s/12m00.0s

running (02m34.9s), 18/80 VUs, 2352 complete and 0 interrupted iterations
gradual_ramp   [  22% ] 18/80 VUs  02m34.9s/12m00.0s

running (02m35.9s), 18/80 VUs, 2378 complete and 0 interrupted iterations
gradual_ramp   [  22% ] 18/80 VUs  02m35.9s/12m00.0s

running (02m36.9s), 18/80 VUs, 2407 complete and 0 interrupted iterations
gradual_ramp   [  22% ] 18/80 VUs  02m36.9s/12m00.0s

running (02m37.9s), 18/80 VUs, 2428 complete and 0 interrupted iterations
gradual_ramp   [  22% ] 18/80 VUs  02m37.9s/12m00.0s

running (02m38.9s), 19/80 VUs, 2455 complete and 0 interrupted iterations
gradual_ramp   [  22% ] 19/80 VUs  02m38.9s/12m00.0s

running (02m39.9s), 19/80 VUs, 2484 complete and 0 interrupted iterations
gradual_ramp   [  22% ] 19/80 VUs  02m39.9s/12m00.0s

running (02m40.9s), 19/80 VUs, 2510 complete and 0 interrupted iterations
gradual_ramp   [  22% ] 19/80 VUs  02m40.9s/12m00.0s

running (02m41.9s), 19/80 VUs, 2539 complete and 0 interrupted iterations
gradual_ramp   [  22% ] 19/80 VUs  02m41.9s/12m00.0s

running (02m42.9s), 20/80 VUs, 2563 complete and 0 interrupted iterations
gradual_ramp   [  23% ] 20/80 VUs  02m42.9s/12m00.0s

running (02m43.9s), 20/80 VUs, 2591 complete and 0 interrupted iterations
gradual_ramp   [  23% ] 20/80 VUs  02m43.9s/12m00.0s

running (02m44.9s), 20/80 VUs, 2621 complete and 0 interrupted iterations
gradual_ramp   [  23% ] 20/80 VUs  02m44.9s/12m00.0s

running (02m45.9s), 20/80 VUs, 2647 complete and 0 interrupted iterations
gradual_ramp   [  23% ] 20/80 VUs  02m45.9s/12m00.0s

running (02m46.9s), 20/80 VUs, 2677 complete and 0 interrupted iterations
gradual_ramp   [  23% ] 20/80 VUs  02m46.9s/12m00.0s

running (02m47.9s), 21/80 VUs, 2703 complete and 0 interrupted iterations
gradual_ramp   [  23% ] 21/80 VUs  02m47.9s/12m00.0s

running (02m48.9s), 21/80 VUs, 2733 complete and 0 interrupted iterations
gradual_ramp   [  23% ] 21/80 VUs  02m48.9s/12m00.0s

running (02m49.9s), 21/80 VUs, 2764 complete and 0 interrupted iterations
gradual_ramp   [  24% ] 21/80 VUs  02m49.9s/12m00.0s

running (02m50.9s), 21/80 VUs, 2791 complete and 0 interrupted iterations
gradual_ramp   [  24% ] 21/80 VUs  02m50.9s/12m00.0s

running (02m51.9s), 22/80 VUs, 2823 complete and 0 interrupted iterations
gradual_ramp   [  24% ] 22/80 VUs  02m51.9s/12m00.0s

running (02m52.9s), 22/80 VUs, 2851 complete and 0 interrupted iterations
gradual_ramp   [  24% ] 22/80 VUs  02m52.9s/12m00.0s

running (02m53.9s), 22/80 VUs, 2881 complete and 0 interrupted iterations
gradual_ramp   [  24% ] 22/80 VUs  02m53.9s/12m00.0s

running (02m54.9s), 22/80 VUs, 2912 complete and 0 interrupted iterations
gradual_ramp   [  24% ] 22/80 VUs  02m54.9s/12m00.0s

running (02m55.9s), 23/80 VUs, 2941 complete and 0 interrupted iterations
gradual_ramp   [  24% ] 23/80 VUs  02m55.9s/12m00.0s

running (02m56.9s), 23/80 VUs, 2976 complete and 0 interrupted iterations
gradual_ramp   [  25% ] 23/80 VUs  02m56.9s/12m00.0s

running (02m57.9s), 23/80 VUs, 3008 complete and 0 interrupted iterations
gradual_ramp   [  25% ] 23/80 VUs  02m57.9s/12m00.0s

running (02m58.9s), 23/80 VUs, 3040 complete and 0 interrupted iterations
gradual_ramp   [  25% ] 23/80 VUs  02m58.9s/12m00.0s

running (02m59.9s), 23/80 VUs, 3075 complete and 0 interrupted iterations
gradual_ramp   [  25% ] 23/80 VUs  02m59.9s/12m00.0s

running (03m00.9s), 24/80 VUs, 3110 complete and 0 interrupted iterations
gradual_ramp   [  25% ] 24/80 VUs  03m00.9s/12m00.0s

running (03m01.9s), 24/80 VUs, 3143 complete and 0 interrupted iterations
gradual_ramp   [  25% ] 24/80 VUs  03m01.9s/12m00.0s

running (03m02.9s), 24/80 VUs, 3178 complete and 0 interrupted iterations
gradual_ramp   [  25% ] 24/80 VUs  03m02.9s/12m00.0s

running (03m03.9s), 24/80 VUs, 3209 complete and 0 interrupted iterations
gradual_ramp   [  26% ] 24/80 VUs  03m03.9s/12m00.0s

running (03m04.9s), 25/80 VUs, 3245 complete and 0 interrupted iterations
gradual_ramp   [  26% ] 25/80 VUs  03m04.9s/12m00.0s

running (03m05.9s), 25/80 VUs, 3277 complete and 0 interrupted iterations
gradual_ramp   [  26% ] 25/80 VUs  03m05.9s/12m00.0s

running (03m06.9s), 25/80 VUs, 3311 complete and 0 interrupted iterations
gradual_ramp   [  26% ] 25/80 VUs  03m06.9s/12m00.0s

running (03m07.9s), 25/80 VUs, 3348 complete and 0 interrupted iterations
gradual_ramp   [  26% ] 25/80 VUs  03m07.9s/12m00.0s

running (03m08.9s), 26/80 VUs, 3388 complete and 0 interrupted iterations
gradual_ramp   [  26% ] 26/80 VUs  03m08.9s/12m00.0s

running (03m09.9s), 26/80 VUs, 3420 complete and 0 interrupted iterations
gradual_ramp   [  26% ] 26/80 VUs  03m09.9s/12m00.0s

running (03m10.9s), 26/80 VUs, 3461 complete and 0 interrupted iterations
gradual_ramp   [  27% ] 26/80 VUs  03m10.9s/12m00.0s

running (03m11.9s), 26/80 VUs, 3496 complete and 0 interrupted iterations
gradual_ramp   [  27% ] 26/80 VUs  03m11.9s/12m00.0s

running (03m12.9s), 27/80 VUs, 3532 complete and 0 interrupted iterations
gradual_ramp   [  27% ] 27/80 VUs  03m12.9s/12m00.0s

running (03m13.9s), 27/80 VUs, 3571 complete and 0 interrupted iterations
gradual_ramp   [  27% ] 27/80 VUs  03m13.9s/12m00.0s

running (03m14.9s), 27/80 VUs, 3608 complete and 0 interrupted iterations
gradual_ramp   [  27% ] 27/80 VUs  03m14.9s/12m00.0s

running (03m15.9s), 27/80 VUs, 3645 complete and 0 interrupted iterations
gradual_ramp   [  27% ] 27/80 VUs  03m15.9s/12m00.0s

running (03m16.9s), 27/80 VUs, 3684 complete and 0 interrupted iterations
gradual_ramp   [  27% ] 27/80 VUs  03m16.9s/12m00.0s

running (03m17.9s), 28/80 VUs, 3721 complete and 0 interrupted iterations
gradual_ramp   [  27% ] 28/80 VUs  03m17.9s/12m00.0s

running (03m18.9s), 28/80 VUs, 3761 complete and 0 interrupted iterations
gradual_ramp   [  28% ] 28/80 VUs  03m18.9s/12m00.0s

running (03m19.9s), 28/80 VUs, 3798 complete and 0 interrupted iterations
gradual_ramp   [  28% ] 28/80 VUs  03m19.9s/12m00.0s

running (03m20.9s), 28/80 VUs, 3839 complete and 0 interrupted iterations
gradual_ramp   [  28% ] 28/80 VUs  03m20.9s/12m00.0s

running (03m21.9s), 29/80 VUs, 3875 complete and 0 interrupted iterations
gradual_ramp   [  28% ] 29/80 VUs  03m21.9s/12m00.0s

running (03m22.9s), 29/80 VUs, 3913 complete and 0 interrupted iterations
gradual_ramp   [  28% ] 29/80 VUs  03m22.9s/12m00.0s

running (03m23.9s), 29/80 VUs, 3956 complete and 0 interrupted iterations
gradual_ramp   [  28% ] 29/80 VUs  03m23.9s/12m00.0s

running (03m24.9s), 29/80 VUs, 3995 complete and 0 interrupted iterations
gradual_ramp   [  28% ] 29/80 VUs  03m24.9s/12m00.0s

running (03m25.9s), 30/80 VUs, 4033 complete and 0 interrupted iterations
gradual_ramp   [  29% ] 30/80 VUs  03m25.9s/12m00.0s

running (03m26.9s), 30/80 VUs, 4079 complete and 0 interrupted iterations
gradual_ramp   [  29% ] 30/80 VUs  03m26.9s/12m00.0s

running (03m27.9s), 30/80 VUs, 4124 complete and 0 interrupted iterations
gradual_ramp   [  29% ] 30/80 VUs  03m27.9s/12m00.0s

running (03m28.9s), 30/80 VUs, 4164 complete and 0 interrupted iterations
gradual_ramp   [  29% ] 30/80 VUs  03m28.9s/12m00.0s

running (03m29.9s), 30/80 VUs, 4208 complete and 0 interrupted iterations
gradual_ramp   [  29% ] 30/80 VUs  03m29.9s/12m00.0s

running (03m30.9s), 31/80 VUs, 4249 complete and 0 interrupted iterations
gradual_ramp   [  29% ] 31/80 VUs  03m30.9s/12m00.0s

running (03m31.9s), 31/80 VUs, 4290 complete and 0 interrupted iterations
gradual_ramp   [  29% ] 31/80 VUs  03m31.9s/12m00.0s

running (03m32.9s), 31/80 VUs, 4333 complete and 0 interrupted iterations
gradual_ramp   [  30% ] 31/80 VUs  03m32.9s/12m00.0s

running (03m33.9s), 31/80 VUs, 4379 complete and 0 interrupted iterations
gradual_ramp   [  30% ] 31/80 VUs  03m33.9s/12m00.0s

running (03m34.9s), 32/80 VUs, 4420 complete and 0 interrupted iterations
gradual_ramp   [  30% ] 32/80 VUs  03m34.9s/12m00.0s

running (03m35.9s), 32/80 VUs, 4469 complete and 0 interrupted iterations
gradual_ramp   [  30% ] 32/80 VUs  03m35.9s/12m00.0s

running (03m36.9s), 32/80 VUs, 4510 complete and 0 interrupted iterations
gradual_ramp   [  30% ] 32/80 VUs  03m36.9s/12m00.0s

running (03m37.9s), 32/80 VUs, 4555 complete and 0 interrupted iterations
gradual_ramp   [  30% ] 32/80 VUs  03m37.9s/12m00.0s

running (03m38.9s), 33/80 VUs, 4599 complete and 0 interrupted iterations
gradual_ramp   [  30% ] 33/80 VUs  03m38.9s/12m00.0s

running (03m39.9s), 33/80 VUs, 4641 complete and 0 interrupted iterations
gradual_ramp   [  31% ] 33/80 VUs  03m39.9s/12m00.0s

running (03m40.9s), 33/80 VUs, 4691 complete and 0 interrupted iterations
gradual_ramp   [  31% ] 33/80 VUs  03m40.9s/12m00.0s

running (03m41.9s), 33/80 VUs, 4736 complete and 0 interrupted iterations
gradual_ramp   [  31% ] 33/80 VUs  03m41.9s/12m00.0s

running (03m42.9s), 34/80 VUs, 4785 complete and 0 interrupted iterations
gradual_ramp   [  31% ] 34/80 VUs  03m42.9s/12m00.0s

running (03m43.9s), 34/80 VUs, 4827 complete and 0 interrupted iterations
gradual_ramp   [  31% ] 34/80 VUs  03m43.9s/12m00.0s

running (03m44.9s), 34/80 VUs, 4879 complete and 0 interrupted iterations
gradual_ramp   [  31% ] 34/80 VUs  03m44.9s/12m00.0s

running (03m45.9s), 34/80 VUs, 4923 complete and 0 interrupted iterations
gradual_ramp   [  31% ] 34/80 VUs  03m45.9s/12m00.0s

running (03m46.9s), 34/80 VUs, 4968 complete and 0 interrupted iterations
gradual_ramp   [  32% ] 34/80 VUs  03m46.9s/12m00.0s

running (03m47.9s), 35/80 VUs, 5018 complete and 0 interrupted iterations
gradual_ramp   [  32% ] 35/80 VUs  03m47.9s/12m00.0s

running (03m48.9s), 35/80 VUs, 5065 complete and 0 interrupted iterations
gradual_ramp   [  32% ] 35/80 VUs  03m48.9s/12m00.0s

running (03m49.9s), 35/80 VUs, 5113 complete and 0 interrupted iterations
gradual_ramp   [  32% ] 35/80 VUs  03m49.9s/12m00.0s

running (03m50.9s), 35/80 VUs, 5162 complete and 0 interrupted iterations
gradual_ramp   [  32% ] 35/80 VUs  03m50.9s/12m00.0s

running (03m51.9s), 36/80 VUs, 5209 complete and 0 interrupted iterations
gradual_ramp   [  32% ] 36/80 VUs  03m51.9s/12m00.0s

running (03m52.9s), 36/80 VUs, 5261 complete and 0 interrupted iterations
gradual_ramp   [  32% ] 36/80 VUs  03m52.9s/12m00.0s

running (03m53.9s), 36/80 VUs, 5307 complete and 0 interrupted iterations
gradual_ramp   [  32% ] 36/80 VUs  03m53.9s/12m00.0s

running (03m54.9s), 36/80 VUs, 5362 complete and 0 interrupted iterations
gradual_ramp   [  33% ] 36/80 VUs  03m54.9s/12m00.0s

running (03m55.9s), 37/80 VUs, 5409 complete and 0 interrupted iterations
gradual_ramp   [  33% ] 37/80 VUs  03m55.9s/12m00.0s

running (03m56.9s), 37/80 VUs, 5462 complete and 0 interrupted iterations
gradual_ramp   [  33% ] 37/80 VUs  03m56.9s/12m00.0s

running (03m57.9s), 37/80 VUs, 5514 complete and 0 interrupted iterations
gradual_ramp   [  33% ] 37/80 VUs  03m57.9s/12m00.0s

running (03m58.9s), 37/80 VUs, 5570 complete and 0 interrupted iterations
gradual_ramp   [  33% ] 37/80 VUs  03m58.9s/12m00.0s

running (03m59.9s), 37/80 VUs, 5620 complete and 0 interrupted iterations
gradual_ramp   [  33% ] 37/80 VUs  03m59.9s/12m00.0s

running (04m00.9s), 38/80 VUs, 5673 complete and 0 interrupted iterations
gradual_ramp   [  33% ] 38/80 VUs  04m00.9s/12m00.0s

running (04m01.9s), 38/80 VUs, 5724 complete and 0 interrupted iterations
gradual_ramp   [  34% ] 38/80 VUs  04m01.9s/12m00.0s

running (04m02.9s), 38/80 VUs, 5782 complete and 0 interrupted iterations
gradual_ramp   [  34% ] 38/80 VUs  04m02.9s/12m00.0s

running (04m03.9s), 38/80 VUs, 5834 complete and 0 interrupted iterations
gradual_ramp   [  34% ] 38/80 VUs  04m03.9s/12m00.0s

running (04m04.9s), 39/80 VUs, 5888 complete and 0 interrupted iterations
gradual_ramp   [  34% ] 39/80 VUs  04m04.9s/12m00.0s

running (04m05.9s), 39/80 VUs, 5945 complete and 0 interrupted iterations
gradual_ramp   [  34% ] 39/80 VUs  04m05.9s/12m00.0s

running (04m06.9s), 39/80 VUs, 5996 complete and 0 interrupted iterations
gradual_ramp   [  34% ] 39/80 VUs  04m06.9s/12m00.0s

running (04m07.9s), 39/80 VUs, 6053 complete and 0 interrupted iterations
gradual_ramp   [  34% ] 39/80 VUs  04m07.9s/12m00.0s

running (04m08.9s), 40/80 VUs, 6108 complete and 0 interrupted iterations
gradual_ramp   [  35% ] 40/80 VUs  04m08.9s/12m00.0s

running (04m09.9s), 40/80 VUs, 6165 complete and 0 interrupted iterations
gradual_ramp   [  35% ] 40/80 VUs  04m09.9s/12m00.0s

running (04m10.9s), 40/80 VUs, 6217 complete and 0 interrupted iterations
gradual_ramp   [  35% ] 40/80 VUs  04m10.9s/12m00.0s

running (04m11.9s), 40/80 VUs, 6276 complete and 0 interrupted iterations
gradual_ramp   [  35% ] 40/80 VUs  04m11.9s/12m00.0s

running (04m12.9s), 41/80 VUs, 6334 complete and 0 interrupted iterations
gradual_ramp   [  35% ] 41/80 VUs  04m12.9s/12m00.0s

running (04m13.9s), 41/80 VUs, 6391 complete and 0 interrupted iterations
gradual_ramp   [  35% ] 41/80 VUs  04m13.9s/12m00.0s

running (04m14.9s), 41/80 VUs, 6443 complete and 0 interrupted iterations
gradual_ramp   [  35% ] 41/80 VUs  04m14.9s/12m00.0s

running (04m15.9s), 41/80 VUs, 6506 complete and 0 interrupted iterations
gradual_ramp   [  36% ] 41/80 VUs  04m15.9s/12m00.0s

running (04m16.9s), 41/80 VUs, 6559 complete and 0 interrupted iterations
gradual_ramp   [  36% ] 41/80 VUs  04m16.9s/12m00.0s

running (04m17.9s), 42/80 VUs, 6616 complete and 0 interrupted iterations
gradual_ramp   [  36% ] 42/80 VUs  04m17.9s/12m00.0s

running (04m18.9s), 42/80 VUs, 6670 complete and 0 interrupted iterations
gradual_ramp   [  36% ] 42/80 VUs  04m18.9s/12m00.0s

running (04m19.9s), 42/80 VUs, 6732 complete and 0 interrupted iterations
gradual_ramp   [  36% ] 42/80 VUs  04m19.9s/12m00.0s

running (04m20.9s), 42/80 VUs, 6794 complete and 0 interrupted iterations
gradual_ramp   [  36% ] 42/80 VUs  04m20.9s/12m00.0s

running (04m21.9s), 43/80 VUs, 6853 complete and 0 interrupted iterations
gradual_ramp   [  36% ] 43/80 VUs  04m21.9s/12m00.0s

running (04m22.9s), 43/80 VUs, 6913 complete and 0 interrupted iterations
gradual_ramp   [  37% ] 43/80 VUs  04m22.9s/12m00.0s

running (04m23.9s), 43/80 VUs, 6974 complete and 0 interrupted iterations
gradual_ramp   [  37% ] 43/80 VUs  04m23.9s/12m00.0s

running (04m24.9s), 43/80 VUs, 7033 complete and 0 interrupted iterations
gradual_ramp   [  37% ] 43/80 VUs  04m24.9s/12m00.0s

running (04m25.9s), 44/80 VUs, 7096 complete and 0 interrupted iterations
gradual_ramp   [  37% ] 44/80 VUs  04m25.9s/12m00.0s

running (04m26.9s), 44/80 VUs, 7156 complete and 0 interrupted iterations
gradual_ramp   [  37% ] 44/80 VUs  04m26.9s/12m00.0s

running (04m27.9s), 44/80 VUs, 7214 complete and 0 interrupted iterations
gradual_ramp   [  37% ] 44/80 VUs  04m27.9s/12m00.0s

running (04m28.9s), 44/80 VUs, 7282 complete and 0 interrupted iterations
gradual_ramp   [  37% ] 44/80 VUs  04m28.9s/12m00.0s

running (04m29.9s), 44/80 VUs, 7343 complete and 0 interrupted iterations
gradual_ramp   [  37% ] 44/80 VUs  04m29.9s/12m00.0s

running (04m30.9s), 45/80 VUs, 7403 complete and 0 interrupted iterations
gradual_ramp   [  38% ] 45/80 VUs  04m30.9s/12m00.0s

running (04m31.9s), 45/80 VUs, 7472 complete and 0 interrupted iterations
gradual_ramp   [  38% ] 45/80 VUs  04m31.9s/12m00.0s

running (04m32.9s), 45/80 VUs, 7532 complete and 0 interrupted iterations
gradual_ramp   [  38% ] 45/80 VUs  04m32.9s/12m00.0s

running (04m33.9s), 45/80 VUs, 7596 complete and 0 interrupted iterations
gradual_ramp   [  38% ] 45/80 VUs  04m33.9s/12m00.0s

running (04m34.9s), 46/80 VUs, 7660 complete and 0 interrupted iterations
gradual_ramp   [  38% ] 46/80 VUs  04m34.9s/12m00.0s

running (04m35.9s), 46/80 VUs, 7727 complete and 0 interrupted iterations
gradual_ramp   [  38% ] 46/80 VUs  04m35.9s/12m00.0s

running (04m36.9s), 46/80 VUs, 7788 complete and 0 interrupted iterations
gradual_ramp   [  38% ] 46/80 VUs  04m36.9s/12m00.0s

running (04m37.9s), 46/80 VUs, 7856 complete and 0 interrupted iterations
gradual_ramp   [  39% ] 46/80 VUs  04m37.9s/12m00.0s

running (04m38.9s), 47/80 VUs, 7919 complete and 0 interrupted iterations
gradual_ramp   [  39% ] 47/80 VUs  04m38.9s/12m00.0s

running (04m39.9s), 47/80 VUs, 7991 complete and 0 interrupted iterations
gradual_ramp   [  39% ] 47/80 VUs  04m39.9s/12m00.0s

running (04m40.9s), 47/80 VUs, 8054 complete and 0 interrupted iterations
gradual_ramp   [  39% ] 47/80 VUs  04m40.9s/12m00.0s

running (04m41.9s), 47/80 VUs, 8119 complete and 0 interrupted iterations
gradual_ramp   [  39% ] 47/80 VUs  04m41.9s/12m00.0s

running (04m42.9s), 48/80 VUs, 8186 complete and 0 interrupted iterations
gradual_ramp   [  39% ] 48/80 VUs  04m42.9s/12m00.0s

running (04m43.9s), 48/80 VUs, 8254 complete and 0 interrupted iterations
gradual_ramp   [  39% ] 48/80 VUs  04m43.9s/12m00.0s

running (04m44.9s), 48/80 VUs, 8321 complete and 0 interrupted iterations
gradual_ramp   [  40% ] 48/80 VUs  04m44.9s/12m00.0s

running (04m45.9s), 48/80 VUs, 8389 complete and 0 interrupted iterations
gradual_ramp   [  40% ] 48/80 VUs  04m45.9s/12m00.0s

running (04m46.9s), 48/80 VUs, 8457 complete and 0 interrupted iterations
gradual_ramp   [  40% ] 48/80 VUs  04m46.9s/12m00.0s

running (04m47.9s), 49/80 VUs, 8525 complete and 0 interrupted iterations
gradual_ramp   [  40% ] 49/80 VUs  04m47.9s/12m00.0s

running (04m48.9s), 49/80 VUs, 8595 complete and 0 interrupted iterations
gradual_ramp   [  40% ] 49/80 VUs  04m48.9s/12m00.0s

running (04m49.9s), 49/80 VUs, 8663 complete and 0 interrupted iterations
gradual_ramp   [  40% ] 49/80 VUs  04m49.9s/12m00.0s

running (04m50.9s), 49/80 VUs, 8731 complete and 0 interrupted iterations
gradual_ramp   [  40% ] 49/80 VUs  04m50.9s/12m00.0s

running (04m51.9s), 50/80 VUs, 8799 complete and 0 interrupted iterations
gradual_ramp   [  41% ] 50/80 VUs  04m51.9s/12m00.0s

running (04m52.9s), 50/80 VUs, 8868 complete and 0 interrupted iterations
gradual_ramp   [  41% ] 50/80 VUs  04m52.9s/12m00.0s

running (04m53.9s), 50/80 VUs, 8938 complete and 0 interrupted iterations
gradual_ramp   [  41% ] 50/80 VUs  04m53.9s/12m00.0s

running (04m54.9s), 50/80 VUs, 9007 complete and 0 interrupted iterations
gradual_ramp   [  41% ] 50/80 VUs  04m54.9s/12m00.0s

running (04m55.9s), 51/80 VUs, 9075 complete and 0 interrupted iterations
gradual_ramp   [  41% ] 51/80 VUs  04m55.9s/12m00.0s

running (04m56.9s), 51/80 VUs, 9151 complete and 0 interrupted iterations
gradual_ramp   [  41% ] 51/80 VUs  04m56.9s/12m00.0s

running (04m57.9s), 51/80 VUs, 9221 complete and 0 interrupted iterations
gradual_ramp   [  41% ] 51/80 VUs  04m57.9s/12m00.0s

running (04m58.9s), 51/80 VUs, 9290 complete and 0 interrupted iterations
gradual_ramp   [  42% ] 51/80 VUs  04m58.9s/12m00.0s

running (04m59.9s), 51/80 VUs, 9358 complete and 0 interrupted iterations
gradual_ramp   [  42% ] 51/80 VUs  04m59.9s/12m00.0s

running (05m00.9s), 52/80 VUs, 9433 complete and 0 interrupted iterations
gradual_ramp   [  42% ] 52/80 VUs  05m00.9s/12m00.0s

running (05m01.9s), 52/80 VUs, 9504 complete and 0 interrupted iterations
gradual_ramp   [  42% ] 52/80 VUs  05m01.9s/12m00.0s

running (05m02.9s), 52/80 VUs, 9577 complete and 0 interrupted iterations
gradual_ramp   [  42% ] 52/80 VUs  05m02.9s/12m00.0s

running (05m03.9s), 52/80 VUs, 9652 complete and 0 interrupted iterations
gradual_ramp   [  42% ] 52/80 VUs  05m03.9s/12m00.0s

running (05m04.9s), 53/80 VUs, 9719 complete and 0 interrupted iterations
gradual_ramp   [  42% ] 53/80 VUs  05m04.9s/12m00.0s

running (05m05.9s), 53/80 VUs, 9796 complete and 0 interrupted iterations
gradual_ramp   [  42% ] 53/80 VUs  05m05.9s/12m00.0s

running (05m06.9s), 53/80 VUs, 9871 complete and 0 interrupted iterations
gradual_ramp   [  43% ] 53/80 VUs  05m06.9s/12m00.0s

running (05m07.9s), 53/80 VUs, 9949 complete and 0 interrupted iterations
gradual_ramp   [  43% ] 53/80 VUs  05m07.9s/12m00.0s

running (05m08.9s), 54/80 VUs, 10024 complete and 0 interrupted iterations
gradual_ramp   [  43% ] 54/80 VUs  05m08.9s/12m00.0s

running (05m09.9s), 54/80 VUs, 10099 complete and 0 interrupted iterations
gradual_ramp   [  43% ] 54/80 VUs  05m09.9s/12m00.0s

running (05m10.9s), 54/80 VUs, 10177 complete and 0 interrupted iterations
gradual_ramp   [  43% ] 54/80 VUs  05m10.9s/12m00.0s

running (05m11.9s), 54/80 VUs, 10255 complete and 0 interrupted iterations
gradual_ramp   [  43% ] 54/80 VUs  05m11.9s/12m00.0s

running (05m12.9s), 55/80 VUs, 10331 complete and 0 interrupted iterations
gradual_ramp   [  43% ] 55/80 VUs  05m12.9s/12m00.0s

running (05m13.9s), 55/80 VUs, 10404 complete and 0 interrupted iterations
gradual_ramp   [  44% ] 55/80 VUs  05m13.9s/12m00.0s

running (05m14.9s), 55/80 VUs, 10482 complete and 0 interrupted iterations
gradual_ramp   [  44% ] 55/80 VUs  05m14.9s/12m00.0s

running (05m15.9s), 55/80 VUs, 10561 complete and 0 interrupted iterations
gradual_ramp   [  44% ] 55/80 VUs  05m15.9s/12m00.0s

running (05m16.9s), 55/80 VUs, 10641 complete and 0 interrupted iterations
gradual_ramp   [  44% ] 55/80 VUs  05m16.9s/12m00.0s

running (05m17.9s), 56/80 VUs, 10715 complete and 0 interrupted iterations
gradual_ramp   [  44% ] 56/80 VUs  05m17.9s/12m00.0s

running (05m18.9s), 56/80 VUs, 10792 complete and 0 interrupted iterations
gradual_ramp   [  44% ] 56/80 VUs  05m18.9s/12m00.0s

running (05m19.9s), 56/80 VUs, 10874 complete and 0 interrupted iterations
gradual_ramp   [  44% ] 56/80 VUs  05m19.9s/12m00.0s

running (05m20.9s), 56/80 VUs, 10951 complete and 0 interrupted iterations
gradual_ramp   [  45% ] 56/80 VUs  05m20.9s/12m00.0s

running (05m21.9s), 57/80 VUs, 11032 complete and 0 interrupted iterations
gradual_ramp   [  45% ] 57/80 VUs  05m21.9s/12m00.0s

running (05m22.9s), 57/80 VUs, 11111 complete and 0 interrupted iterations
gradual_ramp   [  45% ] 57/80 VUs  05m22.9s/12m00.0s

running (05m23.9s), 57/80 VUs, 11190 complete and 0 interrupted iterations
gradual_ramp   [  45% ] 57/80 VUs  05m23.9s/12m00.0s

running (05m24.9s), 57/80 VUs, 11274 complete and 0 interrupted iterations
gradual_ramp   [  45% ] 57/80 VUs  05m24.9s/12m00.0s

running (05m25.9s), 58/80 VUs, 11356 complete and 0 interrupted iterations
gradual_ramp   [  45% ] 58/80 VUs  05m25.9s/12m00.0s

running (05m26.9s), 58/80 VUs, 11432 complete and 0 interrupted iterations
gradual_ramp   [  45% ] 58/80 VUs  05m26.9s/12m00.0s

running (05m27.9s), 58/80 VUs, 11514 complete and 0 interrupted iterations
gradual_ramp   [  46% ] 58/80 VUs  05m27.9s/12m00.0s

running (05m28.9s), 58/80 VUs, 11590 complete and 0 interrupted iterations
gradual_ramp   [  46% ] 58/80 VUs  05m28.9s/12m00.0s

running (05m29.9s), 58/80 VUs, 11669 complete and 0 interrupted iterations
gradual_ramp   [  46% ] 58/80 VUs  05m29.9s/12m00.0s

running (05m30.9s), 59/80 VUs, 11751 complete and 0 interrupted iterations
gradual_ramp   [  46% ] 59/80 VUs  05m30.9s/12m00.0s

running (05m31.9s), 59/80 VUs, 11830 complete and 0 interrupted iterations
gradual_ramp   [  46% ] 59/80 VUs  05m31.9s/12m00.0s

running (05m32.9s), 59/80 VUs, 11910 complete and 0 interrupted iterations
gradual_ramp   [  46% ] 59/80 VUs  05m32.9s/12m00.0s

running (05m33.9s), 59/80 VUs, 11994 complete and 0 interrupted iterations
gradual_ramp   [  46% ] 59/80 VUs  05m33.9s/12m00.0s

running (05m34.9s), 60/80 VUs, 12074 complete and 0 interrupted iterations
gradual_ramp   [  47% ] 60/80 VUs  05m34.9s/12m00.0s

running (05m35.9s), 60/80 VUs, 12158 complete and 0 interrupted iterations
gradual_ramp   [  47% ] 60/80 VUs  05m35.9s/12m00.0s

running (05m36.9s), 60/80 VUs, 12240 complete and 0 interrupted iterations
gradual_ramp   [  47% ] 60/80 VUs  05m36.9s/12m00.0s

running (05m37.9s), 60/80 VUs, 12320 complete and 0 interrupted iterations
gradual_ramp   [  47% ] 60/80 VUs  05m37.9s/12m00.0s

running (05m38.9s), 61/80 VUs, 12398 complete and 0 interrupted iterations
gradual_ramp   [  47% ] 61/80 VUs  05m38.9s/12m00.0s

running (05m39.9s), 61/80 VUs, 12478 complete and 0 interrupted iterations
gradual_ramp   [  47% ] 61/80 VUs  05m39.9s/12m00.0s

running (05m40.9s), 61/80 VUs, 12558 complete and 0 interrupted iterations
gradual_ramp   [  47% ] 61/80 VUs  05m40.9s/12m00.0s

running (05m41.9s), 61/80 VUs, 12642 complete and 0 interrupted iterations
gradual_ramp   [  47% ] 61/80 VUs  05m41.9s/12m00.0s

running (05m42.9s), 62/80 VUs, 12724 complete and 0 interrupted iterations
gradual_ramp   [  48% ] 62/80 VUs  05m42.9s/12m00.0s

running (05m43.9s), 62/80 VUs, 12814 complete and 0 interrupted iterations
gradual_ramp   [  48% ] 62/80 VUs  05m43.9s/12m00.0s

running (05m44.9s), 62/80 VUs, 12902 complete and 0 interrupted iterations
gradual_ramp   [  48% ] 62/80 VUs  05m44.9s/12m00.0s

running (05m45.9s), 62/80 VUs, 12985 complete and 0 interrupted iterations
gradual_ramp   [  48% ] 62/80 VUs  05m45.9s/12m00.0s

running (05m46.9s), 62/80 VUs, 13072 complete and 0 interrupted iterations
gradual_ramp   [  48% ] 62/80 VUs  05m46.9s/12m00.0s

running (05m47.9s), 63/80 VUs, 13159 complete and 0 interrupted iterations
gradual_ramp   [  48% ] 63/80 VUs  05m47.9s/12m00.0s

running (05m48.9s), 63/80 VUs, 13242 complete and 0 interrupted iterations
gradual_ramp   [  48% ] 63/80 VUs  05m48.9s/12m00.0s

running (05m49.9s), 63/80 VUs, 13331 complete and 0 interrupted iterations
gradual_ramp   [  49% ] 63/80 VUs  05m49.9s/12m00.0s

running (05m50.9s), 63/80 VUs, 13412 complete and 0 interrupted iterations
gradual_ramp   [  49% ] 63/80 VUs  05m50.9s/12m00.0s

running (05m51.9s), 64/80 VUs, 13500 complete and 0 interrupted iterations
gradual_ramp   [  49% ] 64/80 VUs  05m51.9s/12m00.0s

running (05m52.9s), 64/80 VUs, 13587 complete and 0 interrupted iterations
gradual_ramp   [  49% ] 64/80 VUs  05m52.9s/12m00.0s

running (05m53.9s), 64/80 VUs, 13675 complete and 0 interrupted iterations
gradual_ramp   [  49% ] 64/80 VUs  05m53.9s/12m00.0s

running (05m54.9s), 64/80 VUs, 13760 complete and 0 interrupted iterations
gradual_ramp   [  49% ] 64/80 VUs  05m54.9s/12m00.0s

running (05m55.9s), 65/80 VUs, 13845 complete and 0 interrupted iterations
gradual_ramp   [  49% ] 65/80 VUs  05m55.9s/12m00.0s

running (05m56.9s), 65/80 VUs, 13941 complete and 0 interrupted iterations
gradual_ramp   [  50% ] 65/80 VUs  05m56.9s/12m00.0s

running (05m57.9s), 65/80 VUs, 14033 complete and 0 interrupted iterations
gradual_ramp   [  50% ] 65/80 VUs  05m57.9s/12m00.0s

running (05m58.9s), 65/80 VUs, 14117 complete and 0 interrupted iterations
gradual_ramp   [  50% ] 65/80 VUs  05m58.9s/12m00.0s

running (05m59.9s), 65/80 VUs, 14203 complete and 0 interrupted iterations
gradual_ramp   [  50% ] 65/80 VUs  05m59.9s/12m00.0s

running (06m00.9s), 66/80 VUs, 14301 complete and 0 interrupted iterations
gradual_ramp   [  50% ] 66/80 VUs  06m00.9s/12m00.0s

running (06m01.9s), 66/80 VUs, 14392 complete and 0 interrupted iterations
gradual_ramp   [  50% ] 66/80 VUs  06m01.9s/12m00.0s

running (06m02.9s), 66/80 VUs, 14484 complete and 0 interrupted iterations
gradual_ramp   [  50% ] 66/80 VUs  06m02.9s/12m00.0s

running (06m03.9s), 66/80 VUs, 14568 complete and 0 interrupted iterations
gradual_ramp   [  51% ] 66/80 VUs  06m03.9s/12m00.0s

running (06m04.9s), 67/80 VUs, 14668 complete and 0 interrupted iterations
gradual_ramp   [  51% ] 67/80 VUs  06m04.9s/12m00.0s

running (06m05.9s), 67/80 VUs, 14762 complete and 0 interrupted iterations
gradual_ramp   [  51% ] 67/80 VUs  06m05.9s/12m00.0s

running (06m06.9s), 67/80 VUs, 14852 complete and 0 interrupted iterations
gradual_ramp   [  51% ] 67/80 VUs  06m06.9s/12m00.0s

running (06m07.9s), 67/80 VUs, 14947 complete and 0 interrupted iterations
gradual_ramp   [  51% ] 67/80 VUs  06m07.9s/12m00.0s

running (06m08.9s), 68/80 VUs, 15040 complete and 0 interrupted iterations
gradual_ramp   [  51% ] 68/80 VUs  06m08.9s/12m00.0s

running (06m09.9s), 68/80 VUs, 15131 complete and 0 interrupted iterations
gradual_ramp   [  51% ] 68/80 VUs  06m09.9s/12m00.0s

running (06m10.9s), 68/80 VUs, 15223 complete and 0 interrupted iterations
gradual_ramp   [  52% ] 68/80 VUs  06m10.9s/12m00.0s

running (06m11.9s), 68/80 VUs, 15321 complete and 0 interrupted iterations
gradual_ramp   [  52% ] 68/80 VUs  06m11.9s/12m00.0s

running (06m12.9s), 69/80 VUs, 15411 complete and 0 interrupted iterations
gradual_ramp   [  52% ] 69/80 VUs  06m12.9s/12m00.0s

running (06m13.9s), 69/80 VUs, 15505 complete and 0 interrupted iterations
gradual_ramp   [  52% ] 69/80 VUs  06m13.9s/12m00.0s

running (06m14.9s), 69/80 VUs, 15601 complete and 0 interrupted iterations
gradual_ramp   [  52% ] 69/80 VUs  06m14.9s/12m00.0s

running (06m15.9s), 69/80 VUs, 15692 complete and 0 interrupted iterations
gradual_ramp   [  52% ] 69/80 VUs  06m15.9s/12m00.0s

running (06m16.9s), 69/80 VUs, 15785 complete and 0 interrupted iterations
gradual_ramp   [  52% ] 69/80 VUs  06m16.9s/12m00.0s

running (06m17.9s), 70/80 VUs, 15879 complete and 0 interrupted iterations
gradual_ramp   [  52% ] 70/80 VUs  06m17.9s/12m00.0s

running (06m18.9s), 70/80 VUs, 15979 complete and 0 interrupted iterations
gradual_ramp   [  53% ] 70/80 VUs  06m18.9s/12m00.0s

running (06m19.9s), 70/80 VUs, 16074 complete and 0 interrupted iterations
gradual_ramp   [  53% ] 70/80 VUs  06m19.9s/12m00.0s

running (06m20.9s), 70/80 VUs, 16164 complete and 0 interrupted iterations
gradual_ramp   [  53% ] 70/80 VUs  06m20.9s/12m00.0s

running (06m21.9s), 71/80 VUs, 16269 complete and 0 interrupted iterations
gradual_ramp   [  53% ] 71/80 VUs  06m21.9s/12m00.0s

running (06m22.9s), 71/80 VUs, 16361 complete and 0 interrupted iterations
gradual_ramp   [  53% ] 71/80 VUs  06m22.9s/12m00.0s

running (06m23.9s), 71/80 VUs, 16460 complete and 0 interrupted iterations
gradual_ramp   [  53% ] 71/80 VUs  06m23.9s/12m00.0s

running (06m24.9s), 71/80 VUs, 16554 complete and 0 interrupted iterations
gradual_ramp   [  53% ] 71/80 VUs  06m24.9s/12m00.0s

running (06m25.9s), 72/80 VUs, 16646 complete and 0 interrupted iterations
gradual_ramp   [  54% ] 72/80 VUs  06m25.9s/12m00.0s

running (06m26.9s), 72/80 VUs, 16755 complete and 0 interrupted iterations
gradual_ramp   [  54% ] 72/80 VUs  06m26.9s/12m00.0s

running (06m27.9s), 72/80 VUs, 16845 complete and 0 interrupted iterations
gradual_ramp   [  54% ] 72/80 VUs  06m27.9s/12m00.0s

running (06m28.9s), 72/80 VUs, 16945 complete and 0 interrupted iterations
gradual_ramp   [  54% ] 72/80 VUs  06m28.9s/12m00.0s

running (06m29.9s), 72/80 VUs, 17048 complete and 0 interrupted iterations
gradual_ramp   [  54% ] 72/80 VUs  06m29.9s/12m00.0s

running (06m30.9s), 73/80 VUs, 17150 complete and 0 interrupted iterations
gradual_ramp   [  54% ] 73/80 VUs  06m30.9s/12m00.0s

running (06m31.9s), 73/80 VUs, 17247 complete and 0 interrupted iterations
gradual_ramp   [  54% ] 73/80 VUs  06m31.9s/12m00.0s

running (06m32.9s), 73/80 VUs, 17346 complete and 0 interrupted iterations
gradual_ramp   [  55% ] 73/80 VUs  06m32.9s/12m00.0s

running (06m33.9s), 73/80 VUs, 17444 complete and 0 interrupted iterations
gradual_ramp   [  55% ] 73/80 VUs  06m33.9s/12m00.0s

running (06m34.9s), 74/80 VUs, 17539 complete and 0 interrupted iterations
gradual_ramp   [  55% ] 74/80 VUs  06m34.9s/12m00.0s

running (06m35.9s), 74/80 VUs, 17639 complete and 0 interrupted iterations
gradual_ramp   [  55% ] 74/80 VUs  06m35.9s/12m00.0s

running (06m36.9s), 74/80 VUs, 17740 complete and 0 interrupted iterations
gradual_ramp   [  55% ] 74/80 VUs  06m36.9s/12m00.0s

running (06m37.9s), 74/80 VUs, 17839 complete and 0 interrupted iterations
gradual_ramp   [  55% ] 74/80 VUs  06m37.9s/12m00.0s

running (06m38.9s), 75/80 VUs, 17940 complete and 0 interrupted iterations
gradual_ramp   [  55% ] 75/80 VUs  06m38.9s/12m00.0s

running (06m39.9s), 75/80 VUs, 18043 complete and 0 interrupted iterations
gradual_ramp   [  56% ] 75/80 VUs  06m39.9s/12m00.0s

running (06m40.9s), 75/80 VUs, 18136 complete and 0 interrupted iterations
gradual_ramp   [  56% ] 75/80 VUs  06m40.9s/12m00.0s

running (06m41.9s), 75/80 VUs, 18239 complete and 0 interrupted iterations
gradual_ramp   [  56% ] 75/80 VUs  06m41.9s/12m00.0s

running (06m42.9s), 76/80 VUs, 18340 complete and 0 interrupted iterations
gradual_ramp   [  56% ] 76/80 VUs  06m42.9s/12m00.0s

running (06m43.9s), 76/80 VUs, 18439 complete and 0 interrupted iterations
gradual_ramp   [  56% ] 76/80 VUs  06m43.9s/12m00.0s

running (06m44.9s), 76/80 VUs, 18542 complete and 0 interrupted iterations
gradual_ramp   [  56% ] 76/80 VUs  06m44.9s/12m00.0s

running (06m45.9s), 76/80 VUs, 18644 complete and 0 interrupted iterations
gradual_ramp   [  56% ] 76/80 VUs  06m45.9s/12m00.0s

running (06m46.9s), 76/80 VUs, 18743 complete and 0 interrupted iterations
gradual_ramp   [  57% ] 76/80 VUs  06m46.9s/12m00.0s

running (06m47.9s), 77/80 VUs, 18847 complete and 0 interrupted iterations
gradual_ramp   [  57% ] 77/80 VUs  06m47.9s/12m00.0s

running (06m48.9s), 77/80 VUs, 18946 complete and 0 interrupted iterations
gradual_ramp   [  57% ] 77/80 VUs  06m48.9s/12m00.0s

running (06m49.9s), 77/80 VUs, 19042 complete and 0 interrupted iterations
gradual_ramp   [  57% ] 77/80 VUs  06m49.9s/12m00.0s

running (06m50.9s), 77/80 VUs, 19143 complete and 0 interrupted iterations
gradual_ramp   [  57% ] 77/80 VUs  06m50.9s/12m00.0s

running (06m51.9s), 78/80 VUs, 19247 complete and 0 interrupted iterations
gradual_ramp   [  57% ] 78/80 VUs  06m51.9s/12m00.0s

running (06m52.9s), 78/80 VUs, 19351 complete and 0 interrupted iterations
gradual_ramp   [  57% ] 78/80 VUs  06m52.9s/12m00.0s

running (06m53.9s), 78/80 VUs, 19451 complete and 0 interrupted iterations
gradual_ramp   [  57% ] 78/80 VUs  06m53.9s/12m00.0s

running (06m54.9s), 78/80 VUs, 19555 complete and 0 interrupted iterations
gradual_ramp   [  58% ] 78/80 VUs  06m54.9s/12m00.0s

running (06m55.9s), 79/80 VUs, 19659 complete and 0 interrupted iterations
gradual_ramp   [  58% ] 79/80 VUs  06m55.9s/12m00.0s

running (06m56.9s), 79/80 VUs, 19764 complete and 0 interrupted iterations
gradual_ramp   [  58% ] 79/80 VUs  06m56.9s/12m00.0s

running (06m57.9s), 79/80 VUs, 19865 complete and 0 interrupted iterations
gradual_ramp   [  58% ] 79/80 VUs  06m57.9s/12m00.0s

running (06m58.9s), 79/80 VUs, 19967 complete and 0 interrupted iterations
gradual_ramp   [  58% ] 79/80 VUs  06m58.9s/12m00.0s

running (06m59.9s), 79/80 VUs, 20070 complete and 0 interrupted iterations
gradual_ramp   [  58% ] 79/80 VUs  06m59.9s/12m00.0s

running (07m00.9s), 80/80 VUs, 20178 complete and 0 interrupted iterations
gradual_ramp   [  58% ] 80/80 VUs  07m00.9s/12m00.0s

running (07m01.9s), 80/80 VUs, 20282 complete and 0 interrupted iterations
gradual_ramp   [  59% ] 80/80 VUs  07m01.9s/12m00.0s

running (07m02.9s), 80/80 VUs, 20385 complete and 0 interrupted iterations
gradual_ramp   [  59% ] 80/80 VUs  07m02.9s/12m00.0s

running (07m03.9s), 80/80 VUs, 20490 complete and 0 interrupted iterations
gradual_ramp   [  59% ] 80/80 VUs  07m03.9s/12m00.0s

running (07m04.9s), 80/80 VUs, 20593 complete and 0 interrupted iterations
gradual_ramp   [  59% ] 80/80 VUs  07m04.9s/12m00.0s

running (07m05.9s), 80/80 VUs, 20700 complete and 0 interrupted iterations
gradual_ramp   [  59% ] 80/80 VUs  07m05.9s/12m00.0s

running (07m06.9s), 80/80 VUs, 20805 complete and 0 interrupted iterations
gradual_ramp   [  59% ] 80/80 VUs  07m06.9s/12m00.0s

running (07m07.9s), 80/80 VUs, 20910 complete and 0 interrupted iterations
gradual_ramp   [  59% ] 80/80 VUs  07m07.9s/12m00.0s

running (07m08.9s), 80/80 VUs, 21009 complete and 0 interrupted iterations
gradual_ramp   [  60% ] 80/80 VUs  07m08.9s/12m00.0s

running (07m09.9s), 80/80 VUs, 21121 complete and 0 interrupted iterations
gradual_ramp   [  60% ] 80/80 VUs  07m09.9s/12m00.0s

running (07m10.9s), 80/80 VUs, 21226 complete and 0 interrupted iterations
gradual_ramp   [  60% ] 80/80 VUs  07m10.9s/12m00.0s

running (07m11.9s), 80/80 VUs, 21327 complete and 0 interrupted iterations
gradual_ramp   [  60% ] 80/80 VUs  07m11.9s/12m00.0s

running (07m12.9s), 80/80 VUs, 21433 complete and 0 interrupted iterations
gradual_ramp   [  60% ] 80/80 VUs  07m12.9s/12m00.0s

running (07m13.9s), 80/80 VUs, 21537 complete and 0 interrupted iterations
gradual_ramp   [  60% ] 80/80 VUs  07m13.9s/12m00.0s

running (07m14.9s), 80/80 VUs, 21637 complete and 0 interrupted iterations
gradual_ramp   [  60% ] 80/80 VUs  07m14.9s/12m00.0s

running (07m15.9s), 80/80 VUs, 21750 complete and 0 interrupted iterations
gradual_ramp   [  61% ] 80/80 VUs  07m15.9s/12m00.0s

running (07m16.9s), 80/80 VUs, 21850 complete and 0 interrupted iterations
gradual_ramp   [  61% ] 80/80 VUs  07m16.9s/12m00.0s

running (07m17.9s), 80/80 VUs, 21965 complete and 0 interrupted iterations
gradual_ramp   [  61% ] 80/80 VUs  07m17.9s/12m00.0s

running (07m18.9s), 80/80 VUs, 22068 complete and 0 interrupted iterations
gradual_ramp   [  61% ] 80/80 VUs  07m18.9s/12m00.0s

running (07m19.9s), 80/80 VUs, 22173 complete and 0 interrupted iterations
gradual_ramp   [  61% ] 80/80 VUs  07m19.9s/12m00.0s

running (07m20.9s), 80/80 VUs, 22276 complete and 0 interrupted iterations
gradual_ramp   [  61% ] 80/80 VUs  07m20.9s/12m00.0s

running (07m21.9s), 80/80 VUs, 22375 complete and 0 interrupted iterations
gradual_ramp   [  61% ] 80/80 VUs  07m21.9s/12m00.0s

running (07m22.9s), 80/80 VUs, 22487 complete and 0 interrupted iterations
gradual_ramp   [  62% ] 80/80 VUs  07m22.9s/12m00.0s

running (07m23.9s), 80/80 VUs, 22590 complete and 0 interrupted iterations
gradual_ramp   [  62% ] 80/80 VUs  07m23.9s/12m00.0s

running (07m24.9s), 80/80 VUs, 22688 complete and 0 interrupted iterations
gradual_ramp   [  62% ] 80/80 VUs  07m24.9s/12m00.0s

running (07m25.9s), 80/80 VUs, 22800 complete and 0 interrupted iterations
gradual_ramp   [  62% ] 80/80 VUs  07m25.9s/12m00.0s

running (07m26.9s), 80/80 VUs, 22900 complete and 0 interrupted iterations
gradual_ramp   [  62% ] 80/80 VUs  07m26.9s/12m00.0s

running (07m27.9s), 80/80 VUs, 23006 complete and 0 interrupted iterations
gradual_ramp   [  62% ] 80/80 VUs  07m27.9s/12m00.0s

running (07m28.9s), 80/80 VUs, 23114 complete and 0 interrupted iterations
gradual_ramp   [  62% ] 80/80 VUs  07m28.9s/12m00.0s

running (07m29.9s), 80/80 VUs, 23214 complete and 0 interrupted iterations
gradual_ramp   [  62% ] 80/80 VUs  07m29.9s/12m00.0s

running (07m30.9s), 80/80 VUs, 23317 complete and 0 interrupted iterations
gradual_ramp   [  63% ] 80/80 VUs  07m30.9s/12m00.0s

running (07m31.9s), 80/80 VUs, 23421 complete and 0 interrupted iterations
gradual_ramp   [  63% ] 80/80 VUs  07m31.9s/12m00.0s

running (07m32.9s), 80/80 VUs, 23528 complete and 0 interrupted iterations
gradual_ramp   [  63% ] 80/80 VUs  07m32.9s/12m00.0s

running (07m33.9s), 80/80 VUs, 23626 complete and 0 interrupted iterations
gradual_ramp   [  63% ] 80/80 VUs  07m33.9s/12m00.0s

running (07m34.9s), 80/80 VUs, 23732 complete and 0 interrupted iterations
gradual_ramp   [  63% ] 80/80 VUs  07m34.9s/12m00.0s

running (07m35.9s), 80/80 VUs, 23836 complete and 0 interrupted iterations
gradual_ramp   [  63% ] 80/80 VUs  07m35.9s/12m00.0s

running (07m36.9s), 80/80 VUs, 23941 complete and 0 interrupted iterations
gradual_ramp   [  63% ] 80/80 VUs  07m36.9s/12m00.0s

running (07m37.9s), 80/80 VUs, 24048 complete and 0 interrupted iterations
gradual_ramp   [  64% ] 80/80 VUs  07m37.9s/12m00.0s

running (07m38.9s), 80/80 VUs, 24150 complete and 0 interrupted iterations
gradual_ramp   [  64% ] 80/80 VUs  07m38.9s/12m00.0s

running (07m39.9s), 80/80 VUs, 24251 complete and 0 interrupted iterations
gradual_ramp   [  64% ] 80/80 VUs  07m39.9s/12m00.0s

running (07m40.9s), 80/80 VUs, 24360 complete and 0 interrupted iterations
gradual_ramp   [  64% ] 80/80 VUs  07m40.9s/12m00.0s

running (07m41.9s), 80/80 VUs, 24461 complete and 0 interrupted iterations
gradual_ramp   [  64% ] 80/80 VUs  07m41.9s/12m00.0s

running (07m42.9s), 80/80 VUs, 24569 complete and 0 interrupted iterations
gradual_ramp   [  64% ] 80/80 VUs  07m42.9s/12m00.0s

running (07m43.9s), 80/80 VUs, 24672 complete and 0 interrupted iterations
gradual_ramp   [  64% ] 80/80 VUs  07m43.9s/12m00.0s

running (07m44.9s), 80/80 VUs, 24770 complete and 0 interrupted iterations
gradual_ramp   [  65% ] 80/80 VUs  07m44.9s/12m00.0s

running (07m45.9s), 80/80 VUs, 24879 complete and 0 interrupted iterations
gradual_ramp   [  65% ] 80/80 VUs  07m45.9s/12m00.0s

running (07m46.9s), 80/80 VUs, 24979 complete and 0 interrupted iterations
gradual_ramp   [  65% ] 80/80 VUs  07m46.9s/12m00.0s

running (07m47.9s), 80/80 VUs, 25081 complete and 0 interrupted iterations
gradual_ramp   [  65% ] 80/80 VUs  07m47.9s/12m00.0s

running (07m48.9s), 80/80 VUs, 25181 complete and 0 interrupted iterations
gradual_ramp   [  65% ] 80/80 VUs  07m48.9s/12m00.0s

running (07m49.9s), 80/80 VUs, 25292 complete and 0 interrupted iterations
gradual_ramp   [  65% ] 80/80 VUs  07m49.9s/12m00.0s

running (07m50.9s), 80/80 VUs, 25399 complete and 0 interrupted iterations
gradual_ramp   [  65% ] 80/80 VUs  07m50.9s/12m00.0s

running (07m51.9s), 80/80 VUs, 25500 complete and 0 interrupted iterations
gradual_ramp   [  66% ] 80/80 VUs  07m51.9s/12m00.0s

running (07m52.9s), 80/80 VUs, 25605 complete and 0 interrupted iterations
gradual_ramp   [  66% ] 80/80 VUs  07m52.9s/12m00.0s

running (07m53.9s), 80/80 VUs, 25712 complete and 0 interrupted iterations
gradual_ramp   [  66% ] 80/80 VUs  07m53.9s/12m00.0s

running (07m54.9s), 80/80 VUs, 25813 complete and 0 interrupted iterations
gradual_ramp   [  66% ] 80/80 VUs  07m54.9s/12m00.0s

running (07m55.9s), 80/80 VUs, 25916 complete and 0 interrupted iterations
gradual_ramp   [  66% ] 80/80 VUs  07m55.9s/12m00.0s

running (07m56.9s), 80/80 VUs, 26022 complete and 0 interrupted iterations
gradual_ramp   [  66% ] 80/80 VUs  07m56.9s/12m00.0s

running (07m57.9s), 80/80 VUs, 26128 complete and 0 interrupted iterations
gradual_ramp   [  66% ] 80/80 VUs  07m57.9s/12m00.0s

running (07m58.9s), 80/80 VUs, 26228 complete and 0 interrupted iterations
gradual_ramp   [  67% ] 80/80 VUs  07m58.9s/12m00.0s

running (07m59.9s), 80/80 VUs, 26338 complete and 0 interrupted iterations
gradual_ramp   [  67% ] 80/80 VUs  07m59.9s/12m00.0s

running (08m00.9s), 80/80 VUs, 26442 complete and 0 interrupted iterations
gradual_ramp   [  67% ] 80/80 VUs  08m00.9s/12m00.0s

running (08m01.9s), 80/80 VUs, 26546 complete and 0 interrupted iterations
gradual_ramp   [  67% ] 80/80 VUs  08m01.9s/12m00.0s

running (08m02.9s), 80/80 VUs, 26647 complete and 0 interrupted iterations
gradual_ramp   [  67% ] 80/80 VUs  08m02.9s/12m00.0s

running (08m03.9s), 80/80 VUs, 26752 complete and 0 interrupted iterations
gradual_ramp   [  67% ] 80/80 VUs  08m03.9s/12m00.0s

running (08m04.9s), 80/80 VUs, 26853 complete and 0 interrupted iterations
gradual_ramp   [  67% ] 80/80 VUs  08m04.9s/12m00.0s

running (08m05.9s), 80/80 VUs, 26960 complete and 0 interrupted iterations
gradual_ramp   [  67% ] 80/80 VUs  08m05.9s/12m00.0s

running (08m06.9s), 80/80 VUs, 27068 complete and 0 interrupted iterations
gradual_ramp   [  68% ] 80/80 VUs  08m06.9s/12m00.0s

running (08m07.9s), 80/80 VUs, 27174 complete and 0 interrupted iterations
gradual_ramp   [  68% ] 80/80 VUs  08m07.9s/12m00.0s

running (08m08.9s), 80/80 VUs, 27283 complete and 0 interrupted iterations
gradual_ramp   [  68% ] 80/80 VUs  08m08.9s/12m00.0s

running (08m09.9s), 80/80 VUs, 27383 complete and 0 interrupted iterations
gradual_ramp   [  68% ] 80/80 VUs  08m09.9s/12m00.0s

running (08m10.9s), 80/80 VUs, 27489 complete and 0 interrupted iterations
gradual_ramp   [  68% ] 80/80 VUs  08m10.9s/12m00.0s

running (08m11.9s), 80/80 VUs, 27592 complete and 0 interrupted iterations
gradual_ramp   [  68% ] 80/80 VUs  08m11.9s/12m00.0s

running (08m12.9s), 80/80 VUs, 27695 complete and 0 interrupted iterations
gradual_ramp   [  68% ] 80/80 VUs  08m12.9s/12m00.0s

running (08m13.9s), 80/80 VUs, 27793 complete and 0 interrupted iterations
gradual_ramp   [  69% ] 80/80 VUs  08m13.9s/12m00.0s

running (08m14.9s), 80/80 VUs, 27904 complete and 0 interrupted iterations
gradual_ramp   [  69% ] 80/80 VUs  08m14.9s/12m00.0s

running (08m15.9s), 80/80 VUs, 28004 complete and 0 interrupted iterations
gradual_ramp   [  69% ] 80/80 VUs  08m15.9s/12m00.0s

running (08m16.9s), 80/80 VUs, 28113 complete and 0 interrupted iterations
gradual_ramp   [  69% ] 80/80 VUs  08m16.9s/12m00.0s

running (08m17.9s), 80/80 VUs, 28218 complete and 0 interrupted iterations
gradual_ramp   [  69% ] 80/80 VUs  08m17.9s/12m00.0s

running (08m18.9s), 80/80 VUs, 28314 complete and 0 interrupted iterations
gradual_ramp   [  69% ] 80/80 VUs  08m18.9s/12m00.0s

running (08m19.9s), 80/80 VUs, 28417 complete and 0 interrupted iterations
gradual_ramp   [  69% ] 80/80 VUs  08m19.9s/12m00.0s

running (08m20.9s), 80/80 VUs, 28521 complete and 0 interrupted iterations
gradual_ramp   [  70% ] 80/80 VUs  08m20.9s/12m00.0s

running (08m21.9s), 80/80 VUs, 28632 complete and 0 interrupted iterations
gradual_ramp   [  70% ] 80/80 VUs  08m21.9s/12m00.0s

running (08m22.9s), 80/80 VUs, 28736 complete and 0 interrupted iterations
gradual_ramp   [  70% ] 80/80 VUs  08m22.9s/12m00.0s

running (08m23.9s), 80/80 VUs, 28840 complete and 0 interrupted iterations
gradual_ramp   [  70% ] 80/80 VUs  08m23.9s/12m00.0s

running (08m24.9s), 80/80 VUs, 28946 complete and 0 interrupted iterations
gradual_ramp   [  70% ] 80/80 VUs  08m24.9s/12m00.0s

running (08m25.9s), 80/80 VUs, 29051 complete and 0 interrupted iterations
gradual_ramp   [  70% ] 80/80 VUs  08m25.9s/12m00.0s

running (08m26.9s), 80/80 VUs, 29154 complete and 0 interrupted iterations
gradual_ramp   [  70% ] 80/80 VUs  08m26.9s/12m00.0s

running (08m27.9s), 80/80 VUs, 29264 complete and 0 interrupted iterations
gradual_ramp   [  71% ] 80/80 VUs  08m27.9s/12m00.0s

running (08m28.9s), 80/80 VUs, 29360 complete and 0 interrupted iterations
gradual_ramp   [  71% ] 80/80 VUs  08m28.9s/12m00.0s

running (08m29.9s), 80/80 VUs, 29462 complete and 0 interrupted iterations
gradual_ramp   [  71% ] 80/80 VUs  08m29.9s/12m00.0s

running (08m30.9s), 80/80 VUs, 29566 complete and 0 interrupted iterations
gradual_ramp   [  71% ] 80/80 VUs  08m30.9s/12m00.0s

running (08m31.9s), 80/80 VUs, 29673 complete and 0 interrupted iterations
gradual_ramp   [  71% ] 80/80 VUs  08m31.9s/12m00.0s

running (08m32.9s), 80/80 VUs, 29779 complete and 0 interrupted iterations
gradual_ramp   [  71% ] 80/80 VUs  08m32.9s/12m00.0s

running (08m33.9s), 80/80 VUs, 29884 complete and 0 interrupted iterations
gradual_ramp   [  71% ] 80/80 VUs  08m33.9s/12m00.0s

running (08m34.9s), 80/80 VUs, 29986 complete and 0 interrupted iterations
gradual_ramp   [  72% ] 80/80 VUs  08m34.9s/12m00.0s

running (08m35.9s), 80/80 VUs, 30094 complete and 0 interrupted iterations
gradual_ramp   [  72% ] 80/80 VUs  08m35.9s/12m00.0s

running (08m36.9s), 80/80 VUs, 30199 complete and 0 interrupted iterations
gradual_ramp   [  72% ] 80/80 VUs  08m36.9s/12m00.0s

running (08m37.9s), 80/80 VUs, 30306 complete and 0 interrupted iterations
gradual_ramp   [  72% ] 80/80 VUs  08m37.9s/12m00.0s

running (08m38.9s), 80/80 VUs, 30410 complete and 0 interrupted iterations
gradual_ramp   [  72% ] 80/80 VUs  08m38.9s/12m00.0s

running (08m39.9s), 80/80 VUs, 30509 complete and 0 interrupted iterations
gradual_ramp   [  72% ] 80/80 VUs  08m39.9s/12m00.0s

running (08m40.9s), 80/80 VUs, 30622 complete and 0 interrupted iterations
gradual_ramp   [  72% ] 80/80 VUs  08m40.9s/12m00.0s

running (08m41.9s), 80/80 VUs, 30732 complete and 0 interrupted iterations
gradual_ramp   [  72% ] 80/80 VUs  08m41.9s/12m00.0s

running (08m42.9s), 80/80 VUs, 30831 complete and 0 interrupted iterations
gradual_ramp   [  73% ] 80/80 VUs  08m42.9s/12m00.0s

running (08m43.9s), 80/80 VUs, 30937 complete and 0 interrupted iterations
gradual_ramp   [  73% ] 80/80 VUs  08m43.9s/12m00.0s

running (08m44.9s), 80/80 VUs, 31043 complete and 0 interrupted iterations
gradual_ramp   [  73% ] 80/80 VUs  08m44.9s/12m00.0s

running (08m45.9s), 80/80 VUs, 31145 complete and 0 interrupted iterations
gradual_ramp   [  73% ] 80/80 VUs  08m45.9s/12m00.0s

running (08m46.9s), 80/80 VUs, 31249 complete and 0 interrupted iterations
gradual_ramp   [  73% ] 80/80 VUs  08m46.9s/12m00.0s

running (08m47.9s), 80/80 VUs, 31352 complete and 0 interrupted iterations
gradual_ramp   [  73% ] 80/80 VUs  08m47.9s/12m00.0s

running (08m48.9s), 80/80 VUs, 31457 complete and 0 interrupted iterations
gradual_ramp   [  73% ] 80/80 VUs  08m48.9s/12m00.0s

running (08m49.9s), 80/80 VUs, 31568 complete and 0 interrupted iterations
gradual_ramp   [  74% ] 80/80 VUs  08m49.9s/12m00.0s

running (08m50.9s), 80/80 VUs, 31669 complete and 0 interrupted iterations
gradual_ramp   [  74% ] 80/80 VUs  08m50.9s/12m00.0s

running (08m51.9s), 80/80 VUs, 31776 complete and 0 interrupted iterations
gradual_ramp   [  74% ] 80/80 VUs  08m51.9s/12m00.0s

running (08m52.9s), 80/80 VUs, 31876 complete and 0 interrupted iterations
gradual_ramp   [  74% ] 80/80 VUs  08m52.9s/12m00.0s

running (08m53.9s), 80/80 VUs, 31976 complete and 0 interrupted iterations
gradual_ramp   [  74% ] 80/80 VUs  08m53.9s/12m00.0s

running (08m54.9s), 80/80 VUs, 32081 complete and 0 interrupted iterations
gradual_ramp   [  74% ] 80/80 VUs  08m54.9s/12m00.0s

running (08m55.9s), 80/80 VUs, 32187 complete and 0 interrupted iterations
gradual_ramp   [  74% ] 80/80 VUs  08m55.9s/12m00.0s

running (08m56.9s), 80/80 VUs, 32287 complete and 0 interrupted iterations
gradual_ramp   [  75% ] 80/80 VUs  08m56.9s/12m00.0s

running (08m57.9s), 80/80 VUs, 32397 complete and 0 interrupted iterations
gradual_ramp   [  75% ] 80/80 VUs  08m57.9s/12m00.0s

running (08m58.9s), 80/80 VUs, 32499 complete and 0 interrupted iterations
gradual_ramp   [  75% ] 80/80 VUs  08m58.9s/12m00.0s

running (08m59.9s), 80/80 VUs, 32608 complete and 0 interrupted iterations
gradual_ramp   [  75% ] 80/80 VUs  08m59.9s/12m00.0s

running (09m00.9s), 80/80 VUs, 32710 complete and 0 interrupted iterations
gradual_ramp   [  75% ] 80/80 VUs  09m00.9s/12m00.0s

running (09m01.9s), 80/80 VUs, 32815 complete and 0 interrupted iterations
gradual_ramp   [  75% ] 80/80 VUs  09m01.9s/12m00.0s

running (09m02.9s), 79/80 VUs, 32924 complete and 0 interrupted iterations
gradual_ramp   [  75% ] 79/80 VUs  09m02.9s/12m00.0s

running (09m03.9s), 79/80 VUs, 33026 complete and 0 interrupted iterations
gradual_ramp   [  76% ] 79/80 VUs  09m03.9s/12m00.0s

running (09m04.9s), 78/80 VUs, 33132 complete and 0 interrupted iterations
gradual_ramp   [  76% ] 78/80 VUs  09m04.9s/12m00.0s

running (09m05.9s), 78/80 VUs, 33238 complete and 0 interrupted iterations
gradual_ramp   [  76% ] 78/80 VUs  09m05.9s/12m00.0s

running (09m06.9s), 78/80 VUs, 33342 complete and 0 interrupted iterations
gradual_ramp   [  76% ] 78/80 VUs  09m06.9s/12m00.0s

running (09m07.9s), 77/80 VUs, 33444 complete and 0 interrupted iterations
gradual_ramp   [  76% ] 77/80 VUs  09m07.9s/12m00.0s

running (09m08.9s), 77/80 VUs, 33552 complete and 0 interrupted iterations
gradual_ramp   [  76% ] 77/80 VUs  09m08.9s/12m00.0s

running (09m09.9s), 76/80 VUs, 33653 complete and 0 interrupted iterations
gradual_ramp   [  76% ] 76/80 VUs  09m09.9s/12m00.0s

running (09m10.9s), 76/80 VUs, 33757 complete and 0 interrupted iterations
gradual_ramp   [  77% ] 76/80 VUs  09m10.9s/12m00.0s

running (09m11.9s), 75/80 VUs, 33857 complete and 0 interrupted iterations
gradual_ramp   [  77% ] 75/80 VUs  09m11.9s/12m00.0s

running (09m12.9s), 75/80 VUs, 33957 complete and 0 interrupted iterations
gradual_ramp   [  77% ] 75/80 VUs  09m12.9s/12m00.0s

running (09m13.9s), 74/80 VUs, 34051 complete and 0 interrupted iterations
gradual_ramp   [  77% ] 74/80 VUs  09m13.9s/12m00.0s

running (09m14.9s), 74/80 VUs, 34152 complete and 0 interrupted iterations
gradual_ramp   [  77% ] 74/80 VUs  09m14.9s/12m00.0s

running (09m15.9s), 74/80 VUs, 34251 complete and 0 interrupted iterations
gradual_ramp   [  77% ] 74/80 VUs  09m15.9s/12m00.0s

running (09m16.9s), 73/80 VUs, 34349 complete and 0 interrupted iterations
gradual_ramp   [  77% ] 73/80 VUs  09m16.9s/12m00.0s

running (09m17.9s), 73/80 VUs, 34451 complete and 0 interrupted iterations
gradual_ramp   [  77% ] 73/80 VUs  09m17.9s/12m00.0s

running (09m18.9s), 72/80 VUs, 34550 complete and 0 interrupted iterations
gradual_ramp   [  78% ] 72/80 VUs  09m18.9s/12m00.0s

running (09m19.9s), 72/80 VUs, 34652 complete and 0 interrupted iterations
gradual_ramp   [  78% ] 72/80 VUs  09m19.9s/12m00.0s

running (09m20.9s), 71/80 VUs, 34745 complete and 0 interrupted iterations
gradual_ramp   [  78% ] 71/80 VUs  09m20.9s/12m00.0s

running (09m21.9s), 71/80 VUs, 34844 complete and 0 interrupted iterations
gradual_ramp   [  78% ] 71/80 VUs  09m21.9s/12m00.0s

running (09m22.9s), 71/80 VUs, 34936 complete and 0 interrupted iterations
gradual_ramp   [  78% ] 71/80 VUs  09m22.9s/12m00.0s

running (09m23.9s), 70/80 VUs, 35034 complete and 0 interrupted iterations
gradual_ramp   [  78% ] 70/80 VUs  09m23.9s/12m00.0s

running (09m24.9s), 69/80 VUs, 35134 complete and 0 interrupted iterations
gradual_ramp   [  78% ] 69/80 VUs  09m24.9s/12m00.0s

running (09m25.9s), 69/80 VUs, 35228 complete and 0 interrupted iterations
gradual_ramp   [  79% ] 69/80 VUs  09m25.9s/12m00.0s

running (09m26.9s), 69/80 VUs, 35320 complete and 0 interrupted iterations
gradual_ramp   [  79% ] 69/80 VUs  09m26.9s/12m00.0s

running (09m27.9s), 68/80 VUs, 35414 complete and 0 interrupted iterations
gradual_ramp   [  79% ] 68/80 VUs  09m27.9s/12m00.0s

running (09m28.9s), 68/80 VUs, 35510 complete and 0 interrupted iterations
gradual_ramp   [  79% ] 68/80 VUs  09m28.9s/12m00.0s

running (09m29.9s), 67/80 VUs, 35603 complete and 0 interrupted iterations
gradual_ramp   [  79% ] 67/80 VUs  09m29.9s/12m00.0s

running (09m30.9s), 67/80 VUs, 35689 complete and 0 interrupted iterations
gradual_ramp   [  79% ] 67/80 VUs  09m30.9s/12m00.0s

running (09m31.9s), 66/80 VUs, 35783 complete and 0 interrupted iterations
gradual_ramp   [  79% ] 66/80 VUs  09m31.9s/12m00.0s

running (09m32.9s), 66/80 VUs, 35876 complete and 0 interrupted iterations
gradual_ramp   [  80% ] 66/80 VUs  09m32.9s/12m00.0s

running (09m33.9s), 66/80 VUs, 35963 complete and 0 interrupted iterations
gradual_ramp   [  80% ] 66/80 VUs  09m33.9s/12m00.0s

running (09m34.9s), 65/80 VUs, 36053 complete and 0 interrupted iterations
gradual_ramp   [  80% ] 65/80 VUs  09m34.9s/12m00.0s

running (09m35.9s), 65/80 VUs, 36139 complete and 0 interrupted iterations
gradual_ramp   [  80% ] 65/80 VUs  09m35.9s/12m00.0s

running (09m36.9s), 64/80 VUs, 36236 complete and 0 interrupted iterations
gradual_ramp   [  80% ] 64/80 VUs  09m36.9s/12m00.0s

running (09m37.9s), 64/80 VUs, 36321 complete and 0 interrupted iterations
gradual_ramp   [  80% ] 64/80 VUs  09m37.9s/12m00.0s

running (09m38.9s), 63/80 VUs, 36412 complete and 0 interrupted iterations
gradual_ramp   [  80% ] 63/80 VUs  09m38.9s/12m00.0s

running (09m39.9s), 63/80 VUs, 36501 complete and 0 interrupted iterations
gradual_ramp   [  81% ] 63/80 VUs  09m39.9s/12m00.0s

running (09m40.9s), 63/80 VUs, 36579 complete and 0 interrupted iterations
gradual_ramp   [  81% ] 63/80 VUs  09m40.9s/12m00.0s

running (09m41.9s), 62/80 VUs, 36668 complete and 0 interrupted iterations
gradual_ramp   [  81% ] 62/80 VUs  09m41.9s/12m00.0s

running (09m42.9s), 62/80 VUs, 36751 complete and 0 interrupted iterations
gradual_ramp   [  81% ] 62/80 VUs  09m42.9s/12m00.0s

running (09m43.9s), 61/80 VUs, 36837 complete and 0 interrupted iterations
gradual_ramp   [  81% ] 61/80 VUs  09m43.9s/12m00.0s

running (09m44.9s), 61/80 VUs, 36918 complete and 0 interrupted iterations
gradual_ramp   [  81% ] 61/80 VUs  09m44.9s/12m00.0s

running (09m45.9s), 60/80 VUs, 37005 complete and 0 interrupted iterations
gradual_ramp   [  81% ] 60/80 VUs  09m45.9s/12m00.0s

running (09m46.9s), 60/80 VUs, 37082 complete and 0 interrupted iterations
gradual_ramp   [  82% ] 60/80 VUs  09m46.9s/12m00.0s

running (09m47.9s), 59/80 VUs, 37163 complete and 0 interrupted iterations
gradual_ramp   [  82% ] 59/80 VUs  09m47.9s/12m00.0s

running (09m48.9s), 59/80 VUs, 37245 complete and 0 interrupted iterations
gradual_ramp   [  82% ] 59/80 VUs  09m48.9s/12m00.0s

running (09m49.9s), 59/80 VUs, 37323 complete and 0 interrupted iterations
gradual_ramp   [  82% ] 59/80 VUs  09m49.9s/12m00.0s

running (09m50.9s), 58/80 VUs, 37404 complete and 0 interrupted iterations
gradual_ramp   [  82% ] 58/80 VUs  09m50.9s/12m00.0s

running (09m51.9s), 58/80 VUs, 37486 complete and 0 interrupted iterations
gradual_ramp   [  82% ] 58/80 VUs  09m51.9s/12m00.0s

running (09m52.9s), 57/80 VUs, 37562 complete and 0 interrupted iterations
gradual_ramp   [  82% ] 57/80 VUs  09m52.9s/12m00.0s

running (09m53.9s), 57/80 VUs, 37640 complete and 0 interrupted iterations
gradual_ramp   [  82% ] 57/80 VUs  09m53.9s/12m00.0s

running (09m54.9s), 56/80 VUs, 37723 complete and 0 interrupted iterations
gradual_ramp   [  83% ] 56/80 VUs  09m54.9s/12m00.0s

running (09m55.9s), 56/80 VUs, 37800 complete and 0 interrupted iterations
gradual_ramp   [  83% ] 56/80 VUs  09m55.9s/12m00.0s

running (09m56.9s), 55/80 VUs, 37881 complete and 0 interrupted iterations
gradual_ramp   [  83% ] 55/80 VUs  09m56.9s/12m00.0s

running (09m57.9s), 55/80 VUs, 37963 complete and 0 interrupted iterations
gradual_ramp   [  83% ] 55/80 VUs  09m57.9s/12m00.0s

running (09m58.9s), 54/80 VUs, 38038 complete and 0 interrupted iterations
gradual_ramp   [  83% ] 54/80 VUs  09m58.9s/12m00.0s

running (09m59.9s), 54/80 VUs, 38112 complete and 0 interrupted iterations
gradual_ramp   [  83% ] 54/80 VUs  09m59.9s/12m00.0s

running (10m00.9s), 53/80 VUs, 38188 complete and 0 interrupted iterations
gradual_ramp   [  83% ] 53/80 VUs  10m00.9s/12m00.0s

running (10m01.9s), 53/80 VUs, 38262 complete and 0 interrupted iterations
gradual_ramp   [  84% ] 53/80 VUs  10m01.9s/12m00.0s

running (10m02.9s), 53/80 VUs, 38341 complete and 0 interrupted iterations
gradual_ramp   [  84% ] 53/80 VUs  10m02.9s/12m00.0s

running (10m03.9s), 52/80 VUs, 38410 complete and 0 interrupted iterations
gradual_ramp   [  84% ] 52/80 VUs  10m03.9s/12m00.0s

running (10m04.9s), 52/80 VUs, 38484 complete and 0 interrupted iterations
gradual_ramp   [  84% ] 52/80 VUs  10m04.9s/12m00.0s

running (10m05.9s), 51/80 VUs, 38554 complete and 0 interrupted iterations
gradual_ramp   [  84% ] 51/80 VUs  10m05.9s/12m00.0s

running (10m06.9s), 51/80 VUs, 38626 complete and 0 interrupted iterations
gradual_ramp   [  84% ] 51/80 VUs  10m06.9s/12m00.0s

running (10m07.9s), 50/80 VUs, 38695 complete and 0 interrupted iterations
gradual_ramp   [  84% ] 50/80 VUs  10m07.9s/12m00.0s

running (10m08.9s), 50/80 VUs, 38763 complete and 0 interrupted iterations
gradual_ramp   [  85% ] 50/80 VUs  10m08.9s/12m00.0s

running (10m09.9s), 50/80 VUs, 38839 complete and 0 interrupted iterations
gradual_ramp   [  85% ] 50/80 VUs  10m09.9s/12m00.0s

running (10m10.9s), 49/80 VUs, 38906 complete and 0 interrupted iterations
gradual_ramp   [  85% ] 49/80 VUs  10m10.9s/12m00.0s

running (10m11.9s), 49/80 VUs, 38975 complete and 0 interrupted iterations
gradual_ramp   [  85% ] 49/80 VUs  10m11.9s/12m00.0s

running (10m12.9s), 48/80 VUs, 39040 complete and 0 interrupted iterations
gradual_ramp   [  85% ] 48/80 VUs  10m12.9s/12m00.0s

running (10m13.9s), 48/80 VUs, 39109 complete and 0 interrupted iterations
gradual_ramp   [  85% ] 48/80 VUs  10m13.9s/12m00.0s

running (10m14.9s), 47/80 VUs, 39174 complete and 0 interrupted iterations
gradual_ramp   [  85% ] 47/80 VUs  10m14.9s/12m00.0s

running (10m15.9s), 47/80 VUs, 39239 complete and 0 interrupted iterations
gradual_ramp   [  86% ] 47/80 VUs  10m15.9s/12m00.0s

running (10m16.9s), 47/80 VUs, 39307 complete and 0 interrupted iterations
gradual_ramp   [  86% ] 47/80 VUs  10m16.9s/12m00.0s

running (10m17.9s), 46/80 VUs, 39375 complete and 0 interrupted iterations
gradual_ramp   [  86% ] 46/80 VUs  10m17.9s/12m00.0s

running (10m18.9s), 46/80 VUs, 39433 complete and 0 interrupted iterations
gradual_ramp   [  86% ] 46/80 VUs  10m18.9s/12m00.0s

running (10m19.9s), 45/80 VUs, 39501 complete and 0 interrupted iterations
gradual_ramp   [  86% ] 45/80 VUs  10m19.9s/12m00.0s

running (10m20.9s), 45/80 VUs, 39561 complete and 0 interrupted iterations
gradual_ramp   [  86% ] 45/80 VUs  10m20.9s/12m00.0s

running (10m21.9s), 44/80 VUs, 39627 complete and 0 interrupted iterations
gradual_ramp   [  86% ] 44/80 VUs  10m21.9s/12m00.0s

running (10m22.9s), 44/80 VUs, 39686 complete and 0 interrupted iterations
gradual_ramp   [  87% ] 44/80 VUs  10m22.9s/12m00.0s

running (10m23.9s), 43/80 VUs, 39749 complete and 0 interrupted iterations
gradual_ramp   [  87% ] 43/80 VUs  10m23.9s/12m00.0s

running (10m24.9s), 43/80 VUs, 39808 complete and 0 interrupted iterations
gradual_ramp   [  87% ] 43/80 VUs  10m24.9s/12m00.0s

running (10m25.9s), 43/80 VUs, 39871 complete and 0 interrupted iterations
gradual_ramp   [  87% ] 43/80 VUs  10m25.9s/12m00.0s

running (10m26.9s), 42/80 VUs, 39929 complete and 0 interrupted iterations
gradual_ramp   [  87% ] 42/80 VUs  10m26.9s/12m00.0s

running (10m27.9s), 41/80 VUs, 39988 complete and 0 interrupted iterations
gradual_ramp   [  87% ] 41/80 VUs  10m27.9s/12m00.0s

running (10m28.9s), 41/80 VUs, 40047 complete and 0 interrupted iterations
gradual_ramp   [  87% ] 41/80 VUs  10m28.9s/12m00.0s

running (10m29.9s), 41/80 VUs, 40106 complete and 0 interrupted iterations
gradual_ramp   [  87% ] 41/80 VUs  10m29.9s/12m00.0s

running (10m30.9s), 40/80 VUs, 40161 complete and 0 interrupted iterations
gradual_ramp   [  88% ] 40/80 VUs  10m30.9s/12m00.0s

running (10m31.9s), 40/80 VUs, 40214 complete and 0 interrupted iterations
gradual_ramp   [  88% ] 40/80 VUs  10m31.9s/12m00.0s

running (10m32.9s), 39/80 VUs, 40278 complete and 0 interrupted iterations
gradual_ramp   [  88% ] 39/80 VUs  10m32.9s/12m00.0s

running (10m33.9s), 39/80 VUs, 40325 complete and 0 interrupted iterations
gradual_ramp   [  88% ] 39/80 VUs  10m33.9s/12m00.0s

running (10m34.9s), 39/80 VUs, 40383 complete and 0 interrupted iterations
gradual_ramp   [  88% ] 39/80 VUs  10m34.9s/12m00.0s

running (10m35.9s), 38/80 VUs, 40434 complete and 0 interrupted iterations
gradual_ramp   [  88% ] 38/80 VUs  10m35.9s/12m00.0s

running (10m36.9s), 38/80 VUs, 40488 complete and 0 interrupted iterations
gradual_ramp   [  88% ] 38/80 VUs  10m36.9s/12m00.0s

running (10m37.9s), 37/80 VUs, 40538 complete and 0 interrupted iterations
gradual_ramp   [  89% ] 37/80 VUs  10m37.9s/12m00.0s

running (10m38.9s), 37/80 VUs, 40594 complete and 0 interrupted iterations
gradual_ramp   [  89% ] 37/80 VUs  10m38.9s/12m00.0s

running (10m39.9s), 36/80 VUs, 40642 complete and 0 interrupted iterations
gradual_ramp   [  89% ] 36/80 VUs  10m39.9s/12m00.0s

running (10m40.9s), 36/80 VUs, 40695 complete and 0 interrupted iterations
gradual_ramp   [  89% ] 36/80 VUs  10m40.9s/12m00.0s

running (10m41.9s), 35/80 VUs, 40745 complete and 0 interrupted iterations
gradual_ramp   [  89% ] 35/80 VUs  10m41.9s/12m00.0s

running (10m42.9s), 35/80 VUs, 40794 complete and 0 interrupted iterations
gradual_ramp   [  89% ] 35/80 VUs  10m42.9s/12m00.0s

running (10m43.9s), 34/80 VUs, 40844 complete and 0 interrupted iterations
gradual_ramp   [  89% ] 34/80 VUs  10m43.9s/12m00.0s

running (10m44.9s), 34/80 VUs, 40891 complete and 0 interrupted iterations
gradual_ramp   [  90% ] 34/80 VUs  10m44.9s/12m00.0s

running (10m45.9s), 34/80 VUs, 40938 complete and 0 interrupted iterations
gradual_ramp   [  90% ] 34/80 VUs  10m45.9s/12m00.0s

running (10m46.9s), 33/80 VUs, 40988 complete and 0 interrupted iterations
gradual_ramp   [  90% ] 33/80 VUs  10m46.9s/12m00.0s

running (10m47.9s), 33/80 VUs, 41036 complete and 0 interrupted iterations
gradual_ramp   [  90% ] 33/80 VUs  10m47.9s/12m00.0s

running (10m48.9s), 32/80 VUs, 41081 complete and 0 interrupted iterations
gradual_ramp   [  90% ] 32/80 VUs  10m48.9s/12m00.0s

running (10m49.9s), 32/80 VUs, 41124 complete and 0 interrupted iterations
gradual_ramp   [  90% ] 32/80 VUs  10m49.9s/12m00.0s

running (10m50.9s), 31/80 VUs, 41169 complete and 0 interrupted iterations
gradual_ramp   [  90% ] 31/80 VUs  10m50.9s/12m00.0s

running (10m51.9s), 31/80 VUs, 41213 complete and 0 interrupted iterations
gradual_ramp   [  91% ] 31/80 VUs  10m51.9s/12m00.0s

running (10m52.9s), 30/80 VUs, 41256 complete and 0 interrupted iterations
gradual_ramp   [  91% ] 30/80 VUs  10m52.9s/12m00.0s

running (10m53.9s), 30/80 VUs, 41297 complete and 0 interrupted iterations
gradual_ramp   [  91% ] 30/80 VUs  10m53.9s/12m00.0s

running (10m54.9s), 30/80 VUs, 41343 complete and 0 interrupted iterations
gradual_ramp   [  91% ] 30/80 VUs  10m54.9s/12m00.0s

running (10m55.9s), 29/80 VUs, 41383 complete and 0 interrupted iterations
gradual_ramp   [  91% ] 29/80 VUs  10m55.9s/12m00.0s

running (10m56.9s), 29/80 VUs, 41426 complete and 0 interrupted iterations
gradual_ramp   [  91% ] 29/80 VUs  10m56.9s/12m00.0s

running (10m57.9s), 28/80 VUs, 41468 complete and 0 interrupted iterations
gradual_ramp   [  91% ] 28/80 VUs  10m57.9s/12m00.0s

running (10m58.9s), 28/80 VUs, 41510 complete and 0 interrupted iterations
gradual_ramp   [  92% ] 28/80 VUs  10m58.9s/12m00.0s

running (10m59.9s), 27/80 VUs, 41546 complete and 0 interrupted iterations
gradual_ramp   [  92% ] 27/80 VUs  10m59.9s/12m00.0s

running (11m00.9s), 27/80 VUs, 41590 complete and 0 interrupted iterations
gradual_ramp   [  92% ] 27/80 VUs  11m00.9s/12m00.0s

running (11m01.9s), 27/80 VUs, 41626 complete and 0 interrupted iterations
gradual_ramp   [  92% ] 27/80 VUs  11m01.9s/12m00.0s

running (11m02.9s), 26/80 VUs, 41661 complete and 0 interrupted iterations
gradual_ramp   [  92% ] 26/80 VUs  11m02.9s/12m00.0s

running (11m03.9s), 26/80 VUs, 41701 complete and 0 interrupted iterations
gradual_ramp   [  92% ] 26/80 VUs  11m03.9s/12m00.0s

running (11m04.9s), 25/80 VUs, 41737 complete and 0 interrupted iterations
gradual_ramp   [  92% ] 25/80 VUs  11m04.9s/12m00.0s

running (11m05.9s), 25/80 VUs, 41769 complete and 0 interrupted iterations
gradual_ramp   [  92% ] 25/80 VUs  11m05.9s/12m00.0s

running (11m06.9s), 24/80 VUs, 41805 complete and 0 interrupted iterations
gradual_ramp   [  93% ] 24/80 VUs  11m06.9s/12m00.0s

running (11m07.9s), 24/80 VUs, 41841 complete and 0 interrupted iterations
gradual_ramp   [  93% ] 24/80 VUs  11m07.9s/12m00.0s

running (11m08.9s), 23/80 VUs, 41872 complete and 0 interrupted iterations
gradual_ramp   [  93% ] 23/80 VUs  11m08.9s/12m00.0s

running (11m09.9s), 23/80 VUs, 41908 complete and 0 interrupted iterations
gradual_ramp   [  93% ] 23/80 VUs  11m09.9s/12m00.0s

running (11m10.9s), 23/80 VUs, 41942 complete and 0 interrupted iterations
gradual_ramp   [  93% ] 23/80 VUs  11m10.9s/12m00.0s

running (11m11.9s), 22/80 VUs, 41972 complete and 0 interrupted iterations
gradual_ramp   [  93% ] 22/80 VUs  11m11.9s/12m00.0s

running (11m12.9s), 21/80 VUs, 42001 complete and 0 interrupted iterations
gradual_ramp   [  93% ] 21/80 VUs  11m12.9s/12m00.0s

running (11m13.9s), 21/80 VUs, 42034 complete and 0 interrupted iterations
gradual_ramp   [  94% ] 21/80 VUs  11m13.9s/12m00.0s

running (11m14.9s), 21/80 VUs, 42064 complete and 0 interrupted iterations
gradual_ramp   [  94% ] 21/80 VUs  11m14.9s/12m00.0s

running (11m15.9s), 20/80 VUs, 42090 complete and 0 interrupted iterations
gradual_ramp   [  94% ] 20/80 VUs  11m15.9s/12m00.0s

running (11m16.9s), 20/80 VUs, 42122 complete and 0 interrupted iterations
gradual_ramp   [  94% ] 20/80 VUs  11m16.9s/12m00.0s

running (11m17.9s), 19/80 VUs, 42148 complete and 0 interrupted iterations
gradual_ramp   [  94% ] 19/80 VUs  11m17.9s/12m00.0s

running (11m18.9s), 19/80 VUs, 42174 complete and 0 interrupted iterations
gradual_ramp   [  94% ] 19/80 VUs  11m18.9s/12m00.0s

running (11m19.9s), 18/80 VUs, 42198 complete and 0 interrupted iterations
gradual_ramp   [  94% ] 18/80 VUs  11m19.9s/12m00.0s

running (11m20.9s), 18/80 VUs, 42226 complete and 0 interrupted iterations
gradual_ramp   [  95% ] 18/80 VUs  11m20.9s/12m00.0s

running (11m21.9s), 18/80 VUs, 42250 complete and 0 interrupted iterations
gradual_ramp   [  95% ] 18/80 VUs  11m21.9s/12m00.0s

running (11m22.9s), 17/80 VUs, 42276 complete and 0 interrupted iterations
gradual_ramp   [  95% ] 17/80 VUs  11m22.9s/12m00.0s

running (11m23.9s), 17/80 VUs, 42296 complete and 0 interrupted iterations
gradual_ramp   [  95% ] 17/80 VUs  11m23.9s/12m00.0s

running (11m24.9s), 16/80 VUs, 42319 complete and 0 interrupted iterations
gradual_ramp   [  95% ] 16/80 VUs  11m24.9s/12m00.0s

running (11m25.9s), 16/80 VUs, 42343 complete and 0 interrupted iterations
gradual_ramp   [  95% ] 16/80 VUs  11m25.9s/12m00.0s

running (11m26.9s), 15/80 VUs, 42365 complete and 0 interrupted iterations
gradual_ramp   [  95% ] 15/80 VUs  11m26.9s/12m00.0s

running (11m27.9s), 15/80 VUs, 42387 complete and 0 interrupted iterations
gradual_ramp   [  96% ] 15/80 VUs  11m27.9s/12m00.0s

running (11m28.9s), 15/80 VUs, 42407 complete and 0 interrupted iterations
gradual_ramp   [  96% ] 15/80 VUs  11m28.9s/12m00.0s

running (11m29.9s), 14/80 VUs, 42428 complete and 0 interrupted iterations
gradual_ramp   [  96% ] 14/80 VUs  11m29.9s/12m00.0s

running (11m30.9s), 14/80 VUs, 42446 complete and 0 interrupted iterations
gradual_ramp   [  96% ] 14/80 VUs  11m30.9s/12m00.0s

running (11m31.9s), 13/80 VUs, 42468 complete and 0 interrupted iterations
gradual_ramp   [  96% ] 13/80 VUs  11m31.9s/12m00.0s

running (11m32.9s), 13/80 VUs, 42486 complete and 0 interrupted iterations
gradual_ramp   [  96% ] 13/80 VUs  11m32.9s/12m00.0s

running (11m33.9s), 12/80 VUs, 42501 complete and 0 interrupted iterations
gradual_ramp   [  96% ] 12/80 VUs  11m33.9s/12m00.0s

running (11m34.9s), 12/80 VUs, 42520 complete and 0 interrupted iterations
gradual_ramp   [  97% ] 12/80 VUs  11m34.9s/12m00.0s

running (11m35.9s), 12/80 VUs, 42535 complete and 0 interrupted iterations
gradual_ramp   [  97% ] 12/80 VUs  11m35.9s/12m00.0s

running (11m36.9s), 11/80 VUs, 42550 complete and 0 interrupted iterations
gradual_ramp   [  97% ] 11/80 VUs  11m36.9s/12m00.0s

running (11m37.9s), 11/80 VUs, 42564 complete and 0 interrupted iterations
gradual_ramp   [  97% ] 11/80 VUs  11m37.9s/12m00.0s

running (11m38.9s), 10/80 VUs, 42579 complete and 0 interrupted iterations
gradual_ramp   [  97% ] 10/80 VUs  11m38.9s/12m00.0s

running (11m39.9s), 09/80 VUs, 42596 complete and 0 interrupted iterations
gradual_ramp   [  97% ] 09/80 VUs  11m39.9s/12m00.0s

running (11m40.9s), 09/80 VUs, 42606 complete and 0 interrupted iterations
gradual_ramp   [  97% ] 09/80 VUs  11m40.9s/12m00.0s

running (11m41.9s), 09/80 VUs, 42618 complete and 0 interrupted iterations
gradual_ramp   [  97% ] 09/80 VUs  11m41.9s/12m00.0s

running (11m42.9s), 08/80 VUs, 42631 complete and 0 interrupted iterations
gradual_ramp   [  98% ] 08/80 VUs  11m42.9s/12m00.0s

running (11m43.9s), 08/80 VUs, 42641 complete and 0 interrupted iterations
gradual_ramp   [  98% ] 08/80 VUs  11m43.9s/12m00.0s

running (11m44.9s), 07/80 VUs, 42652 complete and 0 interrupted iterations
gradual_ramp   [  98% ] 07/80 VUs  11m44.9s/12m00.0s

running (11m45.9s), 07/80 VUs, 42663 complete and 0 interrupted iterations
gradual_ramp   [  98% ] 07/80 VUs  11m45.9s/12m00.0s

running (11m46.9s), 06/80 VUs, 42673 complete and 0 interrupted iterations
gradual_ramp   [  98% ] 06/80 VUs  11m46.9s/12m00.0s

running (11m47.9s), 06/80 VUs, 42682 complete and 0 interrupted iterations
gradual_ramp   [  98% ] 06/80 VUs  11m47.9s/12m00.0s

running (11m48.9s), 06/80 VUs, 42690 complete and 0 interrupted iterations
gradual_ramp   [  98% ] 06/80 VUs  11m48.9s/12m00.0s

running (11m49.9s), 05/80 VUs, 42697 complete and 0 interrupted iterations
gradual_ramp   [  99% ] 05/80 VUs  11m49.9s/12m00.0s

running (11m50.9s), 05/80 VUs, 42703 complete and 0 interrupted iterations
gradual_ramp   [  99% ] 05/80 VUs  11m50.9s/12m00.0s

running (11m51.9s), 04/80 VUs, 42711 complete and 0 interrupted iterations
gradual_ramp   [  99% ] 04/80 VUs  11m51.9s/12m00.0s

running (11m52.9s), 04/80 VUs, 42716 complete and 0 interrupted iterations
gradual_ramp   [  99% ] 04/80 VUs  11m52.9s/12m00.0s

running (11m53.9s), 03/80 VUs, 42721 complete and 0 interrupted iterations
gradual_ramp   [  99% ] 03/80 VUs  11m53.9s/12m00.0s

running (11m54.9s), 03/80 VUs, 42724 complete and 0 interrupted iterations
gradual_ramp   [  99% ] 03/80 VUs  11m54.9s/12m00.0s

running (11m55.9s), 02/80 VUs, 42729 complete and 0 interrupted iterations
gradual_ramp   [  99% ] 02/80 VUs  11m55.9s/12m00.0s

running (11m56.9s), 02/80 VUs, 42732 complete and 0 interrupted iterations
gradual_ramp   [ 100% ] 02/80 VUs  11m56.9s/12m00.0s

running (11m57.9s), 02/80 VUs, 42735 complete and 0 interrupted iterations
gradual_ramp   [ 100% ] 02/80 VUs  11m57.9s/12m00.0s

running (11m58.9s), 01/80 VUs, 42737 complete and 0 interrupted iterations
gradual_ramp   [ 100% ] 01/80 VUs  11m58.9s/12m00.0s

running (11m59.9s), 01/80 VUs, 42738 complete and 0 interrupted iterations
gradual_ramp   [ 100% ] 01/80 VUs  11m59.9s/12m00.0s

     ✓ status is 200
     ✓ returns quotes
     ✓ response time <2000ms

     checks.........................: 100.00% ✓ 128217    ✗ 0    
     data_received..................: 31 MB   43 kB/s
     data_sent......................: 19 MB   26 kB/s
     http_req_blocked...............: avg=6.16µs   min=1.05µs   med=2.31µs   max=17.77ms p(90)=3.3µs    p(95)=3.84µs  
     http_req_connecting............: avg=1.9µs    min=0s       med=0s       max=17.7ms  p(90)=0s       p(95)=0s      
   ✓ http_req_duration..............: avg=736.13ms min=468.75ms med=732.3ms  max=1.18s   p(90)=914.79ms p(95)=944.53ms
       { expected_response:true }...: avg=736.13ms min=468.75ms med=732.3ms  max=1.18s   p(90)=914.79ms p(95)=944.53ms
   ✓ http_req_failed................: 0.00%   ✓ 0         ✗ 42739
     http_req_receiving.............: avg=169.5µs  min=17.08µs  med=108.33µs max=57.83ms p(90)=244.93µs p(95)=396.08µs
     http_req_sending...............: avg=20.07µs  min=7.72µs   med=18.99µs  max=5.22ms  p(90)=28.19µs  p(95)=30.88µs 
     http_req_tls_handshaking.......: avg=0s       min=0s       med=0s       max=0s      p(90)=0s       p(95)=0s      
     http_req_waiting...............: avg=735.94ms min=468.69ms med=732.17ms max=1.18s   p(90)=914.63ms p(95)=944.29ms
     http_reqs......................: 42739   59.339806/s
     iteration_duration.............: avg=736.38ms min=468.98ms med=732.57ms max=1.18s   p(90)=915.05ms p(95)=944.76ms
     iterations.....................: 42739   59.339806/s
     vus............................: 1       min=1       max=80 
     vus_max........................: 80      min=80      max=80 


running (12m00.2s), 00/80 VUs, 42739 complete and 0 interrupted iterations
gradual_ramp ✓ [ 100% ] 00/80 VUs  12m0s
