
          /\      |‾‾| /‾‾/   /‾‾/   
     /\  /  \     |  |/  /   /  /    
    /  \/    \    |     (   /   ‾‾\  
   /          \   |  |\  \ |  (‾)  | 
  / __________ \  |__| \__\ \_____/ .io

  execution: local
     script: /scripts/load-test.js
     output: json (/results/results.json)

  scenarios: (100.00%) 1 scenario, 80 max VUs, 12m30s max duration (incl. graceful stop):
           * gradual_ramp: Up to 80 looping VUs for 12m0s over 4 stages (gracefulRampDown: 30s, gracefulStop: 30s)


running (00m00.9s), 10/80 VUs, 9 complete and 0 interrupted iterations
gradual_ramp   [   0% ] 10/80 VUs  00m00.9s/12m00.0s

running (00m01.9s), 10/80 VUs, 22 complete and 0 interrupted iterations
gradual_ramp   [   0% ] 10/80 VUs  00m01.9s/12m00.0s

running (00m02.9s), 10/80 VUs, 37 complete and 0 interrupted iterations
gradual_ramp   [   0% ] 10/80 VUs  00m02.9s/12m00.0s

running (00m03.9s), 10/80 VUs, 50 complete and 0 interrupted iterations
gradual_ramp   [   1% ] 10/80 VUs  00m03.9s/12m00.0s

running (00m04.9s), 10/80 VUs, 64 complete and 0 interrupted iterations
gradual_ramp   [   1% ] 10/80 VUs  00m04.9s/12m00.0s

running (00m05.9s), 10/80 VUs, 79 complete and 0 interrupted iterations
gradual_ramp   [   1% ] 10/80 VUs  00m05.9s/12m00.0s

running (00m06.9s), 10/80 VUs, 94 complete and 0 interrupted iterations
gradual_ramp   [   1% ] 10/80 VUs  00m06.9s/12m00.0s

running (00m07.9s), 10/80 VUs, 109 complete and 0 interrupted iterations
gradual_ramp   [   1% ] 10/80 VUs  00m07.9s/12m00.0s

running (00m08.9s), 10/80 VUs, 123 complete and 0 interrupted iterations
gradual_ramp   [   1% ] 10/80 VUs  00m08.9s/12m00.0s

running (00m09.9s), 10/80 VUs, 136 complete and 0 interrupted iterations
gradual_ramp   [   1% ] 10/80 VUs  00m09.9s/12m00.0s

running (00m10.9s), 10/80 VUs, 150 complete and 0 interrupted iterations
gradual_ramp   [   2% ] 10/80 VUs  00m10.9s/12m00.0s

running (00m11.9s), 10/80 VUs, 166 complete and 0 interrupted iterations
gradual_ramp   [   2% ] 10/80 VUs  00m11.9s/12m00.0s

running (00m12.9s), 10/80 VUs, 182 complete and 0 interrupted iterations
gradual_ramp   [   2% ] 10/80 VUs  00m12.9s/12m00.0s

running (00m13.9s), 10/80 VUs, 197 complete and 0 interrupted iterations
gradual_ramp   [   2% ] 10/80 VUs  00m13.9s/12m00.0s

running (00m14.9s), 10/80 VUs, 209 complete and 0 interrupted iterations
gradual_ramp   [   2% ] 10/80 VUs  00m14.9s/12m00.0s

running (00m15.9s), 10/80 VUs, 224 complete and 0 interrupted iterations
gradual_ramp   [   2% ] 10/80 VUs  00m15.9s/12m00.0s

running (00m16.9s), 10/80 VUs, 238 complete and 0 interrupted iterations
gradual_ramp   [   2% ] 10/80 VUs  00m16.9s/12m00.0s

running (00m17.9s), 10/80 VUs, 252 complete and 0 interrupted iterations
gradual_ramp   [   2% ] 10/80 VUs  00m17.9s/12m00.0s

running (00m18.9s), 10/80 VUs, 268 complete and 0 interrupted iterations
gradual_ramp   [   3% ] 10/80 VUs  00m18.9s/12m00.0s

running (00m19.9s), 10/80 VUs, 280 complete and 0 interrupted iterations
gradual_ramp   [   3% ] 10/80 VUs  00m19.9s/12m00.0s

running (00m20.9s), 10/80 VUs, 291 complete and 0 interrupted iterations
gradual_ramp   [   3% ] 10/80 VUs  00m20.9s/12m00.0s

running (00m21.9s), 10/80 VUs, 308 complete and 0 interrupted iterations
gradual_ramp   [   3% ] 10/80 VUs  00m21.9s/12m00.0s

running (00m22.9s), 10/80 VUs, 322 complete and 0 interrupted iterations
gradual_ramp   [   3% ] 10/80 VUs  00m22.9s/12m00.0s

running (00m23.9s), 10/80 VUs, 336 complete and 0 interrupted iterations
gradual_ramp   [   3% ] 10/80 VUs  00m23.9s/12m00.0s

running (00m24.9s), 10/80 VUs, 351 complete and 0 interrupted iterations
gradual_ramp   [   3% ] 10/80 VUs  00m24.9s/12m00.0s

running (00m25.9s), 10/80 VUs, 366 complete and 0 interrupted iterations
gradual_ramp   [   4% ] 10/80 VUs  00m25.9s/12m00.0s

running (00m26.9s), 10/80 VUs, 378 complete and 0 interrupted iterations
gradual_ramp   [   4% ] 10/80 VUs  00m26.9s/12m00.0s

running (00m27.9s), 10/80 VUs, 392 complete and 0 interrupted iterations
gradual_ramp   [   4% ] 10/80 VUs  00m27.9s/12m00.0s

running (00m28.9s), 10/80 VUs, 407 complete and 0 interrupted iterations
gradual_ramp   [   4% ] 10/80 VUs  00m28.9s/12m00.0s

running (00m29.9s), 10/80 VUs, 421 complete and 0 interrupted iterations
gradual_ramp   [   4% ] 10/80 VUs  00m29.9s/12m00.0s

running (00m30.9s), 10/80 VUs, 435 complete and 0 interrupted iterations
gradual_ramp   [   4% ] 10/80 VUs  00m30.9s/12m00.0s

running (00m31.9s), 10/80 VUs, 450 complete and 0 interrupted iterations
gradual_ramp   [   4% ] 10/80 VUs  00m31.9s/12m00.0s

running (00m32.9s), 10/80 VUs, 465 complete and 0 interrupted iterations
gradual_ramp   [   5% ] 10/80 VUs  00m32.9s/12m00.0s

running (00m33.9s), 10/80 VUs, 480 complete and 0 interrupted iterations
gradual_ramp   [   5% ] 10/80 VUs  00m33.9s/12m00.0s

running (00m34.9s), 10/80 VUs, 492 complete and 0 interrupted iterations
gradual_ramp   [   5% ] 10/80 VUs  00m34.9s/12m00.0s

running (00m35.9s), 10/80 VUs, 507 complete and 0 interrupted iterations
gradual_ramp   [   5% ] 10/80 VUs  00m35.9s/12m00.0s

running (00m36.9s), 10/80 VUs, 522 complete and 0 interrupted iterations
gradual_ramp   [   5% ] 10/80 VUs  00m36.9s/12m00.0s

running (00m37.9s), 10/80 VUs, 533 complete and 0 interrupted iterations
gradual_ramp   [   5% ] 10/80 VUs  00m37.9s/12m00.0s

running (00m38.9s), 10/80 VUs, 548 complete and 0 interrupted iterations
gradual_ramp   [   5% ] 10/80 VUs  00m38.9s/12m00.0s

running (00m39.9s), 10/80 VUs, 559 complete and 0 interrupted iterations
gradual_ramp   [   6% ] 10/80 VUs  00m39.9s/12m00.0s

running (00m40.9s), 10/80 VUs, 575 complete and 0 interrupted iterations
gradual_ramp   [   6% ] 10/80 VUs  00m40.9s/12m00.0s

running (00m41.9s), 10/80 VUs, 589 complete and 0 interrupted iterations
gradual_ramp   [   6% ] 10/80 VUs  00m41.9s/12m00.0s

running (00m42.9s), 10/80 VUs, 602 complete and 0 interrupted iterations
gradual_ramp   [   6% ] 10/80 VUs  00m42.9s/12m00.0s

running (00m43.9s), 10/80 VUs, 618 complete and 0 interrupted iterations
gradual_ramp   [   6% ] 10/80 VUs  00m43.9s/12m00.0s

running (00m44.9s), 10/80 VUs, 630 complete and 0 interrupted iterations
gradual_ramp   [   6% ] 10/80 VUs  00m44.9s/12m00.0s

running (00m45.9s), 10/80 VUs, 645 complete and 0 interrupted iterations
gradual_ramp   [   6% ] 10/80 VUs  00m45.9s/12m00.0s

running (00m46.9s), 10/80 VUs, 657 complete and 0 interrupted iterations
gradual_ramp   [   7% ] 10/80 VUs  00m46.9s/12m00.0s

running (00m47.9s), 10/80 VUs, 672 complete and 0 interrupted iterations
gradual_ramp   [   7% ] 10/80 VUs  00m47.9s/12m00.0s

running (00m48.9s), 10/80 VUs, 687 complete and 0 interrupted iterations
gradual_ramp   [   7% ] 10/80 VUs  00m48.9s/12m00.0s

running (00m49.9s), 10/80 VUs, 701 complete and 0 interrupted iterations
gradual_ramp   [   7% ] 10/80 VUs  00m49.9s/12m00.0s

running (00m50.9s), 10/80 VUs, 716 complete and 0 interrupted iterations
gradual_ramp   [   7% ] 10/80 VUs  00m50.9s/12m00.0s

running (00m51.9s), 10/80 VUs, 728 complete and 0 interrupted iterations
gradual_ramp   [   7% ] 10/80 VUs  00m51.9s/12m00.0s

running (00m52.9s), 10/80 VUs, 743 complete and 0 interrupted iterations
gradual_ramp   [   7% ] 10/80 VUs  00m52.9s/12m00.0s

running (00m53.9s), 10/80 VUs, 759 complete and 0 interrupted iterations
gradual_ramp   [   7% ] 10/80 VUs  00m53.9s/12m00.0s

running (00m54.9s), 10/80 VUs, 770 complete and 0 interrupted iterations
gradual_ramp   [   8% ] 10/80 VUs  00m54.9s/12m00.0s

running (00m55.9s), 10/80 VUs, 785 complete and 0 interrupted iterations
gradual_ramp   [   8% ] 10/80 VUs  00m55.9s/12m00.0s

running (00m56.9s), 10/80 VUs, 801 complete and 0 interrupted iterations
gradual_ramp   [   8% ] 10/80 VUs  00m56.9s/12m00.0s

running (00m57.9s), 10/80 VUs, 814 complete and 0 interrupted iterations
gradual_ramp   [   8% ] 10/80 VUs  00m57.9s/12m00.0s

running (00m58.9s), 10/80 VUs, 826 complete and 0 interrupted iterations
gradual_ramp   [   8% ] 10/80 VUs  00m58.9s/12m00.0s

running (00m59.9s), 10/80 VUs, 841 complete and 0 interrupted iterations
gradual_ramp   [   8% ] 10/80 VUs  00m59.9s/12m00.0s

running (01m00.9s), 10/80 VUs, 857 complete and 0 interrupted iterations
gradual_ramp   [   8% ] 10/80 VUs  01m00.9s/12m00.0s

running (01m01.9s), 10/80 VUs, 869 complete and 0 interrupted iterations
gradual_ramp   [   9% ] 10/80 VUs  01m01.9s/12m00.0s

running (01m02.9s), 10/80 VUs, 885 complete and 0 interrupted iterations
gradual_ramp   [   9% ] 10/80 VUs  01m02.9s/12m00.0s

running (01m03.9s), 10/80 VUs, 899 complete and 0 interrupted iterations
gradual_ramp   [   9% ] 10/80 VUs  01m03.9s/12m00.0s

running (01m04.9s), 10/80 VUs, 910 complete and 0 interrupted iterations
gradual_ramp   [   9% ] 10/80 VUs  01m04.9s/12m00.0s

running (01m05.9s), 10/80 VUs, 928 complete and 0 interrupted iterations
gradual_ramp   [   9% ] 10/80 VUs  01m05.9s/12m00.0s

running (01m06.9s), 10/80 VUs, 940 complete and 0 interrupted iterations
gradual_ramp   [   9% ] 10/80 VUs  01m06.9s/12m00.0s

running (01m07.9s), 10/80 VUs, 953 complete and 0 interrupted iterations
gradual_ramp   [   9% ] 10/80 VUs  01m07.9s/12m00.0s

running (01m08.9s), 10/80 VUs, 967 complete and 0 interrupted iterations
gradual_ramp   [  10% ] 10/80 VUs  01m08.9s/12m00.0s

running (01m09.9s), 10/80 VUs, 981 complete and 0 interrupted iterations
gradual_ramp   [  10% ] 10/80 VUs  01m09.9s/12m00.0s

running (01m10.9s), 10/80 VUs, 996 complete and 0 interrupted iterations
gradual_ramp   [  10% ] 10/80 VUs  01m10.9s/12m00.0s

running (01m11.9s), 10/80 VUs, 1008 complete and 0 interrupted iterations
gradual_ramp   [  10% ] 10/80 VUs  01m11.9s/12m00.0s

running (01m12.9s), 10/80 VUs, 1023 complete and 0 interrupted iterations
gradual_ramp   [  10% ] 10/80 VUs  01m12.9s/12m00.0s

running (01m13.9s), 10/80 VUs, 1037 complete and 0 interrupted iterations
gradual_ramp   [  10% ] 10/80 VUs  01m13.9s/12m00.0s

running (01m14.9s), 10/80 VUs, 1048 complete and 0 interrupted iterations
gradual_ramp   [  10% ] 10/80 VUs  01m14.9s/12m00.0s

running (01m15.9s), 10/80 VUs, 1062 complete and 0 interrupted iterations
gradual_ramp   [  11% ] 10/80 VUs  01m15.9s/12m00.0s

running (01m16.9s), 10/80 VUs, 1078 complete and 0 interrupted iterations
gradual_ramp   [  11% ] 10/80 VUs  01m16.9s/12m00.0s

running (01m17.9s), 10/80 VUs, 1091 complete and 0 interrupted iterations
gradual_ramp   [  11% ] 10/80 VUs  01m17.9s/12m00.0s

running (01m18.9s), 10/80 VUs, 1104 complete and 0 interrupted iterations
gradual_ramp   [  11% ] 10/80 VUs  01m18.9s/12m00.0s

running (01m19.9s), 10/80 VUs, 1120 complete and 0 interrupted iterations
gradual_ramp   [  11% ] 10/80 VUs  01m19.9s/12m00.0s

running (01m20.9s), 10/80 VUs, 1133 complete and 0 interrupted iterations
gradual_ramp   [  11% ] 10/80 VUs  01m20.9s/12m00.0s

running (01m21.9s), 10/80 VUs, 1145 complete and 0 interrupted iterations
gradual_ramp   [  11% ] 10/80 VUs  01m21.9s/12m00.0s

running (01m22.9s), 10/80 VUs, 1162 complete and 0 interrupted iterations
gradual_ramp   [  12% ] 10/80 VUs  01m22.9s/12m00.0s

running (01m23.9s), 10/80 VUs, 1177 complete and 0 interrupted iterations
gradual_ramp   [  12% ] 10/80 VUs  01m23.9s/12m00.0s

running (01m24.9s), 10/80 VUs, 1191 complete and 0 interrupted iterations
gradual_ramp   [  12% ] 10/80 VUs  01m24.9s/12m00.0s

running (01m25.9s), 10/80 VUs, 1206 complete and 0 interrupted iterations
gradual_ramp   [  12% ] 10/80 VUs  01m25.9s/12m00.0s

running (01m26.9s), 10/80 VUs, 1219 complete and 0 interrupted iterations
gradual_ramp   [  12% ] 10/80 VUs  01m26.9s/12m00.0s

running (01m27.9s), 10/80 VUs, 1236 complete and 0 interrupted iterations
gradual_ramp   [  12% ] 10/80 VUs  01m27.9s/12m00.0s

running (01m28.9s), 10/80 VUs, 1250 complete and 0 interrupted iterations
gradual_ramp   [  12% ] 10/80 VUs  01m28.9s/12m00.0s

running (01m29.9s), 10/80 VUs, 1266 complete and 0 interrupted iterations
gradual_ramp   [  12% ] 10/80 VUs  01m29.9s/12m00.0s

running (01m30.9s), 10/80 VUs, 1277 complete and 0 interrupted iterations
gradual_ramp   [  13% ] 10/80 VUs  01m30.9s/12m00.0s

running (01m31.9s), 10/80 VUs, 1292 complete and 0 interrupted iterations
gradual_ramp   [  13% ] 10/80 VUs  01m31.9s/12m00.0s

running (01m32.9s), 10/80 VUs, 1305 complete and 0 interrupted iterations
gradual_ramp   [  13% ] 10/80 VUs  01m32.9s/12m00.0s

running (01m33.9s), 10/80 VUs, 1318 complete and 0 interrupted iterations
gradual_ramp   [  13% ] 10/80 VUs  01m33.9s/12m00.0s

running (01m34.9s), 10/80 VUs, 1333 complete and 0 interrupted iterations
gradual_ramp   [  13% ] 10/80 VUs  01m34.9s/12m00.0s

running (01m35.9s), 10/80 VUs, 1346 complete and 0 interrupted iterations
gradual_ramp   [  13% ] 10/80 VUs  01m35.9s/12m00.0s

running (01m36.9s), 10/80 VUs, 1363 complete and 0 interrupted iterations
gradual_ramp   [  13% ] 10/80 VUs  01m36.9s/12m00.0s

running (01m37.9s), 10/80 VUs, 1375 complete and 0 interrupted iterations
gradual_ramp   [  14% ] 10/80 VUs  01m37.9s/12m00.0s

running (01m38.9s), 10/80 VUs, 1390 complete and 0 interrupted iterations
gradual_ramp   [  14% ] 10/80 VUs  01m38.9s/12m00.0s

running (01m39.9s), 10/80 VUs, 1405 complete and 0 interrupted iterations
gradual_ramp   [  14% ] 10/80 VUs  01m39.9s/12m00.0s

running (01m40.9s), 10/80 VUs, 1416 complete and 0 interrupted iterations
gradual_ramp   [  14% ] 10/80 VUs  01m40.9s/12m00.0s

running (01m41.9s), 10/80 VUs, 1430 complete and 0 interrupted iterations
gradual_ramp   [  14% ] 10/80 VUs  01m41.9s/12m00.0s

running (01m42.9s), 10/80 VUs, 1445 complete and 0 interrupted iterations
gradual_ramp   [  14% ] 10/80 VUs  01m42.9s/12m00.0s

running (01m43.9s), 10/80 VUs, 1459 complete and 0 interrupted iterations
gradual_ramp   [  14% ] 10/80 VUs  01m43.9s/12m00.0s

running (01m44.9s), 10/80 VUs, 1473 complete and 0 interrupted iterations
gradual_ramp   [  15% ] 10/80 VUs  01m44.9s/12m00.0s

running (01m45.9s), 10/80 VUs, 1488 complete and 0 interrupted iterations
gradual_ramp   [  15% ] 10/80 VUs  01m45.9s/12m00.0s

running (01m46.9s), 10/80 VUs, 1500 complete and 0 interrupted iterations
gradual_ramp   [  15% ] 10/80 VUs  01m46.9s/12m00.0s

running (01m47.9s), 10/80 VUs, 1514 complete and 0 interrupted iterations
gradual_ramp   [  15% ] 10/80 VUs  01m47.9s/12m00.0s

running (01m48.9s), 10/80 VUs, 1528 complete and 0 interrupted iterations
gradual_ramp   [  15% ] 10/80 VUs  01m48.9s/12m00.0s

running (01m49.9s), 10/80 VUs, 1540 complete and 0 interrupted iterations
gradual_ramp   [  15% ] 10/80 VUs  01m49.9s/12m00.0s

running (01m50.9s), 10/80 VUs, 1554 complete and 0 interrupted iterations
gradual_ramp   [  15% ] 10/80 VUs  01m50.9s/12m00.0s

running (01m51.9s), 10/80 VUs, 1568 complete and 0 interrupted iterations
gradual_ramp   [  16% ] 10/80 VUs  01m51.9s/12m00.0s

running (01m52.9s), 10/80 VUs, 1583 complete and 0 interrupted iterations
gradual_ramp   [  16% ] 10/80 VUs  01m52.9s/12m00.0s

running (01m53.9s), 10/80 VUs, 1596 complete and 0 interrupted iterations
gradual_ramp   [  16% ] 10/80 VUs  01m53.9s/12m00.0s

running (01m54.9s), 10/80 VUs, 1610 complete and 0 interrupted iterations
gradual_ramp   [  16% ] 10/80 VUs  01m54.9s/12m00.0s

running (01m55.9s), 10/80 VUs, 1624 complete and 0 interrupted iterations
gradual_ramp   [  16% ] 10/80 VUs  01m55.9s/12m00.0s

running (01m56.9s), 10/80 VUs, 1639 complete and 0 interrupted iterations
gradual_ramp   [  16% ] 10/80 VUs  01m56.9s/12m00.0s

running (01m57.9s), 10/80 VUs, 1651 complete and 0 interrupted iterations
gradual_ramp   [  16% ] 10/80 VUs  01m57.9s/12m00.0s

running (01m58.9s), 10/80 VUs, 1668 complete and 0 interrupted iterations
gradual_ramp   [  17% ] 10/80 VUs  01m58.9s/12m00.0s

running (01m59.9s), 10/80 VUs, 1679 complete and 0 interrupted iterations
gradual_ramp   [  17% ] 10/80 VUs  01m59.9s/12m00.0s

running (02m00.9s), 10/80 VUs, 1695 complete and 0 interrupted iterations
gradual_ramp   [  17% ] 10/80 VUs  02m00.9s/12m00.0s

running (02m01.9s), 10/80 VUs, 1706 complete and 0 interrupted iterations
gradual_ramp   [  17% ] 10/80 VUs  02m01.9s/12m00.0s

running (02m02.9s), 10/80 VUs, 1720 complete and 0 interrupted iterations
gradual_ramp   [  17% ] 10/80 VUs  02m02.9s/12m00.0s

running (02m03.9s), 10/80 VUs, 1735 complete and 0 interrupted iterations
gradual_ramp   [  17% ] 10/80 VUs  02m03.9s/12m00.0s

running (02m04.9s), 11/80 VUs, 1749 complete and 0 interrupted iterations
gradual_ramp   [  17% ] 11/80 VUs  02m04.9s/12m00.0s

running (02m05.9s), 11/80 VUs, 1762 complete and 0 interrupted iterations
gradual_ramp   [  17% ] 11/80 VUs  02m05.9s/12m00.0s

running (02m06.9s), 11/80 VUs, 1781 complete and 0 interrupted iterations
gradual_ramp   [  18% ] 11/80 VUs  02m06.9s/12m00.0s

running (02m07.9s), 11/80 VUs, 1794 complete and 0 interrupted iterations
gradual_ramp   [  18% ] 11/80 VUs  02m07.9s/12m00.0s

running (02m08.9s), 12/80 VUs, 1809 complete and 0 interrupted iterations
gradual_ramp   [  18% ] 12/80 VUs  02m08.9s/12m00.0s

running (02m09.9s), 12/80 VUs, 1827 complete and 0 interrupted iterations
gradual_ramp   [  18% ] 12/80 VUs  02m09.9s/12m00.0s

running (02m10.9s), 12/80 VUs, 1844 complete and 0 interrupted iterations
gradual_ramp   [  18% ] 12/80 VUs  02m10.9s/12m00.0s

running (02m11.9s), 12/80 VUs, 1862 complete and 0 interrupted iterations
gradual_ramp   [  18% ] 12/80 VUs  02m11.9s/12m00.0s

running (02m12.9s), 13/80 VUs, 1879 complete and 0 interrupted iterations
gradual_ramp   [  18% ] 13/80 VUs  02m12.9s/12m00.0s

running (02m13.9s), 13/80 VUs, 1897 complete and 0 interrupted iterations
gradual_ramp   [  19% ] 13/80 VUs  02m13.9s/12m00.0s

running (02m14.9s), 13/80 VUs, 1917 complete and 0 interrupted iterations
gradual_ramp   [  19% ] 13/80 VUs  02m14.9s/12m00.0s

running (02m15.9s), 13/80 VUs, 1935 complete and 0 interrupted iterations
gradual_ramp   [  19% ] 13/80 VUs  02m15.9s/12m00.0s

running (02m16.9s), 13/80 VUs, 1953 complete and 0 interrupted iterations
gradual_ramp   [  19% ] 13/80 VUs  02m16.9s/12m00.0s

running (02m17.9s), 14/80 VUs, 1971 complete and 0 interrupted iterations
gradual_ramp   [  19% ] 14/80 VUs  02m17.9s/12m00.0s

running (02m18.9s), 14/80 VUs, 1991 complete and 0 interrupted iterations
gradual_ramp   [  19% ] 14/80 VUs  02m18.9s/12m00.0s

running (02m19.9s), 14/80 VUs, 2012 complete and 0 interrupted iterations
gradual_ramp   [  19% ] 14/80 VUs  02m19.9s/12m00.0s

running (02m20.9s), 14/80 VUs, 2030 complete and 0 interrupted iterations
gradual_ramp   [  20% ] 14/80 VUs  02m20.9s/12m00.0s

running (02m21.9s), 15/80 VUs, 2053 complete and 0 interrupted iterations
gradual_ramp   [  20% ] 15/80 VUs  02m21.9s/12m00.0s

running (02m22.9s), 15/80 VUs, 2074 complete and 0 interrupted iterations
gradual_ramp   [  20% ] 15/80 VUs  02m22.9s/12m00.0s

running (02m23.9s), 15/80 VUs, 2095 complete and 0 interrupted iterations
gradual_ramp   [  20% ] 15/80 VUs  02m23.9s/12m00.0s

running (02m24.9s), 15/80 VUs, 2118 complete and 0 interrupted iterations
gradual_ramp   [  20% ] 15/80 VUs  02m24.9s/12m00.0s

running (02m25.9s), 16/80 VUs, 2136 complete and 0 interrupted iterations
gradual_ramp   [  20% ] 16/80 VUs  02m25.9s/12m00.0s

running (02m26.9s), 16/80 VUs, 2159 complete and 0 interrupted iterations
gradual_ramp   [  20% ] 16/80 VUs  02m26.9s/12m00.0s

running (02m27.9s), 16/80 VUs, 2183 complete and 0 interrupted iterations
gradual_ramp   [  21% ] 16/80 VUs  02m27.9s/12m00.0s

running (02m28.9s), 16/80 VUs, 2206 complete and 0 interrupted iterations
gradual_ramp   [  21% ] 16/80 VUs  02m28.9s/12m00.0s

running (02m29.9s), 16/80 VUs, 2228 complete and 0 interrupted iterations
gradual_ramp   [  21% ] 16/80 VUs  02m29.9s/12m00.0s

running (02m30.9s), 17/80 VUs, 2248 complete and 0 interrupted iterations
gradual_ramp   [  21% ] 17/80 VUs  02m30.9s/12m00.0s

running (02m31.9s), 17/80 VUs, 2277 complete and 0 interrupted iterations
gradual_ramp   [  21% ] 17/80 VUs  02m31.9s/12m00.0s

running (02m32.9s), 17/80 VUs, 2298 complete and 0 interrupted iterations
gradual_ramp   [  21% ] 17/80 VUs  02m32.9s/12m00.0s

running (02m33.9s), 17/80 VUs, 2324 complete and 0 interrupted iterations
gradual_ramp   [  21% ] 17/80 VUs  02m33.9s/12m00.0s

running (02m34.9s), 18/80 VUs, 2350 complete and 0 interrupted iterations
gradual_ramp   [  22% ] 18/80 VUs  02m34.9s/12m00.0s

running (02m35.9s), 18/80 VUs, 2376 complete and 0 interrupted iterations
gradual_ramp   [  22% ] 18/80 VUs  02m35.9s/12m00.0s

running (02m36.9s), 18/80 VUs, 2400 complete and 0 interrupted iterations
gradual_ramp   [  22% ] 18/80 VUs  02m36.9s/12m00.0s

running (02m37.9s), 18/80 VUs, 2428 complete and 0 interrupted iterations
gradual_ramp   [  22% ] 18/80 VUs  02m37.9s/12m00.0s

running (02m38.9s), 19/80 VUs, 2452 complete and 0 interrupted iterations
gradual_ramp   [  22% ] 19/80 VUs  02m38.9s/12m00.0s

running (02m39.9s), 19/80 VUs, 2478 complete and 0 interrupted iterations
gradual_ramp   [  22% ] 19/80 VUs  02m39.9s/12m00.0s

running (02m40.9s), 19/80 VUs, 2505 complete and 0 interrupted iterations
gradual_ramp   [  22% ] 19/80 VUs  02m40.9s/12m00.0s

running (02m41.9s), 19/80 VUs, 2533 complete and 0 interrupted iterations
gradual_ramp   [  22% ] 19/80 VUs  02m41.9s/12m00.0s

running (02m42.9s), 20/80 VUs, 2559 complete and 0 interrupted iterations
gradual_ramp   [  23% ] 20/80 VUs  02m42.9s/12m00.0s

running (02m43.9s), 20/80 VUs, 2589 complete and 0 interrupted iterations
gradual_ramp   [  23% ] 20/80 VUs  02m43.9s/12m00.0s

running (02m44.9s), 20/80 VUs, 2616 complete and 0 interrupted iterations
gradual_ramp   [  23% ] 20/80 VUs  02m44.9s/12m00.0s

running (02m45.9s), 20/80 VUs, 2645 complete and 0 interrupted iterations
gradual_ramp   [  23% ] 20/80 VUs  02m45.9s/12m00.0s

running (02m46.9s), 20/80 VUs, 2671 complete and 0 interrupted iterations
gradual_ramp   [  23% ] 20/80 VUs  02m46.9s/12m00.0s

running (02m47.9s), 21/80 VUs, 2701 complete and 0 interrupted iterations
gradual_ramp   [  23% ] 21/80 VUs  02m47.9s/12m00.0s

running (02m48.9s), 21/80 VUs, 2732 complete and 0 interrupted iterations
gradual_ramp   [  23% ] 21/80 VUs  02m48.9s/12m00.0s

running (02m49.9s), 21/80 VUs, 2760 complete and 0 interrupted iterations
gradual_ramp   [  24% ] 21/80 VUs  02m49.9s/12m00.0s

running (02m50.9s), 21/80 VUs, 2789 complete and 0 interrupted iterations
gradual_ramp   [  24% ] 21/80 VUs  02m50.9s/12m00.0s

running (02m51.9s), 22/80 VUs, 2817 complete and 0 interrupted iterations
gradual_ramp   [  24% ] 22/80 VUs  02m51.9s/12m00.0s

running (02m52.9s), 22/80 VUs, 2849 complete and 0 interrupted iterations
gradual_ramp   [  24% ] 22/80 VUs  02m52.9s/12m00.0s

running (02m53.9s), 22/80 VUs, 2878 complete and 0 interrupted iterations
gradual_ramp   [  24% ] 22/80 VUs  02m53.9s/12m00.0s

running (02m54.9s), 22/80 VUs, 2909 complete and 0 interrupted iterations
gradual_ramp   [  24% ] 22/80 VUs  02m54.9s/12m00.0s

running (02m55.9s), 23/80 VUs, 2940 complete and 0 interrupted iterations
gradual_ramp   [  24% ] 23/80 VUs  02m55.9s/12m00.0s

running (02m56.9s), 23/80 VUs, 2971 complete and 0 interrupted iterations
gradual_ramp   [  25% ] 23/80 VUs  02m56.9s/12m00.0s

running (02m57.9s), 23/80 VUs, 3005 complete and 0 interrupted iterations
gradual_ramp   [  25% ] 23/80 VUs  02m57.9s/12m00.0s

running (02m58.9s), 23/80 VUs, 3036 complete and 0 interrupted iterations
gradual_ramp   [  25% ] 23/80 VUs  02m58.9s/12m00.0s

running (02m59.9s), 23/80 VUs, 3066 complete and 0 interrupted iterations
gradual_ramp   [  25% ] 23/80 VUs  02m59.9s/12m00.0s

running (03m00.9s), 24/80 VUs, 3101 complete and 0 interrupted iterations
gradual_ramp   [  25% ] 24/80 VUs  03m00.9s/12m00.0s

running (03m01.9s), 24/80 VUs, 3135 complete and 0 interrupted iterations
gradual_ramp   [  25% ] 24/80 VUs  03m01.9s/12m00.0s

running (03m02.9s), 24/80 VUs, 3170 complete and 0 interrupted iterations
gradual_ramp   [  25% ] 24/80 VUs  03m02.9s/12m00.0s

running (03m03.9s), 24/80 VUs, 3207 complete and 0 interrupted iterations
gradual_ramp   [  26% ] 24/80 VUs  03m03.9s/12m00.0s

running (03m04.9s), 25/80 VUs, 3237 complete and 0 interrupted iterations
gradual_ramp   [  26% ] 25/80 VUs  03m04.9s/12m00.0s

running (03m05.9s), 25/80 VUs, 3277 complete and 0 interrupted iterations
gradual_ramp   [  26% ] 25/80 VUs  03m05.9s/12m00.0s

running (03m06.9s), 25/80 VUs, 3310 complete and 0 interrupted iterations
gradual_ramp   [  26% ] 25/80 VUs  03m06.9s/12m00.0s

running (03m07.9s), 25/80 VUs, 3346 complete and 0 interrupted iterations
gradual_ramp   [  26% ] 25/80 VUs  03m07.9s/12m00.0s

running (03m08.9s), 26/80 VUs, 3380 complete and 0 interrupted iterations
gradual_ramp   [  26% ] 26/80 VUs  03m08.9s/12m00.0s

running (03m09.9s), 26/80 VUs, 3419 complete and 0 interrupted iterations
gradual_ramp   [  26% ] 26/80 VUs  03m09.9s/12m00.0s

running (03m10.9s), 26/80 VUs, 3453 complete and 0 interrupted iterations
gradual_ramp   [  27% ] 26/80 VUs  03m10.9s/12m00.0s

running (03m11.9s), 26/80 VUs, 3487 complete and 0 interrupted iterations
gradual_ramp   [  27% ] 26/80 VUs  03m11.9s/12m00.0s

running (03m12.9s), 27/80 VUs, 3527 complete and 0 interrupted iterations
gradual_ramp   [  27% ] 27/80 VUs  03m12.9s/12m00.0s

running (03m13.9s), 27/80 VUs, 3560 complete and 0 interrupted iterations
gradual_ramp   [  27% ] 27/80 VUs  03m13.9s/12m00.0s

running (03m14.9s), 27/80 VUs, 3601 complete and 0 interrupted iterations
gradual_ramp   [  27% ] 27/80 VUs  03m14.9s/12m00.0s

running (03m15.9s), 27/80 VUs, 3639 complete and 0 interrupted iterations
gradual_ramp   [  27% ] 27/80 VUs  03m15.9s/12m00.0s

running (03m16.9s), 27/80 VUs, 3677 complete and 0 interrupted iterations
gradual_ramp   [  27% ] 27/80 VUs  03m16.9s/12m00.0s

running (03m17.9s), 28/80 VUs, 3714 complete and 0 interrupted iterations
gradual_ramp   [  27% ] 28/80 VUs  03m17.9s/12m00.0s

running (03m18.9s), 28/80 VUs, 3749 complete and 0 interrupted iterations
gradual_ramp   [  28% ] 28/80 VUs  03m18.9s/12m00.0s

running (03m19.9s), 28/80 VUs, 3791 complete and 0 interrupted iterations
gradual_ramp   [  28% ] 28/80 VUs  03m19.9s/12m00.0s

running (03m20.9s), 28/80 VUs, 3831 complete and 0 interrupted iterations
gradual_ramp   [  28% ] 28/80 VUs  03m20.9s/12m00.0s

running (03m21.9s), 29/80 VUs, 3873 complete and 0 interrupted iterations
gradual_ramp   [  28% ] 29/80 VUs  03m21.9s/12m00.0s

running (03m22.9s), 29/80 VUs, 3914 complete and 0 interrupted iterations
gradual_ramp   [  28% ] 29/80 VUs  03m22.9s/12m00.0s

running (03m23.9s), 29/80 VUs, 3955 complete and 0 interrupted iterations
gradual_ramp   [  28% ] 29/80 VUs  03m23.9s/12m00.0s

running (03m24.9s), 29/80 VUs, 3998 complete and 0 interrupted iterations
gradual_ramp   [  28% ] 29/80 VUs  03m24.9s/12m00.0s

running (03m25.9s), 30/80 VUs, 4040 complete and 0 interrupted iterations
gradual_ramp   [  29% ] 30/80 VUs  03m25.9s/12m00.0s

running (03m26.9s), 30/80 VUs, 4081 complete and 0 interrupted iterations
gradual_ramp   [  29% ] 30/80 VUs  03m26.9s/12m00.0s

running (03m27.9s), 30/80 VUs, 4125 complete and 0 interrupted iterations
gradual_ramp   [  29% ] 30/80 VUs  03m27.9s/12m00.0s

running (03m28.9s), 30/80 VUs, 4167 complete and 0 interrupted iterations
gradual_ramp   [  29% ] 30/80 VUs  03m28.9s/12m00.0s

running (03m29.9s), 30/80 VUs, 4208 complete and 0 interrupted iterations
gradual_ramp   [  29% ] 30/80 VUs  03m29.9s/12m00.0s

running (03m30.9s), 31/80 VUs, 4250 complete and 0 interrupted iterations
gradual_ramp   [  29% ] 31/80 VUs  03m30.9s/12m00.0s

running (03m31.9s), 31/80 VUs, 4295 complete and 0 interrupted iterations
gradual_ramp   [  29% ] 31/80 VUs  03m31.9s/12m00.0s

running (03m32.9s), 31/80 VUs, 4342 complete and 0 interrupted iterations
gradual_ramp   [  30% ] 31/80 VUs  03m32.9s/12m00.0s

running (03m33.9s), 31/80 VUs, 4382 complete and 0 interrupted iterations
gradual_ramp   [  30% ] 31/80 VUs  03m33.9s/12m00.0s

running (03m34.9s), 32/80 VUs, 4425 complete and 0 interrupted iterations
gradual_ramp   [  30% ] 32/80 VUs  03m34.9s/12m00.0s

running (03m35.9s), 32/80 VUs, 4475 complete and 0 interrupted iterations
gradual_ramp   [  30% ] 32/80 VUs  03m35.9s/12m00.0s

running (03m36.9s), 32/80 VUs, 4517 complete and 0 interrupted iterations
gradual_ramp   [  30% ] 32/80 VUs  03m36.9s/12m00.0s

running (03m37.9s), 32/80 VUs, 4566 complete and 0 interrupted iterations
gradual_ramp   [  30% ] 32/80 VUs  03m37.9s/12m00.0s

running (03m38.9s), 33/80 VUs, 4608 complete and 0 interrupted iterations
gradual_ramp   [  30% ] 33/80 VUs  03m38.9s/12m00.0s

running (03m39.9s), 33/80 VUs, 4659 complete and 0 interrupted iterations
gradual_ramp   [  31% ] 33/80 VUs  03m39.9s/12m00.0s

running (03m40.9s), 33/80 VUs, 4702 complete and 0 interrupted iterations
gradual_ramp   [  31% ] 33/80 VUs  03m40.9s/12m00.0s

running (03m41.9s), 33/80 VUs, 4752 complete and 0 interrupted iterations
gradual_ramp   [  31% ] 33/80 VUs  03m41.9s/12m00.0s

running (03m42.9s), 34/80 VUs, 4796 complete and 0 interrupted iterations
gradual_ramp   [  31% ] 34/80 VUs  03m42.9s/12m00.0s

running (03m43.9s), 34/80 VUs, 4844 complete and 0 interrupted iterations
gradual_ramp   [  31% ] 34/80 VUs  03m43.9s/12m00.0s

running (03m44.9s), 34/80 VUs, 4892 complete and 0 interrupted iterations
gradual_ramp   [  31% ] 34/80 VUs  03m44.9s/12m00.0s

running (03m45.9s), 34/80 VUs, 4938 complete and 0 interrupted iterations
gradual_ramp   [  31% ] 34/80 VUs  03m45.9s/12m00.0s

running (03m46.9s), 34/80 VUs, 4984 complete and 0 interrupted iterations
gradual_ramp   [  32% ] 34/80 VUs  03m46.9s/12m00.0s

running (03m47.9s), 35/80 VUs, 5031 complete and 0 interrupted iterations
gradual_ramp   [  32% ] 35/80 VUs  03m47.9s/12m00.0s

running (03m48.9s), 35/80 VUs, 5083 complete and 0 interrupted iterations
gradual_ramp   [  32% ] 35/80 VUs  03m48.9s/12m00.0s

running (03m49.9s), 35/80 VUs, 5132 complete and 0 interrupted iterations
gradual_ramp   [  32% ] 35/80 VUs  03m49.9s/12m00.0s

running (03m50.9s), 35/80 VUs, 5181 complete and 0 interrupted iterations
gradual_ramp   [  32% ] 35/80 VUs  03m50.9s/12m00.0s

running (03m51.9s), 36/80 VUs, 5231 complete and 0 interrupted iterations
gradual_ramp   [  32% ] 36/80 VUs  03m51.9s/12m00.0s

running (03m52.9s), 36/80 VUs, 5280 complete and 0 interrupted iterations
gradual_ramp   [  32% ] 36/80 VUs  03m52.9s/12m00.0s

running (03m53.9s), 36/80 VUs, 5327 complete and 0 interrupted iterations
gradual_ramp   [  32% ] 36/80 VUs  03m53.9s/12m00.0s

running (03m54.9s), 36/80 VUs, 5377 complete and 0 interrupted iterations
gradual_ramp   [  33% ] 36/80 VUs  03m54.9s/12m00.0s

running (03m55.9s), 37/80 VUs, 5431 complete and 0 interrupted iterations
gradual_ramp   [  33% ] 37/80 VUs  03m55.9s/12m00.0s

running (03m56.9s), 37/80 VUs, 5477 complete and 0 interrupted iterations
gradual_ramp   [  33% ] 37/80 VUs  03m56.9s/12m00.0s

running (03m57.9s), 37/80 VUs, 5529 complete and 0 interrupted iterations
gradual_ramp   [  33% ] 37/80 VUs  03m57.9s/12m00.0s

running (03m58.9s), 37/80 VUs, 5580 complete and 0 interrupted iterations
gradual_ramp   [  33% ] 37/80 VUs  03m58.9s/12m00.0s

running (03m59.9s), 37/80 VUs, 5627 complete and 0 interrupted iterations
gradual_ramp   [  33% ] 37/80 VUs  03m59.9s/12m00.0s

running (04m00.9s), 38/80 VUs, 5677 complete and 0 interrupted iterations
gradual_ramp   [  33% ] 38/80 VUs  04m00.9s/12m00.0s

running (04m01.9s), 38/80 VUs, 5726 complete and 0 interrupted iterations
gradual_ramp   [  34% ] 38/80 VUs  04m01.9s/12m00.0s

running (04m02.9s), 38/80 VUs, 5776 complete and 0 interrupted iterations
gradual_ramp   [  34% ] 38/80 VUs  04m02.9s/12m00.0s

running (04m03.9s), 38/80 VUs, 5827 complete and 0 interrupted iterations
gradual_ramp   [  34% ] 38/80 VUs  04m03.9s/12m00.0s

running (04m04.9s), 39/80 VUs, 5878 complete and 0 interrupted iterations
gradual_ramp   [  34% ] 39/80 VUs  04m04.9s/12m00.0s

running (04m05.9s), 39/80 VUs, 5926 complete and 0 interrupted iterations
gradual_ramp   [  34% ] 39/80 VUs  04m05.9s/12m00.0s

running (04m06.9s), 39/80 VUs, 5976 complete and 0 interrupted iterations
gradual_ramp   [  34% ] 39/80 VUs  04m06.9s/12m00.0s

running (04m07.9s), 39/80 VUs, 6029 complete and 0 interrupted iterations
gradual_ramp   [  34% ] 39/80 VUs  04m07.9s/12m00.0s

running (04m08.9s), 40/80 VUs, 6080 complete and 0 interrupted iterations
gradual_ramp   [  35% ] 40/80 VUs  04m08.9s/12m00.0s

running (04m09.9s), 40/80 VUs, 6130 complete and 0 interrupted iterations
gradual_ramp   [  35% ] 40/80 VUs  04m09.9s/12m00.0s

running (04m10.9s), 40/80 VUs, 6181 complete and 0 interrupted iterations
gradual_ramp   [  35% ] 40/80 VUs  04m10.9s/12m00.0s

running (04m11.9s), 40/80 VUs, 6230 complete and 0 interrupted iterations
gradual_ramp   [  35% ] 40/80 VUs  04m11.9s/12m00.0s

running (04m12.9s), 41/80 VUs, 6279 complete and 0 interrupted iterations
gradual_ramp   [  35% ] 41/80 VUs  04m12.9s/12m00.0s

running (04m13.9s), 41/80 VUs, 6325 complete and 0 interrupted iterations
gradual_ramp   [  35% ] 41/80 VUs  04m13.9s/12m00.0s

running (04m14.9s), 41/80 VUs, 6376 complete and 0 interrupted iterations
gradual_ramp   [  35% ] 41/80 VUs  04m14.9s/12m00.0s

running (04m15.9s), 41/80 VUs, 6427 complete and 0 interrupted iterations
gradual_ramp   [  36% ] 41/80 VUs  04m15.9s/12m00.0s

running (04m16.9s), 41/80 VUs, 6480 complete and 0 interrupted iterations
gradual_ramp   [  36% ] 41/80 VUs  04m16.9s/12m00.0s

running (04m17.9s), 42/80 VUs, 6532 complete and 0 interrupted iterations
gradual_ramp   [  36% ] 42/80 VUs  04m17.9s/12m00.0s

running (04m18.9s), 42/80 VUs, 6582 complete and 0 interrupted iterations
gradual_ramp   [  36% ] 42/80 VUs  04m18.9s/12m00.0s

running (04m19.9s), 42/80 VUs, 6636 complete and 0 interrupted iterations
gradual_ramp   [  36% ] 42/80 VUs  04m19.9s/12m00.0s

running (04m20.9s), 42/80 VUs, 6687 complete and 0 interrupted iterations
gradual_ramp   [  36% ] 42/80 VUs  04m20.9s/12m00.0s

running (04m21.9s), 43/80 VUs, 6736 complete and 0 interrupted iterations
gradual_ramp   [  36% ] 43/80 VUs  04m21.9s/12m00.0s

running (04m22.9s), 43/80 VUs, 6787 complete and 0 interrupted iterations
gradual_ramp   [  37% ] 43/80 VUs  04m22.9s/12m00.0s

running (04m23.9s), 43/80 VUs, 6843 complete and 0 interrupted iterations
gradual_ramp   [  37% ] 43/80 VUs  04m23.9s/12m00.0s

running (04m24.9s), 43/80 VUs, 6887 complete and 0 interrupted iterations
gradual_ramp   [  37% ] 43/80 VUs  04m24.9s/12m00.0s

running (04m25.9s), 44/80 VUs, 6940 complete and 0 interrupted iterations
gradual_ramp   [  37% ] 44/80 VUs  04m25.9s/12m00.0s

running (04m26.9s), 44/80 VUs, 6990 complete and 0 interrupted iterations
gradual_ramp   [  37% ] 44/80 VUs  04m26.9s/12m00.0s

running (04m27.9s), 44/80 VUs, 7038 complete and 0 interrupted iterations
gradual_ramp   [  37% ] 44/80 VUs  04m27.9s/12m00.0s

running (04m28.9s), 44/80 VUs, 7085 complete and 0 interrupted iterations
gradual_ramp   [  37% ] 44/80 VUs  04m28.9s/12m00.0s

running (04m29.9s), 44/80 VUs, 7137 complete and 0 interrupted iterations
gradual_ramp   [  37% ] 44/80 VUs  04m29.9s/12m00.0s

running (04m30.9s), 45/80 VUs, 7190 complete and 0 interrupted iterations
gradual_ramp   [  38% ] 45/80 VUs  04m30.9s/12m00.0s

running (04m31.9s), 45/80 VUs, 7240 complete and 0 interrupted iterations
gradual_ramp   [  38% ] 45/80 VUs  04m31.9s/12m00.0s

running (04m32.9s), 45/80 VUs, 7291 complete and 0 interrupted iterations
gradual_ramp   [  38% ] 45/80 VUs  04m32.9s/12m00.0s

running (04m33.9s), 45/80 VUs, 7340 complete and 0 interrupted iterations
gradual_ramp   [  38% ] 45/80 VUs  04m33.9s/12m00.0s

running (04m34.9s), 46/80 VUs, 7390 complete and 0 interrupted iterations
gradual_ramp   [  38% ] 46/80 VUs  04m34.9s/12m00.0s

running (04m35.9s), 46/80 VUs, 7440 complete and 0 interrupted iterations
gradual_ramp   [  38% ] 46/80 VUs  04m35.9s/12m00.0s

running (04m36.9s), 46/80 VUs, 7489 complete and 0 interrupted iterations
gradual_ramp   [  38% ] 46/80 VUs  04m36.9s/12m00.0s

running (04m37.9s), 46/80 VUs, 7542 complete and 0 interrupted iterations
gradual_ramp   [  39% ] 46/80 VUs  04m37.9s/12m00.0s

running (04m38.9s), 47/80 VUs, 7590 complete and 0 interrupted iterations
gradual_ramp   [  39% ] 47/80 VUs  04m38.9s/12m00.0s

running (04m39.9s), 47/80 VUs, 7643 complete and 0 interrupted iterations
gradual_ramp   [  39% ] 47/80 VUs  04m39.9s/12m00.0s

running (04m40.9s), 47/80 VUs, 7697 complete and 0 interrupted iterations
gradual_ramp   [  39% ] 47/80 VUs  04m40.9s/12m00.0s

running (04m41.9s), 47/80 VUs, 7745 complete and 0 interrupted iterations
gradual_ramp   [  39% ] 47/80 VUs  04m41.9s/12m00.0s

running (04m42.9s), 48/80 VUs, 7798 complete and 0 interrupted iterations
gradual_ramp   [  39% ] 48/80 VUs  04m42.9s/12m00.0s

running (04m43.9s), 48/80 VUs, 7851 complete and 0 interrupted iterations
gradual_ramp   [  39% ] 48/80 VUs  04m43.9s/12m00.0s

running (04m44.9s), 48/80 VUs, 7898 complete and 0 interrupted iterations
gradual_ramp   [  40% ] 48/80 VUs  04m44.9s/12m00.0s

running (04m45.9s), 48/80 VUs, 7949 complete and 0 interrupted iterations
gradual_ramp   [  40% ] 48/80 VUs  04m45.9s/12m00.0s

running (04m46.9s), 48/80 VUs, 8002 complete and 0 interrupted iterations
gradual_ramp   [  40% ] 48/80 VUs  04m46.9s/12m00.0s

running (04m47.9s), 49/80 VUs, 8054 complete and 0 interrupted iterations
gradual_ramp   [  40% ] 49/80 VUs  04m47.9s/12m00.0s

running (04m48.9s), 49/80 VUs, 8100 complete and 0 interrupted iterations
gradual_ramp   [  40% ] 49/80 VUs  04m48.9s/12m00.0s

running (04m49.9s), 49/80 VUs, 8155 complete and 0 interrupted iterations
gradual_ramp   [  40% ] 49/80 VUs  04m49.9s/12m00.0s

running (04m50.9s), 49/80 VUs, 8207 complete and 0 interrupted iterations
gradual_ramp   [  40% ] 49/80 VUs  04m50.9s/12m00.0s

running (04m51.9s), 50/80 VUs, 8258 complete and 0 interrupted iterations
gradual_ramp   [  41% ] 50/80 VUs  04m51.9s/12m00.0s

running (04m52.9s), 50/80 VUs, 8311 complete and 0 interrupted iterations
gradual_ramp   [  41% ] 50/80 VUs  04m52.9s/12m00.0s

running (04m53.9s), 50/80 VUs, 8364 complete and 0 interrupted iterations
gradual_ramp   [  41% ] 50/80 VUs  04m53.9s/12m00.0s

running (04m54.9s), 50/80 VUs, 8412 complete and 0 interrupted iterations
gradual_ramp   [  41% ] 50/80 VUs  04m54.9s/12m00.0s

running (04m55.9s), 51/80 VUs, 8469 complete and 0 interrupted iterations
gradual_ramp   [  41% ] 51/80 VUs  04m55.9s/12m00.0s

running (04m56.9s), 51/80 VUs, 8519 complete and 0 interrupted iterations
gradual_ramp   [  41% ] 51/80 VUs  04m56.9s/12m00.0s

running (04m57.9s), 51/80 VUs, 8577 complete and 0 interrupted iterations
gradual_ramp   [  41% ] 51/80 VUs  04m57.9s/12m00.0s

running (04m58.9s), 51/80 VUs, 8628 complete and 0 interrupted iterations
gradual_ramp   [  42% ] 51/80 VUs  04m58.9s/12m00.0s

running (04m59.9s), 51/80 VUs, 8682 complete and 0 interrupted iterations
gradual_ramp   [  42% ] 51/80 VUs  04m59.9s/12m00.0s

running (05m00.9s), 52/80 VUs, 8732 complete and 0 interrupted iterations
gradual_ramp   [  42% ] 52/80 VUs  05m00.9s/12m00.0s

running (05m01.9s), 52/80 VUs, 8780 complete and 0 interrupted iterations
gradual_ramp   [  42% ] 52/80 VUs  05m01.9s/12m00.0s

running (05m02.9s), 52/80 VUs, 8836 complete and 0 interrupted iterations
gradual_ramp   [  42% ] 52/80 VUs  05m02.9s/12m00.0s

running (05m03.9s), 52/80 VUs, 8885 complete and 0 interrupted iterations
gradual_ramp   [  42% ] 52/80 VUs  05m03.9s/12m00.0s

running (05m04.9s), 53/80 VUs, 8933 complete and 0 interrupted iterations
gradual_ramp   [  42% ] 53/80 VUs  05m04.9s/12m00.0s

running (05m05.9s), 53/80 VUs, 8983 complete and 0 interrupted iterations
gradual_ramp   [  42% ] 53/80 VUs  05m05.9s/12m00.0s

running (05m06.9s), 53/80 VUs, 9033 complete and 0 interrupted iterations
gradual_ramp   [  43% ] 53/80 VUs  05m06.9s/12m00.0s

running (05m07.9s), 53/80 VUs, 9082 complete and 0 interrupted iterations
gradual_ramp   [  43% ] 53/80 VUs  05m07.9s/12m00.0s

running (05m08.9s), 54/80 VUs, 9130 complete and 0 interrupted iterations
gradual_ramp   [  43% ] 54/80 VUs  05m08.9s/12m00.0s

running (05m09.9s), 54/80 VUs, 9181 complete and 0 interrupted iterations
gradual_ramp   [  43% ] 54/80 VUs  05m09.9s/12m00.0s

running (05m10.9s), 54/80 VUs, 9237 complete and 0 interrupted iterations
gradual_ramp   [  43% ] 54/80 VUs  05m10.9s/12m00.0s

running (05m11.9s), 54/80 VUs, 9284 complete and 0 interrupted iterations
gradual_ramp   [  43% ] 54/80 VUs  05m11.9s/12m00.0s

running (05m12.9s), 55/80 VUs, 9340 complete and 0 interrupted iterations
gradual_ramp   [  43% ] 55/80 VUs  05m12.9s/12m00.0s

running (05m13.9s), 55/80 VUs, 9389 complete and 0 interrupted iterations
gradual_ramp   [  44% ] 55/80 VUs  05m13.9s/12m00.0s

running (05m14.9s), 55/80 VUs, 9442 complete and 0 interrupted iterations
gradual_ramp   [  44% ] 55/80 VUs  05m14.9s/12m00.0s

running (05m15.9s), 55/80 VUs, 9494 complete and 0 interrupted iterations
gradual_ramp   [  44% ] 55/80 VUs  05m15.9s/12m00.0s

running (05m16.9s), 55/80 VUs, 9548 complete and 0 interrupted iterations
gradual_ramp   [  44% ] 55/80 VUs  05m16.9s/12m00.0s

running (05m17.9s), 56/80 VUs, 9601 complete and 0 interrupted iterations
gradual_ramp   [  44% ] 56/80 VUs  05m17.9s/12m00.0s

running (05m18.9s), 56/80 VUs, 9652 complete and 0 interrupted iterations
gradual_ramp   [  44% ] 56/80 VUs  05m18.9s/12m00.0s

running (05m19.9s), 56/80 VUs, 9707 complete and 0 interrupted iterations
gradual_ramp   [  44% ] 56/80 VUs  05m19.9s/12m00.0s

running (05m20.9s), 56/80 VUs, 9758 complete and 0 interrupted iterations
gradual_ramp   [  45% ] 56/80 VUs  05m20.9s/12m00.0s

running (05m21.9s), 57/80 VUs, 9816 complete and 0 interrupted iterations
gradual_ramp   [  45% ] 57/80 VUs  05m21.9s/12m00.0s

running (05m22.9s), 57/80 VUs, 9873 complete and 0 interrupted iterations
gradual_ramp   [  45% ] 57/80 VUs  05m22.9s/12m00.0s

running (05m23.9s), 57/80 VUs, 9925 complete and 0 interrupted iterations
gradual_ramp   [  45% ] 57/80 VUs  05m23.9s/12m00.0s

running (05m24.9s), 57/80 VUs, 9974 complete and 0 interrupted iterations
gradual_ramp   [  45% ] 57/80 VUs  05m24.9s/12m00.0s

running (05m25.9s), 58/80 VUs, 10027 complete and 0 interrupted iterations
gradual_ramp   [  45% ] 58/80 VUs  05m25.9s/12m00.0s

running (05m26.9s), 58/80 VUs, 10077 complete and 0 interrupted iterations
gradual_ramp   [  45% ] 58/80 VUs  05m26.9s/12m00.0s

running (05m27.9s), 58/80 VUs, 10135 complete and 0 interrupted iterations
gradual_ramp   [  46% ] 58/80 VUs  05m27.9s/12m00.0s

running (05m28.9s), 58/80 VUs, 10189 complete and 0 interrupted iterations
gradual_ramp   [  46% ] 58/80 VUs  05m28.9s/12m00.0s

running (05m29.9s), 58/80 VUs, 10241 complete and 0 interrupted iterations
gradual_ramp   [  46% ] 58/80 VUs  05m29.9s/12m00.0s

running (05m30.9s), 59/80 VUs, 10292 complete and 0 interrupted iterations
gradual_ramp   [  46% ] 59/80 VUs  05m30.9s/12m00.0s

running (05m31.9s), 59/80 VUs, 10350 complete and 0 interrupted iterations
gradual_ramp   [  46% ] 59/80 VUs  05m31.9s/12m00.0s

running (05m32.9s), 59/80 VUs, 10405 complete and 0 interrupted iterations
gradual_ramp   [  46% ] 59/80 VUs  05m32.9s/12m00.0s

running (05m33.9s), 59/80 VUs, 10454 complete and 0 interrupted iterations
gradual_ramp   [  46% ] 59/80 VUs  05m33.9s/12m00.0s

running (05m34.9s), 60/80 VUs, 10510 complete and 0 interrupted iterations
gradual_ramp   [  47% ] 60/80 VUs  05m34.9s/12m00.0s

running (05m35.9s), 60/80 VUs, 10561 complete and 0 interrupted iterations
gradual_ramp   [  47% ] 60/80 VUs  05m35.9s/12m00.0s

running (05m36.9s), 60/80 VUs, 10618 complete and 0 interrupted iterations
gradual_ramp   [  47% ] 60/80 VUs  05m36.9s/12m00.0s

running (05m37.9s), 60/80 VUs, 10668 complete and 0 interrupted iterations
gradual_ramp   [  47% ] 60/80 VUs  05m37.9s/12m00.0s

running (05m38.9s), 61/80 VUs, 10713 complete and 0 interrupted iterations
gradual_ramp   [  47% ] 61/80 VUs  05m38.9s/12m00.0s

running (05m39.9s), 61/80 VUs, 10767 complete and 0 interrupted iterations
gradual_ramp   [  47% ] 61/80 VUs  05m39.9s/12m00.0s

running (05m40.9s), 61/80 VUs, 10825 complete and 0 interrupted iterations
gradual_ramp   [  47% ] 61/80 VUs  05m40.9s/12m00.0s

running (05m41.9s), 61/80 VUs, 10877 complete and 0 interrupted iterations
gradual_ramp   [  47% ] 61/80 VUs  05m41.9s/12m00.0s

running (05m42.9s), 62/80 VUs, 10929 complete and 0 interrupted iterations
gradual_ramp   [  48% ] 62/80 VUs  05m42.9s/12m00.0s

running (05m43.9s), 62/80 VUs, 10988 complete and 0 interrupted iterations
gradual_ramp   [  48% ] 62/80 VUs  05m43.9s/12m00.0s

running (05m44.9s), 62/80 VUs, 11046 complete and 0 interrupted iterations
gradual_ramp   [  48% ] 62/80 VUs  05m44.9s/12m00.0s

running (05m45.9s), 62/80 VUs, 11100 complete and 0 interrupted iterations
gradual_ramp   [  48% ] 62/80 VUs  05m45.9s/12m00.0s

running (05m46.9s), 62/80 VUs, 11156 complete and 0 interrupted iterations
gradual_ramp   [  48% ] 62/80 VUs  05m46.9s/12m00.0s

running (05m47.9s), 63/80 VUs, 11212 complete and 0 interrupted iterations
gradual_ramp   [  48% ] 63/80 VUs  05m47.9s/12m00.0s

running (05m48.9s), 63/80 VUs, 11269 complete and 0 interrupted iterations
gradual_ramp   [  48% ] 63/80 VUs  05m48.9s/12m00.0s

running (05m49.9s), 63/80 VUs, 11320 complete and 0 interrupted iterations
gradual_ramp   [  49% ] 63/80 VUs  05m49.9s/12m00.0s

running (05m50.9s), 63/80 VUs, 11379 complete and 0 interrupted iterations
gradual_ramp   [  49% ] 63/80 VUs  05m50.9s/12m00.0s

running (05m51.9s), 64/80 VUs, 11436 complete and 0 interrupted iterations
gradual_ramp   [  49% ] 64/80 VUs  05m51.9s/12m00.0s

running (05m52.9s), 64/80 VUs, 11499 complete and 0 interrupted iterations
gradual_ramp   [  49% ] 64/80 VUs  05m52.9s/12m00.0s

running (05m53.9s), 64/80 VUs, 11555 complete and 0 interrupted iterations
gradual_ramp   [  49% ] 64/80 VUs  05m53.9s/12m00.0s

running (05m54.9s), 64/80 VUs, 11613 complete and 0 interrupted iterations
gradual_ramp   [  49% ] 64/80 VUs  05m54.9s/12m00.0s

running (05m55.9s), 65/80 VUs, 11670 complete and 0 interrupted iterations
gradual_ramp   [  49% ] 65/80 VUs  05m55.9s/12m00.0s

running (05m56.9s), 65/80 VUs, 11727 complete and 0 interrupted iterations
gradual_ramp   [  50% ] 65/80 VUs  05m56.9s/12m00.0s

running (05m57.9s), 65/80 VUs, 11788 complete and 0 interrupted iterations
gradual_ramp   [  50% ] 65/80 VUs  05m57.9s/12m00.0s

running (05m58.9s), 65/80 VUs, 11844 complete and 0 interrupted iterations
gradual_ramp   [  50% ] 65/80 VUs  05m58.9s/12m00.0s

running (05m59.9s), 65/80 VUs, 11903 complete and 0 interrupted iterations
gradual_ramp   [  50% ] 65/80 VUs  05m59.9s/12m00.0s

running (06m00.9s), 66/80 VUs, 11953 complete and 0 interrupted iterations
gradual_ramp   [  50% ] 66/80 VUs  06m00.9s/12m00.0s

running (06m01.9s), 66/80 VUs, 12019 complete and 0 interrupted iterations
gradual_ramp   [  50% ] 66/80 VUs  06m01.9s/12m00.0s

running (06m02.9s), 66/80 VUs, 12073 complete and 0 interrupted iterations
gradual_ramp   [  50% ] 66/80 VUs  06m02.9s/12m00.0s

running (06m03.9s), 66/80 VUs, 12134 complete and 0 interrupted iterations
gradual_ramp   [  51% ] 66/80 VUs  06m03.9s/12m00.0s

running (06m04.9s), 67/80 VUs, 12193 complete and 0 interrupted iterations
gradual_ramp   [  51% ] 67/80 VUs  06m04.9s/12m00.0s

running (06m05.9s), 67/80 VUs, 12254 complete and 0 interrupted iterations
gradual_ramp   [  51% ] 67/80 VUs  06m05.9s/12m00.0s

running (06m06.9s), 67/80 VUs, 12310 complete and 0 interrupted iterations
gradual_ramp   [  51% ] 67/80 VUs  06m06.9s/12m00.0s

running (06m07.9s), 67/80 VUs, 12376 complete and 0 interrupted iterations
gradual_ramp   [  51% ] 67/80 VUs  06m07.9s/12m00.0s

running (06m08.9s), 68/80 VUs, 12435 complete and 0 interrupted iterations
gradual_ramp   [  51% ] 68/80 VUs  06m08.9s/12m00.0s

running (06m09.9s), 68/80 VUs, 12495 complete and 0 interrupted iterations
gradual_ramp   [  51% ] 68/80 VUs  06m09.9s/12m00.0s

running (06m10.9s), 68/80 VUs, 12556 complete and 0 interrupted iterations
gradual_ramp   [  52% ] 68/80 VUs  06m10.9s/12m00.0s

running (06m11.9s), 68/80 VUs, 12621 complete and 0 interrupted iterations
gradual_ramp   [  52% ] 68/80 VUs  06m11.9s/12m00.0s

running (06m12.9s), 69/80 VUs, 12680 complete and 0 interrupted iterations
gradual_ramp   [  52% ] 69/80 VUs  06m12.9s/12m00.0s

running (06m13.9s), 69/80 VUs, 12739 complete and 0 interrupted iterations
gradual_ramp   [  52% ] 69/80 VUs  06m13.9s/12m00.0s

running (06m14.9s), 69/80 VUs, 12809 complete and 0 interrupted iterations
gradual_ramp   [  52% ] 69/80 VUs  06m14.9s/12m00.0s

running (06m15.9s), 69/80 VUs, 12868 complete and 0 interrupted iterations
gradual_ramp   [  52% ] 69/80 VUs  06m15.9s/12m00.0s

running (06m16.9s), 69/80 VUs, 12930 complete and 0 interrupted iterations
gradual_ramp   [  52% ] 69/80 VUs  06m16.9s/12m00.0s

running (06m17.9s), 70/80 VUs, 12996 complete and 0 interrupted iterations
gradual_ramp   [  52% ] 70/80 VUs  06m17.9s/12m00.0s

running (06m18.9s), 70/80 VUs, 13060 complete and 0 interrupted iterations
gradual_ramp   [  53% ] 70/80 VUs  06m18.9s/12m00.0s

running (06m19.9s), 70/80 VUs, 13114 complete and 0 interrupted iterations
gradual_ramp   [  53% ] 70/80 VUs  06m19.9s/12m00.0s

running (06m20.9s), 70/80 VUs, 13180 complete and 0 interrupted iterations
gradual_ramp   [  53% ] 70/80 VUs  06m20.9s/12m00.0s

running (06m21.9s), 71/80 VUs, 13247 complete and 0 interrupted iterations
gradual_ramp   [  53% ] 71/80 VUs  06m21.9s/12m00.0s

running (06m22.9s), 71/80 VUs, 13303 complete and 0 interrupted iterations
gradual_ramp   [  53% ] 71/80 VUs  06m22.9s/12m00.0s

running (06m23.9s), 71/80 VUs, 13366 complete and 0 interrupted iterations
gradual_ramp   [  53% ] 71/80 VUs  06m23.9s/12m00.0s

running (06m24.9s), 71/80 VUs, 13432 complete and 0 interrupted iterations
gradual_ramp   [  53% ] 71/80 VUs  06m24.9s/12m00.0s

running (06m25.9s), 72/80 VUs, 13496 complete and 0 interrupted iterations
gradual_ramp   [  54% ] 72/80 VUs  06m25.9s/12m00.0s

running (06m26.9s), 72/80 VUs, 13564 complete and 0 interrupted iterations
gradual_ramp   [  54% ] 72/80 VUs  06m26.9s/12m00.0s

running (06m27.9s), 72/80 VUs, 13625 complete and 0 interrupted iterations
gradual_ramp   [  54% ] 72/80 VUs  06m27.9s/12m00.0s

running (06m28.9s), 72/80 VUs, 13690 complete and 0 interrupted iterations
gradual_ramp   [  54% ] 72/80 VUs  06m28.9s/12m00.0s

running (06m29.9s), 72/80 VUs, 13753 complete and 0 interrupted iterations
gradual_ramp   [  54% ] 72/80 VUs  06m29.9s/12m00.0s

running (06m30.9s), 73/80 VUs, 13813 complete and 0 interrupted iterations
gradual_ramp   [  54% ] 73/80 VUs  06m30.9s/12m00.0s

running (06m31.9s), 73/80 VUs, 13880 complete and 0 interrupted iterations
gradual_ramp   [  54% ] 73/80 VUs  06m31.9s/12m00.0s

running (06m32.9s), 73/80 VUs, 13952 complete and 0 interrupted iterations
gradual_ramp   [  55% ] 73/80 VUs  06m32.9s/12m00.0s

running (06m33.9s), 73/80 VUs, 14020 complete and 0 interrupted iterations
gradual_ramp   [  55% ] 73/80 VUs  06m33.9s/12m00.0s

running (06m34.9s), 74/80 VUs, 14078 complete and 0 interrupted iterations
gradual_ramp   [  55% ] 74/80 VUs  06m34.9s/12m00.0s

running (06m35.9s), 74/80 VUs, 14149 complete and 0 interrupted iterations
gradual_ramp   [  55% ] 74/80 VUs  06m35.9s/12m00.0s

running (06m36.9s), 74/80 VUs, 14216 complete and 0 interrupted iterations
gradual_ramp   [  55% ] 74/80 VUs  06m36.9s/12m00.0s

running (06m37.9s), 74/80 VUs, 14282 complete and 0 interrupted iterations
gradual_ramp   [  55% ] 74/80 VUs  06m37.9s/12m00.0s

running (06m38.9s), 75/80 VUs, 14355 complete and 0 interrupted iterations
gradual_ramp   [  55% ] 75/80 VUs  06m38.9s/12m00.0s

running (06m39.9s), 75/80 VUs, 14423 complete and 0 interrupted iterations
gradual_ramp   [  56% ] 75/80 VUs  06m39.9s/12m00.0s

running (06m40.9s), 75/80 VUs, 14489 complete and 0 interrupted iterations
gradual_ramp   [  56% ] 75/80 VUs  06m40.9s/12m00.0s

running (06m41.9s), 75/80 VUs, 14558 complete and 0 interrupted iterations
gradual_ramp   [  56% ] 75/80 VUs  06m41.9s/12m00.0s

running (06m42.9s), 76/80 VUs, 14624 complete and 0 interrupted iterations
gradual_ramp   [  56% ] 76/80 VUs  06m42.9s/12m00.0s

running (06m43.9s), 76/80 VUs, 14689 complete and 0 interrupted iterations
gradual_ramp   [  56% ] 76/80 VUs  06m43.9s/12m00.0s

running (06m44.9s), 76/80 VUs, 14758 complete and 0 interrupted iterations
gradual_ramp   [  56% ] 76/80 VUs  06m44.9s/12m00.0s

running (06m45.9s), 76/80 VUs, 14817 complete and 0 interrupted iterations
gradual_ramp   [  56% ] 76/80 VUs  06m45.9s/12m00.0s

running (06m46.9s), 76/80 VUs, 14891 complete and 0 interrupted iterations
gradual_ramp   [  57% ] 76/80 VUs  06m46.9s/12m00.0s

running (06m47.9s), 77/80 VUs, 14956 complete and 0 interrupted iterations
gradual_ramp   [  57% ] 77/80 VUs  06m47.9s/12m00.0s

running (06m48.9s), 77/80 VUs, 15019 complete and 0 interrupted iterations
gradual_ramp   [  57% ] 77/80 VUs  06m48.9s/12m00.0s

running (06m49.9s), 77/80 VUs, 15093 complete and 0 interrupted iterations
gradual_ramp   [  57% ] 77/80 VUs  06m49.9s/12m00.0s

running (06m50.9s), 77/80 VUs, 15154 complete and 0 interrupted iterations
gradual_ramp   [  57% ] 77/80 VUs  06m50.9s/12m00.0s

running (06m51.9s), 78/80 VUs, 15217 complete and 0 interrupted iterations
gradual_ramp   [  57% ] 78/80 VUs  06m51.9s/12m00.0s

running (06m52.9s), 78/80 VUs, 15289 complete and 0 interrupted iterations
gradual_ramp   [  57% ] 78/80 VUs  06m52.9s/12m00.0s

running (06m53.9s), 78/80 VUs, 15361 complete and 0 interrupted iterations
gradual_ramp   [  57% ] 78/80 VUs  06m53.9s/12m00.0s

running (06m54.9s), 78/80 VUs, 15421 complete and 0 interrupted iterations
gradual_ramp   [  58% ] 78/80 VUs  06m54.9s/12m00.0s

running (06m55.9s), 79/80 VUs, 15492 complete and 0 interrupted iterations
gradual_ramp   [  58% ] 79/80 VUs  06m55.9s/12m00.0s

running (06m56.9s), 79/80 VUs, 15554 complete and 0 interrupted iterations
gradual_ramp   [  58% ] 79/80 VUs  06m56.9s/12m00.0s

running (06m57.9s), 79/80 VUs, 15625 complete and 0 interrupted iterations
gradual_ramp   [  58% ] 79/80 VUs  06m57.9s/12m00.0s

running (06m58.9s), 79/80 VUs, 15686 complete and 0 interrupted iterations
gradual_ramp   [  58% ] 79/80 VUs  06m58.9s/12m00.0s

running (06m59.9s), 79/80 VUs, 15758 complete and 0 interrupted iterations
gradual_ramp   [  58% ] 79/80 VUs  06m59.9s/12m00.0s

running (07m00.9s), 80/80 VUs, 15822 complete and 0 interrupted iterations
gradual_ramp   [  58% ] 80/80 VUs  07m00.9s/12m00.0s

running (07m01.9s), 80/80 VUs, 15894 complete and 0 interrupted iterations
gradual_ramp   [  59% ] 80/80 VUs  07m01.9s/12m00.0s

running (07m02.9s), 80/80 VUs, 15964 complete and 0 interrupted iterations
gradual_ramp   [  59% ] 80/80 VUs  07m02.9s/12m00.0s

running (07m03.9s), 80/80 VUs, 16037 complete and 0 interrupted iterations
gradual_ramp   [  59% ] 80/80 VUs  07m03.9s/12m00.0s

running (07m04.9s), 80/80 VUs, 16103 complete and 0 interrupted iterations
gradual_ramp   [  59% ] 80/80 VUs  07m04.9s/12m00.0s

running (07m05.9s), 80/80 VUs, 16172 complete and 0 interrupted iterations
gradual_ramp   [  59% ] 80/80 VUs  07m05.9s/12m00.0s

running (07m06.9s), 80/80 VUs, 16243 complete and 0 interrupted iterations
gradual_ramp   [  59% ] 80/80 VUs  07m06.9s/12m00.0s

running (07m07.9s), 80/80 VUs, 16307 complete and 0 interrupted iterations
gradual_ramp   [  59% ] 80/80 VUs  07m07.9s/12m00.0s

running (07m08.9s), 80/80 VUs, 16373 complete and 0 interrupted iterations
gradual_ramp   [  60% ] 80/80 VUs  07m08.9s/12m00.0s

running (07m09.9s), 80/80 VUs, 16445 complete and 0 interrupted iterations
gradual_ramp   [  60% ] 80/80 VUs  07m09.9s/12m00.0s

running (07m10.9s), 80/80 VUs, 16510 complete and 0 interrupted iterations
gradual_ramp   [  60% ] 80/80 VUs  07m10.9s/12m00.0s

running (07m11.9s), 80/80 VUs, 16590 complete and 0 interrupted iterations
gradual_ramp   [  60% ] 80/80 VUs  07m11.9s/12m00.0s

running (07m12.9s), 80/80 VUs, 16647 complete and 0 interrupted iterations
gradual_ramp   [  60% ] 80/80 VUs  07m12.9s/12m00.0s

running (07m13.9s), 80/80 VUs, 16721 complete and 0 interrupted iterations
gradual_ramp   [  60% ] 80/80 VUs  07m13.9s/12m00.0s

running (07m14.9s), 80/80 VUs, 16788 complete and 0 interrupted iterations
gradual_ramp   [  60% ] 80/80 VUs  07m14.9s/12m00.0s

running (07m15.9s), 80/80 VUs, 16863 complete and 0 interrupted iterations
gradual_ramp   [  61% ] 80/80 VUs  07m15.9s/12m00.0s

running (07m16.9s), 80/80 VUs, 16932 complete and 0 interrupted iterations
gradual_ramp   [  61% ] 80/80 VUs  07m16.9s/12m00.0s

running (07m17.9s), 80/80 VUs, 17003 complete and 0 interrupted iterations
gradual_ramp   [  61% ] 80/80 VUs  07m17.9s/12m00.0s

running (07m18.9s), 80/80 VUs, 17066 complete and 0 interrupted iterations
gradual_ramp   [  61% ] 80/80 VUs  07m18.9s/12m00.0s

running (07m19.9s), 80/80 VUs, 17138 complete and 0 interrupted iterations
gradual_ramp   [  61% ] 80/80 VUs  07m19.9s/12m00.0s

running (07m20.9s), 80/80 VUs, 17200 complete and 0 interrupted iterations
gradual_ramp   [  61% ] 80/80 VUs  07m20.9s/12m00.0s

running (07m21.9s), 80/80 VUs, 17273 complete and 0 interrupted iterations
gradual_ramp   [  61% ] 80/80 VUs  07m21.9s/12m00.0s

running (07m22.9s), 80/80 VUs, 17342 complete and 0 interrupted iterations
gradual_ramp   [  62% ] 80/80 VUs  07m22.9s/12m00.0s

running (07m23.9s), 80/80 VUs, 17410 complete and 0 interrupted iterations
gradual_ramp   [  62% ] 80/80 VUs  07m23.9s/12m00.0s

running (07m24.9s), 80/80 VUs, 17476 complete and 0 interrupted iterations
gradual_ramp   [  62% ] 80/80 VUs  07m24.9s/12m00.0s

running (07m25.9s), 80/80 VUs, 17550 complete and 0 interrupted iterations
gradual_ramp   [  62% ] 80/80 VUs  07m25.9s/12m00.0s

running (07m26.9s), 80/80 VUs, 17621 complete and 0 interrupted iterations
gradual_ramp   [  62% ] 80/80 VUs  07m26.9s/12m00.0s

running (07m27.9s), 80/80 VUs, 17688 complete and 0 interrupted iterations
gradual_ramp   [  62% ] 80/80 VUs  07m27.9s/12m00.0s

running (07m28.9s), 80/80 VUs, 17765 complete and 0 interrupted iterations
gradual_ramp   [  62% ] 80/80 VUs  07m28.9s/12m00.0s

running (07m29.9s), 80/80 VUs, 17825 complete and 0 interrupted iterations
gradual_ramp   [  62% ] 80/80 VUs  07m29.9s/12m00.0s

running (07m30.9s), 80/80 VUs, 17899 complete and 0 interrupted iterations
gradual_ramp   [  63% ] 80/80 VUs  07m30.9s/12m00.0s

running (07m31.9s), 80/80 VUs, 17969 complete and 0 interrupted iterations
gradual_ramp   [  63% ] 80/80 VUs  07m31.9s/12m00.0s

running (07m32.9s), 80/80 VUs, 18035 complete and 0 interrupted iterations
gradual_ramp   [  63% ] 80/80 VUs  07m32.9s/12m00.0s

running (07m33.9s), 80/80 VUs, 18103 complete and 0 interrupted iterations
gradual_ramp   [  63% ] 80/80 VUs  07m33.9s/12m00.0s

running (07m34.9s), 80/80 VUs, 18170 complete and 0 interrupted iterations
gradual_ramp   [  63% ] 80/80 VUs  07m34.9s/12m00.0s

running (07m35.9s), 80/80 VUs, 18237 complete and 0 interrupted iterations
gradual_ramp   [  63% ] 80/80 VUs  07m35.9s/12m00.0s

running (07m36.9s), 80/80 VUs, 18312 complete and 0 interrupted iterations
gradual_ramp   [  63% ] 80/80 VUs  07m36.9s/12m00.0s

running (07m37.9s), 80/80 VUs, 18381 complete and 0 interrupted iterations
gradual_ramp   [  64% ] 80/80 VUs  07m37.9s/12m00.0s

running (07m38.9s), 80/80 VUs, 18454 complete and 0 interrupted iterations
gradual_ramp   [  64% ] 80/80 VUs  07m38.9s/12m00.0s

running (07m39.9s), 80/80 VUs, 18521 complete and 0 interrupted iterations
gradual_ramp   [  64% ] 80/80 VUs  07m39.9s/12m00.0s

running (07m40.9s), 80/80 VUs, 18592 complete and 0 interrupted iterations
gradual_ramp   [  64% ] 80/80 VUs  07m40.9s/12m00.0s

running (07m41.9s), 80/80 VUs, 18656 complete and 0 interrupted iterations
gradual_ramp   [  64% ] 80/80 VUs  07m41.9s/12m00.0s

running (07m42.9s), 80/80 VUs, 18735 complete and 0 interrupted iterations
gradual_ramp   [  64% ] 80/80 VUs  07m42.9s/12m00.0s

running (07m43.9s), 80/80 VUs, 18798 complete and 0 interrupted iterations
gradual_ramp   [  64% ] 80/80 VUs  07m43.9s/12m00.0s

running (07m44.9s), 80/80 VUs, 18871 complete and 0 interrupted iterations
gradual_ramp   [  65% ] 80/80 VUs  07m44.9s/12m00.0s

running (07m45.9s), 80/80 VUs, 18943 complete and 0 interrupted iterations
gradual_ramp   [  65% ] 80/80 VUs  07m45.9s/12m00.0s

running (07m46.9s), 80/80 VUs, 19014 complete and 0 interrupted iterations
gradual_ramp   [  65% ] 80/80 VUs  07m46.9s/12m00.0s

running (07m47.9s), 80/80 VUs, 19078 complete and 0 interrupted iterations
gradual_ramp   [  65% ] 80/80 VUs  07m47.9s/12m00.0s

running (07m48.9s), 80/80 VUs, 19153 complete and 0 interrupted iterations
gradual_ramp   [  65% ] 80/80 VUs  07m48.9s/12m00.0s

running (07m49.9s), 80/80 VUs, 19218 complete and 0 interrupted iterations
gradual_ramp   [  65% ] 80/80 VUs  07m49.9s/12m00.0s

running (07m50.9s), 80/80 VUs, 19289 complete and 0 interrupted iterations
gradual_ramp   [  65% ] 80/80 VUs  07m50.9s/12m00.0s

running (07m51.9s), 80/80 VUs, 19360 complete and 0 interrupted iterations
gradual_ramp   [  66% ] 80/80 VUs  07m51.9s/12m00.0s

running (07m52.9s), 80/80 VUs, 19430 complete and 0 interrupted iterations
gradual_ramp   [  66% ] 80/80 VUs  07m52.9s/12m00.0s

running (07m53.9s), 80/80 VUs, 19499 complete and 0 interrupted iterations
gradual_ramp   [  66% ] 80/80 VUs  07m53.9s/12m00.0s

running (07m54.9s), 80/80 VUs, 19570 complete and 0 interrupted iterations
gradual_ramp   [  66% ] 80/80 VUs  07m54.9s/12m00.0s

running (07m55.9s), 80/80 VUs, 19632 complete and 0 interrupted iterations
gradual_ramp   [  66% ] 80/80 VUs  07m55.9s/12m00.0s

running (07m56.9s), 80/80 VUs, 19704 complete and 0 interrupted iterations
gradual_ramp   [  66% ] 80/80 VUs  07m56.9s/12m00.0s

running (07m57.9s), 80/80 VUs, 19770 complete and 0 interrupted iterations
gradual_ramp   [  66% ] 80/80 VUs  07m57.9s/12m00.0s

running (07m58.9s), 80/80 VUs, 19840 complete and 0 interrupted iterations
gradual_ramp   [  67% ] 80/80 VUs  07m58.9s/12m00.0s

running (07m59.9s), 80/80 VUs, 19911 complete and 0 interrupted iterations
gradual_ramp   [  67% ] 80/80 VUs  07m59.9s/12m00.0s

running (08m00.9s), 80/80 VUs, 19977 complete and 0 interrupted iterations
gradual_ramp   [  67% ] 80/80 VUs  08m00.9s/12m00.0s

running (08m01.9s), 80/80 VUs, 20044 complete and 0 interrupted iterations
gradual_ramp   [  67% ] 80/80 VUs  08m01.9s/12m00.0s

running (08m02.9s), 80/80 VUs, 20118 complete and 0 interrupted iterations
gradual_ramp   [  67% ] 80/80 VUs  08m02.9s/12m00.0s

running (08m03.9s), 80/80 VUs, 20187 complete and 0 interrupted iterations
gradual_ramp   [  67% ] 80/80 VUs  08m03.9s/12m00.0s

running (08m04.9s), 80/80 VUs, 20255 complete and 0 interrupted iterations
gradual_ramp   [  67% ] 80/80 VUs  08m04.9s/12m00.0s

running (08m05.9s), 80/80 VUs, 20317 complete and 0 interrupted iterations
gradual_ramp   [  67% ] 80/80 VUs  08m05.9s/12m00.0s

running (08m06.9s), 80/80 VUs, 20393 complete and 0 interrupted iterations
gradual_ramp   [  68% ] 80/80 VUs  08m06.9s/12m00.0s

running (08m07.9s), 80/80 VUs, 20456 complete and 0 interrupted iterations
gradual_ramp   [  68% ] 80/80 VUs  08m07.9s/12m00.0s

running (08m08.9s), 80/80 VUs, 20522 complete and 0 interrupted iterations
gradual_ramp   [  68% ] 80/80 VUs  08m08.9s/12m00.0s

running (08m09.9s), 80/80 VUs, 20601 complete and 0 interrupted iterations
gradual_ramp   [  68% ] 80/80 VUs  08m09.9s/12m00.0s

running (08m10.9s), 80/80 VUs, 20662 complete and 0 interrupted iterations
gradual_ramp   [  68% ] 80/80 VUs  08m10.9s/12m00.0s

running (08m11.9s), 80/80 VUs, 20736 complete and 0 interrupted iterations
gradual_ramp   [  68% ] 80/80 VUs  08m11.9s/12m00.0s

running (08m12.9s), 80/80 VUs, 20801 complete and 0 interrupted iterations
gradual_ramp   [  68% ] 80/80 VUs  08m12.9s/12m00.0s

running (08m13.9s), 80/80 VUs, 20876 complete and 0 interrupted iterations
gradual_ramp   [  69% ] 80/80 VUs  08m13.9s/12m00.0s

running (08m14.9s), 80/80 VUs, 20938 complete and 0 interrupted iterations
gradual_ramp   [  69% ] 80/80 VUs  08m14.9s/12m00.0s

running (08m15.9s), 80/80 VUs, 21007 complete and 0 interrupted iterations
gradual_ramp   [  69% ] 80/80 VUs  08m15.9s/12m00.0s

running (08m16.9s), 80/80 VUs, 21080 complete and 0 interrupted iterations
gradual_ramp   [  69% ] 80/80 VUs  08m16.9s/12m00.0s

running (08m17.9s), 80/80 VUs, 21149 complete and 0 interrupted iterations
gradual_ramp   [  69% ] 80/80 VUs  08m17.9s/12m00.0s

running (08m18.9s), 80/80 VUs, 21218 complete and 0 interrupted iterations
gradual_ramp   [  69% ] 80/80 VUs  08m18.9s/12m00.0s

running (08m19.9s), 80/80 VUs, 21291 complete and 0 interrupted iterations
gradual_ramp   [  69% ] 80/80 VUs  08m19.9s/12m00.0s

running (08m20.9s), 80/80 VUs, 21360 complete and 0 interrupted iterations
gradual_ramp   [  70% ] 80/80 VUs  08m20.9s/12m00.0s

running (08m21.9s), 80/80 VUs, 21428 complete and 0 interrupted iterations
gradual_ramp   [  70% ] 80/80 VUs  08m21.9s/12m00.0s

running (08m22.9s), 80/80 VUs, 21491 complete and 0 interrupted iterations
gradual_ramp   [  70% ] 80/80 VUs  08m22.9s/12m00.0s

running (08m23.9s), 80/80 VUs, 21567 complete and 0 interrupted iterations
gradual_ramp   [  70% ] 80/80 VUs  08m23.9s/12m00.0s

running (08m24.9s), 80/80 VUs, 21632 complete and 0 interrupted iterations
gradual_ramp   [  70% ] 80/80 VUs  08m24.9s/12m00.0s

running (08m25.9s), 80/80 VUs, 21701 complete and 0 interrupted iterations
gradual_ramp   [  70% ] 80/80 VUs  08m25.9s/12m00.0s

running (08m26.9s), 80/80 VUs, 21775 complete and 0 interrupted iterations
gradual_ramp   [  70% ] 80/80 VUs  08m26.9s/12m00.0s

running (08m27.9s), 80/80 VUs, 21838 complete and 0 interrupted iterations
gradual_ramp   [  71% ] 80/80 VUs  08m27.9s/12m00.0s

running (08m28.9s), 80/80 VUs, 21918 complete and 0 interrupted iterations
gradual_ramp   [  71% ] 80/80 VUs  08m28.9s/12m00.0s

running (08m29.9s), 80/80 VUs, 21990 complete and 0 interrupted iterations
gradual_ramp   [  71% ] 80/80 VUs  08m29.9s/12m00.0s

running (08m30.9s), 80/80 VUs, 22053 complete and 0 interrupted iterations
gradual_ramp   [  71% ] 80/80 VUs  08m30.9s/12m00.0s

running (08m31.9s), 80/80 VUs, 22123 complete and 0 interrupted iterations
gradual_ramp   [  71% ] 80/80 VUs  08m31.9s/12m00.0s

running (08m32.9s), 80/80 VUs, 22190 complete and 0 interrupted iterations
gradual_ramp   [  71% ] 80/80 VUs  08m32.9s/12m00.0s

running (08m33.9s), 80/80 VUs, 22264 complete and 0 interrupted iterations
gradual_ramp   [  71% ] 80/80 VUs  08m33.9s/12m00.0s

running (08m34.9s), 80/80 VUs, 22323 complete and 0 interrupted iterations
gradual_ramp   [  72% ] 80/80 VUs  08m34.9s/12m00.0s

running (08m35.9s), 80/80 VUs, 22403 complete and 0 interrupted iterations
gradual_ramp   [  72% ] 80/80 VUs  08m35.9s/12m00.0s

running (08m36.9s), 80/80 VUs, 22468 complete and 0 interrupted iterations
gradual_ramp   [  72% ] 80/80 VUs  08m36.9s/12m00.0s

running (08m37.9s), 80/80 VUs, 22533 complete and 0 interrupted iterations
gradual_ramp   [  72% ] 80/80 VUs  08m37.9s/12m00.0s

running (08m38.9s), 80/80 VUs, 22601 complete and 0 interrupted iterations
gradual_ramp   [  72% ] 80/80 VUs  08m38.9s/12m00.0s

running (08m39.9s), 80/80 VUs, 22673 complete and 0 interrupted iterations
gradual_ramp   [  72% ] 80/80 VUs  08m39.9s/12m00.0s

running (08m40.9s), 80/80 VUs, 22741 complete and 0 interrupted iterations
gradual_ramp   [  72% ] 80/80 VUs  08m40.9s/12m00.0s

running (08m41.9s), 80/80 VUs, 22803 complete and 0 interrupted iterations
gradual_ramp   [  72% ] 80/80 VUs  08m41.9s/12m00.0s

running (08m42.9s), 80/80 VUs, 22881 complete and 0 interrupted iterations
gradual_ramp   [  73% ] 80/80 VUs  08m42.9s/12m00.0s

running (08m43.9s), 80/80 VUs, 22953 complete and 0 interrupted iterations
gradual_ramp   [  73% ] 80/80 VUs  08m43.9s/12m00.0s

running (08m44.9s), 80/80 VUs, 23012 complete and 0 interrupted iterations
gradual_ramp   [  73% ] 80/80 VUs  08m44.9s/12m00.0s

running (08m45.9s), 80/80 VUs, 23081 complete and 0 interrupted iterations
gradual_ramp   [  73% ] 80/80 VUs  08m45.9s/12m00.0s

running (08m46.9s), 80/80 VUs, 23158 complete and 0 interrupted iterations
gradual_ramp   [  73% ] 80/80 VUs  08m46.9s/12m00.0s

running (08m47.9s), 80/80 VUs, 23220 complete and 0 interrupted iterations
gradual_ramp   [  73% ] 80/80 VUs  08m47.9s/12m00.0s

running (08m48.9s), 80/80 VUs, 23292 complete and 0 interrupted iterations
gradual_ramp   [  73% ] 80/80 VUs  08m48.9s/12m00.0s

running (08m49.9s), 80/80 VUs, 23358 complete and 0 interrupted iterations
gradual_ramp   [  74% ] 80/80 VUs  08m49.9s/12m00.0s

running (08m50.9s), 80/80 VUs, 23428 complete and 0 interrupted iterations
gradual_ramp   [  74% ] 80/80 VUs  08m50.9s/12m00.0s

running (08m51.9s), 80/80 VUs, 23502 complete and 0 interrupted iterations
gradual_ramp   [  74% ] 80/80 VUs  08m51.9s/12m00.0s

running (08m52.9s), 80/80 VUs, 23570 complete and 0 interrupted iterations
gradual_ramp   [  74% ] 80/80 VUs  08m52.9s/12m00.0s

running (08m53.9s), 80/80 VUs, 23626 complete and 0 interrupted iterations
gradual_ramp   [  74% ] 80/80 VUs  08m53.9s/12m00.0s

running (08m54.9s), 80/80 VUs, 23701 complete and 0 interrupted iterations
gradual_ramp   [  74% ] 80/80 VUs  08m54.9s/12m00.0s

running (08m55.9s), 80/80 VUs, 23770 complete and 0 interrupted iterations
gradual_ramp   [  74% ] 80/80 VUs  08m55.9s/12m00.0s

running (08m56.9s), 80/80 VUs, 23828 complete and 0 interrupted iterations
gradual_ramp   [  75% ] 80/80 VUs  08m56.9s/12m00.0s

running (08m57.9s), 80/80 VUs, 23898 complete and 0 interrupted iterations
gradual_ramp   [  75% ] 80/80 VUs  08m57.9s/12m00.0s

running (08m58.9s), 80/80 VUs, 23971 complete and 0 interrupted iterations
gradual_ramp   [  75% ] 80/80 VUs  08m58.9s/12m00.0s

running (08m59.9s), 80/80 VUs, 24041 complete and 0 interrupted iterations
gradual_ramp   [  75% ] 80/80 VUs  08m59.9s/12m00.0s

running (09m00.9s), 80/80 VUs, 24115 complete and 0 interrupted iterations
gradual_ramp   [  75% ] 80/80 VUs  09m00.9s/12m00.0s

running (09m01.9s), 80/80 VUs, 24184 complete and 0 interrupted iterations
gradual_ramp   [  75% ] 80/80 VUs  09m01.9s/12m00.0s

running (09m02.9s), 79/80 VUs, 24252 complete and 0 interrupted iterations
gradual_ramp   [  75% ] 79/80 VUs  09m02.9s/12m00.0s

running (09m03.9s), 79/80 VUs, 24317 complete and 0 interrupted iterations
gradual_ramp   [  76% ] 79/80 VUs  09m03.9s/12m00.0s

running (09m04.9s), 78/80 VUs, 24389 complete and 0 interrupted iterations
gradual_ramp   [  76% ] 78/80 VUs  09m04.9s/12m00.0s

running (09m05.9s), 78/80 VUs, 24457 complete and 0 interrupted iterations
gradual_ramp   [  76% ] 78/80 VUs  09m05.9s/12m00.0s

running (09m06.9s), 78/80 VUs, 24522 complete and 0 interrupted iterations
gradual_ramp   [  76% ] 78/80 VUs  09m06.9s/12m00.0s

running (09m07.9s), 77/80 VUs, 24590 complete and 0 interrupted iterations
gradual_ramp   [  76% ] 77/80 VUs  09m07.9s/12m00.0s

running (09m08.9s), 77/80 VUs, 24661 complete and 0 interrupted iterations
gradual_ramp   [  76% ] 77/80 VUs  09m08.9s/12m00.0s

running (09m09.9s), 76/80 VUs, 24726 complete and 0 interrupted iterations
gradual_ramp   [  76% ] 76/80 VUs  09m09.9s/12m00.0s

running (09m10.9s), 76/80 VUs, 24792 complete and 0 interrupted iterations
gradual_ramp   [  77% ] 76/80 VUs  09m10.9s/12m00.0s

running (09m11.9s), 75/80 VUs, 24857 complete and 0 interrupted iterations
gradual_ramp   [  77% ] 75/80 VUs  09m11.9s/12m00.0s

running (09m12.9s), 75/80 VUs, 24926 complete and 0 interrupted iterations
gradual_ramp   [  77% ] 75/80 VUs  09m12.9s/12m00.0s

running (09m13.9s), 75/80 VUs, 24990 complete and 0 interrupted iterations
gradual_ramp   [  77% ] 75/80 VUs  09m13.9s/12m00.0s

running (09m14.9s), 74/80 VUs, 25061 complete and 0 interrupted iterations
gradual_ramp   [  77% ] 74/80 VUs  09m14.9s/12m00.0s

running (09m15.9s), 74/80 VUs, 25127 complete and 0 interrupted iterations
gradual_ramp   [  77% ] 74/80 VUs  09m15.9s/12m00.0s

running (09m16.9s), 73/80 VUs, 25182 complete and 0 interrupted iterations
gradual_ramp   [  77% ] 73/80 VUs  09m16.9s/12m00.0s

running (09m17.9s), 73/80 VUs, 25260 complete and 0 interrupted iterations
gradual_ramp   [  77% ] 73/80 VUs  09m17.9s/12m00.0s

running (09m18.9s), 72/80 VUs, 25326 complete and 0 interrupted iterations
gradual_ramp   [  78% ] 72/80 VUs  09m18.9s/12m00.0s

running (09m19.9s), 72/80 VUs, 25384 complete and 0 interrupted iterations
gradual_ramp   [  78% ] 72/80 VUs  09m19.9s/12m00.0s

running (09m20.9s), 71/80 VUs, 25451 complete and 0 interrupted iterations
gradual_ramp   [  78% ] 71/80 VUs  09m20.9s/12m00.0s

running (09m21.9s), 71/80 VUs, 25519 complete and 0 interrupted iterations
gradual_ramp   [  78% ] 71/80 VUs  09m21.9s/12m00.0s

running (09m22.9s), 71/80 VUs, 25578 complete and 0 interrupted iterations
gradual_ramp   [  78% ] 71/80 VUs  09m22.9s/12m00.0s

running (09m23.9s), 70/80 VUs, 25646 complete and 0 interrupted iterations
gradual_ramp   [  78% ] 70/80 VUs  09m23.9s/12m00.0s

running (09m24.9s), 70/80 VUs, 25709 complete and 0 interrupted iterations
gradual_ramp   [  78% ] 70/80 VUs  09m24.9s/12m00.0s

running (09m25.9s), 69/80 VUs, 25773 complete and 0 interrupted iterations
gradual_ramp   [  79% ] 69/80 VUs  09m25.9s/12m00.0s

running (09m26.9s), 69/80 VUs, 25834 complete and 0 interrupted iterations
gradual_ramp   [  79% ] 69/80 VUs  09m26.9s/12m00.0s

running (09m27.9s), 68/80 VUs, 25900 complete and 0 interrupted iterations
gradual_ramp   [  79% ] 68/80 VUs  09m27.9s/12m00.0s

running (09m28.9s), 68/80 VUs, 25958 complete and 0 interrupted iterations
gradual_ramp   [  79% ] 68/80 VUs  09m28.9s/12m00.0s

running (09m29.9s), 67/80 VUs, 26026 complete and 0 interrupted iterations
gradual_ramp   [  79% ] 67/80 VUs  09m29.9s/12m00.0s

running (09m30.9s), 67/80 VUs, 26081 complete and 0 interrupted iterations
gradual_ramp   [  79% ] 67/80 VUs  09m30.9s/12m00.0s

running (09m31.9s), 67/80 VUs, 26142 complete and 0 interrupted iterations
gradual_ramp   [  79% ] 67/80 VUs  09m31.9s/12m00.0s

running (09m32.9s), 66/80 VUs, 26198 complete and 0 interrupted iterations
gradual_ramp   [  80% ] 66/80 VUs  09m32.9s/12m00.0s

running (09m33.9s), 66/80 VUs, 26262 complete and 0 interrupted iterations
gradual_ramp   [  80% ] 66/80 VUs  09m33.9s/12m00.0s

running (09m34.9s), 65/80 VUs, 26319 complete and 0 interrupted iterations
gradual_ramp   [  80% ] 65/80 VUs  09m34.9s/12m00.0s

running (09m35.9s), 65/80 VUs, 26378 complete and 0 interrupted iterations
gradual_ramp   [  80% ] 65/80 VUs  09m35.9s/12m00.0s

running (09m36.9s), 64/80 VUs, 26432 complete and 0 interrupted iterations
gradual_ramp   [  80% ] 64/80 VUs  09m36.9s/12m00.0s

running (09m37.9s), 64/80 VUs, 26491 complete and 0 interrupted iterations
gradual_ramp   [  80% ] 64/80 VUs  09m37.9s/12m00.0s

running (09m38.9s), 63/80 VUs, 26548 complete and 0 interrupted iterations
gradual_ramp   [  80% ] 63/80 VUs  09m38.9s/12m00.0s

running (09m39.9s), 63/80 VUs, 26603 complete and 0 interrupted iterations
gradual_ramp   [  81% ] 63/80 VUs  09m39.9s/12m00.0s

running (09m40.9s), 63/80 VUs, 26662 complete and 0 interrupted iterations
gradual_ramp   [  81% ] 63/80 VUs  09m40.9s/12m00.0s

running (09m41.9s), 62/80 VUs, 26721 complete and 0 interrupted iterations
gradual_ramp   [  81% ] 62/80 VUs  09m41.9s/12m00.0s

running (09m42.9s), 61/80 VUs, 26771 complete and 0 interrupted iterations
gradual_ramp   [  81% ] 61/80 VUs  09m42.9s/12m00.0s

running (09m43.9s), 61/80 VUs, 26828 complete and 0 interrupted iterations
gradual_ramp   [  81% ] 61/80 VUs  09m43.9s/12m00.0s

running (09m44.9s), 61/80 VUs, 26882 complete and 0 interrupted iterations
gradual_ramp   [  81% ] 61/80 VUs  09m44.9s/12m00.0s

running (09m45.9s), 60/80 VUs, 26935 complete and 0 interrupted iterations
gradual_ramp   [  81% ] 60/80 VUs  09m45.9s/12m00.0s

running (09m46.9s), 60/80 VUs, 26987 complete and 0 interrupted iterations
gradual_ramp   [  82% ] 60/80 VUs  09m46.9s/12m00.0s

running (09m47.9s), 60/80 VUs, 27035 complete and 0 interrupted iterations
gradual_ramp   [  82% ] 60/80 VUs  09m47.9s/12m00.0s

running (09m48.9s), 59/80 VUs, 27093 complete and 0 interrupted iterations
gradual_ramp   [  82% ] 59/80 VUs  09m48.9s/12m00.0s

running (09m49.9s), 59/80 VUs, 27143 complete and 0 interrupted iterations
gradual_ramp   [  82% ] 59/80 VUs  09m49.9s/12m00.0s

running (09m50.9s), 58/80 VUs, 27196 complete and 0 interrupted iterations
gradual_ramp   [  82% ] 58/80 VUs  09m50.9s/12m00.0s

running (09m51.9s), 57/80 VUs, 27253 complete and 0 interrupted iterations
gradual_ramp   [  82% ] 57/80 VUs  09m51.9s/12m00.0s

running (09m52.9s), 57/80 VUs, 27298 complete and 0 interrupted iterations
gradual_ramp   [  82% ] 57/80 VUs  09m52.9s/12m00.0s

running (09m53.9s), 57/80 VUs, 27357 complete and 0 interrupted iterations
gradual_ramp   [  82% ] 57/80 VUs  09m53.9s/12m00.0s

running (09m54.9s), 56/80 VUs, 27413 complete and 0 interrupted iterations
gradual_ramp   [  83% ] 56/80 VUs  09m54.9s/12m00.0s

running (09m55.9s), 56/80 VUs, 27459 complete and 0 interrupted iterations
gradual_ramp   [  83% ] 56/80 VUs  09m55.9s/12m00.0s

running (09m56.9s), 55/80 VUs, 27518 complete and 0 interrupted iterations
gradual_ramp   [  83% ] 55/80 VUs  09m56.9s/12m00.0s

running (09m57.9s), 55/80 VUs, 27571 complete and 0 interrupted iterations
gradual_ramp   [  83% ] 55/80 VUs  09m57.9s/12m00.0s

running (09m58.9s), 54/80 VUs, 27621 complete and 0 interrupted iterations
gradual_ramp   [  83% ] 54/80 VUs  09m58.9s/12m00.0s

running (09m59.9s), 54/80 VUs, 27675 complete and 0 interrupted iterations
gradual_ramp   [  83% ] 54/80 VUs  09m59.9s/12m00.0s

running (10m00.9s), 54/80 VUs, 27719 complete and 0 interrupted iterations
gradual_ramp   [  83% ] 54/80 VUs  10m00.9s/12m00.0s

running (10m01.9s), 53/80 VUs, 27771 complete and 0 interrupted iterations
gradual_ramp   [  84% ] 53/80 VUs  10m01.9s/12m00.0s

running (10m02.9s), 53/80 VUs, 27824 complete and 0 interrupted iterations
gradual_ramp   [  84% ] 53/80 VUs  10m02.9s/12m00.0s

running (10m03.9s), 52/80 VUs, 27870 complete and 0 interrupted iterations
gradual_ramp   [  84% ] 52/80 VUs  10m03.9s/12m00.0s

running (10m04.9s), 52/80 VUs, 27921 complete and 0 interrupted iterations
gradual_ramp   [  84% ] 52/80 VUs  10m04.9s/12m00.0s

running (10m05.9s), 52/80 VUs, 27973 complete and 0 interrupted iterations
gradual_ramp   [  84% ] 52/80 VUs  10m05.9s/12m00.0s

running (10m06.9s), 51/80 VUs, 28023 complete and 0 interrupted iterations
gradual_ramp   [  84% ] 51/80 VUs  10m06.9s/12m00.0s

running (10m07.9s), 51/80 VUs, 28076 complete and 0 interrupted iterations
gradual_ramp   [  84% ] 51/80 VUs  10m07.9s/12m00.0s

running (10m08.9s), 50/80 VUs, 28127 complete and 0 interrupted iterations
gradual_ramp   [  85% ] 50/80 VUs  10m08.9s/12m00.0s

running (10m09.9s), 50/80 VUs, 28179 complete and 0 interrupted iterations
gradual_ramp   [  85% ] 50/80 VUs  10m09.9s/12m00.0s

running (10m10.9s), 49/80 VUs, 28230 complete and 0 interrupted iterations
gradual_ramp   [  85% ] 49/80 VUs  10m10.9s/12m00.0s

running (10m11.9s), 49/80 VUs, 28280 complete and 0 interrupted iterations
gradual_ramp   [  85% ] 49/80 VUs  10m11.9s/12m00.0s

running (10m12.9s), 48/80 VUs, 28329 complete and 0 interrupted iterations
gradual_ramp   [  85% ] 48/80 VUs  10m12.9s/12m00.0s

running (10m13.9s), 48/80 VUs, 28381 complete and 0 interrupted iterations
gradual_ramp   [  85% ] 48/80 VUs  10m13.9s/12m00.0s

running (10m14.9s), 48/80 VUs, 28428 complete and 0 interrupted iterations
gradual_ramp   [  85% ] 48/80 VUs  10m14.9s/12m00.0s

running (10m15.9s), 47/80 VUs, 28483 complete and 0 interrupted iterations
gradual_ramp   [  86% ] 47/80 VUs  10m15.9s/12m00.0s

running (10m16.9s), 46/80 VUs, 28532 complete and 0 interrupted iterations
gradual_ramp   [  86% ] 46/80 VUs  10m16.9s/12m00.0s

running (10m17.9s), 46/80 VUs, 28584 complete and 0 interrupted iterations
gradual_ramp   [  86% ] 46/80 VUs  10m17.9s/12m00.0s

running (10m18.9s), 45/80 VUs, 28632 complete and 0 interrupted iterations
gradual_ramp   [  86% ] 45/80 VUs  10m18.9s/12m00.0s

running (10m19.9s), 45/80 VUs, 28681 complete and 0 interrupted iterations
gradual_ramp   [  86% ] 45/80 VUs  10m19.9s/12m00.0s

running (10m20.9s), 45/80 VUs, 28735 complete and 0 interrupted iterations
gradual_ramp   [  86% ] 45/80 VUs  10m20.9s/12m00.0s

running (10m21.9s), 44/80 VUs, 28786 complete and 0 interrupted iterations
gradual_ramp   [  86% ] 44/80 VUs  10m21.9s/12m00.0s

running (10m22.9s), 44/80 VUs, 28834 complete and 0 interrupted iterations
gradual_ramp   [  87% ] 44/80 VUs  10m22.9s/12m00.0s

running (10m23.9s), 43/80 VUs, 28882 complete and 0 interrupted iterations
gradual_ramp   [  87% ] 43/80 VUs  10m23.9s/12m00.0s

running (10m24.9s), 43/80 VUs, 28933 complete and 0 interrupted iterations
gradual_ramp   [  87% ] 43/80 VUs  10m24.9s/12m00.0s

running (10m25.9s), 43/80 VUs, 28985 complete and 0 interrupted iterations
gradual_ramp   [  87% ] 43/80 VUs  10m25.9s/12m00.0s

running (10m26.9s), 42/80 VUs, 29034 complete and 0 interrupted iterations
gradual_ramp   [  87% ] 42/80 VUs  10m26.9s/12m00.0s

running (10m27.9s), 41/80 VUs, 29084 complete and 0 interrupted iterations
gradual_ramp   [  87% ] 41/80 VUs  10m27.9s/12m00.0s

running (10m28.9s), 41/80 VUs, 29136 complete and 0 interrupted iterations
gradual_ramp   [  87% ] 41/80 VUs  10m28.9s/12m00.0s

running (10m29.9s), 41/80 VUs, 29186 complete and 0 interrupted iterations
gradual_ramp   [  87% ] 41/80 VUs  10m29.9s/12m00.0s

running (10m30.9s), 40/80 VUs, 29241 complete and 0 interrupted iterations
gradual_ramp   [  88% ] 40/80 VUs  10m30.9s/12m00.0s

running (10m31.9s), 40/80 VUs, 29293 complete and 0 interrupted iterations
gradual_ramp   [  88% ] 40/80 VUs  10m31.9s/12m00.0s

running (10m32.9s), 40/80 VUs, 29345 complete and 0 interrupted iterations
gradual_ramp   [  88% ] 40/80 VUs  10m32.9s/12m00.0s

running (10m33.9s), 39/80 VUs, 29394 complete and 0 interrupted iterations
gradual_ramp   [  88% ] 39/80 VUs  10m33.9s/12m00.0s

running (10m34.9s), 38/80 VUs, 29447 complete and 0 interrupted iterations
gradual_ramp   [  88% ] 38/80 VUs  10m34.9s/12m00.0s

running (10m35.9s), 38/80 VUs, 29496 complete and 0 interrupted iterations
gradual_ramp   [  88% ] 38/80 VUs  10m35.9s/12m00.0s

running (10m36.9s), 38/80 VUs, 29550 complete and 0 interrupted iterations
gradual_ramp   [  88% ] 38/80 VUs  10m36.9s/12m00.0s

running (10m37.9s), 37/80 VUs, 29601 complete and 0 interrupted iterations
gradual_ramp   [  89% ] 37/80 VUs  10m37.9s/12m00.0s

running (10m38.9s), 37/80 VUs, 29655 complete and 0 interrupted iterations
gradual_ramp   [  89% ] 37/80 VUs  10m38.9s/12m00.0s

running (10m39.9s), 36/80 VUs, 29705 complete and 0 interrupted iterations
gradual_ramp   [  89% ] 36/80 VUs  10m39.9s/12m00.0s

running (10m40.9s), 36/80 VUs, 29750 complete and 0 interrupted iterations
gradual_ramp   [  89% ] 36/80 VUs  10m40.9s/12m00.0s

running (10m41.9s), 35/80 VUs, 29800 complete and 0 interrupted iterations
gradual_ramp   [  89% ] 35/80 VUs  10m41.9s/12m00.0s

running (10m42.9s), 35/80 VUs, 29850 complete and 0 interrupted iterations
gradual_ramp   [  89% ] 35/80 VUs  10m42.9s/12m00.0s

running (10m43.9s), 35/80 VUs, 29902 complete and 0 interrupted iterations
gradual_ramp   [  89% ] 35/80 VUs  10m43.9s/12m00.0s

running (10m44.9s), 34/80 VUs, 29951 complete and 0 interrupted iterations
gradual_ramp   [  90% ] 34/80 VUs  10m44.9s/12m00.0s

running (10m45.9s), 34/80 VUs, 29997 complete and 0 interrupted iterations
gradual_ramp   [  90% ] 34/80 VUs  10m45.9s/12m00.0s

running (10m46.9s), 33/80 VUs, 30045 complete and 0 interrupted iterations
gradual_ramp   [  90% ] 33/80 VUs  10m46.9s/12m00.0s

running (10m47.9s), 33/80 VUs, 30093 complete and 0 interrupted iterations
gradual_ramp   [  90% ] 33/80 VUs  10m47.9s/12m00.0s

running (10m48.9s), 32/80 VUs, 30139 complete and 0 interrupted iterations
gradual_ramp   [  90% ] 32/80 VUs  10m48.9s/12m00.0s

running (10m49.9s), 32/80 VUs, 30182 complete and 0 interrupted iterations
gradual_ramp   [  90% ] 32/80 VUs  10m49.9s/12m00.0s

running (10m50.9s), 31/80 VUs, 30229 complete and 0 interrupted iterations
gradual_ramp   [  90% ] 31/80 VUs  10m50.9s/12m00.0s

running (10m51.9s), 31/80 VUs, 30270 complete and 0 interrupted iterations
gradual_ramp   [  91% ] 31/80 VUs  10m51.9s/12m00.0s

running (10m52.9s), 31/80 VUs, 30317 complete and 0 interrupted iterations
gradual_ramp   [  91% ] 31/80 VUs  10m52.9s/12m00.0s

running (10m53.9s), 30/80 VUs, 30363 complete and 0 interrupted iterations
gradual_ramp   [  91% ] 30/80 VUs  10m53.9s/12m00.0s

running (10m54.9s), 30/80 VUs, 30404 complete and 0 interrupted iterations
gradual_ramp   [  91% ] 30/80 VUs  10m54.9s/12m00.0s

running (10m55.9s), 29/80 VUs, 30443 complete and 0 interrupted iterations
gradual_ramp   [  91% ] 29/80 VUs  10m55.9s/12m00.0s

running (10m56.9s), 29/80 VUs, 30485 complete and 0 interrupted iterations
gradual_ramp   [  91% ] 29/80 VUs  10m56.9s/12m00.0s

running (10m57.9s), 28/80 VUs, 30529 complete and 0 interrupted iterations
gradual_ramp   [  91% ] 28/80 VUs  10m57.9s/12m00.0s

running (10m58.9s), 28/80 VUs, 30566 complete and 0 interrupted iterations
gradual_ramp   [  92% ] 28/80 VUs  10m58.9s/12m00.0s

running (10m59.9s), 27/80 VUs, 30604 complete and 0 interrupted iterations
gradual_ramp   [  92% ] 27/80 VUs  10m59.9s/12m00.0s

running (11m00.9s), 27/80 VUs, 30642 complete and 0 interrupted iterations
gradual_ramp   [  92% ] 27/80 VUs  11m00.9s/12m00.0s

running (11m01.9s), 26/80 VUs, 30682 complete and 0 interrupted iterations
gradual_ramp   [  92% ] 26/80 VUs  11m01.9s/12m00.0s

running (11m02.9s), 26/80 VUs, 30717 complete and 0 interrupted iterations
gradual_ramp   [  92% ] 26/80 VUs  11m02.9s/12m00.0s

running (11m03.9s), 26/80 VUs, 30752 complete and 0 interrupted iterations
gradual_ramp   [  92% ] 26/80 VUs  11m03.9s/12m00.0s

running (11m04.9s), 25/80 VUs, 30791 complete and 0 interrupted iterations
gradual_ramp   [  92% ] 25/80 VUs  11m04.9s/12m00.0s

running (11m05.9s), 25/80 VUs, 30826 complete and 0 interrupted iterations
gradual_ramp   [  92% ] 25/80 VUs  11m05.9s/12m00.0s

running (11m06.9s), 24/80 VUs, 30860 complete and 0 interrupted iterations
gradual_ramp   [  93% ] 24/80 VUs  11m06.9s/12m00.0s

running (11m07.9s), 24/80 VUs, 30895 complete and 0 interrupted iterations
gradual_ramp   [  93% ] 24/80 VUs  11m07.9s/12m00.0s

running (11m08.9s), 23/80 VUs, 30925 complete and 0 interrupted iterations
gradual_ramp   [  93% ] 23/80 VUs  11m08.9s/12m00.0s

running (11m09.9s), 23/80 VUs, 30960 complete and 0 interrupted iterations
gradual_ramp   [  93% ] 23/80 VUs  11m09.9s/12m00.0s

running (11m10.9s), 22/80 VUs, 30991 complete and 0 interrupted iterations
gradual_ramp   [  93% ] 22/80 VUs  11m10.9s/12m00.0s

running (11m11.9s), 22/80 VUs, 31022 complete and 0 interrupted iterations
gradual_ramp   [  93% ] 22/80 VUs  11m11.9s/12m00.0s

running (11m12.9s), 21/80 VUs, 31051 complete and 0 interrupted iterations
gradual_ramp   [  93% ] 21/80 VUs  11m12.9s/12m00.0s

running (11m13.9s), 21/80 VUs, 31082 complete and 0 interrupted iterations
gradual_ramp   [  94% ] 21/80 VUs  11m13.9s/12m00.0s

running (11m14.9s), 21/80 VUs, 31110 complete and 0 interrupted iterations
gradual_ramp   [  94% ] 21/80 VUs  11m14.9s/12m00.0s

running (11m15.9s), 20/80 VUs, 31143 complete and 0 interrupted iterations
gradual_ramp   [  94% ] 20/80 VUs  11m15.9s/12m00.0s

running (11m16.9s), 20/80 VUs, 31168 complete and 0 interrupted iterations
gradual_ramp   [  94% ] 20/80 VUs  11m16.9s/12m00.0s

running (11m17.9s), 20/80 VUs, 31198 complete and 0 interrupted iterations
gradual_ramp   [  94% ] 20/80 VUs  11m17.9s/12m00.0s

running (11m18.9s), 19/80 VUs, 31225 complete and 0 interrupted iterations
gradual_ramp   [  94% ] 19/80 VUs  11m18.9s/12m00.0s

running (11m19.9s), 19/80 VUs, 31253 complete and 0 interrupted iterations
gradual_ramp   [  94% ] 19/80 VUs  11m19.9s/12m00.0s

running (11m20.9s), 18/80 VUs, 31277 complete and 0 interrupted iterations
gradual_ramp   [  95% ] 18/80 VUs  11m20.9s/12m00.0s

running (11m21.9s), 18/80 VUs, 31300 complete and 0 interrupted iterations
gradual_ramp   [  95% ] 18/80 VUs  11m21.9s/12m00.0s

running (11m22.9s), 17/80 VUs, 31326 complete and 0 interrupted iterations
gradual_ramp   [  95% ] 17/80 VUs  11m22.9s/12m00.0s

running (11m23.9s), 17/80 VUs, 31347 complete and 0 interrupted iterations
gradual_ramp   [  95% ] 17/80 VUs  11m23.9s/12m00.0s

running (11m24.9s), 16/80 VUs, 31373 complete and 0 interrupted iterations
gradual_ramp   [  95% ] 16/80 VUs  11m24.9s/12m00.0s

running (11m25.9s), 16/80 VUs, 31394 complete and 0 interrupted iterations
gradual_ramp   [  95% ] 16/80 VUs  11m25.9s/12m00.0s

running (11m26.9s), 15/80 VUs, 31417 complete and 0 interrupted iterations
gradual_ramp   [  95% ] 15/80 VUs  11m26.9s/12m00.0s

running (11m27.9s), 15/80 VUs, 31437 complete and 0 interrupted iterations
gradual_ramp   [  96% ] 15/80 VUs  11m27.9s/12m00.0s

running (11m28.9s), 14/80 VUs, 31463 complete and 0 interrupted iterations
gradual_ramp   [  96% ] 14/80 VUs  11m28.9s/12m00.0s

running (11m29.9s), 14/80 VUs, 31481 complete and 0 interrupted iterations
gradual_ramp   [  96% ] 14/80 VUs  11m29.9s/12m00.0s

running (11m30.9s), 14/80 VUs, 31502 complete and 0 interrupted iterations
gradual_ramp   [  96% ] 14/80 VUs  11m30.9s/12m00.0s

running (11m31.9s), 13/80 VUs, 31520 complete and 0 interrupted iterations
gradual_ramp   [  96% ] 13/80 VUs  11m31.9s/12m00.0s

running (11m32.9s), 13/80 VUs, 31539 complete and 0 interrupted iterations
gradual_ramp   [  96% ] 13/80 VUs  11m32.9s/12m00.0s

running (11m33.9s), 12/80 VUs, 31557 complete and 0 interrupted iterations
gradual_ramp   [  96% ] 12/80 VUs  11m33.9s/12m00.0s

running (11m34.9s), 12/80 VUs, 31573 complete and 0 interrupted iterations
gradual_ramp   [  97% ] 12/80 VUs  11m34.9s/12m00.0s

running (11m35.9s), 11/80 VUs, 31591 complete and 0 interrupted iterations
gradual_ramp   [  97% ] 11/80 VUs  11m35.9s/12m00.0s

running (11m36.9s), 11/80 VUs, 31606 complete and 0 interrupted iterations
gradual_ramp   [  97% ] 11/80 VUs  11m36.9s/12m00.0s

running (11m37.9s), 10/80 VUs, 31621 complete and 0 interrupted iterations
gradual_ramp   [  97% ] 10/80 VUs  11m37.9s/12m00.0s

running (11m38.9s), 10/80 VUs, 31636 complete and 0 interrupted iterations
gradual_ramp   [  97% ] 10/80 VUs  11m38.9s/12m00.0s

running (11m39.9s), 09/80 VUs, 31651 complete and 0 interrupted iterations
gradual_ramp   [  97% ] 09/80 VUs  11m39.9s/12m00.0s

running (11m40.9s), 09/80 VUs, 31662 complete and 0 interrupted iterations
gradual_ramp   [  97% ] 09/80 VUs  11m40.9s/12m00.0s

running (11m41.9s), 09/80 VUs, 31675 complete and 0 interrupted iterations
gradual_ramp   [  97% ] 09/80 VUs  11m41.9s/12m00.0s

running (11m42.9s), 08/80 VUs, 31687 complete and 0 interrupted iterations
gradual_ramp   [  98% ] 08/80 VUs  11m42.9s/12m00.0s

running (11m43.9s), 08/80 VUs, 31697 complete and 0 interrupted iterations
gradual_ramp   [  98% ] 08/80 VUs  11m43.9s/12m00.0s

running (11m44.9s), 08/80 VUs, 31709 complete and 0 interrupted iterations
gradual_ramp   [  98% ] 08/80 VUs  11m44.9s/12m00.0s

running (11m45.9s), 07/80 VUs, 31719 complete and 0 interrupted iterations
gradual_ramp   [  98% ] 07/80 VUs  11m45.9s/12m00.0s

running (11m46.9s), 06/80 VUs, 31731 complete and 0 interrupted iterations
gradual_ramp   [  98% ] 06/80 VUs  11m46.9s/12m00.0s

running (11m47.9s), 06/80 VUs, 31740 complete and 0 interrupted iterations
gradual_ramp   [  98% ] 06/80 VUs  11m47.9s/12m00.0s

running (11m48.9s), 06/80 VUs, 31748 complete and 0 interrupted iterations
gradual_ramp   [  98% ] 06/80 VUs  11m48.9s/12m00.0s

running (11m49.9s), 05/80 VUs, 31756 complete and 0 interrupted iterations
gradual_ramp   [  99% ] 05/80 VUs  11m49.9s/12m00.0s

running (11m50.9s), 05/80 VUs, 31764 complete and 0 interrupted iterations
gradual_ramp   [  99% ] 05/80 VUs  11m50.9s/12m00.0s

running (11m51.9s), 04/80 VUs, 31770 complete and 0 interrupted iterations
gradual_ramp   [  99% ] 04/80 VUs  11m51.9s/12m00.0s

running (11m52.9s), 04/80 VUs, 31776 complete and 0 interrupted iterations
gradual_ramp   [  99% ] 04/80 VUs  11m52.9s/12m00.0s

running (11m53.9s), 03/80 VUs, 31781 complete and 0 interrupted iterations
gradual_ramp   [  99% ] 03/80 VUs  11m53.9s/12m00.0s

running (11m54.9s), 03/80 VUs, 31786 complete and 0 interrupted iterations
gradual_ramp   [  99% ] 03/80 VUs  11m54.9s/12m00.0s

running (11m55.9s), 02/80 VUs, 31790 complete and 0 interrupted iterations
gradual_ramp   [  99% ] 02/80 VUs  11m55.9s/12m00.0s

running (11m56.9s), 02/80 VUs, 31792 complete and 0 interrupted iterations
gradual_ramp   [ 100% ] 02/80 VUs  11m56.9s/12m00.0s

running (11m57.9s), 02/80 VUs, 31795 complete and 0 interrupted iterations
gradual_ramp   [ 100% ] 02/80 VUs  11m57.9s/12m00.0s

running (11m58.9s), 01/80 VUs, 31798 complete and 0 interrupted iterations
gradual_ramp   [ 100% ] 01/80 VUs  11m58.9s/12m00.0s

running (11m59.9s), 01/80 VUs, 31799 complete and 0 interrupted iterations
gradual_ramp   [ 100% ] 01/80 VUs  11m59.9s/12m00.0s

     ✓ status is 200
     ✓ returns quotes
     ✗ response time <2000ms
      ↳  99% — ✓ 31777 / ✗ 23

     checks.........................: 99.97% ✓ 95377     ✗ 23   
     data_received..................: 23 MB  32 kB/s
     data_sent......................: 14 MB  20 kB/s
     http_req_blocked...............: avg=9.88µs   min=1µs      med=2.33µs   max=17.04ms  p(90)=3.33µs  p(95)=3.84µs 
     http_req_connecting............: avg=2.84µs   min=0s       med=0s       max=14.08ms  p(90)=0s      p(95)=0s     
   ✓ http_req_duration..............: avg=989.35ms min=468.6ms  med=883.96ms max=2.16s    p(90)=1.57s   p(95)=1.68s  
       { expected_response:true }...: avg=989.35ms min=468.6ms  med=883.96ms max=2.16s    p(90)=1.57s   p(95)=1.68s  
   ✓ http_req_failed................: 0.00%  ✓ 0         ✗ 31800
     http_req_receiving.............: avg=4.83ms   min=17.54µs  med=163.22µs max=100.97ms p(90)=9.37ms  p(95)=27.17ms
     http_req_sending...............: avg=19.73µs  min=7.5µs    med=18.51µs  max=407.5µs  p(90)=28.59µs p(95)=31.25µs
     http_req_tls_handshaking.......: avg=0s       min=0s       med=0s       max=0s       p(90)=0s      p(95)=0s     
     http_req_waiting...............: avg=984.5ms  min=468.48ms med=883.6ms  max=2.11s    p(90)=1.53s   p(95)=1.66s  
     http_reqs......................: 31800  44.154902/s
     iteration_duration.............: avg=989.62ms min=468.76ms med=884.23ms max=2.17s    p(90)=1.57s   p(95)=1.68s  
     iterations.....................: 31800  44.154902/s
     vus............................: 1      min=1       max=80 
     vus_max........................: 80     min=80      max=80 


running (12m00.2s), 00/80 VUs, 31800 complete and 0 interrupted iterations
gradual_ramp ✓ [ 100% ] 00/80 VUs  12m0s
