
          /\      |‾‾| /‾‾/   /‾‾/   
     /\  /  \     |  |/  /   /  /    
    /  \/    \    |     (   /   ‾‾\  
   /          \   |  |\  \ |  (‾)  | 
  / __________ \  |__| \__\ \_____/ .io

  execution: local
     script: /scripts/load-test.js
     output: json (/results/results.json)

  scenarios: (100.00%) 1 scenario, 80 max VUs, 12m30s max duration (incl. graceful stop):
           * sudden_spike: Up to 80 looping VUs for 12m0s over 4 stages (gracefulRampDown: 30s, gracefulStop: 30s)


running (00m01.0s), 10/80 VUs, 9 complete and 0 interrupted iterations
sudden_spike   [   0% ] 10/80 VUs  00m01.0s/12m00.0s

running (00m02.0s), 10/80 VUs, 24 complete and 0 interrupted iterations
sudden_spike   [   0% ] 10/80 VUs  00m02.0s/12m00.0s

running (00m03.0s), 10/80 VUs, 37 complete and 0 interrupted iterations
sudden_spike   [   0% ] 10/80 VUs  00m03.0s/12m00.0s

running (00m04.0s), 10/80 VUs, 49 complete and 0 interrupted iterations
sudden_spike   [   1% ] 10/80 VUs  00m04.0s/12m00.0s

running (00m05.0s), 10/80 VUs, 66 complete and 0 interrupted iterations
sudden_spike   [   1% ] 10/80 VUs  00m05.0s/12m00.0s

running (00m06.0s), 10/80 VUs, 80 complete and 0 interrupted iterations
sudden_spike   [   1% ] 10/80 VUs  00m06.0s/12m00.0s

running (00m07.0s), 10/80 VUs, 95 complete and 0 interrupted iterations
sudden_spike   [   1% ] 10/80 VUs  00m07.0s/12m00.0s

running (00m08.0s), 10/80 VUs, 107 complete and 0 interrupted iterations
sudden_spike   [   1% ] 10/80 VUs  00m08.0s/12m00.0s

running (00m09.0s), 10/80 VUs, 121 complete and 0 interrupted iterations
sudden_spike   [   1% ] 10/80 VUs  00m09.0s/12m00.0s

running (00m10.0s), 10/80 VUs, 138 complete and 0 interrupted iterations
sudden_spike   [   1% ] 10/80 VUs  00m10.0s/12m00.0s

running (00m11.0s), 10/80 VUs, 150 complete and 0 interrupted iterations
sudden_spike   [   2% ] 10/80 VUs  00m11.0s/12m00.0s

running (00m12.0s), 10/80 VUs, 163 complete and 0 interrupted iterations
sudden_spike   [   2% ] 10/80 VUs  00m12.0s/12m00.0s

running (00m13.0s), 10/80 VUs, 179 complete and 0 interrupted iterations
sudden_spike   [   2% ] 10/80 VUs  00m13.0s/12m00.0s

running (00m14.0s), 10/80 VUs, 195 complete and 0 interrupted iterations
sudden_spike   [   2% ] 10/80 VUs  00m14.0s/12m00.0s

running (00m15.0s), 10/80 VUs, 208 complete and 0 interrupted iterations
sudden_spike   [   2% ] 10/80 VUs  00m15.0s/12m00.0s

running (00m16.0s), 10/80 VUs, 221 complete and 0 interrupted iterations
sudden_spike   [   2% ] 10/80 VUs  00m16.0s/12m00.0s

running (00m17.0s), 10/80 VUs, 237 complete and 0 interrupted iterations
sudden_spike   [   2% ] 10/80 VUs  00m17.0s/12m00.0s

running (00m18.0s), 10/80 VUs, 248 complete and 0 interrupted iterations
sudden_spike   [   2% ] 10/80 VUs  00m18.0s/12m00.0s

running (00m19.0s), 10/80 VUs, 262 complete and 0 interrupted iterations
sudden_spike   [   3% ] 10/80 VUs  00m19.0s/12m00.0s

running (00m20.0s), 10/80 VUs, 277 complete and 0 interrupted iterations
sudden_spike   [   3% ] 10/80 VUs  00m20.0s/12m00.0s

running (00m21.0s), 10/80 VUs, 289 complete and 0 interrupted iterations
sudden_spike   [   3% ] 10/80 VUs  00m21.0s/12m00.0s

running (00m22.0s), 10/80 VUs, 304 complete and 0 interrupted iterations
sudden_spike   [   3% ] 10/80 VUs  00m22.0s/12m00.0s

running (00m23.0s), 10/80 VUs, 318 complete and 0 interrupted iterations
sudden_spike   [   3% ] 10/80 VUs  00m23.0s/12m00.0s

running (00m24.0s), 10/80 VUs, 330 complete and 0 interrupted iterations
sudden_spike   [   3% ] 10/80 VUs  00m24.0s/12m00.0s

running (00m25.0s), 10/80 VUs, 345 complete and 0 interrupted iterations
sudden_spike   [   3% ] 10/80 VUs  00m25.0s/12m00.0s

running (00m26.0s), 10/80 VUs, 357 complete and 0 interrupted iterations
sudden_spike   [   4% ] 10/80 VUs  00m26.0s/12m00.0s

running (00m27.0s), 10/80 VUs, 372 complete and 0 interrupted iterations
sudden_spike   [   4% ] 10/80 VUs  00m27.0s/12m00.0s

running (00m28.0s), 10/80 VUs, 386 complete and 0 interrupted iterations
sudden_spike   [   4% ] 10/80 VUs  00m28.0s/12m00.0s

running (00m29.0s), 10/80 VUs, 400 complete and 0 interrupted iterations
sudden_spike   [   4% ] 10/80 VUs  00m29.0s/12m00.0s

running (00m30.0s), 10/80 VUs, 415 complete and 0 interrupted iterations
sudden_spike   [   4% ] 10/80 VUs  00m30.0s/12m00.0s

running (00m31.0s), 10/80 VUs, 430 complete and 0 interrupted iterations
sudden_spike   [   4% ] 10/80 VUs  00m31.0s/12m00.0s

running (00m32.0s), 10/80 VUs, 445 complete and 0 interrupted iterations
sudden_spike   [   4% ] 10/80 VUs  00m32.0s/12m00.0s

running (00m33.0s), 10/80 VUs, 460 complete and 0 interrupted iterations
sudden_spike   [   5% ] 10/80 VUs  00m33.0s/12m00.0s

running (00m34.0s), 10/80 VUs, 475 complete and 0 interrupted iterations
sudden_spike   [   5% ] 10/80 VUs  00m34.0s/12m00.0s

running (00m35.0s), 10/80 VUs, 487 complete and 0 interrupted iterations
sudden_spike   [   5% ] 10/80 VUs  00m35.0s/12m00.0s

running (00m36.0s), 10/80 VUs, 505 complete and 0 interrupted iterations
sudden_spike   [   5% ] 10/80 VUs  00m36.0s/12m00.0s

running (00m37.0s), 10/80 VUs, 517 complete and 0 interrupted iterations
sudden_spike   [   5% ] 10/80 VUs  00m37.0s/12m00.0s

running (00m38.0s), 10/80 VUs, 533 complete and 0 interrupted iterations
sudden_spike   [   5% ] 10/80 VUs  00m38.0s/12m00.0s

running (00m39.0s), 10/80 VUs, 549 complete and 0 interrupted iterations
sudden_spike   [   5% ] 10/80 VUs  00m39.0s/12m00.0s

running (00m40.0s), 10/80 VUs, 562 complete and 0 interrupted iterations
sudden_spike   [   6% ] 10/80 VUs  00m40.0s/12m00.0s

running (00m41.0s), 10/80 VUs, 575 complete and 0 interrupted iterations
sudden_spike   [   6% ] 10/80 VUs  00m41.0s/12m00.0s

running (00m42.0s), 10/80 VUs, 590 complete and 0 interrupted iterations
sudden_spike   [   6% ] 10/80 VUs  00m42.0s/12m00.0s

running (00m43.0s), 10/80 VUs, 603 complete and 0 interrupted iterations
sudden_spike   [   6% ] 10/80 VUs  00m43.0s/12m00.0s

running (00m44.0s), 10/80 VUs, 618 complete and 0 interrupted iterations
sudden_spike   [   6% ] 10/80 VUs  00m44.0s/12m00.0s

running (00m45.0s), 10/80 VUs, 632 complete and 0 interrupted iterations
sudden_spike   [   6% ] 10/80 VUs  00m45.0s/12m00.0s

running (00m46.0s), 10/80 VUs, 647 complete and 0 interrupted iterations
sudden_spike   [   6% ] 10/80 VUs  00m46.0s/12m00.0s

running (00m47.0s), 10/80 VUs, 661 complete and 0 interrupted iterations
sudden_spike   [   7% ] 10/80 VUs  00m47.0s/12m00.0s

running (00m48.0s), 10/80 VUs, 674 complete and 0 interrupted iterations
sudden_spike   [   7% ] 10/80 VUs  00m48.0s/12m00.0s

running (00m49.0s), 10/80 VUs, 687 complete and 0 interrupted iterations
sudden_spike   [   7% ] 10/80 VUs  00m49.0s/12m00.0s

running (00m50.0s), 10/80 VUs, 700 complete and 0 interrupted iterations
sudden_spike   [   7% ] 10/80 VUs  00m50.0s/12m00.0s

running (00m51.0s), 10/80 VUs, 715 complete and 0 interrupted iterations
sudden_spike   [   7% ] 10/80 VUs  00m51.0s/12m00.0s

running (00m52.0s), 10/80 VUs, 728 complete and 0 interrupted iterations
sudden_spike   [   7% ] 10/80 VUs  00m52.0s/12m00.0s

running (00m53.0s), 10/80 VUs, 743 complete and 0 interrupted iterations
sudden_spike   [   7% ] 10/80 VUs  00m53.0s/12m00.0s

running (00m54.0s), 10/80 VUs, 757 complete and 0 interrupted iterations
sudden_spike   [   7% ] 10/80 VUs  00m54.0s/12m00.0s

running (00m55.0s), 10/80 VUs, 772 complete and 0 interrupted iterations
sudden_spike   [   8% ] 10/80 VUs  00m55.0s/12m00.0s

running (00m56.0s), 10/80 VUs, 785 complete and 0 interrupted iterations
sudden_spike   [   8% ] 10/80 VUs  00m56.0s/12m00.0s

running (00m57.0s), 10/80 VUs, 799 complete and 0 interrupted iterations
sudden_spike   [   8% ] 10/80 VUs  00m57.0s/12m00.0s

running (00m58.0s), 10/80 VUs, 815 complete and 0 interrupted iterations
sudden_spike   [   8% ] 10/80 VUs  00m58.0s/12m00.0s

running (00m59.0s), 10/80 VUs, 828 complete and 0 interrupted iterations
sudden_spike   [   8% ] 10/80 VUs  00m59.0s/12m00.0s

running (01m00.0s), 10/80 VUs, 842 complete and 0 interrupted iterations
sudden_spike   [   8% ] 10/80 VUs  01m00.0s/12m00.0s

running (01m01.0s), 10/80 VUs, 856 complete and 0 interrupted iterations
sudden_spike   [   8% ] 10/80 VUs  01m01.0s/12m00.0s

running (01m02.0s), 10/80 VUs, 870 complete and 0 interrupted iterations
sudden_spike   [   9% ] 10/80 VUs  01m02.0s/12m00.0s

running (01m03.0s), 10/80 VUs, 884 complete and 0 interrupted iterations
sudden_spike   [   9% ] 10/80 VUs  01m03.0s/12m00.0s

running (01m04.0s), 10/80 VUs, 898 complete and 0 interrupted iterations
sudden_spike   [   9% ] 10/80 VUs  01m04.0s/12m00.0s

running (01m05.0s), 10/80 VUs, 913 complete and 0 interrupted iterations
sudden_spike   [   9% ] 10/80 VUs  01m05.0s/12m00.0s

running (01m06.0s), 10/80 VUs, 927 complete and 0 interrupted iterations
sudden_spike   [   9% ] 10/80 VUs  01m06.0s/12m00.0s

running (01m07.0s), 10/80 VUs, 941 complete and 0 interrupted iterations
sudden_spike   [   9% ] 10/80 VUs  01m07.0s/12m00.0s

running (01m08.0s), 10/80 VUs, 955 complete and 0 interrupted iterations
sudden_spike   [   9% ] 10/80 VUs  01m08.0s/12m00.0s

running (01m09.0s), 10/80 VUs, 970 complete and 0 interrupted iterations
sudden_spike   [  10% ] 10/80 VUs  01m09.0s/12m00.0s

running (01m10.0s), 10/80 VUs, 982 complete and 0 interrupted iterations
sudden_spike   [  10% ] 10/80 VUs  01m10.0s/12m00.0s

running (01m11.0s), 10/80 VUs, 996 complete and 0 interrupted iterations
sudden_spike   [  10% ] 10/80 VUs  01m11.0s/12m00.0s

running (01m12.0s), 10/80 VUs, 1012 complete and 0 interrupted iterations
sudden_spike   [  10% ] 10/80 VUs  01m12.0s/12m00.0s

running (01m13.0s), 10/80 VUs, 1026 complete and 0 interrupted iterations
sudden_spike   [  10% ] 10/80 VUs  01m13.0s/12m00.0s

running (01m14.0s), 10/80 VUs, 1041 complete and 0 interrupted iterations
sudden_spike   [  10% ] 10/80 VUs  01m14.0s/12m00.0s

running (01m15.0s), 10/80 VUs, 1052 complete and 0 interrupted iterations
sudden_spike   [  10% ] 10/80 VUs  01m15.0s/12m00.0s

running (01m16.0s), 10/80 VUs, 1070 complete and 0 interrupted iterations
sudden_spike   [  11% ] 10/80 VUs  01m16.0s/12m00.0s

running (01m17.0s), 10/80 VUs, 1082 complete and 0 interrupted iterations
sudden_spike   [  11% ] 10/80 VUs  01m17.0s/12m00.0s

running (01m18.0s), 10/80 VUs, 1098 complete and 0 interrupted iterations
sudden_spike   [  11% ] 10/80 VUs  01m18.0s/12m00.0s

running (01m19.0s), 10/80 VUs, 1113 complete and 0 interrupted iterations
sudden_spike   [  11% ] 10/80 VUs  01m19.0s/12m00.0s

running (01m20.0s), 10/80 VUs, 1129 complete and 0 interrupted iterations
sudden_spike   [  11% ] 10/80 VUs  01m20.0s/12m00.0s

running (01m21.0s), 10/80 VUs, 1140 complete and 0 interrupted iterations
sudden_spike   [  11% ] 10/80 VUs  01m21.0s/12m00.0s

running (01m22.0s), 10/80 VUs, 1154 complete and 0 interrupted iterations
sudden_spike   [  11% ] 10/80 VUs  01m22.0s/12m00.0s

running (01m23.0s), 10/80 VUs, 1170 complete and 0 interrupted iterations
sudden_spike   [  12% ] 10/80 VUs  01m23.0s/12m00.0s

running (01m24.0s), 10/80 VUs, 1182 complete and 0 interrupted iterations
sudden_spike   [  12% ] 10/80 VUs  01m24.0s/12m00.0s

running (01m25.0s), 10/80 VUs, 1195 complete and 0 interrupted iterations
sudden_spike   [  12% ] 10/80 VUs  01m25.0s/12m00.0s

running (01m26.0s), 10/80 VUs, 1209 complete and 0 interrupted iterations
sudden_spike   [  12% ] 10/80 VUs  01m26.0s/12m00.0s

running (01m27.0s), 10/80 VUs, 1224 complete and 0 interrupted iterations
sudden_spike   [  12% ] 10/80 VUs  01m27.0s/12m00.0s

running (01m28.0s), 10/80 VUs, 1238 complete and 0 interrupted iterations
sudden_spike   [  12% ] 10/80 VUs  01m28.0s/12m00.0s

running (01m29.0s), 10/80 VUs, 1251 complete and 0 interrupted iterations
sudden_spike   [  12% ] 10/80 VUs  01m29.0s/12m00.0s

running (01m30.0s), 10/80 VUs, 1269 complete and 0 interrupted iterations
sudden_spike   [  12% ] 10/80 VUs  01m30.0s/12m00.0s

running (01m31.0s), 10/80 VUs, 1280 complete and 0 interrupted iterations
sudden_spike   [  13% ] 10/80 VUs  01m31.0s/12m00.0s

running (01m32.0s), 10/80 VUs, 1294 complete and 0 interrupted iterations
sudden_spike   [  13% ] 10/80 VUs  01m32.0s/12m00.0s

running (01m33.0s), 10/80 VUs, 1310 complete and 0 interrupted iterations
sudden_spike   [  13% ] 10/80 VUs  01m33.0s/12m00.0s

running (01m34.0s), 10/80 VUs, 1323 complete and 0 interrupted iterations
sudden_spike   [  13% ] 10/80 VUs  01m34.0s/12m00.0s

running (01m35.0s), 10/80 VUs, 1336 complete and 0 interrupted iterations
sudden_spike   [  13% ] 10/80 VUs  01m35.0s/12m00.0s

running (01m36.0s), 10/80 VUs, 1352 complete and 0 interrupted iterations
sudden_spike   [  13% ] 10/80 VUs  01m36.0s/12m00.0s

running (01m37.0s), 10/80 VUs, 1365 complete and 0 interrupted iterations
sudden_spike   [  13% ] 10/80 VUs  01m37.0s/12m00.0s

running (01m38.0s), 10/80 VUs, 1379 complete and 0 interrupted iterations
sudden_spike   [  14% ] 10/80 VUs  01m38.0s/12m00.0s

running (01m39.0s), 10/80 VUs, 1394 complete and 0 interrupted iterations
sudden_spike   [  14% ] 10/80 VUs  01m39.0s/12m00.0s

running (01m40.0s), 10/80 VUs, 1409 complete and 0 interrupted iterations
sudden_spike   [  14% ] 10/80 VUs  01m40.0s/12m00.0s

running (01m41.0s), 10/80 VUs, 1423 complete and 0 interrupted iterations
sudden_spike   [  14% ] 10/80 VUs  01m41.0s/12m00.0s

running (01m42.0s), 10/80 VUs, 1437 complete and 0 interrupted iterations
sudden_spike   [  14% ] 10/80 VUs  01m42.0s/12m00.0s

running (01m43.0s), 10/80 VUs, 1450 complete and 0 interrupted iterations
sudden_spike   [  14% ] 10/80 VUs  01m43.0s/12m00.0s

running (01m44.0s), 10/80 VUs, 1463 complete and 0 interrupted iterations
sudden_spike   [  14% ] 10/80 VUs  01m44.0s/12m00.0s

running (01m45.0s), 10/80 VUs, 1479 complete and 0 interrupted iterations
sudden_spike   [  15% ] 10/80 VUs  01m45.0s/12m00.0s

running (01m46.0s), 10/80 VUs, 1492 complete and 0 interrupted iterations
sudden_spike   [  15% ] 10/80 VUs  01m46.0s/12m00.0s

running (01m47.0s), 10/80 VUs, 1507 complete and 0 interrupted iterations
sudden_spike   [  15% ] 10/80 VUs  01m47.0s/12m00.0s

running (01m48.0s), 10/80 VUs, 1519 complete and 0 interrupted iterations
sudden_spike   [  15% ] 10/80 VUs  01m48.0s/12m00.0s

running (01m49.0s), 10/80 VUs, 1534 complete and 0 interrupted iterations
sudden_spike   [  15% ] 10/80 VUs  01m49.0s/12m00.0s

running (01m50.0s), 10/80 VUs, 1550 complete and 0 interrupted iterations
sudden_spike   [  15% ] 10/80 VUs  01m50.0s/12m00.0s

running (01m51.0s), 10/80 VUs, 1563 complete and 0 interrupted iterations
sudden_spike   [  15% ] 10/80 VUs  01m51.0s/12m00.0s

running (01m52.0s), 10/80 VUs, 1579 complete and 0 interrupted iterations
sudden_spike   [  16% ] 10/80 VUs  01m52.0s/12m00.0s

running (01m53.0s), 10/80 VUs, 1593 complete and 0 interrupted iterations
sudden_spike   [  16% ] 10/80 VUs  01m53.0s/12m00.0s

running (01m54.0s), 10/80 VUs, 1605 complete and 0 interrupted iterations
sudden_spike   [  16% ] 10/80 VUs  01m54.0s/12m00.0s

running (01m55.0s), 10/80 VUs, 1619 complete and 0 interrupted iterations
sudden_spike   [  16% ] 10/80 VUs  01m55.0s/12m00.0s

running (01m56.0s), 10/80 VUs, 1633 complete and 0 interrupted iterations
sudden_spike   [  16% ] 10/80 VUs  01m56.0s/12m00.0s

running (01m57.0s), 10/80 VUs, 1646 complete and 0 interrupted iterations
sudden_spike   [  16% ] 10/80 VUs  01m57.0s/12m00.0s

running (01m58.0s), 10/80 VUs, 1662 complete and 0 interrupted iterations
sudden_spike   [  16% ] 10/80 VUs  01m58.0s/12m00.0s

running (01m59.0s), 10/80 VUs, 1676 complete and 0 interrupted iterations
sudden_spike   [  17% ] 10/80 VUs  01m59.0s/12m00.0s

running (02m00.0s), 10/80 VUs, 1691 complete and 0 interrupted iterations
sudden_spike   [  17% ] 10/80 VUs  02m00.0s/12m00.0s

running (02m01.0s), 16/80 VUs, 1703 complete and 0 interrupted iterations
sudden_spike   [  17% ] 16/80 VUs  02m01.0s/12m00.0s

running (02m02.0s), 23/80 VUs, 1729 complete and 0 interrupted iterations
sudden_spike   [  17% ] 23/80 VUs  02m02.0s/12m00.0s

running (02m03.0s), 30/80 VUs, 1763 complete and 0 interrupted iterations
sudden_spike   [  17% ] 30/80 VUs  02m03.0s/12m00.0s

running (02m04.0s), 37/80 VUs, 1808 complete and 0 interrupted iterations
sudden_spike   [  17% ] 37/80 VUs  02m04.0s/12m00.0s

running (02m05.0s), 44/80 VUs, 1857 complete and 0 interrupted iterations
sudden_spike   [  17% ] 44/80 VUs  02m05.0s/12m00.0s

running (02m06.0s), 51/80 VUs, 1902 complete and 0 interrupted iterations
sudden_spike   [  17% ] 51/80 VUs  02m06.0s/12m00.0s

running (02m07.0s), 58/80 VUs, 1936 complete and 0 interrupted iterations
sudden_spike   [  18% ] 58/80 VUs  02m07.0s/12m00.0s

running (02m08.0s), 65/80 VUs, 1972 complete and 0 interrupted iterations
sudden_spike   [  18% ] 65/80 VUs  02m08.0s/12m00.0s

running (02m09.0s), 72/80 VUs, 1997 complete and 0 interrupted iterations
sudden_spike   [  18% ] 72/80 VUs  02m09.0s/12m00.0s

running (02m10.0s), 79/80 VUs, 2016 complete and 0 interrupted iterations
sudden_spike   [  18% ] 79/80 VUs  02m10.0s/12m00.0s

running (02m11.0s), 80/80 VUs, 2040 complete and 0 interrupted iterations
sudden_spike   [  18% ] 80/80 VUs  02m11.0s/12m00.0s

running (02m12.0s), 80/80 VUs, 2068 complete and 0 interrupted iterations
sudden_spike   [  18% ] 80/80 VUs  02m12.0s/12m00.0s

running (02m13.0s), 80/80 VUs, 2068 complete and 0 interrupted iterations
sudden_spike   [  18% ] 80/80 VUs  02m13.0s/12m00.0s

running (02m14.0s), 80/80 VUs, 2094 complete and 0 interrupted iterations
sudden_spike   [  19% ] 80/80 VUs  02m14.0s/12m00.0s

running (02m15.0s), 80/80 VUs, 2121 complete and 0 interrupted iterations
sudden_spike   [  19% ] 80/80 VUs  02m15.0s/12m00.0s

running (02m16.0s), 80/80 VUs, 2121 complete and 0 interrupted iterations
sudden_spike   [  19% ] 80/80 VUs  02m16.0s/12m00.0s

running (02m17.0s), 80/80 VUs, 2148 complete and 0 interrupted iterations
sudden_spike   [  19% ] 80/80 VUs  02m17.0s/12m00.0s

running (02m18.0s), 80/80 VUs, 2148 complete and 0 interrupted iterations
sudden_spike   [  19% ] 80/80 VUs  02m18.0s/12m00.0s

running (02m19.0s), 80/80 VUs, 2174 complete and 0 interrupted iterations
sudden_spike   [  19% ] 80/80 VUs  02m19.0s/12m00.0s

running (02m20.0s), 80/80 VUs, 2174 complete and 0 interrupted iterations
sudden_spike   [  19% ] 80/80 VUs  02m20.0s/12m00.0s

running (02m21.0s), 80/80 VUs, 2201 complete and 0 interrupted iterations
sudden_spike   [  20% ] 80/80 VUs  02m21.0s/12m00.0s

running (02m22.0s), 80/80 VUs, 2228 complete and 0 interrupted iterations
sudden_spike   [  20% ] 80/80 VUs  02m22.0s/12m00.0s

running (02m23.0s), 80/80 VUs, 2228 complete and 0 interrupted iterations
sudden_spike   [  20% ] 80/80 VUs  02m23.0s/12m00.0s

running (02m24.0s), 80/80 VUs, 2252 complete and 0 interrupted iterations
sudden_spike   [  20% ] 80/80 VUs  02m24.0s/12m00.0s

running (02m25.0s), 80/80 VUs, 2280 complete and 0 interrupted iterations
sudden_spike   [  20% ] 80/80 VUs  02m25.0s/12m00.0s

running (02m26.0s), 80/80 VUs, 2280 complete and 0 interrupted iterations
sudden_spike   [  20% ] 80/80 VUs  02m26.0s/12m00.0s

running (02m27.0s), 80/80 VUs, 2306 complete and 0 interrupted iterations
sudden_spike   [  20% ] 80/80 VUs  02m27.0s/12m00.0s

running (02m28.0s), 80/80 VUs, 2333 complete and 0 interrupted iterations
sudden_spike   [  21% ] 80/80 VUs  02m28.0s/12m00.0s

running (02m29.0s), 80/80 VUs, 2333 complete and 0 interrupted iterations
sudden_spike   [  21% ] 80/80 VUs  02m29.0s/12m00.0s

running (02m30.0s), 80/80 VUs, 2358 complete and 0 interrupted iterations
sudden_spike   [  21% ] 80/80 VUs  02m30.0s/12m00.0s

running (02m31.0s), 80/80 VUs, 2358 complete and 0 interrupted iterations
sudden_spike   [  21% ] 80/80 VUs  02m31.0s/12m00.0s

running (02m32.0s), 80/80 VUs, 2384 complete and 0 interrupted iterations
sudden_spike   [  21% ] 80/80 VUs  02m32.0s/12m00.0s

running (02m33.0s), 80/80 VUs, 2409 complete and 0 interrupted iterations
sudden_spike   [  21% ] 80/80 VUs  02m33.0s/12m00.0s

running (02m34.0s), 80/80 VUs, 2411 complete and 0 interrupted iterations
sudden_spike   [  21% ] 80/80 VUs  02m34.0s/12m00.0s

running (02m35.0s), 80/80 VUs, 2438 complete and 0 interrupted iterations
sudden_spike   [  22% ] 80/80 VUs  02m35.0s/12m00.0s

running (02m36.0s), 80/80 VUs, 2438 complete and 0 interrupted iterations
sudden_spike   [  22% ] 80/80 VUs  02m36.0s/12m00.0s

running (02m37.0s), 80/80 VUs, 2464 complete and 0 interrupted iterations
sudden_spike   [  22% ] 80/80 VUs  02m37.0s/12m00.0s

running (02m38.0s), 80/80 VUs, 2491 complete and 0 interrupted iterations
sudden_spike   [  22% ] 80/80 VUs  02m38.0s/12m00.0s

running (02m39.0s), 80/80 VUs, 2491 complete and 0 interrupted iterations
sudden_spike   [  22% ] 80/80 VUs  02m39.0s/12m00.0s

running (02m40.0s), 80/80 VUs, 2517 complete and 0 interrupted iterations
sudden_spike   [  22% ] 80/80 VUs  02m40.0s/12m00.0s

running (02m41.0s), 80/80 VUs, 2544 complete and 0 interrupted iterations
sudden_spike   [  22% ] 80/80 VUs  02m41.0s/12m00.0s

running (02m42.0s), 80/80 VUs, 2544 complete and 0 interrupted iterations
sudden_spike   [  22% ] 80/80 VUs  02m42.0s/12m00.0s

running (02m43.0s), 80/80 VUs, 2570 complete and 0 interrupted iterations
sudden_spike   [  23% ] 80/80 VUs  02m43.0s/12m00.0s

running (02m44.0s), 80/80 VUs, 2570 complete and 0 interrupted iterations
sudden_spike   [  23% ] 80/80 VUs  02m44.0s/12m00.0s

running (02m45.0s), 80/80 VUs, 2597 complete and 0 interrupted iterations
sudden_spike   [  23% ] 80/80 VUs  02m45.0s/12m00.0s

running (02m46.0s), 80/80 VUs, 2624 complete and 0 interrupted iterations
sudden_spike   [  23% ] 80/80 VUs  02m46.0s/12m00.0s

running (02m47.0s), 80/80 VUs, 2624 complete and 0 interrupted iterations
sudden_spike   [  23% ] 80/80 VUs  02m47.0s/12m00.0s

running (02m48.0s), 80/80 VUs, 2650 complete and 0 interrupted iterations
sudden_spike   [  23% ] 80/80 VUs  02m48.0s/12m00.0s

running (02m49.0s), 80/80 VUs, 2677 complete and 0 interrupted iterations
sudden_spike   [  23% ] 80/80 VUs  02m49.0s/12m00.0s

running (02m50.0s), 80/80 VUs, 2677 complete and 0 interrupted iterations
sudden_spike   [  24% ] 80/80 VUs  02m50.0s/12m00.0s

running (02m51.0s), 80/80 VUs, 2704 complete and 0 interrupted iterations
sudden_spike   [  24% ] 80/80 VUs  02m51.0s/12m00.0s

running (02m52.0s), 80/80 VUs, 2704 complete and 0 interrupted iterations
sudden_spike   [  24% ] 80/80 VUs  02m52.0s/12m00.0s

running (02m53.0s), 80/80 VUs, 2730 complete and 0 interrupted iterations
sudden_spike   [  24% ] 80/80 VUs  02m53.0s/12m00.0s

running (02m54.0s), 80/80 VUs, 2756 complete and 0 interrupted iterations
sudden_spike   [  24% ] 80/80 VUs  02m54.0s/12m00.0s

running (02m55.0s), 80/80 VUs, 2756 complete and 0 interrupted iterations
sudden_spike   [  24% ] 80/80 VUs  02m55.0s/12m00.0s

running (02m56.0s), 80/80 VUs, 2783 complete and 0 interrupted iterations
sudden_spike   [  24% ] 80/80 VUs  02m56.0s/12m00.0s

running (02m57.0s), 80/80 VUs, 2810 complete and 0 interrupted iterations
sudden_spike   [  25% ] 80/80 VUs  02m57.0s/12m00.0s

running (02m58.0s), 80/80 VUs, 2810 complete and 0 interrupted iterations
sudden_spike   [  25% ] 80/80 VUs  02m58.0s/12m00.0s

running (02m59.0s), 80/80 VUs, 2837 complete and 0 interrupted iterations
sudden_spike   [  25% ] 80/80 VUs  02m59.0s/12m00.0s

running (03m00.0s), 80/80 VUs, 2837 complete and 0 interrupted iterations
sudden_spike   [  25% ] 80/80 VUs  03m00.0s/12m00.0s

running (03m01.0s), 80/80 VUs, 2863 complete and 0 interrupted iterations
sudden_spike   [  25% ] 80/80 VUs  03m01.0s/12m00.0s

running (03m02.0s), 80/80 VUs, 2890 complete and 0 interrupted iterations
sudden_spike   [  25% ] 80/80 VUs  03m02.0s/12m00.0s

running (03m03.0s), 80/80 VUs, 2890 complete and 0 interrupted iterations
sudden_spike   [  25% ] 80/80 VUs  03m03.0s/12m00.0s

running (03m04.0s), 80/80 VUs, 2917 complete and 0 interrupted iterations
sudden_spike   [  26% ] 80/80 VUs  03m04.0s/12m00.0s

running (03m05.0s), 80/80 VUs, 2917 complete and 0 interrupted iterations
sudden_spike   [  26% ] 80/80 VUs  03m05.0s/12m00.0s

running (03m06.0s), 80/80 VUs, 2943 complete and 0 interrupted iterations
sudden_spike   [  26% ] 80/80 VUs  03m06.0s/12m00.0s

running (03m07.0s), 80/80 VUs, 2970 complete and 0 interrupted iterations
sudden_spike   [  26% ] 80/80 VUs  03m07.0s/12m00.0s

running (03m08.0s), 80/80 VUs, 2970 complete and 0 interrupted iterations
sudden_spike   [  26% ] 80/80 VUs  03m08.0s/12m00.0s

running (03m09.0s), 80/80 VUs, 2997 complete and 0 interrupted iterations
sudden_spike   [  26% ] 80/80 VUs  03m09.0s/12m00.0s

running (03m10.0s), 80/80 VUs, 3018 complete and 0 interrupted iterations
sudden_spike   [  26% ] 80/80 VUs  03m10.0s/12m00.0s

running (03m11.0s), 80/80 VUs, 3018 complete and 0 interrupted iterations
sudden_spike   [  27% ] 80/80 VUs  03m11.0s/12m00.0s

running (03m12.0s), 80/80 VUs, 3044 complete and 0 interrupted iterations
sudden_spike   [  27% ] 80/80 VUs  03m12.0s/12m00.0s

running (03m13.0s), 80/80 VUs, 3071 complete and 0 interrupted iterations
sudden_spike   [  27% ] 80/80 VUs  03m13.0s/12m00.0s

running (03m14.0s), 80/80 VUs, 3071 complete and 0 interrupted iterations
sudden_spike   [  27% ] 80/80 VUs  03m14.0s/12m00.0s

running (03m15.0s), 80/80 VUs, 3088 complete and 0 interrupted iterations
sudden_spike   [  27% ] 80/80 VUs  03m15.0s/12m00.0s

running (03m16.0s), 80/80 VUs, 3115 complete and 0 interrupted iterations
sudden_spike   [  27% ] 80/80 VUs  03m16.0s/12m00.0s

running (03m17.0s), 80/80 VUs, 3115 complete and 0 interrupted iterations
sudden_spike   [  27% ] 80/80 VUs  03m17.0s/12m00.0s

running (03m18.0s), 80/80 VUs, 3141 complete and 0 interrupted iterations
sudden_spike   [  27% ] 80/80 VUs  03m18.0s/12m00.0s

running (03m19.0s), 80/80 VUs, 3162 complete and 0 interrupted iterations
sudden_spike   [  28% ] 80/80 VUs  03m19.0s/12m00.0s

running (03m20.0s), 80/80 VUs, 3162 complete and 0 interrupted iterations
sudden_spike   [  28% ] 80/80 VUs  03m20.0s/12m00.0s

running (03m21.0s), 80/80 VUs, 3189 complete and 0 interrupted iterations
sudden_spike   [  28% ] 80/80 VUs  03m21.0s/12m00.0s

running (03m22.0s), 80/80 VUs, 3189 complete and 0 interrupted iterations
sudden_spike   [  28% ] 80/80 VUs  03m22.0s/12m00.0s

running (03m23.0s), 80/80 VUs, 3216 complete and 0 interrupted iterations
sudden_spike   [  28% ] 80/80 VUs  03m23.0s/12m00.0s

running (03m24.0s), 80/80 VUs, 3238 complete and 0 interrupted iterations
sudden_spike   [  28% ] 80/80 VUs  03m24.0s/12m00.0s

running (03m25.0s), 80/80 VUs, 3241 complete and 0 interrupted iterations
sudden_spike   [  28% ] 80/80 VUs  03m25.0s/12m00.0s

running (03m26.0s), 80/80 VUs, 3268 complete and 0 interrupted iterations
sudden_spike   [  29% ] 80/80 VUs  03m26.0s/12m00.0s

running (03m27.0s), 80/80 VUs, 3294 complete and 0 interrupted iterations
sudden_spike   [  29% ] 80/80 VUs  03m27.0s/12m00.0s

running (03m28.0s), 80/80 VUs, 3294 complete and 0 interrupted iterations
sudden_spike   [  29% ] 80/80 VUs  03m28.0s/12m00.0s

running (03m29.0s), 80/80 VUs, 3311 complete and 0 interrupted iterations
sudden_spike   [  29% ] 80/80 VUs  03m29.0s/12m00.0s

running (03m30.0s), 80/80 VUs, 3338 complete and 0 interrupted iterations
sudden_spike   [  29% ] 80/80 VUs  03m30.0s/12m00.0s

running (03m31.0s), 80/80 VUs, 3338 complete and 0 interrupted iterations
sudden_spike   [  29% ] 80/80 VUs  03m31.0s/12m00.0s

running (03m32.0s), 80/80 VUs, 3365 complete and 0 interrupted iterations
sudden_spike   [  29% ] 80/80 VUs  03m32.0s/12m00.0s

running (03m33.0s), 80/80 VUs, 3391 complete and 0 interrupted iterations
sudden_spike   [  30% ] 80/80 VUs  03m33.0s/12m00.0s

running (03m34.0s), 80/80 VUs, 3391 complete and 0 interrupted iterations
sudden_spike   [  30% ] 80/80 VUs  03m34.0s/12m00.0s

running (03m35.0s), 80/80 VUs, 3418 complete and 0 interrupted iterations
sudden_spike   [  30% ] 80/80 VUs  03m35.0s/12m00.0s

running (03m36.0s), 80/80 VUs, 3418 complete and 0 interrupted iterations
sudden_spike   [  30% ] 80/80 VUs  03m36.0s/12m00.0s

running (03m37.0s), 80/80 VUs, 3445 complete and 0 interrupted iterations
sudden_spike   [  30% ] 80/80 VUs  03m37.0s/12m00.0s

running (03m38.0s), 80/80 VUs, 3471 complete and 0 interrupted iterations
sudden_spike   [  30% ] 80/80 VUs  03m38.0s/12m00.0s

running (03m39.0s), 80/80 VUs, 3471 complete and 0 interrupted iterations
sudden_spike   [  30% ] 80/80 VUs  03m39.0s/12m00.0s

running (03m40.0s), 80/80 VUs, 3498 complete and 0 interrupted iterations
sudden_spike   [  31% ] 80/80 VUs  03m40.0s/12m00.0s

running (03m41.0s), 80/80 VUs, 3498 complete and 0 interrupted iterations
sudden_spike   [  31% ] 80/80 VUs  03m41.0s/12m00.0s

running (03m42.0s), 80/80 VUs, 3525 complete and 0 interrupted iterations
sudden_spike   [  31% ] 80/80 VUs  03m42.0s/12m00.0s

running (03m43.0s), 80/80 VUs, 3551 complete and 0 interrupted iterations
sudden_spike   [  31% ] 80/80 VUs  03m43.0s/12m00.0s

running (03m44.0s), 80/80 VUs, 3551 complete and 0 interrupted iterations
sudden_spike   [  31% ] 80/80 VUs  03m44.0s/12m00.0s

running (03m45.0s), 80/80 VUs, 3578 complete and 0 interrupted iterations
sudden_spike   [  31% ] 80/80 VUs  03m45.0s/12m00.0s

running (03m46.0s), 80/80 VUs, 3578 complete and 0 interrupted iterations
sudden_spike   [  31% ] 80/80 VUs  03m46.0s/12m00.0s

running (03m47.0s), 80/80 VUs, 3606 complete and 0 interrupted iterations
sudden_spike   [  32% ] 80/80 VUs  03m47.0s/12m00.0s

running (03m48.0s), 80/80 VUs, 3607 complete and 0 interrupted iterations
sudden_spike   [  32% ] 80/80 VUs  03m48.0s/12m00.0s

running (03m49.0s), 80/80 VUs, 3607 complete and 0 interrupted iterations
sudden_spike   [  32% ] 80/80 VUs  03m49.0s/12m00.0s

running (03m50.0s), 80/80 VUs, 3607 complete and 0 interrupted iterations
sudden_spike   [  32% ] 80/80 VUs  03m50.0s/12m00.0s

running (03m51.0s), 80/80 VUs, 3607 complete and 0 interrupted iterations
sudden_spike   [  32% ] 80/80 VUs  03m51.0s/12m00.0s

running (03m52.0s), 80/80 VUs, 3607 complete and 0 interrupted iterations
sudden_spike   [  32% ] 80/80 VUs  03m52.0s/12m00.0s

running (03m53.0s), 80/80 VUs, 3636 complete and 0 interrupted iterations
sudden_spike   [  32% ] 80/80 VUs  03m53.0s/12m00.0s

running (03m54.0s), 80/80 VUs, 3663 complete and 0 interrupted iterations
sudden_spike   [  32% ] 80/80 VUs  03m54.0s/12m00.0s

running (03m55.0s), 80/80 VUs, 3663 complete and 0 interrupted iterations
sudden_spike   [  33% ] 80/80 VUs  03m55.0s/12m00.0s

running (03m56.0s), 80/80 VUs, 3690 complete and 0 interrupted iterations
sudden_spike   [  33% ] 80/80 VUs  03m56.0s/12m00.0s

running (03m57.0s), 80/80 VUs, 3717 complete and 0 interrupted iterations
sudden_spike   [  33% ] 80/80 VUs  03m57.0s/12m00.0s

running (03m58.0s), 80/80 VUs, 3717 complete and 0 interrupted iterations
sudden_spike   [  33% ] 80/80 VUs  03m58.0s/12m00.0s

running (03m59.0s), 80/80 VUs, 3743 complete and 0 interrupted iterations
sudden_spike   [  33% ] 80/80 VUs  03m59.0s/12m00.0s

running (04m00.0s), 80/80 VUs, 3743 complete and 0 interrupted iterations
sudden_spike   [  33% ] 80/80 VUs  04m00.0s/12m00.0s

running (04m01.0s), 80/80 VUs, 3770 complete and 0 interrupted iterations
sudden_spike   [  33% ] 80/80 VUs  04m01.0s/12m00.0s

running (04m02.0s), 80/80 VUs, 3797 complete and 0 interrupted iterations
sudden_spike   [  34% ] 80/80 VUs  04m02.0s/12m00.0s

running (04m03.0s), 80/80 VUs, 3797 complete and 0 interrupted iterations
sudden_spike   [  34% ] 80/80 VUs  04m03.0s/12m00.0s

running (04m04.0s), 80/80 VUs, 3823 complete and 0 interrupted iterations
sudden_spike   [  34% ] 80/80 VUs  04m04.0s/12m00.0s

running (04m05.0s), 80/80 VUs, 3823 complete and 0 interrupted iterations
sudden_spike   [  34% ] 80/80 VUs  04m05.0s/12m00.0s

running (04m06.0s), 80/80 VUs, 3849 complete and 0 interrupted iterations
sudden_spike   [  34% ] 80/80 VUs  04m06.0s/12m00.0s

running (04m07.0s), 80/80 VUs, 3876 complete and 0 interrupted iterations
sudden_spike   [  34% ] 80/80 VUs  04m07.0s/12m00.0s

running (04m08.0s), 80/80 VUs, 3876 complete and 0 interrupted iterations
sudden_spike   [  34% ] 80/80 VUs  04m08.0s/12m00.0s

running (04m09.0s), 80/80 VUs, 3902 complete and 0 interrupted iterations
sudden_spike   [  35% ] 80/80 VUs  04m09.0s/12m00.0s

running (04m10.0s), 80/80 VUs, 3902 complete and 0 interrupted iterations
sudden_spike   [  35% ] 80/80 VUs  04m10.0s/12m00.0s

running (04m11.0s), 80/80 VUs, 3929 complete and 0 interrupted iterations
sudden_spike   [  35% ] 80/80 VUs  04m11.0s/12m00.0s

running (04m12.0s), 80/80 VUs, 3956 complete and 0 interrupted iterations
sudden_spike   [  35% ] 80/80 VUs  04m12.0s/12m00.0s

running (04m13.0s), 80/80 VUs, 3956 complete and 0 interrupted iterations
sudden_spike   [  35% ] 80/80 VUs  04m13.0s/12m00.0s

running (04m14.0s), 80/80 VUs, 3982 complete and 0 interrupted iterations
sudden_spike   [  35% ] 80/80 VUs  04m14.0s/12m00.0s

running (04m15.0s), 80/80 VUs, 4000 complete and 0 interrupted iterations
sudden_spike   [  35% ] 80/80 VUs  04m15.0s/12m00.0s

running (04m16.0s), 80/80 VUs, 4001 complete and 0 interrupted iterations
sudden_spike   [  36% ] 80/80 VUs  04m16.0s/12m00.0s

running (04m17.0s), 80/80 VUs, 4029 complete and 0 interrupted iterations
sudden_spike   [  36% ] 80/80 VUs  04m17.0s/12m00.0s

running (04m18.0s), 80/80 VUs, 4056 complete and 0 interrupted iterations
sudden_spike   [  36% ] 80/80 VUs  04m18.0s/12m00.0s

running (04m19.0s), 80/80 VUs, 4056 complete and 0 interrupted iterations
sudden_spike   [  36% ] 80/80 VUs  04m19.0s/12m00.0s

running (04m20.0s), 80/80 VUs, 4081 complete and 0 interrupted iterations
sudden_spike   [  36% ] 80/80 VUs  04m20.0s/12m00.0s

running (04m21.0s), 80/80 VUs, 4108 complete and 0 interrupted iterations
sudden_spike   [  36% ] 80/80 VUs  04m21.0s/12m00.0s

running (04m22.0s), 80/80 VUs, 4108 complete and 0 interrupted iterations
sudden_spike   [  36% ] 80/80 VUs  04m22.0s/12m00.0s

running (04m23.0s), 80/80 VUs, 4135 complete and 0 interrupted iterations
sudden_spike   [  37% ] 80/80 VUs  04m23.0s/12m00.0s

running (04m24.0s), 80/80 VUs, 4135 complete and 0 interrupted iterations
sudden_spike   [  37% ] 80/80 VUs  04m24.0s/12m00.0s

running (04m25.0s), 80/80 VUs, 4160 complete and 0 interrupted iterations
sudden_spike   [  37% ] 80/80 VUs  04m25.0s/12m00.0s

running (04m26.0s), 80/80 VUs, 4187 complete and 0 interrupted iterations
sudden_spike   [  37% ] 80/80 VUs  04m26.0s/12m00.0s

running (04m27.0s), 80/80 VUs, 4187 complete and 0 interrupted iterations
sudden_spike   [  37% ] 80/80 VUs  04m27.0s/12m00.0s

running (04m28.0s), 80/80 VUs, 4214 complete and 0 interrupted iterations
sudden_spike   [  37% ] 80/80 VUs  04m28.0s/12m00.0s

running (04m29.0s), 80/80 VUs, 4240 complete and 0 interrupted iterations
sudden_spike   [  37% ] 80/80 VUs  04m29.0s/12m00.0s

running (04m30.0s), 80/80 VUs, 4240 complete and 0 interrupted iterations
sudden_spike   [  37% ] 80/80 VUs  04m30.0s/12m00.0s

running (04m31.0s), 80/80 VUs, 4267 complete and 0 interrupted iterations
sudden_spike   [  38% ] 80/80 VUs  04m31.0s/12m00.0s

running (04m32.0s), 80/80 VUs, 4267 complete and 0 interrupted iterations
sudden_spike   [  38% ] 80/80 VUs  04m32.0s/12m00.0s

running (04m33.0s), 80/80 VUs, 4292 complete and 0 interrupted iterations
sudden_spike   [  38% ] 80/80 VUs  04m33.0s/12m00.0s

running (04m34.0s), 80/80 VUs, 4319 complete and 0 interrupted iterations
sudden_spike   [  38% ] 80/80 VUs  04m34.0s/12m00.0s

running (04m35.0s), 80/80 VUs, 4319 complete and 0 interrupted iterations
sudden_spike   [  38% ] 80/80 VUs  04m35.0s/12m00.0s

running (04m36.0s), 80/80 VUs, 4345 complete and 0 interrupted iterations
sudden_spike   [  38% ] 80/80 VUs  04m36.0s/12m00.0s

running (04m37.0s), 80/80 VUs, 4372 complete and 0 interrupted iterations
sudden_spike   [  38% ] 80/80 VUs  04m37.0s/12m00.0s

running (04m38.0s), 80/80 VUs, 4372 complete and 0 interrupted iterations
sudden_spike   [  39% ] 80/80 VUs  04m38.0s/12m00.0s

running (04m39.0s), 80/80 VUs, 4399 complete and 0 interrupted iterations
sudden_spike   [  39% ] 80/80 VUs  04m39.0s/12m00.0s

running (04m40.0s), 80/80 VUs, 4399 complete and 0 interrupted iterations
sudden_spike   [  39% ] 80/80 VUs  04m40.0s/12m00.0s

running (04m41.0s), 80/80 VUs, 4425 complete and 0 interrupted iterations
sudden_spike   [  39% ] 80/80 VUs  04m41.0s/12m00.0s

running (04m42.0s), 80/80 VUs, 4452 complete and 0 interrupted iterations
sudden_spike   [  39% ] 80/80 VUs  04m42.0s/12m00.0s

running (04m43.0s), 80/80 VUs, 4452 complete and 0 interrupted iterations
sudden_spike   [  39% ] 80/80 VUs  04m43.0s/12m00.0s

running (04m44.0s), 80/80 VUs, 4479 complete and 0 interrupted iterations
sudden_spike   [  39% ] 80/80 VUs  04m44.0s/12m00.0s

running (04m45.0s), 80/80 VUs, 4479 complete and 0 interrupted iterations
sudden_spike   [  40% ] 80/80 VUs  04m45.0s/12m00.0s

running (04m46.0s), 80/80 VUs, 4505 complete and 0 interrupted iterations
sudden_spike   [  40% ] 80/80 VUs  04m46.0s/12m00.0s

running (04m47.0s), 80/80 VUs, 4532 complete and 0 interrupted iterations
sudden_spike   [  40% ] 80/80 VUs  04m47.0s/12m00.0s

running (04m48.0s), 80/80 VUs, 4532 complete and 0 interrupted iterations
sudden_spike   [  40% ] 80/80 VUs  04m48.0s/12m00.0s

running (04m49.0s), 80/80 VUs, 4559 complete and 0 interrupted iterations
sudden_spike   [  40% ] 80/80 VUs  04m49.0s/12m00.0s

running (04m50.0s), 80/80 VUs, 4585 complete and 0 interrupted iterations
sudden_spike   [  40% ] 80/80 VUs  04m50.0s/12m00.0s

running (04m51.0s), 80/80 VUs, 4585 complete and 0 interrupted iterations
sudden_spike   [  40% ] 80/80 VUs  04m51.0s/12m00.0s

running (04m52.0s), 80/80 VUs, 4612 complete and 0 interrupted iterations
sudden_spike   [  41% ] 80/80 VUs  04m52.0s/12m00.0s

running (04m53.0s), 80/80 VUs, 4612 complete and 0 interrupted iterations
sudden_spike   [  41% ] 80/80 VUs  04m53.0s/12m00.0s

running (04m54.0s), 80/80 VUs, 4633 complete and 0 interrupted iterations
sudden_spike   [  41% ] 80/80 VUs  04m54.0s/12m00.0s

running (04m55.0s), 80/80 VUs, 4660 complete and 0 interrupted iterations
sudden_spike   [  41% ] 80/80 VUs  04m55.0s/12m00.0s

running (04m56.0s), 80/80 VUs, 4660 complete and 0 interrupted iterations
sudden_spike   [  41% ] 80/80 VUs  04m56.0s/12m00.0s

running (04m57.0s), 80/80 VUs, 4687 complete and 0 interrupted iterations
sudden_spike   [  41% ] 80/80 VUs  04m57.0s/12m00.0s

running (04m58.0s), 80/80 VUs, 4713 complete and 0 interrupted iterations
sudden_spike   [  41% ] 80/80 VUs  04m58.0s/12m00.0s

running (04m59.0s), 80/80 VUs, 4713 complete and 0 interrupted iterations
sudden_spike   [  42% ] 80/80 VUs  04m59.0s/12m00.0s

running (05m00.0s), 80/80 VUs, 4740 complete and 0 interrupted iterations
sudden_spike   [  42% ] 80/80 VUs  05m00.0s/12m00.0s

running (05m01.0s), 80/80 VUs, 4740 complete and 0 interrupted iterations
sudden_spike   [  42% ] 80/80 VUs  05m01.0s/12m00.0s

running (05m02.0s), 80/80 VUs, 4767 complete and 0 interrupted iterations
sudden_spike   [  42% ] 80/80 VUs  05m02.0s/12m00.0s

running (05m03.0s), 80/80 VUs, 4793 complete and 0 interrupted iterations
sudden_spike   [  42% ] 80/80 VUs  05m03.0s/12m00.0s

running (05m04.0s), 80/80 VUs, 4793 complete and 0 interrupted iterations
sudden_spike   [  42% ] 80/80 VUs  05m04.0s/12m00.0s

running (05m05.0s), 80/80 VUs, 4819 complete and 0 interrupted iterations
sudden_spike   [  42% ] 80/80 VUs  05m05.0s/12m00.0s

running (05m06.0s), 80/80 VUs, 4820 complete and 0 interrupted iterations
sudden_spike   [  42% ] 80/80 VUs  05m06.0s/12m00.0s

running (05m07.0s), 80/80 VUs, 4846 complete and 0 interrupted iterations
sudden_spike   [  43% ] 80/80 VUs  05m07.0s/12m00.0s

running (05m08.0s), 80/80 VUs, 4873 complete and 0 interrupted iterations
sudden_spike   [  43% ] 80/80 VUs  05m08.0s/12m00.0s

running (05m09.0s), 80/80 VUs, 4873 complete and 0 interrupted iterations
sudden_spike   [  43% ] 80/80 VUs  05m09.0s/12m00.0s

running (05m10.0s), 80/80 VUs, 4899 complete and 0 interrupted iterations
sudden_spike   [  43% ] 80/80 VUs  05m10.0s/12m00.0s

running (05m11.0s), 80/80 VUs, 4926 complete and 0 interrupted iterations
sudden_spike   [  43% ] 80/80 VUs  05m11.0s/12m00.0s

running (05m12.0s), 80/80 VUs, 4926 complete and 0 interrupted iterations
sudden_spike   [  43% ] 80/80 VUs  05m12.0s/12m00.0s

running (05m13.0s), 80/80 VUs, 4953 complete and 0 interrupted iterations
sudden_spike   [  43% ] 80/80 VUs  05m13.0s/12m00.0s

running (05m14.0s), 80/80 VUs, 4953 complete and 0 interrupted iterations
sudden_spike   [  44% ] 80/80 VUs  05m14.0s/12m00.0s

running (05m15.0s), 80/80 VUs, 4979 complete and 0 interrupted iterations
sudden_spike   [  44% ] 80/80 VUs  05m15.0s/12m00.0s

running (05m16.0s), 80/80 VUs, 5003 complete and 0 interrupted iterations
sudden_spike   [  44% ] 80/80 VUs  05m16.0s/12m00.0s

running (05m17.0s), 80/80 VUs, 5003 complete and 0 interrupted iterations
sudden_spike   [  44% ] 80/80 VUs  05m17.0s/12m00.0s

running (05m18.0s), 80/80 VUs, 5030 complete and 0 interrupted iterations
sudden_spike   [  44% ] 80/80 VUs  05m18.0s/12m00.0s

running (05m19.0s), 80/80 VUs, 5057 complete and 0 interrupted iterations
sudden_spike   [  44% ] 80/80 VUs  05m19.0s/12m00.0s

running (05m20.0s), 80/80 VUs, 5057 complete and 0 interrupted iterations
sudden_spike   [  44% ] 80/80 VUs  05m20.0s/12m00.0s

running (05m21.0s), 80/80 VUs, 5081 complete and 0 interrupted iterations
sudden_spike   [  45% ] 80/80 VUs  05m21.0s/12m00.0s

running (05m22.0s), 80/80 VUs, 5081 complete and 0 interrupted iterations
sudden_spike   [  45% ] 80/80 VUs  05m22.0s/12m00.0s

running (05m23.0s), 80/80 VUs, 5108 complete and 0 interrupted iterations
sudden_spike   [  45% ] 80/80 VUs  05m23.0s/12m00.0s

running (05m24.0s), 80/80 VUs, 5135 complete and 0 interrupted iterations
sudden_spike   [  45% ] 80/80 VUs  05m24.0s/12m00.0s

running (05m25.0s), 80/80 VUs, 5135 complete and 0 interrupted iterations
sudden_spike   [  45% ] 80/80 VUs  05m25.0s/12m00.0s

running (05m26.0s), 80/80 VUs, 5161 complete and 0 interrupted iterations
sudden_spike   [  45% ] 80/80 VUs  05m26.0s/12m00.0s

running (05m27.0s), 80/80 VUs, 5161 complete and 0 interrupted iterations
sudden_spike   [  45% ] 80/80 VUs  05m27.0s/12m00.0s

running (05m28.0s), 80/80 VUs, 5188 complete and 0 interrupted iterations
sudden_spike   [  46% ] 80/80 VUs  05m28.0s/12m00.0s

running (05m29.0s), 80/80 VUs, 5214 complete and 0 interrupted iterations
sudden_spike   [  46% ] 80/80 VUs  05m29.0s/12m00.0s

running (05m30.0s), 80/80 VUs, 5214 complete and 0 interrupted iterations
sudden_spike   [  46% ] 80/80 VUs  05m30.0s/12m00.0s

running (05m31.0s), 80/80 VUs, 5240 complete and 0 interrupted iterations
sudden_spike   [  46% ] 80/80 VUs  05m31.0s/12m00.0s

running (05m32.0s), 80/80 VUs, 5267 complete and 0 interrupted iterations
sudden_spike   [  46% ] 80/80 VUs  05m32.0s/12m00.0s

running (05m33.0s), 80/80 VUs, 5267 complete and 0 interrupted iterations
sudden_spike   [  46% ] 80/80 VUs  05m33.0s/12m00.0s

running (05m34.0s), 80/80 VUs, 5294 complete and 0 interrupted iterations
sudden_spike   [  46% ] 80/80 VUs  05m34.0s/12m00.0s

running (05m35.0s), 80/80 VUs, 5294 complete and 0 interrupted iterations
sudden_spike   [  47% ] 80/80 VUs  05m35.0s/12m00.0s

running (05m36.0s), 80/80 VUs, 5320 complete and 0 interrupted iterations
sudden_spike   [  47% ] 80/80 VUs  05m36.0s/12m00.0s

running (05m37.0s), 80/80 VUs, 5347 complete and 0 interrupted iterations
sudden_spike   [  47% ] 80/80 VUs  05m37.0s/12m00.0s

running (05m38.0s), 80/80 VUs, 5347 complete and 0 interrupted iterations
sudden_spike   [  47% ] 80/80 VUs  05m38.0s/12m00.0s

running (05m39.0s), 80/80 VUs, 5374 complete and 0 interrupted iterations
sudden_spike   [  47% ] 80/80 VUs  05m39.0s/12m00.0s

running (05m40.0s), 80/80 VUs, 5374 complete and 0 interrupted iterations
sudden_spike   [  47% ] 80/80 VUs  05m40.0s/12m00.0s

running (05m41.0s), 80/80 VUs, 5400 complete and 0 interrupted iterations
sudden_spike   [  47% ] 80/80 VUs  05m41.0s/12m00.0s

running (05m42.0s), 80/80 VUs, 5400 complete and 0 interrupted iterations
sudden_spike   [  47% ] 80/80 VUs  05m42.0s/12m00.0s

running (05m43.0s), 80/80 VUs, 5427 complete and 0 interrupted iterations
sudden_spike   [  48% ] 80/80 VUs  05m43.0s/12m00.0s

running (05m44.0s), 80/80 VUs, 5445 complete and 0 interrupted iterations
sudden_spike   [  48% ] 80/80 VUs  05m44.0s/12m00.0s

running (05m45.0s), 80/80 VUs, 5472 complete and 0 interrupted iterations
sudden_spike   [  48% ] 80/80 VUs  05m45.0s/12m00.0s

running (05m46.0s), 80/80 VUs, 5472 complete and 0 interrupted iterations
sudden_spike   [  48% ] 80/80 VUs  05m46.0s/12m00.0s

running (05m47.0s), 80/80 VUs, 5499 complete and 0 interrupted iterations
sudden_spike   [  48% ] 80/80 VUs  05m47.0s/12m00.0s

running (05m48.0s), 80/80 VUs, 5499 complete and 0 interrupted iterations
sudden_spike   [  48% ] 80/80 VUs  05m48.0s/12m00.0s

running (05m49.0s), 80/80 VUs, 5526 complete and 0 interrupted iterations
sudden_spike   [  48% ] 80/80 VUs  05m49.0s/12m00.0s

running (05m50.0s), 80/80 VUs, 5552 complete and 0 interrupted iterations
sudden_spike   [  49% ] 80/80 VUs  05m50.0s/12m00.0s

running (05m51.0s), 80/80 VUs, 5552 complete and 0 interrupted iterations
sudden_spike   [  49% ] 80/80 VUs  05m51.0s/12m00.0s

running (05m52.0s), 80/80 VUs, 5579 complete and 0 interrupted iterations
sudden_spike   [  49% ] 80/80 VUs  05m52.0s/12m00.0s

running (05m53.0s), 80/80 VUs, 5579 complete and 0 interrupted iterations
sudden_spike   [  49% ] 80/80 VUs  05m53.0s/12m00.0s

running (05m54.0s), 80/80 VUs, 5606 complete and 0 interrupted iterations
sudden_spike   [  49% ] 80/80 VUs  05m54.0s/12m00.0s

running (05m55.0s), 80/80 VUs, 5632 complete and 0 interrupted iterations
sudden_spike   [  49% ] 80/80 VUs  05m55.0s/12m00.0s

running (05m56.0s), 80/80 VUs, 5632 complete and 0 interrupted iterations
sudden_spike   [  49% ] 80/80 VUs  05m56.0s/12m00.0s

running (05m57.0s), 80/80 VUs, 5659 complete and 0 interrupted iterations
sudden_spike   [  50% ] 80/80 VUs  05m57.0s/12m00.0s

running (05m58.0s), 80/80 VUs, 5659 complete and 0 interrupted iterations
sudden_spike   [  50% ] 80/80 VUs  05m58.0s/12m00.0s

running (05m59.0s), 80/80 VUs, 5686 complete and 0 interrupted iterations
sudden_spike   [  50% ] 80/80 VUs  05m59.0s/12m00.0s

running (06m00.0s), 80/80 VUs, 5712 complete and 0 interrupted iterations
sudden_spike   [  50% ] 80/80 VUs  06m00.0s/12m00.0s

running (06m01.0s), 80/80 VUs, 5712 complete and 0 interrupted iterations
sudden_spike   [  50% ] 80/80 VUs  06m01.0s/12m00.0s

running (06m02.0s), 80/80 VUs, 5739 complete and 0 interrupted iterations
sudden_spike   [  50% ] 80/80 VUs  06m02.0s/12m00.0s

running (06m03.0s), 80/80 VUs, 5766 complete and 0 interrupted iterations
sudden_spike   [  50% ] 80/80 VUs  06m03.0s/12m00.0s

running (06m04.0s), 80/80 VUs, 5766 complete and 0 interrupted iterations
sudden_spike   [  51% ] 80/80 VUs  06m04.0s/12m00.0s

running (06m05.0s), 80/80 VUs, 5792 complete and 0 interrupted iterations
sudden_spike   [  51% ] 80/80 VUs  06m05.0s/12m00.0s

running (06m06.0s), 80/80 VUs, 5792 complete and 0 interrupted iterations
sudden_spike   [  51% ] 80/80 VUs  06m06.0s/12m00.0s

running (06m07.0s), 80/80 VUs, 5819 complete and 0 interrupted iterations
sudden_spike   [  51% ] 80/80 VUs  06m07.0s/12m00.0s

running (06m08.0s), 80/80 VUs, 5846 complete and 0 interrupted iterations
sudden_spike   [  51% ] 80/80 VUs  06m08.0s/12m00.0s

running (06m09.0s), 80/80 VUs, 5846 complete and 0 interrupted iterations
sudden_spike   [  51% ] 80/80 VUs  06m09.0s/12m00.0s

running (06m10.0s), 80/80 VUs, 5872 complete and 0 interrupted iterations
sudden_spike   [  51% ] 80/80 VUs  06m10.0s/12m00.0s

running (06m11.0s), 80/80 VUs, 5872 complete and 0 interrupted iterations
sudden_spike   [  52% ] 80/80 VUs  06m11.0s/12m00.0s

running (06m12.0s), 80/80 VUs, 5899 complete and 0 interrupted iterations
sudden_spike   [  52% ] 80/80 VUs  06m12.0s/12m00.0s

running (06m13.0s), 80/80 VUs, 5926 complete and 0 interrupted iterations
sudden_spike   [  52% ] 80/80 VUs  06m13.0s/12m00.0s

running (06m14.0s), 80/80 VUs, 5926 complete and 0 interrupted iterations
sudden_spike   [  52% ] 80/80 VUs  06m14.0s/12m00.0s

running (06m15.0s), 80/80 VUs, 5952 complete and 0 interrupted iterations
sudden_spike   [  52% ] 80/80 VUs  06m15.0s/12m00.0s

running (06m16.0s), 80/80 VUs, 5952 complete and 0 interrupted iterations
sudden_spike   [  52% ] 80/80 VUs  06m16.0s/12m00.0s

running (06m17.0s), 80/80 VUs, 5979 complete and 0 interrupted iterations
sudden_spike   [  52% ] 80/80 VUs  06m17.0s/12m00.0s

running (06m18.0s), 80/80 VUs, 6006 complete and 0 interrupted iterations
sudden_spike   [  52% ] 80/80 VUs  06m18.0s/12m00.0s

running (06m19.0s), 80/80 VUs, 6006 complete and 0 interrupted iterations
sudden_spike   [  53% ] 80/80 VUs  06m19.0s/12m00.0s

running (06m20.0s), 80/80 VUs, 6032 complete and 0 interrupted iterations
sudden_spike   [  53% ] 80/80 VUs  06m20.0s/12m00.0s

running (06m21.0s), 80/80 VUs, 6032 complete and 0 interrupted iterations
sudden_spike   [  53% ] 80/80 VUs  06m21.0s/12m00.0s

running (06m22.0s), 80/80 VUs, 6059 complete and 0 interrupted iterations
sudden_spike   [  53% ] 80/80 VUs  06m22.0s/12m00.0s

running (06m23.0s), 80/80 VUs, 6082 complete and 0 interrupted iterations
sudden_spike   [  53% ] 80/80 VUs  06m23.0s/12m00.0s

running (06m24.0s), 80/80 VUs, 6082 complete and 0 interrupted iterations
sudden_spike   [  53% ] 80/80 VUs  06m24.0s/12m00.0s

running (06m25.0s), 80/80 VUs, 6109 complete and 0 interrupted iterations
sudden_spike   [  53% ] 80/80 VUs  06m25.0s/12m00.0s

running (06m26.0s), 80/80 VUs, 6109 complete and 0 interrupted iterations
sudden_spike   [  54% ] 80/80 VUs  06m26.0s/12m00.0s

running (06m27.0s), 80/80 VUs, 6135 complete and 0 interrupted iterations
sudden_spike   [  54% ] 80/80 VUs  06m27.0s/12m00.0s

running (06m28.0s), 80/80 VUs, 6162 complete and 0 interrupted iterations
sudden_spike   [  54% ] 80/80 VUs  06m28.0s/12m00.0s

running (06m29.0s), 80/80 VUs, 6162 complete and 0 interrupted iterations
sudden_spike   [  54% ] 80/80 VUs  06m29.0s/12m00.0s

running (06m30.0s), 80/80 VUs, 6189 complete and 0 interrupted iterations
sudden_spike   [  54% ] 80/80 VUs  06m30.0s/12m00.0s

running (06m31.0s), 80/80 VUs, 6189 complete and 0 interrupted iterations
sudden_spike   [  54% ] 80/80 VUs  06m31.0s/12m00.0s

running (06m32.0s), 80/80 VUs, 6215 complete and 0 interrupted iterations
sudden_spike   [  54% ] 80/80 VUs  06m32.0s/12m00.0s

running (06m33.0s), 80/80 VUs, 6242 complete and 0 interrupted iterations
sudden_spike   [  55% ] 80/80 VUs  06m33.0s/12m00.0s

running (06m34.0s), 80/80 VUs, 6242 complete and 0 interrupted iterations
sudden_spike   [  55% ] 80/80 VUs  06m34.0s/12m00.0s

running (06m35.0s), 80/80 VUs, 6269 complete and 0 interrupted iterations
sudden_spike   [  55% ] 80/80 VUs  06m35.0s/12m00.0s

running (06m36.0s), 80/80 VUs, 6284 complete and 0 interrupted iterations
sudden_spike   [  55% ] 80/80 VUs  06m36.0s/12m00.0s

running (06m37.0s), 80/80 VUs, 6285 complete and 0 interrupted iterations
sudden_spike   [  55% ] 80/80 VUs  06m37.0s/12m00.0s

running (06m38.0s), 80/80 VUs, 6312 complete and 0 interrupted iterations
sudden_spike   [  55% ] 80/80 VUs  06m38.0s/12m00.0s

running (06m39.0s), 80/80 VUs, 6338 complete and 0 interrupted iterations
sudden_spike   [  55% ] 80/80 VUs  06m39.0s/12m00.0s

running (06m40.0s), 80/80 VUs, 6338 complete and 0 interrupted iterations
sudden_spike   [  56% ] 80/80 VUs  06m40.0s/12m00.0s

running (06m41.0s), 80/80 VUs, 6365 complete and 0 interrupted iterations
sudden_spike   [  56% ] 80/80 VUs  06m41.0s/12m00.0s

running (06m42.0s), 80/80 VUs, 6392 complete and 0 interrupted iterations
sudden_spike   [  56% ] 80/80 VUs  06m42.0s/12m00.0s

running (06m43.0s), 80/80 VUs, 6392 complete and 0 interrupted iterations
sudden_spike   [  56% ] 80/80 VUs  06m43.0s/12m00.0s

running (06m44.0s), 80/80 VUs, 6406 complete and 0 interrupted iterations
sudden_spike   [  56% ] 80/80 VUs  06m44.0s/12m00.0s

running (06m45.0s), 80/80 VUs, 6434 complete and 0 interrupted iterations
sudden_spike   [  56% ] 80/80 VUs  06m45.0s/12m00.0s

running (06m46.0s), 80/80 VUs, 6434 complete and 0 interrupted iterations
sudden_spike   [  56% ] 80/80 VUs  06m46.0s/12m00.0s

running (06m47.0s), 80/80 VUs, 6461 complete and 0 interrupted iterations
sudden_spike   [  57% ] 80/80 VUs  06m47.0s/12m00.0s

running (06m48.0s), 80/80 VUs, 6484 complete and 0 interrupted iterations
sudden_spike   [  57% ] 80/80 VUs  06m48.0s/12m00.0s

running (06m49.0s), 80/80 VUs, 6487 complete and 0 interrupted iterations
sudden_spike   [  57% ] 80/80 VUs  06m49.0s/12m00.0s

running (06m50.0s), 80/80 VUs, 6512 complete and 0 interrupted iterations
sudden_spike   [  57% ] 80/80 VUs  06m50.0s/12m00.0s

running (06m51.0s), 80/80 VUs, 6512 complete and 0 interrupted iterations
sudden_spike   [  57% ] 80/80 VUs  06m51.0s/12m00.0s

running (06m52.0s), 80/80 VUs, 6540 complete and 0 interrupted iterations
sudden_spike   [  57% ] 80/80 VUs  06m52.0s/12m00.0s

running (06m53.0s), 80/80 VUs, 6566 complete and 0 interrupted iterations
sudden_spike   [  57% ] 80/80 VUs  06m53.0s/12m00.0s

running (06m54.0s), 80/80 VUs, 6566 complete and 0 interrupted iterations
sudden_spike   [  57% ] 80/80 VUs  06m54.0s/12m00.0s

running (06m55.0s), 80/80 VUs, 6590 complete and 0 interrupted iterations
sudden_spike   [  58% ] 80/80 VUs  06m55.0s/12m00.0s

running (06m56.0s), 80/80 VUs, 6619 complete and 0 interrupted iterations
sudden_spike   [  58% ] 80/80 VUs  06m56.0s/12m00.0s

running (06m57.0s), 80/80 VUs, 6619 complete and 0 interrupted iterations
sudden_spike   [  58% ] 80/80 VUs  06m57.0s/12m00.0s

running (06m58.0s), 80/80 VUs, 6645 complete and 0 interrupted iterations
sudden_spike   [  58% ] 80/80 VUs  06m58.0s/12m00.0s

running (06m59.0s), 80/80 VUs, 6645 complete and 0 interrupted iterations
sudden_spike   [  58% ] 80/80 VUs  06m59.0s/12m00.0s

running (07m00.0s), 80/80 VUs, 6671 complete and 0 interrupted iterations
sudden_spike   [  58% ] 80/80 VUs  07m00.0s/12m00.0s

running (07m01.0s), 80/80 VUs, 6698 complete and 0 interrupted iterations
sudden_spike   [  58% ] 80/80 VUs  07m01.0s/12m00.0s

running (07m02.0s), 80/80 VUs, 6698 complete and 0 interrupted iterations
sudden_spike   [  59% ] 80/80 VUs  07m02.0s/12m00.0s

running (07m03.0s), 80/80 VUs, 6725 complete and 0 interrupted iterations
sudden_spike   [  59% ] 80/80 VUs  07m03.0s/12m00.0s

running (07m04.0s), 80/80 VUs, 6725 complete and 0 interrupted iterations
sudden_spike   [  59% ] 80/80 VUs  07m04.0s/12m00.0s

running (07m05.0s), 80/80 VUs, 6752 complete and 0 interrupted iterations
sudden_spike   [  59% ] 80/80 VUs  07m05.0s/12m00.0s

running (07m06.0s), 80/80 VUs, 6778 complete and 0 interrupted iterations
sudden_spike   [  59% ] 80/80 VUs  07m06.0s/12m00.0s

running (07m07.0s), 80/80 VUs, 6778 complete and 0 interrupted iterations
sudden_spike   [  59% ] 80/80 VUs  07m07.0s/12m00.0s

running (07m08.0s), 80/80 VUs, 6805 complete and 0 interrupted iterations
sudden_spike   [  59% ] 80/80 VUs  07m08.0s/12m00.0s

running (07m09.0s), 80/80 VUs, 6832 complete and 0 interrupted iterations
sudden_spike   [  60% ] 80/80 VUs  07m09.0s/12m00.0s

running (07m10.0s), 80/80 VUs, 6832 complete and 0 interrupted iterations
sudden_spike   [  60% ] 80/80 VUs  07m10.0s/12m00.0s

running (07m11.0s), 80/80 VUs, 6858 complete and 0 interrupted iterations
sudden_spike   [  60% ] 80/80 VUs  07m11.0s/12m00.0s

running (07m12.0s), 80/80 VUs, 6858 complete and 0 interrupted iterations
sudden_spike   [  60% ] 80/80 VUs  07m12.0s/12m00.0s

running (07m13.0s), 80/80 VUs, 6885 complete and 0 interrupted iterations
sudden_spike   [  60% ] 80/80 VUs  07m13.0s/12m00.0s

running (07m14.0s), 80/80 VUs, 6912 complete and 0 interrupted iterations
sudden_spike   [  60% ] 80/80 VUs  07m14.0s/12m00.0s

running (07m15.0s), 80/80 VUs, 6912 complete and 0 interrupted iterations
sudden_spike   [  60% ] 80/80 VUs  07m15.0s/12m00.0s

running (07m16.0s), 80/80 VUs, 6938 complete and 0 interrupted iterations
sudden_spike   [  61% ] 80/80 VUs  07m16.0s/12m00.0s

running (07m17.0s), 80/80 VUs, 6965 complete and 0 interrupted iterations
sudden_spike   [  61% ] 80/80 VUs  07m17.0s/12m00.0s

running (07m18.0s), 80/80 VUs, 6965 complete and 0 interrupted iterations
sudden_spike   [  61% ] 80/80 VUs  07m18.0s/12m00.0s

running (07m19.0s), 80/80 VUs, 6992 complete and 0 interrupted iterations
sudden_spike   [  61% ] 80/80 VUs  07m19.0s/12m00.0s

running (07m20.0s), 80/80 VUs, 6992 complete and 0 interrupted iterations
sudden_spike   [  61% ] 80/80 VUs  07m20.0s/12m00.0s

running (07m21.0s), 80/80 VUs, 7018 complete and 0 interrupted iterations
sudden_spike   [  61% ] 80/80 VUs  07m21.0s/12m00.0s

running (07m22.0s), 80/80 VUs, 7041 complete and 0 interrupted iterations
sudden_spike   [  61% ] 80/80 VUs  07m22.0s/12m00.0s

running (07m23.0s), 80/80 VUs, 7068 complete and 0 interrupted iterations
sudden_spike   [  62% ] 80/80 VUs  07m23.0s/12m00.0s

running (07m24.0s), 80/80 VUs, 7069 complete and 0 interrupted iterations
sudden_spike   [  62% ] 80/80 VUs  07m24.0s/12m00.0s

running (07m25.0s), 80/80 VUs, 7095 complete and 0 interrupted iterations
sudden_spike   [  62% ] 80/80 VUs  07m25.0s/12m00.0s

running (07m26.0s), 80/80 VUs, 7095 complete and 0 interrupted iterations
sudden_spike   [  62% ] 80/80 VUs  07m26.0s/12m00.0s

running (07m27.0s), 80/80 VUs, 7122 complete and 0 interrupted iterations
sudden_spike   [  62% ] 80/80 VUs  07m27.0s/12m00.0s

running (07m28.0s), 80/80 VUs, 7148 complete and 0 interrupted iterations
sudden_spike   [  62% ] 80/80 VUs  07m28.0s/12m00.0s

running (07m29.0s), 80/80 VUs, 7148 complete and 0 interrupted iterations
sudden_spike   [  62% ] 80/80 VUs  07m29.0s/12m00.0s

running (07m30.0s), 80/80 VUs, 7175 complete and 0 interrupted iterations
sudden_spike   [  62% ] 80/80 VUs  07m30.0s/12m00.0s

running (07m31.0s), 80/80 VUs, 7175 complete and 0 interrupted iterations
sudden_spike   [  63% ] 80/80 VUs  07m31.0s/12m00.0s

running (07m32.0s), 80/80 VUs, 7202 complete and 0 interrupted iterations
sudden_spike   [  63% ] 80/80 VUs  07m32.0s/12m00.0s

running (07m33.0s), 80/80 VUs, 7228 complete and 0 interrupted iterations
sudden_spike   [  63% ] 80/80 VUs  07m33.0s/12m00.0s

running (07m34.0s), 80/80 VUs, 7228 complete and 0 interrupted iterations
sudden_spike   [  63% ] 80/80 VUs  07m34.0s/12m00.0s

running (07m35.0s), 80/80 VUs, 7255 complete and 0 interrupted iterations
sudden_spike   [  63% ] 80/80 VUs  07m35.0s/12m00.0s

running (07m36.0s), 80/80 VUs, 7255 complete and 0 interrupted iterations
sudden_spike   [  63% ] 80/80 VUs  07m36.0s/12m00.0s

running (07m37.0s), 80/80 VUs, 7276 complete and 0 interrupted iterations
sudden_spike   [  63% ] 80/80 VUs  07m37.0s/12m00.0s

running (07m38.0s), 80/80 VUs, 7305 complete and 0 interrupted iterations
sudden_spike   [  64% ] 80/80 VUs  07m38.0s/12m00.0s

running (07m39.0s), 80/80 VUs, 7305 complete and 0 interrupted iterations
sudden_spike   [  64% ] 80/80 VUs  07m39.0s/12m00.0s

running (07m40.0s), 80/80 VUs, 7332 complete and 0 interrupted iterations
sudden_spike   [  64% ] 80/80 VUs  07m40.0s/12m00.0s

running (07m41.0s), 80/80 VUs, 7357 complete and 0 interrupted iterations
sudden_spike   [  64% ] 80/80 VUs  07m41.0s/12m00.0s

running (07m42.0s), 80/80 VUs, 7357 complete and 0 interrupted iterations
sudden_spike   [  64% ] 80/80 VUs  07m42.0s/12m00.0s

running (07m43.0s), 80/80 VUs, 7385 complete and 0 interrupted iterations
sudden_spike   [  64% ] 80/80 VUs  07m43.0s/12m00.0s

running (07m44.0s), 80/80 VUs, 7385 complete and 0 interrupted iterations
sudden_spike   [  64% ] 80/80 VUs  07m44.0s/12m00.0s

running (07m45.0s), 80/80 VUs, 7411 complete and 0 interrupted iterations
sudden_spike   [  65% ] 80/80 VUs  07m45.0s/12m00.0s

running (07m46.0s), 80/80 VUs, 7435 complete and 0 interrupted iterations
sudden_spike   [  65% ] 80/80 VUs  07m46.0s/12m00.0s

running (07m47.0s), 80/80 VUs, 7437 complete and 0 interrupted iterations
sudden_spike   [  65% ] 80/80 VUs  07m47.0s/12m00.0s

running (07m48.0s), 80/80 VUs, 7463 complete and 0 interrupted iterations
sudden_spike   [  65% ] 80/80 VUs  07m48.0s/12m00.0s

running (07m49.0s), 80/80 VUs, 7463 complete and 0 interrupted iterations
sudden_spike   [  65% ] 80/80 VUs  07m49.0s/12m00.0s

running (07m50.0s), 80/80 VUs, 7490 complete and 0 interrupted iterations
sudden_spike   [  65% ] 80/80 VUs  07m50.0s/12m00.0s

running (07m51.0s), 80/80 VUs, 7511 complete and 0 interrupted iterations
sudden_spike   [  65% ] 80/80 VUs  07m51.0s/12m00.0s

running (07m52.0s), 80/80 VUs, 7511 complete and 0 interrupted iterations
sudden_spike   [  66% ] 80/80 VUs  07m52.0s/12m00.0s

running (07m53.0s), 80/80 VUs, 7538 complete and 0 interrupted iterations
sudden_spike   [  66% ] 80/80 VUs  07m53.0s/12m00.0s

running (07m54.0s), 80/80 VUs, 7565 complete and 0 interrupted iterations
sudden_spike   [  66% ] 80/80 VUs  07m54.0s/12m00.0s

running (07m55.0s), 80/80 VUs, 7565 complete and 0 interrupted iterations
sudden_spike   [  66% ] 80/80 VUs  07m55.0s/12m00.0s

running (07m56.0s), 80/80 VUs, 7592 complete and 0 interrupted iterations
sudden_spike   [  66% ] 80/80 VUs  07m56.0s/12m00.0s

running (07m57.0s), 80/80 VUs, 7592 complete and 0 interrupted iterations
sudden_spike   [  66% ] 80/80 VUs  07m57.0s/12m00.0s

running (07m58.0s), 80/80 VUs, 7618 complete and 0 interrupted iterations
sudden_spike   [  66% ] 80/80 VUs  07m58.0s/12m00.0s

running (07m59.0s), 80/80 VUs, 7645 complete and 0 interrupted iterations
sudden_spike   [  67% ] 80/80 VUs  07m59.0s/12m00.0s

running (08m00.0s), 80/80 VUs, 7645 complete and 0 interrupted iterations
sudden_spike   [  67% ] 80/80 VUs  08m00.0s/12m00.0s

running (08m01.0s), 80/80 VUs, 7672 complete and 0 interrupted iterations
sudden_spike   [  67% ] 80/80 VUs  08m01.0s/12m00.0s

running (08m02.0s), 80/80 VUs, 7698 complete and 0 interrupted iterations
sudden_spike   [  67% ] 80/80 VUs  08m02.0s/12m00.0s

running (08m03.0s), 80/80 VUs, 7698 complete and 0 interrupted iterations
sudden_spike   [  67% ] 80/80 VUs  08m03.0s/12m00.0s

running (08m04.0s), 80/80 VUs, 7725 complete and 0 interrupted iterations
sudden_spike   [  67% ] 80/80 VUs  08m04.0s/12m00.0s

running (08m05.0s), 80/80 VUs, 7725 complete and 0 interrupted iterations
sudden_spike   [  67% ] 80/80 VUs  08m05.0s/12m00.0s

running (08m06.0s), 80/80 VUs, 7752 complete and 0 interrupted iterations
sudden_spike   [  67% ] 80/80 VUs  08m06.0s/12m00.0s

running (08m07.0s), 80/80 VUs, 7775 complete and 0 interrupted iterations
sudden_spike   [  68% ] 80/80 VUs  08m07.0s/12m00.0s

running (08m08.0s), 80/80 VUs, 7776 complete and 0 interrupted iterations
sudden_spike   [  68% ] 80/80 VUs  08m08.0s/12m00.0s

running (08m09.0s), 80/80 VUs, 7803 complete and 0 interrupted iterations
sudden_spike   [  68% ] 80/80 VUs  08m09.0s/12m00.0s

running (08m10.0s), 80/80 VUs, 7830 complete and 0 interrupted iterations
sudden_spike   [  68% ] 80/80 VUs  08m10.0s/12m00.0s

running (08m11.0s), 80/80 VUs, 7830 complete and 0 interrupted iterations
sudden_spike   [  68% ] 80/80 VUs  08m11.0s/12m00.0s

running (08m12.0s), 80/80 VUs, 7856 complete and 0 interrupted iterations
sudden_spike   [  68% ] 80/80 VUs  08m12.0s/12m00.0s

running (08m13.0s), 80/80 VUs, 7856 complete and 0 interrupted iterations
sudden_spike   [  68% ] 80/80 VUs  08m13.0s/12m00.0s

running (08m14.0s), 80/80 VUs, 7883 complete and 0 interrupted iterations
sudden_spike   [  69% ] 80/80 VUs  08m14.0s/12m00.0s

running (08m15.0s), 80/80 VUs, 7910 complete and 0 interrupted iterations
sudden_spike   [  69% ] 80/80 VUs  08m15.0s/12m00.0s

running (08m16.0s), 80/80 VUs, 7910 complete and 0 interrupted iterations
sudden_spike   [  69% ] 80/80 VUs  08m16.0s/12m00.0s

running (08m17.0s), 80/80 VUs, 7936 complete and 0 interrupted iterations
sudden_spike   [  69% ] 80/80 VUs  08m17.0s/12m00.0s

running (08m18.0s), 80/80 VUs, 7936 complete and 0 interrupted iterations
sudden_spike   [  69% ] 80/80 VUs  08m18.0s/12m00.0s

running (08m19.0s), 80/80 VUs, 7963 complete and 0 interrupted iterations
sudden_spike   [  69% ] 80/80 VUs  08m19.0s/12m00.0s

running (08m20.0s), 80/80 VUs, 7990 complete and 0 interrupted iterations
sudden_spike   [  69% ] 80/80 VUs  08m20.0s/12m00.0s

running (08m21.0s), 80/80 VUs, 7990 complete and 0 interrupted iterations
sudden_spike   [  70% ] 80/80 VUs  08m21.0s/12m00.0s

running (08m22.0s), 80/80 VUs, 8016 complete and 0 interrupted iterations
sudden_spike   [  70% ] 80/80 VUs  08m22.0s/12m00.0s

running (08m23.0s), 80/80 VUs, 8016 complete and 0 interrupted iterations
sudden_spike   [  70% ] 80/80 VUs  08m23.0s/12m00.0s

running (08m24.0s), 80/80 VUs, 8043 complete and 0 interrupted iterations
sudden_spike   [  70% ] 80/80 VUs  08m24.0s/12m00.0s

running (08m25.0s), 80/80 VUs, 8068 complete and 0 interrupted iterations
sudden_spike   [  70% ] 80/80 VUs  08m25.0s/12m00.0s

running (08m26.0s), 80/80 VUs, 8068 complete and 0 interrupted iterations
sudden_spike   [  70% ] 80/80 VUs  08m26.0s/12m00.0s

running (08m27.0s), 80/80 VUs, 8094 complete and 0 interrupted iterations
sudden_spike   [  70% ] 80/80 VUs  08m27.0s/12m00.0s

running (08m28.0s), 80/80 VUs, 8121 complete and 0 interrupted iterations
sudden_spike   [  71% ] 80/80 VUs  08m28.0s/12m00.0s

running (08m29.0s), 80/80 VUs, 8121 complete and 0 interrupted iterations
sudden_spike   [  71% ] 80/80 VUs  08m29.0s/12m00.0s

running (08m30.0s), 80/80 VUs, 8148 complete and 0 interrupted iterations
sudden_spike   [  71% ] 80/80 VUs  08m30.0s/12m00.0s

running (08m31.0s), 80/80 VUs, 8174 complete and 0 interrupted iterations
sudden_spike   [  71% ] 80/80 VUs  08m31.0s/12m00.0s

running (08m32.0s), 80/80 VUs, 8174 complete and 0 interrupted iterations
sudden_spike   [  71% ] 80/80 VUs  08m32.0s/12m00.0s

running (08m33.0s), 80/80 VUs, 8198 complete and 0 interrupted iterations
sudden_spike   [  71% ] 80/80 VUs  08m33.0s/12m00.0s

running (08m34.0s), 80/80 VUs, 8198 complete and 0 interrupted iterations
sudden_spike   [  71% ] 80/80 VUs  08m34.0s/12m00.0s

running (08m35.0s), 80/80 VUs, 8226 complete and 0 interrupted iterations
sudden_spike   [  72% ] 80/80 VUs  08m35.0s/12m00.0s

running (08m36.0s), 80/80 VUs, 8252 complete and 0 interrupted iterations
sudden_spike   [  72% ] 80/80 VUs  08m36.0s/12m00.0s

running (08m37.0s), 80/80 VUs, 8252 complete and 0 interrupted iterations
sudden_spike   [  72% ] 80/80 VUs  08m37.0s/12m00.0s

running (08m38.0s), 80/80 VUs, 8279 complete and 0 interrupted iterations
sudden_spike   [  72% ] 80/80 VUs  08m38.0s/12m00.0s

running (08m39.0s), 80/80 VUs, 8279 complete and 0 interrupted iterations
sudden_spike   [  72% ] 80/80 VUs  08m39.0s/12m00.0s

running (08m40.0s), 80/80 VUs, 8306 complete and 0 interrupted iterations
sudden_spike   [  72% ] 80/80 VUs  08m40.0s/12m00.0s

running (08m41.0s), 80/80 VUs, 8332 complete and 0 interrupted iterations
sudden_spike   [  72% ] 80/80 VUs  08m41.0s/12m00.0s

running (08m42.0s), 80/80 VUs, 8332 complete and 0 interrupted iterations
sudden_spike   [  72% ] 80/80 VUs  08m42.0s/12m00.0s

running (08m43.0s), 80/80 VUs, 8359 complete and 0 interrupted iterations
sudden_spike   [  73% ] 80/80 VUs  08m43.0s/12m00.0s

running (08m44.0s), 80/80 VUs, 8359 complete and 0 interrupted iterations
sudden_spike   [  73% ] 80/80 VUs  08m44.0s/12m00.0s

running (08m45.0s), 80/80 VUs, 8386 complete and 0 interrupted iterations
sudden_spike   [  73% ] 80/80 VUs  08m45.0s/12m00.0s

running (08m46.0s), 80/80 VUs, 8412 complete and 0 interrupted iterations
sudden_spike   [  73% ] 80/80 VUs  08m46.0s/12m00.0s

running (08m47.0s), 80/80 VUs, 8412 complete and 0 interrupted iterations
sudden_spike   [  73% ] 80/80 VUs  08m47.0s/12m00.0s

running (08m48.0s), 80/80 VUs, 8439 complete and 0 interrupted iterations
sudden_spike   [  73% ] 80/80 VUs  08m48.0s/12m00.0s

running (08m49.0s), 80/80 VUs, 8466 complete and 0 interrupted iterations
sudden_spike   [  73% ] 80/80 VUs  08m49.0s/12m00.0s

running (08m50.0s), 80/80 VUs, 8466 complete and 0 interrupted iterations
sudden_spike   [  74% ] 80/80 VUs  08m50.0s/12m00.0s

running (08m51.0s), 80/80 VUs, 8492 complete and 0 interrupted iterations
sudden_spike   [  74% ] 80/80 VUs  08m51.0s/12m00.0s

running (08m52.0s), 80/80 VUs, 8492 complete and 0 interrupted iterations
sudden_spike   [  74% ] 80/80 VUs  08m52.0s/12m00.0s

running (08m53.0s), 80/80 VUs, 8519 complete and 0 interrupted iterations
sudden_spike   [  74% ] 80/80 VUs  08m53.0s/12m00.0s

running (08m54.0s), 80/80 VUs, 8546 complete and 0 interrupted iterations
sudden_spike   [  74% ] 80/80 VUs  08m54.0s/12m00.0s

running (08m55.0s), 80/80 VUs, 8546 complete and 0 interrupted iterations
sudden_spike   [  74% ] 80/80 VUs  08m55.0s/12m00.0s

running (08m56.0s), 80/80 VUs, 8572 complete and 0 interrupted iterations
sudden_spike   [  74% ] 80/80 VUs  08m56.0s/12m00.0s

running (08m57.0s), 80/80 VUs, 8594 complete and 0 interrupted iterations
sudden_spike   [  75% ] 80/80 VUs  08m57.0s/12m00.0s

running (08m58.0s), 80/80 VUs, 8595 complete and 0 interrupted iterations
sudden_spike   [  75% ] 80/80 VUs  08m58.0s/12m00.0s

running (08m59.0s), 80/80 VUs, 8623 complete and 0 interrupted iterations
sudden_spike   [  75% ] 80/80 VUs  08m59.0s/12m00.0s

running (09m00.0s), 80/80 VUs, 8623 complete and 0 interrupted iterations
sudden_spike   [  75% ] 80/80 VUs  09m00.0s/12m00.0s

running (09m01.0s), 80/80 VUs, 8649 complete and 0 interrupted iterations
sudden_spike   [  75% ] 80/80 VUs  09m01.0s/12m00.0s

running (09m02.0s), 80/80 VUs, 8675 complete and 0 interrupted iterations
sudden_spike   [  75% ] 80/80 VUs  09m02.0s/12m00.0s

running (09m03.0s), 80/80 VUs, 8675 complete and 0 interrupted iterations
sudden_spike   [  75% ] 80/80 VUs  09m03.0s/12m00.0s

running (09m04.0s), 80/80 VUs, 8702 complete and 0 interrupted iterations
sudden_spike   [  76% ] 80/80 VUs  09m04.0s/12m00.0s

running (09m05.0s), 80/80 VUs, 8702 complete and 0 interrupted iterations
sudden_spike   [  76% ] 80/80 VUs  09m05.0s/12m00.0s

running (09m06.0s), 79/80 VUs, 8728 complete and 0 interrupted iterations
sudden_spike   [  76% ] 79/80 VUs  09m06.0s/12m00.0s

running (09m07.0s), 78/80 VUs, 8755 complete and 0 interrupted iterations
sudden_spike   [  76% ] 78/80 VUs  09m07.0s/12m00.0s

running (09m08.0s), 78/80 VUs, 8755 complete and 0 interrupted iterations
sudden_spike   [  76% ] 78/80 VUs  09m08.0s/12m00.0s

running (09m09.0s), 77/80 VUs, 8782 complete and 0 interrupted iterations
sudden_spike   [  76% ] 77/80 VUs  09m09.0s/12m00.0s

running (09m10.0s), 77/80 VUs, 8808 complete and 0 interrupted iterations
sudden_spike   [  76% ] 77/80 VUs  09m10.0s/12m00.0s

running (09m11.0s), 77/80 VUs, 8808 complete and 0 interrupted iterations
sudden_spike   [  77% ] 77/80 VUs  09m11.0s/12m00.0s

running (09m12.0s), 76/80 VUs, 8835 complete and 0 interrupted iterations
sudden_spike   [  77% ] 76/80 VUs  09m12.0s/12m00.0s

running (09m13.0s), 75/80 VUs, 8862 complete and 0 interrupted iterations
sudden_spike   [  77% ] 75/80 VUs  09m13.0s/12m00.0s

running (09m14.0s), 75/80 VUs, 8862 complete and 0 interrupted iterations
sudden_spike   [  77% ] 75/80 VUs  09m14.0s/12m00.0s

running (09m15.0s), 75/80 VUs, 8888 complete and 0 interrupted iterations
sudden_spike   [  77% ] 75/80 VUs  09m15.0s/12m00.0s

running (09m16.0s), 74/80 VUs, 8915 complete and 0 interrupted iterations
sudden_spike   [  77% ] 74/80 VUs  09m16.0s/12m00.0s

running (09m17.0s), 74/80 VUs, 8915 complete and 0 interrupted iterations
sudden_spike   [  77% ] 74/80 VUs  09m17.0s/12m00.0s

running (09m18.0s), 74/80 VUs, 8942 complete and 0 interrupted iterations
sudden_spike   [  77% ] 74/80 VUs  09m18.0s/12m00.0s

running (09m19.0s), 73/80 VUs, 8968 complete and 0 interrupted iterations
sudden_spike   [  78% ] 73/80 VUs  09m19.0s/12m00.0s

running (09m20.0s), 73/80 VUs, 8968 complete and 0 interrupted iterations
sudden_spike   [  78% ] 73/80 VUs  09m20.0s/12m00.0s

running (09m21.0s), 73/80 VUs, 8991 complete and 0 interrupted iterations
sudden_spike   [  78% ] 73/80 VUs  09m21.0s/12m00.0s

running (09m22.0s), 72/80 VUs, 9018 complete and 0 interrupted iterations
sudden_spike   [  78% ] 72/80 VUs  09m22.0s/12m00.0s

running (09m23.0s), 71/80 VUs, 9044 complete and 0 interrupted iterations
sudden_spike   [  78% ] 71/80 VUs  09m23.0s/12m00.0s

running (09m24.0s), 71/80 VUs, 9044 complete and 0 interrupted iterations
sudden_spike   [  78% ] 71/80 VUs  09m24.0s/12m00.0s

running (09m25.0s), 70/80 VUs, 9071 complete and 0 interrupted iterations
sudden_spike   [  78% ] 70/80 VUs  09m25.0s/12m00.0s

running (09m26.0s), 70/80 VUs, 9098 complete and 0 interrupted iterations
sudden_spike   [  79% ] 70/80 VUs  09m26.0s/12m00.0s

running (09m27.0s), 69/80 VUs, 9124 complete and 0 interrupted iterations
sudden_spike   [  79% ] 69/80 VUs  09m27.0s/12m00.0s

running (09m28.0s), 69/80 VUs, 9129 complete and 0 interrupted iterations
sudden_spike   [  79% ] 69/80 VUs  09m28.0s/12m00.0s

running (09m29.0s), 69/80 VUs, 9151 complete and 0 interrupted iterations
sudden_spike   [  79% ] 69/80 VUs  09m29.0s/12m00.0s

running (09m30.0s), 68/80 VUs, 9178 complete and 0 interrupted iterations
sudden_spike   [  79% ] 68/80 VUs  09m30.0s/12m00.0s

running (09m31.0s), 68/80 VUs, 9204 complete and 0 interrupted iterations
sudden_spike   [  79% ] 68/80 VUs  09m31.0s/12m00.0s

running (09m32.0s), 68/80 VUs, 9229 complete and 0 interrupted iterations
sudden_spike   [  79% ] 68/80 VUs  09m32.0s/12m00.0s

running (09m33.0s), 67/80 VUs, 9257 complete and 0 interrupted iterations
sudden_spike   [  80% ] 67/80 VUs  09m33.0s/12m00.0s

running (09m34.0s), 67/80 VUs, 9257 complete and 0 interrupted iterations
sudden_spike   [  80% ] 67/80 VUs  09m34.0s/12m00.0s

running (09m35.0s), 66/80 VUs, 9283 complete and 0 interrupted iterations
sudden_spike   [  80% ] 66/80 VUs  09m35.0s/12m00.0s

running (09m36.0s), 65/80 VUs, 9310 complete and 0 interrupted iterations
sudden_spike   [  80% ] 65/80 VUs  09m36.0s/12m00.0s

running (09m37.0s), 65/80 VUs, 9337 complete and 0 interrupted iterations
sudden_spike   [  80% ] 65/80 VUs  09m37.0s/12m00.0s

running (09m38.0s), 64/80 VUs, 9363 complete and 0 interrupted iterations
sudden_spike   [  80% ] 64/80 VUs  09m38.0s/12m00.0s

running (09m39.0s), 64/80 VUs, 9390 complete and 0 interrupted iterations
sudden_spike   [  80% ] 64/80 VUs  09m39.0s/12m00.0s

running (09m40.0s), 64/80 VUs, 9412 complete and 0 interrupted iterations
sudden_spike   [  81% ] 64/80 VUs  09m40.0s/12m00.0s

running (09m41.0s), 63/80 VUs, 9417 complete and 0 interrupted iterations
sudden_spike   [  81% ] 63/80 VUs  09m41.0s/12m00.0s

running (09m42.0s), 63/80 VUs, 9443 complete and 0 interrupted iterations
sudden_spike   [  81% ] 63/80 VUs  09m42.0s/12m00.0s

running (09m43.0s), 63/80 VUs, 9470 complete and 0 interrupted iterations
sudden_spike   [  81% ] 63/80 VUs  09m43.0s/12m00.0s

running (09m44.0s), 61/80 VUs, 9497 complete and 0 interrupted iterations
sudden_spike   [  81% ] 61/80 VUs  09m44.0s/12m00.0s

running (09m45.0s), 61/80 VUs, 9523 complete and 0 interrupted iterations
sudden_spike   [  81% ] 61/80 VUs  09m45.0s/12m00.0s

running (09m46.0s), 60/80 VUs, 9550 complete and 0 interrupted iterations
sudden_spike   [  81% ] 60/80 VUs  09m46.0s/12m00.0s

running (09m47.0s), 60/80 VUs, 9577 complete and 0 interrupted iterations
sudden_spike   [  82% ] 60/80 VUs  09m47.0s/12m00.0s

running (09m48.0s), 60/80 VUs, 9622 complete and 0 interrupted iterations
sudden_spike   [  82% ] 60/80 VUs  09m48.0s/12m00.0s

running (09m49.0s), 60/80 VUs, 9650 complete and 0 interrupted iterations
sudden_spike   [  82% ] 60/80 VUs  09m49.0s/12m00.0s

running (09m50.0s), 59/80 VUs, 9676 complete and 0 interrupted iterations
sudden_spike   [  82% ] 59/80 VUs  09m50.0s/12m00.0s

running (09m51.0s), 58/80 VUs, 9706 complete and 0 interrupted iterations
sudden_spike   [  82% ] 58/80 VUs  09m51.0s/12m00.0s

running (09m52.0s), 58/80 VUs, 9745 complete and 0 interrupted iterations
sudden_spike   [  82% ] 58/80 VUs  09m52.0s/12m00.0s

running (09m53.0s), 58/80 VUs, 9777 complete and 0 interrupted iterations
sudden_spike   [  82% ] 58/80 VUs  09m53.0s/12m00.0s

running (09m54.0s), 57/80 VUs, 9811 complete and 0 interrupted iterations
sudden_spike   [  82% ] 57/80 VUs  09m54.0s/12m00.0s

running (09m55.0s), 57/80 VUs, 9850 complete and 0 interrupted iterations
sudden_spike   [  83% ] 57/80 VUs  09m55.0s/12m00.0s

running (09m56.0s), 56/80 VUs, 9878 complete and 0 interrupted iterations
sudden_spike   [  83% ] 56/80 VUs  09m56.0s/12m00.0s

running (09m57.0s), 55/80 VUs, 9918 complete and 0 interrupted iterations
sudden_spike   [  83% ] 55/80 VUs  09m57.0s/12m00.0s

running (09m58.0s), 55/80 VUs, 9959 complete and 0 interrupted iterations
sudden_spike   [  83% ] 55/80 VUs  09m58.0s/12m00.0s

running (09m59.0s), 55/80 VUs, 9989 complete and 0 interrupted iterations
sudden_spike   [  83% ] 55/80 VUs  09m59.0s/12m00.0s

running (10m00.0s), 54/80 VUs, 10027 complete and 0 interrupted iterations
sudden_spike   [  83% ] 54/80 VUs  10m00.0s/12m00.0s

running (10m01.0s), 54/80 VUs, 10066 complete and 0 interrupted iterations
sudden_spike   [  83% ] 54/80 VUs  10m01.0s/12m00.0s

running (10m02.0s), 53/80 VUs, 10106 complete and 0 interrupted iterations
sudden_spike   [  84% ] 53/80 VUs  10m02.0s/12m00.0s

running (10m03.0s), 53/80 VUs, 10144 complete and 0 interrupted iterations
sudden_spike   [  84% ] 53/80 VUs  10m03.0s/12m00.0s

running (10m04.0s), 52/80 VUs, 10180 complete and 0 interrupted iterations
sudden_spike   [  84% ] 52/80 VUs  10m04.0s/12m00.0s

running (10m05.0s), 52/80 VUs, 10223 complete and 0 interrupted iterations
sudden_spike   [  84% ] 52/80 VUs  10m05.0s/12m00.0s

running (10m06.0s), 51/80 VUs, 10261 complete and 0 interrupted iterations
sudden_spike   [  84% ] 51/80 VUs  10m06.0s/12m00.0s

running (10m07.0s), 51/80 VUs, 10299 complete and 0 interrupted iterations
sudden_spike   [  84% ] 51/80 VUs  10m07.0s/12m00.0s

running (10m08.0s), 50/80 VUs, 10339 complete and 0 interrupted iterations
sudden_spike   [  84% ] 50/80 VUs  10m08.0s/12m00.0s

running (10m09.0s), 50/80 VUs, 10382 complete and 0 interrupted iterations
sudden_spike   [  85% ] 50/80 VUs  10m09.0s/12m00.0s

running (10m10.0s), 50/80 VUs, 10422 complete and 0 interrupted iterations
sudden_spike   [  85% ] 50/80 VUs  10m10.0s/12m00.0s

running (10m11.0s), 49/80 VUs, 10465 complete and 0 interrupted iterations
sudden_spike   [  85% ] 49/80 VUs  10m11.0s/12m00.0s

running (10m12.0s), 49/80 VUs, 10506 complete and 0 interrupted iterations
sudden_spike   [  85% ] 49/80 VUs  10m12.0s/12m00.0s

running (10m13.0s), 48/80 VUs, 10546 complete and 0 interrupted iterations
sudden_spike   [  85% ] 48/80 VUs  10m13.0s/12m00.0s

running (10m14.0s), 48/80 VUs, 10595 complete and 0 interrupted iterations
sudden_spike   [  85% ] 48/80 VUs  10m14.0s/12m00.0s

running (10m15.0s), 47/80 VUs, 10637 complete and 0 interrupted iterations
sudden_spike   [  85% ] 47/80 VUs  10m15.0s/12m00.0s

running (10m16.0s), 47/80 VUs, 10681 complete and 0 interrupted iterations
sudden_spike   [  86% ] 47/80 VUs  10m16.0s/12m00.0s

running (10m17.0s), 47/80 VUs, 10721 complete and 0 interrupted iterations
sudden_spike   [  86% ] 47/80 VUs  10m17.0s/12m00.0s

running (10m18.0s), 46/80 VUs, 10769 complete and 0 interrupted iterations
sudden_spike   [  86% ] 46/80 VUs  10m18.0s/12m00.0s

running (10m19.0s), 46/80 VUs, 10814 complete and 0 interrupted iterations
sudden_spike   [  86% ] 46/80 VUs  10m19.0s/12m00.0s

running (10m20.0s), 45/80 VUs, 10858 complete and 0 interrupted iterations
sudden_spike   [  86% ] 45/80 VUs  10m20.0s/12m00.0s

running (10m21.0s), 45/80 VUs, 10905 complete and 0 interrupted iterations
sudden_spike   [  86% ] 45/80 VUs  10m21.0s/12m00.0s

running (10m22.0s), 44/80 VUs, 10949 complete and 0 interrupted iterations
sudden_spike   [  86% ] 44/80 VUs  10m22.0s/12m00.0s

running (10m23.0s), 44/80 VUs, 10995 complete and 0 interrupted iterations
sudden_spike   [  87% ] 44/80 VUs  10m23.0s/12m00.0s

running (10m24.0s), 43/80 VUs, 11043 complete and 0 interrupted iterations
sudden_spike   [  87% ] 43/80 VUs  10m24.0s/12m00.0s

running (10m25.0s), 43/80 VUs, 11087 complete and 0 interrupted iterations
sudden_spike   [  87% ] 43/80 VUs  10m25.0s/12m00.0s

running (10m26.0s), 42/80 VUs, 11136 complete and 0 interrupted iterations
sudden_spike   [  87% ] 42/80 VUs  10m26.0s/12m00.0s

running (10m27.0s), 42/80 VUs, 11186 complete and 0 interrupted iterations
sudden_spike   [  87% ] 42/80 VUs  10m27.0s/12m00.0s

running (10m28.0s), 42/80 VUs, 11235 complete and 0 interrupted iterations
sudden_spike   [  87% ] 42/80 VUs  10m28.0s/12m00.0s

running (10m29.0s), 41/80 VUs, 11287 complete and 0 interrupted iterations
sudden_spike   [  87% ] 41/80 VUs  10m29.0s/12m00.0s

running (10m30.0s), 41/80 VUs, 11336 complete and 0 interrupted iterations
sudden_spike   [  87% ] 41/80 VUs  10m30.0s/12m00.0s

running (10m31.0s), 40/80 VUs, 11385 complete and 0 interrupted iterations
sudden_spike   [  88% ] 40/80 VUs  10m31.0s/12m00.0s

running (10m32.0s), 40/80 VUs, 11433 complete and 0 interrupted iterations
sudden_spike   [  88% ] 40/80 VUs  10m32.0s/12m00.0s

running (10m33.0s), 39/80 VUs, 11489 complete and 0 interrupted iterations
sudden_spike   [  88% ] 39/80 VUs  10m33.0s/12m00.0s

running (10m34.0s), 39/80 VUs, 11540 complete and 0 interrupted iterations
sudden_spike   [  88% ] 39/80 VUs  10m34.0s/12m00.0s

running (10m35.0s), 39/80 VUs, 11590 complete and 0 interrupted iterations
sudden_spike   [  88% ] 39/80 VUs  10m35.0s/12m00.0s

running (10m36.0s), 38/80 VUs, 11643 complete and 0 interrupted iterations
sudden_spike   [  88% ] 38/80 VUs  10m36.0s/12m00.0s

running (10m37.0s), 38/80 VUs, 11690 complete and 0 interrupted iterations
sudden_spike   [  88% ] 38/80 VUs  10m37.0s/12m00.0s

running (10m38.0s), 37/80 VUs, 11742 complete and 0 interrupted iterations
sudden_spike   [  89% ] 37/80 VUs  10m38.0s/12m00.0s

running (10m39.0s), 37/80 VUs, 11793 complete and 0 interrupted iterations
sudden_spike   [  89% ] 37/80 VUs  10m39.0s/12m00.0s

running (10m40.0s), 36/80 VUs, 11844 complete and 0 interrupted iterations
sudden_spike   [  89% ] 36/80 VUs  10m40.0s/12m00.0s

running (10m41.0s), 36/80 VUs, 11892 complete and 0 interrupted iterations
sudden_spike   [  89% ] 36/80 VUs  10m41.0s/12m00.0s

running (10m42.0s), 35/80 VUs, 11941 complete and 0 interrupted iterations
sudden_spike   [  89% ] 35/80 VUs  10m42.0s/12m00.0s

running (10m43.0s), 35/80 VUs, 11995 complete and 0 interrupted iterations
sudden_spike   [  89% ] 35/80 VUs  10m43.0s/12m00.0s

running (10m44.0s), 34/80 VUs, 12041 complete and 0 interrupted iterations
sudden_spike   [  89% ] 34/80 VUs  10m44.0s/12m00.0s

running (10m45.0s), 34/80 VUs, 12085 complete and 0 interrupted iterations
sudden_spike   [  90% ] 34/80 VUs  10m45.0s/12m00.0s

running (10m46.0s), 34/80 VUs, 12132 complete and 0 interrupted iterations
sudden_spike   [  90% ] 34/80 VUs  10m46.0s/12m00.0s

running (10m47.0s), 33/80 VUs, 12182 complete and 0 interrupted iterations
sudden_spike   [  90% ] 33/80 VUs  10m47.0s/12m00.0s

running (10m48.0s), 33/80 VUs, 12229 complete and 0 interrupted iterations
sudden_spike   [  90% ] 33/80 VUs  10m48.0s/12m00.0s

running (10m49.0s), 32/80 VUs, 12275 complete and 0 interrupted iterations
sudden_spike   [  90% ] 32/80 VUs  10m49.0s/12m00.0s

running (10m50.0s), 32/80 VUs, 12316 complete and 0 interrupted iterations
sudden_spike   [  90% ] 32/80 VUs  10m50.0s/12m00.0s

running (10m51.0s), 31/80 VUs, 12365 complete and 0 interrupted iterations
sudden_spike   [  90% ] 31/80 VUs  10m51.0s/12m00.0s

running (10m52.0s), 31/80 VUs, 12408 complete and 0 interrupted iterations
sudden_spike   [  91% ] 31/80 VUs  10m52.0s/12m00.0s

running (10m53.0s), 30/80 VUs, 12449 complete and 0 interrupted iterations
sudden_spike   [  91% ] 30/80 VUs  10m53.0s/12m00.0s

running (10m54.0s), 30/80 VUs, 12492 complete and 0 interrupted iterations
sudden_spike   [  91% ] 30/80 VUs  10m54.0s/12m00.0s

running (10m55.0s), 30/80 VUs, 12534 complete and 0 interrupted iterations
sudden_spike   [  91% ] 30/80 VUs  10m55.0s/12m00.0s

running (10m56.0s), 29/80 VUs, 12577 complete and 0 interrupted iterations
sudden_spike   [  91% ] 29/80 VUs  10m56.0s/12m00.0s

running (10m57.0s), 29/80 VUs, 12617 complete and 0 interrupted iterations
sudden_spike   [  91% ] 29/80 VUs  10m57.0s/12m00.0s

running (10m58.0s), 28/80 VUs, 12660 complete and 0 interrupted iterations
sudden_spike   [  91% ] 28/80 VUs  10m58.0s/12m00.0s

running (10m59.0s), 28/80 VUs, 12695 complete and 0 interrupted iterations
sudden_spike   [  92% ] 28/80 VUs  10m59.0s/12m00.0s

running (11m00.0s), 27/80 VUs, 12738 complete and 0 interrupted iterations
sudden_spike   [  92% ] 27/80 VUs  11m00.0s/12m00.0s

running (11m01.0s), 27/80 VUs, 12772 complete and 0 interrupted iterations
sudden_spike   [  92% ] 27/80 VUs  11m01.0s/12m00.0s

running (11m02.0s), 27/80 VUs, 12813 complete and 0 interrupted iterations
sudden_spike   [  92% ] 27/80 VUs  11m02.0s/12m00.0s

running (11m03.0s), 26/80 VUs, 12849 complete and 0 interrupted iterations
sudden_spike   [  92% ] 26/80 VUs  11m03.0s/12m00.0s

running (11m04.0s), 26/80 VUs, 12885 complete and 0 interrupted iterations
sudden_spike   [  92% ] 26/80 VUs  11m04.0s/12m00.0s

running (11m05.0s), 25/80 VUs, 12919 complete and 0 interrupted iterations
sudden_spike   [  92% ] 25/80 VUs  11m05.0s/12m00.0s

running (11m06.0s), 25/80 VUs, 12955 complete and 0 interrupted iterations
sudden_spike   [  92% ] 25/80 VUs  11m06.0s/12m00.0s

running (11m07.0s), 24/80 VUs, 12989 complete and 0 interrupted iterations
sudden_spike   [  93% ] 24/80 VUs  11m07.0s/12m00.0s

running (11m08.0s), 24/80 VUs, 13019 complete and 0 interrupted iterations
sudden_spike   [  93% ] 24/80 VUs  11m08.0s/12m00.0s

running (11m09.0s), 24/80 VUs, 13049 complete and 0 interrupted iterations
sudden_spike   [  93% ] 24/80 VUs  11m09.0s/12m00.0s

running (11m10.0s), 23/80 VUs, 13084 complete and 0 interrupted iterations
sudden_spike   [  93% ] 23/80 VUs  11m10.0s/12m00.0s

running (11m11.0s), 23/80 VUs, 13115 complete and 0 interrupted iterations
sudden_spike   [  93% ] 23/80 VUs  11m11.0s/12m00.0s

running (11m12.0s), 22/80 VUs, 13149 complete and 0 interrupted iterations
sudden_spike   [  93% ] 22/80 VUs  11m12.0s/12m00.0s

running (11m13.0s), 22/80 VUs, 13178 complete and 0 interrupted iterations
sudden_spike   [  93% ] 22/80 VUs  11m13.0s/12m00.0s

running (11m14.0s), 21/80 VUs, 13208 complete and 0 interrupted iterations
sudden_spike   [  94% ] 21/80 VUs  11m14.0s/12m00.0s

running (11m15.0s), 21/80 VUs, 13237 complete and 0 interrupted iterations
sudden_spike   [  94% ] 21/80 VUs  11m15.0s/12m00.0s

running (11m16.0s), 20/80 VUs, 13266 complete and 0 interrupted iterations
sudden_spike   [  94% ] 20/80 VUs  11m16.0s/12m00.0s

running (11m17.0s), 20/80 VUs, 13298 complete and 0 interrupted iterations
sudden_spike   [  94% ] 20/80 VUs  11m17.0s/12m00.0s

running (11m18.0s), 19/80 VUs, 13325 complete and 0 interrupted iterations
sudden_spike   [  94% ] 19/80 VUs  11m18.0s/12m00.0s

running (11m19.0s), 19/80 VUs, 13356 complete and 0 interrupted iterations
sudden_spike   [  94% ] 19/80 VUs  11m19.0s/12m00.0s

running (11m20.0s), 18/80 VUs, 13381 complete and 0 interrupted iterations
sudden_spike   [  94% ] 18/80 VUs  11m20.0s/12m00.0s

running (11m21.0s), 18/80 VUs, 13409 complete and 0 interrupted iterations
sudden_spike   [  95% ] 18/80 VUs  11m21.0s/12m00.0s

running (11m22.0s), 18/80 VUs, 13431 complete and 0 interrupted iterations
sudden_spike   [  95% ] 18/80 VUs  11m22.0s/12m00.0s

running (11m23.0s), 17/80 VUs, 13457 complete and 0 interrupted iterations
sudden_spike   [  95% ] 17/80 VUs  11m23.0s/12m00.0s

running (11m24.0s), 17/80 VUs, 13479 complete and 0 interrupted iterations
sudden_spike   [  95% ] 17/80 VUs  11m24.0s/12m00.0s

running (11m25.0s), 16/80 VUs, 13503 complete and 0 interrupted iterations
sudden_spike   [  95% ] 16/80 VUs  11m25.0s/12m00.0s

running (11m26.0s), 16/80 VUs, 13526 complete and 0 interrupted iterations
sudden_spike   [  95% ] 16/80 VUs  11m26.0s/12m00.0s

running (11m27.0s), 15/80 VUs, 13547 complete and 0 interrupted iterations
sudden_spike   [  95% ] 15/80 VUs  11m27.0s/12m00.0s

running (11m28.0s), 15/80 VUs, 13569 complete and 0 interrupted iterations
sudden_spike   [  96% ] 15/80 VUs  11m28.0s/12m00.0s

running (11m29.0s), 14/80 VUs, 13592 complete and 0 interrupted iterations
sudden_spike   [  96% ] 14/80 VUs  11m29.0s/12m00.0s

running (11m30.0s), 14/80 VUs, 13610 complete and 0 interrupted iterations
sudden_spike   [  96% ] 14/80 VUs  11m30.0s/12m00.0s

running (11m31.0s), 13/80 VUs, 13631 complete and 0 interrupted iterations
sudden_spike   [  96% ] 13/80 VUs  11m31.0s/12m00.0s

running (11m32.0s), 13/80 VUs, 13648 complete and 0 interrupted iterations
sudden_spike   [  96% ] 13/80 VUs  11m32.0s/12m00.0s

running (11m33.0s), 13/80 VUs, 13663 complete and 0 interrupted iterations
sudden_spike   [  96% ] 13/80 VUs  11m33.0s/12m00.0s

running (11m34.0s), 12/80 VUs, 13683 complete and 0 interrupted iterations
sudden_spike   [  96% ] 12/80 VUs  11m34.0s/12m00.0s

running (11m35.0s), 12/80 VUs, 13699 complete and 0 interrupted iterations
sudden_spike   [  97% ] 12/80 VUs  11m35.0s/12m00.0s

running (11m36.0s), 11/80 VUs, 13716 complete and 0 interrupted iterations
sudden_spike   [  97% ] 11/80 VUs  11m36.0s/12m00.0s

running (11m37.0s), 11/80 VUs, 13731 complete and 0 interrupted iterations
sudden_spike   [  97% ] 11/80 VUs  11m37.0s/12m00.0s

running (11m38.0s), 11/80 VUs, 13749 complete and 0 interrupted iterations
sudden_spike   [  97% ] 11/80 VUs  11m38.0s/12m00.0s

running (11m39.0s), 10/80 VUs, 13766 complete and 0 interrupted iterations
sudden_spike   [  97% ] 10/80 VUs  11m39.0s/12m00.0s

running (11m40.0s), 09/80 VUs, 13779 complete and 0 interrupted iterations
sudden_spike   [  97% ] 09/80 VUs  11m40.0s/12m00.0s

running (11m41.0s), 09/80 VUs, 13790 complete and 0 interrupted iterations
sudden_spike   [  97% ] 09/80 VUs  11m41.0s/12m00.0s

running (11m42.0s), 09/80 VUs, 13804 complete and 0 interrupted iterations
sudden_spike   [  97% ] 09/80 VUs  11m42.0s/12m00.0s

running (11m43.0s), 08/80 VUs, 13815 complete and 0 interrupted iterations
sudden_spike   [  98% ] 08/80 VUs  11m43.0s/12m00.0s

running (11m44.0s), 08/80 VUs, 13827 complete and 0 interrupted iterations
sudden_spike   [  98% ] 08/80 VUs  11m44.0s/12m00.0s

running (11m45.0s), 07/80 VUs, 13837 complete and 0 interrupted iterations
sudden_spike   [  98% ] 07/80 VUs  11m45.0s/12m00.0s

running (11m46.0s), 07/80 VUs, 13849 complete and 0 interrupted iterations
sudden_spike   [  98% ] 07/80 VUs  11m46.0s/12m00.0s

running (11m47.0s), 07/80 VUs, 13857 complete and 0 interrupted iterations
sudden_spike   [  98% ] 07/80 VUs  11m47.0s/12m00.0s

running (11m48.0s), 06/80 VUs, 13866 complete and 0 interrupted iterations
sudden_spike   [  98% ] 06/80 VUs  11m48.0s/12m00.0s

running (11m49.0s), 05/80 VUs, 13874 complete and 0 interrupted iterations
sudden_spike   [  98% ] 05/80 VUs  11m49.0s/12m00.0s

running (11m50.0s), 05/80 VUs, 13882 complete and 0 interrupted iterations
sudden_spike   [  99% ] 05/80 VUs  11m50.0s/12m00.0s

running (11m51.0s), 05/80 VUs, 13889 complete and 0 interrupted iterations
sudden_spike   [  99% ] 05/80 VUs  11m51.0s/12m00.0s

running (11m52.0s), 04/80 VUs, 13897 complete and 0 interrupted iterations
sudden_spike   [  99% ] 04/80 VUs  11m52.0s/12m00.0s

running (11m53.0s), 04/80 VUs, 13901 complete and 0 interrupted iterations
sudden_spike   [  99% ] 04/80 VUs  11m53.0s/12m00.0s

running (11m54.0s), 03/80 VUs, 13907 complete and 0 interrupted iterations
sudden_spike   [  99% ] 03/80 VUs  11m54.0s/12m00.0s

running (11m55.0s), 03/80 VUs, 13913 complete and 0 interrupted iterations
sudden_spike   [  99% ] 03/80 VUs  11m55.0s/12m00.0s

running (11m56.0s), 03/80 VUs, 13917 complete and 0 interrupted iterations
sudden_spike   [  99% ] 03/80 VUs  11m56.0s/12m00.0s

running (11m57.0s), 02/80 VUs, 13920 complete and 0 interrupted iterations
sudden_spike   [ 100% ] 02/80 VUs  11m57.0s/12m00.0s

running (11m58.0s), 01/80 VUs, 13923 complete and 0 interrupted iterations
sudden_spike   [ 100% ] 01/80 VUs  11m58.0s/12m00.0s

running (11m59.0s), 01/80 VUs, 13924 complete and 0 interrupted iterations
sudden_spike   [ 100% ] 01/80 VUs  11m59.0s/12m00.0s

running (12m00.0s), 01/80 VUs, 13926 complete and 0 interrupted iterations
sudden_spike   [ 100% ] 01/80 VUs  12m00.0s/12m00.0s

     ✓ status is 200
     ✓ returns quotes
     ✗ response time <2000ms
      ↳  45% — ✓ 6312 / ✗ 7615

     checks.........................: 81.77% ✓ 34166    ✗ 7615 
     data_received..................: 10 MB  14 kB/s
     data_sent......................: 6.2 MB 8.6 kB/s
     http_req_blocked...............: avg=56.95µs min=792ns    med=2.24µs  max=65.78ms  p(90)=3.67µs  p(95)=4.29µs 
     http_req_connecting............: avg=8.59µs  min=0s       med=0s      max=29.49ms  p(90)=0s      p(95)=0s     
   ✗ http_req_duration..............: avg=3s      min=469.65ms med=3.99s   max=9.3s     p(90)=4.99s   p(95)=5.07s  
       { expected_response:true }...: avg=3s      min=469.65ms med=3.99s   max=9.3s     p(90)=4.99s   p(95)=5.07s  
   ✓ http_req_failed................: 0.00%  ✓ 0        ✗ 13927
     http_req_receiving.............: avg=7.74ms  min=19.49µs  med=2.89ms  max=523.19ms p(90)=9.62ms  p(95)=60.51ms
     http_req_sending...............: avg=19.39µs min=7.17µs   med=16.99µs max=636.27µs p(90)=29.78µs p(95)=34.42µs
     http_req_tls_handshaking.......: avg=0s      min=0s       med=0s      max=0s       p(90)=0s      p(95)=0s     
     http_req_waiting...............: avg=2.99s   min=469.52ms med=3.98s   max=9.3s     p(90)=4.99s   p(95)=5.06s  
     http_reqs......................: 13927  19.33155/s
     iteration_duration.............: avg=3s      min=469.87ms med=3.99s   max=9.3s     p(90)=4.99s   p(95)=5.07s  
     iterations.....................: 13927  19.33155/s
     vus............................: 1      min=1      max=80 
     vus_max........................: 80     min=80     max=80 


running (12m00.4s), 00/80 VUs, 13927 complete and 0 interrupted iterations
sudden_spike ✓ [ 100% ] 00/80 VUs  12m0s
time="2026-05-06T17:41:24Z" level=error msg="thresholds on metrics 'http_req_duration' have been crossed"
