
          /\      |‾‾| /‾‾/   /‾‾/   
     /\  /  \     |  |/  /   /  /    
    /  \/    \    |     (   /   ‾‾\  
   /          \   |  |\  \ |  (‾)  | 
  / __________ \  |__| \__\ \_____/ .io

  execution: local
     script: /scripts/load-test.js
     output: json (/results/results.json)

  scenarios: (100.00%) 1 scenario, 80 max VUs, 12m30s max duration (incl. graceful stop):
           * oscillating: Up to 80 looping VUs for 12m0s over 12 stages (gracefulRampDown: 30s, gracefulStop: 30s)


running (00m00.9s), 10/80 VUs, 10 complete and 0 interrupted iterations
oscillating   [   0% ] 10/80 VUs  00m00.9s/12m00.0s

running (00m01.9s), 10/80 VUs, 21 complete and 0 interrupted iterations
oscillating   [   0% ] 10/80 VUs  00m01.9s/12m00.0s

running (00m02.9s), 10/80 VUs, 33 complete and 0 interrupted iterations
oscillating   [   0% ] 10/80 VUs  00m02.9s/12m00.0s

running (00m03.9s), 10/80 VUs, 50 complete and 0 interrupted iterations
oscillating   [   1% ] 10/80 VUs  00m03.9s/12m00.0s

running (00m04.9s), 10/80 VUs, 64 complete and 0 interrupted iterations
oscillating   [   1% ] 10/80 VUs  00m04.9s/12m00.0s

running (00m05.9s), 10/80 VUs, 77 complete and 0 interrupted iterations
oscillating   [   1% ] 10/80 VUs  00m05.9s/12m00.0s

running (00m06.9s), 10/80 VUs, 91 complete and 0 interrupted iterations
oscillating   [   1% ] 10/80 VUs  00m06.9s/12m00.0s

running (00m07.9s), 10/80 VUs, 103 complete and 0 interrupted iterations
oscillating   [   1% ] 10/80 VUs  00m07.9s/12m00.0s

running (00m08.9s), 10/80 VUs, 118 complete and 0 interrupted iterations
oscillating   [   1% ] 10/80 VUs  00m08.9s/12m00.0s

running (00m09.9s), 10/80 VUs, 134 complete and 0 interrupted iterations
oscillating   [   1% ] 10/80 VUs  00m09.9s/12m00.0s

running (00m10.9s), 10/80 VUs, 147 complete and 0 interrupted iterations
oscillating   [   2% ] 10/80 VUs  00m10.9s/12m00.0s

running (00m11.9s), 10/80 VUs, 160 complete and 0 interrupted iterations
oscillating   [   2% ] 10/80 VUs  00m11.9s/12m00.0s

running (00m12.9s), 10/80 VUs, 174 complete and 0 interrupted iterations
oscillating   [   2% ] 10/80 VUs  00m12.9s/12m00.0s

running (00m13.9s), 10/80 VUs, 188 complete and 0 interrupted iterations
oscillating   [   2% ] 10/80 VUs  00m13.9s/12m00.0s

running (00m14.9s), 10/80 VUs, 202 complete and 0 interrupted iterations
oscillating   [   2% ] 10/80 VUs  00m14.9s/12m00.0s

running (00m15.9s), 10/80 VUs, 215 complete and 0 interrupted iterations
oscillating   [   2% ] 10/80 VUs  00m15.9s/12m00.0s

running (00m16.9s), 10/80 VUs, 230 complete and 0 interrupted iterations
oscillating   [   2% ] 10/80 VUs  00m16.9s/12m00.0s

running (00m17.9s), 10/80 VUs, 243 complete and 0 interrupted iterations
oscillating   [   2% ] 10/80 VUs  00m17.9s/12m00.0s

running (00m18.9s), 10/80 VUs, 259 complete and 0 interrupted iterations
oscillating   [   3% ] 10/80 VUs  00m18.9s/12m00.0s

running (00m19.9s), 10/80 VUs, 274 complete and 0 interrupted iterations
oscillating   [   3% ] 10/80 VUs  00m19.9s/12m00.0s

running (00m20.9s), 10/80 VUs, 287 complete and 0 interrupted iterations
oscillating   [   3% ] 10/80 VUs  00m20.9s/12m00.0s

running (00m21.9s), 10/80 VUs, 301 complete and 0 interrupted iterations
oscillating   [   3% ] 10/80 VUs  00m21.9s/12m00.0s

running (00m22.9s), 10/80 VUs, 315 complete and 0 interrupted iterations
oscillating   [   3% ] 10/80 VUs  00m22.9s/12m00.0s

running (00m23.9s), 10/80 VUs, 329 complete and 0 interrupted iterations
oscillating   [   3% ] 10/80 VUs  00m23.9s/12m00.0s

running (00m24.9s), 10/80 VUs, 344 complete and 0 interrupted iterations
oscillating   [   3% ] 10/80 VUs  00m24.9s/12m00.0s

running (00m25.9s), 10/80 VUs, 359 complete and 0 interrupted iterations
oscillating   [   4% ] 10/80 VUs  00m25.9s/12m00.0s

running (00m26.9s), 10/80 VUs, 371 complete and 0 interrupted iterations
oscillating   [   4% ] 10/80 VUs  00m26.9s/12m00.0s

running (00m27.9s), 10/80 VUs, 388 complete and 0 interrupted iterations
oscillating   [   4% ] 10/80 VUs  00m27.9s/12m00.0s

running (00m28.9s), 10/80 VUs, 398 complete and 0 interrupted iterations
oscillating   [   4% ] 10/80 VUs  00m28.9s/12m00.0s

running (00m29.9s), 10/80 VUs, 414 complete and 0 interrupted iterations
oscillating   [   4% ] 10/80 VUs  00m29.9s/12m00.0s

running (00m30.9s), 10/80 VUs, 428 complete and 0 interrupted iterations
oscillating   [   4% ] 10/80 VUs  00m30.9s/12m00.0s

running (00m31.9s), 10/80 VUs, 441 complete and 0 interrupted iterations
oscillating   [   4% ] 10/80 VUs  00m31.9s/12m00.0s

running (00m32.9s), 10/80 VUs, 457 complete and 0 interrupted iterations
oscillating   [   5% ] 10/80 VUs  00m32.9s/12m00.0s

running (00m33.9s), 10/80 VUs, 471 complete and 0 interrupted iterations
oscillating   [   5% ] 10/80 VUs  00m33.9s/12m00.0s

running (00m34.9s), 10/80 VUs, 485 complete and 0 interrupted iterations
oscillating   [   5% ] 10/80 VUs  00m34.9s/12m00.0s

running (00m35.9s), 10/80 VUs, 498 complete and 0 interrupted iterations
oscillating   [   5% ] 10/80 VUs  00m35.9s/12m00.0s

running (00m36.9s), 10/80 VUs, 514 complete and 0 interrupted iterations
oscillating   [   5% ] 10/80 VUs  00m36.9s/12m00.0s

running (00m37.9s), 10/80 VUs, 528 complete and 0 interrupted iterations
oscillating   [   5% ] 10/80 VUs  00m37.9s/12m00.0s

running (00m38.9s), 10/80 VUs, 542 complete and 0 interrupted iterations
oscillating   [   5% ] 10/80 VUs  00m38.9s/12m00.0s

running (00m39.9s), 10/80 VUs, 557 complete and 0 interrupted iterations
oscillating   [   6% ] 10/80 VUs  00m39.9s/12m00.0s

running (00m40.9s), 10/80 VUs, 572 complete and 0 interrupted iterations
oscillating   [   6% ] 10/80 VUs  00m40.9s/12m00.0s

running (00m41.9s), 10/80 VUs, 586 complete and 0 interrupted iterations
oscillating   [   6% ] 10/80 VUs  00m41.9s/12m00.0s

running (00m42.9s), 10/80 VUs, 600 complete and 0 interrupted iterations
oscillating   [   6% ] 10/80 VUs  00m42.9s/12m00.0s

running (00m43.9s), 10/80 VUs, 615 complete and 0 interrupted iterations
oscillating   [   6% ] 10/80 VUs  00m43.9s/12m00.0s

running (00m44.9s), 10/80 VUs, 631 complete and 0 interrupted iterations
oscillating   [   6% ] 10/80 VUs  00m44.9s/12m00.0s

running (00m45.9s), 10/80 VUs, 644 complete and 0 interrupted iterations
oscillating   [   6% ] 10/80 VUs  00m45.9s/12m00.0s

running (00m46.9s), 10/80 VUs, 659 complete and 0 interrupted iterations
oscillating   [   7% ] 10/80 VUs  00m46.9s/12m00.0s

running (00m47.9s), 10/80 VUs, 674 complete and 0 interrupted iterations
oscillating   [   7% ] 10/80 VUs  00m47.9s/12m00.0s

running (00m48.9s), 10/80 VUs, 689 complete and 0 interrupted iterations
oscillating   [   7% ] 10/80 VUs  00m48.9s/12m00.0s

running (00m49.9s), 10/80 VUs, 702 complete and 0 interrupted iterations
oscillating   [   7% ] 10/80 VUs  00m49.9s/12m00.0s

running (00m50.9s), 10/80 VUs, 717 complete and 0 interrupted iterations
oscillating   [   7% ] 10/80 VUs  00m50.9s/12m00.0s

running (00m51.9s), 10/80 VUs, 732 complete and 0 interrupted iterations
oscillating   [   7% ] 10/80 VUs  00m51.9s/12m00.0s

running (00m52.9s), 10/80 VUs, 745 complete and 0 interrupted iterations
oscillating   [   7% ] 10/80 VUs  00m52.9s/12m00.0s

running (00m53.9s), 10/80 VUs, 758 complete and 0 interrupted iterations
oscillating   [   7% ] 10/80 VUs  00m53.9s/12m00.0s

running (00m54.9s), 10/80 VUs, 774 complete and 0 interrupted iterations
oscillating   [   8% ] 10/80 VUs  00m54.9s/12m00.0s

running (00m55.9s), 10/80 VUs, 787 complete and 0 interrupted iterations
oscillating   [   8% ] 10/80 VUs  00m55.9s/12m00.0s

running (00m56.9s), 10/80 VUs, 804 complete and 0 interrupted iterations
oscillating   [   8% ] 10/80 VUs  00m56.9s/12m00.0s

running (00m57.9s), 10/80 VUs, 815 complete and 0 interrupted iterations
oscillating   [   8% ] 10/80 VUs  00m57.9s/12m00.0s

running (00m58.9s), 10/80 VUs, 832 complete and 0 interrupted iterations
oscillating   [   8% ] 10/80 VUs  00m58.9s/12m00.0s

running (00m59.9s), 10/80 VUs, 844 complete and 0 interrupted iterations
oscillating   [   8% ] 10/80 VUs  00m59.9s/12m00.0s

running (01m00.9s), 10/80 VUs, 858 complete and 0 interrupted iterations
oscillating   [   8% ] 10/80 VUs  01m00.9s/12m00.0s

running (01m01.9s), 10/80 VUs, 874 complete and 0 interrupted iterations
oscillating   [   9% ] 10/80 VUs  01m01.9s/12m00.0s

running (01m02.9s), 10/80 VUs, 886 complete and 0 interrupted iterations
oscillating   [   9% ] 10/80 VUs  01m02.9s/12m00.0s

running (01m03.9s), 10/80 VUs, 901 complete and 0 interrupted iterations
oscillating   [   9% ] 10/80 VUs  01m03.9s/12m00.0s

running (01m04.9s), 10/80 VUs, 916 complete and 0 interrupted iterations
oscillating   [   9% ] 10/80 VUs  01m04.9s/12m00.0s

running (01m05.9s), 10/80 VUs, 928 complete and 0 interrupted iterations
oscillating   [   9% ] 10/80 VUs  01m05.9s/12m00.0s

running (01m06.9s), 10/80 VUs, 943 complete and 0 interrupted iterations
oscillating   [   9% ] 10/80 VUs  01m06.9s/12m00.0s

running (01m07.9s), 10/80 VUs, 956 complete and 0 interrupted iterations
oscillating   [   9% ] 10/80 VUs  01m07.9s/12m00.0s

running (01m08.9s), 10/80 VUs, 971 complete and 0 interrupted iterations
oscillating   [  10% ] 10/80 VUs  01m08.9s/12m00.0s

running (01m09.9s), 10/80 VUs, 985 complete and 0 interrupted iterations
oscillating   [  10% ] 10/80 VUs  01m09.9s/12m00.0s

running (01m10.9s), 10/80 VUs, 998 complete and 0 interrupted iterations
oscillating   [  10% ] 10/80 VUs  01m10.9s/12m00.0s

running (01m11.9s), 10/80 VUs, 1014 complete and 0 interrupted iterations
oscillating   [  10% ] 10/80 VUs  01m11.9s/12m00.0s

running (01m12.9s), 10/80 VUs, 1027 complete and 0 interrupted iterations
oscillating   [  10% ] 10/80 VUs  01m12.9s/12m00.0s

running (01m13.9s), 10/80 VUs, 1042 complete and 0 interrupted iterations
oscillating   [  10% ] 10/80 VUs  01m13.9s/12m00.0s

running (01m14.9s), 10/80 VUs, 1056 complete and 0 interrupted iterations
oscillating   [  10% ] 10/80 VUs  01m14.9s/12m00.0s

running (01m15.9s), 10/80 VUs, 1071 complete and 0 interrupted iterations
oscillating   [  11% ] 10/80 VUs  01m15.9s/12m00.0s

running (01m16.9s), 10/80 VUs, 1085 complete and 0 interrupted iterations
oscillating   [  11% ] 10/80 VUs  01m16.9s/12m00.0s

running (01m17.9s), 10/80 VUs, 1100 complete and 0 interrupted iterations
oscillating   [  11% ] 10/80 VUs  01m17.9s/12m00.0s

running (01m18.9s), 10/80 VUs, 1115 complete and 0 interrupted iterations
oscillating   [  11% ] 10/80 VUs  01m18.9s/12m00.0s

running (01m19.9s), 10/80 VUs, 1128 complete and 0 interrupted iterations
oscillating   [  11% ] 10/80 VUs  01m19.9s/12m00.0s

running (01m20.9s), 10/80 VUs, 1141 complete and 0 interrupted iterations
oscillating   [  11% ] 10/80 VUs  01m20.9s/12m00.0s

running (01m21.9s), 10/80 VUs, 1154 complete and 0 interrupted iterations
oscillating   [  11% ] 10/80 VUs  01m21.9s/12m00.0s

running (01m22.9s), 10/80 VUs, 1169 complete and 0 interrupted iterations
oscillating   [  12% ] 10/80 VUs  01m22.9s/12m00.0s

running (01m23.9s), 10/80 VUs, 1181 complete and 0 interrupted iterations
oscillating   [  12% ] 10/80 VUs  01m23.9s/12m00.0s

running (01m24.9s), 10/80 VUs, 1196 complete and 0 interrupted iterations
oscillating   [  12% ] 10/80 VUs  01m24.9s/12m00.0s

running (01m25.9s), 10/80 VUs, 1211 complete and 0 interrupted iterations
oscillating   [  12% ] 10/80 VUs  01m25.9s/12m00.0s

running (01m26.9s), 10/80 VUs, 1224 complete and 0 interrupted iterations
oscillating   [  12% ] 10/80 VUs  01m26.9s/12m00.0s

running (01m27.9s), 10/80 VUs, 1240 complete and 0 interrupted iterations
oscillating   [  12% ] 10/80 VUs  01m27.9s/12m00.0s

running (01m28.9s), 10/80 VUs, 1253 complete and 0 interrupted iterations
oscillating   [  12% ] 10/80 VUs  01m28.9s/12m00.0s

running (01m29.9s), 10/80 VUs, 1269 complete and 0 interrupted iterations
oscillating   [  12% ] 10/80 VUs  01m29.9s/12m00.0s

running (01m30.9s), 10/80 VUs, 1281 complete and 0 interrupted iterations
oscillating   [  13% ] 10/80 VUs  01m30.9s/12m00.0s

running (01m31.9s), 10/80 VUs, 1295 complete and 0 interrupted iterations
oscillating   [  13% ] 10/80 VUs  01m31.9s/12m00.0s

running (01m32.9s), 10/80 VUs, 1308 complete and 0 interrupted iterations
oscillating   [  13% ] 10/80 VUs  01m32.9s/12m00.0s

running (01m33.9s), 10/80 VUs, 1322 complete and 0 interrupted iterations
oscillating   [  13% ] 10/80 VUs  01m33.9s/12m00.0s

running (01m34.9s), 10/80 VUs, 1336 complete and 0 interrupted iterations
oscillating   [  13% ] 10/80 VUs  01m34.9s/12m00.0s

running (01m35.9s), 10/80 VUs, 1352 complete and 0 interrupted iterations
oscillating   [  13% ] 10/80 VUs  01m35.9s/12m00.0s

running (01m36.9s), 10/80 VUs, 1364 complete and 0 interrupted iterations
oscillating   [  13% ] 10/80 VUs  01m36.9s/12m00.0s

running (01m37.9s), 10/80 VUs, 1380 complete and 0 interrupted iterations
oscillating   [  14% ] 10/80 VUs  01m37.9s/12m00.0s

running (01m38.9s), 10/80 VUs, 1394 complete and 0 interrupted iterations
oscillating   [  14% ] 10/80 VUs  01m38.9s/12m00.0s

running (01m39.9s), 10/80 VUs, 1408 complete and 0 interrupted iterations
oscillating   [  14% ] 10/80 VUs  01m39.9s/12m00.0s

running (01m40.9s), 10/80 VUs, 1421 complete and 0 interrupted iterations
oscillating   [  14% ] 10/80 VUs  01m40.9s/12m00.0s

running (01m41.9s), 10/80 VUs, 1436 complete and 0 interrupted iterations
oscillating   [  14% ] 10/80 VUs  01m41.9s/12m00.0s

running (01m42.9s), 10/80 VUs, 1450 complete and 0 interrupted iterations
oscillating   [  14% ] 10/80 VUs  01m42.9s/12m00.0s

running (01m43.9s), 10/80 VUs, 1463 complete and 0 interrupted iterations
oscillating   [  14% ] 10/80 VUs  01m43.9s/12m00.0s

running (01m44.9s), 10/80 VUs, 1479 complete and 0 interrupted iterations
oscillating   [  15% ] 10/80 VUs  01m44.9s/12m00.0s

running (01m45.9s), 10/80 VUs, 1491 complete and 0 interrupted iterations
oscillating   [  15% ] 10/80 VUs  01m45.9s/12m00.0s

running (01m46.9s), 10/80 VUs, 1506 complete and 0 interrupted iterations
oscillating   [  15% ] 10/80 VUs  01m46.9s/12m00.0s

running (01m47.9s), 10/80 VUs, 1519 complete and 0 interrupted iterations
oscillating   [  15% ] 10/80 VUs  01m47.9s/12m00.0s

running (01m48.9s), 10/80 VUs, 1533 complete and 0 interrupted iterations
oscillating   [  15% ] 10/80 VUs  01m48.9s/12m00.0s

running (01m49.9s), 10/80 VUs, 1547 complete and 0 interrupted iterations
oscillating   [  15% ] 10/80 VUs  01m49.9s/12m00.0s

running (01m50.9s), 10/80 VUs, 1561 complete and 0 interrupted iterations
oscillating   [  15% ] 10/80 VUs  01m50.9s/12m00.0s

running (01m51.9s), 10/80 VUs, 1574 complete and 0 interrupted iterations
oscillating   [  16% ] 10/80 VUs  01m51.9s/12m00.0s

running (01m52.9s), 10/80 VUs, 1588 complete and 0 interrupted iterations
oscillating   [  16% ] 10/80 VUs  01m52.9s/12m00.0s

running (01m53.9s), 10/80 VUs, 1603 complete and 0 interrupted iterations
oscillating   [  16% ] 10/80 VUs  01m53.9s/12m00.0s

running (01m54.9s), 10/80 VUs, 1616 complete and 0 interrupted iterations
oscillating   [  16% ] 10/80 VUs  01m54.9s/12m00.0s

running (01m55.9s), 10/80 VUs, 1630 complete and 0 interrupted iterations
oscillating   [  16% ] 10/80 VUs  01m55.9s/12m00.0s

running (01m56.9s), 10/80 VUs, 1643 complete and 0 interrupted iterations
oscillating   [  16% ] 10/80 VUs  01m56.9s/12m00.0s

running (01m57.9s), 10/80 VUs, 1657 complete and 0 interrupted iterations
oscillating   [  16% ] 10/80 VUs  01m57.9s/12m00.0s

running (01m58.9s), 10/80 VUs, 1674 complete and 0 interrupted iterations
oscillating   [  17% ] 10/80 VUs  01m58.9s/12m00.0s

running (01m59.9s), 10/80 VUs, 1686 complete and 0 interrupted iterations
oscillating   [  17% ] 10/80 VUs  01m59.9s/12m00.0s

running (02m00.9s), 16/80 VUs, 1700 complete and 0 interrupted iterations
oscillating   [  17% ] 16/80 VUs  02m00.9s/12m00.0s

running (02m01.9s), 23/80 VUs, 1723 complete and 0 interrupted iterations
oscillating   [  17% ] 23/80 VUs  02m01.9s/12m00.0s

running (02m02.9s), 30/80 VUs, 1754 complete and 0 interrupted iterations
oscillating   [  17% ] 30/80 VUs  02m02.9s/12m00.0s

running (02m03.9s), 37/80 VUs, 1799 complete and 0 interrupted iterations
oscillating   [  17% ] 37/80 VUs  02m03.9s/12m00.0s

running (02m04.9s), 44/80 VUs, 1851 complete and 0 interrupted iterations
oscillating   [  17% ] 44/80 VUs  02m04.9s/12m00.0s

running (02m05.9s), 51/80 VUs, 1897 complete and 0 interrupted iterations
oscillating   [  17% ] 51/80 VUs  02m05.9s/12m00.0s

running (02m06.9s), 58/80 VUs, 1932 complete and 0 interrupted iterations
oscillating   [  18% ] 58/80 VUs  02m06.9s/12m00.0s

running (02m07.9s), 65/80 VUs, 1966 complete and 0 interrupted iterations
oscillating   [  18% ] 65/80 VUs  02m07.9s/12m00.0s

running (02m08.9s), 72/80 VUs, 1994 complete and 0 interrupted iterations
oscillating   [  18% ] 72/80 VUs  02m08.9s/12m00.0s

running (02m09.9s), 79/80 VUs, 2022 complete and 0 interrupted iterations
oscillating   [  18% ] 79/80 VUs  02m09.9s/12m00.0s

running (02m10.9s), 80/80 VUs, 2022 complete and 0 interrupted iterations
oscillating   [  18% ] 80/80 VUs  02m10.9s/12m00.0s

running (02m11.9s), 80/80 VUs, 2048 complete and 0 interrupted iterations
oscillating   [  18% ] 80/80 VUs  02m11.9s/12m00.0s

running (02m12.9s), 80/80 VUs, 2075 complete and 0 interrupted iterations
oscillating   [  18% ] 80/80 VUs  02m12.9s/12m00.0s

running (02m13.9s), 80/80 VUs, 2075 complete and 0 interrupted iterations
oscillating   [  19% ] 80/80 VUs  02m13.9s/12m00.0s

running (02m14.9s), 80/80 VUs, 2102 complete and 0 interrupted iterations
oscillating   [  19% ] 80/80 VUs  02m14.9s/12m00.0s

running (02m15.9s), 80/80 VUs, 2102 complete and 0 interrupted iterations
oscillating   [  19% ] 80/80 VUs  02m15.9s/12m00.0s

running (02m16.9s), 80/80 VUs, 2128 complete and 0 interrupted iterations
oscillating   [  19% ] 80/80 VUs  02m16.9s/12m00.0s

running (02m17.9s), 80/80 VUs, 2155 complete and 0 interrupted iterations
oscillating   [  19% ] 80/80 VUs  02m17.9s/12m00.0s

running (02m18.9s), 80/80 VUs, 2155 complete and 0 interrupted iterations
oscillating   [  19% ] 80/80 VUs  02m18.9s/12m00.0s

running (02m19.9s), 80/80 VUs, 2182 complete and 0 interrupted iterations
oscillating   [  19% ] 80/80 VUs  02m19.9s/12m00.0s

running (02m20.9s), 80/80 VUs, 2208 complete and 0 interrupted iterations
oscillating   [  20% ] 80/80 VUs  02m20.9s/12m00.0s

running (02m21.9s), 80/80 VUs, 2208 complete and 0 interrupted iterations
oscillating   [  20% ] 80/80 VUs  02m21.9s/12m00.0s

running (02m22.9s), 80/80 VUs, 2235 complete and 0 interrupted iterations
oscillating   [  20% ] 80/80 VUs  02m22.9s/12m00.0s

running (02m23.9s), 80/80 VUs, 2235 complete and 0 interrupted iterations
oscillating   [  20% ] 80/80 VUs  02m23.9s/12m00.0s

running (02m24.9s), 80/80 VUs, 2256 complete and 0 interrupted iterations
oscillating   [  20% ] 80/80 VUs  02m24.9s/12m00.0s

running (02m25.9s), 80/80 VUs, 2285 complete and 0 interrupted iterations
oscillating   [  20% ] 80/80 VUs  02m25.9s/12m00.0s

running (02m26.9s), 80/80 VUs, 2285 complete and 0 interrupted iterations
oscillating   [  20% ] 80/80 VUs  02m26.9s/12m00.0s

running (02m27.9s), 80/80 VUs, 2311 complete and 0 interrupted iterations
oscillating   [  21% ] 80/80 VUs  02m27.9s/12m00.0s

running (02m28.9s), 80/80 VUs, 2311 complete and 0 interrupted iterations
oscillating   [  21% ] 80/80 VUs  02m28.9s/12m00.0s

running (02m29.9s), 80/80 VUs, 2338 complete and 0 interrupted iterations
oscillating   [  21% ] 80/80 VUs  02m29.9s/12m00.0s

running (02m30.9s), 80/80 VUs, 2365 complete and 0 interrupted iterations
oscillating   [  21% ] 80/80 VUs  02m30.9s/12m00.0s

running (02m31.9s), 80/80 VUs, 2365 complete and 0 interrupted iterations
oscillating   [  21% ] 80/80 VUs  02m31.9s/12m00.0s

running (02m32.9s), 80/80 VUs, 2391 complete and 0 interrupted iterations
oscillating   [  21% ] 80/80 VUs  02m32.9s/12m00.0s

running (02m33.9s), 80/80 VUs, 2400 complete and 0 interrupted iterations
oscillating   [  21% ] 80/80 VUs  02m33.9s/12m00.0s

running (02m34.9s), 80/80 VUs, 2418 complete and 0 interrupted iterations
oscillating   [  22% ] 80/80 VUs  02m34.9s/12m00.0s

running (02m35.9s), 80/80 VUs, 2445 complete and 0 interrupted iterations
oscillating   [  22% ] 80/80 VUs  02m35.9s/12m00.0s

running (02m36.9s), 80/80 VUs, 2445 complete and 0 interrupted iterations
oscillating   [  22% ] 80/80 VUs  02m36.9s/12m00.0s

running (02m37.9s), 80/80 VUs, 2471 complete and 0 interrupted iterations
oscillating   [  22% ] 80/80 VUs  02m37.9s/12m00.0s

running (02m38.9s), 80/80 VUs, 2498 complete and 0 interrupted iterations
oscillating   [  22% ] 80/80 VUs  02m38.9s/12m00.0s

running (02m39.9s), 80/80 VUs, 2498 complete and 0 interrupted iterations
oscillating   [  22% ] 80/80 VUs  02m39.9s/12m00.0s

running (02m40.9s), 80/80 VUs, 2525 complete and 0 interrupted iterations
oscillating   [  22% ] 80/80 VUs  02m40.9s/12m00.0s

running (02m41.9s), 80/80 VUs, 2525 complete and 0 interrupted iterations
oscillating   [  22% ] 80/80 VUs  02m41.9s/12m00.0s

running (02m42.9s), 80/80 VUs, 2549 complete and 0 interrupted iterations
oscillating   [  23% ] 80/80 VUs  02m42.9s/12m00.0s

running (02m43.9s), 80/80 VUs, 2576 complete and 0 interrupted iterations
oscillating   [  23% ] 80/80 VUs  02m43.9s/12m00.0s

running (02m44.9s), 80/80 VUs, 2576 complete and 0 interrupted iterations
oscillating   [  23% ] 80/80 VUs  02m44.9s/12m00.0s

running (02m45.9s), 80/80 VUs, 2603 complete and 0 interrupted iterations
oscillating   [  23% ] 80/80 VUs  02m45.9s/12m00.0s

running (02m46.9s), 80/80 VUs, 2629 complete and 0 interrupted iterations
oscillating   [  23% ] 80/80 VUs  02m46.9s/12m00.0s

running (02m47.9s), 80/80 VUs, 2629 complete and 0 interrupted iterations
oscillating   [  23% ] 80/80 VUs  02m47.9s/12m00.0s

running (02m48.9s), 80/80 VUs, 2656 complete and 0 interrupted iterations
oscillating   [  23% ] 80/80 VUs  02m48.9s/12m00.0s

running (02m49.9s), 80/80 VUs, 2656 complete and 0 interrupted iterations
oscillating   [  24% ] 80/80 VUs  02m49.9s/12m00.0s

running (02m50.9s), 80/80 VUs, 2683 complete and 0 interrupted iterations
oscillating   [  24% ] 80/80 VUs  02m50.9s/12m00.0s

running (02m51.9s), 80/80 VUs, 2709 complete and 0 interrupted iterations
oscillating   [  24% ] 80/80 VUs  02m51.9s/12m00.0s

running (02m52.9s), 80/80 VUs, 2709 complete and 0 interrupted iterations
oscillating   [  24% ] 80/80 VUs  02m52.9s/12m00.0s

running (02m53.9s), 80/80 VUs, 2736 complete and 0 interrupted iterations
oscillating   [  24% ] 80/80 VUs  02m53.9s/12m00.0s

running (02m54.9s), 80/80 VUs, 2736 complete and 0 interrupted iterations
oscillating   [  24% ] 80/80 VUs  02m54.9s/12m00.0s

running (02m55.9s), 80/80 VUs, 2763 complete and 0 interrupted iterations
oscillating   [  24% ] 80/80 VUs  02m55.9s/12m00.0s

running (02m56.9s), 80/80 VUs, 2789 complete and 0 interrupted iterations
oscillating   [  25% ] 80/80 VUs  02m56.9s/12m00.0s

running (02m57.9s), 80/80 VUs, 2789 complete and 0 interrupted iterations
oscillating   [  25% ] 80/80 VUs  02m57.9s/12m00.0s

running (02m58.9s), 80/80 VUs, 2811 complete and 0 interrupted iterations
oscillating   [  25% ] 80/80 VUs  02m58.9s/12m00.0s

running (02m59.9s), 80/80 VUs, 2839 complete and 0 interrupted iterations
oscillating   [  25% ] 80/80 VUs  02m59.9s/12m00.0s

running (03m00.9s), 80/80 VUs, 2839 complete and 0 interrupted iterations
oscillating   [  25% ] 80/80 VUs  03m00.9s/12m00.0s

running (03m01.9s), 80/80 VUs, 2866 complete and 0 interrupted iterations
oscillating   [  25% ] 80/80 VUs  03m01.9s/12m00.0s

running (03m02.9s), 80/80 VUs, 2866 complete and 0 interrupted iterations
oscillating   [  25% ] 80/80 VUs  03m02.9s/12m00.0s

running (03m03.9s), 80/80 VUs, 2886 complete and 0 interrupted iterations
oscillating   [  26% ] 80/80 VUs  03m03.9s/12m00.0s

running (03m04.9s), 80/80 VUs, 2914 complete and 0 interrupted iterations
oscillating   [  26% ] 80/80 VUs  03m04.9s/12m00.0s

running (03m05.9s), 80/80 VUs, 2914 complete and 0 interrupted iterations
oscillating   [  26% ] 80/80 VUs  03m05.9s/12m00.0s

running (03m06.9s), 80/80 VUs, 2941 complete and 0 interrupted iterations
oscillating   [  26% ] 80/80 VUs  03m06.9s/12m00.0s

running (03m07.9s), 80/80 VUs, 2963 complete and 0 interrupted iterations
oscillating   [  26% ] 80/80 VUs  03m07.9s/12m00.0s

running (03m08.9s), 80/80 VUs, 2967 complete and 0 interrupted iterations
oscillating   [  26% ] 80/80 VUs  03m08.9s/12m00.0s

running (03m09.9s), 80/80 VUs, 2992 complete and 0 interrupted iterations
oscillating   [  26% ] 80/80 VUs  03m09.9s/12m00.0s

running (03m10.9s), 80/80 VUs, 3018 complete and 0 interrupted iterations
oscillating   [  27% ] 80/80 VUs  03m10.9s/12m00.0s

running (03m11.9s), 80/80 VUs, 3018 complete and 0 interrupted iterations
oscillating   [  27% ] 80/80 VUs  03m11.9s/12m00.0s

running (03m12.9s), 80/80 VUs, 3043 complete and 0 interrupted iterations
oscillating   [  27% ] 80/80 VUs  03m12.9s/12m00.0s

running (03m13.9s), 80/80 VUs, 3060 complete and 0 interrupted iterations
oscillating   [  27% ] 80/80 VUs  03m13.9s/12m00.0s

running (03m14.9s), 80/80 VUs, 3069 complete and 0 interrupted iterations
oscillating   [  27% ] 80/80 VUs  03m14.9s/12m00.0s

running (03m15.9s), 80/80 VUs, 3096 complete and 0 interrupted iterations
oscillating   [  27% ] 80/80 VUs  03m15.9s/12m00.0s

running (03m16.9s), 80/80 VUs, 3096 complete and 0 interrupted iterations
oscillating   [  27% ] 80/80 VUs  03m16.9s/12m00.0s

running (03m17.9s), 80/80 VUs, 3123 complete and 0 interrupted iterations
oscillating   [  27% ] 80/80 VUs  03m17.9s/12m00.0s

running (03m18.9s), 80/80 VUs, 3149 complete and 0 interrupted iterations
oscillating   [  28% ] 80/80 VUs  03m18.9s/12m00.0s

running (03m19.9s), 80/80 VUs, 3149 complete and 0 interrupted iterations
oscillating   [  28% ] 80/80 VUs  03m19.9s/12m00.0s

running (03m20.9s), 80/80 VUs, 3175 complete and 0 interrupted iterations
oscillating   [  28% ] 80/80 VUs  03m20.9s/12m00.0s

running (03m21.9s), 80/80 VUs, 3202 complete and 0 interrupted iterations
oscillating   [  28% ] 80/80 VUs  03m21.9s/12m00.0s

running (03m22.9s), 80/80 VUs, 3202 complete and 0 interrupted iterations
oscillating   [  28% ] 80/80 VUs  03m22.9s/12m00.0s

running (03m23.9s), 80/80 VUs, 3229 complete and 0 interrupted iterations
oscillating   [  28% ] 80/80 VUs  03m23.9s/12m00.0s

running (03m24.9s), 80/80 VUs, 3229 complete and 0 interrupted iterations
oscillating   [  28% ] 80/80 VUs  03m24.9s/12m00.0s

running (03m25.9s), 80/80 VUs, 3256 complete and 0 interrupted iterations
oscillating   [  29% ] 80/80 VUs  03m25.9s/12m00.0s

running (03m26.9s), 80/80 VUs, 3256 complete and 0 interrupted iterations
oscillating   [  29% ] 80/80 VUs  03m26.9s/12m00.0s

running (03m27.9s), 80/80 VUs, 3282 complete and 0 interrupted iterations
oscillating   [  29% ] 80/80 VUs  03m27.9s/12m00.0s

running (03m28.9s), 80/80 VUs, 3309 complete and 0 interrupted iterations
oscillating   [  29% ] 80/80 VUs  03m28.9s/12m00.0s

running (03m29.9s), 80/80 VUs, 3309 complete and 0 interrupted iterations
oscillating   [  29% ] 80/80 VUs  03m29.9s/12m00.0s

running (03m30.9s), 80/80 VUs, 3336 complete and 0 interrupted iterations
oscillating   [  29% ] 80/80 VUs  03m30.9s/12m00.0s

running (03m31.9s), 76/80 VUs, 3348 complete and 0 interrupted iterations
oscillating   [  29% ] 76/80 VUs  03m31.9s/12m00.0s

running (03m32.9s), 73/80 VUs, 3357 complete and 0 interrupted iterations
oscillating   [  30% ] 73/80 VUs  03m32.9s/12m00.0s

running (03m33.9s), 65/80 VUs, 3384 complete and 0 interrupted iterations
oscillating   [  30% ] 65/80 VUs  03m33.9s/12m00.0s

running (03m34.9s), 58/80 VUs, 3423 complete and 0 interrupted iterations
oscillating   [  30% ] 58/80 VUs  03m34.9s/12m00.0s

running (03m35.9s), 47/80 VUs, 3463 complete and 0 interrupted iterations
oscillating   [  30% ] 47/80 VUs  03m35.9s/12m00.0s

running (03m36.9s), 36/80 VUs, 3506 complete and 0 interrupted iterations
oscillating   [  30% ] 36/80 VUs  03m36.9s/12m00.0s

running (03m37.9s), 27/80 VUs, 3556 complete and 0 interrupted iterations
oscillating   [  30% ] 27/80 VUs  03m37.9s/12m00.0s

running (03m38.9s), 21/80 VUs, 3591 complete and 0 interrupted iterations
oscillating   [  30% ] 21/80 VUs  03m38.9s/12m00.0s

running (03m39.9s), 14/80 VUs, 3623 complete and 0 interrupted iterations
oscillating   [  31% ] 14/80 VUs  03m39.9s/12m00.0s

running (03m40.9s), 10/80 VUs, 3640 complete and 0 interrupted iterations
oscillating   [  31% ] 10/80 VUs  03m40.9s/12m00.0s

running (03m41.9s), 10/80 VUs, 3655 complete and 0 interrupted iterations
oscillating   [  31% ] 10/80 VUs  03m41.9s/12m00.0s

running (03m42.9s), 10/80 VUs, 3668 complete and 0 interrupted iterations
oscillating   [  31% ] 10/80 VUs  03m42.9s/12m00.0s

running (03m43.9s), 10/80 VUs, 3684 complete and 0 interrupted iterations
oscillating   [  31% ] 10/80 VUs  03m43.9s/12m00.0s

running (03m44.9s), 10/80 VUs, 3698 complete and 0 interrupted iterations
oscillating   [  31% ] 10/80 VUs  03m44.9s/12m00.0s

running (03m45.9s), 10/80 VUs, 3712 complete and 0 interrupted iterations
oscillating   [  31% ] 10/80 VUs  03m45.9s/12m00.0s

running (03m46.9s), 10/80 VUs, 3726 complete and 0 interrupted iterations
oscillating   [  32% ] 10/80 VUs  03m46.9s/12m00.0s

running (03m47.9s), 10/80 VUs, 3740 complete and 0 interrupted iterations
oscillating   [  32% ] 10/80 VUs  03m47.9s/12m00.0s

running (03m48.9s), 10/80 VUs, 3754 complete and 0 interrupted iterations
oscillating   [  32% ] 10/80 VUs  03m48.9s/12m00.0s

running (03m49.9s), 10/80 VUs, 3768 complete and 0 interrupted iterations
oscillating   [  32% ] 10/80 VUs  03m49.9s/12m00.0s

running (03m50.9s), 10/80 VUs, 3782 complete and 0 interrupted iterations
oscillating   [  32% ] 10/80 VUs  03m50.9s/12m00.0s

running (03m51.9s), 10/80 VUs, 3794 complete and 0 interrupted iterations
oscillating   [  32% ] 10/80 VUs  03m51.9s/12m00.0s

running (03m52.9s), 10/80 VUs, 3809 complete and 0 interrupted iterations
oscillating   [  32% ] 10/80 VUs  03m52.9s/12m00.0s

running (03m53.9s), 10/80 VUs, 3824 complete and 0 interrupted iterations
oscillating   [  32% ] 10/80 VUs  03m53.9s/12m00.0s

running (03m54.9s), 10/80 VUs, 3837 complete and 0 interrupted iterations
oscillating   [  33% ] 10/80 VUs  03m54.9s/12m00.0s

running (03m55.9s), 10/80 VUs, 3852 complete and 0 interrupted iterations
oscillating   [  33% ] 10/80 VUs  03m55.9s/12m00.0s

running (03m56.9s), 10/80 VUs, 3868 complete and 0 interrupted iterations
oscillating   [  33% ] 10/80 VUs  03m56.9s/12m00.0s

running (03m57.9s), 10/80 VUs, 3882 complete and 0 interrupted iterations
oscillating   [  33% ] 10/80 VUs  03m57.9s/12m00.0s

running (03m58.9s), 10/80 VUs, 3895 complete and 0 interrupted iterations
oscillating   [  33% ] 10/80 VUs  03m58.9s/12m00.0s

running (03m59.9s), 10/80 VUs, 3908 complete and 0 interrupted iterations
oscillating   [  33% ] 10/80 VUs  03m59.9s/12m00.0s

running (04m00.9s), 10/80 VUs, 3923 complete and 0 interrupted iterations
oscillating   [  33% ] 10/80 VUs  04m00.9s/12m00.0s

running (04m01.9s), 10/80 VUs, 3934 complete and 0 interrupted iterations
oscillating   [  34% ] 10/80 VUs  04m01.9s/12m00.0s

running (04m02.9s), 10/80 VUs, 3948 complete and 0 interrupted iterations
oscillating   [  34% ] 10/80 VUs  04m02.9s/12m00.0s

running (04m03.9s), 10/80 VUs, 3963 complete and 0 interrupted iterations
oscillating   [  34% ] 10/80 VUs  04m03.9s/12m00.0s

running (04m04.9s), 10/80 VUs, 3977 complete and 0 interrupted iterations
oscillating   [  34% ] 10/80 VUs  04m04.9s/12m00.0s

running (04m05.9s), 10/80 VUs, 3992 complete and 0 interrupted iterations
oscillating   [  34% ] 10/80 VUs  04m05.9s/12m00.0s

running (04m06.9s), 10/80 VUs, 4005 complete and 0 interrupted iterations
oscillating   [  34% ] 10/80 VUs  04m06.9s/12m00.0s

running (04m07.9s), 10/80 VUs, 4020 complete and 0 interrupted iterations
oscillating   [  34% ] 10/80 VUs  04m07.9s/12m00.0s

running (04m08.9s), 10/80 VUs, 4034 complete and 0 interrupted iterations
oscillating   [  35% ] 10/80 VUs  04m08.9s/12m00.0s

running (04m09.9s), 10/80 VUs, 4047 complete and 0 interrupted iterations
oscillating   [  35% ] 10/80 VUs  04m09.9s/12m00.0s

running (04m10.9s), 10/80 VUs, 4061 complete and 0 interrupted iterations
oscillating   [  35% ] 10/80 VUs  04m10.9s/12m00.0s

running (04m11.9s), 10/80 VUs, 4079 complete and 0 interrupted iterations
oscillating   [  35% ] 10/80 VUs  04m11.9s/12m00.0s

running (04m12.9s), 10/80 VUs, 4091 complete and 0 interrupted iterations
oscillating   [  35% ] 10/80 VUs  04m12.9s/12m00.0s

running (04m13.9s), 10/80 VUs, 4105 complete and 0 interrupted iterations
oscillating   [  35% ] 10/80 VUs  04m13.9s/12m00.0s

running (04m14.9s), 10/80 VUs, 4121 complete and 0 interrupted iterations
oscillating   [  35% ] 10/80 VUs  04m14.9s/12m00.0s

running (04m15.9s), 10/80 VUs, 4134 complete and 0 interrupted iterations
oscillating   [  36% ] 10/80 VUs  04m15.9s/12m00.0s

running (04m16.9s), 10/80 VUs, 4149 complete and 0 interrupted iterations
oscillating   [  36% ] 10/80 VUs  04m16.9s/12m00.0s

running (04m17.9s), 10/80 VUs, 4163 complete and 0 interrupted iterations
oscillating   [  36% ] 10/80 VUs  04m17.9s/12m00.0s

running (04m18.9s), 10/80 VUs, 4177 complete and 0 interrupted iterations
oscillating   [  36% ] 10/80 VUs  04m18.9s/12m00.0s

running (04m19.9s), 10/80 VUs, 4187 complete and 0 interrupted iterations
oscillating   [  36% ] 10/80 VUs  04m19.9s/12m00.0s

running (04m20.9s), 10/80 VUs, 4204 complete and 0 interrupted iterations
oscillating   [  36% ] 10/80 VUs  04m20.9s/12m00.0s

running (04m21.9s), 10/80 VUs, 4216 complete and 0 interrupted iterations
oscillating   [  36% ] 10/80 VUs  04m21.9s/12m00.0s

running (04m22.9s), 10/80 VUs, 4231 complete and 0 interrupted iterations
oscillating   [  37% ] 10/80 VUs  04m22.9s/12m00.0s

running (04m23.9s), 10/80 VUs, 4245 complete and 0 interrupted iterations
oscillating   [  37% ] 10/80 VUs  04m23.9s/12m00.0s

running (04m24.9s), 10/80 VUs, 4257 complete and 0 interrupted iterations
oscillating   [  37% ] 10/80 VUs  04m24.9s/12m00.0s

running (04m25.9s), 10/80 VUs, 4274 complete and 0 interrupted iterations
oscillating   [  37% ] 10/80 VUs  04m25.9s/12m00.0s

running (04m26.9s), 10/80 VUs, 4288 complete and 0 interrupted iterations
oscillating   [  37% ] 10/80 VUs  04m26.9s/12m00.0s

running (04m27.9s), 10/80 VUs, 4303 complete and 0 interrupted iterations
oscillating   [  37% ] 10/80 VUs  04m27.9s/12m00.0s

running (04m28.9s), 10/80 VUs, 4315 complete and 0 interrupted iterations
oscillating   [  37% ] 10/80 VUs  04m28.9s/12m00.0s

running (04m29.9s), 10/80 VUs, 4330 complete and 0 interrupted iterations
oscillating   [  37% ] 10/80 VUs  04m29.9s/12m00.0s

running (04m30.9s), 10/80 VUs, 4346 complete and 0 interrupted iterations
oscillating   [  38% ] 10/80 VUs  04m30.9s/12m00.0s

running (04m31.9s), 10/80 VUs, 4361 complete and 0 interrupted iterations
oscillating   [  38% ] 10/80 VUs  04m31.9s/12m00.0s

running (04m32.9s), 10/80 VUs, 4373 complete and 0 interrupted iterations
oscillating   [  38% ] 10/80 VUs  04m32.9s/12m00.0s

running (04m33.9s), 10/80 VUs, 4390 complete and 0 interrupted iterations
oscillating   [  38% ] 10/80 VUs  04m33.9s/12m00.0s

running (04m34.9s), 10/80 VUs, 4403 complete and 0 interrupted iterations
oscillating   [  38% ] 10/80 VUs  04m34.9s/12m00.0s

running (04m35.9s), 10/80 VUs, 4418 complete and 0 interrupted iterations
oscillating   [  38% ] 10/80 VUs  04m35.9s/12m00.0s

running (04m36.9s), 10/80 VUs, 4431 complete and 0 interrupted iterations
oscillating   [  38% ] 10/80 VUs  04m36.9s/12m00.0s

running (04m37.9s), 10/80 VUs, 4448 complete and 0 interrupted iterations
oscillating   [  39% ] 10/80 VUs  04m37.9s/12m00.0s

running (04m38.9s), 10/80 VUs, 4460 complete and 0 interrupted iterations
oscillating   [  39% ] 10/80 VUs  04m38.9s/12m00.0s

running (04m39.9s), 10/80 VUs, 4475 complete and 0 interrupted iterations
oscillating   [  39% ] 10/80 VUs  04m39.9s/12m00.0s

running (04m40.9s), 10/80 VUs, 4489 complete and 0 interrupted iterations
oscillating   [  39% ] 10/80 VUs  04m40.9s/12m00.0s

running (04m41.9s), 10/80 VUs, 4504 complete and 0 interrupted iterations
oscillating   [  39% ] 10/80 VUs  04m41.9s/12m00.0s

running (04m42.9s), 10/80 VUs, 4519 complete and 0 interrupted iterations
oscillating   [  39% ] 10/80 VUs  04m42.9s/12m00.0s

running (04m43.9s), 10/80 VUs, 4530 complete and 0 interrupted iterations
oscillating   [  39% ] 10/80 VUs  04m43.9s/12m00.0s

running (04m44.9s), 10/80 VUs, 4545 complete and 0 interrupted iterations
oscillating   [  40% ] 10/80 VUs  04m44.9s/12m00.0s

running (04m45.9s), 10/80 VUs, 4559 complete and 0 interrupted iterations
oscillating   [  40% ] 10/80 VUs  04m45.9s/12m00.0s

running (04m46.9s), 10/80 VUs, 4572 complete and 0 interrupted iterations
oscillating   [  40% ] 10/80 VUs  04m46.9s/12m00.0s

running (04m47.9s), 10/80 VUs, 4586 complete and 0 interrupted iterations
oscillating   [  40% ] 10/80 VUs  04m47.9s/12m00.0s

running (04m48.9s), 10/80 VUs, 4600 complete and 0 interrupted iterations
oscillating   [  40% ] 10/80 VUs  04m48.9s/12m00.0s

running (04m49.9s), 10/80 VUs, 4614 complete and 0 interrupted iterations
oscillating   [  40% ] 10/80 VUs  04m49.9s/12m00.0s

running (04m50.9s), 10/80 VUs, 4630 complete and 0 interrupted iterations
oscillating   [  40% ] 10/80 VUs  04m50.9s/12m00.0s

running (04m51.9s), 10/80 VUs, 4642 complete and 0 interrupted iterations
oscillating   [  41% ] 10/80 VUs  04m51.9s/12m00.0s

running (04m52.9s), 10/80 VUs, 4658 complete and 0 interrupted iterations
oscillating   [  41% ] 10/80 VUs  04m52.9s/12m00.0s

running (04m53.9s), 10/80 VUs, 4670 complete and 0 interrupted iterations
oscillating   [  41% ] 10/80 VUs  04m53.9s/12m00.0s

running (04m54.9s), 10/80 VUs, 4686 complete and 0 interrupted iterations
oscillating   [  41% ] 10/80 VUs  04m54.9s/12m00.0s

running (04m55.9s), 10/80 VUs, 4700 complete and 0 interrupted iterations
oscillating   [  41% ] 10/80 VUs  04m55.9s/12m00.0s

running (04m56.9s), 10/80 VUs, 4715 complete and 0 interrupted iterations
oscillating   [  41% ] 10/80 VUs  04m56.9s/12m00.0s

running (04m57.9s), 10/80 VUs, 4730 complete and 0 interrupted iterations
oscillating   [  41% ] 10/80 VUs  04m57.9s/12m00.0s

running (04m58.9s), 10/80 VUs, 4741 complete and 0 interrupted iterations
oscillating   [  42% ] 10/80 VUs  04m58.9s/12m00.0s

running (04m59.9s), 10/80 VUs, 4759 complete and 0 interrupted iterations
oscillating   [  42% ] 10/80 VUs  04m59.9s/12m00.0s

running (05m00.9s), 16/80 VUs, 4772 complete and 0 interrupted iterations
oscillating   [  42% ] 16/80 VUs  05m00.9s/12m00.0s

running (05m01.9s), 23/80 VUs, 4795 complete and 0 interrupted iterations
oscillating   [  42% ] 23/80 VUs  05m01.9s/12m00.0s

running (05m02.9s), 30/80 VUs, 4831 complete and 0 interrupted iterations
oscillating   [  42% ] 30/80 VUs  05m02.9s/12m00.0s

running (05m03.9s), 37/80 VUs, 4878 complete and 0 interrupted iterations
oscillating   [  42% ] 37/80 VUs  05m03.9s/12m00.0s

running (05m04.9s), 44/80 VUs, 4931 complete and 0 interrupted iterations
oscillating   [  42% ] 44/80 VUs  05m04.9s/12m00.0s

running (05m05.9s), 51/80 VUs, 4991 complete and 0 interrupted iterations
oscillating   [  42% ] 51/80 VUs  05m05.9s/12m00.0s

running (05m06.9s), 58/80 VUs, 5064 complete and 0 interrupted iterations
oscillating   [  43% ] 58/80 VUs  05m06.9s/12m00.0s

running (05m07.9s), 65/80 VUs, 5147 complete and 0 interrupted iterations
oscillating   [  43% ] 65/80 VUs  05m07.9s/12m00.0s

running (05m08.9s), 72/80 VUs, 5235 complete and 0 interrupted iterations
oscillating   [  43% ] 72/80 VUs  05m08.9s/12m00.0s

running (05m09.9s), 79/80 VUs, 5330 complete and 0 interrupted iterations
oscillating   [  43% ] 79/80 VUs  05m09.9s/12m00.0s

running (05m10.9s), 80/80 VUs, 5413 complete and 0 interrupted iterations
oscillating   [  43% ] 80/80 VUs  05m10.9s/12m00.0s

running (05m11.9s), 80/80 VUs, 5507 complete and 0 interrupted iterations
oscillating   [  43% ] 80/80 VUs  05m11.9s/12m00.0s

running (05m12.9s), 80/80 VUs, 5596 complete and 0 interrupted iterations
oscillating   [  43% ] 80/80 VUs  05m12.9s/12m00.0s

running (05m13.9s), 80/80 VUs, 5686 complete and 0 interrupted iterations
oscillating   [  44% ] 80/80 VUs  05m13.9s/12m00.0s

running (05m14.9s), 80/80 VUs, 5779 complete and 0 interrupted iterations
oscillating   [  44% ] 80/80 VUs  05m14.9s/12m00.0s

running (05m15.9s), 80/80 VUs, 5872 complete and 0 interrupted iterations
oscillating   [  44% ] 80/80 VUs  05m15.9s/12m00.0s

running (05m16.9s), 80/80 VUs, 5965 complete and 0 interrupted iterations
oscillating   [  44% ] 80/80 VUs  05m16.9s/12m00.0s

running (05m17.9s), 80/80 VUs, 6050 complete and 0 interrupted iterations
oscillating   [  44% ] 80/80 VUs  05m17.9s/12m00.0s

running (05m18.9s), 80/80 VUs, 6143 complete and 0 interrupted iterations
oscillating   [  44% ] 80/80 VUs  05m18.9s/12m00.0s

running (05m19.9s), 80/80 VUs, 6235 complete and 0 interrupted iterations
oscillating   [  44% ] 80/80 VUs  05m19.9s/12m00.0s

running (05m20.9s), 80/80 VUs, 6321 complete and 0 interrupted iterations
oscillating   [  45% ] 80/80 VUs  05m20.9s/12m00.0s

running (05m21.9s), 80/80 VUs, 6416 complete and 0 interrupted iterations
oscillating   [  45% ] 80/80 VUs  05m21.9s/12m00.0s

running (05m22.9s), 80/80 VUs, 6506 complete and 0 interrupted iterations
oscillating   [  45% ] 80/80 VUs  05m22.9s/12m00.0s

running (05m23.9s), 80/80 VUs, 6597 complete and 0 interrupted iterations
oscillating   [  45% ] 80/80 VUs  05m23.9s/12m00.0s

running (05m24.9s), 80/80 VUs, 6686 complete and 0 interrupted iterations
oscillating   [  45% ] 80/80 VUs  05m24.9s/12m00.0s

running (05m25.9s), 80/80 VUs, 6771 complete and 0 interrupted iterations
oscillating   [  45% ] 80/80 VUs  05m25.9s/12m00.0s

running (05m26.9s), 80/80 VUs, 6863 complete and 0 interrupted iterations
oscillating   [  45% ] 80/80 VUs  05m26.9s/12m00.0s

running (05m27.9s), 80/80 VUs, 6957 complete and 0 interrupted iterations
oscillating   [  46% ] 80/80 VUs  05m27.9s/12m00.0s

running (05m28.9s), 80/80 VUs, 7045 complete and 0 interrupted iterations
oscillating   [  46% ] 80/80 VUs  05m28.9s/12m00.0s

running (05m29.9s), 80/80 VUs, 7138 complete and 0 interrupted iterations
oscillating   [  46% ] 80/80 VUs  05m29.9s/12m00.0s

running (05m30.9s), 80/80 VUs, 7229 complete and 0 interrupted iterations
oscillating   [  46% ] 80/80 VUs  05m30.9s/12m00.0s

running (05m31.9s), 80/80 VUs, 7319 complete and 0 interrupted iterations
oscillating   [  46% ] 80/80 VUs  05m31.9s/12m00.0s

running (05m32.9s), 80/80 VUs, 7405 complete and 0 interrupted iterations
oscillating   [  46% ] 80/80 VUs  05m32.9s/12m00.0s

running (05m33.9s), 80/80 VUs, 7499 complete and 0 interrupted iterations
oscillating   [  46% ] 80/80 VUs  05m33.9s/12m00.0s

running (05m34.9s), 80/80 VUs, 7586 complete and 0 interrupted iterations
oscillating   [  47% ] 80/80 VUs  05m34.9s/12m00.0s

running (05m35.9s), 80/80 VUs, 7677 complete and 0 interrupted iterations
oscillating   [  47% ] 80/80 VUs  05m35.9s/12m00.0s

running (05m36.9s), 80/80 VUs, 7763 complete and 0 interrupted iterations
oscillating   [  47% ] 80/80 VUs  05m36.9s/12m00.0s

running (05m37.9s), 80/80 VUs, 7856 complete and 0 interrupted iterations
oscillating   [  47% ] 80/80 VUs  05m37.9s/12m00.0s

running (05m38.9s), 80/80 VUs, 7951 complete and 0 interrupted iterations
oscillating   [  47% ] 80/80 VUs  05m38.9s/12m00.0s

running (05m39.9s), 80/80 VUs, 8038 complete and 0 interrupted iterations
oscillating   [  47% ] 80/80 VUs  05m39.9s/12m00.0s

running (05m40.9s), 80/80 VUs, 8122 complete and 0 interrupted iterations
oscillating   [  47% ] 80/80 VUs  05m40.9s/12m00.0s

running (05m41.9s), 80/80 VUs, 8216 complete and 0 interrupted iterations
oscillating   [  47% ] 80/80 VUs  05m41.9s/12m00.0s

running (05m42.9s), 80/80 VUs, 8302 complete and 0 interrupted iterations
oscillating   [  48% ] 80/80 VUs  05m42.9s/12m00.0s

running (05m43.9s), 80/80 VUs, 8396 complete and 0 interrupted iterations
oscillating   [  48% ] 80/80 VUs  05m43.9s/12m00.0s

running (05m44.9s), 80/80 VUs, 8486 complete and 0 interrupted iterations
oscillating   [  48% ] 80/80 VUs  05m44.9s/12m00.0s

running (05m45.9s), 80/80 VUs, 8577 complete and 0 interrupted iterations
oscillating   [  48% ] 80/80 VUs  05m45.9s/12m00.0s

running (05m46.9s), 80/80 VUs, 8665 complete and 0 interrupted iterations
oscillating   [  48% ] 80/80 VUs  05m46.9s/12m00.0s

running (05m47.9s), 80/80 VUs, 8752 complete and 0 interrupted iterations
oscillating   [  48% ] 80/80 VUs  05m47.9s/12m00.0s

running (05m48.9s), 80/80 VUs, 8843 complete and 0 interrupted iterations
oscillating   [  48% ] 80/80 VUs  05m48.9s/12m00.0s

running (05m49.9s), 80/80 VUs, 8933 complete and 0 interrupted iterations
oscillating   [  49% ] 80/80 VUs  05m49.9s/12m00.0s

running (05m50.9s), 80/80 VUs, 9026 complete and 0 interrupted iterations
oscillating   [  49% ] 80/80 VUs  05m50.9s/12m00.0s

running (05m51.9s), 80/80 VUs, 9117 complete and 0 interrupted iterations
oscillating   [  49% ] 80/80 VUs  05m51.9s/12m00.0s

running (05m52.9s), 80/80 VUs, 9205 complete and 0 interrupted iterations
oscillating   [  49% ] 80/80 VUs  05m52.9s/12m00.0s

running (05m53.9s), 80/80 VUs, 9295 complete and 0 interrupted iterations
oscillating   [  49% ] 80/80 VUs  05m53.9s/12m00.0s

running (05m54.9s), 80/80 VUs, 9379 complete and 0 interrupted iterations
oscillating   [  49% ] 80/80 VUs  05m54.9s/12m00.0s

running (05m55.9s), 80/80 VUs, 9474 complete and 0 interrupted iterations
oscillating   [  49% ] 80/80 VUs  05m55.9s/12m00.0s

running (05m56.9s), 80/80 VUs, 9568 complete and 0 interrupted iterations
oscillating   [  50% ] 80/80 VUs  05m56.9s/12m00.0s

running (05m57.9s), 80/80 VUs, 9651 complete and 0 interrupted iterations
oscillating   [  50% ] 80/80 VUs  05m57.9s/12m00.0s

running (05m58.9s), 80/80 VUs, 9746 complete and 0 interrupted iterations
oscillating   [  50% ] 80/80 VUs  05m58.9s/12m00.0s

running (05m59.9s), 80/80 VUs, 9842 complete and 0 interrupted iterations
oscillating   [  50% ] 80/80 VUs  05m59.9s/12m00.0s

running (06m00.9s), 80/80 VUs, 9924 complete and 0 interrupted iterations
oscillating   [  50% ] 80/80 VUs  06m00.9s/12m00.0s

running (06m01.9s), 80/80 VUs, 10017 complete and 0 interrupted iterations
oscillating   [  50% ] 80/80 VUs  06m01.9s/12m00.0s

running (06m02.9s), 80/80 VUs, 10102 complete and 0 interrupted iterations
oscillating   [  50% ] 80/80 VUs  06m02.9s/12m00.0s

running (06m03.9s), 80/80 VUs, 10193 complete and 0 interrupted iterations
oscillating   [  51% ] 80/80 VUs  06m03.9s/12m00.0s

running (06m04.9s), 80/80 VUs, 10280 complete and 0 interrupted iterations
oscillating   [  51% ] 80/80 VUs  06m04.9s/12m00.0s

running (06m05.9s), 80/80 VUs, 10373 complete and 0 interrupted iterations
oscillating   [  51% ] 80/80 VUs  06m05.9s/12m00.0s

running (06m06.9s), 80/80 VUs, 10466 complete and 0 interrupted iterations
oscillating   [  51% ] 80/80 VUs  06m06.9s/12m00.0s

running (06m07.9s), 80/80 VUs, 10555 complete and 0 interrupted iterations
oscillating   [  51% ] 80/80 VUs  06m07.9s/12m00.0s

running (06m08.9s), 80/80 VUs, 10645 complete and 0 interrupted iterations
oscillating   [  51% ] 80/80 VUs  06m08.9s/12m00.0s

running (06m09.9s), 80/80 VUs, 10738 complete and 0 interrupted iterations
oscillating   [  51% ] 80/80 VUs  06m09.9s/12m00.0s

running (06m10.9s), 80/80 VUs, 10832 complete and 0 interrupted iterations
oscillating   [  52% ] 80/80 VUs  06m10.9s/12m00.0s

running (06m11.9s), 80/80 VUs, 10922 complete and 0 interrupted iterations
oscillating   [  52% ] 80/80 VUs  06m11.9s/12m00.0s

running (06m12.9s), 80/80 VUs, 11010 complete and 0 interrupted iterations
oscillating   [  52% ] 80/80 VUs  06m12.9s/12m00.0s

running (06m13.9s), 80/80 VUs, 11105 complete and 0 interrupted iterations
oscillating   [  52% ] 80/80 VUs  06m13.9s/12m00.0s

running (06m14.9s), 80/80 VUs, 11197 complete and 0 interrupted iterations
oscillating   [  52% ] 80/80 VUs  06m14.9s/12m00.0s

running (06m15.9s), 80/80 VUs, 11284 complete and 0 interrupted iterations
oscillating   [  52% ] 80/80 VUs  06m15.9s/12m00.0s

running (06m16.9s), 80/80 VUs, 11351 complete and 0 interrupted iterations
oscillating   [  52% ] 80/80 VUs  06m16.9s/12m00.0s

running (06m17.9s), 80/80 VUs, 11394 complete and 0 interrupted iterations
oscillating   [  52% ] 80/80 VUs  06m17.9s/12m00.0s

running (06m18.9s), 80/80 VUs, 11434 complete and 0 interrupted iterations
oscillating   [  53% ] 80/80 VUs  06m18.9s/12m00.0s

running (06m19.9s), 80/80 VUs, 11480 complete and 0 interrupted iterations
oscillating   [  53% ] 80/80 VUs  06m19.9s/12m00.0s

running (06m20.9s), 80/80 VUs, 11525 complete and 0 interrupted iterations
oscillating   [  53% ] 80/80 VUs  06m20.9s/12m00.0s

running (06m21.9s), 80/80 VUs, 11598 complete and 0 interrupted iterations
oscillating   [  53% ] 80/80 VUs  06m21.9s/12m00.0s

running (06m22.9s), 80/80 VUs, 11687 complete and 0 interrupted iterations
oscillating   [  53% ] 80/80 VUs  06m22.9s/12m00.0s

running (06m23.9s), 80/80 VUs, 11777 complete and 0 interrupted iterations
oscillating   [  53% ] 80/80 VUs  06m23.9s/12m00.0s

running (06m24.9s), 80/80 VUs, 11863 complete and 0 interrupted iterations
oscillating   [  53% ] 80/80 VUs  06m24.9s/12m00.0s

running (06m25.9s), 80/80 VUs, 11957 complete and 0 interrupted iterations
oscillating   [  54% ] 80/80 VUs  06m25.9s/12m00.0s

running (06m26.9s), 80/80 VUs, 12054 complete and 0 interrupted iterations
oscillating   [  54% ] 80/80 VUs  06m26.9s/12m00.0s

running (06m27.9s), 80/80 VUs, 12149 complete and 0 interrupted iterations
oscillating   [  54% ] 80/80 VUs  06m27.9s/12m00.0s

running (06m28.9s), 80/80 VUs, 12233 complete and 0 interrupted iterations
oscillating   [  54% ] 80/80 VUs  06m28.9s/12m00.0s

running (06m29.9s), 80/80 VUs, 12323 complete and 0 interrupted iterations
oscillating   [  54% ] 80/80 VUs  06m29.9s/12m00.0s

running (06m30.9s), 78/80 VUs, 12411 complete and 0 interrupted iterations
oscillating   [  54% ] 78/80 VUs  06m30.9s/12m00.0s

running (06m31.9s), 69/80 VUs, 12502 complete and 0 interrupted iterations
oscillating   [  54% ] 69/80 VUs  06m31.9s/12m00.0s

running (06m32.9s), 63/80 VUs, 12595 complete and 0 interrupted iterations
oscillating   [  55% ] 63/80 VUs  06m32.9s/12m00.0s

running (06m33.9s), 56/80 VUs, 12679 complete and 0 interrupted iterations
oscillating   [  55% ] 56/80 VUs  06m33.9s/12m00.0s

running (06m34.9s), 49/80 VUs, 12756 complete and 0 interrupted iterations
oscillating   [  55% ] 49/80 VUs  06m34.9s/12m00.0s

running (06m35.9s), 41/80 VUs, 12828 complete and 0 interrupted iterations
oscillating   [  55% ] 41/80 VUs  06m35.9s/12m00.0s

running (06m36.9s), 35/80 VUs, 12884 complete and 0 interrupted iterations
oscillating   [  55% ] 35/80 VUs  06m36.9s/12m00.0s

running (06m37.9s), 29/80 VUs, 12932 complete and 0 interrupted iterations
oscillating   [  55% ] 29/80 VUs  06m37.9s/12m00.0s

running (06m38.9s), 22/80 VUs, 12967 complete and 0 interrupted iterations
oscillating   [  55% ] 22/80 VUs  06m38.9s/12m00.0s

running (06m39.9s), 14/80 VUs, 12995 complete and 0 interrupted iterations
oscillating   [  56% ] 14/80 VUs  06m39.9s/12m00.0s

running (06m40.9s), 10/80 VUs, 13013 complete and 0 interrupted iterations
oscillating   [  56% ] 10/80 VUs  06m40.9s/12m00.0s

running (06m41.9s), 10/80 VUs, 13028 complete and 0 interrupted iterations
oscillating   [  56% ] 10/80 VUs  06m41.9s/12m00.0s

running (06m42.9s), 10/80 VUs, 13041 complete and 0 interrupted iterations
oscillating   [  56% ] 10/80 VUs  06m42.9s/12m00.0s

running (06m43.9s), 10/80 VUs, 13056 complete and 0 interrupted iterations
oscillating   [  56% ] 10/80 VUs  06m43.9s/12m00.0s

running (06m44.9s), 10/80 VUs, 13070 complete and 0 interrupted iterations
oscillating   [  56% ] 10/80 VUs  06m44.9s/12m00.0s

running (06m45.9s), 10/80 VUs, 13085 complete and 0 interrupted iterations
oscillating   [  56% ] 10/80 VUs  06m45.9s/12m00.0s

running (06m46.9s), 10/80 VUs, 13098 complete and 0 interrupted iterations
oscillating   [  57% ] 10/80 VUs  06m46.9s/12m00.0s

running (06m47.9s), 10/80 VUs, 13112 complete and 0 interrupted iterations
oscillating   [  57% ] 10/80 VUs  06m47.9s/12m00.0s

running (06m48.9s), 10/80 VUs, 13125 complete and 0 interrupted iterations
oscillating   [  57% ] 10/80 VUs  06m48.9s/12m00.0s

running (06m49.9s), 10/80 VUs, 13140 complete and 0 interrupted iterations
oscillating   [  57% ] 10/80 VUs  06m49.9s/12m00.0s

running (06m50.9s), 10/80 VUs, 13152 complete and 0 interrupted iterations
oscillating   [  57% ] 10/80 VUs  06m50.9s/12m00.0s

running (06m51.9s), 10/80 VUs, 13168 complete and 0 interrupted iterations
oscillating   [  57% ] 10/80 VUs  06m51.9s/12m00.0s

running (06m52.9s), 10/80 VUs, 13181 complete and 0 interrupted iterations
oscillating   [  57% ] 10/80 VUs  06m52.9s/12m00.0s

running (06m53.9s), 10/80 VUs, 13196 complete and 0 interrupted iterations
oscillating   [  57% ] 10/80 VUs  06m53.9s/12m00.0s

running (06m54.9s), 10/80 VUs, 13209 complete and 0 interrupted iterations
oscillating   [  58% ] 10/80 VUs  06m54.9s/12m00.0s

running (06m55.9s), 10/80 VUs, 13225 complete and 0 interrupted iterations
oscillating   [  58% ] 10/80 VUs  06m55.9s/12m00.0s

running (06m56.9s), 10/80 VUs, 13239 complete and 0 interrupted iterations
oscillating   [  58% ] 10/80 VUs  06m56.9s/12m00.0s

running (06m57.9s), 10/80 VUs, 13252 complete and 0 interrupted iterations
oscillating   [  58% ] 10/80 VUs  06m57.9s/12m00.0s

running (06m58.9s), 10/80 VUs, 13266 complete and 0 interrupted iterations
oscillating   [  58% ] 10/80 VUs  06m58.9s/12m00.0s

running (06m59.9s), 10/80 VUs, 13281 complete and 0 interrupted iterations
oscillating   [  58% ] 10/80 VUs  06m59.9s/12m00.0s

running (07m00.9s), 10/80 VUs, 13298 complete and 0 interrupted iterations
oscillating   [  58% ] 10/80 VUs  07m00.9s/12m00.0s

running (07m01.9s), 10/80 VUs, 13310 complete and 0 interrupted iterations
oscillating   [  59% ] 10/80 VUs  07m01.9s/12m00.0s

running (07m02.9s), 10/80 VUs, 13324 complete and 0 interrupted iterations
oscillating   [  59% ] 10/80 VUs  07m02.9s/12m00.0s

running (07m03.9s), 10/80 VUs, 13338 complete and 0 interrupted iterations
oscillating   [  59% ] 10/80 VUs  07m03.9s/12m00.0s

running (07m04.9s), 10/80 VUs, 13352 complete and 0 interrupted iterations
oscillating   [  59% ] 10/80 VUs  07m04.9s/12m00.0s

running (07m05.9s), 10/80 VUs, 13368 complete and 0 interrupted iterations
oscillating   [  59% ] 10/80 VUs  07m05.9s/12m00.0s

running (07m06.9s), 10/80 VUs, 13383 complete and 0 interrupted iterations
oscillating   [  59% ] 10/80 VUs  07m06.9s/12m00.0s

running (07m07.9s), 10/80 VUs, 13396 complete and 0 interrupted iterations
oscillating   [  59% ] 10/80 VUs  07m07.9s/12m00.0s

running (07m08.9s), 10/80 VUs, 13409 complete and 0 interrupted iterations
oscillating   [  60% ] 10/80 VUs  07m08.9s/12m00.0s

running (07m09.9s), 10/80 VUs, 13422 complete and 0 interrupted iterations
oscillating   [  60% ] 10/80 VUs  07m09.9s/12m00.0s

running (07m10.9s), 10/80 VUs, 13437 complete and 0 interrupted iterations
oscillating   [  60% ] 10/80 VUs  07m10.9s/12m00.0s

running (07m11.9s), 10/80 VUs, 13452 complete and 0 interrupted iterations
oscillating   [  60% ] 10/80 VUs  07m11.9s/12m00.0s

running (07m12.9s), 10/80 VUs, 13466 complete and 0 interrupted iterations
oscillating   [  60% ] 10/80 VUs  07m12.9s/12m00.0s

running (07m13.9s), 10/80 VUs, 13480 complete and 0 interrupted iterations
oscillating   [  60% ] 10/80 VUs  07m13.9s/12m00.0s

running (07m14.9s), 10/80 VUs, 13495 complete and 0 interrupted iterations
oscillating   [  60% ] 10/80 VUs  07m14.9s/12m00.0s

running (07m15.9s), 10/80 VUs, 13510 complete and 0 interrupted iterations
oscillating   [  61% ] 10/80 VUs  07m15.9s/12m00.0s

running (07m16.9s), 10/80 VUs, 13526 complete and 0 interrupted iterations
oscillating   [  61% ] 10/80 VUs  07m16.9s/12m00.0s

running (07m17.9s), 10/80 VUs, 13538 complete and 0 interrupted iterations
oscillating   [  61% ] 10/80 VUs  07m17.9s/12m00.0s

running (07m18.9s), 10/80 VUs, 13552 complete and 0 interrupted iterations
oscillating   [  61% ] 10/80 VUs  07m18.9s/12m00.0s

running (07m19.9s), 10/80 VUs, 13567 complete and 0 interrupted iterations
oscillating   [  61% ] 10/80 VUs  07m19.9s/12m00.0s

running (07m20.9s), 10/80 VUs, 13582 complete and 0 interrupted iterations
oscillating   [  61% ] 10/80 VUs  07m20.9s/12m00.0s

running (07m21.9s), 10/80 VUs, 13595 complete and 0 interrupted iterations
oscillating   [  61% ] 10/80 VUs  07m21.9s/12m00.0s

running (07m22.9s), 10/80 VUs, 13610 complete and 0 interrupted iterations
oscillating   [  62% ] 10/80 VUs  07m22.9s/12m00.0s

running (07m23.9s), 10/80 VUs, 13622 complete and 0 interrupted iterations
oscillating   [  62% ] 10/80 VUs  07m23.9s/12m00.0s

running (07m24.9s), 10/80 VUs, 13638 complete and 0 interrupted iterations
oscillating   [  62% ] 10/80 VUs  07m24.9s/12m00.0s

running (07m25.9s), 10/80 VUs, 13651 complete and 0 interrupted iterations
oscillating   [  62% ] 10/80 VUs  07m25.9s/12m00.0s

running (07m26.9s), 10/80 VUs, 13667 complete and 0 interrupted iterations
oscillating   [  62% ] 10/80 VUs  07m26.9s/12m00.0s

running (07m27.9s), 10/80 VUs, 13680 complete and 0 interrupted iterations
oscillating   [  62% ] 10/80 VUs  07m27.9s/12m00.0s

running (07m28.9s), 10/80 VUs, 13695 complete and 0 interrupted iterations
oscillating   [  62% ] 10/80 VUs  07m28.9s/12m00.0s

running (07m29.9s), 10/80 VUs, 13710 complete and 0 interrupted iterations
oscillating   [  62% ] 10/80 VUs  07m29.9s/12m00.0s

running (07m30.9s), 10/80 VUs, 13724 complete and 0 interrupted iterations
oscillating   [  63% ] 10/80 VUs  07m30.9s/12m00.0s

running (07m31.9s), 10/80 VUs, 13735 complete and 0 interrupted iterations
oscillating   [  63% ] 10/80 VUs  07m31.9s/12m00.0s

running (07m32.9s), 10/80 VUs, 13750 complete and 0 interrupted iterations
oscillating   [  63% ] 10/80 VUs  07m32.9s/12m00.0s

running (07m33.9s), 10/80 VUs, 13765 complete and 0 interrupted iterations
oscillating   [  63% ] 10/80 VUs  07m33.9s/12m00.0s

running (07m34.9s), 10/80 VUs, 13778 complete and 0 interrupted iterations
oscillating   [  63% ] 10/80 VUs  07m34.9s/12m00.0s

running (07m35.9s), 10/80 VUs, 13791 complete and 0 interrupted iterations
oscillating   [  63% ] 10/80 VUs  07m35.9s/12m00.0s

running (07m36.9s), 10/80 VUs, 13806 complete and 0 interrupted iterations
oscillating   [  63% ] 10/80 VUs  07m36.9s/12m00.0s

running (07m37.9s), 10/80 VUs, 13821 complete and 0 interrupted iterations
oscillating   [  64% ] 10/80 VUs  07m37.9s/12m00.0s

running (07m38.9s), 10/80 VUs, 13837 complete and 0 interrupted iterations
oscillating   [  64% ] 10/80 VUs  07m38.9s/12m00.0s

running (07m39.9s), 10/80 VUs, 13848 complete and 0 interrupted iterations
oscillating   [  64% ] 10/80 VUs  07m39.9s/12m00.0s

running (07m40.9s), 10/80 VUs, 13862 complete and 0 interrupted iterations
oscillating   [  64% ] 10/80 VUs  07m40.9s/12m00.0s

running (07m41.9s), 10/80 VUs, 13876 complete and 0 interrupted iterations
oscillating   [  64% ] 10/80 VUs  07m41.9s/12m00.0s

running (07m42.9s), 10/80 VUs, 13891 complete and 0 interrupted iterations
oscillating   [  64% ] 10/80 VUs  07m42.9s/12m00.0s

running (07m43.9s), 10/80 VUs, 13906 complete and 0 interrupted iterations
oscillating   [  64% ] 10/80 VUs  07m43.9s/12m00.0s

running (07m44.9s), 10/80 VUs, 13919 complete and 0 interrupted iterations
oscillating   [  65% ] 10/80 VUs  07m44.9s/12m00.0s

running (07m45.9s), 10/80 VUs, 13937 complete and 0 interrupted iterations
oscillating   [  65% ] 10/80 VUs  07m45.9s/12m00.0s

running (07m46.9s), 10/80 VUs, 13949 complete and 0 interrupted iterations
oscillating   [  65% ] 10/80 VUs  07m46.9s/12m00.0s

running (07m47.9s), 10/80 VUs, 13964 complete and 0 interrupted iterations
oscillating   [  65% ] 10/80 VUs  07m47.9s/12m00.0s

running (07m48.9s), 10/80 VUs, 13976 complete and 0 interrupted iterations
oscillating   [  65% ] 10/80 VUs  07m48.9s/12m00.0s

running (07m49.9s), 10/80 VUs, 13989 complete and 0 interrupted iterations
oscillating   [  65% ] 10/80 VUs  07m49.9s/12m00.0s

running (07m50.9s), 10/80 VUs, 14004 complete and 0 interrupted iterations
oscillating   [  65% ] 10/80 VUs  07m50.9s/12m00.0s

running (07m51.9s), 10/80 VUs, 14018 complete and 0 interrupted iterations
oscillating   [  66% ] 10/80 VUs  07m51.9s/12m00.0s

running (07m52.9s), 10/80 VUs, 14032 complete and 0 interrupted iterations
oscillating   [  66% ] 10/80 VUs  07m52.9s/12m00.0s

running (07m53.9s), 10/80 VUs, 14047 complete and 0 interrupted iterations
oscillating   [  66% ] 10/80 VUs  07m53.9s/12m00.0s

running (07m54.9s), 10/80 VUs, 14061 complete and 0 interrupted iterations
oscillating   [  66% ] 10/80 VUs  07m54.9s/12m00.0s

running (07m55.9s), 10/80 VUs, 14075 complete and 0 interrupted iterations
oscillating   [  66% ] 10/80 VUs  07m55.9s/12m00.0s

running (07m56.9s), 10/80 VUs, 14091 complete and 0 interrupted iterations
oscillating   [  66% ] 10/80 VUs  07m56.9s/12m00.0s

running (07m57.9s), 10/80 VUs, 14103 complete and 0 interrupted iterations
oscillating   [  66% ] 10/80 VUs  07m57.9s/12m00.0s

running (07m58.9s), 10/80 VUs, 14120 complete and 0 interrupted iterations
oscillating   [  67% ] 10/80 VUs  07m58.9s/12m00.0s

running (07m59.9s), 10/80 VUs, 14132 complete and 0 interrupted iterations
oscillating   [  67% ] 10/80 VUs  07m59.9s/12m00.0s

running (08m00.9s), 16/80 VUs, 14148 complete and 0 interrupted iterations
oscillating   [  67% ] 16/80 VUs  08m00.9s/12m00.0s

running (08m01.9s), 23/80 VUs, 14172 complete and 0 interrupted iterations
oscillating   [  67% ] 23/80 VUs  08m01.9s/12m00.0s

running (08m02.9s), 30/80 VUs, 14208 complete and 0 interrupted iterations
oscillating   [  67% ] 30/80 VUs  08m02.9s/12m00.0s

running (08m03.9s), 37/80 VUs, 14250 complete and 0 interrupted iterations
oscillating   [  67% ] 37/80 VUs  08m03.9s/12m00.0s

running (08m04.9s), 44/80 VUs, 14308 complete and 0 interrupted iterations
oscillating   [  67% ] 44/80 VUs  08m04.9s/12m00.0s

running (08m05.9s), 51/80 VUs, 14368 complete and 0 interrupted iterations
oscillating   [  67% ] 51/80 VUs  08m05.9s/12m00.0s

running (08m06.9s), 58/80 VUs, 14447 complete and 0 interrupted iterations
oscillating   [  68% ] 58/80 VUs  08m06.9s/12m00.0s

running (08m07.9s), 65/80 VUs, 14525 complete and 0 interrupted iterations
oscillating   [  68% ] 65/80 VUs  08m07.9s/12m00.0s

running (08m08.9s), 72/80 VUs, 14613 complete and 0 interrupted iterations
oscillating   [  68% ] 72/80 VUs  08m08.9s/12m00.0s

running (08m09.9s), 79/80 VUs, 14726 complete and 0 interrupted iterations
oscillating   [  68% ] 79/80 VUs  08m09.9s/12m00.0s

running (08m10.9s), 80/80 VUs, 14827 complete and 0 interrupted iterations
oscillating   [  68% ] 80/80 VUs  08m10.9s/12m00.0s

running (08m11.9s), 80/80 VUs, 14946 complete and 0 interrupted iterations
oscillating   [  68% ] 80/80 VUs  08m11.9s/12m00.0s

running (08m12.9s), 80/80 VUs, 15052 complete and 0 interrupted iterations
oscillating   [  68% ] 80/80 VUs  08m12.9s/12m00.0s

running (08m13.9s), 80/80 VUs, 15172 complete and 0 interrupted iterations
oscillating   [  69% ] 80/80 VUs  08m13.9s/12m00.0s

running (08m14.9s), 80/80 VUs, 15283 complete and 0 interrupted iterations
oscillating   [  69% ] 80/80 VUs  08m14.9s/12m00.0s

running (08m15.9s), 80/80 VUs, 15395 complete and 0 interrupted iterations
oscillating   [  69% ] 80/80 VUs  08m15.9s/12m00.0s

running (08m16.9s), 80/80 VUs, 15509 complete and 0 interrupted iterations
oscillating   [  69% ] 80/80 VUs  08m16.9s/12m00.0s

running (08m17.9s), 80/80 VUs, 15619 complete and 0 interrupted iterations
oscillating   [  69% ] 80/80 VUs  08m17.9s/12m00.0s

running (08m18.9s), 80/80 VUs, 15734 complete and 0 interrupted iterations
oscillating   [  69% ] 80/80 VUs  08m18.9s/12m00.0s

running (08m19.9s), 80/80 VUs, 15847 complete and 0 interrupted iterations
oscillating   [  69% ] 80/80 VUs  08m19.9s/12m00.0s

running (08m20.9s), 80/80 VUs, 15953 complete and 0 interrupted iterations
oscillating   [  70% ] 80/80 VUs  08m20.9s/12m00.0s

running (08m21.9s), 80/80 VUs, 16075 complete and 0 interrupted iterations
oscillating   [  70% ] 80/80 VUs  08m21.9s/12m00.0s

running (08m22.9s), 80/80 VUs, 16182 complete and 0 interrupted iterations
oscillating   [  70% ] 80/80 VUs  08m22.9s/12m00.0s

running (08m23.9s), 80/80 VUs, 16294 complete and 0 interrupted iterations
oscillating   [  70% ] 80/80 VUs  08m23.9s/12m00.0s

running (08m24.9s), 80/80 VUs, 16404 complete and 0 interrupted iterations
oscillating   [  70% ] 80/80 VUs  08m24.9s/12m00.0s

running (08m25.9s), 80/80 VUs, 16518 complete and 0 interrupted iterations
oscillating   [  70% ] 80/80 VUs  08m25.9s/12m00.0s

running (08m26.9s), 80/80 VUs, 16627 complete and 0 interrupted iterations
oscillating   [  70% ] 80/80 VUs  08m26.9s/12m00.0s

running (08m27.9s), 80/80 VUs, 16739 complete and 0 interrupted iterations
oscillating   [  71% ] 80/80 VUs  08m27.9s/12m00.0s

running (08m28.9s), 80/80 VUs, 16850 complete and 0 interrupted iterations
oscillating   [  71% ] 80/80 VUs  08m28.9s/12m00.0s

running (08m29.9s), 80/80 VUs, 16961 complete and 0 interrupted iterations
oscillating   [  71% ] 80/80 VUs  08m29.9s/12m00.0s

running (08m30.9s), 80/80 VUs, 17075 complete and 0 interrupted iterations
oscillating   [  71% ] 80/80 VUs  08m30.9s/12m00.0s

running (08m31.9s), 80/80 VUs, 17184 complete and 0 interrupted iterations
oscillating   [  71% ] 80/80 VUs  08m31.9s/12m00.0s

running (08m32.9s), 80/80 VUs, 17295 complete and 0 interrupted iterations
oscillating   [  71% ] 80/80 VUs  08m32.9s/12m00.0s

running (08m33.9s), 80/80 VUs, 17414 complete and 0 interrupted iterations
oscillating   [  71% ] 80/80 VUs  08m33.9s/12m00.0s

running (08m34.9s), 80/80 VUs, 17526 complete and 0 interrupted iterations
oscillating   [  72% ] 80/80 VUs  08m34.9s/12m00.0s

running (08m35.9s), 80/80 VUs, 17642 complete and 0 interrupted iterations
oscillating   [  72% ] 80/80 VUs  08m35.9s/12m00.0s

running (08m36.9s), 80/80 VUs, 17748 complete and 0 interrupted iterations
oscillating   [  72% ] 80/80 VUs  08m36.9s/12m00.0s

running (08m37.9s), 80/80 VUs, 17865 complete and 0 interrupted iterations
oscillating   [  72% ] 80/80 VUs  08m37.9s/12m00.0s

running (08m38.9s), 80/80 VUs, 17979 complete and 0 interrupted iterations
oscillating   [  72% ] 80/80 VUs  08m38.9s/12m00.0s

running (08m39.9s), 80/80 VUs, 18095 complete and 0 interrupted iterations
oscillating   [  72% ] 80/80 VUs  08m39.9s/12m00.0s

running (08m40.9s), 80/80 VUs, 18210 complete and 0 interrupted iterations
oscillating   [  72% ] 80/80 VUs  08m40.9s/12m00.0s

running (08m41.9s), 80/80 VUs, 18322 complete and 0 interrupted iterations
oscillating   [  72% ] 80/80 VUs  08m41.9s/12m00.0s

running (08m42.9s), 80/80 VUs, 18436 complete and 0 interrupted iterations
oscillating   [  73% ] 80/80 VUs  08m42.9s/12m00.0s

running (08m43.9s), 80/80 VUs, 18551 complete and 0 interrupted iterations
oscillating   [  73% ] 80/80 VUs  08m43.9s/12m00.0s

running (08m44.9s), 80/80 VUs, 18665 complete and 0 interrupted iterations
oscillating   [  73% ] 80/80 VUs  08m44.9s/12m00.0s

running (08m45.9s), 80/80 VUs, 18777 complete and 0 interrupted iterations
oscillating   [  73% ] 80/80 VUs  08m45.9s/12m00.0s

running (08m46.9s), 80/80 VUs, 18885 complete and 0 interrupted iterations
oscillating   [  73% ] 80/80 VUs  08m46.9s/12m00.0s

running (08m47.9s), 80/80 VUs, 18993 complete and 0 interrupted iterations
oscillating   [  73% ] 80/80 VUs  08m47.9s/12m00.0s

running (08m48.9s), 80/80 VUs, 19114 complete and 0 interrupted iterations
oscillating   [  73% ] 80/80 VUs  08m48.9s/12m00.0s

running (08m49.9s), 80/80 VUs, 19226 complete and 0 interrupted iterations
oscillating   [  74% ] 80/80 VUs  08m49.9s/12m00.0s

running (08m50.9s), 80/80 VUs, 19335 complete and 0 interrupted iterations
oscillating   [  74% ] 80/80 VUs  08m50.9s/12m00.0s

running (08m51.9s), 80/80 VUs, 19447 complete and 0 interrupted iterations
oscillating   [  74% ] 80/80 VUs  08m51.9s/12m00.0s

running (08m52.9s), 80/80 VUs, 19562 complete and 0 interrupted iterations
oscillating   [  74% ] 80/80 VUs  08m52.9s/12m00.0s

running (08m53.9s), 80/80 VUs, 19669 complete and 0 interrupted iterations
oscillating   [  74% ] 80/80 VUs  08m53.9s/12m00.0s

running (08m54.9s), 80/80 VUs, 19784 complete and 0 interrupted iterations
oscillating   [  74% ] 80/80 VUs  08m54.9s/12m00.0s

running (08m55.9s), 80/80 VUs, 19895 complete and 0 interrupted iterations
oscillating   [  74% ] 80/80 VUs  08m55.9s/12m00.0s

running (08m56.9s), 80/80 VUs, 20020 complete and 0 interrupted iterations
oscillating   [  75% ] 80/80 VUs  08m56.9s/12m00.0s

running (08m57.9s), 80/80 VUs, 20128 complete and 0 interrupted iterations
oscillating   [  75% ] 80/80 VUs  08m57.9s/12m00.0s

running (08m58.9s), 80/80 VUs, 20245 complete and 0 interrupted iterations
oscillating   [  75% ] 80/80 VUs  08m58.9s/12m00.0s

running (08m59.9s), 80/80 VUs, 20364 complete and 0 interrupted iterations
oscillating   [  75% ] 80/80 VUs  08m59.9s/12m00.0s

running (09m00.9s), 80/80 VUs, 20476 complete and 0 interrupted iterations
oscillating   [  75% ] 80/80 VUs  09m00.9s/12m00.0s

running (09m01.9s), 80/80 VUs, 20588 complete and 0 interrupted iterations
oscillating   [  75% ] 80/80 VUs  09m01.9s/12m00.0s

running (09m02.9s), 79/80 VUs, 20706 complete and 0 interrupted iterations
oscillating   [  75% ] 79/80 VUs  09m02.9s/12m00.0s

running (09m03.9s), 79/80 VUs, 20814 complete and 0 interrupted iterations
oscillating   [  76% ] 79/80 VUs  09m03.9s/12m00.0s

running (09m04.9s), 78/80 VUs, 20929 complete and 0 interrupted iterations
oscillating   [  76% ] 78/80 VUs  09m04.9s/12m00.0s

running (09m05.9s), 78/80 VUs, 21032 complete and 0 interrupted iterations
oscillating   [  76% ] 78/80 VUs  09m05.9s/12m00.0s

running (09m06.9s), 78/80 VUs, 21143 complete and 0 interrupted iterations
oscillating   [  76% ] 78/80 VUs  09m06.9s/12m00.0s

running (09m07.9s), 77/80 VUs, 21250 complete and 0 interrupted iterations
oscillating   [  76% ] 77/80 VUs  09m07.9s/12m00.0s

running (09m08.9s), 77/80 VUs, 21363 complete and 0 interrupted iterations
oscillating   [  76% ] 77/80 VUs  09m08.9s/12m00.0s

running (09m09.9s), 76/80 VUs, 21474 complete and 0 interrupted iterations
oscillating   [  76% ] 76/80 VUs  09m09.9s/12m00.0s

running (09m10.9s), 76/80 VUs, 21584 complete and 0 interrupted iterations
oscillating   [  77% ] 76/80 VUs  09m10.9s/12m00.0s

running (09m11.9s), 75/80 VUs, 21685 complete and 0 interrupted iterations
oscillating   [  77% ] 75/80 VUs  09m11.9s/12m00.0s

running (09m12.9s), 75/80 VUs, 21789 complete and 0 interrupted iterations
oscillating   [  77% ] 75/80 VUs  09m12.9s/12m00.0s

running (09m13.9s), 75/80 VUs, 21898 complete and 0 interrupted iterations
oscillating   [  77% ] 75/80 VUs  09m13.9s/12m00.0s

running (09m14.9s), 74/80 VUs, 22001 complete and 0 interrupted iterations
oscillating   [  77% ] 74/80 VUs  09m14.9s/12m00.0s

running (09m15.9s), 74/80 VUs, 22102 complete and 0 interrupted iterations
oscillating   [  77% ] 74/80 VUs  09m15.9s/12m00.0s

running (09m16.9s), 73/80 VUs, 22207 complete and 0 interrupted iterations
oscillating   [  77% ] 73/80 VUs  09m16.9s/12m00.0s

running (09m17.9s), 73/80 VUs, 22310 complete and 0 interrupted iterations
oscillating   [  77% ] 73/80 VUs  09m17.9s/12m00.0s

running (09m18.9s), 72/80 VUs, 22412 complete and 0 interrupted iterations
oscillating   [  78% ] 72/80 VUs  09m18.9s/12m00.0s

running (09m19.9s), 72/80 VUs, 22518 complete and 0 interrupted iterations
oscillating   [  78% ] 72/80 VUs  09m19.9s/12m00.0s

running (09m20.9s), 71/80 VUs, 22618 complete and 0 interrupted iterations
oscillating   [  78% ] 71/80 VUs  09m20.9s/12m00.0s

running (09m21.9s), 71/80 VUs, 22718 complete and 0 interrupted iterations
oscillating   [  78% ] 71/80 VUs  09m21.9s/12m00.0s

running (09m22.9s), 71/80 VUs, 22814 complete and 0 interrupted iterations
oscillating   [  78% ] 71/80 VUs  09m22.9s/12m00.0s

running (09m23.9s), 70/80 VUs, 22917 complete and 0 interrupted iterations
oscillating   [  78% ] 70/80 VUs  09m23.9s/12m00.0s

running (09m24.9s), 70/80 VUs, 23014 complete and 0 interrupted iterations
oscillating   [  78% ] 70/80 VUs  09m24.9s/12m00.0s

running (09m25.9s), 69/80 VUs, 23112 complete and 0 interrupted iterations
oscillating   [  79% ] 69/80 VUs  09m25.9s/12m00.0s

running (09m26.9s), 69/80 VUs, 23211 complete and 0 interrupted iterations
oscillating   [  79% ] 69/80 VUs  09m26.9s/12m00.0s

running (09m27.9s), 68/80 VUs, 23304 complete and 0 interrupted iterations
oscillating   [  79% ] 68/80 VUs  09m27.9s/12m00.0s

running (09m28.9s), 68/80 VUs, 23397 complete and 0 interrupted iterations
oscillating   [  79% ] 68/80 VUs  09m28.9s/12m00.0s

running (09m29.9s), 67/80 VUs, 23501 complete and 0 interrupted iterations
oscillating   [  79% ] 67/80 VUs  09m29.9s/12m00.0s

running (09m30.9s), 67/80 VUs, 23595 complete and 0 interrupted iterations
oscillating   [  79% ] 67/80 VUs  09m30.9s/12m00.0s

running (09m31.9s), 67/80 VUs, 23690 complete and 0 interrupted iterations
oscillating   [  79% ] 67/80 VUs  09m31.9s/12m00.0s

running (09m32.9s), 66/80 VUs, 23780 complete and 0 interrupted iterations
oscillating   [  80% ] 66/80 VUs  09m32.9s/12m00.0s

running (09m33.9s), 66/80 VUs, 23877 complete and 0 interrupted iterations
oscillating   [  80% ] 66/80 VUs  09m33.9s/12m00.0s

running (09m34.9s), 65/80 VUs, 23967 complete and 0 interrupted iterations
oscillating   [  80% ] 65/80 VUs  09m34.9s/12m00.0s

running (09m35.9s), 65/80 VUs, 24063 complete and 0 interrupted iterations
oscillating   [  80% ] 65/80 VUs  09m35.9s/12m00.0s

running (09m36.9s), 64/80 VUs, 24155 complete and 0 interrupted iterations
oscillating   [  80% ] 64/80 VUs  09m36.9s/12m00.0s

running (09m37.9s), 64/80 VUs, 24239 complete and 0 interrupted iterations
oscillating   [  80% ] 64/80 VUs  09m37.9s/12m00.0s

running (09m38.9s), 63/80 VUs, 24331 complete and 0 interrupted iterations
oscillating   [  80% ] 63/80 VUs  09m38.9s/12m00.0s

running (09m39.9s), 63/80 VUs, 24421 complete and 0 interrupted iterations
oscillating   [  81% ] 63/80 VUs  09m39.9s/12m00.0s

running (09m40.9s), 63/80 VUs, 24510 complete and 0 interrupted iterations
oscillating   [  81% ] 63/80 VUs  09m40.9s/12m00.0s

running (09m41.9s), 62/80 VUs, 24598 complete and 0 interrupted iterations
oscillating   [  81% ] 62/80 VUs  09m41.9s/12m00.0s

running (09m42.9s), 62/80 VUs, 24681 complete and 0 interrupted iterations
oscillating   [  81% ] 62/80 VUs  09m42.9s/12m00.0s

running (09m43.9s), 61/80 VUs, 24772 complete and 0 interrupted iterations
oscillating   [  81% ] 61/80 VUs  09m43.9s/12m00.0s

running (09m44.9s), 61/80 VUs, 24859 complete and 0 interrupted iterations
oscillating   [  81% ] 61/80 VUs  09m44.9s/12m00.0s

running (09m45.9s), 60/80 VUs, 24943 complete and 0 interrupted iterations
oscillating   [  81% ] 60/80 VUs  09m45.9s/12m00.0s

running (09m46.9s), 60/80 VUs, 25024 complete and 0 interrupted iterations
oscillating   [  82% ] 60/80 VUs  09m46.9s/12m00.0s

running (09m47.9s), 60/80 VUs, 25111 complete and 0 interrupted iterations
oscillating   [  82% ] 60/80 VUs  09m47.9s/12m00.0s

running (09m48.9s), 59/80 VUs, 25197 complete and 0 interrupted iterations
oscillating   [  82% ] 59/80 VUs  09m48.9s/12m00.0s

running (09m49.9s), 59/80 VUs, 25278 complete and 0 interrupted iterations
oscillating   [  82% ] 59/80 VUs  09m49.9s/12m00.0s

running (09m50.9s), 58/80 VUs, 25364 complete and 0 interrupted iterations
oscillating   [  82% ] 58/80 VUs  09m50.9s/12m00.0s

running (09m51.9s), 58/80 VUs, 25441 complete and 0 interrupted iterations
oscillating   [  82% ] 58/80 VUs  09m51.9s/12m00.0s

running (09m52.9s), 57/80 VUs, 25527 complete and 0 interrupted iterations
oscillating   [  82% ] 57/80 VUs  09m52.9s/12m00.0s

running (09m53.9s), 57/80 VUs, 25609 complete and 0 interrupted iterations
oscillating   [  82% ] 57/80 VUs  09m53.9s/12m00.0s

running (09m54.9s), 56/80 VUs, 25685 complete and 0 interrupted iterations
oscillating   [  83% ] 56/80 VUs  09m54.9s/12m00.0s

running (09m55.9s), 56/80 VUs, 25760 complete and 0 interrupted iterations
oscillating   [  83% ] 56/80 VUs  09m55.9s/12m00.0s

running (09m56.9s), 55/80 VUs, 25839 complete and 0 interrupted iterations
oscillating   [  83% ] 55/80 VUs  09m56.9s/12m00.0s

running (09m57.9s), 55/80 VUs, 25918 complete and 0 interrupted iterations
oscillating   [  83% ] 55/80 VUs  09m57.9s/12m00.0s

running (09m58.9s), 54/80 VUs, 25997 complete and 0 interrupted iterations
oscillating   [  83% ] 54/80 VUs  09m58.9s/12m00.0s

running (09m59.9s), 54/80 VUs, 26068 complete and 0 interrupted iterations
oscillating   [  83% ] 54/80 VUs  09m59.9s/12m00.0s

running (10m00.9s), 54/80 VUs, 26145 complete and 0 interrupted iterations
oscillating   [  83% ] 54/80 VUs  10m00.9s/12m00.0s

running (10m01.9s), 53/80 VUs, 26227 complete and 0 interrupted iterations
oscillating   [  84% ] 53/80 VUs  10m01.9s/12m00.0s

running (10m02.9s), 53/80 VUs, 26297 complete and 0 interrupted iterations
oscillating   [  84% ] 53/80 VUs  10m02.9s/12m00.0s

running (10m03.9s), 52/80 VUs, 26376 complete and 0 interrupted iterations
oscillating   [  84% ] 52/80 VUs  10m03.9s/12m00.0s

running (10m04.9s), 52/80 VUs, 26449 complete and 0 interrupted iterations
oscillating   [  84% ] 52/80 VUs  10m04.9s/12m00.0s

running (10m05.9s), 51/80 VUs, 26525 complete and 0 interrupted iterations
oscillating   [  84% ] 51/80 VUs  10m05.9s/12m00.0s

running (10m06.9s), 51/80 VUs, 26600 complete and 0 interrupted iterations
oscillating   [  84% ] 51/80 VUs  10m06.9s/12m00.0s

running (10m07.9s), 50/80 VUs, 26668 complete and 0 interrupted iterations
oscillating   [  84% ] 50/80 VUs  10m07.9s/12m00.0s

running (10m08.9s), 50/80 VUs, 26742 complete and 0 interrupted iterations
oscillating   [  85% ] 50/80 VUs  10m08.9s/12m00.0s

running (10m09.9s), 50/80 VUs, 26807 complete and 0 interrupted iterations
oscillating   [  85% ] 50/80 VUs  10m09.9s/12m00.0s

running (10m10.9s), 49/80 VUs, 26875 complete and 0 interrupted iterations
oscillating   [  85% ] 49/80 VUs  10m10.9s/12m00.0s

running (10m11.9s), 49/80 VUs, 26948 complete and 0 interrupted iterations
oscillating   [  85% ] 49/80 VUs  10m11.9s/12m00.0s

running (10m12.9s), 48/80 VUs, 27013 complete and 0 interrupted iterations
oscillating   [  85% ] 48/80 VUs  10m12.9s/12m00.0s

running (10m13.9s), 48/80 VUs, 27082 complete and 0 interrupted iterations
oscillating   [  85% ] 48/80 VUs  10m13.9s/12m00.0s

running (10m14.9s), 47/80 VUs, 27152 complete and 0 interrupted iterations
oscillating   [  85% ] 47/80 VUs  10m14.9s/12m00.0s

running (10m15.9s), 47/80 VUs, 27214 complete and 0 interrupted iterations
oscillating   [  86% ] 47/80 VUs  10m15.9s/12m00.0s

running (10m16.9s), 47/80 VUs, 27281 complete and 0 interrupted iterations
oscillating   [  86% ] 47/80 VUs  10m16.9s/12m00.0s

running (10m17.9s), 46/80 VUs, 27349 complete and 0 interrupted iterations
oscillating   [  86% ] 46/80 VUs  10m17.9s/12m00.0s

running (10m18.9s), 45/80 VUs, 27413 complete and 0 interrupted iterations
oscillating   [  86% ] 45/80 VUs  10m18.9s/12m00.0s

running (10m19.9s), 45/80 VUs, 27473 complete and 0 interrupted iterations
oscillating   [  86% ] 45/80 VUs  10m19.9s/12m00.0s

running (10m20.9s), 45/80 VUs, 27541 complete and 0 interrupted iterations
oscillating   [  86% ] 45/80 VUs  10m20.9s/12m00.0s

running (10m21.9s), 44/80 VUs, 27602 complete and 0 interrupted iterations
oscillating   [  86% ] 44/80 VUs  10m21.9s/12m00.0s

running (10m22.9s), 44/80 VUs, 27661 complete and 0 interrupted iterations
oscillating   [  87% ] 44/80 VUs  10m22.9s/12m00.0s

running (10m23.9s), 43/80 VUs, 27726 complete and 0 interrupted iterations
oscillating   [  87% ] 43/80 VUs  10m23.9s/12m00.0s

running (10m24.9s), 43/80 VUs, 27787 complete and 0 interrupted iterations
oscillating   [  87% ] 43/80 VUs  10m24.9s/12m00.0s

running (10m25.9s), 42/80 VUs, 27847 complete and 0 interrupted iterations
oscillating   [  87% ] 42/80 VUs  10m25.9s/12m00.0s

running (10m26.9s), 42/80 VUs, 27909 complete and 0 interrupted iterations
oscillating   [  87% ] 42/80 VUs  10m26.9s/12m00.0s

running (10m27.9s), 42/80 VUs, 27969 complete and 0 interrupted iterations
oscillating   [  87% ] 42/80 VUs  10m27.9s/12m00.0s

running (10m28.9s), 41/80 VUs, 28030 complete and 0 interrupted iterations
oscillating   [  87% ] 41/80 VUs  10m28.9s/12m00.0s

running (10m29.9s), 41/80 VUs, 28084 complete and 0 interrupted iterations
oscillating   [  87% ] 41/80 VUs  10m29.9s/12m00.0s

running (10m30.9s), 40/80 VUs, 28146 complete and 0 interrupted iterations
oscillating   [  88% ] 40/80 VUs  10m30.9s/12m00.0s

running (10m31.9s), 40/80 VUs, 28201 complete and 0 interrupted iterations
oscillating   [  88% ] 40/80 VUs  10m31.9s/12m00.0s

running (10m32.9s), 39/80 VUs, 28253 complete and 0 interrupted iterations
oscillating   [  88% ] 39/80 VUs  10m32.9s/12m00.0s

running (10m33.9s), 39/80 VUs, 28310 complete and 0 interrupted iterations
oscillating   [  88% ] 39/80 VUs  10m33.9s/12m00.0s

running (10m34.9s), 39/80 VUs, 28363 complete and 0 interrupted iterations
oscillating   [  88% ] 39/80 VUs  10m34.9s/12m00.0s

running (10m35.9s), 38/80 VUs, 28418 complete and 0 interrupted iterations
oscillating   [  88% ] 38/80 VUs  10m35.9s/12m00.0s

running (10m36.9s), 37/80 VUs, 28471 complete and 0 interrupted iterations
oscillating   [  88% ] 37/80 VUs  10m36.9s/12m00.0s

running (10m37.9s), 37/80 VUs, 28525 complete and 0 interrupted iterations
oscillating   [  89% ] 37/80 VUs  10m37.9s/12m00.0s

running (10m38.9s), 37/80 VUs, 28574 complete and 0 interrupted iterations
oscillating   [  89% ] 37/80 VUs  10m38.9s/12m00.0s

running (10m39.9s), 36/80 VUs, 28630 complete and 0 interrupted iterations
oscillating   [  89% ] 36/80 VUs  10m39.9s/12m00.0s

running (10m40.9s), 36/80 VUs, 28678 complete and 0 interrupted iterations
oscillating   [  89% ] 36/80 VUs  10m40.9s/12m00.0s

running (10m41.9s), 35/80 VUs, 28732 complete and 0 interrupted iterations
oscillating   [  89% ] 35/80 VUs  10m41.9s/12m00.0s

running (10m42.9s), 35/80 VUs, 28783 complete and 0 interrupted iterations
oscillating   [  89% ] 35/80 VUs  10m42.9s/12m00.0s

running (10m43.9s), 34/80 VUs, 28829 complete and 0 interrupted iterations
oscillating   [  89% ] 34/80 VUs  10m43.9s/12m00.0s

running (10m44.9s), 34/80 VUs, 28879 complete and 0 interrupted iterations
oscillating   [  90% ] 34/80 VUs  10m44.9s/12m00.0s

running (10m45.9s), 34/80 VUs, 28926 complete and 0 interrupted iterations
oscillating   [  90% ] 34/80 VUs  10m45.9s/12m00.0s

running (10m46.9s), 33/80 VUs, 28970 complete and 0 interrupted iterations
oscillating   [  90% ] 33/80 VUs  10m46.9s/12m00.0s

running (10m47.9s), 33/80 VUs, 29020 complete and 0 interrupted iterations
oscillating   [  90% ] 33/80 VUs  10m47.9s/12m00.0s

running (10m48.9s), 32/80 VUs, 29060 complete and 0 interrupted iterations
oscillating   [  90% ] 32/80 VUs  10m48.9s/12m00.0s

running (10m49.9s), 32/80 VUs, 29109 complete and 0 interrupted iterations
oscillating   [  90% ] 32/80 VUs  10m49.9s/12m00.0s

running (10m50.9s), 31/80 VUs, 29153 complete and 0 interrupted iterations
oscillating   [  90% ] 31/80 VUs  10m50.9s/12m00.0s

running (10m51.9s), 31/80 VUs, 29195 complete and 0 interrupted iterations
oscillating   [  91% ] 31/80 VUs  10m51.9s/12m00.0s

running (10m52.9s), 31/80 VUs, 29240 complete and 0 interrupted iterations
oscillating   [  91% ] 31/80 VUs  10m52.9s/12m00.0s

running (10m53.9s), 30/80 VUs, 29279 complete and 0 interrupted iterations
oscillating   [  91% ] 30/80 VUs  10m53.9s/12m00.0s

running (10m54.9s), 30/80 VUs, 29323 complete and 0 interrupted iterations
oscillating   [  91% ] 30/80 VUs  10m54.9s/12m00.0s

running (10m55.9s), 29/80 VUs, 29364 complete and 0 interrupted iterations
oscillating   [  91% ] 29/80 VUs  10m55.9s/12m00.0s

running (10m56.9s), 29/80 VUs, 29402 complete and 0 interrupted iterations
oscillating   [  91% ] 29/80 VUs  10m56.9s/12m00.0s

running (10m57.9s), 28/80 VUs, 29444 complete and 0 interrupted iterations
oscillating   [  91% ] 28/80 VUs  10m57.9s/12m00.0s

running (10m58.9s), 28/80 VUs, 29482 complete and 0 interrupted iterations
oscillating   [  92% ] 28/80 VUs  10m58.9s/12m00.0s

running (10m59.9s), 28/80 VUs, 29523 complete and 0 interrupted iterations
oscillating   [  92% ] 28/80 VUs  10m59.9s/12m00.0s

running (11m00.9s), 27/80 VUs, 29562 complete and 0 interrupted iterations
oscillating   [  92% ] 27/80 VUs  11m00.9s/12m00.0s

running (11m01.9s), 26/80 VUs, 29602 complete and 0 interrupted iterations
oscillating   [  92% ] 26/80 VUs  11m01.9s/12m00.0s

running (11m02.9s), 26/80 VUs, 29639 complete and 0 interrupted iterations
oscillating   [  92% ] 26/80 VUs  11m02.9s/12m00.0s

running (11m03.9s), 25/80 VUs, 29673 complete and 0 interrupted iterations
oscillating   [  92% ] 25/80 VUs  11m03.9s/12m00.0s

running (11m04.9s), 25/80 VUs, 29710 complete and 0 interrupted iterations
oscillating   [  92% ] 25/80 VUs  11m04.9s/12m00.0s

running (11m05.9s), 25/80 VUs, 29747 complete and 0 interrupted iterations
oscillating   [  92% ] 25/80 VUs  11m05.9s/12m00.0s

running (11m06.9s), 24/80 VUs, 29780 complete and 0 interrupted iterations
oscillating   [  93% ] 24/80 VUs  11m06.9s/12m00.0s

running (11m07.9s), 24/80 VUs, 29815 complete and 0 interrupted iterations
oscillating   [  93% ] 24/80 VUs  11m07.9s/12m00.0s

running (11m08.9s), 23/80 VUs, 29850 complete and 0 interrupted iterations
oscillating   [  93% ] 23/80 VUs  11m08.9s/12m00.0s

running (11m09.9s), 23/80 VUs, 29883 complete and 0 interrupted iterations
oscillating   [  93% ] 23/80 VUs  11m09.9s/12m00.0s

running (11m10.9s), 23/80 VUs, 29915 complete and 0 interrupted iterations
oscillating   [  93% ] 23/80 VUs  11m10.9s/12m00.0s

running (11m11.9s), 22/80 VUs, 29948 complete and 0 interrupted iterations
oscillating   [  93% ] 22/80 VUs  11m11.9s/12m00.0s

running (11m12.9s), 22/80 VUs, 29979 complete and 0 interrupted iterations
oscillating   [  93% ] 22/80 VUs  11m12.9s/12m00.0s

running (11m13.9s), 21/80 VUs, 30011 complete and 0 interrupted iterations
oscillating   [  94% ] 21/80 VUs  11m13.9s/12m00.0s

running (11m14.9s), 21/80 VUs, 30041 complete and 0 interrupted iterations
oscillating   [  94% ] 21/80 VUs  11m14.9s/12m00.0s

running (11m15.9s), 20/80 VUs, 30070 complete and 0 interrupted iterations
oscillating   [  94% ] 20/80 VUs  11m15.9s/12m00.0s

running (11m16.9s), 20/80 VUs, 30099 complete and 0 interrupted iterations
oscillating   [  94% ] 20/80 VUs  11m16.9s/12m00.0s

running (11m17.9s), 19/80 VUs, 30121 complete and 0 interrupted iterations
oscillating   [  94% ] 19/80 VUs  11m17.9s/12m00.0s

running (11m18.9s), 19/80 VUs, 30151 complete and 0 interrupted iterations
oscillating   [  94% ] 19/80 VUs  11m18.9s/12m00.0s

running (11m19.9s), 19/80 VUs, 30179 complete and 0 interrupted iterations
oscillating   [  94% ] 19/80 VUs  11m19.9s/12m00.0s

running (11m20.9s), 18/80 VUs, 30205 complete and 0 interrupted iterations
oscillating   [  95% ] 18/80 VUs  11m20.9s/12m00.0s

running (11m21.9s), 18/80 VUs, 30232 complete and 0 interrupted iterations
oscillating   [  95% ] 18/80 VUs  11m21.9s/12m00.0s

running (11m22.9s), 17/80 VUs, 30254 complete and 0 interrupted iterations
oscillating   [  95% ] 17/80 VUs  11m22.9s/12m00.0s

running (11m23.9s), 17/80 VUs, 30276 complete and 0 interrupted iterations
oscillating   [  95% ] 17/80 VUs  11m23.9s/12m00.0s

running (11m24.9s), 16/80 VUs, 30303 complete and 0 interrupted iterations
oscillating   [  95% ] 16/80 VUs  11m24.9s/12m00.0s

running (11m25.9s), 16/80 VUs, 30324 complete and 0 interrupted iterations
oscillating   [  95% ] 16/80 VUs  11m25.9s/12m00.0s

running (11m26.9s), 15/80 VUs, 30347 complete and 0 interrupted iterations
oscillating   [  95% ] 15/80 VUs  11m26.9s/12m00.0s

running (11m27.9s), 15/80 VUs, 30367 complete and 0 interrupted iterations
oscillating   [  96% ] 15/80 VUs  11m27.9s/12m00.0s

running (11m28.9s), 15/80 VUs, 30387 complete and 0 interrupted iterations
oscillating   [  96% ] 15/80 VUs  11m28.9s/12m00.0s

running (11m29.9s), 14/80 VUs, 30410 complete and 0 interrupted iterations
oscillating   [  96% ] 14/80 VUs  11m29.9s/12m00.0s

running (11m30.9s), 14/80 VUs, 30427 complete and 0 interrupted iterations
oscillating   [  96% ] 14/80 VUs  11m30.9s/12m00.0s

running (11m31.9s), 13/80 VUs, 30447 complete and 0 interrupted iterations
oscillating   [  96% ] 13/80 VUs  11m31.9s/12m00.0s

running (11m32.9s), 13/80 VUs, 30465 complete and 0 interrupted iterations
oscillating   [  96% ] 13/80 VUs  11m32.9s/12m00.0s

running (11m33.9s), 12/80 VUs, 30484 complete and 0 interrupted iterations
oscillating   [  96% ] 12/80 VUs  11m33.9s/12m00.0s

running (11m34.9s), 12/80 VUs, 30498 complete and 0 interrupted iterations
oscillating   [  97% ] 12/80 VUs  11m34.9s/12m00.0s

running (11m35.9s), 11/80 VUs, 30517 complete and 0 interrupted iterations
oscillating   [  97% ] 11/80 VUs  11m35.9s/12m00.0s

running (11m36.9s), 11/80 VUs, 30532 complete and 0 interrupted iterations
oscillating   [  97% ] 11/80 VUs  11m36.9s/12m00.0s

running (11m37.9s), 10/80 VUs, 30547 complete and 0 interrupted iterations
oscillating   [  97% ] 10/80 VUs  11m37.9s/12m00.0s

running (11m38.9s), 10/80 VUs, 30562 complete and 0 interrupted iterations
oscillating   [  97% ] 10/80 VUs  11m38.9s/12m00.0s

running (11m39.9s), 10/80 VUs, 30576 complete and 0 interrupted iterations
oscillating   [  97% ] 10/80 VUs  11m39.9s/12m00.0s

running (11m40.9s), 09/80 VUs, 30589 complete and 0 interrupted iterations
oscillating   [  97% ] 09/80 VUs  11m40.9s/12m00.0s

running (11m41.9s), 09/80 VUs, 30601 complete and 0 interrupted iterations
oscillating   [  97% ] 09/80 VUs  11m41.9s/12m00.0s

running (11m42.9s), 08/80 VUs, 30614 complete and 0 interrupted iterations
oscillating   [  98% ] 08/80 VUs  11m42.9s/12m00.0s

running (11m43.9s), 08/80 VUs, 30626 complete and 0 interrupted iterations
oscillating   [  98% ] 08/80 VUs  11m43.9s/12m00.0s

running (11m44.9s), 07/80 VUs, 30637 complete and 0 interrupted iterations
oscillating   [  98% ] 07/80 VUs  11m44.9s/12m00.0s

running (11m45.9s), 07/80 VUs, 30647 complete and 0 interrupted iterations
oscillating   [  98% ] 07/80 VUs  11m45.9s/12m00.0s

running (11m46.9s), 06/80 VUs, 30657 complete and 0 interrupted iterations
oscillating   [  98% ] 06/80 VUs  11m46.9s/12m00.0s

running (11m47.9s), 06/80 VUs, 30664 complete and 0 interrupted iterations
oscillating   [  98% ] 06/80 VUs  11m47.9s/12m00.0s

running (11m48.9s), 06/80 VUs, 30675 complete and 0 interrupted iterations
oscillating   [  98% ] 06/80 VUs  11m48.9s/12m00.0s

running (11m49.9s), 05/80 VUs, 30682 complete and 0 interrupted iterations
oscillating   [  99% ] 05/80 VUs  11m49.9s/12m00.0s

running (11m50.9s), 05/80 VUs, 30689 complete and 0 interrupted iterations
oscillating   [  99% ] 05/80 VUs  11m50.9s/12m00.0s

running (11m51.9s), 04/80 VUs, 30695 complete and 0 interrupted iterations
oscillating   [  99% ] 04/80 VUs  11m51.9s/12m00.0s

running (11m52.9s), 04/80 VUs, 30701 complete and 0 interrupted iterations
oscillating   [  99% ] 04/80 VUs  11m52.9s/12m00.0s

running (11m53.9s), 03/80 VUs, 30706 complete and 0 interrupted iterations
oscillating   [  99% ] 03/80 VUs  11m53.9s/12m00.0s

running (11m54.9s), 03/80 VUs, 30711 complete and 0 interrupted iterations
oscillating   [  99% ] 03/80 VUs  11m54.9s/12m00.0s

running (11m55.9s), 03/80 VUs, 30715 complete and 0 interrupted iterations
oscillating   [  99% ] 03/80 VUs  11m55.9s/12m00.0s

running (11m56.9s), 02/80 VUs, 30718 complete and 0 interrupted iterations
oscillating   [ 100% ] 02/80 VUs  11m56.9s/12m00.0s

running (11m57.9s), 01/80 VUs, 30722 complete and 0 interrupted iterations
oscillating   [ 100% ] 01/80 VUs  11m57.9s/12m00.0s

running (11m58.9s), 01/80 VUs, 30724 complete and 0 interrupted iterations
oscillating   [ 100% ] 01/80 VUs  11m58.9s/12m00.0s

running (11m59.9s), 01/80 VUs, 30725 complete and 0 interrupted iterations
oscillating   [ 100% ] 01/80 VUs  11m59.9s/12m00.0s

     ✓ status is 200
     ✓ returns quotes
     ✗ response time <2000ms
      ↳  95% — ✓ 29238 / ✗ 1488

     checks.........................: 98.38% ✓ 90690     ✗ 1488 
     data_received..................: 22 MB  31 kB/s
     data_sent......................: 14 MB  19 kB/s
     http_req_blocked...............: avg=11.51µs  min=912ns    med=2.3µs    max=13.79ms  p(90)=3.37µs  p(95)=4.06µs
     http_req_connecting............: avg=6.36µs   min=0s       med=0s       max=13.73ms  p(90)=0s      p(95)=0s    
   ✓ http_req_duration..............: avg=951.98ms min=469.05ms med=740.16ms max=6.6s     p(90)=1.1s    p(95)=1.61s 
       { expected_response:true }...: avg=951.98ms min=469.05ms med=740.16ms max=6.6s     p(90)=1.1s    p(95)=1.61s 
   ✓ http_req_failed................: 0.00%  ✓ 0         ✗ 30726
     http_req_receiving.............: avg=1.22ms   min=16.56µs  med=114.09µs max=125.95ms p(90)=1.5ms   p(95)=4.08ms
     http_req_sending...............: avg=20.14µs  min=7.01µs   med=18.57µs  max=6.33ms   p(90)=28.38µs p(95)=31.3µs
     http_req_tls_handshaking.......: avg=0s       min=0s       med=0s       max=0s       p(90)=0s      p(95)=0s    
     http_req_waiting...............: avg=950.73ms min=468.92ms med=740.02ms max=6.6s     p(90)=1.09s   p(95)=1.6s  
     http_reqs......................: 30726  42.661771/s
     iteration_duration.............: avg=952.25ms min=469.23ms med=740.44ms max=6.6s     p(90)=1.1s    p(95)=1.61s 
     iterations.....................: 30726  42.661771/s
     vus............................: 1      min=1       max=80 
     vus_max........................: 80     min=80      max=80 


running (12m00.2s), 00/80 VUs, 30726 complete and 0 interrupted iterations
oscillating ✓ [ 100% ] 00/80 VUs  12m0s
