[0;36m[2026-05-02 21:47:12][0m ================================================================
[0;36m[2026-05-02 21:47:12][0m   THESIS EXPERIMENT RUNNER
[0;36m[2026-05-02 21:47:12][0m   Started: 2026-05-02T21:47:12+07:00
[0;36m[2026-05-02 21:47:12][0m ================================================================
[0;36m[2026-05-02 21:47:12][0m 
[0;36m[2026-05-02 21:47:12][0m   Total runs:     18
[0;36m[2026-05-02 21:47:12][0m   Already done:   0
[0;36m[2026-05-02 21:47:12][0m   Pending:        18
[0;36m[2026-05-02 21:47:12][0m   Estimated time: 4h 30m
[0;36m[2026-05-02 21:47:12][0m   Product load:   base=20 peak=200 page_size=100 max_page=12
[0;36m[2026-05-02 21:47:12][0m   Auth load:      base=10 peak=40 me=70% login=30% users=120
[0;36m[2026-05-02 21:47:12][0m 
[0;36m[2026-05-02 21:47:12][0m [1;33mDRY RUN — Execution plan:[0m
[0;36m[2026-05-02 21:47:12][0m 
[0;36m[2026-05-02 21:47:12][0m Run without --dry-run to execute.
[0;36m[2026-05-02 21:53:58][0m ================================================================
[0;36m[2026-05-02 21:53:58][0m   THESIS EXPERIMENT RUNNER
[0;36m[2026-05-02 21:53:58][0m   Started: 2026-05-02T21:53:58+07:00
[0;36m[2026-05-02 21:53:58][0m ================================================================
[0;36m[2026-05-02 21:53:58][0m 
[0;36m[2026-05-02 21:53:58][0m   Total runs:     18
[0;36m[2026-05-02 21:53:58][0m   Already done:   0
[0;36m[2026-05-02 21:53:58][0m   Pending:        18
[0;36m[2026-05-02 21:53:58][0m   Estimated time: 4h 30m
[0;36m[2026-05-02 21:53:58][0m   Product load:   base=20 peak=200 page_size=100 max_page=12
[0;36m[2026-05-02 21:53:58][0m   Auth load:      base=10 peak=40 me=70% login=30% users=120
[0;36m[2026-05-02 21:53:58][0m 
[0;36m[2026-05-02 21:53:58][0m [0;34m── Verifying cluster connectivity...[0m
[0;36m[2026-05-02 21:53:59][0m [0;34m── Deleting leftover k6 jobs...[0m
[0;36m[2026-05-02 21:54:01][0m [0;34m── Refreshing k6 ConfigMaps from local manifests...[0m
[0;36m[2026-05-02 21:54:08][0m [0;32m✅ Cluster connectivity verified[0m
[0;36m[2026-05-02 21:54:08][0m 
[0;36m[2026-05-02 21:54:08][0m ╔══════════════════════════════════════════════════════════════╗
[0;36m[2026-05-02 21:54:08][0m ║  Progress: 1/18 | ETA: 4h 30m | Done: 0/18
[0;36m[2026-05-02 21:54:08][0m ╚══════════════════════════════════════════════════════════════╝
[0;36m[2026-05-02 21:54:08][0m ━━━━━━━━━━━━━━━━━━━━━━━━━━━━━━━━━━━━━━━━━━━━━━━━━━
[0;36m[2026-05-02 21:54:08][0m   RUN: auth-service_b1_gradual_rep1
[0;36m[2026-05-02 21:54:08][0m   Service: auth-service | Config: b1 | Pattern: gradual | Rep: 1
[0;36m[2026-05-02 21:54:08][0m ━━━━━━━━━━━━━━━━━━━━━━━━━━━━━━━━━━━━━━━━━━━━━━━━━━
[0;36m[2026-05-02 21:54:08][0m [0;34m── Resetting cluster state for auth-service...[0m
[0;36m[2026-05-02 21:54:08][0m [0;34m── Cleaning up all autoscalers for auth-service...[0m
[0;36m[2026-05-02 21:54:20][0m [0;34m── Waiting for auth-service to return to the 1-replica baseline...[0m
[0;36m[2026-05-02 21:54:24][0m [0;32m✅ auth-service reached 1/1 ready replicas during cleanup[0m
[0;36m[2026-05-02 21:54:24][0m [0;34m── Deleting leftover k6 jobs...[0m
[0;36m[2026-05-02 21:54:26][0m [0;34m── Waiting 120s for cluster stabilization...[0m
[0;36m[2026-05-02 21:56:30][0m [0;32m✅ auth-service reached 1/1 ready replicas during post-reset stabilization[0m
[0;36m[2026-05-02 21:56:30][0m [0;32m✅ Cluster state reset complete for auth-service[0m
[0;36m[2026-05-02 21:56:30][0m [0;34m── Applying configuration: b1 (b1-underprovisioned.yaml) for auth-service[0m
[0;36m[2026-05-02 21:56:35][0m [0;32m✅ auth-service reached 1/1 ready replicas during config apply (b1)[0m
[0;36m[2026-05-02 21:56:35][0m [0;34m── Waiting 90s for metrics to baseline...[0m
[0;36m[2026-05-02 21:58:09][0m [0;32m✅ auth-service reached 1/1 ready replicas during post-config stabilization (b1)[0m
[0;36m[2026-05-02 21:58:09][0m [0;32m✅ Configuration b1 applied for auth-service[0m
[0;36m[2026-05-02 21:58:09][0m [0;34m── Pre-flight: verifying auth-service is ready on /ready...[0m
[0;36m[2026-05-02 21:58:11][0m [0;32m✅ Pre-flight passed: auth-service is ready[0m
[0;36m[2026-05-02 21:58:11][0m [0;34m── Starting k6 load test: k6-auth-test-gradual-auth-service-b1-gradual-rep1 (pattern: gradual)[0m
[0;36m[2026-05-02 21:58:17][0m [0;34m── Waiting for k6 job to complete (timeout: 900s)...[0m
[0;36m[2026-05-02 22:10:57][0m [1;33m⚠️  k6 job reached terminal failed state after 760s (threshold failures are still valid data)[0m
[0;36m[2026-05-02 22:10:57][0m [0;34m── Waiting 180s before data export...[0m
[0;36m[2026-05-02 22:13:57][0m [0;34m── Exporting k6 results...[0m
[0;36m[2026-05-02 22:13:59][0m [1;33m⚠️  Could not copy k6 JSON results[0m
[0;36m[2026-05-02 22:14:00][0m [0;32m✅ k6 results exported to /home/kevin/Projects/e-commerce/experiment-results/.tmp/auth-service_b1_gradual_rep1-1777733648/[0m
[0;36m[2026-05-02 22:14:01][0m [0;34m── Exporting Prometheus metrics...[0m
[0;36m[2026-05-02 22:14:09][0m [0;32m✅ Prometheus metrics exported to /home/kevin/Projects/e-commerce/experiment-results/.tmp/auth-service_b1_gradual_rep1-1777733648/[0m
[0;36m[2026-05-02 22:14:10][0m [0;32m✅ Run auth-service_b1_gradual_rep1 completed in 1201s (~20m)[0m
[0;36m[2026-05-02 22:14:10][0m 
[0;36m[2026-05-02 22:14:10][0m ╔══════════════════════════════════════════════════════════════╗
[0;36m[2026-05-02 22:14:10][0m ║  Progress: 2/18 | ETA: 5h 40m | Done: 1/18
[0;36m[2026-05-02 22:14:10][0m ╚══════════════════════════════════════════════════════════════╝
[0;36m[2026-05-02 22:14:10][0m ━━━━━━━━━━━━━━━━━━━━━━━━━━━━━━━━━━━━━━━━━━━━━━━━━━
[0;36m[2026-05-02 22:14:10][0m   RUN: auth-service_b1_spike_rep1
[0;36m[2026-05-02 22:14:10][0m   Service: auth-service | Config: b1 | Pattern: spike | Rep: 1
[0;36m[2026-05-02 22:14:10][0m ━━━━━━━━━━━━━━━━━━━━━━━━━━━━━━━━━━━━━━━━━━━━━━━━━━
[0;36m[2026-05-02 22:14:10][0m [0;34m── Resetting cluster state for auth-service...[0m
[0;36m[2026-05-02 22:14:10][0m [0;34m── Cleaning up all autoscalers for auth-service...[0m
[0;36m[2026-05-02 22:14:22][0m [0;34m── Waiting for auth-service to return to the 1-replica baseline...[0m
[0;36m[2026-05-02 22:14:26][0m [0;32m✅ auth-service reached 1/1 ready replicas during cleanup[0m
[0;36m[2026-05-02 22:14:26][0m [0;34m── Deleting leftover k6 jobs...[0m
[0;36m[2026-05-02 22:14:28][0m [0;34m── Waiting 120s for cluster stabilization...[0m
[0;36m[2026-05-02 22:21:19][0m ================================================================
[0;36m[2026-05-02 22:21:19][0m   THESIS EXPERIMENT RUNNER
[0;36m[2026-05-02 22:21:19][0m   Started: 2026-05-02T22:21:19+07:00
[0;36m[2026-05-02 22:21:19][0m ================================================================
[0;36m[2026-05-02 22:21:19][0m 
[0;36m[2026-05-02 22:21:19][0m   Total runs:     1
[0;36m[2026-05-02 22:21:19][0m   Already done:   0
[0;36m[2026-05-02 22:21:19][0m   Pending:        1
[0;36m[2026-05-02 22:21:19][0m   Estimated time: 0h 15m
[0;36m[2026-05-02 22:21:19][0m   Product load:   base=20 peak=200 page_size=100 max_page=12
[0;36m[2026-05-02 22:21:19][0m   Auth load:      base=10 peak=40 me=70% login=30% users=120
[0;36m[2026-05-02 22:21:19][0m 
[0;36m[2026-05-02 22:21:19][0m [0;34m── Verifying cluster connectivity...[0m
[0;36m[2026-05-02 22:21:20][0m [0;34m── Deleting leftover k6 jobs...[0m
[0;36m[2026-05-02 22:21:22][0m [0;34m── Refreshing k6 ConfigMaps from local manifests...[0m
[0;36m[2026-05-02 22:21:29][0m [0;32m✅ Cluster connectivity verified[0m
[0;36m[2026-05-02 22:21:29][0m 
[0;36m[2026-05-02 22:21:29][0m ╔══════════════════════════════════════════════════════════════╗
[0;36m[2026-05-02 22:21:29][0m ║  Progress: 1/1 | ETA: 0h 15m | Done: 0/1
[0;36m[2026-05-02 22:21:29][0m ╚══════════════════════════════════════════════════════════════╝
[0;36m[2026-05-02 22:21:29][0m ━━━━━━━━━━━━━━━━━━━━━━━━━━━━━━━━━━━━━━━━━━━━━━━━━━
[0;36m[2026-05-02 22:21:29][0m   RUN: auth-service_b1_gradual_rep1
[0;36m[2026-05-02 22:21:29][0m   Service: auth-service | Config: b1 | Pattern: gradual | Rep: 1
[0;36m[2026-05-02 22:21:29][0m ━━━━━━━━━━━━━━━━━━━━━━━━━━━━━━━━━━━━━━━━━━━━━━━━━━
[0;36m[2026-05-02 22:21:29][0m [0;34m── Resetting cluster state for auth-service...[0m
[0;36m[2026-05-02 22:21:29][0m [0;34m── Cleaning up all autoscalers for auth-service...[0m
[0;36m[2026-05-02 22:21:40][0m [0;34m── Waiting for auth-service to return to the 1-replica baseline...[0m
[0;36m[2026-05-02 22:21:45][0m [0;32m✅ auth-service reached 1/1 ready replicas during cleanup[0m
[0;36m[2026-05-02 22:21:45][0m [0;34m── Deleting leftover k6 jobs...[0m
[0;36m[2026-05-02 22:21:46][0m [0;34m── Waiting 120s for cluster stabilization...[0m
[0;36m[2026-05-02 22:23:50][0m [0;32m✅ auth-service reached 1/1 ready replicas during post-reset stabilization[0m
[0;36m[2026-05-02 22:23:50][0m [0;32m✅ Cluster state reset complete for auth-service[0m
[0;36m[2026-05-02 22:23:50][0m [0;34m── Applying configuration: b1 (b1-underprovisioned.yaml) for auth-service[0m
[0;36m[2026-05-02 22:23:56][0m [0;32m✅ auth-service reached 1/1 ready replicas during config apply (b1)[0m
[0;36m[2026-05-02 22:23:56][0m [0;34m── Waiting 90s for metrics to baseline...[0m
[0;36m[2026-05-02 22:25:30][0m [0;32m✅ auth-service reached 1/1 ready replicas during post-config stabilization (b1)[0m
[0;36m[2026-05-02 22:25:30][0m [0;32m✅ Configuration b1 applied for auth-service[0m
[0;36m[2026-05-02 22:25:30][0m [0;34m── Pre-flight: verifying auth-service is ready on /ready...[0m
[0;36m[2026-05-02 22:25:33][0m [0;32m✅ Pre-flight passed: auth-service is ready[0m
[0;36m[2026-05-02 22:25:33][0m [0;34m── Starting k6 load test: k6-auth-test-gradual-auth-service-b1-gradual-rep1 (pattern: gradual)[0m
[0;36m[2026-05-02 22:25:39][0m [0;34m── Waiting for k6 job to complete (timeout: 900s)...[0m
[0;36m[2026-05-02 22:41:52][0m ================================================================
[0;36m[2026-05-02 22:41:52][0m   THESIS EXPERIMENT RUNNER
[0;36m[2026-05-02 22:41:52][0m   Started: 2026-05-02T22:41:52+07:00
[0;36m[2026-05-02 22:41:52][0m ================================================================
[0;36m[2026-05-02 22:41:52][0m 
[0;36m[2026-05-02 22:41:52][0m   Total runs:     1
[0;36m[2026-05-02 22:41:52][0m   Already done:   0
[0;36m[2026-05-02 22:41:52][0m   Pending:        1
[0;36m[2026-05-02 22:41:52][0m   Estimated time: 0h 15m
[0;36m[2026-05-02 22:41:52][0m   Product load:   base=20 peak=200 page_size=100 max_page=12
[0;36m[2026-05-02 22:41:52][0m   Auth load:      base=10 peak=40 me=70% login=30% users=120
[0;36m[2026-05-02 22:41:52][0m 
[0;36m[2026-05-02 22:41:52][0m [0;34m── Verifying cluster connectivity...[0m
[0;36m[2026-05-02 22:41:53][0m [0;34m── Deleting leftover k6 jobs...[0m
[0;36m[2026-05-02 22:41:56][0m [0;34m── Refreshing k6 ConfigMaps from local manifests...[0m
[0;36m[2026-05-02 22:42:03][0m [0;32m✅ Cluster connectivity verified[0m
[0;36m[2026-05-02 22:42:03][0m 
[0;36m[2026-05-02 22:42:03][0m ╔══════════════════════════════════════════════════════════════╗
[0;36m[2026-05-02 22:42:03][0m ║  Progress: 1/1 | ETA: 0h 15m | Done: 0/1
[0;36m[2026-05-02 22:42:03][0m ╚══════════════════════════════════════════════════════════════╝
[0;36m[2026-05-02 22:42:03][0m ━━━━━━━━━━━━━━━━━━━━━━━━━━━━━━━━━━━━━━━━━━━━━━━━━━
[0;36m[2026-05-02 22:42:03][0m   RUN: auth-service_b1_gradual_rep1
[0;36m[2026-05-02 22:42:03][0m   Service: auth-service | Config: b1 | Pattern: gradual | Rep: 1
[0;36m[2026-05-02 22:42:03][0m ━━━━━━━━━━━━━━━━━━━━━━━━━━━━━━━━━━━━━━━━━━━━━━━━━━
[0;36m[2026-05-02 22:42:03][0m [0;34m── Resetting cluster state for auth-service...[0m
[0;36m[2026-05-02 22:42:03][0m [0;34m── Cleaning up all autoscalers for auth-service...[0m
[0;36m[2026-05-02 22:42:14][0m [0;34m── Waiting for auth-service to return to the 1-replica baseline...[0m
[0;36m[2026-05-02 22:42:19][0m [0;32m✅ auth-service reached 1/1 ready replicas during cleanup[0m
[0;36m[2026-05-02 22:42:19][0m [0;34m── Deleting leftover k6 jobs...[0m
[0;36m[2026-05-02 22:42:21][0m [0;34m── Waiting 120s for cluster stabilization...[0m
[0;36m[2026-05-02 22:44:24][0m [0;32m✅ auth-service reached 1/1 ready replicas during post-reset stabilization[0m
[0;36m[2026-05-02 22:44:24][0m [0;32m✅ Cluster state reset complete for auth-service[0m
[0;36m[2026-05-02 22:44:24][0m [0;34m── Applying configuration: b1 (b1-underprovisioned.yaml) for auth-service[0m
[0;36m[2026-05-02 22:44:47][0m [0;32m✅ auth-service reached 1/1 ready replicas during config apply (b1)[0m
[0;36m[2026-05-02 22:44:47][0m [0;34m── Waiting 90s for metrics to baseline...[0m
[0;36m[2026-05-02 22:46:21][0m [0;32m✅ auth-service reached 1/1 ready replicas during post-config stabilization (b1)[0m
[0;36m[2026-05-02 22:46:21][0m [0;32m✅ Configuration b1 applied for auth-service[0m
[0;36m[2026-05-02 22:46:21][0m [0;34m── Pre-flight: verifying auth-service is ready on /ready...[0m
[0;36m[2026-05-02 22:46:23][0m [0;32m✅ Pre-flight passed: auth-service is ready[0m
[0;36m[2026-05-02 22:46:23][0m [0;34m── Starting k6 load test: k6-auth-test-gradual-auth-service-b1-gradual-rep1 (pattern: gradual)[0m
[0;36m[2026-05-02 22:46:28][0m [0;34m── Waiting for k6 job to complete (timeout: 900s)...[0m
[0;36m[2026-05-02 22:59:40][0m ================================================================
[0;36m[2026-05-02 22:59:40][0m   THESIS EXPERIMENT RUNNER
[0;36m[2026-05-02 22:59:40][0m   Started: 2026-05-02T22:59:40+07:00
[0;36m[2026-05-02 22:59:40][0m ================================================================
[0;36m[2026-05-02 22:59:40][0m 
[0;36m[2026-05-02 22:59:40][0m   Total runs:     1
[0;36m[2026-05-02 22:59:40][0m   Already done:   0
[0;36m[2026-05-02 22:59:40][0m   Pending:        1
[0;36m[2026-05-02 22:59:40][0m   Estimated time: 0h 15m
[0;36m[2026-05-02 22:59:40][0m   Product load:   base=20 peak=200 page_size=100 max_page=12
[0;36m[2026-05-02 22:59:40][0m   Auth load:      base=10 peak=40 me=70% login=30% users=120
[0;36m[2026-05-02 22:59:40][0m 
[0;36m[2026-05-02 22:59:40][0m [0;34m── Verifying cluster connectivity...[0m
[0;36m[2026-05-02 22:59:42][0m [0;34m── Deleting leftover k6 jobs...[0m
[0;36m[2026-05-02 22:59:44][0m [0;34m── Refreshing k6 ConfigMaps from local manifests...[0m
[0;36m[2026-05-02 22:59:51][0m [0;32m✅ Cluster connectivity verified[0m
[0;36m[2026-05-02 22:59:51][0m 
[0;36m[2026-05-02 22:59:51][0m ╔══════════════════════════════════════════════════════════════╗
[0;36m[2026-05-02 22:59:51][0m ║  Progress: 1/1 | ETA: 0h 15m | Done: 0/1
[0;36m[2026-05-02 22:59:51][0m ╚══════════════════════════════════════════════════════════════╝
[0;36m[2026-05-02 22:59:51][0m ━━━━━━━━━━━━━━━━━━━━━━━━━━━━━━━━━━━━━━━━━━━━━━━━━━
[0;36m[2026-05-02 22:59:51][0m   RUN: auth-service_b1_gradual_rep1
[0;36m[2026-05-02 22:59:51][0m   Service: auth-service | Config: b1 | Pattern: gradual | Rep: 1
[0;36m[2026-05-02 22:59:51][0m ━━━━━━━━━━━━━━━━━━━━━━━━━━━━━━━━━━━━━━━━━━━━━━━━━━
[0;36m[2026-05-02 22:59:51][0m [0;34m── Resetting cluster state for auth-service...[0m
[0;36m[2026-05-02 22:59:51][0m [0;34m── Cleaning up all autoscalers for auth-service...[0m
[0;36m[2026-05-02 23:00:02][0m [0;34m── Waiting for auth-service to return to the 1-replica baseline...[0m
[0;36m[2026-05-02 23:00:07][0m [0;32m✅ auth-service reached 1/1 ready replicas during cleanup[0m
[0;36m[2026-05-02 23:00:07][0m [0;34m── Deleting leftover k6 jobs...[0m
[0;36m[2026-05-02 23:00:09][0m [0;34m── Waiting 120s for cluster stabilization...[0m
[0;36m[2026-05-02 23:02:13][0m [0;32m✅ auth-service reached 1/1 ready replicas during post-reset stabilization[0m
[0;36m[2026-05-02 23:02:13][0m [0;32m✅ Cluster state reset complete for auth-service[0m
[0;36m[2026-05-02 23:02:13][0m [0;34m── Applying configuration: b1 (b1-underprovisioned.yaml) for auth-service[0m
[0;36m[2026-05-02 23:02:35][0m [0;32m✅ auth-service reached 1/1 ready replicas during config apply (b1)[0m
[0;36m[2026-05-02 23:02:35][0m [0;34m── Waiting 90s for metrics to baseline...[0m
[0;36m[2026-05-02 23:04:09][0m [0;32m✅ auth-service reached 1/1 ready replicas during post-config stabilization (b1)[0m
[0;36m[2026-05-02 23:04:09][0m [0;32m✅ Configuration b1 applied for auth-service[0m
[0;36m[2026-05-02 23:04:09][0m [0;34m── Pre-flight: verifying auth-service is ready on /ready...[0m
[0;36m[2026-05-02 23:04:11][0m [0;32m✅ Pre-flight passed: auth-service is ready[0m
[0;36m[2026-05-02 23:04:11][0m [0;34m── Starting k6 load test: k6-auth-test-gradual-auth-service-b1-gradual-rep1 (pattern: gradual)[0m
[0;36m[2026-05-02 23:04:17][0m [0;34m── Waiting for k6 job to complete (timeout: 900s)...[0m
[0;36m[2026-05-02 23:16:56][0m [1;33m⚠️  k6 job reached terminal failed state after 759s (threshold failures are still valid data)[0m
[0;36m[2026-05-02 23:16:56][0m [0;34m── Waiting 180s before data export...[0m
[0;36m[2026-05-02 23:19:56][0m [0;34m── Exporting k6 results...[0m
[0;36m[2026-05-02 23:19:58][0m [1;33m⚠️  Could not copy k6 JSON results[0m
[0;36m[2026-05-02 23:19:59][0m [0;32m✅ k6 results exported to /home/kevin/Projects/e-commerce/experiment-results/.tmp/auth-service_b1_gradual_rep1-1777737591/[0m
[0;36m[2026-05-02 23:20:00][0m [0;34m── Exporting Prometheus metrics...[0m
[0;36m[2026-05-02 23:20:08][0m [0;32m✅ Prometheus metrics exported to /home/kevin/Projects/e-commerce/experiment-results/.tmp/auth-service_b1_gradual_rep1-1777737591/[0m
[0;36m[2026-05-02 23:20:11][0m [0;32m✅ Run auth-service_b1_gradual_rep1 completed in 1217s (~20m)[0m
[0;36m[2026-05-02 23:20:11][0m 
[0;36m[2026-05-02 23:20:11][0m ================================================================
[0;36m[2026-05-02 23:20:11][0m   EXPERIMENT COMPLETE
[0;36m[2026-05-02 23:20:11][0m   Finished: 2026-05-02T23:20:11+07:00
[0;36m[2026-05-02 23:20:11][0m   Total elapsed: 0h 20m
[0;36m[2026-05-02 23:20:11][0m   Results saved to: /home/kevin/Projects/e-commerce/experiment-results/
[0;36m[2026-05-02 23:20:11][0m ================================================================
[0;36m[2026-05-02 23:20:11][0m [0;34m── Cleaning up all autoscalers for auth-service...[0m
[0;36m[2026-05-02 23:20:21][0m [0;34m── Waiting for auth-service to return to the 1-replica baseline...[0m
[0;36m[2026-05-02 23:20:26][0m [0;32m✅ auth-service reached 1/1 ready replicas during cleanup[0m
[0;36m[2026-05-02 23:20:26][0m [0;32m✅ All done! Don't forget: az aks stop --resource-group ecommerce --name ecommerce-aks[0m
[0;36m[2026-05-02 23:21:09][0m ================================================================
[0;36m[2026-05-02 23:21:09][0m   THESIS EXPERIMENT RUNNER
[0;36m[2026-05-02 23:21:09][0m   Started: 2026-05-02T23:21:09+07:00
[0;36m[2026-05-02 23:21:09][0m ================================================================
[0;36m[2026-05-02 23:21:09][0m 
[0;36m[2026-05-02 23:21:09][0m   Total runs:     18
[0;36m[2026-05-02 23:21:09][0m   Already done:   1
[0;36m[2026-05-02 23:21:09][0m   Pending:        17
[0;36m[2026-05-02 23:21:09][0m   Estimated time: 4h 15m
[0;36m[2026-05-02 23:21:09][0m   Product load:   base=20 peak=200 page_size=100 max_page=12
[0;36m[2026-05-02 23:21:09][0m   Auth load:      base=10 peak=40 me=70% login=30% users=120
[0;36m[2026-05-02 23:21:09][0m 
[0;36m[2026-05-02 23:21:09][0m [0;34m── Verifying cluster connectivity...[0m
[0;36m[2026-05-02 23:21:10][0m [0;34m── Deleting leftover k6 jobs...[0m
[0;36m[2026-05-02 23:21:12][0m [0;34m── Refreshing k6 ConfigMaps from local manifests...[0m
[0;36m[2026-05-02 23:21:19][0m [0;32m✅ Cluster connectivity verified[0m
[0;36m[2026-05-02 23:21:19][0m 
[0;36m[2026-05-02 23:21:19][0m ╔══════════════════════════════════════════════════════════════╗
[0;36m[2026-05-02 23:21:19][0m ║  Progress: 1/17 | ETA: 4h 15m | Done: 1/18
[0;36m[2026-05-02 23:21:19][0m ╚══════════════════════════════════════════════════════════════╝
[0;36m[2026-05-02 23:21:19][0m ━━━━━━━━━━━━━━━━━━━━━━━━━━━━━━━━━━━━━━━━━━━━━━━━━━
[0;36m[2026-05-02 23:21:19][0m   RUN: auth-service_b1_spike_rep1
[0;36m[2026-05-02 23:21:19][0m   Service: auth-service | Config: b1 | Pattern: spike | Rep: 1
[0;36m[2026-05-02 23:21:19][0m ━━━━━━━━━━━━━━━━━━━━━━━━━━━━━━━━━━━━━━━━━━━━━━━━━━
[0;36m[2026-05-02 23:21:19][0m [0;34m── Resetting cluster state for auth-service...[0m
[0;36m[2026-05-02 23:21:19][0m [0;34m── Cleaning up all autoscalers for auth-service...[0m
[0;36m[2026-05-02 23:21:31][0m [0;34m── Waiting for auth-service to return to the 1-replica baseline...[0m
[0;36m[2026-05-02 23:21:35][0m [0;32m✅ auth-service reached 1/1 ready replicas during cleanup[0m
[0;36m[2026-05-02 23:21:35][0m [0;34m── Deleting leftover k6 jobs...[0m
[0;36m[2026-05-02 23:21:37][0m [0;34m── Waiting 120s for cluster stabilization...[0m
[0;36m[2026-05-02 23:23:41][0m [0;32m✅ auth-service reached 1/1 ready replicas during post-reset stabilization[0m
[0;36m[2026-05-02 23:23:41][0m [0;32m✅ Cluster state reset complete for auth-service[0m
[0;36m[2026-05-02 23:23:41][0m [0;34m── Applying configuration: b1 (b1-underprovisioned.yaml) for auth-service[0m
[0;36m[2026-05-02 23:23:47][0m [0;32m✅ auth-service reached 1/1 ready replicas during config apply (b1)[0m
[0;36m[2026-05-02 23:23:47][0m [0;34m── Waiting 90s for metrics to baseline...[0m
[0;36m[2026-05-02 23:25:21][0m [0;32m✅ auth-service reached 1/1 ready replicas during post-config stabilization (b1)[0m
[0;36m[2026-05-02 23:25:21][0m [0;32m✅ Configuration b1 applied for auth-service[0m
[0;36m[2026-05-02 23:25:21][0m [0;34m── Pre-flight: verifying auth-service is ready on /ready...[0m
[0;36m[2026-05-02 23:25:23][0m [0;32m✅ Pre-flight passed: auth-service is ready[0m
[0;36m[2026-05-02 23:25:23][0m [0;34m── Starting k6 load test: k6-auth-test-spike-auth-service-b1-spike-rep1 (pattern: spike)[0m
[0;36m[2026-05-02 23:25:30][0m [0;34m── Waiting for k6 job to complete (timeout: 900s)...[0m
[0;36m[2026-05-02 23:38:34][0m [1;33m⚠️  k6 job reached terminal failed state after 784s (threshold failures are still valid data)[0m
[0;36m[2026-05-02 23:38:34][0m [0;34m── Waiting 180s before data export...[0m
[0;36m[2026-05-02 23:41:34][0m [0;34m── Exporting k6 results...[0m
[0;36m[2026-05-02 23:41:36][0m [1;33m⚠️  Could not copy k6 JSON results[0m
[0;36m[2026-05-02 23:41:37][0m [0;32m✅ k6 results exported to /home/kevin/Projects/e-commerce/experiment-results/.tmp/auth-service_b1_spike_rep1-1777738879/[0m
[0;36m[2026-05-02 23:41:39][0m [0;34m── Exporting Prometheus metrics...[0m
[0;36m[2026-05-02 23:41:46][0m [0;32m✅ Prometheus metrics exported to /home/kevin/Projects/e-commerce/experiment-results/.tmp/auth-service_b1_spike_rep1-1777738879/[0m
[0;36m[2026-05-02 23:41:48][0m [0;32m✅ Run auth-service_b1_spike_rep1 completed in 1227s (~20m)[0m
[0;36m[2026-05-02 23:41:48][0m 
[0;36m[2026-05-02 23:41:48][0m ╔══════════════════════════════════════════════════════════════╗
[0;36m[2026-05-02 23:41:48][0m ║  Progress: 2/17 | ETA: 5h 27m | Done: 2/18
[0;36m[2026-05-02 23:41:48][0m ╚══════════════════════════════════════════════════════════════╝
[0;36m[2026-05-02 23:41:48][0m ━━━━━━━━━━━━━━━━━━━━━━━━━━━━━━━━━━━━━━━━━━━━━━━━━━
[0;36m[2026-05-02 23:41:48][0m   RUN: auth-service_b1_oscillating_rep1
[0;36m[2026-05-02 23:41:48][0m   Service: auth-service | Config: b1 | Pattern: oscillating | Rep: 1
[0;36m[2026-05-02 23:41:48][0m ━━━━━━━━━━━━━━━━━━━━━━━━━━━━━━━━━━━━━━━━━━━━━━━━━━
[0;36m[2026-05-02 23:41:48][0m [0;34m── Resetting cluster state for auth-service...[0m
[0;36m[2026-05-02 23:41:48][0m [0;34m── Cleaning up all autoscalers for auth-service...[0m
[0;36m[2026-05-02 23:42:01][0m [0;34m── Waiting for auth-service to return to the 1-replica baseline...[0m
[0;36m[2026-05-02 23:42:06][0m [0;32m✅ auth-service reached 1/1 ready replicas during cleanup[0m
[0;36m[2026-05-02 23:42:06][0m [0;34m── Deleting leftover k6 jobs...[0m
[0;36m[2026-05-02 23:42:08][0m [0;34m── Waiting 120s for cluster stabilization...[0m
[0;36m[2026-05-02 23:44:12][0m [0;32m✅ auth-service reached 1/1 ready replicas during post-reset stabilization[0m
[0;36m[2026-05-02 23:44:12][0m [0;32m✅ Cluster state reset complete for auth-service[0m
[0;36m[2026-05-02 23:44:12][0m [0;34m── Applying configuration: b1 (b1-underprovisioned.yaml) for auth-service[0m
[0;36m[2026-05-02 23:44:17][0m [0;32m✅ auth-service reached 1/1 ready replicas during config apply (b1)[0m
[0;36m[2026-05-02 23:44:17][0m [0;34m── Waiting 90s for metrics to baseline...[0m
[0;36m[2026-05-02 23:45:51][0m [0;32m✅ auth-service reached 1/1 ready replicas during post-config stabilization (b1)[0m
[0;36m[2026-05-02 23:45:51][0m [0;32m✅ Configuration b1 applied for auth-service[0m
[0;36m[2026-05-02 23:45:51][0m [0;34m── Pre-flight: verifying auth-service is ready on /ready...[0m
[0;36m[2026-05-02 23:45:54][0m [0;32m✅ Pre-flight passed: auth-service is ready[0m
[0;36m[2026-05-02 23:45:54][0m [0;34m── Starting k6 load test: k6-auth-test-oscillating-auth-service-b1-oscillating-rep1 (pattern: oscillating)[0m
[0;36m[2026-05-02 23:45:59][0m [0;34m── Waiting for k6 job to complete (timeout: 900s)...[0m
[0;36m[2026-05-02 23:58:36][0m [1;33m⚠️  k6 job reached terminal failed state after 757s (threshold failures are still valid data)[0m
[0;36m[2026-05-02 23:58:36][0m [0;34m── Waiting 180s before data export...[0m
[0;36m[2026-05-03 00:01:36][0m [0;34m── Exporting k6 results...[0m
[0;36m[2026-05-03 00:01:40][0m [1;33m⚠️  Could not copy k6 JSON results[0m
[0;36m[2026-05-03 00:01:41][0m [0;32m✅ k6 results exported to /home/kevin/Projects/e-commerce/experiment-results/.tmp/auth-service_b1_oscillating_rep1-1777740108/[0m
[0;36m[2026-05-03 00:01:43][0m [0;34m── Exporting Prometheus metrics...[0m
[0;36m[2026-05-03 00:01:57][0m [0;32m✅ Prometheus metrics exported to /home/kevin/Projects/e-commerce/experiment-results/.tmp/auth-service_b1_oscillating_rep1-1777740108/[0m
[0;36m[2026-05-03 00:01:59][0m [0;32m✅ Run auth-service_b1_oscillating_rep1 completed in 1209s (~20m)[0m
[0;36m[2026-05-03 00:01:59][0m 
[0;36m[2026-05-03 00:01:59][0m ╔══════════════════════════════════════════════════════════════╗
[0;36m[2026-05-03 00:01:59][0m ║  Progress: 3/17 | ETA: 5h 4m | Done: 3/18
[0;36m[2026-05-03 00:01:59][0m ╚══════════════════════════════════════════════════════════════╝
[0;36m[2026-05-03 00:01:59][0m ━━━━━━━━━━━━━━━━━━━━━━━━━━━━━━━━━━━━━━━━━━━━━━━━━━
[0;36m[2026-05-03 00:01:59][0m   RUN: auth-service_b2_gradual_rep1
[0;36m[2026-05-03 00:01:59][0m   Service: auth-service | Config: b2 | Pattern: gradual | Rep: 1
[0;36m[2026-05-03 00:01:59][0m ━━━━━━━━━━━━━━━━━━━━━━━━━━━━━━━━━━━━━━━━━━━━━━━━━━
[0;36m[2026-05-03 00:01:59][0m [0;34m── Resetting cluster state for auth-service...[0m
[0;36m[2026-05-03 00:01:59][0m [0;34m── Cleaning up all autoscalers for auth-service...[0m
[0;36m[2026-05-03 00:02:14][0m [0;34m── Waiting for auth-service to return to the 1-replica baseline...[0m
[0;36m[2026-05-03 00:02:19][0m [0;32m✅ auth-service reached 1/1 ready replicas during cleanup[0m
[0;36m[2026-05-03 00:02:19][0m [0;34m── Deleting leftover k6 jobs...[0m
[0;36m[2026-05-03 00:02:21][0m [0;34m── Waiting 120s for cluster stabilization...[0m
[0;36m[2026-05-03 00:04:26][0m [0;32m✅ auth-service reached 1/1 ready replicas during post-reset stabilization[0m
[0;36m[2026-05-03 00:04:26][0m [0;32m✅ Cluster state reset complete for auth-service[0m
[0;36m[2026-05-03 00:04:26][0m [0;34m── Applying configuration: b2 (b2-overprovisioned.yaml) for auth-service[0m
[0;36m[2026-05-03 00:04:50][0m [0;32m✅ auth-service reached 5/5 ready replicas during config apply (b2)[0m
[0;36m[2026-05-03 00:04:50][0m [0;34m── Waiting 90s for metrics to baseline...[0m
[0;36m[2026-05-03 00:06:24][0m [0;32m✅ auth-service reached 5/5 ready replicas during post-config stabilization (b2)[0m
[0;36m[2026-05-03 00:06:24][0m [0;32m✅ Configuration b2 applied for auth-service[0m
[0;36m[2026-05-03 00:06:24][0m [0;34m── Pre-flight: verifying auth-service is ready on /ready...[0m
[0;36m[2026-05-03 00:06:27][0m [0;32m✅ Pre-flight passed: auth-service is ready[0m
[0;36m[2026-05-03 00:06:27][0m [0;34m── Starting k6 load test: k6-auth-test-gradual-auth-service-b2-gradual-rep1 (pattern: gradual)[0m
[0;36m[2026-05-03 00:06:33][0m [0;34m── Waiting for k6 job to complete (timeout: 900s)...[0m
[0;36m[2026-05-03 00:19:10][0m [0;32m✅ k6 job completed in 757s[0m
[0;36m[2026-05-03 00:19:10][0m [0;34m── Waiting 180s before data export...[0m
[0;36m[2026-05-03 00:22:10][0m [0;34m── Exporting k6 results...[0m
[0;36m[2026-05-03 00:22:13][0m [1;33m⚠️  Could not copy k6 JSON results[0m
[0;36m[2026-05-03 00:22:13][0m [0;32m✅ k6 results exported to /home/kevin/Projects/e-commerce/experiment-results/.tmp/auth-service_b2_gradual_rep1-1777741319/[0m
[0;36m[2026-05-03 00:22:14][0m [0;34m── Exporting Prometheus metrics...[0m
[0;36m[2026-05-03 00:22:22][0m [0;32m✅ Prometheus metrics exported to /home/kevin/Projects/e-commerce/experiment-results/.tmp/auth-service_b2_gradual_rep1-1777741319/[0m
[0;36m[2026-05-03 00:22:23][0m [0;32m✅ Run auth-service_b2_gradual_rep1 completed in 1223s (~20m)[0m
[0;36m[2026-05-03 00:22:23][0m 
[0;36m[2026-05-03 00:22:23][0m ╔══════════════════════════════════════════════════════════════╗
[0;36m[2026-05-03 00:22:23][0m ║  Progress: 4/17 | ETA: 4h 44m | Done: 4/18
[0;36m[2026-05-03 00:22:23][0m ╚══════════════════════════════════════════════════════════════╝
[0;36m[2026-05-03 00:22:24][0m ━━━━━━━━━━━━━━━━━━━━━━━━━━━━━━━━━━━━━━━━━━━━━━━━━━
[0;36m[2026-05-03 00:22:24][0m   RUN: auth-service_b2_spike_rep1
[0;36m[2026-05-03 00:22:24][0m   Service: auth-service | Config: b2 | Pattern: spike | Rep: 1
[0;36m[2026-05-03 00:22:24][0m ━━━━━━━━━━━━━━━━━━━━━━━━━━━━━━━━━━━━━━━━━━━━━━━━━━
[0;36m[2026-05-03 00:22:24][0m [0;34m── Resetting cluster state for auth-service...[0m
[0;36m[2026-05-03 00:22:24][0m [0;34m── Cleaning up all autoscalers for auth-service...[0m
[0;36m[2026-05-03 00:22:34][0m [0;34m── Waiting for auth-service to return to the 1-replica baseline...[0m
[0;36m[2026-05-03 00:22:39][0m [0;32m✅ auth-service reached 1/1 ready replicas during cleanup[0m
[0;36m[2026-05-03 00:22:39][0m [0;34m── Deleting leftover k6 jobs...[0m
[0;36m[2026-05-03 00:22:41][0m [0;34m── Waiting 120s for cluster stabilization...[0m
[0;36m[2026-05-03 00:24:44][0m [0;32m✅ auth-service reached 1/1 ready replicas during post-reset stabilization[0m
[0;36m[2026-05-03 00:24:44][0m [0;32m✅ Cluster state reset complete for auth-service[0m
[0;36m[2026-05-03 00:24:44][0m [0;34m── Applying configuration: b2 (b2-overprovisioned.yaml) for auth-service[0m
[0;36m[2026-05-03 00:25:07][0m [0;32m✅ auth-service reached 5/5 ready replicas during config apply (b2)[0m
[0;36m[2026-05-03 00:25:07][0m [0;34m── Waiting 90s for metrics to baseline...[0m
[0;36m[2026-05-03 00:26:41][0m [0;32m✅ auth-service reached 5/5 ready replicas during post-config stabilization (b2)[0m
[0;36m[2026-05-03 00:26:41][0m [0;32m✅ Configuration b2 applied for auth-service[0m
[0;36m[2026-05-03 00:26:41][0m [0;34m── Pre-flight: verifying auth-service is ready on /ready...[0m
[0;36m[2026-05-03 00:26:43][0m [0;32m✅ Pre-flight passed: auth-service is ready[0m
[0;36m[2026-05-03 00:26:43][0m [0;34m── Starting k6 load test: k6-auth-test-spike-auth-service-b2-spike-rep1 (pattern: spike)[0m
[0;36m[2026-05-03 00:26:48][0m [0;34m── Waiting for k6 job to complete (timeout: 900s)...[0m
[0;36m[2026-05-03 00:39:28][0m [0;32m✅ k6 job completed in 760s[0m
[0;36m[2026-05-03 00:39:28][0m [0;34m── Waiting 180s before data export...[0m
[0;36m[2026-05-03 00:42:28][0m [0;34m── Exporting k6 results...[0m
[0;36m[2026-05-03 00:42:30][0m [1;33m⚠️  Could not copy k6 JSON results[0m
[0;36m[2026-05-03 00:42:31][0m [0;32m✅ k6 results exported to /home/kevin/Projects/e-commerce/experiment-results/.tmp/auth-service_b2_spike_rep1-1777742544/[0m
[0;36m[2026-05-03 00:42:32][0m [0;34m── Exporting Prometheus metrics...[0m
[0;36m[2026-05-03 00:42:41][0m [0;32m✅ Prometheus metrics exported to /home/kevin/Projects/e-commerce/experiment-results/.tmp/auth-service_b2_spike_rep1-1777742544/[0m
[0;36m[2026-05-03 00:42:43][0m [0;32m✅ Run auth-service_b2_spike_rep1 completed in 1217s (~20m)[0m
[0;36m[2026-05-03 00:42:44][0m 
[0;36m[2026-05-03 00:42:44][0m ╔══════════════════════════════════════════════════════════════╗
[0;36m[2026-05-03 00:42:44][0m ║  Progress: 5/17 | ETA: 4h 24m | Done: 5/18
[0;36m[2026-05-03 00:42:44][0m ╚══════════════════════════════════════════════════════════════╝
[0;36m[2026-05-03 00:42:44][0m ━━━━━━━━━━━━━━━━━━━━━━━━━━━━━━━━━━━━━━━━━━━━━━━━━━
[0;36m[2026-05-03 00:42:44][0m   RUN: auth-service_b2_oscillating_rep1
[0;36m[2026-05-03 00:42:44][0m   Service: auth-service | Config: b2 | Pattern: oscillating | Rep: 1
[0;36m[2026-05-03 00:42:44][0m ━━━━━━━━━━━━━━━━━━━━━━━━━━━━━━━━━━━━━━━━━━━━━━━━━━
[0;36m[2026-05-03 00:42:44][0m [0;34m── Resetting cluster state for auth-service...[0m
[0;36m[2026-05-03 00:42:44][0m [0;34m── Cleaning up all autoscalers for auth-service...[0m
[0;36m[2026-05-03 00:42:55][0m [0;34m── Waiting for auth-service to return to the 1-replica baseline...[0m
[0;36m[2026-05-03 00:43:01][0m [0;32m✅ auth-service reached 1/1 ready replicas during cleanup[0m
[0;36m[2026-05-03 00:43:01][0m [0;34m── Deleting leftover k6 jobs...[0m
[0;36m[2026-05-03 00:43:03][0m [0;34m── Waiting 120s for cluster stabilization...[0m
[0;36m[2026-05-03 00:45:07][0m [0;32m✅ auth-service reached 1/1 ready replicas during post-reset stabilization[0m
[0;36m[2026-05-03 00:45:07][0m [0;32m✅ Cluster state reset complete for auth-service[0m
[0;36m[2026-05-03 00:45:07][0m [0;34m── Applying configuration: b2 (b2-overprovisioned.yaml) for auth-service[0m
[0;36m[2026-05-03 00:45:29][0m [0;32m✅ auth-service reached 5/5 ready replicas during config apply (b2)[0m
[0;36m[2026-05-03 00:45:29][0m [0;34m── Waiting 90s for metrics to baseline...[0m
[0;36m[2026-05-03 00:47:03][0m [0;32m✅ auth-service reached 5/5 ready replicas during post-config stabilization (b2)[0m
[0;36m[2026-05-03 00:47:03][0m [0;32m✅ Configuration b2 applied for auth-service[0m
[0;36m[2026-05-03 00:47:03][0m [0;34m── Pre-flight: verifying auth-service is ready on /ready...[0m
[0;36m[2026-05-03 00:47:06][0m [0;32m✅ Pre-flight passed: auth-service is ready[0m
[0;36m[2026-05-03 00:47:06][0m [0;34m── Starting k6 load test: k6-auth-test-oscillating-auth-service-b2-oscillating-rep1 (pattern: oscillating)[0m
[0;36m[2026-05-03 00:47:12][0m [0;34m── Waiting for k6 job to complete (timeout: 900s)...[0m
[0;36m[2026-05-03 00:59:48][0m [0;32m✅ k6 job completed in 756s[0m
[0;36m[2026-05-03 00:59:48][0m [0;34m── Waiting 180s before data export...[0m
[0;36m[2026-05-03 01:02:48][0m [0;34m── Exporting k6 results...[0m
[0;36m[2026-05-03 01:02:50][0m [1;33m⚠️  Could not copy k6 JSON results[0m
[0;36m[2026-05-03 01:02:51][0m [0;32m✅ k6 results exported to /home/kevin/Projects/e-commerce/experiment-results/.tmp/auth-service_b2_oscillating_rep1-1777743764/[0m
[0;36m[2026-05-03 01:02:52][0m [0;34m── Exporting Prometheus metrics...[0m
[0;36m[2026-05-03 01:03:01][0m [0;32m✅ Prometheus metrics exported to /home/kevin/Projects/e-commerce/experiment-results/.tmp/auth-service_b2_oscillating_rep1-1777743764/[0m
[0;36m[2026-05-03 01:03:02][0m [0;32m✅ Run auth-service_b2_oscillating_rep1 completed in 1217s (~20m)[0m
[0;36m[2026-05-03 01:03:02][0m 
[0;36m[2026-05-03 01:03:02][0m ╔══════════════════════════════════════════════════════════════╗
[0;36m[2026-05-03 01:03:02][0m ║  Progress: 6/17 | ETA: 4h 3m | Done: 6/18
[0;36m[2026-05-03 01:03:02][0m ╚══════════════════════════════════════════════════════════════╝
[0;36m[2026-05-03 01:03:02][0m ━━━━━━━━━━━━━━━━━━━━━━━━━━━━━━━━━━━━━━━━━━━━━━━━━━
[0;36m[2026-05-03 01:03:02][0m   RUN: auth-service_h1_gradual_rep1
[0;36m[2026-05-03 01:03:02][0m   Service: auth-service | Config: h1 | Pattern: gradual | Rep: 1
[0;36m[2026-05-03 01:03:02][0m ━━━━━━━━━━━━━━━━━━━━━━━━━━━━━━━━━━━━━━━━━━━━━━━━━━
[0;36m[2026-05-03 01:03:02][0m [0;34m── Resetting cluster state for auth-service...[0m
[0;36m[2026-05-03 01:03:02][0m [0;34m── Cleaning up all autoscalers for auth-service...[0m
[0;36m[2026-05-03 01:03:14][0m [0;34m── Waiting for auth-service to return to the 1-replica baseline...[0m
[0;36m[2026-05-03 01:03:18][0m [0;32m✅ auth-service reached 1/1 ready replicas during cleanup[0m
[0;36m[2026-05-03 01:03:18][0m [0;34m── Deleting leftover k6 jobs...[0m
[0;36m[2026-05-03 01:03:20][0m [0;34m── Waiting 120s for cluster stabilization...[0m
[0;36m[2026-05-03 01:05:24][0m [0;32m✅ auth-service reached 1/1 ready replicas during post-reset stabilization[0m
[0;36m[2026-05-03 01:05:24][0m [0;32m✅ Cluster state reset complete for auth-service[0m
[0;36m[2026-05-03 01:05:24][0m [0;34m── Applying configuration: h1 (h1-hpa-default.yaml) for auth-service[0m
[0;36m[2026-05-03 01:05:30][0m [0;32m✅ auth-service reached 1/1 ready replicas during config apply (h1)[0m
[0;36m[2026-05-03 01:05:30][0m [0;34m── Waiting 90s for metrics to baseline...[0m
[0;36m[2026-05-03 01:07:05][0m [0;32m✅ auth-service reached 1/1 ready replicas during post-config stabilization (h1)[0m
[0;36m[2026-05-03 01:07:05][0m [0;32m✅ Configuration h1 applied for auth-service[0m
[0;36m[2026-05-03 01:07:05][0m [0;34m── Pre-flight: verifying auth-service is ready on /ready...[0m
[0;36m[2026-05-03 01:07:07][0m [0;32m✅ Pre-flight passed: auth-service is ready[0m
[0;36m[2026-05-03 01:07:07][0m [0;34m── Starting k6 load test: k6-auth-test-gradual-auth-service-h1-gradual-rep1 (pattern: gradual)[0m
[0;36m[2026-05-03 01:07:13][0m [0;34m── Waiting for k6 job to complete (timeout: 900s)...[0m
[0;36m[2026-05-03 01:19:47][0m [0;32m✅ k6 job completed in 754s[0m
[0;36m[2026-05-03 01:19:47][0m [0;34m── Waiting 180s before data export...[0m
[0;36m[2026-05-03 01:47:48][0m ================================================================
[0;36m[2026-05-03 01:47:48][0m   THESIS EXPERIMENT RUNNER
[0;36m[2026-05-03 01:47:48][0m   Started: 2026-05-03T01:47:48+07:00
[0;36m[2026-05-03 01:47:48][0m ================================================================
[0;36m[2026-05-03 01:47:48][0m 
[0;36m[2026-05-03 01:47:48][0m   Total runs:     18
[0;36m[2026-05-03 01:47:48][0m   Already done:   6
[0;36m[2026-05-03 01:47:48][0m   Pending:        12
[0;36m[2026-05-03 01:47:48][0m   Estimated time: 3h 0m
[0;36m[2026-05-03 01:47:48][0m   Product load:   base=20 peak=200 page_size=100 max_page=12
[0;36m[2026-05-03 01:47:48][0m   Auth load:      base=10 peak=40 me=70% login=30% users=120
[0;36m[2026-05-03 01:47:48][0m 
[0;36m[2026-05-03 01:47:48][0m [0;34m── Verifying cluster connectivity...[0m
[0;36m[2026-05-03 01:47:50][0m [0;34m── Deleting leftover k6 jobs...[0m
[0;36m[2026-05-03 01:47:53][0m [0;34m── Refreshing k6 ConfigMaps from local manifests...[0m
[0;36m[2026-05-03 01:47:59][0m [0;32m✅ Cluster connectivity verified[0m
[0;36m[2026-05-03 01:47:59][0m 
[0;36m[2026-05-03 01:47:59][0m ╔══════════════════════════════════════════════════════════════╗
[0;36m[2026-05-03 01:47:59][0m ║  Progress: 1/12 | ETA: 3h 0m | Done: 6/18
[0;36m[2026-05-03 01:47:59][0m ╚══════════════════════════════════════════════════════════════╝
[0;36m[2026-05-03 01:47:59][0m ━━━━━━━━━━━━━━━━━━━━━━━━━━━━━━━━━━━━━━━━━━━━━━━━━━
[0;36m[2026-05-03 01:47:59][0m   RUN: auth-service_h1_gradual_rep1
[0;36m[2026-05-03 01:47:59][0m   Service: auth-service | Config: h1 | Pattern: gradual | Rep: 1
[0;36m[2026-05-03 01:47:59][0m ━━━━━━━━━━━━━━━━━━━━━━━━━━━━━━━━━━━━━━━━━━━━━━━━━━
[0;36m[2026-05-03 01:47:59][0m [0;34m── Resetting cluster state for auth-service...[0m
[0;36m[2026-05-03 01:47:59][0m [0;34m── Cleaning up all autoscalers for auth-service...[0m
[0;36m[2026-05-03 01:48:10][0m [0;34m── Waiting for auth-service to return to the 1-replica baseline...[0m
[0;36m[2026-05-03 01:48:15][0m [0;32m✅ auth-service reached 1/1 ready replicas during cleanup[0m
[0;36m[2026-05-03 01:48:15][0m [0;34m── Deleting leftover k6 jobs...[0m
[0;36m[2026-05-03 01:48:16][0m [0;34m── Waiting 120s for cluster stabilization...[0m
[0;36m[2026-05-03 01:50:20][0m [0;32m✅ auth-service reached 1/1 ready replicas during post-reset stabilization[0m
[0;36m[2026-05-03 01:50:20][0m [0;32m✅ Cluster state reset complete for auth-service[0m
[0;36m[2026-05-03 01:50:20][0m [0;34m── Applying configuration: h1 (h1-hpa-default.yaml) for auth-service[0m
[0;36m[2026-05-03 01:50:27][0m [0;32m✅ auth-service reached 1/1 ready replicas during config apply (h1)[0m
[0;36m[2026-05-03 01:50:27][0m [0;34m── Waiting 90s for metrics to baseline...[0m
[0;36m[2026-05-03 01:52:00][0m [0;32m✅ auth-service reached 1/1 ready replicas during post-config stabilization (h1)[0m
[0;36m[2026-05-03 01:52:00][0m [0;32m✅ Configuration h1 applied for auth-service[0m
[0;36m[2026-05-03 01:52:00][0m [0;34m── Pre-flight: verifying auth-service is ready on /ready...[0m
[0;36m[2026-05-03 01:52:03][0m [0;32m✅ Pre-flight passed: auth-service is ready[0m
[0;36m[2026-05-03 01:52:03][0m [0;34m── Starting k6 load test: k6-auth-test-gradual-auth-service-h1-gradual-rep1 (pattern: gradual)[0m
[0;36m[2026-05-03 01:52:09][0m [0;34m── Waiting for k6 job to complete (timeout: 900s)...[0m
[0;36m[2026-05-03 02:04:44][0m [0;32m✅ k6 job completed in 755s[0m
[0;36m[2026-05-03 02:04:44][0m [0;34m── Waiting 180s before data export...[0m
[0;36m[2026-05-03 02:07:44][0m [0;34m── Exporting k6 results...[0m
[0;36m[2026-05-03 02:07:46][0m [1;33m⚠️  Could not copy k6 JSON results[0m
[0;36m[2026-05-03 02:07:47][0m [0;32m✅ k6 results exported to /home/kevin/Projects/e-commerce/experiment-results/.tmp/auth-service_h1_gradual_rep1-1777747679/[0m
[0;36m[2026-05-03 02:07:48][0m [0;34m── Exporting Prometheus metrics...[0m
[0;36m[2026-05-03 02:07:58][0m [0;32m✅ Prometheus metrics exported to /home/kevin/Projects/e-commerce/experiment-results/.tmp/auth-service_h1_gradual_rep1-1777747679/[0m
[0;36m[2026-05-03 02:07:59][0m [0;32m✅ Run auth-service_h1_gradual_rep1 completed in 1199s (~19m)[0m
[0;36m[2026-05-03 02:07:59][0m 
[0;36m[2026-05-03 02:07:59][0m ╔══════════════════════════════════════════════════════════════╗
[0;36m[2026-05-03 02:07:59][0m ║  Progress: 2/12 | ETA: 3h 39m | Done: 7/18
[0;36m[2026-05-03 02:07:59][0m ╚══════════════════════════════════════════════════════════════╝
[0;36m[2026-05-03 02:07:59][0m ━━━━━━━━━━━━━━━━━━━━━━━━━━━━━━━━━━━━━━━━━━━━━━━━━━
[0;36m[2026-05-03 02:07:59][0m   RUN: auth-service_h1_spike_rep1
[0;36m[2026-05-03 02:07:59][0m   Service: auth-service | Config: h1 | Pattern: spike | Rep: 1
[0;36m[2026-05-03 02:07:59][0m ━━━━━━━━━━━━━━━━━━━━━━━━━━━━━━━━━━━━━━━━━━━━━━━━━━
[0;36m[2026-05-03 02:07:59][0m [0;34m── Resetting cluster state for auth-service...[0m
[0;36m[2026-05-03 02:07:59][0m [0;34m── Cleaning up all autoscalers for auth-service...[0m
[0;36m[2026-05-03 02:08:10][0m [0;34m── Waiting for auth-service to return to the 1-replica baseline...[0m
[0;36m[2026-05-03 02:08:14][0m [0;32m✅ auth-service reached 1/1 ready replicas during cleanup[0m
[0;36m[2026-05-03 02:08:14][0m [0;34m── Deleting leftover k6 jobs...[0m
[0;36m[2026-05-03 02:08:16][0m [0;34m── Waiting 120s for cluster stabilization...[0m
[0;36m[2026-05-03 02:10:19][0m [0;32m✅ auth-service reached 1/1 ready replicas during post-reset stabilization[0m
[0;36m[2026-05-03 02:10:19][0m [0;32m✅ Cluster state reset complete for auth-service[0m
[0;36m[2026-05-03 02:10:19][0m [0;34m── Applying configuration: h1 (h1-hpa-default.yaml) for auth-service[0m
[0;36m[2026-05-03 02:10:26][0m [0;32m✅ auth-service reached 1/1 ready replicas during config apply (h1)[0m
[0;36m[2026-05-03 02:10:26][0m [0;34m── Waiting 90s for metrics to baseline...[0m
[0;36m[2026-05-03 02:11:59][0m [0;32m✅ auth-service reached 1/1 ready replicas during post-config stabilization (h1)[0m
[0;36m[2026-05-03 02:11:59][0m [0;32m✅ Configuration h1 applied for auth-service[0m
[0;36m[2026-05-03 02:11:59][0m [0;34m── Pre-flight: verifying auth-service is ready on /ready...[0m
[0;36m[2026-05-03 02:12:02][0m [0;32m✅ Pre-flight passed: auth-service is ready[0m
[0;36m[2026-05-03 02:12:02][0m [0;34m── Starting k6 load test: k6-auth-test-spike-auth-service-h1-spike-rep1 (pattern: spike)[0m
[0;36m[2026-05-03 02:12:07][0m [0;34m── Waiting for k6 job to complete (timeout: 900s)...[0m
[0;36m[2026-05-03 02:24:43][0m [1;33m⚠️  k6 job reached terminal failed state after 756s (threshold failures are still valid data)[0m
[0;36m[2026-05-03 02:24:43][0m [0;34m── Waiting 180s before data export...[0m
[0;36m[2026-05-03 02:27:43][0m [0;34m── Exporting k6 results...[0m
[0;36m[2026-05-03 02:27:46][0m [1;33m⚠️  Could not copy k6 JSON results[0m
[0;36m[2026-05-03 02:27:47][0m [0;32m✅ k6 results exported to /home/kevin/Projects/e-commerce/experiment-results/.tmp/auth-service_h1_spike_rep1-1777748879/[0m
[0;36m[2026-05-03 02:27:49][0m [0;34m── Exporting Prometheus metrics...[0m
[0;36m[2026-05-03 02:27:58][0m [0;32m✅ Prometheus metrics exported to /home/kevin/Projects/e-commerce/experiment-results/.tmp/auth-service_h1_spike_rep1-1777748879/[0m
[0;36m[2026-05-03 02:27:59][0m [0;32m✅ Run auth-service_h1_spike_rep1 completed in 1199s (~19m)[0m
[0;36m[2026-05-03 02:27:59][0m 
[0;36m[2026-05-03 02:27:59][0m ╔══════════════════════════════════════════════════════════════╗
[0;36m[2026-05-03 02:27:59][0m ║  Progress: 3/12 | ETA: 3h 19m | Done: 8/18
[0;36m[2026-05-03 02:27:59][0m ╚══════════════════════════════════════════════════════════════╝
[0;36m[2026-05-03 02:27:59][0m ━━━━━━━━━━━━━━━━━━━━━━━━━━━━━━━━━━━━━━━━━━━━━━━━━━
[0;36m[2026-05-03 02:27:59][0m   RUN: auth-service_h1_oscillating_rep1
[0;36m[2026-05-03 02:27:59][0m   Service: auth-service | Config: h1 | Pattern: oscillating | Rep: 1
[0;36m[2026-05-03 02:27:59][0m ━━━━━━━━━━━━━━━━━━━━━━━━━━━━━━━━━━━━━━━━━━━━━━━━━━
[0;36m[2026-05-03 02:27:59][0m [0;34m── Resetting cluster state for auth-service...[0m
[0;36m[2026-05-03 02:27:59][0m [0;34m── Cleaning up all autoscalers for auth-service...[0m
[0;36m[2026-05-03 02:28:10][0m [0;34m── Waiting for auth-service to return to the 1-replica baseline...[0m
[0;36m[2026-05-03 02:28:14][0m [0;32m✅ auth-service reached 1/1 ready replicas during cleanup[0m
[0;36m[2026-05-03 02:28:14][0m [0;34m── Deleting leftover k6 jobs...[0m
[0;36m[2026-05-03 02:28:16][0m [0;34m── Waiting 120s for cluster stabilization...[0m
[0;36m[2026-05-03 02:30:19][0m [0;32m✅ auth-service reached 1/1 ready replicas during post-reset stabilization[0m
[0;36m[2026-05-03 02:30:19][0m [0;32m✅ Cluster state reset complete for auth-service[0m
[0;36m[2026-05-03 02:30:19][0m [0;34m── Applying configuration: h1 (h1-hpa-default.yaml) for auth-service[0m
[0;36m[2026-05-03 02:30:26][0m [0;32m✅ auth-service reached 1/1 ready replicas during config apply (h1)[0m
[0;36m[2026-05-03 02:30:26][0m [0;34m── Waiting 90s for metrics to baseline...[0m
[0;36m[2026-05-03 02:32:00][0m [0;32m✅ auth-service reached 1/1 ready replicas during post-config stabilization (h1)[0m
[0;36m[2026-05-03 02:32:00][0m [0;32m✅ Configuration h1 applied for auth-service[0m
[0;36m[2026-05-03 02:32:00][0m [0;34m── Pre-flight: verifying auth-service is ready on /ready...[0m
[0;36m[2026-05-03 02:32:02][0m [0;32m✅ Pre-flight passed: auth-service is ready[0m
[0;36m[2026-05-03 02:32:02][0m [0;34m── Starting k6 load test: k6-auth-test-oscillating-auth-service-h1-oscillating-rep1 (pattern: oscillating)[0m
[0;36m[2026-05-03 02:32:07][0m [0;34m── Waiting for k6 job to complete (timeout: 900s)...[0m
