
          /\      |‾‾| /‾‾/   /‾‾/   
     /\  /  \     |  |/  /   /  /    
    /  \/    \    |     (   /   ‾‾\  
   /          \   |  |\  \ |  (‾)  | 
  / __________ \  |__| \__\ \_____/ .io

  execution: local
     script: /scripts/load-test.js
     output: json (/results/results.json)

  scenarios: (100.00%) 1 scenario, 80 max VUs, 12m30s max duration (incl. graceful stop):
           * gradual_ramp: Up to 80 looping VUs for 12m0s over 4 stages (gracefulRampDown: 30s, gracefulStop: 30s)


running (00m01.0s), 10/80 VUs, 10 complete and 0 interrupted iterations
gradual_ramp   [   0% ] 10/80 VUs  00m01.0s/12m00.0s

running (00m02.0s), 10/80 VUs, 22 complete and 0 interrupted iterations
gradual_ramp   [   0% ] 10/80 VUs  00m02.0s/12m00.0s

running (00m03.0s), 10/80 VUs, 37 complete and 0 interrupted iterations
gradual_ramp   [   0% ] 10/80 VUs  00m03.0s/12m00.0s

running (00m04.0s), 10/80 VUs, 50 complete and 0 interrupted iterations
gradual_ramp   [   1% ] 10/80 VUs  00m04.0s/12m00.0s

running (00m05.0s), 10/80 VUs, 63 complete and 0 interrupted iterations
gradual_ramp   [   1% ] 10/80 VUs  00m05.0s/12m00.0s

running (00m06.0s), 10/80 VUs, 78 complete and 0 interrupted iterations
gradual_ramp   [   1% ] 10/80 VUs  00m06.0s/12m00.0s

running (00m07.0s), 10/80 VUs, 92 complete and 0 interrupted iterations
gradual_ramp   [   1% ] 10/80 VUs  00m07.0s/12m00.0s

running (00m08.0s), 10/80 VUs, 105 complete and 0 interrupted iterations
gradual_ramp   [   1% ] 10/80 VUs  00m08.0s/12m00.0s

running (00m09.0s), 10/80 VUs, 119 complete and 0 interrupted iterations
gradual_ramp   [   1% ] 10/80 VUs  00m09.0s/12m00.0s

running (00m10.0s), 10/80 VUs, 134 complete and 0 interrupted iterations
gradual_ramp   [   1% ] 10/80 VUs  00m10.0s/12m00.0s

running (00m11.0s), 10/80 VUs, 146 complete and 0 interrupted iterations
gradual_ramp   [   2% ] 10/80 VUs  00m11.0s/12m00.0s

running (00m12.0s), 10/80 VUs, 159 complete and 0 interrupted iterations
gradual_ramp   [   2% ] 10/80 VUs  00m12.0s/12m00.0s

running (00m13.0s), 10/80 VUs, 172 complete and 0 interrupted iterations
gradual_ramp   [   2% ] 10/80 VUs  00m13.0s/12m00.0s

running (00m14.0s), 10/80 VUs, 187 complete and 0 interrupted iterations
gradual_ramp   [   2% ] 10/80 VUs  00m14.0s/12m00.0s

running (00m15.0s), 10/80 VUs, 201 complete and 0 interrupted iterations
gradual_ramp   [   2% ] 10/80 VUs  00m15.0s/12m00.0s

running (00m16.0s), 10/80 VUs, 215 complete and 0 interrupted iterations
gradual_ramp   [   2% ] 10/80 VUs  00m16.0s/12m00.0s

running (00m17.0s), 10/80 VUs, 229 complete and 0 interrupted iterations
gradual_ramp   [   2% ] 10/80 VUs  00m17.0s/12m00.0s

running (00m18.0s), 10/80 VUs, 244 complete and 0 interrupted iterations
gradual_ramp   [   2% ] 10/80 VUs  00m18.0s/12m00.0s

running (00m19.0s), 10/80 VUs, 258 complete and 0 interrupted iterations
gradual_ramp   [   3% ] 10/80 VUs  00m19.0s/12m00.0s

running (00m20.0s), 10/80 VUs, 272 complete and 0 interrupted iterations
gradual_ramp   [   3% ] 10/80 VUs  00m20.0s/12m00.0s

running (00m21.0s), 10/80 VUs, 287 complete and 0 interrupted iterations
gradual_ramp   [   3% ] 10/80 VUs  00m21.0s/12m00.0s

running (00m22.0s), 10/80 VUs, 300 complete and 0 interrupted iterations
gradual_ramp   [   3% ] 10/80 VUs  00m22.0s/12m00.0s

running (00m23.0s), 10/80 VUs, 316 complete and 0 interrupted iterations
gradual_ramp   [   3% ] 10/80 VUs  00m23.0s/12m00.0s

running (00m24.0s), 10/80 VUs, 330 complete and 0 interrupted iterations
gradual_ramp   [   3% ] 10/80 VUs  00m24.0s/12m00.0s

running (00m25.0s), 10/80 VUs, 344 complete and 0 interrupted iterations
gradual_ramp   [   3% ] 10/80 VUs  00m25.0s/12m00.0s

running (00m26.0s), 10/80 VUs, 357 complete and 0 interrupted iterations
gradual_ramp   [   4% ] 10/80 VUs  00m26.0s/12m00.0s

running (00m27.0s), 10/80 VUs, 372 complete and 0 interrupted iterations
gradual_ramp   [   4% ] 10/80 VUs  00m27.0s/12m00.0s

running (00m28.0s), 10/80 VUs, 388 complete and 0 interrupted iterations
gradual_ramp   [   4% ] 10/80 VUs  00m28.0s/12m00.0s

running (00m29.0s), 10/80 VUs, 401 complete and 0 interrupted iterations
gradual_ramp   [   4% ] 10/80 VUs  00m29.0s/12m00.0s

running (00m30.0s), 10/80 VUs, 418 complete and 0 interrupted iterations
gradual_ramp   [   4% ] 10/80 VUs  00m30.0s/12m00.0s

running (00m31.0s), 10/80 VUs, 432 complete and 0 interrupted iterations
gradual_ramp   [   4% ] 10/80 VUs  00m31.0s/12m00.0s

running (00m32.0s), 10/80 VUs, 445 complete and 0 interrupted iterations
gradual_ramp   [   4% ] 10/80 VUs  00m32.0s/12m00.0s

running (00m33.0s), 10/80 VUs, 458 complete and 0 interrupted iterations
gradual_ramp   [   5% ] 10/80 VUs  00m33.0s/12m00.0s

running (00m34.0s), 10/80 VUs, 475 complete and 0 interrupted iterations
gradual_ramp   [   5% ] 10/80 VUs  00m34.0s/12m00.0s

running (00m35.0s), 10/80 VUs, 487 complete and 0 interrupted iterations
gradual_ramp   [   5% ] 10/80 VUs  00m35.0s/12m00.0s

running (00m36.0s), 10/80 VUs, 503 complete and 0 interrupted iterations
gradual_ramp   [   5% ] 10/80 VUs  00m36.0s/12m00.0s

running (00m37.0s), 10/80 VUs, 513 complete and 0 interrupted iterations
gradual_ramp   [   5% ] 10/80 VUs  00m37.0s/12m00.0s

running (00m38.0s), 10/80 VUs, 531 complete and 0 interrupted iterations
gradual_ramp   [   5% ] 10/80 VUs  00m38.0s/12m00.0s

running (00m39.0s), 10/80 VUs, 545 complete and 0 interrupted iterations
gradual_ramp   [   5% ] 10/80 VUs  00m39.0s/12m00.0s

running (00m40.0s), 10/80 VUs, 559 complete and 0 interrupted iterations
gradual_ramp   [   6% ] 10/80 VUs  00m40.0s/12m00.0s

running (00m41.0s), 10/80 VUs, 573 complete and 0 interrupted iterations
gradual_ramp   [   6% ] 10/80 VUs  00m41.0s/12m00.0s

running (00m42.0s), 10/80 VUs, 588 complete and 0 interrupted iterations
gradual_ramp   [   6% ] 10/80 VUs  00m42.0s/12m00.0s

running (00m43.0s), 10/80 VUs, 604 complete and 0 interrupted iterations
gradual_ramp   [   6% ] 10/80 VUs  00m43.0s/12m00.0s

running (00m44.0s), 10/80 VUs, 616 complete and 0 interrupted iterations
gradual_ramp   [   6% ] 10/80 VUs  00m44.0s/12m00.0s

running (00m45.0s), 10/80 VUs, 632 complete and 0 interrupted iterations
gradual_ramp   [   6% ] 10/80 VUs  00m45.0s/12m00.0s

running (00m46.0s), 10/80 VUs, 645 complete and 0 interrupted iterations
gradual_ramp   [   6% ] 10/80 VUs  00m46.0s/12m00.0s

running (00m47.0s), 10/80 VUs, 658 complete and 0 interrupted iterations
gradual_ramp   [   7% ] 10/80 VUs  00m47.0s/12m00.0s

running (00m48.0s), 10/80 VUs, 673 complete and 0 interrupted iterations
gradual_ramp   [   7% ] 10/80 VUs  00m48.0s/12m00.0s

running (00m49.0s), 10/80 VUs, 686 complete and 0 interrupted iterations
gradual_ramp   [   7% ] 10/80 VUs  00m49.0s/12m00.0s

running (00m50.0s), 10/80 VUs, 699 complete and 0 interrupted iterations
gradual_ramp   [   7% ] 10/80 VUs  00m50.0s/12m00.0s

running (00m51.0s), 10/80 VUs, 713 complete and 0 interrupted iterations
gradual_ramp   [   7% ] 10/80 VUs  00m51.0s/12m00.0s

running (00m52.0s), 10/80 VUs, 726 complete and 0 interrupted iterations
gradual_ramp   [   7% ] 10/80 VUs  00m52.0s/12m00.0s

running (00m53.0s), 10/80 VUs, 741 complete and 0 interrupted iterations
gradual_ramp   [   7% ] 10/80 VUs  00m53.0s/12m00.0s

running (00m54.0s), 10/80 VUs, 755 complete and 0 interrupted iterations
gradual_ramp   [   7% ] 10/80 VUs  00m54.0s/12m00.0s

running (00m55.0s), 10/80 VUs, 771 complete and 0 interrupted iterations
gradual_ramp   [   8% ] 10/80 VUs  00m55.0s/12m00.0s

running (00m56.0s), 10/80 VUs, 785 complete and 0 interrupted iterations
gradual_ramp   [   8% ] 10/80 VUs  00m56.0s/12m00.0s

running (00m57.0s), 10/80 VUs, 797 complete and 0 interrupted iterations
gradual_ramp   [   8% ] 10/80 VUs  00m57.0s/12m00.0s

running (00m58.0s), 10/80 VUs, 811 complete and 0 interrupted iterations
gradual_ramp   [   8% ] 10/80 VUs  00m58.0s/12m00.0s

running (00m59.0s), 10/80 VUs, 825 complete and 0 interrupted iterations
gradual_ramp   [   8% ] 10/80 VUs  00m59.0s/12m00.0s

running (01m00.0s), 10/80 VUs, 840 complete and 0 interrupted iterations
gradual_ramp   [   8% ] 10/80 VUs  01m00.0s/12m00.0s

running (01m01.0s), 10/80 VUs, 851 complete and 0 interrupted iterations
gradual_ramp   [   8% ] 10/80 VUs  01m01.0s/12m00.0s

running (01m02.0s), 10/80 VUs, 868 complete and 0 interrupted iterations
gradual_ramp   [   9% ] 10/80 VUs  01m02.0s/12m00.0s

running (01m03.0s), 10/80 VUs, 881 complete and 0 interrupted iterations
gradual_ramp   [   9% ] 10/80 VUs  01m03.0s/12m00.0s

running (01m04.0s), 10/80 VUs, 895 complete and 0 interrupted iterations
gradual_ramp   [   9% ] 10/80 VUs  01m04.0s/12m00.0s

running (01m05.0s), 10/80 VUs, 908 complete and 0 interrupted iterations
gradual_ramp   [   9% ] 10/80 VUs  01m05.0s/12m00.0s

running (01m06.0s), 10/80 VUs, 924 complete and 0 interrupted iterations
gradual_ramp   [   9% ] 10/80 VUs  01m06.0s/12m00.0s

running (01m07.0s), 10/80 VUs, 938 complete and 0 interrupted iterations
gradual_ramp   [   9% ] 10/80 VUs  01m07.0s/12m00.0s

running (01m08.0s), 10/80 VUs, 953 complete and 0 interrupted iterations
gradual_ramp   [   9% ] 10/80 VUs  01m08.0s/12m00.0s

running (01m09.0s), 10/80 VUs, 966 complete and 0 interrupted iterations
gradual_ramp   [  10% ] 10/80 VUs  01m09.0s/12m00.0s

running (01m10.0s), 10/80 VUs, 978 complete and 0 interrupted iterations
gradual_ramp   [  10% ] 10/80 VUs  01m10.0s/12m00.0s

running (01m11.0s), 10/80 VUs, 991 complete and 0 interrupted iterations
gradual_ramp   [  10% ] 10/80 VUs  01m11.0s/12m00.0s

running (01m12.0s), 10/80 VUs, 1005 complete and 0 interrupted iterations
gradual_ramp   [  10% ] 10/80 VUs  01m12.0s/12m00.0s

running (01m13.0s), 10/80 VUs, 1020 complete and 0 interrupted iterations
gradual_ramp   [  10% ] 10/80 VUs  01m13.0s/12m00.0s

running (01m14.0s), 10/80 VUs, 1033 complete and 0 interrupted iterations
gradual_ramp   [  10% ] 10/80 VUs  01m14.0s/12m00.0s

running (01m15.0s), 10/80 VUs, 1045 complete and 0 interrupted iterations
gradual_ramp   [  10% ] 10/80 VUs  01m15.0s/12m00.0s

running (01m16.0s), 10/80 VUs, 1061 complete and 0 interrupted iterations
gradual_ramp   [  11% ] 10/80 VUs  01m16.0s/12m00.0s

running (01m17.0s), 10/80 VUs, 1072 complete and 0 interrupted iterations
gradual_ramp   [  11% ] 10/80 VUs  01m17.0s/12m00.0s

running (01m18.0s), 10/80 VUs, 1089 complete and 0 interrupted iterations
gradual_ramp   [  11% ] 10/80 VUs  01m18.0s/12m00.0s

running (01m19.0s), 10/80 VUs, 1103 complete and 0 interrupted iterations
gradual_ramp   [  11% ] 10/80 VUs  01m19.0s/12m00.0s

running (01m20.0s), 10/80 VUs, 1117 complete and 0 interrupted iterations
gradual_ramp   [  11% ] 10/80 VUs  01m20.0s/12m00.0s

running (01m21.0s), 10/80 VUs, 1128 complete and 0 interrupted iterations
gradual_ramp   [  11% ] 10/80 VUs  01m21.0s/12m00.0s

running (01m22.0s), 10/80 VUs, 1146 complete and 0 interrupted iterations
gradual_ramp   [  11% ] 10/80 VUs  01m22.0s/12m00.0s

running (01m23.0s), 10/80 VUs, 1161 complete and 0 interrupted iterations
gradual_ramp   [  12% ] 10/80 VUs  01m23.0s/12m00.0s

running (01m24.0s), 10/80 VUs, 1175 complete and 0 interrupted iterations
gradual_ramp   [  12% ] 10/80 VUs  01m24.0s/12m00.0s

running (01m25.0s), 10/80 VUs, 1189 complete and 0 interrupted iterations
gradual_ramp   [  12% ] 10/80 VUs  01m25.0s/12m00.0s

running (01m26.0s), 10/80 VUs, 1204 complete and 0 interrupted iterations
gradual_ramp   [  12% ] 10/80 VUs  01m26.0s/12m00.0s

running (01m27.0s), 10/80 VUs, 1217 complete and 0 interrupted iterations
gradual_ramp   [  12% ] 10/80 VUs  01m27.0s/12m00.0s

running (01m28.0s), 10/80 VUs, 1233 complete and 0 interrupted iterations
gradual_ramp   [  12% ] 10/80 VUs  01m28.0s/12m00.0s

running (01m29.0s), 10/80 VUs, 1246 complete and 0 interrupted iterations
gradual_ramp   [  12% ] 10/80 VUs  01m29.0s/12m00.0s

running (01m30.0s), 10/80 VUs, 1260 complete and 0 interrupted iterations
gradual_ramp   [  12% ] 10/80 VUs  01m30.0s/12m00.0s

running (01m31.0s), 10/80 VUs, 1274 complete and 0 interrupted iterations
gradual_ramp   [  13% ] 10/80 VUs  01m31.0s/12m00.0s

running (01m32.0s), 10/80 VUs, 1289 complete and 0 interrupted iterations
gradual_ramp   [  13% ] 10/80 VUs  01m32.0s/12m00.0s

running (01m33.0s), 10/80 VUs, 1306 complete and 0 interrupted iterations
gradual_ramp   [  13% ] 10/80 VUs  01m33.0s/12m00.0s

running (01m34.0s), 10/80 VUs, 1318 complete and 0 interrupted iterations
gradual_ramp   [  13% ] 10/80 VUs  01m34.0s/12m00.0s

running (01m35.0s), 10/80 VUs, 1333 complete and 0 interrupted iterations
gradual_ramp   [  13% ] 10/80 VUs  01m35.0s/12m00.0s

running (01m36.0s), 10/80 VUs, 1347 complete and 0 interrupted iterations
gradual_ramp   [  13% ] 10/80 VUs  01m36.0s/12m00.0s

running (01m37.0s), 10/80 VUs, 1362 complete and 0 interrupted iterations
gradual_ramp   [  13% ] 10/80 VUs  01m37.0s/12m00.0s

running (01m38.0s), 10/80 VUs, 1376 complete and 0 interrupted iterations
gradual_ramp   [  14% ] 10/80 VUs  01m38.0s/12m00.0s

running (01m39.0s), 10/80 VUs, 1390 complete and 0 interrupted iterations
gradual_ramp   [  14% ] 10/80 VUs  01m39.0s/12m00.0s

running (01m40.0s), 10/80 VUs, 1406 complete and 0 interrupted iterations
gradual_ramp   [  14% ] 10/80 VUs  01m40.0s/12m00.0s

running (01m41.0s), 10/80 VUs, 1418 complete and 0 interrupted iterations
gradual_ramp   [  14% ] 10/80 VUs  01m41.0s/12m00.0s

running (01m42.0s), 10/80 VUs, 1432 complete and 0 interrupted iterations
gradual_ramp   [  14% ] 10/80 VUs  01m42.0s/12m00.0s

running (01m43.0s), 10/80 VUs, 1447 complete and 0 interrupted iterations
gradual_ramp   [  14% ] 10/80 VUs  01m43.0s/12m00.0s

running (01m44.0s), 10/80 VUs, 1463 complete and 0 interrupted iterations
gradual_ramp   [  14% ] 10/80 VUs  01m44.0s/12m00.0s

running (01m45.0s), 10/80 VUs, 1476 complete and 0 interrupted iterations
gradual_ramp   [  15% ] 10/80 VUs  01m45.0s/12m00.0s

running (01m46.0s), 10/80 VUs, 1491 complete and 0 interrupted iterations
gradual_ramp   [  15% ] 10/80 VUs  01m46.0s/12m00.0s

running (01m47.0s), 10/80 VUs, 1505 complete and 0 interrupted iterations
gradual_ramp   [  15% ] 10/80 VUs  01m47.0s/12m00.0s

running (01m48.0s), 10/80 VUs, 1520 complete and 0 interrupted iterations
gradual_ramp   [  15% ] 10/80 VUs  01m48.0s/12m00.0s

running (01m49.0s), 10/80 VUs, 1534 complete and 0 interrupted iterations
gradual_ramp   [  15% ] 10/80 VUs  01m49.0s/12m00.0s

running (01m50.0s), 10/80 VUs, 1547 complete and 0 interrupted iterations
gradual_ramp   [  15% ] 10/80 VUs  01m50.0s/12m00.0s

running (01m51.0s), 10/80 VUs, 1562 complete and 0 interrupted iterations
gradual_ramp   [  15% ] 10/80 VUs  01m51.0s/12m00.0s

running (01m52.0s), 10/80 VUs, 1578 complete and 0 interrupted iterations
gradual_ramp   [  16% ] 10/80 VUs  01m52.0s/12m00.0s

running (01m53.0s), 10/80 VUs, 1591 complete and 0 interrupted iterations
gradual_ramp   [  16% ] 10/80 VUs  01m53.0s/12m00.0s

running (01m54.0s), 10/80 VUs, 1606 complete and 0 interrupted iterations
gradual_ramp   [  16% ] 10/80 VUs  01m54.0s/12m00.0s

running (01m55.0s), 10/80 VUs, 1619 complete and 0 interrupted iterations
gradual_ramp   [  16% ] 10/80 VUs  01m55.0s/12m00.0s

running (01m56.0s), 10/80 VUs, 1636 complete and 0 interrupted iterations
gradual_ramp   [  16% ] 10/80 VUs  01m56.0s/12m00.0s

running (01m57.0s), 10/80 VUs, 1647 complete and 0 interrupted iterations
gradual_ramp   [  16% ] 10/80 VUs  01m57.0s/12m00.0s

running (01m58.0s), 10/80 VUs, 1662 complete and 0 interrupted iterations
gradual_ramp   [  16% ] 10/80 VUs  01m58.0s/12m00.0s

running (01m59.0s), 10/80 VUs, 1675 complete and 0 interrupted iterations
gradual_ramp   [  17% ] 10/80 VUs  01m59.0s/12m00.0s

running (02m00.0s), 10/80 VUs, 1690 complete and 0 interrupted iterations
gradual_ramp   [  17% ] 10/80 VUs  02m00.0s/12m00.0s

running (02m01.0s), 10/80 VUs, 1705 complete and 0 interrupted iterations
gradual_ramp   [  17% ] 10/80 VUs  02m01.0s/12m00.0s

running (02m02.0s), 10/80 VUs, 1717 complete and 0 interrupted iterations
gradual_ramp   [  17% ] 10/80 VUs  02m02.0s/12m00.0s

running (02m03.0s), 10/80 VUs, 1730 complete and 0 interrupted iterations
gradual_ramp   [  17% ] 10/80 VUs  02m03.0s/12m00.0s

running (02m04.0s), 10/80 VUs, 1745 complete and 0 interrupted iterations
gradual_ramp   [  17% ] 10/80 VUs  02m04.0s/12m00.0s

running (02m05.0s), 11/80 VUs, 1761 complete and 0 interrupted iterations
gradual_ramp   [  17% ] 11/80 VUs  02m05.0s/12m00.0s

running (02m06.0s), 11/80 VUs, 1776 complete and 0 interrupted iterations
gradual_ramp   [  17% ] 11/80 VUs  02m06.0s/12m00.0s

running (02m07.0s), 11/80 VUs, 1794 complete and 0 interrupted iterations
gradual_ramp   [  18% ] 11/80 VUs  02m07.0s/12m00.0s

running (02m08.0s), 11/80 VUs, 1808 complete and 0 interrupted iterations
gradual_ramp   [  18% ] 11/80 VUs  02m08.0s/12m00.0s

running (02m09.0s), 12/80 VUs, 1821 complete and 0 interrupted iterations
gradual_ramp   [  18% ] 12/80 VUs  02m09.0s/12m00.0s

running (02m10.0s), 12/80 VUs, 1839 complete and 0 interrupted iterations
gradual_ramp   [  18% ] 12/80 VUs  02m10.0s/12m00.0s

running (02m11.0s), 12/80 VUs, 1856 complete and 0 interrupted iterations
gradual_ramp   [  18% ] 12/80 VUs  02m11.0s/12m00.0s

running (02m12.0s), 12/80 VUs, 1873 complete and 0 interrupted iterations
gradual_ramp   [  18% ] 12/80 VUs  02m12.0s/12m00.0s

running (02m13.0s), 13/80 VUs, 1892 complete and 0 interrupted iterations
gradual_ramp   [  18% ] 13/80 VUs  02m13.0s/12m00.0s

running (02m14.0s), 13/80 VUs, 1907 complete and 0 interrupted iterations
gradual_ramp   [  19% ] 13/80 VUs  02m14.0s/12m00.0s

running (02m15.0s), 13/80 VUs, 1925 complete and 0 interrupted iterations
gradual_ramp   [  19% ] 13/80 VUs  02m15.0s/12m00.0s

running (02m16.0s), 13/80 VUs, 1943 complete and 0 interrupted iterations
gradual_ramp   [  19% ] 13/80 VUs  02m16.0s/12m00.0s

running (02m17.0s), 13/80 VUs, 1963 complete and 0 interrupted iterations
gradual_ramp   [  19% ] 13/80 VUs  02m17.0s/12m00.0s

running (02m18.0s), 14/80 VUs, 1982 complete and 0 interrupted iterations
gradual_ramp   [  19% ] 14/80 VUs  02m18.0s/12m00.0s

running (02m19.0s), 14/80 VUs, 2002 complete and 0 interrupted iterations
gradual_ramp   [  19% ] 14/80 VUs  02m19.0s/12m00.0s

running (02m20.0s), 14/80 VUs, 2021 complete and 0 interrupted iterations
gradual_ramp   [  19% ] 14/80 VUs  02m20.0s/12m00.0s

running (02m21.0s), 14/80 VUs, 2040 complete and 0 interrupted iterations
gradual_ramp   [  20% ] 14/80 VUs  02m21.0s/12m00.0s

running (02m22.0s), 15/80 VUs, 2059 complete and 0 interrupted iterations
gradual_ramp   [  20% ] 15/80 VUs  02m22.0s/12m00.0s

running (02m23.0s), 15/80 VUs, 2080 complete and 0 interrupted iterations
gradual_ramp   [  20% ] 15/80 VUs  02m23.0s/12m00.0s

running (02m24.0s), 15/80 VUs, 2103 complete and 0 interrupted iterations
gradual_ramp   [  20% ] 15/80 VUs  02m24.0s/12m00.0s

running (02m25.0s), 15/80 VUs, 2122 complete and 0 interrupted iterations
gradual_ramp   [  20% ] 15/80 VUs  02m25.0s/12m00.0s

running (02m26.0s), 16/80 VUs, 2143 complete and 0 interrupted iterations
gradual_ramp   [  20% ] 16/80 VUs  02m26.0s/12m00.0s

running (02m27.0s), 16/80 VUs, 2166 complete and 0 interrupted iterations
gradual_ramp   [  20% ] 16/80 VUs  02m27.0s/12m00.0s

running (02m28.0s), 16/80 VUs, 2188 complete and 0 interrupted iterations
gradual_ramp   [  21% ] 16/80 VUs  02m28.0s/12m00.0s

running (02m29.0s), 16/80 VUs, 2206 complete and 0 interrupted iterations
gradual_ramp   [  21% ] 16/80 VUs  02m29.0s/12m00.0s

running (02m30.0s), 16/80 VUs, 2230 complete and 0 interrupted iterations
gradual_ramp   [  21% ] 16/80 VUs  02m30.0s/12m00.0s

running (02m31.0s), 17/80 VUs, 2255 complete and 0 interrupted iterations
gradual_ramp   [  21% ] 17/80 VUs  02m31.0s/12m00.0s

running (02m32.0s), 17/80 VUs, 2277 complete and 0 interrupted iterations
gradual_ramp   [  21% ] 17/80 VUs  02m32.0s/12m00.0s

running (02m33.0s), 17/80 VUs, 2300 complete and 0 interrupted iterations
gradual_ramp   [  21% ] 17/80 VUs  02m33.0s/12m00.0s

running (02m34.0s), 17/80 VUs, 2327 complete and 0 interrupted iterations
gradual_ramp   [  21% ] 17/80 VUs  02m34.0s/12m00.0s

running (02m35.0s), 18/80 VUs, 2349 complete and 0 interrupted iterations
gradual_ramp   [  22% ] 18/80 VUs  02m35.0s/12m00.0s

running (02m36.0s), 18/80 VUs, 2375 complete and 0 interrupted iterations
gradual_ramp   [  22% ] 18/80 VUs  02m36.0s/12m00.0s

running (02m37.0s), 18/80 VUs, 2398 complete and 0 interrupted iterations
gradual_ramp   [  22% ] 18/80 VUs  02m37.0s/12m00.0s

running (02m38.0s), 18/80 VUs, 2428 complete and 0 interrupted iterations
gradual_ramp   [  22% ] 18/80 VUs  02m38.0s/12m00.0s

running (02m39.0s), 19/80 VUs, 2450 complete and 0 interrupted iterations
gradual_ramp   [  22% ] 19/80 VUs  02m39.0s/12m00.0s

running (02m40.0s), 19/80 VUs, 2478 complete and 0 interrupted iterations
gradual_ramp   [  22% ] 19/80 VUs  02m40.0s/12m00.0s

running (02m41.0s), 19/80 VUs, 2505 complete and 0 interrupted iterations
gradual_ramp   [  22% ] 19/80 VUs  02m41.0s/12m00.0s

running (02m42.0s), 19/80 VUs, 2530 complete and 0 interrupted iterations
gradual_ramp   [  22% ] 19/80 VUs  02m42.0s/12m00.0s

running (02m43.0s), 20/80 VUs, 2557 complete and 0 interrupted iterations
gradual_ramp   [  23% ] 20/80 VUs  02m43.0s/12m00.0s

running (02m44.0s), 20/80 VUs, 2585 complete and 0 interrupted iterations
gradual_ramp   [  23% ] 20/80 VUs  02m44.0s/12m00.0s

running (02m45.0s), 20/80 VUs, 2615 complete and 0 interrupted iterations
gradual_ramp   [  23% ] 20/80 VUs  02m45.0s/12m00.0s

running (02m46.0s), 20/80 VUs, 2639 complete and 0 interrupted iterations
gradual_ramp   [  23% ] 20/80 VUs  02m46.0s/12m00.0s

running (02m47.0s), 20/80 VUs, 2668 complete and 0 interrupted iterations
gradual_ramp   [  23% ] 20/80 VUs  02m47.0s/12m00.0s

running (02m48.0s), 21/80 VUs, 2696 complete and 0 interrupted iterations
gradual_ramp   [  23% ] 21/80 VUs  02m48.0s/12m00.0s

running (02m49.0s), 21/80 VUs, 2728 complete and 0 interrupted iterations
gradual_ramp   [  23% ] 21/80 VUs  02m49.0s/12m00.0s

running (02m50.0s), 21/80 VUs, 2756 complete and 0 interrupted iterations
gradual_ramp   [  24% ] 21/80 VUs  02m50.0s/12m00.0s

running (02m51.0s), 21/80 VUs, 2785 complete and 0 interrupted iterations
gradual_ramp   [  24% ] 21/80 VUs  02m51.0s/12m00.0s

running (02m52.0s), 22/80 VUs, 2813 complete and 0 interrupted iterations
gradual_ramp   [  24% ] 22/80 VUs  02m52.0s/12m00.0s

running (02m53.0s), 22/80 VUs, 2848 complete and 0 interrupted iterations
gradual_ramp   [  24% ] 22/80 VUs  02m53.0s/12m00.0s

running (02m54.0s), 22/80 VUs, 2876 complete and 0 interrupted iterations
gradual_ramp   [  24% ] 22/80 VUs  02m54.0s/12m00.0s

running (02m55.0s), 22/80 VUs, 2907 complete and 0 interrupted iterations
gradual_ramp   [  24% ] 22/80 VUs  02m55.0s/12m00.0s

running (02m56.0s), 23/80 VUs, 2937 complete and 0 interrupted iterations
gradual_ramp   [  24% ] 23/80 VUs  02m56.0s/12m00.0s

running (02m57.0s), 23/80 VUs, 2970 complete and 0 interrupted iterations
gradual_ramp   [  25% ] 23/80 VUs  02m57.0s/12m00.0s

running (02m58.0s), 23/80 VUs, 3001 complete and 0 interrupted iterations
gradual_ramp   [  25% ] 23/80 VUs  02m58.0s/12m00.0s

running (02m59.0s), 23/80 VUs, 3038 complete and 0 interrupted iterations
gradual_ramp   [  25% ] 23/80 VUs  02m59.0s/12m00.0s

running (03m00.0s), 23/80 VUs, 3066 complete and 0 interrupted iterations
gradual_ramp   [  25% ] 23/80 VUs  03m00.0s/12m00.0s

running (03m01.0s), 24/80 VUs, 3098 complete and 0 interrupted iterations
gradual_ramp   [  25% ] 24/80 VUs  03m01.0s/12m00.0s

running (03m02.0s), 24/80 VUs, 3133 complete and 0 interrupted iterations
gradual_ramp   [  25% ] 24/80 VUs  03m02.0s/12m00.0s

running (03m03.0s), 24/80 VUs, 3168 complete and 0 interrupted iterations
gradual_ramp   [  25% ] 24/80 VUs  03m03.0s/12m00.0s

running (03m04.0s), 24/80 VUs, 3203 complete and 0 interrupted iterations
gradual_ramp   [  26% ] 24/80 VUs  03m04.0s/12m00.0s

running (03m05.0s), 25/80 VUs, 3239 complete and 0 interrupted iterations
gradual_ramp   [  26% ] 25/80 VUs  03m05.0s/12m00.0s

running (03m06.0s), 25/80 VUs, 3270 complete and 0 interrupted iterations
gradual_ramp   [  26% ] 25/80 VUs  03m06.0s/12m00.0s

running (03m07.0s), 25/80 VUs, 3303 complete and 0 interrupted iterations
gradual_ramp   [  26% ] 25/80 VUs  03m07.0s/12m00.0s

running (03m08.0s), 25/80 VUs, 3338 complete and 0 interrupted iterations
gradual_ramp   [  26% ] 25/80 VUs  03m08.0s/12m00.0s

running (03m09.0s), 26/80 VUs, 3374 complete and 0 interrupted iterations
gradual_ramp   [  26% ] 26/80 VUs  03m09.0s/12m00.0s

running (03m10.0s), 26/80 VUs, 3408 complete and 0 interrupted iterations
gradual_ramp   [  26% ] 26/80 VUs  03m10.0s/12m00.0s

running (03m11.0s), 26/80 VUs, 3448 complete and 0 interrupted iterations
gradual_ramp   [  27% ] 26/80 VUs  03m11.0s/12m00.0s

running (03m12.0s), 26/80 VUs, 3484 complete and 0 interrupted iterations
gradual_ramp   [  27% ] 26/80 VUs  03m12.0s/12m00.0s

running (03m13.0s), 27/80 VUs, 3519 complete and 0 interrupted iterations
gradual_ramp   [  27% ] 27/80 VUs  03m13.0s/12m00.0s

running (03m14.0s), 27/80 VUs, 3560 complete and 0 interrupted iterations
gradual_ramp   [  27% ] 27/80 VUs  03m14.0s/12m00.0s

running (03m15.0s), 27/80 VUs, 3597 complete and 0 interrupted iterations
gradual_ramp   [  27% ] 27/80 VUs  03m15.0s/12m00.0s

running (03m16.0s), 27/80 VUs, 3637 complete and 0 interrupted iterations
gradual_ramp   [  27% ] 27/80 VUs  03m16.0s/12m00.0s

running (03m17.0s), 27/80 VUs, 3675 complete and 0 interrupted iterations
gradual_ramp   [  27% ] 27/80 VUs  03m17.0s/12m00.0s

running (03m18.0s), 28/80 VUs, 3717 complete and 0 interrupted iterations
gradual_ramp   [  27% ] 28/80 VUs  03m18.0s/12m00.0s

running (03m19.0s), 28/80 VUs, 3754 complete and 0 interrupted iterations
gradual_ramp   [  28% ] 28/80 VUs  03m19.0s/12m00.0s

running (03m20.0s), 28/80 VUs, 3792 complete and 0 interrupted iterations
gradual_ramp   [  28% ] 28/80 VUs  03m20.0s/12m00.0s

running (03m21.0s), 28/80 VUs, 3832 complete and 0 interrupted iterations
gradual_ramp   [  28% ] 28/80 VUs  03m21.0s/12m00.0s

running (03m22.0s), 29/80 VUs, 3868 complete and 0 interrupted iterations
gradual_ramp   [  28% ] 29/80 VUs  03m22.0s/12m00.0s

running (03m23.0s), 29/80 VUs, 3914 complete and 0 interrupted iterations
gradual_ramp   [  28% ] 29/80 VUs  03m23.0s/12m00.0s

running (03m24.0s), 29/80 VUs, 3952 complete and 0 interrupted iterations
gradual_ramp   [  28% ] 29/80 VUs  03m24.0s/12m00.0s

running (03m25.0s), 29/80 VUs, 3992 complete and 0 interrupted iterations
gradual_ramp   [  28% ] 29/80 VUs  03m25.0s/12m00.0s

running (03m26.0s), 30/80 VUs, 4036 complete and 0 interrupted iterations
gradual_ramp   [  29% ] 30/80 VUs  03m26.0s/12m00.0s

running (03m27.0s), 30/80 VUs, 4074 complete and 0 interrupted iterations
gradual_ramp   [  29% ] 30/80 VUs  03m27.0s/12m00.0s

running (03m28.0s), 30/80 VUs, 4118 complete and 0 interrupted iterations
gradual_ramp   [  29% ] 30/80 VUs  03m28.0s/12m00.0s

running (03m29.0s), 30/80 VUs, 4162 complete and 0 interrupted iterations
gradual_ramp   [  29% ] 30/80 VUs  03m29.0s/12m00.0s

running (03m30.0s), 30/80 VUs, 4203 complete and 0 interrupted iterations
gradual_ramp   [  29% ] 30/80 VUs  03m30.0s/12m00.0s

running (03m31.0s), 31/80 VUs, 4249 complete and 0 interrupted iterations
gradual_ramp   [  29% ] 31/80 VUs  03m31.0s/12m00.0s

running (03m32.0s), 31/80 VUs, 4289 complete and 0 interrupted iterations
gradual_ramp   [  29% ] 31/80 VUs  03m32.0s/12m00.0s

running (03m33.0s), 31/80 VUs, 4335 complete and 0 interrupted iterations
gradual_ramp   [  30% ] 31/80 VUs  03m33.0s/12m00.0s

running (03m34.0s), 31/80 VUs, 4380 complete and 0 interrupted iterations
gradual_ramp   [  30% ] 31/80 VUs  03m34.0s/12m00.0s

running (03m35.0s), 32/80 VUs, 4422 complete and 0 interrupted iterations
gradual_ramp   [  30% ] 32/80 VUs  03m35.0s/12m00.0s

running (03m36.0s), 32/80 VUs, 4475 complete and 0 interrupted iterations
gradual_ramp   [  30% ] 32/80 VUs  03m36.0s/12m00.0s

running (03m37.0s), 32/80 VUs, 4515 complete and 0 interrupted iterations
gradual_ramp   [  30% ] 32/80 VUs  03m37.0s/12m00.0s

running (03m38.0s), 32/80 VUs, 4561 complete and 0 interrupted iterations
gradual_ramp   [  30% ] 32/80 VUs  03m38.0s/12m00.0s

running (03m39.0s), 33/80 VUs, 4604 complete and 0 interrupted iterations
gradual_ramp   [  30% ] 33/80 VUs  03m39.0s/12m00.0s

running (03m40.0s), 33/80 VUs, 4655 complete and 0 interrupted iterations
gradual_ramp   [  31% ] 33/80 VUs  03m40.0s/12m00.0s

running (03m41.0s), 33/80 VUs, 4700 complete and 0 interrupted iterations
gradual_ramp   [  31% ] 33/80 VUs  03m41.0s/12m00.0s

running (03m42.0s), 33/80 VUs, 4743 complete and 0 interrupted iterations
gradual_ramp   [  31% ] 33/80 VUs  03m42.0s/12m00.0s

running (03m43.0s), 34/80 VUs, 4792 complete and 0 interrupted iterations
gradual_ramp   [  31% ] 34/80 VUs  03m43.0s/12m00.0s

running (03m44.0s), 34/80 VUs, 4843 complete and 0 interrupted iterations
gradual_ramp   [  31% ] 34/80 VUs  03m44.0s/12m00.0s

running (03m45.0s), 34/80 VUs, 4887 complete and 0 interrupted iterations
gradual_ramp   [  31% ] 34/80 VUs  03m45.0s/12m00.0s

running (03m46.0s), 34/80 VUs, 4937 complete and 0 interrupted iterations
gradual_ramp   [  31% ] 34/80 VUs  03m46.0s/12m00.0s

running (03m47.0s), 34/80 VUs, 4982 complete and 0 interrupted iterations
gradual_ramp   [  32% ] 34/80 VUs  03m47.0s/12m00.0s

running (03m48.0s), 35/80 VUs, 5033 complete and 0 interrupted iterations
gradual_ramp   [  32% ] 35/80 VUs  03m48.0s/12m00.0s

running (03m49.0s), 35/80 VUs, 5081 complete and 0 interrupted iterations
gradual_ramp   [  32% ] 35/80 VUs  03m49.0s/12m00.0s

running (03m50.0s), 35/80 VUs, 5130 complete and 0 interrupted iterations
gradual_ramp   [  32% ] 35/80 VUs  03m50.0s/12m00.0s

running (03m51.0s), 35/80 VUs, 5183 complete and 0 interrupted iterations
gradual_ramp   [  32% ] 35/80 VUs  03m51.0s/12m00.0s

running (03m52.0s), 36/80 VUs, 5227 complete and 0 interrupted iterations
gradual_ramp   [  32% ] 36/80 VUs  03m52.0s/12m00.0s

running (03m53.0s), 36/80 VUs, 5277 complete and 0 interrupted iterations
gradual_ramp   [  32% ] 36/80 VUs  03m53.0s/12m00.0s

running (03m54.0s), 36/80 VUs, 5327 complete and 0 interrupted iterations
gradual_ramp   [  32% ] 36/80 VUs  03m54.0s/12m00.0s

running (03m55.0s), 36/80 VUs, 5378 complete and 0 interrupted iterations
gradual_ramp   [  33% ] 36/80 VUs  03m55.0s/12m00.0s

running (03m56.0s), 37/80 VUs, 5429 complete and 0 interrupted iterations
gradual_ramp   [  33% ] 37/80 VUs  03m56.0s/12m00.0s

running (03m57.0s), 37/80 VUs, 5480 complete and 0 interrupted iterations
gradual_ramp   [  33% ] 37/80 VUs  03m57.0s/12m00.0s

running (03m58.0s), 37/80 VUs, 5526 complete and 0 interrupted iterations
gradual_ramp   [  33% ] 37/80 VUs  03m58.0s/12m00.0s

running (03m59.0s), 37/80 VUs, 5578 complete and 0 interrupted iterations
gradual_ramp   [  33% ] 37/80 VUs  03m59.0s/12m00.0s

running (04m00.0s), 37/80 VUs, 5631 complete and 0 interrupted iterations
gradual_ramp   [  33% ] 37/80 VUs  04m00.0s/12m00.0s

running (04m01.0s), 38/80 VUs, 5677 complete and 0 interrupted iterations
gradual_ramp   [  33% ] 38/80 VUs  04m01.0s/12m00.0s

running (04m02.0s), 38/80 VUs, 5725 complete and 0 interrupted iterations
gradual_ramp   [  34% ] 38/80 VUs  04m02.0s/12m00.0s

running (04m03.0s), 38/80 VUs, 5779 complete and 0 interrupted iterations
gradual_ramp   [  34% ] 38/80 VUs  04m03.0s/12m00.0s

running (04m04.0s), 38/80 VUs, 5833 complete and 0 interrupted iterations
gradual_ramp   [  34% ] 38/80 VUs  04m04.0s/12m00.0s

running (04m05.0s), 39/80 VUs, 5882 complete and 0 interrupted iterations
gradual_ramp   [  34% ] 39/80 VUs  04m05.0s/12m00.0s

running (04m06.0s), 39/80 VUs, 5936 complete and 0 interrupted iterations
gradual_ramp   [  34% ] 39/80 VUs  04m06.0s/12m00.0s

running (04m07.0s), 39/80 VUs, 5984 complete and 0 interrupted iterations
gradual_ramp   [  34% ] 39/80 VUs  04m07.0s/12m00.0s

running (04m08.0s), 39/80 VUs, 6033 complete and 0 interrupted iterations
gradual_ramp   [  34% ] 39/80 VUs  04m08.0s/12m00.0s

running (04m09.0s), 40/80 VUs, 6091 complete and 0 interrupted iterations
gradual_ramp   [  35% ] 40/80 VUs  04m09.0s/12m00.0s

running (04m10.0s), 40/80 VUs, 6138 complete and 0 interrupted iterations
gradual_ramp   [  35% ] 40/80 VUs  04m10.0s/12m00.0s

running (04m11.0s), 40/80 VUs, 6187 complete and 0 interrupted iterations
gradual_ramp   [  35% ] 40/80 VUs  04m11.0s/12m00.0s

running (04m12.0s), 40/80 VUs, 6235 complete and 0 interrupted iterations
gradual_ramp   [  35% ] 40/80 VUs  04m12.0s/12m00.0s

running (04m13.0s), 41/80 VUs, 6284 complete and 0 interrupted iterations
gradual_ramp   [  35% ] 41/80 VUs  04m13.0s/12m00.0s

running (04m14.0s), 41/80 VUs, 6337 complete and 0 interrupted iterations
gradual_ramp   [  35% ] 41/80 VUs  04m14.0s/12m00.0s

running (04m15.0s), 41/80 VUs, 6393 complete and 0 interrupted iterations
gradual_ramp   [  35% ] 41/80 VUs  04m15.0s/12m00.0s

running (04m16.0s), 41/80 VUs, 6445 complete and 0 interrupted iterations
gradual_ramp   [  36% ] 41/80 VUs  04m16.0s/12m00.0s

running (04m17.0s), 41/80 VUs, 6491 complete and 0 interrupted iterations
gradual_ramp   [  36% ] 41/80 VUs  04m17.0s/12m00.0s

running (04m18.0s), 42/80 VUs, 6543 complete and 0 interrupted iterations
gradual_ramp   [  36% ] 42/80 VUs  04m18.0s/12m00.0s

running (04m19.0s), 42/80 VUs, 6590 complete and 0 interrupted iterations
gradual_ramp   [  36% ] 42/80 VUs  04m19.0s/12m00.0s

running (04m20.0s), 42/80 VUs, 6635 complete and 0 interrupted iterations
gradual_ramp   [  36% ] 42/80 VUs  04m20.0s/12m00.0s

running (04m21.0s), 42/80 VUs, 6687 complete and 0 interrupted iterations
gradual_ramp   [  36% ] 42/80 VUs  04m21.0s/12m00.0s

running (04m22.0s), 43/80 VUs, 6736 complete and 0 interrupted iterations
gradual_ramp   [  36% ] 43/80 VUs  04m22.0s/12m00.0s

running (04m23.0s), 43/80 VUs, 6783 complete and 0 interrupted iterations
gradual_ramp   [  37% ] 43/80 VUs  04m23.0s/12m00.0s

running (04m24.0s), 43/80 VUs, 6829 complete and 0 interrupted iterations
gradual_ramp   [  37% ] 43/80 VUs  04m24.0s/12m00.0s

running (04m25.0s), 43/80 VUs, 6879 complete and 0 interrupted iterations
gradual_ramp   [  37% ] 43/80 VUs  04m25.0s/12m00.0s

running (04m26.0s), 44/80 VUs, 6926 complete and 0 interrupted iterations
gradual_ramp   [  37% ] 44/80 VUs  04m26.0s/12m00.0s

running (04m27.0s), 44/80 VUs, 6975 complete and 0 interrupted iterations
gradual_ramp   [  37% ] 44/80 VUs  04m27.0s/12m00.0s

running (04m28.0s), 44/80 VUs, 7026 complete and 0 interrupted iterations
gradual_ramp   [  37% ] 44/80 VUs  04m28.0s/12m00.0s

running (04m29.0s), 44/80 VUs, 7074 complete and 0 interrupted iterations
gradual_ramp   [  37% ] 44/80 VUs  04m29.0s/12m00.0s

running (04m30.0s), 44/80 VUs, 7125 complete and 0 interrupted iterations
gradual_ramp   [  37% ] 44/80 VUs  04m30.0s/12m00.0s

running (04m31.0s), 45/80 VUs, 7170 complete and 0 interrupted iterations
gradual_ramp   [  38% ] 45/80 VUs  04m31.0s/12m00.0s

running (04m32.0s), 45/80 VUs, 7223 complete and 0 interrupted iterations
gradual_ramp   [  38% ] 45/80 VUs  04m32.0s/12m00.0s

running (04m33.0s), 45/80 VUs, 7274 complete and 0 interrupted iterations
gradual_ramp   [  38% ] 45/80 VUs  04m33.0s/12m00.0s

running (04m34.0s), 45/80 VUs, 7324 complete and 0 interrupted iterations
gradual_ramp   [  38% ] 45/80 VUs  04m34.0s/12m00.0s

running (04m35.0s), 46/80 VUs, 7373 complete and 0 interrupted iterations
gradual_ramp   [  38% ] 46/80 VUs  04m35.0s/12m00.0s

running (04m36.0s), 46/80 VUs, 7423 complete and 0 interrupted iterations
gradual_ramp   [  38% ] 46/80 VUs  04m36.0s/12m00.0s

running (04m37.0s), 46/80 VUs, 7473 complete and 0 interrupted iterations
gradual_ramp   [  38% ] 46/80 VUs  04m37.0s/12m00.0s

running (04m38.0s), 46/80 VUs, 7523 complete and 0 interrupted iterations
gradual_ramp   [  39% ] 46/80 VUs  04m38.0s/12m00.0s

running (04m39.0s), 47/80 VUs, 7570 complete and 0 interrupted iterations
gradual_ramp   [  39% ] 47/80 VUs  04m39.0s/12m00.0s

running (04m40.0s), 47/80 VUs, 7619 complete and 0 interrupted iterations
gradual_ramp   [  39% ] 47/80 VUs  04m40.0s/12m00.0s

running (04m41.0s), 47/80 VUs, 7671 complete and 0 interrupted iterations
gradual_ramp   [  39% ] 47/80 VUs  04m41.0s/12m00.0s

running (04m42.0s), 47/80 VUs, 7726 complete and 0 interrupted iterations
gradual_ramp   [  39% ] 47/80 VUs  04m42.0s/12m00.0s

running (04m43.0s), 48/80 VUs, 7772 complete and 0 interrupted iterations
gradual_ramp   [  39% ] 48/80 VUs  04m43.0s/12m00.0s

running (04m44.0s), 48/80 VUs, 7823 complete and 0 interrupted iterations
gradual_ramp   [  39% ] 48/80 VUs  04m44.0s/12m00.0s

running (04m45.0s), 48/80 VUs, 7874 complete and 0 interrupted iterations
gradual_ramp   [  40% ] 48/80 VUs  04m45.0s/12m00.0s

running (04m46.0s), 48/80 VUs, 7922 complete and 0 interrupted iterations
gradual_ramp   [  40% ] 48/80 VUs  04m46.0s/12m00.0s

running (04m47.0s), 48/80 VUs, 7977 complete and 0 interrupted iterations
gradual_ramp   [  40% ] 48/80 VUs  04m47.0s/12m00.0s

running (04m48.0s), 49/80 VUs, 8027 complete and 0 interrupted iterations
gradual_ramp   [  40% ] 49/80 VUs  04m48.0s/12m00.0s

running (04m49.0s), 49/80 VUs, 8077 complete and 0 interrupted iterations
gradual_ramp   [  40% ] 49/80 VUs  04m49.0s/12m00.0s

running (04m50.0s), 49/80 VUs, 8129 complete and 0 interrupted iterations
gradual_ramp   [  40% ] 49/80 VUs  04m50.0s/12m00.0s

running (04m51.0s), 49/80 VUs, 8177 complete and 0 interrupted iterations
gradual_ramp   [  40% ] 49/80 VUs  04m51.0s/12m00.0s

running (04m52.0s), 50/80 VUs, 8228 complete and 0 interrupted iterations
gradual_ramp   [  41% ] 50/80 VUs  04m52.0s/12m00.0s

running (04m53.0s), 50/80 VUs, 8278 complete and 0 interrupted iterations
gradual_ramp   [  41% ] 50/80 VUs  04m53.0s/12m00.0s

running (04m54.0s), 50/80 VUs, 8326 complete and 0 interrupted iterations
gradual_ramp   [  41% ] 50/80 VUs  04m54.0s/12m00.0s

running (04m55.0s), 50/80 VUs, 8376 complete and 0 interrupted iterations
gradual_ramp   [  41% ] 50/80 VUs  04m55.0s/12m00.0s

running (04m56.0s), 51/80 VUs, 8425 complete and 0 interrupted iterations
gradual_ramp   [  41% ] 51/80 VUs  04m56.0s/12m00.0s

running (04m57.0s), 51/80 VUs, 8475 complete and 0 interrupted iterations
gradual_ramp   [  41% ] 51/80 VUs  04m57.0s/12m00.0s

running (04m58.0s), 51/80 VUs, 8524 complete and 0 interrupted iterations
gradual_ramp   [  41% ] 51/80 VUs  04m58.0s/12m00.0s

running (04m59.0s), 51/80 VUs, 8577 complete and 0 interrupted iterations
gradual_ramp   [  42% ] 51/80 VUs  04m59.0s/12m00.0s

running (05m00.0s), 51/80 VUs, 8626 complete and 0 interrupted iterations
gradual_ramp   [  42% ] 51/80 VUs  05m00.0s/12m00.0s

running (05m01.0s), 52/80 VUs, 8682 complete and 0 interrupted iterations
gradual_ramp   [  42% ] 52/80 VUs  05m01.0s/12m00.0s

running (05m02.0s), 52/80 VUs, 8734 complete and 0 interrupted iterations
gradual_ramp   [  42% ] 52/80 VUs  05m02.0s/12m00.0s

running (05m03.0s), 52/80 VUs, 8791 complete and 0 interrupted iterations
gradual_ramp   [  42% ] 52/80 VUs  05m03.0s/12m00.0s

running (05m04.0s), 52/80 VUs, 8841 complete and 0 interrupted iterations
gradual_ramp   [  42% ] 52/80 VUs  05m04.0s/12m00.0s

running (05m05.0s), 53/80 VUs, 8896 complete and 0 interrupted iterations
gradual_ramp   [  42% ] 53/80 VUs  05m05.0s/12m00.0s

running (05m06.0s), 53/80 VUs, 8950 complete and 0 interrupted iterations
gradual_ramp   [  42% ] 53/80 VUs  05m06.0s/12m00.0s

running (05m07.0s), 53/80 VUs, 9001 complete and 0 interrupted iterations
gradual_ramp   [  43% ] 53/80 VUs  05m07.0s/12m00.0s

running (05m08.0s), 53/80 VUs, 9055 complete and 0 interrupted iterations
gradual_ramp   [  43% ] 53/80 VUs  05m08.0s/12m00.0s

running (05m09.0s), 54/80 VUs, 9109 complete and 0 interrupted iterations
gradual_ramp   [  43% ] 54/80 VUs  05m09.0s/12m00.0s

running (05m10.0s), 54/80 VUs, 9164 complete and 0 interrupted iterations
gradual_ramp   [  43% ] 54/80 VUs  05m10.0s/12m00.0s

running (05m11.0s), 54/80 VUs, 9222 complete and 0 interrupted iterations
gradual_ramp   [  43% ] 54/80 VUs  05m11.0s/12m00.0s

running (05m12.0s), 54/80 VUs, 9279 complete and 0 interrupted iterations
gradual_ramp   [  43% ] 54/80 VUs  05m12.0s/12m00.0s

running (05m13.0s), 55/80 VUs, 9336 complete and 0 interrupted iterations
gradual_ramp   [  43% ] 55/80 VUs  05m13.0s/12m00.0s

running (05m14.0s), 55/80 VUs, 9390 complete and 0 interrupted iterations
gradual_ramp   [  44% ] 55/80 VUs  05m14.0s/12m00.0s

running (05m15.0s), 55/80 VUs, 9448 complete and 0 interrupted iterations
gradual_ramp   [  44% ] 55/80 VUs  05m15.0s/12m00.0s

running (05m16.0s), 55/80 VUs, 9503 complete and 0 interrupted iterations
gradual_ramp   [  44% ] 55/80 VUs  05m16.0s/12m00.0s

running (05m17.0s), 55/80 VUs, 9560 complete and 0 interrupted iterations
gradual_ramp   [  44% ] 55/80 VUs  05m17.0s/12m00.0s

running (05m18.0s), 56/80 VUs, 9618 complete and 0 interrupted iterations
gradual_ramp   [  44% ] 56/80 VUs  05m18.0s/12m00.0s

running (05m19.0s), 56/80 VUs, 9678 complete and 0 interrupted iterations
gradual_ramp   [  44% ] 56/80 VUs  05m19.0s/12m00.0s

running (05m20.0s), 56/80 VUs, 9734 complete and 0 interrupted iterations
gradual_ramp   [  44% ] 56/80 VUs  05m20.0s/12m00.0s

running (05m21.0s), 56/80 VUs, 9792 complete and 0 interrupted iterations
gradual_ramp   [  45% ] 56/80 VUs  05m21.0s/12m00.0s

running (05m22.0s), 57/80 VUs, 9852 complete and 0 interrupted iterations
gradual_ramp   [  45% ] 57/80 VUs  05m22.0s/12m00.0s

running (05m23.0s), 57/80 VUs, 9913 complete and 0 interrupted iterations
gradual_ramp   [  45% ] 57/80 VUs  05m23.0s/12m00.0s

running (05m24.0s), 57/80 VUs, 9972 complete and 0 interrupted iterations
gradual_ramp   [  45% ] 57/80 VUs  05m24.0s/12m00.0s

running (05m25.0s), 57/80 VUs, 10035 complete and 0 interrupted iterations
gradual_ramp   [  45% ] 57/80 VUs  05m25.0s/12m00.0s

running (05m26.0s), 58/80 VUs, 10092 complete and 0 interrupted iterations
gradual_ramp   [  45% ] 58/80 VUs  05m26.0s/12m00.0s

running (05m27.0s), 58/80 VUs, 10154 complete and 0 interrupted iterations
gradual_ramp   [  45% ] 58/80 VUs  05m27.0s/12m00.0s

running (05m28.0s), 58/80 VUs, 10213 complete and 0 interrupted iterations
gradual_ramp   [  46% ] 58/80 VUs  05m28.0s/12m00.0s

running (05m29.0s), 58/80 VUs, 10275 complete and 0 interrupted iterations
gradual_ramp   [  46% ] 58/80 VUs  05m29.0s/12m00.0s

running (05m30.0s), 58/80 VUs, 10339 complete and 0 interrupted iterations
gradual_ramp   [  46% ] 58/80 VUs  05m30.0s/12m00.0s

running (05m31.0s), 59/80 VUs, 10393 complete and 0 interrupted iterations
gradual_ramp   [  46% ] 59/80 VUs  05m31.0s/12m00.0s

running (05m32.0s), 59/80 VUs, 10455 complete and 0 interrupted iterations
gradual_ramp   [  46% ] 59/80 VUs  05m32.0s/12m00.0s

running (05m33.0s), 59/80 VUs, 10512 complete and 0 interrupted iterations
gradual_ramp   [  46% ] 59/80 VUs  05m33.0s/12m00.0s

running (05m34.0s), 59/80 VUs, 10569 complete and 0 interrupted iterations
gradual_ramp   [  46% ] 59/80 VUs  05m34.0s/12m00.0s

running (05m35.0s), 60/80 VUs, 10633 complete and 0 interrupted iterations
gradual_ramp   [  47% ] 60/80 VUs  05m35.0s/12m00.0s

running (05m36.0s), 60/80 VUs, 10694 complete and 0 interrupted iterations
gradual_ramp   [  47% ] 60/80 VUs  05m36.0s/12m00.0s

running (05m37.0s), 60/80 VUs, 10755 complete and 0 interrupted iterations
gradual_ramp   [  47% ] 60/80 VUs  05m37.0s/12m00.0s

running (05m38.0s), 60/80 VUs, 10818 complete and 0 interrupted iterations
gradual_ramp   [  47% ] 60/80 VUs  05m38.0s/12m00.0s

running (05m39.0s), 61/80 VUs, 10876 complete and 0 interrupted iterations
gradual_ramp   [  47% ] 61/80 VUs  05m39.0s/12m00.0s

running (05m40.0s), 61/80 VUs, 10937 complete and 0 interrupted iterations
gradual_ramp   [  47% ] 61/80 VUs  05m40.0s/12m00.0s

running (05m41.0s), 61/80 VUs, 11007 complete and 0 interrupted iterations
gradual_ramp   [  47% ] 61/80 VUs  05m41.0s/12m00.0s

running (05m42.0s), 61/80 VUs, 11068 complete and 0 interrupted iterations
gradual_ramp   [  47% ] 61/80 VUs  05m42.0s/12m00.0s

running (05m43.0s), 62/80 VUs, 11126 complete and 0 interrupted iterations
gradual_ramp   [  48% ] 62/80 VUs  05m43.0s/12m00.0s

running (05m44.0s), 62/80 VUs, 11190 complete and 0 interrupted iterations
gradual_ramp   [  48% ] 62/80 VUs  05m44.0s/12m00.0s

running (05m45.0s), 62/80 VUs, 11254 complete and 0 interrupted iterations
gradual_ramp   [  48% ] 62/80 VUs  05m45.0s/12m00.0s

running (05m46.0s), 62/80 VUs, 11324 complete and 0 interrupted iterations
gradual_ramp   [  48% ] 62/80 VUs  05m46.0s/12m00.0s

running (05m47.0s), 62/80 VUs, 11390 complete and 0 interrupted iterations
gradual_ramp   [  48% ] 62/80 VUs  05m47.0s/12m00.0s

running (05m48.0s), 63/80 VUs, 11447 complete and 0 interrupted iterations
gradual_ramp   [  48% ] 63/80 VUs  05m48.0s/12m00.0s

running (05m49.0s), 63/80 VUs, 11515 complete and 0 interrupted iterations
gradual_ramp   [  48% ] 63/80 VUs  05m49.0s/12m00.0s

running (05m50.0s), 63/80 VUs, 11579 complete and 0 interrupted iterations
gradual_ramp   [  49% ] 63/80 VUs  05m50.0s/12m00.0s

running (05m51.0s), 63/80 VUs, 11644 complete and 0 interrupted iterations
gradual_ramp   [  49% ] 63/80 VUs  05m51.0s/12m00.0s

running (05m52.0s), 64/80 VUs, 11706 complete and 0 interrupted iterations
gradual_ramp   [  49% ] 64/80 VUs  05m52.0s/12m00.0s

running (05m53.0s), 64/80 VUs, 11773 complete and 0 interrupted iterations
gradual_ramp   [  49% ] 64/80 VUs  05m53.0s/12m00.0s

running (05m54.0s), 64/80 VUs, 11837 complete and 0 interrupted iterations
gradual_ramp   [  49% ] 64/80 VUs  05m54.0s/12m00.0s

running (05m55.0s), 64/80 VUs, 11899 complete and 0 interrupted iterations
gradual_ramp   [  49% ] 64/80 VUs  05m55.0s/12m00.0s

running (05m56.0s), 65/80 VUs, 11967 complete and 0 interrupted iterations
gradual_ramp   [  49% ] 65/80 VUs  05m56.0s/12m00.0s

running (05m57.0s), 65/80 VUs, 12030 complete and 0 interrupted iterations
gradual_ramp   [  50% ] 65/80 VUs  05m57.0s/12m00.0s

running (05m58.0s), 65/80 VUs, 12092 complete and 0 interrupted iterations
gradual_ramp   [  50% ] 65/80 VUs  05m58.0s/12m00.0s

running (05m59.0s), 65/80 VUs, 12162 complete and 0 interrupted iterations
gradual_ramp   [  50% ] 65/80 VUs  05m59.0s/12m00.0s

running (06m00.0s), 65/80 VUs, 12227 complete and 0 interrupted iterations
gradual_ramp   [  50% ] 65/80 VUs  06m00.0s/12m00.0s

running (06m01.0s), 66/80 VUs, 12292 complete and 0 interrupted iterations
gradual_ramp   [  50% ] 66/80 VUs  06m01.0s/12m00.0s

running (06m02.0s), 66/80 VUs, 12359 complete and 0 interrupted iterations
gradual_ramp   [  50% ] 66/80 VUs  06m02.0s/12m00.0s

running (06m03.0s), 66/80 VUs, 12426 complete and 0 interrupted iterations
gradual_ramp   [  50% ] 66/80 VUs  06m03.0s/12m00.0s

running (06m04.0s), 66/80 VUs, 12500 complete and 0 interrupted iterations
gradual_ramp   [  51% ] 66/80 VUs  06m04.0s/12m00.0s

running (06m05.0s), 67/80 VUs, 12567 complete and 0 interrupted iterations
gradual_ramp   [  51% ] 67/80 VUs  06m05.0s/12m00.0s

running (06m06.0s), 67/80 VUs, 12634 complete and 0 interrupted iterations
gradual_ramp   [  51% ] 67/80 VUs  06m06.0s/12m00.0s

running (06m07.0s), 67/80 VUs, 12702 complete and 0 interrupted iterations
gradual_ramp   [  51% ] 67/80 VUs  06m07.0s/12m00.0s

running (06m08.0s), 67/80 VUs, 12775 complete and 0 interrupted iterations
gradual_ramp   [  51% ] 67/80 VUs  06m08.0s/12m00.0s

running (06m09.0s), 68/80 VUs, 12839 complete and 0 interrupted iterations
gradual_ramp   [  51% ] 68/80 VUs  06m09.0s/12m00.0s

running (06m10.0s), 68/80 VUs, 12915 complete and 0 interrupted iterations
gradual_ramp   [  51% ] 68/80 VUs  06m10.0s/12m00.0s

running (06m11.0s), 68/80 VUs, 12988 complete and 0 interrupted iterations
gradual_ramp   [  52% ] 68/80 VUs  06m11.0s/12m00.0s

running (06m12.0s), 68/80 VUs, 13053 complete and 0 interrupted iterations
gradual_ramp   [  52% ] 68/80 VUs  06m12.0s/12m00.0s

running (06m13.0s), 69/80 VUs, 13123 complete and 0 interrupted iterations
gradual_ramp   [  52% ] 69/80 VUs  06m13.0s/12m00.0s

running (06m14.0s), 69/80 VUs, 13196 complete and 0 interrupted iterations
gradual_ramp   [  52% ] 69/80 VUs  06m14.0s/12m00.0s

running (06m15.0s), 69/80 VUs, 13271 complete and 0 interrupted iterations
gradual_ramp   [  52% ] 69/80 VUs  06m15.0s/12m00.0s

running (06m16.0s), 69/80 VUs, 13339 complete and 0 interrupted iterations
gradual_ramp   [  52% ] 69/80 VUs  06m16.0s/12m00.0s

running (06m17.0s), 69/80 VUs, 13407 complete and 0 interrupted iterations
gradual_ramp   [  52% ] 69/80 VUs  06m17.0s/12m00.0s

running (06m18.0s), 70/80 VUs, 13484 complete and 0 interrupted iterations
gradual_ramp   [  52% ] 70/80 VUs  06m18.0s/12m00.0s

running (06m19.0s), 70/80 VUs, 13553 complete and 0 interrupted iterations
gradual_ramp   [  53% ] 70/80 VUs  06m19.0s/12m00.0s

running (06m20.0s), 70/80 VUs, 13623 complete and 0 interrupted iterations
gradual_ramp   [  53% ] 70/80 VUs  06m20.0s/12m00.0s

running (06m21.0s), 70/80 VUs, 13696 complete and 0 interrupted iterations
gradual_ramp   [  53% ] 70/80 VUs  06m21.0s/12m00.0s

running (06m22.0s), 71/80 VUs, 13762 complete and 0 interrupted iterations
gradual_ramp   [  53% ] 71/80 VUs  06m22.0s/12m00.0s

running (06m23.0s), 71/80 VUs, 13838 complete and 0 interrupted iterations
gradual_ramp   [  53% ] 71/80 VUs  06m23.0s/12m00.0s

running (06m24.0s), 71/80 VUs, 13903 complete and 0 interrupted iterations
gradual_ramp   [  53% ] 71/80 VUs  06m24.0s/12m00.0s

running (06m25.0s), 71/80 VUs, 13977 complete and 0 interrupted iterations
gradual_ramp   [  53% ] 71/80 VUs  06m25.0s/12m00.0s

running (06m26.0s), 72/80 VUs, 14049 complete and 0 interrupted iterations
gradual_ramp   [  54% ] 72/80 VUs  06m26.0s/12m00.0s

running (06m27.0s), 72/80 VUs, 14123 complete and 0 interrupted iterations
gradual_ramp   [  54% ] 72/80 VUs  06m27.0s/12m00.0s

running (06m28.0s), 72/80 VUs, 14192 complete and 0 interrupted iterations
gradual_ramp   [  54% ] 72/80 VUs  06m28.0s/12m00.0s

running (06m29.0s), 72/80 VUs, 14270 complete and 0 interrupted iterations
gradual_ramp   [  54% ] 72/80 VUs  06m29.0s/12m00.0s

running (06m30.0s), 72/80 VUs, 14346 complete and 0 interrupted iterations
gradual_ramp   [  54% ] 72/80 VUs  06m30.0s/12m00.0s

running (06m31.0s), 73/80 VUs, 14419 complete and 0 interrupted iterations
gradual_ramp   [  54% ] 73/80 VUs  06m31.0s/12m00.0s

running (06m32.0s), 73/80 VUs, 14493 complete and 0 interrupted iterations
gradual_ramp   [  54% ] 73/80 VUs  06m32.0s/12m00.0s

running (06m33.0s), 73/80 VUs, 14567 complete and 0 interrupted iterations
gradual_ramp   [  55% ] 73/80 VUs  06m33.0s/12m00.0s

running (06m34.0s), 73/80 VUs, 14636 complete and 0 interrupted iterations
gradual_ramp   [  55% ] 73/80 VUs  06m34.0s/12m00.0s

running (06m35.0s), 74/80 VUs, 14710 complete and 0 interrupted iterations
gradual_ramp   [  55% ] 74/80 VUs  06m35.0s/12m00.0s

running (06m36.0s), 74/80 VUs, 14783 complete and 0 interrupted iterations
gradual_ramp   [  55% ] 74/80 VUs  06m36.0s/12m00.0s

running (06m37.0s), 74/80 VUs, 14854 complete and 0 interrupted iterations
gradual_ramp   [  55% ] 74/80 VUs  06m37.0s/12m00.0s

running (06m38.0s), 74/80 VUs, 14928 complete and 0 interrupted iterations
gradual_ramp   [  55% ] 74/80 VUs  06m38.0s/12m00.0s

running (06m39.0s), 75/80 VUs, 14991 complete and 0 interrupted iterations
gradual_ramp   [  55% ] 75/80 VUs  06m39.0s/12m00.0s

running (06m40.0s), 75/80 VUs, 15071 complete and 0 interrupted iterations
gradual_ramp   [  56% ] 75/80 VUs  06m40.0s/12m00.0s

running (06m41.0s), 75/80 VUs, 15148 complete and 0 interrupted iterations
gradual_ramp   [  56% ] 75/80 VUs  06m41.0s/12m00.0s

running (06m42.0s), 75/80 VUs, 15222 complete and 0 interrupted iterations
gradual_ramp   [  56% ] 75/80 VUs  06m42.0s/12m00.0s

running (06m43.0s), 76/80 VUs, 15295 complete and 0 interrupted iterations
gradual_ramp   [  56% ] 76/80 VUs  06m43.0s/12m00.0s

running (06m44.0s), 76/80 VUs, 15370 complete and 0 interrupted iterations
gradual_ramp   [  56% ] 76/80 VUs  06m44.0s/12m00.0s

running (06m45.0s), 76/80 VUs, 15442 complete and 0 interrupted iterations
gradual_ramp   [  56% ] 76/80 VUs  06m45.0s/12m00.0s

running (06m46.0s), 76/80 VUs, 15521 complete and 0 interrupted iterations
gradual_ramp   [  56% ] 76/80 VUs  06m46.0s/12m00.0s

running (06m47.0s), 76/80 VUs, 15592 complete and 0 interrupted iterations
gradual_ramp   [  57% ] 76/80 VUs  06m47.0s/12m00.0s

running (06m48.0s), 77/80 VUs, 15667 complete and 0 interrupted iterations
gradual_ramp   [  57% ] 77/80 VUs  06m48.0s/12m00.0s

running (06m49.0s), 77/80 VUs, 15745 complete and 0 interrupted iterations
gradual_ramp   [  57% ] 77/80 VUs  06m49.0s/12m00.0s

running (06m50.0s), 77/80 VUs, 15821 complete and 0 interrupted iterations
gradual_ramp   [  57% ] 77/80 VUs  06m50.0s/12m00.0s

running (06m51.0s), 77/80 VUs, 15894 complete and 0 interrupted iterations
gradual_ramp   [  57% ] 77/80 VUs  06m51.0s/12m00.0s

running (06m52.0s), 78/80 VUs, 15974 complete and 0 interrupted iterations
gradual_ramp   [  57% ] 78/80 VUs  06m52.0s/12m00.0s

running (06m53.0s), 78/80 VUs, 16044 complete and 0 interrupted iterations
gradual_ramp   [  57% ] 78/80 VUs  06m53.0s/12m00.0s

running (06m54.0s), 78/80 VUs, 16123 complete and 0 interrupted iterations
gradual_ramp   [  57% ] 78/80 VUs  06m54.0s/12m00.0s

running (06m55.0s), 78/80 VUs, 16201 complete and 0 interrupted iterations
gradual_ramp   [  58% ] 78/80 VUs  06m55.0s/12m00.0s

running (06m56.0s), 79/80 VUs, 16279 complete and 0 interrupted iterations
gradual_ramp   [  58% ] 79/80 VUs  06m56.0s/12m00.0s

running (06m57.0s), 79/80 VUs, 16355 complete and 0 interrupted iterations
gradual_ramp   [  58% ] 79/80 VUs  06m57.0s/12m00.0s

running (06m58.0s), 79/80 VUs, 16432 complete and 0 interrupted iterations
gradual_ramp   [  58% ] 79/80 VUs  06m58.0s/12m00.0s

running (06m59.0s), 79/80 VUs, 16512 complete and 0 interrupted iterations
gradual_ramp   [  58% ] 79/80 VUs  06m59.0s/12m00.0s

running (07m00.0s), 79/80 VUs, 16590 complete and 0 interrupted iterations
gradual_ramp   [  58% ] 79/80 VUs  07m00.0s/12m00.0s

running (07m01.0s), 80/80 VUs, 16677 complete and 0 interrupted iterations
gradual_ramp   [  58% ] 80/80 VUs  07m01.0s/12m00.0s

running (07m02.0s), 80/80 VUs, 16756 complete and 0 interrupted iterations
gradual_ramp   [  59% ] 80/80 VUs  07m02.0s/12m00.0s

running (07m03.0s), 80/80 VUs, 16835 complete and 0 interrupted iterations
gradual_ramp   [  59% ] 80/80 VUs  07m03.0s/12m00.0s

running (07m04.0s), 80/80 VUs, 16920 complete and 0 interrupted iterations
gradual_ramp   [  59% ] 80/80 VUs  07m04.0s/12m00.0s

running (07m05.0s), 80/80 VUs, 16998 complete and 0 interrupted iterations
gradual_ramp   [  59% ] 80/80 VUs  07m05.0s/12m00.0s

running (07m06.0s), 80/80 VUs, 17078 complete and 0 interrupted iterations
gradual_ramp   [  59% ] 80/80 VUs  07m06.0s/12m00.0s

running (07m07.0s), 80/80 VUs, 17157 complete and 0 interrupted iterations
gradual_ramp   [  59% ] 80/80 VUs  07m07.0s/12m00.0s

running (07m08.0s), 80/80 VUs, 17240 complete and 0 interrupted iterations
gradual_ramp   [  59% ] 80/80 VUs  07m08.0s/12m00.0s

running (07m09.0s), 80/80 VUs, 17315 complete and 0 interrupted iterations
gradual_ramp   [  60% ] 80/80 VUs  07m09.0s/12m00.0s

running (07m10.0s), 80/80 VUs, 17401 complete and 0 interrupted iterations
gradual_ramp   [  60% ] 80/80 VUs  07m10.0s/12m00.0s

running (07m11.0s), 80/80 VUs, 17473 complete and 0 interrupted iterations
gradual_ramp   [  60% ] 80/80 VUs  07m11.0s/12m00.0s

running (07m12.0s), 80/80 VUs, 17559 complete and 0 interrupted iterations
gradual_ramp   [  60% ] 80/80 VUs  07m12.0s/12m00.0s

running (07m13.0s), 80/80 VUs, 17637 complete and 0 interrupted iterations
gradual_ramp   [  60% ] 80/80 VUs  07m13.0s/12m00.0s

running (07m14.0s), 80/80 VUs, 17714 complete and 0 interrupted iterations
gradual_ramp   [  60% ] 80/80 VUs  07m14.0s/12m00.0s

running (07m15.0s), 80/80 VUs, 17796 complete and 0 interrupted iterations
gradual_ramp   [  60% ] 80/80 VUs  07m15.0s/12m00.0s

running (07m16.0s), 80/80 VUs, 17874 complete and 0 interrupted iterations
gradual_ramp   [  61% ] 80/80 VUs  07m16.0s/12m00.0s

running (07m17.0s), 80/80 VUs, 17959 complete and 0 interrupted iterations
gradual_ramp   [  61% ] 80/80 VUs  07m17.0s/12m00.0s

running (07m18.0s), 80/80 VUs, 18040 complete and 0 interrupted iterations
gradual_ramp   [  61% ] 80/80 VUs  07m18.0s/12m00.0s

running (07m19.0s), 80/80 VUs, 18119 complete and 0 interrupted iterations
gradual_ramp   [  61% ] 80/80 VUs  07m19.0s/12m00.0s

running (07m20.0s), 80/80 VUs, 18199 complete and 0 interrupted iterations
gradual_ramp   [  61% ] 80/80 VUs  07m20.0s/12m00.0s

running (07m21.0s), 80/80 VUs, 18277 complete and 0 interrupted iterations
gradual_ramp   [  61% ] 80/80 VUs  07m21.0s/12m00.0s

running (07m22.0s), 80/80 VUs, 18358 complete and 0 interrupted iterations
gradual_ramp   [  61% ] 80/80 VUs  07m22.0s/12m00.0s

running (07m23.0s), 80/80 VUs, 18442 complete and 0 interrupted iterations
gradual_ramp   [  62% ] 80/80 VUs  07m23.0s/12m00.0s

running (07m24.0s), 80/80 VUs, 18525 complete and 0 interrupted iterations
gradual_ramp   [  62% ] 80/80 VUs  07m24.0s/12m00.0s

running (07m25.0s), 80/80 VUs, 18595 complete and 0 interrupted iterations
gradual_ramp   [  62% ] 80/80 VUs  07m25.0s/12m00.0s

running (07m26.0s), 80/80 VUs, 18682 complete and 0 interrupted iterations
gradual_ramp   [  62% ] 80/80 VUs  07m26.0s/12m00.0s

running (07m27.0s), 80/80 VUs, 18761 complete and 0 interrupted iterations
gradual_ramp   [  62% ] 80/80 VUs  07m27.0s/12m00.0s

running (07m28.0s), 80/80 VUs, 18841 complete and 0 interrupted iterations
gradual_ramp   [  62% ] 80/80 VUs  07m28.0s/12m00.0s

running (07m29.0s), 80/80 VUs, 18924 complete and 0 interrupted iterations
gradual_ramp   [  62% ] 80/80 VUs  07m29.0s/12m00.0s

running (07m30.0s), 80/80 VUs, 19006 complete and 0 interrupted iterations
gradual_ramp   [  62% ] 80/80 VUs  07m30.0s/12m00.0s

running (07m31.0s), 80/80 VUs, 19086 complete and 0 interrupted iterations
gradual_ramp   [  63% ] 80/80 VUs  07m31.0s/12m00.0s

running (07m32.0s), 80/80 VUs, 19165 complete and 0 interrupted iterations
gradual_ramp   [  63% ] 80/80 VUs  07m32.0s/12m00.0s

running (07m33.0s), 80/80 VUs, 19243 complete and 0 interrupted iterations
gradual_ramp   [  63% ] 80/80 VUs  07m33.0s/12m00.0s

running (07m34.0s), 80/80 VUs, 19324 complete and 0 interrupted iterations
gradual_ramp   [  63% ] 80/80 VUs  07m34.0s/12m00.0s

running (07m35.0s), 80/80 VUs, 19401 complete and 0 interrupted iterations
gradual_ramp   [  63% ] 80/80 VUs  07m35.0s/12m00.0s

running (07m36.0s), 80/80 VUs, 19488 complete and 0 interrupted iterations
gradual_ramp   [  63% ] 80/80 VUs  07m36.0s/12m00.0s

running (07m37.0s), 80/80 VUs, 19574 complete and 0 interrupted iterations
gradual_ramp   [  63% ] 80/80 VUs  07m37.0s/12m00.0s

running (07m38.0s), 80/80 VUs, 19649 complete and 0 interrupted iterations
gradual_ramp   [  64% ] 80/80 VUs  07m38.0s/12m00.0s

running (07m39.0s), 80/80 VUs, 19731 complete and 0 interrupted iterations
gradual_ramp   [  64% ] 80/80 VUs  07m39.0s/12m00.0s

running (07m40.0s), 80/80 VUs, 19809 complete and 0 interrupted iterations
gradual_ramp   [  64% ] 80/80 VUs  07m40.0s/12m00.0s

running (07m41.0s), 80/80 VUs, 19897 complete and 0 interrupted iterations
gradual_ramp   [  64% ] 80/80 VUs  07m41.0s/12m00.0s

running (07m42.0s), 80/80 VUs, 19970 complete and 0 interrupted iterations
gradual_ramp   [  64% ] 80/80 VUs  07m42.0s/12m00.0s

running (07m43.0s), 80/80 VUs, 20056 complete and 0 interrupted iterations
gradual_ramp   [  64% ] 80/80 VUs  07m43.0s/12m00.0s

running (07m44.0s), 80/80 VUs, 20133 complete and 0 interrupted iterations
gradual_ramp   [  64% ] 80/80 VUs  07m44.0s/12m00.0s

running (07m45.0s), 80/80 VUs, 20216 complete and 0 interrupted iterations
gradual_ramp   [  65% ] 80/80 VUs  07m45.0s/12m00.0s

running (07m46.0s), 80/80 VUs, 20299 complete and 0 interrupted iterations
gradual_ramp   [  65% ] 80/80 VUs  07m46.0s/12m00.0s

running (07m47.0s), 80/80 VUs, 20377 complete and 0 interrupted iterations
gradual_ramp   [  65% ] 80/80 VUs  07m47.0s/12m00.0s

running (07m48.0s), 80/80 VUs, 20454 complete and 0 interrupted iterations
gradual_ramp   [  65% ] 80/80 VUs  07m48.0s/12m00.0s

running (07m49.0s), 80/80 VUs, 20539 complete and 0 interrupted iterations
gradual_ramp   [  65% ] 80/80 VUs  07m49.0s/12m00.0s

running (07m50.0s), 80/80 VUs, 20617 complete and 0 interrupted iterations
gradual_ramp   [  65% ] 80/80 VUs  07m50.0s/12m00.0s

running (07m51.0s), 80/80 VUs, 20696 complete and 0 interrupted iterations
gradual_ramp   [  65% ] 80/80 VUs  07m51.0s/12m00.0s

running (07m52.0s), 80/80 VUs, 20779 complete and 0 interrupted iterations
gradual_ramp   [  66% ] 80/80 VUs  07m52.0s/12m00.0s

running (07m53.0s), 80/80 VUs, 20857 complete and 0 interrupted iterations
gradual_ramp   [  66% ] 80/80 VUs  07m53.0s/12m00.0s

running (07m54.0s), 80/80 VUs, 20936 complete and 0 interrupted iterations
gradual_ramp   [  66% ] 80/80 VUs  07m54.0s/12m00.0s

running (07m55.0s), 80/80 VUs, 21017 complete and 0 interrupted iterations
gradual_ramp   [  66% ] 80/80 VUs  07m55.0s/12m00.0s

running (07m56.0s), 80/80 VUs, 21088 complete and 0 interrupted iterations
gradual_ramp   [  66% ] 80/80 VUs  07m56.0s/12m00.0s

running (07m57.0s), 80/80 VUs, 21170 complete and 0 interrupted iterations
gradual_ramp   [  66% ] 80/80 VUs  07m57.0s/12m00.0s

running (07m58.0s), 80/80 VUs, 21252 complete and 0 interrupted iterations
gradual_ramp   [  66% ] 80/80 VUs  07m58.0s/12m00.0s

running (07m59.0s), 80/80 VUs, 21334 complete and 0 interrupted iterations
gradual_ramp   [  67% ] 80/80 VUs  07m59.0s/12m00.0s

running (08m00.0s), 80/80 VUs, 21417 complete and 0 interrupted iterations
gradual_ramp   [  67% ] 80/80 VUs  08m00.0s/12m00.0s

running (08m01.0s), 80/80 VUs, 21497 complete and 0 interrupted iterations
gradual_ramp   [  67% ] 80/80 VUs  08m01.0s/12m00.0s

running (08m02.0s), 80/80 VUs, 21576 complete and 0 interrupted iterations
gradual_ramp   [  67% ] 80/80 VUs  08m02.0s/12m00.0s

running (08m03.0s), 80/80 VUs, 21657 complete and 0 interrupted iterations
gradual_ramp   [  67% ] 80/80 VUs  08m03.0s/12m00.0s

running (08m04.0s), 80/80 VUs, 21733 complete and 0 interrupted iterations
gradual_ramp   [  67% ] 80/80 VUs  08m04.0s/12m00.0s

running (08m05.0s), 80/80 VUs, 21820 complete and 0 interrupted iterations
gradual_ramp   [  67% ] 80/80 VUs  08m05.0s/12m00.0s

running (08m06.0s), 80/80 VUs, 21895 complete and 0 interrupted iterations
gradual_ramp   [  67% ] 80/80 VUs  08m06.0s/12m00.0s

running (08m07.0s), 80/80 VUs, 21982 complete and 0 interrupted iterations
gradual_ramp   [  68% ] 80/80 VUs  08m07.0s/12m00.0s

running (08m08.0s), 80/80 VUs, 22058 complete and 0 interrupted iterations
gradual_ramp   [  68% ] 80/80 VUs  08m08.0s/12m00.0s

running (08m09.0s), 80/80 VUs, 22141 complete and 0 interrupted iterations
gradual_ramp   [  68% ] 80/80 VUs  08m09.0s/12m00.0s

running (08m10.0s), 80/80 VUs, 22217 complete and 0 interrupted iterations
gradual_ramp   [  68% ] 80/80 VUs  08m10.0s/12m00.0s

running (08m11.0s), 80/80 VUs, 22301 complete and 0 interrupted iterations
gradual_ramp   [  68% ] 80/80 VUs  08m11.0s/12m00.0s

running (08m12.0s), 80/80 VUs, 22383 complete and 0 interrupted iterations
gradual_ramp   [  68% ] 80/80 VUs  08m12.0s/12m00.0s

running (08m13.0s), 80/80 VUs, 22465 complete and 0 interrupted iterations
gradual_ramp   [  68% ] 80/80 VUs  08m13.0s/12m00.0s

running (08m14.0s), 80/80 VUs, 22549 complete and 0 interrupted iterations
gradual_ramp   [  69% ] 80/80 VUs  08m14.0s/12m00.0s

running (08m15.0s), 80/80 VUs, 22629 complete and 0 interrupted iterations
gradual_ramp   [  69% ] 80/80 VUs  08m15.0s/12m00.0s

running (08m16.0s), 80/80 VUs, 22704 complete and 0 interrupted iterations
gradual_ramp   [  69% ] 80/80 VUs  08m16.0s/12m00.0s

running (08m17.0s), 80/80 VUs, 22788 complete and 0 interrupted iterations
gradual_ramp   [  69% ] 80/80 VUs  08m17.0s/12m00.0s

running (08m18.0s), 80/80 VUs, 22864 complete and 0 interrupted iterations
gradual_ramp   [  69% ] 80/80 VUs  08m18.0s/12m00.0s

running (08m19.0s), 80/80 VUs, 22943 complete and 0 interrupted iterations
gradual_ramp   [  69% ] 80/80 VUs  08m19.0s/12m00.0s

running (08m20.0s), 80/80 VUs, 23028 complete and 0 interrupted iterations
gradual_ramp   [  69% ] 80/80 VUs  08m20.0s/12m00.0s

running (08m21.0s), 80/80 VUs, 23104 complete and 0 interrupted iterations
gradual_ramp   [  70% ] 80/80 VUs  08m21.0s/12m00.0s

running (08m22.0s), 80/80 VUs, 23182 complete and 0 interrupted iterations
gradual_ramp   [  70% ] 80/80 VUs  08m22.0s/12m00.0s

running (08m23.0s), 80/80 VUs, 23264 complete and 0 interrupted iterations
gradual_ramp   [  70% ] 80/80 VUs  08m23.0s/12m00.0s

running (08m24.0s), 80/80 VUs, 23347 complete and 0 interrupted iterations
gradual_ramp   [  70% ] 80/80 VUs  08m24.0s/12m00.0s

running (08m25.0s), 80/80 VUs, 23424 complete and 0 interrupted iterations
gradual_ramp   [  70% ] 80/80 VUs  08m25.0s/12m00.0s

running (08m26.0s), 80/80 VUs, 23508 complete and 0 interrupted iterations
gradual_ramp   [  70% ] 80/80 VUs  08m26.0s/12m00.0s

running (08m27.0s), 80/80 VUs, 23587 complete and 0 interrupted iterations
gradual_ramp   [  70% ] 80/80 VUs  08m27.0s/12m00.0s

running (08m28.0s), 80/80 VUs, 23667 complete and 0 interrupted iterations
gradual_ramp   [  71% ] 80/80 VUs  08m28.0s/12m00.0s

running (08m29.0s), 80/80 VUs, 23745 complete and 0 interrupted iterations
gradual_ramp   [  71% ] 80/80 VUs  08m29.0s/12m00.0s

running (08m30.0s), 80/80 VUs, 23826 complete and 0 interrupted iterations
gradual_ramp   [  71% ] 80/80 VUs  08m30.0s/12m00.0s

running (08m31.0s), 80/80 VUs, 23909 complete and 0 interrupted iterations
gradual_ramp   [  71% ] 80/80 VUs  08m31.0s/12m00.0s

running (08m32.0s), 80/80 VUs, 23986 complete and 0 interrupted iterations
gradual_ramp   [  71% ] 80/80 VUs  08m32.0s/12m00.0s

running (08m33.0s), 80/80 VUs, 24067 complete and 0 interrupted iterations
gradual_ramp   [  71% ] 80/80 VUs  08m33.0s/12m00.0s

running (08m34.0s), 80/80 VUs, 24144 complete and 0 interrupted iterations
gradual_ramp   [  71% ] 80/80 VUs  08m34.0s/12m00.0s

running (08m35.0s), 80/80 VUs, 24227 complete and 0 interrupted iterations
gradual_ramp   [  72% ] 80/80 VUs  08m35.0s/12m00.0s

running (08m36.0s), 80/80 VUs, 24313 complete and 0 interrupted iterations
gradual_ramp   [  72% ] 80/80 VUs  08m36.0s/12m00.0s

running (08m37.0s), 80/80 VUs, 24393 complete and 0 interrupted iterations
gradual_ramp   [  72% ] 80/80 VUs  08m37.0s/12m00.0s

running (08m38.0s), 80/80 VUs, 24476 complete and 0 interrupted iterations
gradual_ramp   [  72% ] 80/80 VUs  08m38.0s/12m00.0s

running (08m39.0s), 80/80 VUs, 24558 complete and 0 interrupted iterations
gradual_ramp   [  72% ] 80/80 VUs  08m39.0s/12m00.0s

running (08m40.0s), 80/80 VUs, 24641 complete and 0 interrupted iterations
gradual_ramp   [  72% ] 80/80 VUs  08m40.0s/12m00.0s

running (08m41.0s), 80/80 VUs, 24717 complete and 0 interrupted iterations
gradual_ramp   [  72% ] 80/80 VUs  08m41.0s/12m00.0s

running (08m42.0s), 80/80 VUs, 24800 complete and 0 interrupted iterations
gradual_ramp   [  72% ] 80/80 VUs  08m42.0s/12m00.0s

running (08m43.0s), 80/80 VUs, 24880 complete and 0 interrupted iterations
gradual_ramp   [  73% ] 80/80 VUs  08m43.0s/12m00.0s

running (08m44.0s), 80/80 VUs, 24960 complete and 0 interrupted iterations
gradual_ramp   [  73% ] 80/80 VUs  08m44.0s/12m00.0s

running (08m45.0s), 80/80 VUs, 25040 complete and 0 interrupted iterations
gradual_ramp   [  73% ] 80/80 VUs  08m45.0s/12m00.0s

running (08m46.0s), 80/80 VUs, 25116 complete and 0 interrupted iterations
gradual_ramp   [  73% ] 80/80 VUs  08m46.0s/12m00.0s

running (08m47.0s), 80/80 VUs, 25199 complete and 0 interrupted iterations
gradual_ramp   [  73% ] 80/80 VUs  08m47.0s/12m00.0s

running (08m48.0s), 80/80 VUs, 25275 complete and 0 interrupted iterations
gradual_ramp   [  73% ] 80/80 VUs  08m48.0s/12m00.0s

running (08m49.0s), 80/80 VUs, 25358 complete and 0 interrupted iterations
gradual_ramp   [  73% ] 80/80 VUs  08m49.0s/12m00.0s

running (08m50.0s), 80/80 VUs, 25438 complete and 0 interrupted iterations
gradual_ramp   [  74% ] 80/80 VUs  08m50.0s/12m00.0s

running (08m51.0s), 80/80 VUs, 25518 complete and 0 interrupted iterations
gradual_ramp   [  74% ] 80/80 VUs  08m51.0s/12m00.0s

running (08m52.0s), 80/80 VUs, 25605 complete and 0 interrupted iterations
gradual_ramp   [  74% ] 80/80 VUs  08m52.0s/12m00.0s

running (08m53.0s), 80/80 VUs, 25679 complete and 0 interrupted iterations
gradual_ramp   [  74% ] 80/80 VUs  08m53.0s/12m00.0s

running (08m54.0s), 80/80 VUs, 25761 complete and 0 interrupted iterations
gradual_ramp   [  74% ] 80/80 VUs  08m54.0s/12m00.0s

running (08m55.0s), 80/80 VUs, 25840 complete and 0 interrupted iterations
gradual_ramp   [  74% ] 80/80 VUs  08m55.0s/12m00.0s

running (08m56.0s), 80/80 VUs, 25915 complete and 0 interrupted iterations
gradual_ramp   [  74% ] 80/80 VUs  08m56.0s/12m00.0s

running (08m57.0s), 80/80 VUs, 25999 complete and 0 interrupted iterations
gradual_ramp   [  75% ] 80/80 VUs  08m57.0s/12m00.0s

running (08m58.0s), 80/80 VUs, 26079 complete and 0 interrupted iterations
gradual_ramp   [  75% ] 80/80 VUs  08m58.0s/12m00.0s

running (08m59.0s), 80/80 VUs, 26163 complete and 0 interrupted iterations
gradual_ramp   [  75% ] 80/80 VUs  08m59.0s/12m00.0s

running (09m00.0s), 80/80 VUs, 26237 complete and 0 interrupted iterations
gradual_ramp   [  75% ] 80/80 VUs  09m00.0s/12m00.0s

running (09m01.0s), 80/80 VUs, 26322 complete and 0 interrupted iterations
gradual_ramp   [  75% ] 80/80 VUs  09m01.0s/12m00.0s

running (09m02.0s), 80/80 VUs, 26398 complete and 0 interrupted iterations
gradual_ramp   [  75% ] 80/80 VUs  09m02.0s/12m00.0s

running (09m03.0s), 79/80 VUs, 26481 complete and 0 interrupted iterations
gradual_ramp   [  75% ] 79/80 VUs  09m03.0s/12m00.0s

running (09m04.0s), 79/80 VUs, 26558 complete and 0 interrupted iterations
gradual_ramp   [  76% ] 79/80 VUs  09m04.0s/12m00.0s

running (09m05.0s), 79/80 VUs, 26638 complete and 0 interrupted iterations
gradual_ramp   [  76% ] 79/80 VUs  09m05.0s/12m00.0s

running (09m06.0s), 78/80 VUs, 26714 complete and 0 interrupted iterations
gradual_ramp   [  76% ] 78/80 VUs  09m06.0s/12m00.0s

running (09m07.0s), 78/80 VUs, 26790 complete and 0 interrupted iterations
gradual_ramp   [  76% ] 78/80 VUs  09m07.0s/12m00.0s

running (09m08.0s), 77/80 VUs, 26868 complete and 0 interrupted iterations
gradual_ramp   [  76% ] 77/80 VUs  09m08.0s/12m00.0s

running (09m09.0s), 77/80 VUs, 26949 complete and 0 interrupted iterations
gradual_ramp   [  76% ] 77/80 VUs  09m09.0s/12m00.0s

running (09m10.0s), 76/80 VUs, 27023 complete and 0 interrupted iterations
gradual_ramp   [  76% ] 76/80 VUs  09m10.0s/12m00.0s

running (09m11.0s), 76/80 VUs, 27097 complete and 0 interrupted iterations
gradual_ramp   [  77% ] 76/80 VUs  09m11.0s/12m00.0s

running (09m12.0s), 75/80 VUs, 27165 complete and 0 interrupted iterations
gradual_ramp   [  77% ] 75/80 VUs  09m12.0s/12m00.0s

running (09m13.0s), 75/80 VUs, 27242 complete and 0 interrupted iterations
gradual_ramp   [  77% ] 75/80 VUs  09m13.0s/12m00.0s

running (09m14.0s), 74/80 VUs, 27319 complete and 0 interrupted iterations
gradual_ramp   [  77% ] 74/80 VUs  09m14.0s/12m00.0s

running (09m15.0s), 74/80 VUs, 27391 complete and 0 interrupted iterations
gradual_ramp   [  77% ] 74/80 VUs  09m15.0s/12m00.0s

running (09m16.0s), 74/80 VUs, 27458 complete and 0 interrupted iterations
gradual_ramp   [  77% ] 74/80 VUs  09m16.0s/12m00.0s

running (09m17.0s), 73/80 VUs, 27527 complete and 0 interrupted iterations
gradual_ramp   [  77% ] 73/80 VUs  09m17.0s/12m00.0s

running (09m18.0s), 73/80 VUs, 27602 complete and 0 interrupted iterations
gradual_ramp   [  77% ] 73/80 VUs  09m18.0s/12m00.0s

running (09m19.0s), 72/80 VUs, 27681 complete and 0 interrupted iterations
gradual_ramp   [  78% ] 72/80 VUs  09m19.0s/12m00.0s

running (09m20.0s), 72/80 VUs, 27746 complete and 0 interrupted iterations
gradual_ramp   [  78% ] 72/80 VUs  09m20.0s/12m00.0s

running (09m21.0s), 72/80 VUs, 27824 complete and 0 interrupted iterations
gradual_ramp   [  78% ] 72/80 VUs  09m21.0s/12m00.0s

running (09m22.0s), 71/80 VUs, 27900 complete and 0 interrupted iterations
gradual_ramp   [  78% ] 71/80 VUs  09m22.0s/12m00.0s

running (09m23.0s), 71/80 VUs, 27969 complete and 0 interrupted iterations
gradual_ramp   [  78% ] 71/80 VUs  09m23.0s/12m00.0s

running (09m24.0s), 70/80 VUs, 28043 complete and 0 interrupted iterations
gradual_ramp   [  78% ] 70/80 VUs  09m24.0s/12m00.0s

running (09m25.0s), 70/80 VUs, 28112 complete and 0 interrupted iterations
gradual_ramp   [  78% ] 70/80 VUs  09m25.0s/12m00.0s

running (09m26.0s), 69/80 VUs, 28188 complete and 0 interrupted iterations
gradual_ramp   [  79% ] 69/80 VUs  09m26.0s/12m00.0s

running (09m27.0s), 69/80 VUs, 28261 complete and 0 interrupted iterations
gradual_ramp   [  79% ] 69/80 VUs  09m27.0s/12m00.0s

running (09m28.0s), 68/80 VUs, 28331 complete and 0 interrupted iterations
gradual_ramp   [  79% ] 68/80 VUs  09m28.0s/12m00.0s

running (09m29.0s), 68/80 VUs, 28405 complete and 0 interrupted iterations
gradual_ramp   [  79% ] 68/80 VUs  09m29.0s/12m00.0s

running (09m30.0s), 67/80 VUs, 28471 complete and 0 interrupted iterations
gradual_ramp   [  79% ] 67/80 VUs  09m30.0s/12m00.0s

running (09m31.0s), 67/80 VUs, 28543 complete and 0 interrupted iterations
gradual_ramp   [  79% ] 67/80 VUs  09m31.0s/12m00.0s

running (09m32.0s), 66/80 VUs, 28611 complete and 0 interrupted iterations
gradual_ramp   [  79% ] 66/80 VUs  09m32.0s/12m00.0s

running (09m33.0s), 66/80 VUs, 28680 complete and 0 interrupted iterations
gradual_ramp   [  80% ] 66/80 VUs  09m33.0s/12m00.0s

running (09m34.0s), 65/80 VUs, 28749 complete and 0 interrupted iterations
gradual_ramp   [  80% ] 65/80 VUs  09m34.0s/12m00.0s

running (09m35.0s), 65/80 VUs, 28818 complete and 0 interrupted iterations
gradual_ramp   [  80% ] 65/80 VUs  09m35.0s/12m00.0s

running (09m36.0s), 65/80 VUs, 28877 complete and 0 interrupted iterations
gradual_ramp   [  80% ] 65/80 VUs  09m36.0s/12m00.0s

running (09m37.0s), 64/80 VUs, 28950 complete and 0 interrupted iterations
gradual_ramp   [  80% ] 64/80 VUs  09m37.0s/12m00.0s

running (09m38.0s), 64/80 VUs, 29009 complete and 0 interrupted iterations
gradual_ramp   [  80% ] 64/80 VUs  09m38.0s/12m00.0s

running (09m39.0s), 63/80 VUs, 29075 complete and 0 interrupted iterations
gradual_ramp   [  80% ] 63/80 VUs  09m39.0s/12m00.0s

running (09m40.0s), 63/80 VUs, 29139 complete and 0 interrupted iterations
gradual_ramp   [  81% ] 63/80 VUs  09m40.0s/12m00.0s

running (09m41.0s), 62/80 VUs, 29206 complete and 0 interrupted iterations
gradual_ramp   [  81% ] 62/80 VUs  09m41.0s/12m00.0s

running (09m42.0s), 62/80 VUs, 29264 complete and 0 interrupted iterations
gradual_ramp   [  81% ] 62/80 VUs  09m42.0s/12m00.0s

running (09m43.0s), 61/80 VUs, 29338 complete and 0 interrupted iterations
gradual_ramp   [  81% ] 61/80 VUs  09m43.0s/12m00.0s

running (09m44.0s), 61/80 VUs, 29400 complete and 0 interrupted iterations
gradual_ramp   [  81% ] 61/80 VUs  09m44.0s/12m00.0s

running (09m45.0s), 61/80 VUs, 29460 complete and 0 interrupted iterations
gradual_ramp   [  81% ] 61/80 VUs  09m45.0s/12m00.0s

running (09m46.0s), 60/80 VUs, 29522 complete and 0 interrupted iterations
gradual_ramp   [  81% ] 60/80 VUs  09m46.0s/12m00.0s

running (09m47.0s), 60/80 VUs, 29580 complete and 0 interrupted iterations
gradual_ramp   [  82% ] 60/80 VUs  09m47.0s/12m00.0s

running (09m48.0s), 59/80 VUs, 29649 complete and 0 interrupted iterations
gradual_ramp   [  82% ] 59/80 VUs  09m48.0s/12m00.0s

running (09m49.0s), 59/80 VUs, 29709 complete and 0 interrupted iterations
gradual_ramp   [  82% ] 59/80 VUs  09m49.0s/12m00.0s

running (09m50.0s), 58/80 VUs, 29770 complete and 0 interrupted iterations
gradual_ramp   [  82% ] 58/80 VUs  09m50.0s/12m00.0s

running (09m51.0s), 58/80 VUs, 29834 complete and 0 interrupted iterations
gradual_ramp   [  82% ] 58/80 VUs  09m51.0s/12m00.0s

running (09m52.0s), 57/80 VUs, 29893 complete and 0 interrupted iterations
gradual_ramp   [  82% ] 57/80 VUs  09m52.0s/12m00.0s

running (09m53.0s), 57/80 VUs, 29955 complete and 0 interrupted iterations
gradual_ramp   [  82% ] 57/80 VUs  09m53.0s/12m00.0s

running (09m54.0s), 57/80 VUs, 30014 complete and 0 interrupted iterations
gradual_ramp   [  82% ] 57/80 VUs  09m54.0s/12m00.0s

running (09m55.0s), 56/80 VUs, 30075 complete and 0 interrupted iterations
gradual_ramp   [  83% ] 56/80 VUs  09m55.0s/12m00.0s

running (09m56.0s), 56/80 VUs, 30136 complete and 0 interrupted iterations
gradual_ramp   [  83% ] 56/80 VUs  09m56.0s/12m00.0s

running (09m57.0s), 56/80 VUs, 30194 complete and 0 interrupted iterations
gradual_ramp   [  83% ] 56/80 VUs  09m57.0s/12m00.0s

running (09m58.0s), 55/80 VUs, 30249 complete and 0 interrupted iterations
gradual_ramp   [  83% ] 55/80 VUs  09m58.0s/12m00.0s

running (09m59.0s), 55/80 VUs, 30304 complete and 0 interrupted iterations
gradual_ramp   [  83% ] 55/80 VUs  09m59.0s/12m00.0s

running (10m00.0s), 54/80 VUs, 30361 complete and 0 interrupted iterations
gradual_ramp   [  83% ] 54/80 VUs  10m00.0s/12m00.0s

running (10m01.0s), 54/80 VUs, 30416 complete and 0 interrupted iterations
gradual_ramp   [  83% ] 54/80 VUs  10m01.0s/12m00.0s

running (10m02.0s), 53/80 VUs, 30469 complete and 0 interrupted iterations
gradual_ramp   [  84% ] 53/80 VUs  10m02.0s/12m00.0s

running (10m03.0s), 53/80 VUs, 30523 complete and 0 interrupted iterations
gradual_ramp   [  84% ] 53/80 VUs  10m03.0s/12m00.0s

running (10m04.0s), 52/80 VUs, 30579 complete and 0 interrupted iterations
gradual_ramp   [  84% ] 52/80 VUs  10m04.0s/12m00.0s

running (10m05.0s), 52/80 VUs, 30637 complete and 0 interrupted iterations
gradual_ramp   [  84% ] 52/80 VUs  10m05.0s/12m00.0s

running (10m06.0s), 51/80 VUs, 30687 complete and 0 interrupted iterations
gradual_ramp   [  84% ] 51/80 VUs  10m06.0s/12m00.0s

running (10m07.0s), 51/80 VUs, 30737 complete and 0 interrupted iterations
gradual_ramp   [  84% ] 51/80 VUs  10m07.0s/12m00.0s

running (10m08.0s), 50/80 VUs, 30784 complete and 0 interrupted iterations
gradual_ramp   [  84% ] 50/80 VUs  10m08.0s/12m00.0s

running (10m09.0s), 50/80 VUs, 30832 complete and 0 interrupted iterations
gradual_ramp   [  85% ] 50/80 VUs  10m09.0s/12m00.0s

running (10m10.0s), 50/80 VUs, 30886 complete and 0 interrupted iterations
gradual_ramp   [  85% ] 50/80 VUs  10m10.0s/12m00.0s

running (10m11.0s), 49/80 VUs, 30938 complete and 0 interrupted iterations
gradual_ramp   [  85% ] 49/80 VUs  10m11.0s/12m00.0s

running (10m12.0s), 49/80 VUs, 30991 complete and 0 interrupted iterations
gradual_ramp   [  85% ] 49/80 VUs  10m12.0s/12m00.0s

running (10m13.0s), 48/80 VUs, 31041 complete and 0 interrupted iterations
gradual_ramp   [  85% ] 48/80 VUs  10m13.0s/12m00.0s

running (10m14.0s), 48/80 VUs, 31092 complete and 0 interrupted iterations
gradual_ramp   [  85% ] 48/80 VUs  10m14.0s/12m00.0s

running (10m15.0s), 47/80 VUs, 31142 complete and 0 interrupted iterations
gradual_ramp   [  85% ] 47/80 VUs  10m15.0s/12m00.0s

running (10m16.0s), 47/80 VUs, 31190 complete and 0 interrupted iterations
gradual_ramp   [  86% ] 47/80 VUs  10m16.0s/12m00.0s

running (10m17.0s), 47/80 VUs, 31239 complete and 0 interrupted iterations
gradual_ramp   [  86% ] 47/80 VUs  10m17.0s/12m00.0s

running (10m18.0s), 46/80 VUs, 31292 complete and 0 interrupted iterations
gradual_ramp   [  86% ] 46/80 VUs  10m18.0s/12m00.0s

running (10m19.0s), 46/80 VUs, 31343 complete and 0 interrupted iterations
gradual_ramp   [  86% ] 46/80 VUs  10m19.0s/12m00.0s

running (10m20.0s), 45/80 VUs, 31393 complete and 0 interrupted iterations
gradual_ramp   [  86% ] 45/80 VUs  10m20.0s/12m00.0s

running (10m21.0s), 45/80 VUs, 31442 complete and 0 interrupted iterations
gradual_ramp   [  86% ] 45/80 VUs  10m21.0s/12m00.0s

running (10m22.0s), 44/80 VUs, 31493 complete and 0 interrupted iterations
gradual_ramp   [  86% ] 44/80 VUs  10m22.0s/12m00.0s

running (10m23.0s), 44/80 VUs, 31543 complete and 0 interrupted iterations
gradual_ramp   [  87% ] 44/80 VUs  10m23.0s/12m00.0s

running (10m24.0s), 43/80 VUs, 31592 complete and 0 interrupted iterations
gradual_ramp   [  87% ] 43/80 VUs  10m24.0s/12m00.0s

running (10m25.0s), 43/80 VUs, 31637 complete and 0 interrupted iterations
gradual_ramp   [  87% ] 43/80 VUs  10m25.0s/12m00.0s

running (10m26.0s), 42/80 VUs, 31688 complete and 0 interrupted iterations
gradual_ramp   [  87% ] 42/80 VUs  10m26.0s/12m00.0s

running (10m27.0s), 42/80 VUs, 31739 complete and 0 interrupted iterations
gradual_ramp   [  87% ] 42/80 VUs  10m27.0s/12m00.0s

running (10m28.0s), 42/80 VUs, 31785 complete and 0 interrupted iterations
gradual_ramp   [  87% ] 42/80 VUs  10m28.0s/12m00.0s

running (10m29.0s), 41/80 VUs, 31833 complete and 0 interrupted iterations
gradual_ramp   [  87% ] 41/80 VUs  10m29.0s/12m00.0s

running (10m30.0s), 41/80 VUs, 31884 complete and 0 interrupted iterations
gradual_ramp   [  87% ] 41/80 VUs  10m30.0s/12m00.0s

running (10m31.0s), 40/80 VUs, 31933 complete and 0 interrupted iterations
gradual_ramp   [  88% ] 40/80 VUs  10m31.0s/12m00.0s

running (10m32.0s), 40/80 VUs, 31984 complete and 0 interrupted iterations
gradual_ramp   [  88% ] 40/80 VUs  10m32.0s/12m00.0s

running (10m33.0s), 39/80 VUs, 32033 complete and 0 interrupted iterations
gradual_ramp   [  88% ] 39/80 VUs  10m33.0s/12m00.0s

running (10m34.0s), 39/80 VUs, 32086 complete and 0 interrupted iterations
gradual_ramp   [  88% ] 39/80 VUs  10m34.0s/12m00.0s

running (10m35.0s), 38/80 VUs, 32139 complete and 0 interrupted iterations
gradual_ramp   [  88% ] 38/80 VUs  10m35.0s/12m00.0s

running (10m36.0s), 38/80 VUs, 32187 complete and 0 interrupted iterations
gradual_ramp   [  88% ] 38/80 VUs  10m36.0s/12m00.0s

running (10m37.0s), 38/80 VUs, 32238 complete and 0 interrupted iterations
gradual_ramp   [  88% ] 38/80 VUs  10m37.0s/12m00.0s

running (10m38.0s), 37/80 VUs, 32291 complete and 0 interrupted iterations
gradual_ramp   [  89% ] 37/80 VUs  10m38.0s/12m00.0s

running (10m39.0s), 37/80 VUs, 32342 complete and 0 interrupted iterations
gradual_ramp   [  89% ] 37/80 VUs  10m39.0s/12m00.0s

running (10m40.0s), 36/80 VUs, 32390 complete and 0 interrupted iterations
gradual_ramp   [  89% ] 36/80 VUs  10m40.0s/12m00.0s

running (10m41.0s), 36/80 VUs, 32441 complete and 0 interrupted iterations
gradual_ramp   [  89% ] 36/80 VUs  10m41.0s/12m00.0s

running (10m42.0s), 35/80 VUs, 32492 complete and 0 interrupted iterations
gradual_ramp   [  89% ] 35/80 VUs  10m42.0s/12m00.0s

running (10m43.0s), 35/80 VUs, 32535 complete and 0 interrupted iterations
gradual_ramp   [  89% ] 35/80 VUs  10m43.0s/12m00.0s

running (10m44.0s), 35/80 VUs, 32590 complete and 0 interrupted iterations
gradual_ramp   [  89% ] 35/80 VUs  10m44.0s/12m00.0s

running (10m45.0s), 34/80 VUs, 32637 complete and 0 interrupted iterations
gradual_ramp   [  90% ] 34/80 VUs  10m45.0s/12m00.0s

running (10m46.0s), 34/80 VUs, 32681 complete and 0 interrupted iterations
gradual_ramp   [  90% ] 34/80 VUs  10m46.0s/12m00.0s

running (10m47.0s), 33/80 VUs, 32729 complete and 0 interrupted iterations
gradual_ramp   [  90% ] 33/80 VUs  10m47.0s/12m00.0s

running (10m48.0s), 33/80 VUs, 32771 complete and 0 interrupted iterations
gradual_ramp   [  90% ] 33/80 VUs  10m48.0s/12m00.0s

running (10m49.0s), 32/80 VUs, 32817 complete and 0 interrupted iterations
gradual_ramp   [  90% ] 32/80 VUs  10m49.0s/12m00.0s

running (10m50.0s), 32/80 VUs, 32862 complete and 0 interrupted iterations
gradual_ramp   [  90% ] 32/80 VUs  10m50.0s/12m00.0s

running (10m51.0s), 32/80 VUs, 32910 complete and 0 interrupted iterations
gradual_ramp   [  90% ] 32/80 VUs  10m51.0s/12m00.0s

running (10m52.0s), 31/80 VUs, 32955 complete and 0 interrupted iterations
gradual_ramp   [  91% ] 31/80 VUs  10m52.0s/12m00.0s

running (10m53.0s), 30/80 VUs, 32996 complete and 0 interrupted iterations
gradual_ramp   [  91% ] 30/80 VUs  10m53.0s/12m00.0s

running (10m54.0s), 30/80 VUs, 33036 complete and 0 interrupted iterations
gradual_ramp   [  91% ] 30/80 VUs  10m54.0s/12m00.0s

running (10m55.0s), 30/80 VUs, 33080 complete and 0 interrupted iterations
gradual_ramp   [  91% ] 30/80 VUs  10m55.0s/12m00.0s

running (10m56.0s), 29/80 VUs, 33123 complete and 0 interrupted iterations
gradual_ramp   [  91% ] 29/80 VUs  10m56.0s/12m00.0s

running (10m57.0s), 29/80 VUs, 33164 complete and 0 interrupted iterations
gradual_ramp   [  91% ] 29/80 VUs  10m57.0s/12m00.0s

running (10m58.0s), 28/80 VUs, 33203 complete and 0 interrupted iterations
gradual_ramp   [  91% ] 28/80 VUs  10m58.0s/12m00.0s

running (10m59.0s), 28/80 VUs, 33240 complete and 0 interrupted iterations
gradual_ramp   [  92% ] 28/80 VUs  10m59.0s/12m00.0s

running (11m00.0s), 27/80 VUs, 33277 complete and 0 interrupted iterations
gradual_ramp   [  92% ] 27/80 VUs  11m00.0s/12m00.0s

running (11m01.0s), 27/80 VUs, 33315 complete and 0 interrupted iterations
gradual_ramp   [  92% ] 27/80 VUs  11m01.0s/12m00.0s

running (11m02.0s), 27/80 VUs, 33354 complete and 0 interrupted iterations
gradual_ramp   [  92% ] 27/80 VUs  11m02.0s/12m00.0s

running (11m03.0s), 26/80 VUs, 33392 complete and 0 interrupted iterations
gradual_ramp   [  92% ] 26/80 VUs  11m03.0s/12m00.0s

running (11m04.0s), 26/80 VUs, 33430 complete and 0 interrupted iterations
gradual_ramp   [  92% ] 26/80 VUs  11m04.0s/12m00.0s

running (11m05.0s), 25/80 VUs, 33463 complete and 0 interrupted iterations
gradual_ramp   [  92% ] 25/80 VUs  11m05.0s/12m00.0s

running (11m06.0s), 25/80 VUs, 33501 complete and 0 interrupted iterations
gradual_ramp   [  92% ] 25/80 VUs  11m06.0s/12m00.0s

running (11m07.0s), 24/80 VUs, 33534 complete and 0 interrupted iterations
gradual_ramp   [  93% ] 24/80 VUs  11m07.0s/12m00.0s

running (11m08.0s), 24/80 VUs, 33566 complete and 0 interrupted iterations
gradual_ramp   [  93% ] 24/80 VUs  11m08.0s/12m00.0s

running (11m09.0s), 23/80 VUs, 33600 complete and 0 interrupted iterations
gradual_ramp   [  93% ] 23/80 VUs  11m09.0s/12m00.0s

running (11m10.0s), 23/80 VUs, 33631 complete and 0 interrupted iterations
gradual_ramp   [  93% ] 23/80 VUs  11m10.0s/12m00.0s

running (11m11.0s), 22/80 VUs, 33666 complete and 0 interrupted iterations
gradual_ramp   [  93% ] 22/80 VUs  11m11.0s/12m00.0s

running (11m12.0s), 22/80 VUs, 33692 complete and 0 interrupted iterations
gradual_ramp   [  93% ] 22/80 VUs  11m12.0s/12m00.0s

running (11m13.0s), 22/80 VUs, 33728 complete and 0 interrupted iterations
gradual_ramp   [  93% ] 22/80 VUs  11m13.0s/12m00.0s

running (11m14.0s), 21/80 VUs, 33754 complete and 0 interrupted iterations
gradual_ramp   [  94% ] 21/80 VUs  11m14.0s/12m00.0s

running (11m15.0s), 21/80 VUs, 33782 complete and 0 interrupted iterations
gradual_ramp   [  94% ] 21/80 VUs  11m15.0s/12m00.0s

running (11m16.0s), 20/80 VUs, 33811 complete and 0 interrupted iterations
gradual_ramp   [  94% ] 20/80 VUs  11m16.0s/12m00.0s

running (11m17.0s), 20/80 VUs, 33838 complete and 0 interrupted iterations
gradual_ramp   [  94% ] 20/80 VUs  11m17.0s/12m00.0s

running (11m18.0s), 19/80 VUs, 33868 complete and 0 interrupted iterations
gradual_ramp   [  94% ] 19/80 VUs  11m18.0s/12m00.0s

running (11m19.0s), 19/80 VUs, 33894 complete and 0 interrupted iterations
gradual_ramp   [  94% ] 19/80 VUs  11m19.0s/12m00.0s

running (11m20.0s), 18/80 VUs, 33921 complete and 0 interrupted iterations
gradual_ramp   [  94% ] 18/80 VUs  11m20.0s/12m00.0s

running (11m21.0s), 18/80 VUs, 33947 complete and 0 interrupted iterations
gradual_ramp   [  95% ] 18/80 VUs  11m21.0s/12m00.0s

running (11m22.0s), 18/80 VUs, 33972 complete and 0 interrupted iterations
gradual_ramp   [  95% ] 18/80 VUs  11m22.0s/12m00.0s

running (11m23.0s), 17/80 VUs, 33994 complete and 0 interrupted iterations
gradual_ramp   [  95% ] 17/80 VUs  11m23.0s/12m00.0s

running (11m24.0s), 17/80 VUs, 34020 complete and 0 interrupted iterations
gradual_ramp   [  95% ] 17/80 VUs  11m24.0s/12m00.0s

running (11m25.0s), 16/80 VUs, 34041 complete and 0 interrupted iterations
gradual_ramp   [  95% ] 16/80 VUs  11m25.0s/12m00.0s

running (11m26.0s), 16/80 VUs, 34064 complete and 0 interrupted iterations
gradual_ramp   [  95% ] 16/80 VUs  11m26.0s/12m00.0s

running (11m27.0s), 15/80 VUs, 34089 complete and 0 interrupted iterations
gradual_ramp   [  95% ] 15/80 VUs  11m27.0s/12m00.0s

running (11m28.0s), 15/80 VUs, 34106 complete and 0 interrupted iterations
gradual_ramp   [  96% ] 15/80 VUs  11m28.0s/12m00.0s

running (11m29.0s), 14/80 VUs, 34129 complete and 0 interrupted iterations
gradual_ramp   [  96% ] 14/80 VUs  11m29.0s/12m00.0s

running (11m30.0s), 14/80 VUs, 34150 complete and 0 interrupted iterations
gradual_ramp   [  96% ] 14/80 VUs  11m30.0s/12m00.0s

running (11m31.0s), 13/80 VUs, 34169 complete and 0 interrupted iterations
gradual_ramp   [  96% ] 13/80 VUs  11m31.0s/12m00.0s

running (11m32.0s), 13/80 VUs, 34189 complete and 0 interrupted iterations
gradual_ramp   [  96% ] 13/80 VUs  11m32.0s/12m00.0s

running (11m33.0s), 13/80 VUs, 34209 complete and 0 interrupted iterations
gradual_ramp   [  96% ] 13/80 VUs  11m33.0s/12m00.0s

running (11m34.0s), 12/80 VUs, 34227 complete and 0 interrupted iterations
gradual_ramp   [  96% ] 12/80 VUs  11m34.0s/12m00.0s

running (11m35.0s), 12/80 VUs, 34242 complete and 0 interrupted iterations
gradual_ramp   [  97% ] 12/80 VUs  11m35.0s/12m00.0s

running (11m36.0s), 11/80 VUs, 34260 complete and 0 interrupted iterations
gradual_ramp   [  97% ] 11/80 VUs  11m36.0s/12m00.0s

running (11m37.0s), 11/80 VUs, 34275 complete and 0 interrupted iterations
gradual_ramp   [  97% ] 11/80 VUs  11m37.0s/12m00.0s

running (11m38.0s), 11/80 VUs, 34290 complete and 0 interrupted iterations
gradual_ramp   [  97% ] 11/80 VUs  11m38.0s/12m00.0s

running (11m39.0s), 10/80 VUs, 34303 complete and 0 interrupted iterations
gradual_ramp   [  97% ] 10/80 VUs  11m39.0s/12m00.0s

running (11m40.0s), 09/80 VUs, 34320 complete and 0 interrupted iterations
gradual_ramp   [  97% ] 09/80 VUs  11m40.0s/12m00.0s

running (11m41.0s), 09/80 VUs, 34332 complete and 0 interrupted iterations
gradual_ramp   [  97% ] 09/80 VUs  11m41.0s/12m00.0s

running (11m42.0s), 09/80 VUs, 34343 complete and 0 interrupted iterations
gradual_ramp   [  97% ] 09/80 VUs  11m42.0s/12m00.0s

running (11m43.0s), 08/80 VUs, 34355 complete and 0 interrupted iterations
gradual_ramp   [  98% ] 08/80 VUs  11m43.0s/12m00.0s

running (11m44.0s), 08/80 VUs, 34367 complete and 0 interrupted iterations
gradual_ramp   [  98% ] 08/80 VUs  11m44.0s/12m00.0s

running (11m45.0s), 07/80 VUs, 34378 complete and 0 interrupted iterations
gradual_ramp   [  98% ] 07/80 VUs  11m45.0s/12m00.0s

running (11m46.0s), 07/80 VUs, 34388 complete and 0 interrupted iterations
gradual_ramp   [  98% ] 07/80 VUs  11m46.0s/12m00.0s

running (11m47.0s), 07/80 VUs, 34398 complete and 0 interrupted iterations
gradual_ramp   [  98% ] 07/80 VUs  11m47.0s/12m00.0s

running (11m48.0s), 06/80 VUs, 34407 complete and 0 interrupted iterations
gradual_ramp   [  98% ] 06/80 VUs  11m48.0s/12m00.0s

running (11m49.0s), 06/80 VUs, 34414 complete and 0 interrupted iterations
gradual_ramp   [  98% ] 06/80 VUs  11m49.0s/12m00.0s

running (11m50.0s), 05/80 VUs, 34422 complete and 0 interrupted iterations
gradual_ramp   [  99% ] 05/80 VUs  11m50.0s/12m00.0s

running (11m51.0s), 05/80 VUs, 34429 complete and 0 interrupted iterations
gradual_ramp   [  99% ] 05/80 VUs  11m51.0s/12m00.0s

running (11m52.0s), 04/80 VUs, 34437 complete and 0 interrupted iterations
gradual_ramp   [  99% ] 04/80 VUs  11m52.0s/12m00.0s

running (11m53.0s), 04/80 VUs, 34442 complete and 0 interrupted iterations
gradual_ramp   [  99% ] 04/80 VUs  11m53.0s/12m00.0s

running (11m54.0s), 03/80 VUs, 34448 complete and 0 interrupted iterations
gradual_ramp   [  99% ] 03/80 VUs  11m54.0s/12m00.0s

running (11m55.0s), 03/80 VUs, 34452 complete and 0 interrupted iterations
gradual_ramp   [  99% ] 03/80 VUs  11m55.0s/12m00.0s

running (11m56.0s), 02/80 VUs, 34457 complete and 0 interrupted iterations
gradual_ramp   [  99% ] 02/80 VUs  11m56.0s/12m00.0s

running (11m57.0s), 02/80 VUs, 34460 complete and 0 interrupted iterations
gradual_ramp   [ 100% ] 02/80 VUs  11m57.0s/12m00.0s

running (11m58.0s), 02/80 VUs, 34462 complete and 0 interrupted iterations
gradual_ramp   [ 100% ] 02/80 VUs  11m58.0s/12m00.0s

running (11m59.0s), 01/80 VUs, 34465 complete and 0 interrupted iterations
gradual_ramp   [ 100% ] 01/80 VUs  11m59.0s/12m00.0s

running (12m00.0s), 01/80 VUs, 34467 complete and 0 interrupted iterations
gradual_ramp   [ 100% ] 01/80 VUs  12m00.0s/12m00.0s

     ✓ status is 200
     ✓ returns quotes
     ✓ response time <2000ms

     checks.........................: 100.00% ✓ 103404    ✗ 0    
     data_received..................: 25 MB   35 kB/s
     data_sent......................: 15 MB   21 kB/s
     http_req_blocked...............: avg=7.91µs   min=922ns    med=2.16µs   max=12.58ms  p(90)=3.15µs  p(95)=3.71µs 
     http_req_connecting............: avg=2.82µs   min=0s       med=0s       max=12.52ms  p(90)=0s      p(95)=0s     
   ✓ http_req_duration..............: avg=912.82ms min=469.25ms med=877.76ms max=1.79s    p(90)=1.3s    p(95)=1.39s  
       { expected_response:true }...: avg=912.82ms min=469.25ms med=877.76ms max=1.79s    p(90)=1.3s    p(95)=1.39s  
   ✓ http_req_failed................: 0.00%   ✓ 0         ✗ 34468
     http_req_receiving.............: avg=3.41ms   min=17.4µs   med=154.6µs  max=109.24ms p(90)=5.32ms  p(95)=11.24ms
     http_req_sending...............: avg=19.07µs  min=7.2µs    med=17.37µs  max=10.11ms  p(90)=26.54µs p(95)=29.42µs
     http_req_tls_handshaking.......: avg=0s       min=0s       med=0s       max=0s       p(90)=0s      p(95)=0s     
     http_req_waiting...............: avg=909.39ms min=469.1ms  med=877ms    max=1.77s    p(90)=1.3s    p(95)=1.39s  
     http_reqs......................: 34468   47.816162/s
     iteration_duration.............: avg=913.07ms min=469.48ms med=878.01ms max=1.79s    p(90)=1.3s    p(95)=1.39s  
     iterations.....................: 34468   47.816162/s
     vus............................: 1       min=1       max=80 
     vus_max........................: 80      min=80      max=80 


running (12m00.8s), 00/80 VUs, 34468 complete and 0 interrupted iterations
gradual_ramp ✓ [ 100% ] 00/80 VUs  12m0s
