
          /\      |‾‾| /‾‾/   /‾‾/   
     /\  /  \     |  |/  /   /  /    
    /  \/    \    |     (   /   ‾‾\  
   /          \   |  |\  \ |  (‾)  | 
  / __________ \  |__| \__\ \_____/ .io

  execution: local
     script: /scripts/load-test.js
     output: json (/results/results.json)

  scenarios: (100.00%) 1 scenario, 80 max VUs, 12m30s max duration (incl. graceful stop):
           * oscillating: Up to 80 looping VUs for 12m0s over 12 stages (gracefulRampDown: 30s, gracefulStop: 30s)


running (00m01.0s), 10/80 VUs, 9 complete and 0 interrupted iterations
oscillating   [   0% ] 10/80 VUs  00m01.0s/12m00.0s

running (00m02.0s), 10/80 VUs, 20 complete and 0 interrupted iterations
oscillating   [   0% ] 10/80 VUs  00m02.0s/12m00.0s

running (00m03.0s), 10/80 VUs, 36 complete and 0 interrupted iterations
oscillating   [   0% ] 10/80 VUs  00m03.0s/12m00.0s

running (00m04.0s), 10/80 VUs, 50 complete and 0 interrupted iterations
oscillating   [   1% ] 10/80 VUs  00m04.0s/12m00.0s

running (00m05.0s), 10/80 VUs, 62 complete and 0 interrupted iterations
oscillating   [   1% ] 10/80 VUs  00m05.0s/12m00.0s

running (00m06.0s), 10/80 VUs, 78 complete and 0 interrupted iterations
oscillating   [   1% ] 10/80 VUs  00m06.0s/12m00.0s

running (00m07.0s), 10/80 VUs, 93 complete and 0 interrupted iterations
oscillating   [   1% ] 10/80 VUs  00m07.0s/12m00.0s

running (00m08.0s), 10/80 VUs, 106 complete and 0 interrupted iterations
oscillating   [   1% ] 10/80 VUs  00m08.0s/12m00.0s

running (00m09.0s), 10/80 VUs, 121 complete and 0 interrupted iterations
oscillating   [   1% ] 10/80 VUs  00m09.0s/12m00.0s

running (00m10.0s), 10/80 VUs, 134 complete and 0 interrupted iterations
oscillating   [   1% ] 10/80 VUs  00m10.0s/12m00.0s

running (00m11.0s), 10/80 VUs, 147 complete and 0 interrupted iterations
oscillating   [   2% ] 10/80 VUs  00m11.0s/12m00.0s

running (00m12.0s), 10/80 VUs, 161 complete and 0 interrupted iterations
oscillating   [   2% ] 10/80 VUs  00m12.0s/12m00.0s

running (00m13.0s), 10/80 VUs, 177 complete and 0 interrupted iterations
oscillating   [   2% ] 10/80 VUs  00m13.0s/12m00.0s

running (00m14.0s), 10/80 VUs, 191 complete and 0 interrupted iterations
oscillating   [   2% ] 10/80 VUs  00m14.0s/12m00.0s

running (00m15.0s), 10/80 VUs, 203 complete and 0 interrupted iterations
oscillating   [   2% ] 10/80 VUs  00m15.0s/12m00.0s

running (00m16.0s), 10/80 VUs, 216 complete and 0 interrupted iterations
oscillating   [   2% ] 10/80 VUs  00m16.0s/12m00.0s

running (00m17.0s), 10/80 VUs, 231 complete and 0 interrupted iterations
oscillating   [   2% ] 10/80 VUs  00m17.0s/12m00.0s

running (00m18.0s), 10/80 VUs, 245 complete and 0 interrupted iterations
oscillating   [   2% ] 10/80 VUs  00m18.0s/12m00.0s

running (00m19.0s), 10/80 VUs, 262 complete and 0 interrupted iterations
oscillating   [   3% ] 10/80 VUs  00m19.0s/12m00.0s

running (00m20.0s), 10/80 VUs, 276 complete and 0 interrupted iterations
oscillating   [   3% ] 10/80 VUs  00m20.0s/12m00.0s

running (00m21.0s), 10/80 VUs, 290 complete and 0 interrupted iterations
oscillating   [   3% ] 10/80 VUs  00m21.0s/12m00.0s

running (00m22.0s), 10/80 VUs, 304 complete and 0 interrupted iterations
oscillating   [   3% ] 10/80 VUs  00m22.0s/12m00.0s

running (00m23.0s), 10/80 VUs, 319 complete and 0 interrupted iterations
oscillating   [   3% ] 10/80 VUs  00m23.0s/12m00.0s

running (00m24.0s), 10/80 VUs, 333 complete and 0 interrupted iterations
oscillating   [   3% ] 10/80 VUs  00m24.0s/12m00.0s

running (00m25.0s), 10/80 VUs, 348 complete and 0 interrupted iterations
oscillating   [   3% ] 10/80 VUs  00m25.0s/12m00.0s

running (00m26.0s), 10/80 VUs, 363 complete and 0 interrupted iterations
oscillating   [   4% ] 10/80 VUs  00m26.0s/12m00.0s

running (00m27.0s), 10/80 VUs, 376 complete and 0 interrupted iterations
oscillating   [   4% ] 10/80 VUs  00m27.0s/12m00.0s

running (00m28.0s), 10/80 VUs, 391 complete and 0 interrupted iterations
oscillating   [   4% ] 10/80 VUs  00m28.0s/12m00.0s

running (00m29.0s), 10/80 VUs, 408 complete and 0 interrupted iterations
oscillating   [   4% ] 10/80 VUs  00m29.0s/12m00.0s

running (00m30.0s), 10/80 VUs, 418 complete and 0 interrupted iterations
oscillating   [   4% ] 10/80 VUs  00m30.0s/12m00.0s

running (00m31.0s), 10/80 VUs, 434 complete and 0 interrupted iterations
oscillating   [   4% ] 10/80 VUs  00m31.0s/12m00.0s

running (00m32.0s), 10/80 VUs, 449 complete and 0 interrupted iterations
oscillating   [   4% ] 10/80 VUs  00m32.0s/12m00.0s

running (00m33.0s), 10/80 VUs, 462 complete and 0 interrupted iterations
oscillating   [   5% ] 10/80 VUs  00m33.0s/12m00.0s

running (00m34.0s), 10/80 VUs, 476 complete and 0 interrupted iterations
oscillating   [   5% ] 10/80 VUs  00m34.0s/12m00.0s

running (00m35.0s), 10/80 VUs, 492 complete and 0 interrupted iterations
oscillating   [   5% ] 10/80 VUs  00m35.0s/12m00.0s

running (00m36.0s), 10/80 VUs, 505 complete and 0 interrupted iterations
oscillating   [   5% ] 10/80 VUs  00m36.0s/12m00.0s

running (00m37.0s), 10/80 VUs, 518 complete and 0 interrupted iterations
oscillating   [   5% ] 10/80 VUs  00m37.0s/12m00.0s

running (00m38.0s), 10/80 VUs, 533 complete and 0 interrupted iterations
oscillating   [   5% ] 10/80 VUs  00m38.0s/12m00.0s

running (00m39.0s), 10/80 VUs, 548 complete and 0 interrupted iterations
oscillating   [   5% ] 10/80 VUs  00m39.0s/12m00.0s

running (00m40.0s), 10/80 VUs, 560 complete and 0 interrupted iterations
oscillating   [   6% ] 10/80 VUs  00m40.0s/12m00.0s

running (00m41.0s), 10/80 VUs, 577 complete and 0 interrupted iterations
oscillating   [   6% ] 10/80 VUs  00m41.0s/12m00.0s

running (00m42.0s), 10/80 VUs, 591 complete and 0 interrupted iterations
oscillating   [   6% ] 10/80 VUs  00m42.0s/12m00.0s

running (00m43.0s), 10/80 VUs, 603 complete and 0 interrupted iterations
oscillating   [   6% ] 10/80 VUs  00m43.0s/12m00.0s

running (00m44.0s), 10/80 VUs, 618 complete and 0 interrupted iterations
oscillating   [   6% ] 10/80 VUs  00m44.0s/12m00.0s

running (00m45.0s), 10/80 VUs, 632 complete and 0 interrupted iterations
oscillating   [   6% ] 10/80 VUs  00m45.0s/12m00.0s

running (00m46.0s), 10/80 VUs, 647 complete and 0 interrupted iterations
oscillating   [   6% ] 10/80 VUs  00m46.0s/12m00.0s

running (00m47.0s), 10/80 VUs, 660 complete and 0 interrupted iterations
oscillating   [   7% ] 10/80 VUs  00m47.0s/12m00.0s

running (00m48.0s), 10/80 VUs, 673 complete and 0 interrupted iterations
oscillating   [   7% ] 10/80 VUs  00m48.0s/12m00.0s

running (00m49.0s), 10/80 VUs, 687 complete and 0 interrupted iterations
oscillating   [   7% ] 10/80 VUs  00m49.0s/12m00.0s

running (00m50.0s), 10/80 VUs, 700 complete and 0 interrupted iterations
oscillating   [   7% ] 10/80 VUs  00m50.0s/12m00.0s

running (00m51.0s), 10/80 VUs, 716 complete and 0 interrupted iterations
oscillating   [   7% ] 10/80 VUs  00m51.0s/12m00.0s

running (00m52.0s), 10/80 VUs, 731 complete and 0 interrupted iterations
oscillating   [   7% ] 10/80 VUs  00m52.0s/12m00.0s

running (00m53.0s), 10/80 VUs, 746 complete and 0 interrupted iterations
oscillating   [   7% ] 10/80 VUs  00m53.0s/12m00.0s

running (00m54.0s), 10/80 VUs, 760 complete and 0 interrupted iterations
oscillating   [   7% ] 10/80 VUs  00m54.0s/12m00.0s

running (00m55.0s), 10/80 VUs, 773 complete and 0 interrupted iterations
oscillating   [   8% ] 10/80 VUs  00m55.0s/12m00.0s

running (00m56.0s), 10/80 VUs, 787 complete and 0 interrupted iterations
oscillating   [   8% ] 10/80 VUs  00m56.0s/12m00.0s

running (00m57.0s), 10/80 VUs, 800 complete and 0 interrupted iterations
oscillating   [   8% ] 10/80 VUs  00m57.0s/12m00.0s

running (00m58.0s), 10/80 VUs, 816 complete and 0 interrupted iterations
oscillating   [   8% ] 10/80 VUs  00m58.0s/12m00.0s

running (00m59.0s), 10/80 VUs, 828 complete and 0 interrupted iterations
oscillating   [   8% ] 10/80 VUs  00m59.0s/12m00.0s

running (01m00.0s), 10/80 VUs, 842 complete and 0 interrupted iterations
oscillating   [   8% ] 10/80 VUs  01m00.0s/12m00.0s

running (01m01.0s), 10/80 VUs, 859 complete and 0 interrupted iterations
oscillating   [   8% ] 10/80 VUs  01m01.0s/12m00.0s

running (01m02.0s), 10/80 VUs, 873 complete and 0 interrupted iterations
oscillating   [   9% ] 10/80 VUs  01m02.0s/12m00.0s

running (01m03.0s), 10/80 VUs, 888 complete and 0 interrupted iterations
oscillating   [   9% ] 10/80 VUs  01m03.0s/12m00.0s

running (01m04.0s), 10/80 VUs, 902 complete and 0 interrupted iterations
oscillating   [   9% ] 10/80 VUs  01m04.0s/12m00.0s

running (01m05.0s), 10/80 VUs, 915 complete and 0 interrupted iterations
oscillating   [   9% ] 10/80 VUs  01m05.0s/12m00.0s

running (01m06.0s), 10/80 VUs, 930 complete and 0 interrupted iterations
oscillating   [   9% ] 10/80 VUs  01m06.0s/12m00.0s

running (01m07.0s), 10/80 VUs, 943 complete and 0 interrupted iterations
oscillating   [   9% ] 10/80 VUs  01m07.0s/12m00.0s

running (01m08.0s), 10/80 VUs, 958 complete and 0 interrupted iterations
oscillating   [   9% ] 10/80 VUs  01m08.0s/12m00.0s

running (01m09.0s), 10/80 VUs, 973 complete and 0 interrupted iterations
oscillating   [  10% ] 10/80 VUs  01m09.0s/12m00.0s

running (01m10.0s), 10/80 VUs, 988 complete and 0 interrupted iterations
oscillating   [  10% ] 10/80 VUs  01m10.0s/12m00.0s

running (01m11.0s), 10/80 VUs, 1002 complete and 0 interrupted iterations
oscillating   [  10% ] 10/80 VUs  01m11.0s/12m00.0s

running (01m12.0s), 10/80 VUs, 1015 complete and 0 interrupted iterations
oscillating   [  10% ] 10/80 VUs  01m12.0s/12m00.0s

running (01m13.0s), 10/80 VUs, 1027 complete and 0 interrupted iterations
oscillating   [  10% ] 10/80 VUs  01m13.0s/12m00.0s

running (01m14.0s), 10/80 VUs, 1044 complete and 0 interrupted iterations
oscillating   [  10% ] 10/80 VUs  01m14.0s/12m00.0s

running (01m15.0s), 10/80 VUs, 1058 complete and 0 interrupted iterations
oscillating   [  10% ] 10/80 VUs  01m15.0s/12m00.0s

running (01m16.0s), 10/80 VUs, 1072 complete and 0 interrupted iterations
oscillating   [  11% ] 10/80 VUs  01m16.0s/12m00.0s

running (01m17.0s), 10/80 VUs, 1088 complete and 0 interrupted iterations
oscillating   [  11% ] 10/80 VUs  01m17.0s/12m00.0s

running (01m18.0s), 10/80 VUs, 1103 complete and 0 interrupted iterations
oscillating   [  11% ] 10/80 VUs  01m18.0s/12m00.0s

running (01m19.0s), 10/80 VUs, 1117 complete and 0 interrupted iterations
oscillating   [  11% ] 10/80 VUs  01m19.0s/12m00.0s

running (01m20.0s), 10/80 VUs, 1131 complete and 0 interrupted iterations
oscillating   [  11% ] 10/80 VUs  01m20.0s/12m00.0s

running (01m21.0s), 10/80 VUs, 1145 complete and 0 interrupted iterations
oscillating   [  11% ] 10/80 VUs  01m21.0s/12m00.0s

running (01m22.0s), 10/80 VUs, 1159 complete and 0 interrupted iterations
oscillating   [  11% ] 10/80 VUs  01m22.0s/12m00.0s

running (01m23.0s), 10/80 VUs, 1173 complete and 0 interrupted iterations
oscillating   [  12% ] 10/80 VUs  01m23.0s/12m00.0s

running (01m24.0s), 10/80 VUs, 1187 complete and 0 interrupted iterations
oscillating   [  12% ] 10/80 VUs  01m24.0s/12m00.0s

running (01m25.0s), 10/80 VUs, 1202 complete and 0 interrupted iterations
oscillating   [  12% ] 10/80 VUs  01m25.0s/12m00.0s

running (01m26.0s), 10/80 VUs, 1216 complete and 0 interrupted iterations
oscillating   [  12% ] 10/80 VUs  01m26.0s/12m00.0s

running (01m27.0s), 10/80 VUs, 1230 complete and 0 interrupted iterations
oscillating   [  12% ] 10/80 VUs  01m27.0s/12m00.0s

running (01m28.0s), 10/80 VUs, 1245 complete and 0 interrupted iterations
oscillating   [  12% ] 10/80 VUs  01m28.0s/12m00.0s

running (01m29.0s), 10/80 VUs, 1258 complete and 0 interrupted iterations
oscillating   [  12% ] 10/80 VUs  01m29.0s/12m00.0s

running (01m30.0s), 10/80 VUs, 1274 complete and 0 interrupted iterations
oscillating   [  12% ] 10/80 VUs  01m30.0s/12m00.0s

running (01m31.0s), 10/80 VUs, 1291 complete and 0 interrupted iterations
oscillating   [  13% ] 10/80 VUs  01m31.0s/12m00.0s

running (01m32.0s), 10/80 VUs, 1301 complete and 0 interrupted iterations
oscillating   [  13% ] 10/80 VUs  01m32.0s/12m00.0s

running (01m33.0s), 10/80 VUs, 1316 complete and 0 interrupted iterations
oscillating   [  13% ] 10/80 VUs  01m33.0s/12m00.0s

running (01m34.0s), 10/80 VUs, 1330 complete and 0 interrupted iterations
oscillating   [  13% ] 10/80 VUs  01m34.0s/12m00.0s

running (01m35.0s), 10/80 VUs, 1349 complete and 0 interrupted iterations
oscillating   [  13% ] 10/80 VUs  01m35.0s/12m00.0s

running (01m36.0s), 10/80 VUs, 1359 complete and 0 interrupted iterations
oscillating   [  13% ] 10/80 VUs  01m36.0s/12m00.0s

running (01m37.0s), 10/80 VUs, 1374 complete and 0 interrupted iterations
oscillating   [  13% ] 10/80 VUs  01m37.0s/12m00.0s

running (01m38.0s), 10/80 VUs, 1387 complete and 0 interrupted iterations
oscillating   [  14% ] 10/80 VUs  01m38.0s/12m00.0s

running (01m39.0s), 10/80 VUs, 1400 complete and 0 interrupted iterations
oscillating   [  14% ] 10/80 VUs  01m39.0s/12m00.0s

running (01m40.0s), 10/80 VUs, 1413 complete and 0 interrupted iterations
oscillating   [  14% ] 10/80 VUs  01m40.0s/12m00.0s

running (01m41.0s), 10/80 VUs, 1428 complete and 0 interrupted iterations
oscillating   [  14% ] 10/80 VUs  01m41.0s/12m00.0s

running (01m42.0s), 10/80 VUs, 1441 complete and 0 interrupted iterations
oscillating   [  14% ] 10/80 VUs  01m42.0s/12m00.0s

running (01m43.0s), 10/80 VUs, 1458 complete and 0 interrupted iterations
oscillating   [  14% ] 10/80 VUs  01m43.0s/12m00.0s

running (01m44.0s), 10/80 VUs, 1471 complete and 0 interrupted iterations
oscillating   [  14% ] 10/80 VUs  01m44.0s/12m00.0s

running (01m45.0s), 10/80 VUs, 1487 complete and 0 interrupted iterations
oscillating   [  15% ] 10/80 VUs  01m45.0s/12m00.0s

running (01m46.0s), 10/80 VUs, 1500 complete and 0 interrupted iterations
oscillating   [  15% ] 10/80 VUs  01m46.0s/12m00.0s

running (01m47.0s), 10/80 VUs, 1513 complete and 0 interrupted iterations
oscillating   [  15% ] 10/80 VUs  01m47.0s/12m00.0s

running (01m48.0s), 10/80 VUs, 1526 complete and 0 interrupted iterations
oscillating   [  15% ] 10/80 VUs  01m48.0s/12m00.0s

running (01m49.0s), 10/80 VUs, 1540 complete and 0 interrupted iterations
oscillating   [  15% ] 10/80 VUs  01m49.0s/12m00.0s

running (01m50.0s), 10/80 VUs, 1556 complete and 0 interrupted iterations
oscillating   [  15% ] 10/80 VUs  01m50.0s/12m00.0s

running (01m51.0s), 10/80 VUs, 1569 complete and 0 interrupted iterations
oscillating   [  15% ] 10/80 VUs  01m51.0s/12m00.0s

running (01m52.0s), 10/80 VUs, 1583 complete and 0 interrupted iterations
oscillating   [  16% ] 10/80 VUs  01m52.0s/12m00.0s

running (01m53.0s), 10/80 VUs, 1597 complete and 0 interrupted iterations
oscillating   [  16% ] 10/80 VUs  01m53.0s/12m00.0s

running (01m54.0s), 10/80 VUs, 1613 complete and 0 interrupted iterations
oscillating   [  16% ] 10/80 VUs  01m54.0s/12m00.0s

running (01m55.0s), 10/80 VUs, 1627 complete and 0 interrupted iterations
oscillating   [  16% ] 10/80 VUs  01m55.0s/12m00.0s

running (01m56.0s), 10/80 VUs, 1643 complete and 0 interrupted iterations
oscillating   [  16% ] 10/80 VUs  01m56.0s/12m00.0s

running (01m57.0s), 10/80 VUs, 1657 complete and 0 interrupted iterations
oscillating   [  16% ] 10/80 VUs  01m57.0s/12m00.0s

running (01m58.0s), 10/80 VUs, 1671 complete and 0 interrupted iterations
oscillating   [  16% ] 10/80 VUs  01m58.0s/12m00.0s

running (01m59.0s), 10/80 VUs, 1685 complete and 0 interrupted iterations
oscillating   [  17% ] 10/80 VUs  01m59.0s/12m00.0s

running (02m00.0s), 10/80 VUs, 1700 complete and 0 interrupted iterations
oscillating   [  17% ] 10/80 VUs  02m00.0s/12m00.0s

running (02m01.0s), 16/80 VUs, 1718 complete and 0 interrupted iterations
oscillating   [  17% ] 16/80 VUs  02m01.0s/12m00.0s

running (02m02.0s), 23/80 VUs, 1740 complete and 0 interrupted iterations
oscillating   [  17% ] 23/80 VUs  02m02.0s/12m00.0s

running (02m03.0s), 30/80 VUs, 1774 complete and 0 interrupted iterations
oscillating   [  17% ] 30/80 VUs  02m03.0s/12m00.0s

running (02m04.0s), 37/80 VUs, 1822 complete and 0 interrupted iterations
oscillating   [  17% ] 37/80 VUs  02m04.0s/12m00.0s

running (02m05.0s), 44/80 VUs, 1869 complete and 0 interrupted iterations
oscillating   [  17% ] 44/80 VUs  02m05.0s/12m00.0s

running (02m06.0s), 51/80 VUs, 1911 complete and 0 interrupted iterations
oscillating   [  17% ] 51/80 VUs  02m06.0s/12m00.0s

running (02m07.0s), 58/80 VUs, 1950 complete and 0 interrupted iterations
oscillating   [  18% ] 58/80 VUs  02m07.0s/12m00.0s

running (02m08.0s), 65/80 VUs, 1980 complete and 0 interrupted iterations
oscillating   [  18% ] 65/80 VUs  02m08.0s/12m00.0s

running (02m09.0s), 72/80 VUs, 2007 complete and 0 interrupted iterations
oscillating   [  18% ] 72/80 VUs  02m09.0s/12m00.0s

running (02m10.0s), 79/80 VUs, 2030 complete and 0 interrupted iterations
oscillating   [  18% ] 79/80 VUs  02m10.0s/12m00.0s

running (02m11.0s), 80/80 VUs, 2054 complete and 0 interrupted iterations
oscillating   [  18% ] 80/80 VUs  02m11.0s/12m00.0s

running (02m12.0s), 80/80 VUs, 2082 complete and 0 interrupted iterations
oscillating   [  18% ] 80/80 VUs  02m12.0s/12m00.0s

running (02m13.0s), 80/80 VUs, 2082 complete and 0 interrupted iterations
oscillating   [  18% ] 80/80 VUs  02m13.0s/12m00.0s

running (02m14.0s), 80/80 VUs, 2109 complete and 0 interrupted iterations
oscillating   [  19% ] 80/80 VUs  02m14.0s/12m00.0s

running (02m15.0s), 80/80 VUs, 2109 complete and 0 interrupted iterations
oscillating   [  19% ] 80/80 VUs  02m15.0s/12m00.0s

running (02m16.0s), 80/80 VUs, 2136 complete and 0 interrupted iterations
oscillating   [  19% ] 80/80 VUs  02m16.0s/12m00.0s

running (02m17.0s), 80/80 VUs, 2162 complete and 0 interrupted iterations
oscillating   [  19% ] 80/80 VUs  02m17.0s/12m00.0s

running (02m18.0s), 80/80 VUs, 2162 complete and 0 interrupted iterations
oscillating   [  19% ] 80/80 VUs  02m18.0s/12m00.0s

running (02m19.0s), 80/80 VUs, 2189 complete and 0 interrupted iterations
oscillating   [  19% ] 80/80 VUs  02m19.0s/12m00.0s

running (02m20.0s), 80/80 VUs, 2189 complete and 0 interrupted iterations
oscillating   [  19% ] 80/80 VUs  02m20.0s/12m00.0s

running (02m21.0s), 80/80 VUs, 2216 complete and 0 interrupted iterations
oscillating   [  20% ] 80/80 VUs  02m21.0s/12m00.0s

running (02m22.0s), 80/80 VUs, 2242 complete and 0 interrupted iterations
oscillating   [  20% ] 80/80 VUs  02m22.0s/12m00.0s

running (02m23.0s), 80/80 VUs, 2242 complete and 0 interrupted iterations
oscillating   [  20% ] 80/80 VUs  02m23.0s/12m00.0s

running (02m24.0s), 80/80 VUs, 2269 complete and 0 interrupted iterations
oscillating   [  20% ] 80/80 VUs  02m24.0s/12m00.0s

running (02m25.0s), 80/80 VUs, 2269 complete and 0 interrupted iterations
oscillating   [  20% ] 80/80 VUs  02m25.0s/12m00.0s

running (02m26.0s), 80/80 VUs, 2296 complete and 0 interrupted iterations
oscillating   [  20% ] 80/80 VUs  02m26.0s/12m00.0s

running (02m27.0s), 80/80 VUs, 2296 complete and 0 interrupted iterations
oscillating   [  20% ] 80/80 VUs  02m27.0s/12m00.0s

running (02m28.0s), 80/80 VUs, 2322 complete and 0 interrupted iterations
oscillating   [  21% ] 80/80 VUs  02m28.0s/12m00.0s

running (02m29.0s), 80/80 VUs, 2348 complete and 0 interrupted iterations
oscillating   [  21% ] 80/80 VUs  02m29.0s/12m00.0s

running (02m30.0s), 80/80 VUs, 2348 complete and 0 interrupted iterations
oscillating   [  21% ] 80/80 VUs  02m30.0s/12m00.0s

running (02m31.0s), 80/80 VUs, 2375 complete and 0 interrupted iterations
oscillating   [  21% ] 80/80 VUs  02m31.0s/12m00.0s

running (02m32.0s), 80/80 VUs, 2375 complete and 0 interrupted iterations
oscillating   [  21% ] 80/80 VUs  02m32.0s/12m00.0s

running (02m33.0s), 80/80 VUs, 2402 complete and 0 interrupted iterations
oscillating   [  21% ] 80/80 VUs  02m33.0s/12m00.0s

running (02m34.0s), 80/80 VUs, 2428 complete and 0 interrupted iterations
oscillating   [  21% ] 80/80 VUs  02m34.0s/12m00.0s

running (02m35.0s), 80/80 VUs, 2428 complete and 0 interrupted iterations
oscillating   [  22% ] 80/80 VUs  02m35.0s/12m00.0s

running (02m36.0s), 80/80 VUs, 2450 complete and 0 interrupted iterations
oscillating   [  22% ] 80/80 VUs  02m36.0s/12m00.0s

running (02m37.0s), 80/80 VUs, 2478 complete and 0 interrupted iterations
oscillating   [  22% ] 80/80 VUs  02m37.0s/12m00.0s

running (02m38.0s), 80/80 VUs, 2478 complete and 0 interrupted iterations
oscillating   [  22% ] 80/80 VUs  02m38.0s/12m00.0s

running (02m39.0s), 80/80 VUs, 2504 complete and 0 interrupted iterations
oscillating   [  22% ] 80/80 VUs  02m39.0s/12m00.0s

running (02m40.0s), 80/80 VUs, 2504 complete and 0 interrupted iterations
oscillating   [  22% ] 80/80 VUs  02m40.0s/12m00.0s

running (02m41.0s), 80/80 VUs, 2531 complete and 0 interrupted iterations
oscillating   [  22% ] 80/80 VUs  02m41.0s/12m00.0s

running (02m42.0s), 80/80 VUs, 2558 complete and 0 interrupted iterations
oscillating   [  22% ] 80/80 VUs  02m42.0s/12m00.0s

running (02m43.0s), 80/80 VUs, 2558 complete and 0 interrupted iterations
oscillating   [  23% ] 80/80 VUs  02m43.0s/12m00.0s

running (02m44.0s), 80/80 VUs, 2574 complete and 0 interrupted iterations
oscillating   [  23% ] 80/80 VUs  02m44.0s/12m00.0s

running (02m45.0s), 80/80 VUs, 2600 complete and 0 interrupted iterations
oscillating   [  23% ] 80/80 VUs  02m45.0s/12m00.0s

running (02m46.0s), 80/80 VUs, 2600 complete and 0 interrupted iterations
oscillating   [  23% ] 80/80 VUs  02m46.0s/12m00.0s

running (02m47.0s), 80/80 VUs, 2627 complete and 0 interrupted iterations
oscillating   [  23% ] 80/80 VUs  02m47.0s/12m00.0s

running (02m48.0s), 80/80 VUs, 2654 complete and 0 interrupted iterations
oscillating   [  23% ] 80/80 VUs  02m48.0s/12m00.0s

running (02m49.0s), 80/80 VUs, 2654 complete and 0 interrupted iterations
oscillating   [  23% ] 80/80 VUs  02m49.0s/12m00.0s

running (02m50.0s), 80/80 VUs, 2680 complete and 0 interrupted iterations
oscillating   [  24% ] 80/80 VUs  02m50.0s/12m00.0s

running (02m51.0s), 80/80 VUs, 2680 complete and 0 interrupted iterations
oscillating   [  24% ] 80/80 VUs  02m51.0s/12m00.0s

running (02m52.0s), 80/80 VUs, 2707 complete and 0 interrupted iterations
oscillating   [  24% ] 80/80 VUs  02m52.0s/12m00.0s

running (02m53.0s), 80/80 VUs, 2733 complete and 0 interrupted iterations
oscillating   [  24% ] 80/80 VUs  02m53.0s/12m00.0s

running (02m54.0s), 80/80 VUs, 2734 complete and 0 interrupted iterations
oscillating   [  24% ] 80/80 VUs  02m54.0s/12m00.0s

running (02m55.0s), 80/80 VUs, 2760 complete and 0 interrupted iterations
oscillating   [  24% ] 80/80 VUs  02m55.0s/12m00.0s

running (02m56.0s), 80/80 VUs, 2760 complete and 0 interrupted iterations
oscillating   [  24% ] 80/80 VUs  02m56.0s/12m00.0s

running (02m57.0s), 80/80 VUs, 2787 complete and 0 interrupted iterations
oscillating   [  25% ] 80/80 VUs  02m57.0s/12m00.0s

running (02m58.0s), 80/80 VUs, 2813 complete and 0 interrupted iterations
oscillating   [  25% ] 80/80 VUs  02m58.0s/12m00.0s

running (02m59.0s), 80/80 VUs, 2813 complete and 0 interrupted iterations
oscillating   [  25% ] 80/80 VUs  02m59.0s/12m00.0s

running (03m00.0s), 80/80 VUs, 2840 complete and 0 interrupted iterations
oscillating   [  25% ] 80/80 VUs  03m00.0s/12m00.0s

running (03m01.0s), 80/80 VUs, 2853 complete and 0 interrupted iterations
oscillating   [  25% ] 80/80 VUs  03m01.0s/12m00.0s

running (03m02.0s), 80/80 VUs, 2867 complete and 0 interrupted iterations
oscillating   [  25% ] 80/80 VUs  03m02.0s/12m00.0s

running (03m03.0s), 80/80 VUs, 2893 complete and 0 interrupted iterations
oscillating   [  25% ] 80/80 VUs  03m03.0s/12m00.0s

running (03m04.0s), 80/80 VUs, 2893 complete and 0 interrupted iterations
oscillating   [  26% ] 80/80 VUs  03m04.0s/12m00.0s

running (03m05.0s), 80/80 VUs, 2920 complete and 0 interrupted iterations
oscillating   [  26% ] 80/80 VUs  03m05.0s/12m00.0s

running (03m06.0s), 80/80 VUs, 2947 complete and 0 interrupted iterations
oscillating   [  26% ] 80/80 VUs  03m06.0s/12m00.0s

running (03m07.0s), 80/80 VUs, 2947 complete and 0 interrupted iterations
oscillating   [  26% ] 80/80 VUs  03m07.0s/12m00.0s

running (03m08.0s), 80/80 VUs, 2973 complete and 0 interrupted iterations
oscillating   [  26% ] 80/80 VUs  03m08.0s/12m00.0s

running (03m09.0s), 80/80 VUs, 2973 complete and 0 interrupted iterations
oscillating   [  26% ] 80/80 VUs  03m09.0s/12m00.0s

running (03m10.0s), 80/80 VUs, 2996 complete and 0 interrupted iterations
oscillating   [  26% ] 80/80 VUs  03m10.0s/12m00.0s

running (03m11.0s), 80/80 VUs, 3024 complete and 0 interrupted iterations
oscillating   [  27% ] 80/80 VUs  03m11.0s/12m00.0s

running (03m12.0s), 80/80 VUs, 3024 complete and 0 interrupted iterations
oscillating   [  27% ] 80/80 VUs  03m12.0s/12m00.0s

running (03m13.0s), 80/80 VUs, 3051 complete and 0 interrupted iterations
oscillating   [  27% ] 80/80 VUs  03m13.0s/12m00.0s

running (03m14.0s), 80/80 VUs, 3059 complete and 0 interrupted iterations
oscillating   [  27% ] 80/80 VUs  03m14.0s/12m00.0s

running (03m15.0s), 80/80 VUs, 3089 complete and 0 interrupted iterations
oscillating   [  27% ] 80/80 VUs  03m15.0s/12m00.0s

running (03m16.0s), 80/80 VUs, 3089 complete and 0 interrupted iterations
oscillating   [  27% ] 80/80 VUs  03m16.0s/12m00.0s

running (03m17.0s), 80/80 VUs, 3115 complete and 0 interrupted iterations
oscillating   [  27% ] 80/80 VUs  03m17.0s/12m00.0s

running (03m18.0s), 80/80 VUs, 3115 complete and 0 interrupted iterations
oscillating   [  27% ] 80/80 VUs  03m18.0s/12m00.0s

running (03m19.0s), 80/80 VUs, 3141 complete and 0 interrupted iterations
oscillating   [  28% ] 80/80 VUs  03m19.0s/12m00.0s

running (03m20.0s), 80/80 VUs, 3168 complete and 0 interrupted iterations
oscillating   [  28% ] 80/80 VUs  03m20.0s/12m00.0s

running (03m21.0s), 80/80 VUs, 3168 complete and 0 interrupted iterations
oscillating   [  28% ] 80/80 VUs  03m21.0s/12m00.0s

running (03m22.0s), 80/80 VUs, 3195 complete and 0 interrupted iterations
oscillating   [  28% ] 80/80 VUs  03m22.0s/12m00.0s

running (03m23.0s), 80/80 VUs, 3195 complete and 0 interrupted iterations
oscillating   [  28% ] 80/80 VUs  03m23.0s/12m00.0s

running (03m24.0s), 80/80 VUs, 3220 complete and 0 interrupted iterations
oscillating   [  28% ] 80/80 VUs  03m24.0s/12m00.0s

running (03m25.0s), 80/80 VUs, 3247 complete and 0 interrupted iterations
oscillating   [  28% ] 80/80 VUs  03m25.0s/12m00.0s

running (03m26.0s), 80/80 VUs, 3247 complete and 0 interrupted iterations
oscillating   [  29% ] 80/80 VUs  03m26.0s/12m00.0s

running (03m27.0s), 80/80 VUs, 3274 complete and 0 interrupted iterations
oscillating   [  29% ] 80/80 VUs  03m27.0s/12m00.0s

running (03m28.0s), 80/80 VUs, 3274 complete and 0 interrupted iterations
oscillating   [  29% ] 80/80 VUs  03m28.0s/12m00.0s

running (03m29.0s), 80/80 VUs, 3301 complete and 0 interrupted iterations
oscillating   [  29% ] 80/80 VUs  03m29.0s/12m00.0s

running (03m30.0s), 80/80 VUs, 3319 complete and 0 interrupted iterations
oscillating   [  29% ] 80/80 VUs  03m30.0s/12m00.0s

running (03m31.0s), 80/80 VUs, 3319 complete and 0 interrupted iterations
oscillating   [  29% ] 80/80 VUs  03m31.0s/12m00.0s

running (03m32.0s), 76/80 VUs, 3346 complete and 0 interrupted iterations
oscillating   [  29% ] 76/80 VUs  03m32.0s/12m00.0s

running (03m33.0s), 73/80 VUs, 3373 complete and 0 interrupted iterations
oscillating   [  30% ] 73/80 VUs  03m33.0s/12m00.0s

running (03m34.0s), 64/80 VUs, 3400 complete and 0 interrupted iterations
oscillating   [  30% ] 64/80 VUs  03m34.0s/12m00.0s

running (03m35.0s), 54/80 VUs, 3424 complete and 0 interrupted iterations
oscillating   [  30% ] 54/80 VUs  03m35.0s/12m00.0s

running (03m36.0s), 44/80 VUs, 3453 complete and 0 interrupted iterations
oscillating   [  30% ] 44/80 VUs  03m36.0s/12m00.0s

running (03m37.0s), 35/80 VUs, 3498 complete and 0 interrupted iterations
oscillating   [  30% ] 35/80 VUs  03m37.0s/12m00.0s

running (03m38.0s), 26/80 VUs, 3548 complete and 0 interrupted iterations
oscillating   [  30% ] 26/80 VUs  03m38.0s/12m00.0s

running (03m39.0s), 20/80 VUs, 3581 complete and 0 interrupted iterations
oscillating   [  30% ] 20/80 VUs  03m39.0s/12m00.0s

running (03m40.0s), 14/80 VUs, 3609 complete and 0 interrupted iterations
oscillating   [  31% ] 14/80 VUs  03m40.0s/12m00.0s

running (03m41.0s), 10/80 VUs, 3628 complete and 0 interrupted iterations
oscillating   [  31% ] 10/80 VUs  03m41.0s/12m00.0s

running (03m42.0s), 10/80 VUs, 3642 complete and 0 interrupted iterations
oscillating   [  31% ] 10/80 VUs  03m42.0s/12m00.0s

running (03m43.0s), 10/80 VUs, 3657 complete and 0 interrupted iterations
oscillating   [  31% ] 10/80 VUs  03m43.0s/12m00.0s

running (03m44.0s), 10/80 VUs, 3672 complete and 0 interrupted iterations
oscillating   [  31% ] 10/80 VUs  03m44.0s/12m00.0s

running (03m45.0s), 10/80 VUs, 3687 complete and 0 interrupted iterations
oscillating   [  31% ] 10/80 VUs  03m45.0s/12m00.0s

running (03m46.0s), 10/80 VUs, 3701 complete and 0 interrupted iterations
oscillating   [  31% ] 10/80 VUs  03m46.0s/12m00.0s

running (03m47.0s), 10/80 VUs, 3716 complete and 0 interrupted iterations
oscillating   [  32% ] 10/80 VUs  03m47.0s/12m00.0s

running (03m48.0s), 10/80 VUs, 3731 complete and 0 interrupted iterations
oscillating   [  32% ] 10/80 VUs  03m48.0s/12m00.0s

running (03m49.0s), 10/80 VUs, 3747 complete and 0 interrupted iterations
oscillating   [  32% ] 10/80 VUs  03m49.0s/12m00.0s

running (03m50.0s), 10/80 VUs, 3759 complete and 0 interrupted iterations
oscillating   [  32% ] 10/80 VUs  03m50.0s/12m00.0s

running (03m51.0s), 10/80 VUs, 3773 complete and 0 interrupted iterations
oscillating   [  32% ] 10/80 VUs  03m51.0s/12m00.0s

running (03m52.0s), 10/80 VUs, 3788 complete and 0 interrupted iterations
oscillating   [  32% ] 10/80 VUs  03m52.0s/12m00.0s

running (03m53.0s), 10/80 VUs, 3803 complete and 0 interrupted iterations
oscillating   [  32% ] 10/80 VUs  03m53.0s/12m00.0s

running (03m54.0s), 10/80 VUs, 3816 complete and 0 interrupted iterations
oscillating   [  32% ] 10/80 VUs  03m54.0s/12m00.0s

running (03m55.0s), 10/80 VUs, 3829 complete and 0 interrupted iterations
oscillating   [  33% ] 10/80 VUs  03m55.0s/12m00.0s

running (03m56.0s), 10/80 VUs, 3845 complete and 0 interrupted iterations
oscillating   [  33% ] 10/80 VUs  03m56.0s/12m00.0s

running (03m57.0s), 10/80 VUs, 3856 complete and 0 interrupted iterations
oscillating   [  33% ] 10/80 VUs  03m57.0s/12m00.0s

running (03m58.0s), 10/80 VUs, 3874 complete and 0 interrupted iterations
oscillating   [  33% ] 10/80 VUs  03m58.0s/12m00.0s

running (03m59.0s), 10/80 VUs, 3886 complete and 0 interrupted iterations
oscillating   [  33% ] 10/80 VUs  03m59.0s/12m00.0s

running (04m00.0s), 10/80 VUs, 3902 complete and 0 interrupted iterations
oscillating   [  33% ] 10/80 VUs  04m00.0s/12m00.0s

running (04m01.0s), 10/80 VUs, 3916 complete and 0 interrupted iterations
oscillating   [  33% ] 10/80 VUs  04m01.0s/12m00.0s

running (04m02.0s), 10/80 VUs, 3927 complete and 0 interrupted iterations
oscillating   [  34% ] 10/80 VUs  04m02.0s/12m00.0s

running (04m03.0s), 10/80 VUs, 3942 complete and 0 interrupted iterations
oscillating   [  34% ] 10/80 VUs  04m03.0s/12m00.0s

running (04m04.0s), 10/80 VUs, 3957 complete and 0 interrupted iterations
oscillating   [  34% ] 10/80 VUs  04m04.0s/12m00.0s

running (04m05.0s), 10/80 VUs, 3972 complete and 0 interrupted iterations
oscillating   [  34% ] 10/80 VUs  04m05.0s/12m00.0s

running (04m06.0s), 10/80 VUs, 3987 complete and 0 interrupted iterations
oscillating   [  34% ] 10/80 VUs  04m06.0s/12m00.0s

running (04m07.0s), 10/80 VUs, 4001 complete and 0 interrupted iterations
oscillating   [  34% ] 10/80 VUs  04m07.0s/12m00.0s

running (04m08.0s), 10/80 VUs, 4012 complete and 0 interrupted iterations
oscillating   [  34% ] 10/80 VUs  04m08.0s/12m00.0s

running (04m09.0s), 10/80 VUs, 4027 complete and 0 interrupted iterations
oscillating   [  35% ] 10/80 VUs  04m09.0s/12m00.0s

running (04m10.0s), 10/80 VUs, 4042 complete and 0 interrupted iterations
oscillating   [  35% ] 10/80 VUs  04m10.0s/12m00.0s

running (04m11.0s), 10/80 VUs, 4056 complete and 0 interrupted iterations
oscillating   [  35% ] 10/80 VUs  04m11.0s/12m00.0s

running (04m12.0s), 10/80 VUs, 4070 complete and 0 interrupted iterations
oscillating   [  35% ] 10/80 VUs  04m12.0s/12m00.0s

running (04m13.0s), 10/80 VUs, 4084 complete and 0 interrupted iterations
oscillating   [  35% ] 10/80 VUs  04m13.0s/12m00.0s

running (04m14.0s), 10/80 VUs, 4098 complete and 0 interrupted iterations
oscillating   [  35% ] 10/80 VUs  04m14.0s/12m00.0s

running (04m15.0s), 10/80 VUs, 4113 complete and 0 interrupted iterations
oscillating   [  35% ] 10/80 VUs  04m15.0s/12m00.0s

running (04m16.0s), 10/80 VUs, 4125 complete and 0 interrupted iterations
oscillating   [  36% ] 10/80 VUs  04m16.0s/12m00.0s

running (04m17.0s), 10/80 VUs, 4140 complete and 0 interrupted iterations
oscillating   [  36% ] 10/80 VUs  04m17.0s/12m00.0s

running (04m18.0s), 10/80 VUs, 4154 complete and 0 interrupted iterations
oscillating   [  36% ] 10/80 VUs  04m18.0s/12m00.0s

running (04m19.0s), 10/80 VUs, 4169 complete and 0 interrupted iterations
oscillating   [  36% ] 10/80 VUs  04m19.0s/12m00.0s

running (04m20.0s), 10/80 VUs, 4186 complete and 0 interrupted iterations
oscillating   [  36% ] 10/80 VUs  04m20.0s/12m00.0s

running (04m21.0s), 10/80 VUs, 4199 complete and 0 interrupted iterations
oscillating   [  36% ] 10/80 VUs  04m21.0s/12m00.0s

running (04m22.0s), 10/80 VUs, 4214 complete and 0 interrupted iterations
oscillating   [  36% ] 10/80 VUs  04m22.0s/12m00.0s

running (04m23.0s), 10/80 VUs, 4228 complete and 0 interrupted iterations
oscillating   [  37% ] 10/80 VUs  04m23.0s/12m00.0s

running (04m24.0s), 10/80 VUs, 4241 complete and 0 interrupted iterations
oscillating   [  37% ] 10/80 VUs  04m24.0s/12m00.0s

running (04m25.0s), 10/80 VUs, 4258 complete and 0 interrupted iterations
oscillating   [  37% ] 10/80 VUs  04m25.0s/12m00.0s

running (04m26.0s), 10/80 VUs, 4270 complete and 0 interrupted iterations
oscillating   [  37% ] 10/80 VUs  04m26.0s/12m00.0s

running (04m27.0s), 10/80 VUs, 4286 complete and 0 interrupted iterations
oscillating   [  37% ] 10/80 VUs  04m27.0s/12m00.0s

running (04m28.0s), 10/80 VUs, 4298 complete and 0 interrupted iterations
oscillating   [  37% ] 10/80 VUs  04m28.0s/12m00.0s

running (04m29.0s), 10/80 VUs, 4314 complete and 0 interrupted iterations
oscillating   [  37% ] 10/80 VUs  04m29.0s/12m00.0s

running (04m30.0s), 10/80 VUs, 4327 complete and 0 interrupted iterations
oscillating   [  37% ] 10/80 VUs  04m30.0s/12m00.0s

running (04m31.0s), 10/80 VUs, 4338 complete and 0 interrupted iterations
oscillating   [  38% ] 10/80 VUs  04m31.0s/12m00.0s

running (04m32.0s), 10/80 VUs, 4354 complete and 0 interrupted iterations
oscillating   [  38% ] 10/80 VUs  04m32.0s/12m00.0s

running (04m33.0s), 10/80 VUs, 4367 complete and 0 interrupted iterations
oscillating   [  38% ] 10/80 VUs  04m33.0s/12m00.0s

running (04m34.0s), 10/80 VUs, 4381 complete and 0 interrupted iterations
oscillating   [  38% ] 10/80 VUs  04m34.0s/12m00.0s

running (04m35.0s), 10/80 VUs, 4393 complete and 0 interrupted iterations
oscillating   [  38% ] 10/80 VUs  04m35.0s/12m00.0s

running (04m36.0s), 10/80 VUs, 4409 complete and 0 interrupted iterations
oscillating   [  38% ] 10/80 VUs  04m36.0s/12m00.0s

running (04m37.0s), 10/80 VUs, 4422 complete and 0 interrupted iterations
oscillating   [  38% ] 10/80 VUs  04m37.0s/12m00.0s

running (04m38.0s), 10/80 VUs, 4438 complete and 0 interrupted iterations
oscillating   [  39% ] 10/80 VUs  04m38.0s/12m00.0s

running (04m39.0s), 10/80 VUs, 4451 complete and 0 interrupted iterations
oscillating   [  39% ] 10/80 VUs  04m39.0s/12m00.0s

running (04m40.0s), 10/80 VUs, 4465 complete and 0 interrupted iterations
oscillating   [  39% ] 10/80 VUs  04m40.0s/12m00.0s

running (04m41.0s), 10/80 VUs, 4479 complete and 0 interrupted iterations
oscillating   [  39% ] 10/80 VUs  04m41.0s/12m00.0s

running (04m42.0s), 10/80 VUs, 4494 complete and 0 interrupted iterations
oscillating   [  39% ] 10/80 VUs  04m42.0s/12m00.0s

running (04m43.0s), 10/80 VUs, 4508 complete and 0 interrupted iterations
oscillating   [  39% ] 10/80 VUs  04m43.0s/12m00.0s

running (04m44.0s), 10/80 VUs, 4523 complete and 0 interrupted iterations
oscillating   [  39% ] 10/80 VUs  04m44.0s/12m00.0s

running (04m45.0s), 10/80 VUs, 4538 complete and 0 interrupted iterations
oscillating   [  40% ] 10/80 VUs  04m45.0s/12m00.0s

running (04m46.0s), 10/80 VUs, 4551 complete and 0 interrupted iterations
oscillating   [  40% ] 10/80 VUs  04m46.0s/12m00.0s

running (04m47.0s), 10/80 VUs, 4564 complete and 0 interrupted iterations
oscillating   [  40% ] 10/80 VUs  04m47.0s/12m00.0s

running (04m48.0s), 10/80 VUs, 4581 complete and 0 interrupted iterations
oscillating   [  40% ] 10/80 VUs  04m48.0s/12m00.0s

running (04m49.0s), 10/80 VUs, 4593 complete and 0 interrupted iterations
oscillating   [  40% ] 10/80 VUs  04m49.0s/12m00.0s

running (04m50.0s), 10/80 VUs, 4609 complete and 0 interrupted iterations
oscillating   [  40% ] 10/80 VUs  04m50.0s/12m00.0s

running (04m51.0s), 10/80 VUs, 4623 complete and 0 interrupted iterations
oscillating   [  40% ] 10/80 VUs  04m51.0s/12m00.0s

running (04m52.0s), 10/80 VUs, 4638 complete and 0 interrupted iterations
oscillating   [  41% ] 10/80 VUs  04m52.0s/12m00.0s

running (04m53.0s), 10/80 VUs, 4652 complete and 0 interrupted iterations
oscillating   [  41% ] 10/80 VUs  04m53.0s/12m00.0s

running (04m54.0s), 10/80 VUs, 4667 complete and 0 interrupted iterations
oscillating   [  41% ] 10/80 VUs  04m54.0s/12m00.0s

running (04m55.0s), 10/80 VUs, 4680 complete and 0 interrupted iterations
oscillating   [  41% ] 10/80 VUs  04m55.0s/12m00.0s

running (04m56.0s), 10/80 VUs, 4693 complete and 0 interrupted iterations
oscillating   [  41% ] 10/80 VUs  04m56.0s/12m00.0s

running (04m57.0s), 10/80 VUs, 4708 complete and 0 interrupted iterations
oscillating   [  41% ] 10/80 VUs  04m57.0s/12m00.0s

running (04m58.0s), 10/80 VUs, 4722 complete and 0 interrupted iterations
oscillating   [  41% ] 10/80 VUs  04m58.0s/12m00.0s

running (04m59.0s), 10/80 VUs, 4736 complete and 0 interrupted iterations
oscillating   [  42% ] 10/80 VUs  04m59.0s/12m00.0s

running (05m00.0s), 10/80 VUs, 4751 complete and 0 interrupted iterations
oscillating   [  42% ] 10/80 VUs  05m00.0s/12m00.0s

running (05m01.0s), 16/80 VUs, 4766 complete and 0 interrupted iterations
oscillating   [  42% ] 16/80 VUs  05m01.0s/12m00.0s

running (05m02.0s), 23/80 VUs, 4792 complete and 0 interrupted iterations
oscillating   [  42% ] 23/80 VUs  05m02.0s/12m00.0s

running (05m03.0s), 30/80 VUs, 4825 complete and 0 interrupted iterations
oscillating   [  42% ] 30/80 VUs  05m03.0s/12m00.0s

running (05m04.0s), 37/80 VUs, 4869 complete and 0 interrupted iterations
oscillating   [  42% ] 37/80 VUs  05m04.0s/12m00.0s

running (05m05.0s), 44/80 VUs, 4915 complete and 0 interrupted iterations
oscillating   [  42% ] 44/80 VUs  05m05.0s/12m00.0s

running (05m06.0s), 51/80 VUs, 4958 complete and 0 interrupted iterations
oscillating   [  42% ] 51/80 VUs  05m06.0s/12m00.0s

running (05m07.0s), 58/80 VUs, 4996 complete and 0 interrupted iterations
oscillating   [  43% ] 58/80 VUs  05m07.0s/12m00.0s

running (05m08.0s), 65/80 VUs, 5027 complete and 0 interrupted iterations
oscillating   [  43% ] 65/80 VUs  05m08.0s/12m00.0s

running (05m09.0s), 72/80 VUs, 5058 complete and 0 interrupted iterations
oscillating   [  43% ] 72/80 VUs  05m09.0s/12m00.0s

running (05m10.0s), 79/80 VUs, 5086 complete and 0 interrupted iterations
oscillating   [  43% ] 79/80 VUs  05m10.0s/12m00.0s

running (05m11.0s), 80/80 VUs, 5112 complete and 0 interrupted iterations
oscillating   [  43% ] 80/80 VUs  05m11.0s/12m00.0s

running (05m12.0s), 80/80 VUs, 5113 complete and 0 interrupted iterations
oscillating   [  43% ] 80/80 VUs  05m12.0s/12m00.0s

running (05m13.0s), 80/80 VUs, 5141 complete and 0 interrupted iterations
oscillating   [  43% ] 80/80 VUs  05m13.0s/12m00.0s

running (05m14.0s), 80/80 VUs, 5141 complete and 0 interrupted iterations
oscillating   [  44% ] 80/80 VUs  05m14.0s/12m00.0s

running (05m15.0s), 80/80 VUs, 5167 complete and 0 interrupted iterations
oscillating   [  44% ] 80/80 VUs  05m15.0s/12m00.0s

running (05m16.0s), 80/80 VUs, 5187 complete and 0 interrupted iterations
oscillating   [  44% ] 80/80 VUs  05m16.0s/12m00.0s

running (05m17.0s), 80/80 VUs, 5187 complete and 0 interrupted iterations
oscillating   [  44% ] 80/80 VUs  05m17.0s/12m00.0s

running (05m18.0s), 80/80 VUs, 5216 complete and 0 interrupted iterations
oscillating   [  44% ] 80/80 VUs  05m18.0s/12m00.0s

running (05m19.0s), 80/80 VUs, 5242 complete and 0 interrupted iterations
oscillating   [  44% ] 80/80 VUs  05m19.0s/12m00.0s

running (05m20.0s), 80/80 VUs, 5242 complete and 0 interrupted iterations
oscillating   [  44% ] 80/80 VUs  05m20.0s/12m00.0s

running (05m21.0s), 80/80 VUs, 5269 complete and 0 interrupted iterations
oscillating   [  45% ] 80/80 VUs  05m21.0s/12m00.0s

running (05m22.0s), 80/80 VUs, 5269 complete and 0 interrupted iterations
oscillating   [  45% ] 80/80 VUs  05m22.0s/12m00.0s

running (05m23.0s), 80/80 VUs, 5295 complete and 0 interrupted iterations
oscillating   [  45% ] 80/80 VUs  05m23.0s/12m00.0s

running (05m24.0s), 80/80 VUs, 5322 complete and 0 interrupted iterations
oscillating   [  45% ] 80/80 VUs  05m24.0s/12m00.0s

running (05m25.0s), 80/80 VUs, 5322 complete and 0 interrupted iterations
oscillating   [  45% ] 80/80 VUs  05m25.0s/12m00.0s

running (05m26.0s), 80/80 VUs, 5348 complete and 0 interrupted iterations
oscillating   [  45% ] 80/80 VUs  05m26.0s/12m00.0s

running (05m27.0s), 80/80 VUs, 5348 complete and 0 interrupted iterations
oscillating   [  45% ] 80/80 VUs  05m27.0s/12m00.0s

running (05m28.0s), 80/80 VUs, 5375 complete and 0 interrupted iterations
oscillating   [  46% ] 80/80 VUs  05m28.0s/12m00.0s

running (05m29.0s), 80/80 VUs, 5402 complete and 0 interrupted iterations
oscillating   [  46% ] 80/80 VUs  05m29.0s/12m00.0s

running (05m30.0s), 80/80 VUs, 5402 complete and 0 interrupted iterations
oscillating   [  46% ] 80/80 VUs  05m30.0s/12m00.0s

running (05m31.0s), 80/80 VUs, 5428 complete and 0 interrupted iterations
oscillating   [  46% ] 80/80 VUs  05m31.0s/12m00.0s

running (05m32.0s), 80/80 VUs, 5428 complete and 0 interrupted iterations
oscillating   [  46% ] 80/80 VUs  05m32.0s/12m00.0s

running (05m33.0s), 80/80 VUs, 5455 complete and 0 interrupted iterations
oscillating   [  46% ] 80/80 VUs  05m33.0s/12m00.0s

running (05m34.0s), 80/80 VUs, 5482 complete and 0 interrupted iterations
oscillating   [  46% ] 80/80 VUs  05m34.0s/12m00.0s

running (05m35.0s), 80/80 VUs, 5482 complete and 0 interrupted iterations
oscillating   [  47% ] 80/80 VUs  05m35.0s/12m00.0s

running (05m36.0s), 80/80 VUs, 5508 complete and 0 interrupted iterations
oscillating   [  47% ] 80/80 VUs  05m36.0s/12m00.0s

running (05m37.0s), 80/80 VUs, 5535 complete and 0 interrupted iterations
oscillating   [  47% ] 80/80 VUs  05m37.0s/12m00.0s

running (05m38.0s), 80/80 VUs, 5535 complete and 0 interrupted iterations
oscillating   [  47% ] 80/80 VUs  05m38.0s/12m00.0s

running (05m39.0s), 80/80 VUs, 5562 complete and 0 interrupted iterations
oscillating   [  47% ] 80/80 VUs  05m39.0s/12m00.0s

running (05m40.0s), 80/80 VUs, 5562 complete and 0 interrupted iterations
oscillating   [  47% ] 80/80 VUs  05m40.0s/12m00.0s

running (05m41.0s), 80/80 VUs, 5588 complete and 0 interrupted iterations
oscillating   [  47% ] 80/80 VUs  05m41.0s/12m00.0s

running (05m42.0s), 80/80 VUs, 5588 complete and 0 interrupted iterations
oscillating   [  47% ] 80/80 VUs  05m42.0s/12m00.0s

running (05m43.0s), 80/80 VUs, 5615 complete and 0 interrupted iterations
oscillating   [  48% ] 80/80 VUs  05m43.0s/12m00.0s

running (05m44.0s), 80/80 VUs, 5642 complete and 0 interrupted iterations
oscillating   [  48% ] 80/80 VUs  05m44.0s/12m00.0s

running (05m45.0s), 80/80 VUs, 5642 complete and 0 interrupted iterations
oscillating   [  48% ] 80/80 VUs  05m45.0s/12m00.0s

running (05m46.0s), 80/80 VUs, 5668 complete and 0 interrupted iterations
oscillating   [  48% ] 80/80 VUs  05m46.0s/12m00.0s

running (05m47.0s), 80/80 VUs, 5668 complete and 0 interrupted iterations
oscillating   [  48% ] 80/80 VUs  05m47.0s/12m00.0s

running (05m48.0s), 80/80 VUs, 5693 complete and 0 interrupted iterations
oscillating   [  48% ] 80/80 VUs  05m48.0s/12m00.0s

running (05m49.0s), 80/80 VUs, 5720 complete and 0 interrupted iterations
oscillating   [  48% ] 80/80 VUs  05m49.0s/12m00.0s

running (05m50.0s), 80/80 VUs, 5720 complete and 0 interrupted iterations
oscillating   [  49% ] 80/80 VUs  05m50.0s/12m00.0s

running (05m51.0s), 80/80 VUs, 5747 complete and 0 interrupted iterations
oscillating   [  49% ] 80/80 VUs  05m51.0s/12m00.0s

running (05m52.0s), 80/80 VUs, 5747 complete and 0 interrupted iterations
oscillating   [  49% ] 80/80 VUs  05m52.0s/12m00.0s

running (05m53.0s), 80/80 VUs, 5774 complete and 0 interrupted iterations
oscillating   [  49% ] 80/80 VUs  05m53.0s/12m00.0s

running (05m54.0s), 80/80 VUs, 5799 complete and 0 interrupted iterations
oscillating   [  49% ] 80/80 VUs  05m54.0s/12m00.0s

running (05m55.0s), 80/80 VUs, 5799 complete and 0 interrupted iterations
oscillating   [  49% ] 80/80 VUs  05m55.0s/12m00.0s

running (05m56.0s), 80/80 VUs, 5826 complete and 0 interrupted iterations
oscillating   [  49% ] 80/80 VUs  05m56.0s/12m00.0s

running (05m57.0s), 80/80 VUs, 5845 complete and 0 interrupted iterations
oscillating   [  50% ] 80/80 VUs  05m57.0s/12m00.0s

running (05m58.0s), 80/80 VUs, 5853 complete and 0 interrupted iterations
oscillating   [  50% ] 80/80 VUs  05m58.0s/12m00.0s

running (05m59.0s), 80/80 VUs, 5880 complete and 0 interrupted iterations
oscillating   [  50% ] 80/80 VUs  05m59.0s/12m00.0s

running (06m00.0s), 80/80 VUs, 5880 complete and 0 interrupted iterations
oscillating   [  50% ] 80/80 VUs  06m00.0s/12m00.0s

running (06m01.0s), 80/80 VUs, 5905 complete and 0 interrupted iterations
oscillating   [  50% ] 80/80 VUs  06m01.0s/12m00.0s

running (06m02.0s), 80/80 VUs, 5933 complete and 0 interrupted iterations
oscillating   [  50% ] 80/80 VUs  06m02.0s/12m00.0s

running (06m03.0s), 80/80 VUs, 5933 complete and 0 interrupted iterations
oscillating   [  50% ] 80/80 VUs  06m03.0s/12m00.0s

running (06m04.0s), 80/80 VUs, 5959 complete and 0 interrupted iterations
oscillating   [  51% ] 80/80 VUs  06m04.0s/12m00.0s

running (06m05.0s), 80/80 VUs, 5959 complete and 0 interrupted iterations
oscillating   [  51% ] 80/80 VUs  06m05.0s/12m00.0s

running (06m06.0s), 80/80 VUs, 5980 complete and 0 interrupted iterations
oscillating   [  51% ] 80/80 VUs  06m06.0s/12m00.0s

running (06m07.0s), 80/80 VUs, 6007 complete and 0 interrupted iterations
oscillating   [  51% ] 80/80 VUs  06m07.0s/12m00.0s

running (06m08.0s), 80/80 VUs, 6007 complete and 0 interrupted iterations
oscillating   [  51% ] 80/80 VUs  06m08.0s/12m00.0s

running (06m09.0s), 80/80 VUs, 6034 complete and 0 interrupted iterations
oscillating   [  51% ] 80/80 VUs  06m09.0s/12m00.0s

running (06m10.0s), 80/80 VUs, 6061 complete and 0 interrupted iterations
oscillating   [  51% ] 80/80 VUs  06m10.0s/12m00.0s

running (06m11.0s), 80/80 VUs, 6061 complete and 0 interrupted iterations
oscillating   [  52% ] 80/80 VUs  06m11.0s/12m00.0s

running (06m12.0s), 80/80 VUs, 6087 complete and 0 interrupted iterations
oscillating   [  52% ] 80/80 VUs  06m12.0s/12m00.0s

running (06m13.0s), 80/80 VUs, 6087 complete and 0 interrupted iterations
oscillating   [  52% ] 80/80 VUs  06m13.0s/12m00.0s

running (06m14.0s), 80/80 VUs, 6114 complete and 0 interrupted iterations
oscillating   [  52% ] 80/80 VUs  06m14.0s/12m00.0s

running (06m15.0s), 80/80 VUs, 6141 complete and 0 interrupted iterations
oscillating   [  52% ] 80/80 VUs  06m15.0s/12m00.0s

running (06m16.0s), 80/80 VUs, 6141 complete and 0 interrupted iterations
oscillating   [  52% ] 80/80 VUs  06m16.0s/12m00.0s

running (06m17.0s), 80/80 VUs, 6167 complete and 0 interrupted iterations
oscillating   [  52% ] 80/80 VUs  06m17.0s/12m00.0s

running (06m18.0s), 80/80 VUs, 6167 complete and 0 interrupted iterations
oscillating   [  52% ] 80/80 VUs  06m18.0s/12m00.0s

running (06m19.0s), 80/80 VUs, 6192 complete and 0 interrupted iterations
oscillating   [  53% ] 80/80 VUs  06m19.0s/12m00.0s

running (06m20.0s), 80/80 VUs, 6219 complete and 0 interrupted iterations
oscillating   [  53% ] 80/80 VUs  06m20.0s/12m00.0s

running (06m21.0s), 80/80 VUs, 6219 complete and 0 interrupted iterations
oscillating   [  53% ] 80/80 VUs  06m21.0s/12m00.0s

running (06m22.0s), 80/80 VUs, 6246 complete and 0 interrupted iterations
oscillating   [  53% ] 80/80 VUs  06m22.0s/12m00.0s

running (06m23.0s), 80/80 VUs, 6271 complete and 0 interrupted iterations
oscillating   [  53% ] 80/80 VUs  06m23.0s/12m00.0s

running (06m24.0s), 80/80 VUs, 6273 complete and 0 interrupted iterations
oscillating   [  53% ] 80/80 VUs  06m24.0s/12m00.0s

running (06m25.0s), 80/80 VUs, 6299 complete and 0 interrupted iterations
oscillating   [  53% ] 80/80 VUs  06m25.0s/12m00.0s

running (06m26.0s), 80/80 VUs, 6299 complete and 0 interrupted iterations
oscillating   [  54% ] 80/80 VUs  06m26.0s/12m00.0s

running (06m27.0s), 80/80 VUs, 6326 complete and 0 interrupted iterations
oscillating   [  54% ] 80/80 VUs  06m27.0s/12m00.0s

running (06m28.0s), 80/80 VUs, 6352 complete and 0 interrupted iterations
oscillating   [  54% ] 80/80 VUs  06m28.0s/12m00.0s

running (06m29.0s), 80/80 VUs, 6352 complete and 0 interrupted iterations
oscillating   [  54% ] 80/80 VUs  06m29.0s/12m00.0s

running (06m30.0s), 80/80 VUs, 6378 complete and 0 interrupted iterations
oscillating   [  54% ] 80/80 VUs  06m30.0s/12m00.0s

running (06m31.0s), 80/80 VUs, 6378 complete and 0 interrupted iterations
oscillating   [  54% ] 80/80 VUs  06m31.0s/12m00.0s

running (06m32.0s), 79/80 VUs, 6405 complete and 0 interrupted iterations
oscillating   [  54% ] 79/80 VUs  06m32.0s/12m00.0s

running (06m33.0s), 75/80 VUs, 6429 complete and 0 interrupted iterations
oscillating   [  55% ] 75/80 VUs  06m33.0s/12m00.0s

running (06m34.0s), 72/80 VUs, 6435 complete and 0 interrupted iterations
oscillating   [  55% ] 72/80 VUs  06m34.0s/12m00.0s

running (06m35.0s), 55/80 VUs, 6479 complete and 0 interrupted iterations
oscillating   [  55% ] 55/80 VUs  06m35.0s/12m00.0s

running (06m36.0s), 45/80 VUs, 6508 complete and 0 interrupted iterations
oscillating   [  55% ] 45/80 VUs  06m36.0s/12m00.0s

running (06m37.0s), 36/80 VUs, 6552 complete and 0 interrupted iterations
oscillating   [  55% ] 36/80 VUs  06m37.0s/12m00.0s

running (06m38.0s), 28/80 VUs, 6600 complete and 0 interrupted iterations
oscillating   [  55% ] 28/80 VUs  06m38.0s/12m00.0s

running (06m39.0s), 20/80 VUs, 6640 complete and 0 interrupted iterations
oscillating   [  55% ] 20/80 VUs  06m39.0s/12m00.0s

running (06m40.0s), 14/80 VUs, 6664 complete and 0 interrupted iterations
oscillating   [  56% ] 14/80 VUs  06m40.0s/12m00.0s

running (06m41.0s), 10/80 VUs, 6682 complete and 0 interrupted iterations
oscillating   [  56% ] 10/80 VUs  06m41.0s/12m00.0s

running (06m42.0s), 10/80 VUs, 6699 complete and 0 interrupted iterations
oscillating   [  56% ] 10/80 VUs  06m42.0s/12m00.0s

running (06m43.0s), 10/80 VUs, 6711 complete and 0 interrupted iterations
oscillating   [  56% ] 10/80 VUs  06m43.0s/12m00.0s

running (06m44.0s), 10/80 VUs, 6723 complete and 0 interrupted iterations
oscillating   [  56% ] 10/80 VUs  06m44.0s/12m00.0s

running (06m45.0s), 10/80 VUs, 6736 complete and 0 interrupted iterations
oscillating   [  56% ] 10/80 VUs  06m45.0s/12m00.0s

running (06m46.0s), 10/80 VUs, 6752 complete and 0 interrupted iterations
oscillating   [  56% ] 10/80 VUs  06m46.0s/12m00.0s

running (06m47.0s), 10/80 VUs, 6764 complete and 0 interrupted iterations
oscillating   [  57% ] 10/80 VUs  06m47.0s/12m00.0s

running (06m48.0s), 10/80 VUs, 6780 complete and 0 interrupted iterations
oscillating   [  57% ] 10/80 VUs  06m48.0s/12m00.0s

running (06m49.0s), 10/80 VUs, 6794 complete and 0 interrupted iterations
oscillating   [  57% ] 10/80 VUs  06m49.0s/12m00.0s

running (06m50.0s), 10/80 VUs, 6808 complete and 0 interrupted iterations
oscillating   [  57% ] 10/80 VUs  06m50.0s/12m00.0s

running (06m51.0s), 10/80 VUs, 6821 complete and 0 interrupted iterations
oscillating   [  57% ] 10/80 VUs  06m51.0s/12m00.0s

running (06m52.0s), 10/80 VUs, 6834 complete and 0 interrupted iterations
oscillating   [  57% ] 10/80 VUs  06m52.0s/12m00.0s

running (06m53.0s), 10/80 VUs, 6849 complete and 0 interrupted iterations
oscillating   [  57% ] 10/80 VUs  06m53.0s/12m00.0s

running (06m54.0s), 10/80 VUs, 6860 complete and 0 interrupted iterations
oscillating   [  57% ] 10/80 VUs  06m54.0s/12m00.0s

running (06m55.0s), 10/80 VUs, 6876 complete and 0 interrupted iterations
oscillating   [  58% ] 10/80 VUs  06m55.0s/12m00.0s

running (06m56.0s), 10/80 VUs, 6891 complete and 0 interrupted iterations
oscillating   [  58% ] 10/80 VUs  06m56.0s/12m00.0s

running (06m57.0s), 10/80 VUs, 6905 complete and 0 interrupted iterations
oscillating   [  58% ] 10/80 VUs  06m57.0s/12m00.0s

running (06m58.0s), 10/80 VUs, 6919 complete and 0 interrupted iterations
oscillating   [  58% ] 10/80 VUs  06m58.0s/12m00.0s

running (06m59.0s), 10/80 VUs, 6932 complete and 0 interrupted iterations
oscillating   [  58% ] 10/80 VUs  06m59.0s/12m00.0s

running (07m00.0s), 10/80 VUs, 6945 complete and 0 interrupted iterations
oscillating   [  58% ] 10/80 VUs  07m00.0s/12m00.0s

running (07m01.0s), 10/80 VUs, 6959 complete and 0 interrupted iterations
oscillating   [  58% ] 10/80 VUs  07m01.0s/12m00.0s

running (07m02.0s), 10/80 VUs, 6975 complete and 0 interrupted iterations
oscillating   [  59% ] 10/80 VUs  07m02.0s/12m00.0s

running (07m03.0s), 10/80 VUs, 6987 complete and 0 interrupted iterations
oscillating   [  59% ] 10/80 VUs  07m03.0s/12m00.0s

running (07m04.0s), 10/80 VUs, 7001 complete and 0 interrupted iterations
oscillating   [  59% ] 10/80 VUs  07m04.0s/12m00.0s

running (07m05.0s), 10/80 VUs, 7014 complete and 0 interrupted iterations
oscillating   [  59% ] 10/80 VUs  07m05.0s/12m00.0s

running (07m06.0s), 10/80 VUs, 7030 complete and 0 interrupted iterations
oscillating   [  59% ] 10/80 VUs  07m06.0s/12m00.0s

running (07m07.0s), 10/80 VUs, 7042 complete and 0 interrupted iterations
oscillating   [  59% ] 10/80 VUs  07m07.0s/12m00.0s

running (07m08.0s), 10/80 VUs, 7057 complete and 0 interrupted iterations
oscillating   [  59% ] 10/80 VUs  07m08.0s/12m00.0s

running (07m09.0s), 10/80 VUs, 7071 complete and 0 interrupted iterations
oscillating   [  60% ] 10/80 VUs  07m09.0s/12m00.0s

running (07m10.0s), 10/80 VUs, 7086 complete and 0 interrupted iterations
oscillating   [  60% ] 10/80 VUs  07m10.0s/12m00.0s

running (07m11.0s), 10/80 VUs, 7099 complete and 0 interrupted iterations
oscillating   [  60% ] 10/80 VUs  07m11.0s/12m00.0s

running (07m12.0s), 10/80 VUs, 7114 complete and 0 interrupted iterations
oscillating   [  60% ] 10/80 VUs  07m12.0s/12m00.0s

running (07m13.0s), 10/80 VUs, 7129 complete and 0 interrupted iterations
oscillating   [  60% ] 10/80 VUs  07m13.0s/12m00.0s

running (07m14.0s), 10/80 VUs, 7141 complete and 0 interrupted iterations
oscillating   [  60% ] 10/80 VUs  07m14.0s/12m00.0s

running (07m15.0s), 10/80 VUs, 7154 complete and 0 interrupted iterations
oscillating   [  60% ] 10/80 VUs  07m15.0s/12m00.0s

running (07m16.0s), 10/80 VUs, 7169 complete and 0 interrupted iterations
oscillating   [  61% ] 10/80 VUs  07m16.0s/12m00.0s

running (07m17.0s), 10/80 VUs, 7182 complete and 0 interrupted iterations
oscillating   [  61% ] 10/80 VUs  07m17.0s/12m00.0s

running (07m18.0s), 10/80 VUs, 7196 complete and 0 interrupted iterations
oscillating   [  61% ] 10/80 VUs  07m18.0s/12m00.0s

running (07m19.0s), 10/80 VUs, 7212 complete and 0 interrupted iterations
oscillating   [  61% ] 10/80 VUs  07m19.0s/12m00.0s

running (07m20.0s), 10/80 VUs, 7227 complete and 0 interrupted iterations
oscillating   [  61% ] 10/80 VUs  07m20.0s/12m00.0s

running (07m21.0s), 10/80 VUs, 7239 complete and 0 interrupted iterations
oscillating   [  61% ] 10/80 VUs  07m21.0s/12m00.0s

running (07m22.0s), 10/80 VUs, 7252 complete and 0 interrupted iterations
oscillating   [  61% ] 10/80 VUs  07m22.0s/12m00.0s

running (07m23.0s), 10/80 VUs, 7267 complete and 0 interrupted iterations
oscillating   [  62% ] 10/80 VUs  07m23.0s/12m00.0s

running (07m24.0s), 10/80 VUs, 7281 complete and 0 interrupted iterations
oscillating   [  62% ] 10/80 VUs  07m24.0s/12m00.0s

running (07m25.0s), 10/80 VUs, 7296 complete and 0 interrupted iterations
oscillating   [  62% ] 10/80 VUs  07m25.0s/12m00.0s

running (07m26.0s), 10/80 VUs, 7309 complete and 0 interrupted iterations
oscillating   [  62% ] 10/80 VUs  07m26.0s/12m00.0s

running (07m27.0s), 10/80 VUs, 7323 complete and 0 interrupted iterations
oscillating   [  62% ] 10/80 VUs  07m27.0s/12m00.0s

running (07m28.0s), 10/80 VUs, 7336 complete and 0 interrupted iterations
oscillating   [  62% ] 10/80 VUs  07m28.0s/12m00.0s

running (07m29.0s), 10/80 VUs, 7353 complete and 0 interrupted iterations
oscillating   [  62% ] 10/80 VUs  07m29.0s/12m00.0s

running (07m30.0s), 10/80 VUs, 7365 complete and 0 interrupted iterations
oscillating   [  62% ] 10/80 VUs  07m30.0s/12m00.0s

running (07m31.0s), 10/80 VUs, 7380 complete and 0 interrupted iterations
oscillating   [  63% ] 10/80 VUs  07m31.0s/12m00.0s

running (07m32.0s), 10/80 VUs, 7394 complete and 0 interrupted iterations
oscillating   [  63% ] 10/80 VUs  07m32.0s/12m00.0s

running (07m33.0s), 10/80 VUs, 7409 complete and 0 interrupted iterations
oscillating   [  63% ] 10/80 VUs  07m33.0s/12m00.0s

running (07m34.0s), 10/80 VUs, 7424 complete and 0 interrupted iterations
oscillating   [  63% ] 10/80 VUs  07m34.0s/12m00.0s

running (07m35.0s), 10/80 VUs, 7439 complete and 0 interrupted iterations
oscillating   [  63% ] 10/80 VUs  07m35.0s/12m00.0s

running (07m36.0s), 10/80 VUs, 7452 complete and 0 interrupted iterations
oscillating   [  63% ] 10/80 VUs  07m36.0s/12m00.0s

running (07m37.0s), 10/80 VUs, 7466 complete and 0 interrupted iterations
oscillating   [  63% ] 10/80 VUs  07m37.0s/12m00.0s

running (07m38.0s), 10/80 VUs, 7480 complete and 0 interrupted iterations
oscillating   [  64% ] 10/80 VUs  07m38.0s/12m00.0s

running (07m39.0s), 10/80 VUs, 7492 complete and 0 interrupted iterations
oscillating   [  64% ] 10/80 VUs  07m39.0s/12m00.0s

running (07m40.0s), 10/80 VUs, 7508 complete and 0 interrupted iterations
oscillating   [  64% ] 10/80 VUs  07m40.0s/12m00.0s

running (07m41.0s), 10/80 VUs, 7521 complete and 0 interrupted iterations
oscillating   [  64% ] 10/80 VUs  07m41.0s/12m00.0s

running (07m42.0s), 10/80 VUs, 7533 complete and 0 interrupted iterations
oscillating   [  64% ] 10/80 VUs  07m42.0s/12m00.0s

running (07m43.0s), 10/80 VUs, 7549 complete and 0 interrupted iterations
oscillating   [  64% ] 10/80 VUs  07m43.0s/12m00.0s

running (07m44.0s), 10/80 VUs, 7563 complete and 0 interrupted iterations
oscillating   [  64% ] 10/80 VUs  07m44.0s/12m00.0s

running (07m45.0s), 10/80 VUs, 7577 complete and 0 interrupted iterations
oscillating   [  65% ] 10/80 VUs  07m45.0s/12m00.0s

running (07m46.0s), 10/80 VUs, 7588 complete and 0 interrupted iterations
oscillating   [  65% ] 10/80 VUs  07m46.0s/12m00.0s

running (07m47.0s), 10/80 VUs, 7603 complete and 0 interrupted iterations
oscillating   [  65% ] 10/80 VUs  07m47.0s/12m00.0s

running (07m48.0s), 10/80 VUs, 7618 complete and 0 interrupted iterations
oscillating   [  65% ] 10/80 VUs  07m48.0s/12m00.0s

running (07m49.0s), 10/80 VUs, 7628 complete and 0 interrupted iterations
oscillating   [  65% ] 10/80 VUs  07m49.0s/12m00.0s

running (07m50.0s), 10/80 VUs, 7646 complete and 0 interrupted iterations
oscillating   [  65% ] 10/80 VUs  07m50.0s/12m00.0s

running (07m51.0s), 10/80 VUs, 7658 complete and 0 interrupted iterations
oscillating   [  65% ] 10/80 VUs  07m51.0s/12m00.0s

running (07m52.0s), 10/80 VUs, 7671 complete and 0 interrupted iterations
oscillating   [  66% ] 10/80 VUs  07m52.0s/12m00.0s

running (07m53.0s), 10/80 VUs, 7687 complete and 0 interrupted iterations
oscillating   [  66% ] 10/80 VUs  07m53.0s/12m00.0s

running (07m54.0s), 10/80 VUs, 7699 complete and 0 interrupted iterations
oscillating   [  66% ] 10/80 VUs  07m54.0s/12m00.0s

running (07m55.0s), 10/80 VUs, 7716 complete and 0 interrupted iterations
oscillating   [  66% ] 10/80 VUs  07m55.0s/12m00.0s

running (07m56.0s), 10/80 VUs, 7730 complete and 0 interrupted iterations
oscillating   [  66% ] 10/80 VUs  07m56.0s/12m00.0s

running (07m57.0s), 10/80 VUs, 7745 complete and 0 interrupted iterations
oscillating   [  66% ] 10/80 VUs  07m57.0s/12m00.0s

running (07m58.0s), 10/80 VUs, 7758 complete and 0 interrupted iterations
oscillating   [  66% ] 10/80 VUs  07m58.0s/12m00.0s

running (07m59.0s), 10/80 VUs, 7772 complete and 0 interrupted iterations
oscillating   [  67% ] 10/80 VUs  07m59.0s/12m00.0s

running (08m00.0s), 10/80 VUs, 7784 complete and 0 interrupted iterations
oscillating   [  67% ] 10/80 VUs  08m00.0s/12m00.0s

running (08m01.0s), 16/80 VUs, 7800 complete and 0 interrupted iterations
oscillating   [  67% ] 16/80 VUs  08m01.0s/12m00.0s

running (08m02.0s), 23/80 VUs, 7826 complete and 0 interrupted iterations
oscillating   [  67% ] 23/80 VUs  08m02.0s/12m00.0s

running (08m03.0s), 30/80 VUs, 7856 complete and 0 interrupted iterations
oscillating   [  67% ] 30/80 VUs  08m03.0s/12m00.0s

running (08m04.0s), 37/80 VUs, 7903 complete and 0 interrupted iterations
oscillating   [  67% ] 37/80 VUs  08m04.0s/12m00.0s

running (08m05.0s), 44/80 VUs, 7953 complete and 0 interrupted iterations
oscillating   [  67% ] 44/80 VUs  08m05.0s/12m00.0s

running (08m06.0s), 51/80 VUs, 7998 complete and 0 interrupted iterations
oscillating   [  67% ] 51/80 VUs  08m06.0s/12m00.0s

running (08m07.0s), 58/80 VUs, 8032 complete and 0 interrupted iterations
oscillating   [  68% ] 58/80 VUs  08m07.0s/12m00.0s

running (08m08.0s), 65/80 VUs, 8066 complete and 0 interrupted iterations
oscillating   [  68% ] 65/80 VUs  08m08.0s/12m00.0s

running (08m09.0s), 72/80 VUs, 8096 complete and 0 interrupted iterations
oscillating   [  68% ] 72/80 VUs  08m09.0s/12m00.0s

running (08m10.0s), 79/80 VUs, 8120 complete and 0 interrupted iterations
oscillating   [  68% ] 79/80 VUs  08m10.0s/12m00.0s

running (08m11.0s), 80/80 VUs, 8134 complete and 0 interrupted iterations
oscillating   [  68% ] 80/80 VUs  08m11.0s/12m00.0s

running (08m12.0s), 80/80 VUs, 8157 complete and 0 interrupted iterations
oscillating   [  68% ] 80/80 VUs  08m12.0s/12m00.0s

running (08m13.0s), 80/80 VUs, 8184 complete and 0 interrupted iterations
oscillating   [  68% ] 80/80 VUs  08m13.0s/12m00.0s

running (08m14.0s), 80/80 VUs, 8184 complete and 0 interrupted iterations
oscillating   [  69% ] 80/80 VUs  08m14.0s/12m00.0s

running (08m15.0s), 80/80 VUs, 8211 complete and 0 interrupted iterations
oscillating   [  69% ] 80/80 VUs  08m15.0s/12m00.0s

running (08m16.0s), 80/80 VUs, 8224 complete and 0 interrupted iterations
oscillating   [  69% ] 80/80 VUs  08m16.0s/12m00.0s

running (08m17.0s), 80/80 VUs, 8253 complete and 0 interrupted iterations
oscillating   [  69% ] 80/80 VUs  08m17.0s/12m00.0s

running (08m18.0s), 80/80 VUs, 8253 complete and 0 interrupted iterations
oscillating   [  69% ] 80/80 VUs  08m18.0s/12m00.0s

running (08m19.0s), 80/80 VUs, 8279 complete and 0 interrupted iterations
oscillating   [  69% ] 80/80 VUs  08m19.0s/12m00.0s

running (08m20.0s), 80/80 VUs, 8279 complete and 0 interrupted iterations
oscillating   [  69% ] 80/80 VUs  08m20.0s/12m00.0s

running (08m21.0s), 80/80 VUs, 8306 complete and 0 interrupted iterations
oscillating   [  70% ] 80/80 VUs  08m21.0s/12m00.0s

running (08m22.0s), 80/80 VUs, 8333 complete and 0 interrupted iterations
oscillating   [  70% ] 80/80 VUs  08m22.0s/12m00.0s

running (08m23.0s), 80/80 VUs, 8333 complete and 0 interrupted iterations
oscillating   [  70% ] 80/80 VUs  08m23.0s/12m00.0s

running (08m24.0s), 80/80 VUs, 8359 complete and 0 interrupted iterations
oscillating   [  70% ] 80/80 VUs  08m24.0s/12m00.0s

running (08m25.0s), 80/80 VUs, 8359 complete and 0 interrupted iterations
oscillating   [  70% ] 80/80 VUs  08m25.0s/12m00.0s

running (08m26.0s), 80/80 VUs, 8386 complete and 0 interrupted iterations
oscillating   [  70% ] 80/80 VUs  08m26.0s/12m00.0s

running (08m27.0s), 80/80 VUs, 8411 complete and 0 interrupted iterations
oscillating   [  70% ] 80/80 VUs  08m27.0s/12m00.0s

running (08m28.0s), 80/80 VUs, 8413 complete and 0 interrupted iterations
oscillating   [  71% ] 80/80 VUs  08m28.0s/12m00.0s

running (08m29.0s), 80/80 VUs, 8439 complete and 0 interrupted iterations
oscillating   [  71% ] 80/80 VUs  08m29.0s/12m00.0s

running (08m30.0s), 80/80 VUs, 8439 complete and 0 interrupted iterations
oscillating   [  71% ] 80/80 VUs  08m30.0s/12m00.0s

running (08m31.0s), 80/80 VUs, 8466 complete and 0 interrupted iterations
oscillating   [  71% ] 80/80 VUs  08m31.0s/12m00.0s

running (08m32.0s), 80/80 VUs, 8466 complete and 0 interrupted iterations
oscillating   [  71% ] 80/80 VUs  08m32.0s/12m00.0s

running (08m33.0s), 80/80 VUs, 8493 complete and 0 interrupted iterations
oscillating   [  71% ] 80/80 VUs  08m33.0s/12m00.0s

running (08m34.0s), 80/80 VUs, 8519 complete and 0 interrupted iterations
oscillating   [  71% ] 80/80 VUs  08m34.0s/12m00.0s

running (08m35.0s), 80/80 VUs, 8519 complete and 0 interrupted iterations
oscillating   [  72% ] 80/80 VUs  08m35.0s/12m00.0s

running (08m36.0s), 80/80 VUs, 8546 complete and 0 interrupted iterations
oscillating   [  72% ] 80/80 VUs  08m36.0s/12m00.0s

running (08m37.0s), 80/80 VUs, 8546 complete and 0 interrupted iterations
oscillating   [  72% ] 80/80 VUs  08m37.0s/12m00.0s

running (08m38.0s), 80/80 VUs, 8570 complete and 0 interrupted iterations
oscillating   [  72% ] 80/80 VUs  08m38.0s/12m00.0s

running (08m39.0s), 80/80 VUs, 8598 complete and 0 interrupted iterations
oscillating   [  72% ] 80/80 VUs  08m39.0s/12m00.0s

running (08m40.0s), 80/80 VUs, 8598 complete and 0 interrupted iterations
oscillating   [  72% ] 80/80 VUs  08m40.0s/12m00.0s

running (08m41.0s), 80/80 VUs, 8624 complete and 0 interrupted iterations
oscillating   [  72% ] 80/80 VUs  08m41.0s/12m00.0s

running (08m42.0s), 80/80 VUs, 8647 complete and 0 interrupted iterations
oscillating   [  72% ] 80/80 VUs  08m42.0s/12m00.0s

running (08m43.0s), 80/80 VUs, 8647 complete and 0 interrupted iterations
oscillating   [  73% ] 80/80 VUs  08m43.0s/12m00.0s

running (08m44.0s), 80/80 VUs, 8674 complete and 0 interrupted iterations
oscillating   [  73% ] 80/80 VUs  08m44.0s/12m00.0s

running (08m45.0s), 80/80 VUs, 8674 complete and 0 interrupted iterations
oscillating   [  73% ] 80/80 VUs  08m45.0s/12m00.0s

running (08m46.0s), 80/80 VUs, 8701 complete and 0 interrupted iterations
oscillating   [  73% ] 80/80 VUs  08m46.0s/12m00.0s

running (08m47.0s), 80/80 VUs, 8727 complete and 0 interrupted iterations
oscillating   [  73% ] 80/80 VUs  08m47.0s/12m00.0s

running (08m48.0s), 80/80 VUs, 8727 complete and 0 interrupted iterations
oscillating   [  73% ] 80/80 VUs  08m48.0s/12m00.0s

running (08m49.0s), 80/80 VUs, 8754 complete and 0 interrupted iterations
oscillating   [  73% ] 80/80 VUs  08m49.0s/12m00.0s

running (08m50.0s), 80/80 VUs, 8780 complete and 0 interrupted iterations
oscillating   [  74% ] 80/80 VUs  08m50.0s/12m00.0s

running (08m51.0s), 80/80 VUs, 8780 complete and 0 interrupted iterations
oscillating   [  74% ] 80/80 VUs  08m51.0s/12m00.0s

running (08m52.0s), 80/80 VUs, 8807 complete and 0 interrupted iterations
oscillating   [  74% ] 80/80 VUs  08m52.0s/12m00.0s

running (08m53.0s), 80/80 VUs, 8807 complete and 0 interrupted iterations
oscillating   [  74% ] 80/80 VUs  08m53.0s/12m00.0s

running (08m54.0s), 80/80 VUs, 8834 complete and 0 interrupted iterations
oscillating   [  74% ] 80/80 VUs  08m54.0s/12m00.0s

running (08m55.0s), 80/80 VUs, 8834 complete and 0 interrupted iterations
oscillating   [  74% ] 80/80 VUs  08m55.0s/12m00.0s

running (08m56.0s), 80/80 VUs, 8862 complete and 0 interrupted iterations
oscillating   [  74% ] 80/80 VUs  08m56.0s/12m00.0s

running (08m57.0s), 80/80 VUs, 8889 complete and 0 interrupted iterations
oscillating   [  75% ] 80/80 VUs  08m57.0s/12m00.0s

running (08m58.0s), 80/80 VUs, 8889 complete and 0 interrupted iterations
oscillating   [  75% ] 80/80 VUs  08m58.0s/12m00.0s

running (08m59.0s), 80/80 VUs, 8917 complete and 0 interrupted iterations
oscillating   [  75% ] 80/80 VUs  08m59.0s/12m00.0s

running (09m00.0s), 80/80 VUs, 8917 complete and 0 interrupted iterations
oscillating   [  75% ] 80/80 VUs  09m00.0s/12m00.0s

running (09m01.0s), 80/80 VUs, 8944 complete and 0 interrupted iterations
oscillating   [  75% ] 80/80 VUs  09m01.0s/12m00.0s

running (09m02.0s), 80/80 VUs, 8970 complete and 0 interrupted iterations
oscillating   [  75% ] 80/80 VUs  09m02.0s/12m00.0s

running (09m03.0s), 80/80 VUs, 8970 complete and 0 interrupted iterations
oscillating   [  75% ] 80/80 VUs  09m03.0s/12m00.0s

running (09m04.0s), 80/80 VUs, 8997 complete and 0 interrupted iterations
oscillating   [  76% ] 80/80 VUs  09m04.0s/12m00.0s

running (09m05.0s), 80/80 VUs, 8997 complete and 0 interrupted iterations
oscillating   [  76% ] 80/80 VUs  09m05.0s/12m00.0s

running (09m06.0s), 79/80 VUs, 9024 complete and 0 interrupted iterations
oscillating   [  76% ] 79/80 VUs  09m06.0s/12m00.0s

running (09m07.0s), 79/80 VUs, 9050 complete and 0 interrupted iterations
oscillating   [  76% ] 79/80 VUs  09m07.0s/12m00.0s

running (09m08.0s), 79/80 VUs, 9050 complete and 0 interrupted iterations
oscillating   [  76% ] 79/80 VUs  09m08.0s/12m00.0s

running (09m09.0s), 77/80 VUs, 9077 complete and 0 interrupted iterations
oscillating   [  76% ] 77/80 VUs  09m09.0s/12m00.0s

running (09m10.0s), 77/80 VUs, 9104 complete and 0 interrupted iterations
oscillating   [  76% ] 77/80 VUs  09m10.0s/12m00.0s

running (09m11.0s), 77/80 VUs, 9104 complete and 0 interrupted iterations
oscillating   [  77% ] 77/80 VUs  09m11.0s/12m00.0s

running (09m12.0s), 76/80 VUs, 9130 complete and 0 interrupted iterations
oscillating   [  77% ] 76/80 VUs  09m12.0s/12m00.0s

running (09m13.0s), 76/80 VUs, 9130 complete and 0 interrupted iterations
oscillating   [  77% ] 76/80 VUs  09m13.0s/12m00.0s

running (09m14.0s), 75/80 VUs, 9157 complete and 0 interrupted iterations
oscillating   [  77% ] 75/80 VUs  09m14.0s/12m00.0s

running (09m15.0s), 74/80 VUs, 9184 complete and 0 interrupted iterations
oscillating   [  77% ] 74/80 VUs  09m15.0s/12m00.0s

running (09m16.0s), 74/80 VUs, 9184 complete and 0 interrupted iterations
oscillating   [  77% ] 74/80 VUs  09m16.0s/12m00.0s

running (09m17.0s), 73/80 VUs, 9210 complete and 0 interrupted iterations
oscillating   [  77% ] 73/80 VUs  09m17.0s/12m00.0s

running (09m18.0s), 73/80 VUs, 9237 complete and 0 interrupted iterations
oscillating   [  77% ] 73/80 VUs  09m18.0s/12m00.0s

running (09m19.0s), 73/80 VUs, 9264 complete and 0 interrupted iterations
oscillating   [  78% ] 73/80 VUs  09m19.0s/12m00.0s

running (09m20.0s), 73/80 VUs, 9264 complete and 0 interrupted iterations
oscillating   [  78% ] 73/80 VUs  09m20.0s/12m00.0s

running (09m21.0s), 73/80 VUs, 9290 complete and 0 interrupted iterations
oscillating   [  78% ] 73/80 VUs  09m21.0s/12m00.0s

running (09m22.0s), 71/80 VUs, 9317 complete and 0 interrupted iterations
oscillating   [  78% ] 71/80 VUs  09m22.0s/12m00.0s

running (09m23.0s), 71/80 VUs, 9317 complete and 0 interrupted iterations
oscillating   [  78% ] 71/80 VUs  09m23.0s/12m00.0s

running (09m24.0s), 71/80 VUs, 9344 complete and 0 interrupted iterations
oscillating   [  78% ] 71/80 VUs  09m24.0s/12m00.0s

running (09m25.0s), 71/80 VUs, 9370 complete and 0 interrupted iterations
oscillating   [  78% ] 71/80 VUs  09m25.0s/12m00.0s

running (09m26.0s), 69/80 VUs, 9397 complete and 0 interrupted iterations
oscillating   [  79% ] 69/80 VUs  09m26.0s/12m00.0s

running (09m27.0s), 69/80 VUs, 9397 complete and 0 interrupted iterations
oscillating   [  79% ] 69/80 VUs  09m27.0s/12m00.0s

running (09m28.0s), 69/80 VUs, 9424 complete and 0 interrupted iterations
oscillating   [  79% ] 69/80 VUs  09m28.0s/12m00.0s

running (09m29.0s), 68/80 VUs, 9450 complete and 0 interrupted iterations
oscillating   [  79% ] 68/80 VUs  09m29.0s/12m00.0s

running (09m30.0s), 67/80 VUs, 9477 complete and 0 interrupted iterations
oscillating   [  79% ] 67/80 VUs  09m30.0s/12m00.0s

running (09m31.0s), 67/80 VUs, 9477 complete and 0 interrupted iterations
oscillating   [  79% ] 67/80 VUs  09m31.0s/12m00.0s

running (09m32.0s), 67/80 VUs, 9504 complete and 0 interrupted iterations
oscillating   [  79% ] 67/80 VUs  09m32.0s/12m00.0s

running (09m33.0s), 66/80 VUs, 9530 complete and 0 interrupted iterations
oscillating   [  80% ] 66/80 VUs  09m33.0s/12m00.0s

running (09m34.0s), 66/80 VUs, 9557 complete and 0 interrupted iterations
oscillating   [  80% ] 66/80 VUs  09m34.0s/12m00.0s

running (09m35.0s), 66/80 VUs, 9584 complete and 0 interrupted iterations
oscillating   [  80% ] 66/80 VUs  09m35.0s/12m00.0s

running (09m36.0s), 65/80 VUs, 9610 complete and 0 interrupted iterations
oscillating   [  80% ] 65/80 VUs  09m36.0s/12m00.0s

running (09m37.0s), 65/80 VUs, 9610 complete and 0 interrupted iterations
oscillating   [  80% ] 65/80 VUs  09m37.0s/12m00.0s

running (09m38.0s), 64/80 VUs, 9637 complete and 0 interrupted iterations
oscillating   [  80% ] 64/80 VUs  09m38.0s/12m00.0s

running (09m39.0s), 64/80 VUs, 9664 complete and 0 interrupted iterations
oscillating   [  80% ] 64/80 VUs  09m39.0s/12m00.0s

running (09m40.0s), 64/80 VUs, 9690 complete and 0 interrupted iterations
oscillating   [  81% ] 64/80 VUs  09m40.0s/12m00.0s

running (09m41.0s), 64/80 VUs, 9717 complete and 0 interrupted iterations
oscillating   [  81% ] 64/80 VUs  09m41.0s/12m00.0s

running (09m42.0s), 62/80 VUs, 9744 complete and 0 interrupted iterations
oscillating   [  81% ] 62/80 VUs  09m42.0s/12m00.0s

running (09m43.0s), 62/80 VUs, 9770 complete and 0 interrupted iterations
oscillating   [  81% ] 62/80 VUs  09m43.0s/12m00.0s

running (09m44.0s), 61/80 VUs, 9797 complete and 0 interrupted iterations
oscillating   [  81% ] 61/80 VUs  09m44.0s/12m00.0s

running (09m45.0s), 61/80 VUs, 9824 complete and 0 interrupted iterations
oscillating   [  81% ] 61/80 VUs  09m45.0s/12m00.0s

running (09m46.0s), 60/80 VUs, 9850 complete and 0 interrupted iterations
oscillating   [  81% ] 60/80 VUs  09m46.0s/12m00.0s

running (09m47.0s), 60/80 VUs, 9876 complete and 0 interrupted iterations
oscillating   [  82% ] 60/80 VUs  09m47.0s/12m00.0s

running (09m48.0s), 59/80 VUs, 9901 complete and 0 interrupted iterations
oscillating   [  82% ] 59/80 VUs  09m48.0s/12m00.0s

running (09m49.0s), 59/80 VUs, 9940 complete and 0 interrupted iterations
oscillating   [  82% ] 59/80 VUs  09m49.0s/12m00.0s

running (09m50.0s), 59/80 VUs, 9968 complete and 0 interrupted iterations
oscillating   [  82% ] 59/80 VUs  09m50.0s/12m00.0s

running (09m51.0s), 58/80 VUs, 10008 complete and 0 interrupted iterations
oscillating   [  82% ] 58/80 VUs  09m51.0s/12m00.0s

running (09m52.0s), 57/80 VUs, 10037 complete and 0 interrupted iterations
oscillating   [  82% ] 57/80 VUs  09m52.0s/12m00.0s

running (09m53.0s), 57/80 VUs, 10075 complete and 0 interrupted iterations
oscillating   [  82% ] 57/80 VUs  09m53.0s/12m00.0s

running (09m54.0s), 57/80 VUs, 10105 complete and 0 interrupted iterations
oscillating   [  82% ] 57/80 VUs  09m54.0s/12m00.0s

running (09m55.0s), 56/80 VUs, 10144 complete and 0 interrupted iterations
oscillating   [  83% ] 56/80 VUs  09m55.0s/12m00.0s

running (09m56.0s), 56/80 VUs, 10175 complete and 0 interrupted iterations
oscillating   [  83% ] 56/80 VUs  09m56.0s/12m00.0s

running (09m57.0s), 56/80 VUs, 10212 complete and 0 interrupted iterations
oscillating   [  83% ] 56/80 VUs  09m57.0s/12m00.0s

running (09m58.0s), 55/80 VUs, 10244 complete and 0 interrupted iterations
oscillating   [  83% ] 55/80 VUs  09m58.0s/12m00.0s

running (09m59.0s), 55/80 VUs, 10282 complete and 0 interrupted iterations
oscillating   [  83% ] 55/80 VUs  09m59.0s/12m00.0s

running (10m00.0s), 54/80 VUs, 10316 complete and 0 interrupted iterations
oscillating   [  83% ] 54/80 VUs  10m00.0s/12m00.0s

running (10m01.0s), 54/80 VUs, 10360 complete and 0 interrupted iterations
oscillating   [  83% ] 54/80 VUs  10m01.0s/12m00.0s

running (10m02.0s), 53/80 VUs, 10396 complete and 0 interrupted iterations
oscillating   [  84% ] 53/80 VUs  10m02.0s/12m00.0s

running (10m03.0s), 53/80 VUs, 10431 complete and 0 interrupted iterations
oscillating   [  84% ] 53/80 VUs  10m03.0s/12m00.0s

running (10m04.0s), 52/80 VUs, 10475 complete and 0 interrupted iterations
oscillating   [  84% ] 52/80 VUs  10m04.0s/12m00.0s

running (10m05.0s), 52/80 VUs, 10512 complete and 0 interrupted iterations
oscillating   [  84% ] 52/80 VUs  10m05.0s/12m00.0s

running (10m06.0s), 52/80 VUs, 10551 complete and 0 interrupted iterations
oscillating   [  84% ] 52/80 VUs  10m06.0s/12m00.0s

running (10m07.0s), 51/80 VUs, 10595 complete and 0 interrupted iterations
oscillating   [  84% ] 51/80 VUs  10m07.0s/12m00.0s

running (10m08.0s), 50/80 VUs, 10632 complete and 0 interrupted iterations
oscillating   [  84% ] 50/80 VUs  10m08.0s/12m00.0s

running (10m09.0s), 50/80 VUs, 10675 complete and 0 interrupted iterations
oscillating   [  85% ] 50/80 VUs  10m09.0s/12m00.0s

running (10m10.0s), 50/80 VUs, 10716 complete and 0 interrupted iterations
oscillating   [  85% ] 50/80 VUs  10m10.0s/12m00.0s

running (10m11.0s), 49/80 VUs, 10760 complete and 0 interrupted iterations
oscillating   [  85% ] 49/80 VUs  10m11.0s/12m00.0s

running (10m12.0s), 49/80 VUs, 10796 complete and 0 interrupted iterations
oscillating   [  85% ] 49/80 VUs  10m12.0s/12m00.0s

running (10m13.0s), 49/80 VUs, 10835 complete and 0 interrupted iterations
oscillating   [  85% ] 49/80 VUs  10m13.0s/12m00.0s

running (10m14.0s), 48/80 VUs, 10878 complete and 0 interrupted iterations
oscillating   [  85% ] 48/80 VUs  10m14.0s/12m00.0s

running (10m15.0s), 48/80 VUs, 10921 complete and 0 interrupted iterations
oscillating   [  85% ] 48/80 VUs  10m15.0s/12m00.0s

running (10m16.0s), 47/80 VUs, 10966 complete and 0 interrupted iterations
oscillating   [  86% ] 47/80 VUs  10m16.0s/12m00.0s

running (10m17.0s), 47/80 VUs, 11006 complete and 0 interrupted iterations
oscillating   [  86% ] 47/80 VUs  10m17.0s/12m00.0s

running (10m18.0s), 46/80 VUs, 11049 complete and 0 interrupted iterations
oscillating   [  86% ] 46/80 VUs  10m18.0s/12m00.0s

running (10m19.0s), 45/80 VUs, 11096 complete and 0 interrupted iterations
oscillating   [  86% ] 45/80 VUs  10m19.0s/12m00.0s

running (10m20.0s), 45/80 VUs, 11140 complete and 0 interrupted iterations
oscillating   [  86% ] 45/80 VUs  10m20.0s/12m00.0s

running (10m21.0s), 45/80 VUs, 11188 complete and 0 interrupted iterations
oscillating   [  86% ] 45/80 VUs  10m21.0s/12m00.0s

running (10m22.0s), 44/80 VUs, 11237 complete and 0 interrupted iterations
oscillating   [  86% ] 44/80 VUs  10m22.0s/12m00.0s

running (10m23.0s), 44/80 VUs, 11286 complete and 0 interrupted iterations
oscillating   [  87% ] 44/80 VUs  10m23.0s/12m00.0s

running (10m24.0s), 43/80 VUs, 11336 complete and 0 interrupted iterations
oscillating   [  87% ] 43/80 VUs  10m24.0s/12m00.0s

running (10m25.0s), 43/80 VUs, 11382 complete and 0 interrupted iterations
oscillating   [  87% ] 43/80 VUs  10m25.0s/12m00.0s

running (10m26.0s), 42/80 VUs, 11433 complete and 0 interrupted iterations
oscillating   [  87% ] 42/80 VUs  10m26.0s/12m00.0s

running (10m27.0s), 42/80 VUs, 11477 complete and 0 interrupted iterations
oscillating   [  87% ] 42/80 VUs  10m27.0s/12m00.0s

running (10m28.0s), 42/80 VUs, 11524 complete and 0 interrupted iterations
oscillating   [  87% ] 42/80 VUs  10m28.0s/12m00.0s

running (10m29.0s), 41/80 VUs, 11573 complete and 0 interrupted iterations
oscillating   [  87% ] 41/80 VUs  10m29.0s/12m00.0s

running (10m30.0s), 41/80 VUs, 11623 complete and 0 interrupted iterations
oscillating   [  87% ] 41/80 VUs  10m30.0s/12m00.0s

running (10m31.0s), 40/80 VUs, 11676 complete and 0 interrupted iterations
oscillating   [  88% ] 40/80 VUs  10m31.0s/12m00.0s

running (10m32.0s), 40/80 VUs, 11723 complete and 0 interrupted iterations
oscillating   [  88% ] 40/80 VUs  10m32.0s/12m00.0s

running (10m33.0s), 39/80 VUs, 11772 complete and 0 interrupted iterations
oscillating   [  88% ] 39/80 VUs  10m33.0s/12m00.0s

running (10m34.0s), 39/80 VUs, 11823 complete and 0 interrupted iterations
oscillating   [  88% ] 39/80 VUs  10m34.0s/12m00.0s

running (10m35.0s), 39/80 VUs, 11874 complete and 0 interrupted iterations
oscillating   [  88% ] 39/80 VUs  10m35.0s/12m00.0s

running (10m36.0s), 38/80 VUs, 11929 complete and 0 interrupted iterations
oscillating   [  88% ] 38/80 VUs  10m36.0s/12m00.0s

running (10m37.0s), 38/80 VUs, 11980 complete and 0 interrupted iterations
oscillating   [  88% ] 38/80 VUs  10m37.0s/12m00.0s

running (10m38.0s), 37/80 VUs, 12031 complete and 0 interrupted iterations
oscillating   [  89% ] 37/80 VUs  10m38.0s/12m00.0s

running (10m39.0s), 37/80 VUs, 12086 complete and 0 interrupted iterations
oscillating   [  89% ] 37/80 VUs  10m39.0s/12m00.0s

running (10m40.0s), 36/80 VUs, 12137 complete and 0 interrupted iterations
oscillating   [  89% ] 36/80 VUs  10m40.0s/12m00.0s

running (10m41.0s), 36/80 VUs, 12184 complete and 0 interrupted iterations
oscillating   [  89% ] 36/80 VUs  10m41.0s/12m00.0s

running (10m42.0s), 35/80 VUs, 12232 complete and 0 interrupted iterations
oscillating   [  89% ] 35/80 VUs  10m42.0s/12m00.0s

running (10m43.0s), 35/80 VUs, 12285 complete and 0 interrupted iterations
oscillating   [  89% ] 35/80 VUs  10m43.0s/12m00.0s

running (10m44.0s), 35/80 VUs, 12334 complete and 0 interrupted iterations
oscillating   [  89% ] 35/80 VUs  10m44.0s/12m00.0s

running (10m45.0s), 34/80 VUs, 12387 complete and 0 interrupted iterations
oscillating   [  90% ] 34/80 VUs  10m45.0s/12m00.0s

running (10m46.0s), 33/80 VUs, 12430 complete and 0 interrupted iterations
oscillating   [  90% ] 33/80 VUs  10m46.0s/12m00.0s

running (10m47.0s), 33/80 VUs, 12474 complete and 0 interrupted iterations
oscillating   [  90% ] 33/80 VUs  10m47.0s/12m00.0s

running (10m48.0s), 33/80 VUs, 12523 complete and 0 interrupted iterations
oscillating   [  90% ] 33/80 VUs  10m48.0s/12m00.0s

running (10m49.0s), 32/80 VUs, 12567 complete and 0 interrupted iterations
oscillating   [  90% ] 32/80 VUs  10m49.0s/12m00.0s

running (10m50.0s), 32/80 VUs, 12614 complete and 0 interrupted iterations
oscillating   [  90% ] 32/80 VUs  10m50.0s/12m00.0s

running (10m51.0s), 31/80 VUs, 12658 complete and 0 interrupted iterations
oscillating   [  90% ] 31/80 VUs  10m51.0s/12m00.0s

running (10m52.0s), 31/80 VUs, 12703 complete and 0 interrupted iterations
oscillating   [  91% ] 31/80 VUs  10m52.0s/12m00.0s

running (10m53.0s), 30/80 VUs, 12743 complete and 0 interrupted iterations
oscillating   [  91% ] 30/80 VUs  10m53.0s/12m00.0s

running (10m54.0s), 30/80 VUs, 12788 complete and 0 interrupted iterations
oscillating   [  91% ] 30/80 VUs  10m54.0s/12m00.0s

running (10m55.0s), 30/80 VUs, 12830 complete and 0 interrupted iterations
oscillating   [  91% ] 30/80 VUs  10m55.0s/12m00.0s

running (10m56.0s), 29/80 VUs, 12869 complete and 0 interrupted iterations
oscillating   [  91% ] 29/80 VUs  10m56.0s/12m00.0s

running (10m57.0s), 29/80 VUs, 12912 complete and 0 interrupted iterations
oscillating   [  91% ] 29/80 VUs  10m57.0s/12m00.0s

running (10m58.0s), 28/80 VUs, 12953 complete and 0 interrupted iterations
oscillating   [  91% ] 28/80 VUs  10m58.0s/12m00.0s

running (10m59.0s), 28/80 VUs, 12991 complete and 0 interrupted iterations
oscillating   [  92% ] 28/80 VUs  10m59.0s/12m00.0s

running (11m00.0s), 27/80 VUs, 13029 complete and 0 interrupted iterations
oscillating   [  92% ] 27/80 VUs  11m00.0s/12m00.0s

running (11m01.0s), 27/80 VUs, 13067 complete and 0 interrupted iterations
oscillating   [  92% ] 27/80 VUs  11m01.0s/12m00.0s

running (11m02.0s), 27/80 VUs, 13102 complete and 0 interrupted iterations
oscillating   [  92% ] 27/80 VUs  11m02.0s/12m00.0s

running (11m03.0s), 26/80 VUs, 13143 complete and 0 interrupted iterations
oscillating   [  92% ] 26/80 VUs  11m03.0s/12m00.0s

running (11m04.0s), 25/80 VUs, 13180 complete and 0 interrupted iterations
oscillating   [  92% ] 25/80 VUs  11m04.0s/12m00.0s

running (11m05.0s), 25/80 VUs, 13212 complete and 0 interrupted iterations
oscillating   [  92% ] 25/80 VUs  11m05.0s/12m00.0s

running (11m06.0s), 25/80 VUs, 13250 complete and 0 interrupted iterations
oscillating   [  92% ] 25/80 VUs  11m06.0s/12m00.0s

running (11m07.0s), 24/80 VUs, 13282 complete and 0 interrupted iterations
oscillating   [  93% ] 24/80 VUs  11m07.0s/12m00.0s

running (11m08.0s), 24/80 VUs, 13316 complete and 0 interrupted iterations
oscillating   [  93% ] 24/80 VUs  11m08.0s/12m00.0s

running (11m09.0s), 24/80 VUs, 13348 complete and 0 interrupted iterations
oscillating   [  93% ] 24/80 VUs  11m09.0s/12m00.0s

running (11m10.0s), 23/80 VUs, 13383 complete and 0 interrupted iterations
oscillating   [  93% ] 23/80 VUs  11m10.0s/12m00.0s

running (11m11.0s), 23/80 VUs, 13413 complete and 0 interrupted iterations
oscillating   [  93% ] 23/80 VUs  11m11.0s/12m00.0s

running (11m12.0s), 22/80 VUs, 13447 complete and 0 interrupted iterations
oscillating   [  93% ] 22/80 VUs  11m12.0s/12m00.0s

running (11m13.0s), 22/80 VUs, 13475 complete and 0 interrupted iterations
oscillating   [  93% ] 22/80 VUs  11m13.0s/12m00.0s

running (11m14.0s), 21/80 VUs, 13507 complete and 0 interrupted iterations
oscillating   [  94% ] 21/80 VUs  11m14.0s/12m00.0s

running (11m15.0s), 21/80 VUs, 13536 complete and 0 interrupted iterations
oscillating   [  94% ] 21/80 VUs  11m15.0s/12m00.0s

running (11m16.0s), 20/80 VUs, 13568 complete and 0 interrupted iterations
oscillating   [  94% ] 20/80 VUs  11m16.0s/12m00.0s

running (11m17.0s), 20/80 VUs, 13596 complete and 0 interrupted iterations
oscillating   [  94% ] 20/80 VUs  11m17.0s/12m00.0s

running (11m18.0s), 19/80 VUs, 13622 complete and 0 interrupted iterations
oscillating   [  94% ] 19/80 VUs  11m18.0s/12m00.0s

running (11m19.0s), 19/80 VUs, 13652 complete and 0 interrupted iterations
oscillating   [  94% ] 19/80 VUs  11m19.0s/12m00.0s

running (11m20.0s), 19/80 VUs, 13676 complete and 0 interrupted iterations
oscillating   [  94% ] 19/80 VUs  11m20.0s/12m00.0s

running (11m21.0s), 18/80 VUs, 13700 complete and 0 interrupted iterations
oscillating   [  95% ] 18/80 VUs  11m21.0s/12m00.0s

running (11m22.0s), 17/80 VUs, 13727 complete and 0 interrupted iterations
oscillating   [  95% ] 17/80 VUs  11m22.0s/12m00.0s

running (11m23.0s), 17/80 VUs, 13749 complete and 0 interrupted iterations
oscillating   [  95% ] 17/80 VUs  11m23.0s/12m00.0s

running (11m24.0s), 17/80 VUs, 13772 complete and 0 interrupted iterations
oscillating   [  95% ] 17/80 VUs  11m24.0s/12m00.0s

running (11m25.0s), 16/80 VUs, 13796 complete and 0 interrupted iterations
oscillating   [  95% ] 16/80 VUs  11m25.0s/12m00.0s

running (11m26.0s), 16/80 VUs, 13821 complete and 0 interrupted iterations
oscillating   [  95% ] 16/80 VUs  11m26.0s/12m00.0s

running (11m27.0s), 15/80 VUs, 13841 complete and 0 interrupted iterations
oscillating   [  95% ] 15/80 VUs  11m27.0s/12m00.0s

running (11m28.0s), 15/80 VUs, 13861 complete and 0 interrupted iterations
oscillating   [  96% ] 15/80 VUs  11m28.0s/12m00.0s

running (11m29.0s), 14/80 VUs, 13880 complete and 0 interrupted iterations
oscillating   [  96% ] 14/80 VUs  11m29.0s/12m00.0s

running (11m30.0s), 14/80 VUs, 13904 complete and 0 interrupted iterations
oscillating   [  96% ] 14/80 VUs  11m30.0s/12m00.0s

running (11m31.0s), 14/80 VUs, 13921 complete and 0 interrupted iterations
oscillating   [  96% ] 14/80 VUs  11m31.0s/12m00.0s

running (11m32.0s), 13/80 VUs, 13942 complete and 0 interrupted iterations
oscillating   [  96% ] 13/80 VUs  11m32.0s/12m00.0s

running (11m33.0s), 13/80 VUs, 13960 complete and 0 interrupted iterations
oscillating   [  96% ] 13/80 VUs  11m33.0s/12m00.0s

running (11m34.0s), 12/80 VUs, 13978 complete and 0 interrupted iterations
oscillating   [  96% ] 12/80 VUs  11m34.0s/12m00.0s

running (11m35.0s), 12/80 VUs, 13994 complete and 0 interrupted iterations
oscillating   [  97% ] 12/80 VUs  11m35.0s/12m00.0s

running (11m36.0s), 11/80 VUs, 14014 complete and 0 interrupted iterations
oscillating   [  97% ] 11/80 VUs  11m36.0s/12m00.0s

running (11m37.0s), 11/80 VUs, 14028 complete and 0 interrupted iterations
oscillating   [  97% ] 11/80 VUs  11m37.0s/12m00.0s

running (11m38.0s), 10/80 VUs, 14043 complete and 0 interrupted iterations
oscillating   [  97% ] 10/80 VUs  11m38.0s/12m00.0s

running (11m39.0s), 10/80 VUs, 14058 complete and 0 interrupted iterations
oscillating   [  97% ] 10/80 VUs  11m39.0s/12m00.0s

running (11m40.0s), 10/80 VUs, 14071 complete and 0 interrupted iterations
oscillating   [  97% ] 10/80 VUs  11m40.0s/12m00.0s

running (11m41.0s), 09/80 VUs, 14082 complete and 0 interrupted iterations
oscillating   [  97% ] 09/80 VUs  11m41.0s/12m00.0s

running (11m42.0s), 09/80 VUs, 14095 complete and 0 interrupted iterations
oscillating   [  97% ] 09/80 VUs  11m42.0s/12m00.0s

running (11m43.0s), 08/80 VUs, 14108 complete and 0 interrupted iterations
oscillating   [  98% ] 08/80 VUs  11m43.0s/12m00.0s

running (11m44.0s), 08/80 VUs, 14118 complete and 0 interrupted iterations
oscillating   [  98% ] 08/80 VUs  11m44.0s/12m00.0s

running (11m45.0s), 07/80 VUs, 14132 complete and 0 interrupted iterations
oscillating   [  98% ] 07/80 VUs  11m45.0s/12m00.0s

running (11m46.0s), 07/80 VUs, 14140 complete and 0 interrupted iterations
oscillating   [  98% ] 07/80 VUs  11m46.0s/12m00.0s

running (11m47.0s), 07/80 VUs, 14150 complete and 0 interrupted iterations
oscillating   [  98% ] 07/80 VUs  11m47.0s/12m00.0s

running (11m48.0s), 06/80 VUs, 14160 complete and 0 interrupted iterations
oscillating   [  98% ] 06/80 VUs  11m48.0s/12m00.0s

running (11m49.0s), 06/80 VUs, 14167 complete and 0 interrupted iterations
oscillating   [  98% ] 06/80 VUs  11m49.0s/12m00.0s

running (11m50.0s), 05/80 VUs, 14176 complete and 0 interrupted iterations
oscillating   [  99% ] 05/80 VUs  11m50.0s/12m00.0s

running (11m51.0s), 05/80 VUs, 14184 complete and 0 interrupted iterations
oscillating   [  99% ] 05/80 VUs  11m51.0s/12m00.0s

running (11m52.0s), 04/80 VUs, 14190 complete and 0 interrupted iterations
oscillating   [  99% ] 04/80 VUs  11m52.0s/12m00.0s

running (11m53.0s), 04/80 VUs, 14196 complete and 0 interrupted iterations
oscillating   [  99% ] 04/80 VUs  11m53.0s/12m00.0s

running (11m54.0s), 03/80 VUs, 14202 complete and 0 interrupted iterations
oscillating   [  99% ] 03/80 VUs  11m54.0s/12m00.0s

running (11m55.0s), 03/80 VUs, 14206 complete and 0 interrupted iterations
oscillating   [  99% ] 03/80 VUs  11m55.0s/12m00.0s

running (11m56.0s), 03/80 VUs, 14210 complete and 0 interrupted iterations
oscillating   [  99% ] 03/80 VUs  11m56.0s/12m00.0s

running (11m57.0s), 02/80 VUs, 14213 complete and 0 interrupted iterations
oscillating   [ 100% ] 02/80 VUs  11m57.0s/12m00.0s

running (11m58.0s), 02/80 VUs, 14216 complete and 0 interrupted iterations
oscillating   [ 100% ] 02/80 VUs  11m58.0s/12m00.0s

running (11m59.0s), 01/80 VUs, 14219 complete and 0 interrupted iterations
oscillating   [ 100% ] 01/80 VUs  11m59.0s/12m00.0s

running (12m00.0s), 01/80 VUs, 14220 complete and 0 interrupted iterations
oscillating   [ 100% ] 01/80 VUs  12m00.0s/12m00.0s

     ✓ status is 200
     ✓ returns quotes
     ✗ response time <2000ms
      ↳  66% — ✓ 9511 / ✗ 4710

     checks.........................: 88.95% ✓ 37953     ✗ 4710 
     data_received..................: 10 MB  14 kB/s
     data_sent......................: 6.3 MB 8.8 kB/s
     http_req_blocked...............: avg=46.37µs min=822ns    med=2.35µs   max=37.09ms  p(90)=3.65µs  p(95)=4.53µs 
     http_req_connecting............: avg=19.53µs min=0s       med=0s       max=13.37ms  p(90)=0s      p(95)=0s     
   ✗ http_req_duration..............: avg=2.06s   min=469.49ms med=909.21ms max=6.8s     p(90)=5s      p(95)=5.09s  
       { expected_response:true }...: avg=2.06s   min=469.49ms med=909.21ms max=6.8s     p(90)=5s      p(95)=5.09s  
   ✓ http_req_failed................: 0.00%  ✓ 0         ✗ 14221
     http_req_receiving.............: avg=5.65ms  min=19.06µs  med=188.09µs max=483.03ms p(90)=7.82ms  p(95)=54.42ms
     http_req_sending...............: avg=21.64µs min=7.14µs   med=19.14µs  max=9.65ms   p(90)=30.62µs p(95)=34.44µs
     http_req_tls_handshaking.......: avg=0s      min=0s       med=0s       max=0s       p(90)=0s      p(95)=0s     
     http_req_waiting...............: avg=2.05s   min=469.39ms med=908.74ms max=6.79s    p(90)=5s      p(95)=5.08s  
     http_reqs......................: 14221  19.738914/s
     iteration_duration.............: avg=2.06s   min=469.78ms med=909.57ms max=6.8s     p(90)=5s      p(95)=5.09s  
     iterations.....................: 14221  19.738914/s
     vus............................: 1      min=1       max=80 
     vus_max........................: 80     min=80      max=80 


running (12m00.5s), 00/80 VUs, 14221 complete and 0 interrupted iterations
oscillating ✓ [ 100% ] 00/80 VUs  12m0s
time="2026-05-07T10:59:43Z" level=error msg="thresholds on metrics 'http_req_duration' have been crossed"
