
          /\      |‾‾| /‾‾/   /‾‾/   
     /\  /  \     |  |/  /   /  /    
    /  \/    \    |     (   /   ‾‾\  
   /          \   |  |\  \ |  (‾)  | 
  / __________ \  |__| \__\ \_____/ .io

  execution: local
     script: /scripts/load-test.js
     output: json (/results/results.json)

  scenarios: (100.00%) 1 scenario, 80 max VUs, 12m30s max duration (incl. graceful stop):
           * oscillating: Up to 80 looping VUs for 12m0s over 12 stages (gracefulRampDown: 30s, gracefulStop: 30s)


running (00m01.0s), 10/80 VUs, 10 complete and 0 interrupted iterations
oscillating   [   0% ] 10/80 VUs  00m01.0s/12m00.0s

running (00m02.0s), 10/80 VUs, 22 complete and 0 interrupted iterations
oscillating   [   0% ] 10/80 VUs  00m02.0s/12m00.0s

running (00m03.0s), 10/80 VUs, 36 complete and 0 interrupted iterations
oscillating   [   0% ] 10/80 VUs  00m03.0s/12m00.0s

running (00m04.0s), 10/80 VUs, 47 complete and 0 interrupted iterations
oscillating   [   1% ] 10/80 VUs  00m04.0s/12m00.0s

running (00m05.0s), 10/80 VUs, 63 complete and 0 interrupted iterations
oscillating   [   1% ] 10/80 VUs  00m05.0s/12m00.0s

running (00m06.0s), 10/80 VUs, 75 complete and 0 interrupted iterations
oscillating   [   1% ] 10/80 VUs  00m06.0s/12m00.0s

running (00m07.0s), 10/80 VUs, 91 complete and 0 interrupted iterations
oscillating   [   1% ] 10/80 VUs  00m07.0s/12m00.0s

running (00m08.0s), 10/80 VUs, 105 complete and 0 interrupted iterations
oscillating   [   1% ] 10/80 VUs  00m08.0s/12m00.0s

running (00m09.0s), 10/80 VUs, 120 complete and 0 interrupted iterations
oscillating   [   1% ] 10/80 VUs  00m09.0s/12m00.0s

running (00m10.0s), 10/80 VUs, 133 complete and 0 interrupted iterations
oscillating   [   1% ] 10/80 VUs  00m10.0s/12m00.0s

running (00m11.0s), 10/80 VUs, 145 complete and 0 interrupted iterations
oscillating   [   2% ] 10/80 VUs  00m11.0s/12m00.0s

running (00m12.0s), 10/80 VUs, 162 complete and 0 interrupted iterations
oscillating   [   2% ] 10/80 VUs  00m12.0s/12m00.0s

running (00m13.0s), 10/80 VUs, 175 complete and 0 interrupted iterations
oscillating   [   2% ] 10/80 VUs  00m13.0s/12m00.0s

running (00m14.0s), 10/80 VUs, 189 complete and 0 interrupted iterations
oscillating   [   2% ] 10/80 VUs  00m14.0s/12m00.0s

running (00m15.0s), 10/80 VUs, 202 complete and 0 interrupted iterations
oscillating   [   2% ] 10/80 VUs  00m15.0s/12m00.0s

running (00m16.0s), 10/80 VUs, 216 complete and 0 interrupted iterations
oscillating   [   2% ] 10/80 VUs  00m16.0s/12m00.0s

running (00m17.0s), 10/80 VUs, 229 complete and 0 interrupted iterations
oscillating   [   2% ] 10/80 VUs  00m17.0s/12m00.0s

running (00m18.0s), 10/80 VUs, 245 complete and 0 interrupted iterations
oscillating   [   2% ] 10/80 VUs  00m18.0s/12m00.0s

running (00m19.0s), 10/80 VUs, 260 complete and 0 interrupted iterations
oscillating   [   3% ] 10/80 VUs  00m19.0s/12m00.0s

running (00m20.0s), 10/80 VUs, 273 complete and 0 interrupted iterations
oscillating   [   3% ] 10/80 VUs  00m20.0s/12m00.0s

running (00m21.0s), 10/80 VUs, 288 complete and 0 interrupted iterations
oscillating   [   3% ] 10/80 VUs  00m21.0s/12m00.0s

running (00m22.0s), 10/80 VUs, 300 complete and 0 interrupted iterations
oscillating   [   3% ] 10/80 VUs  00m22.0s/12m00.0s

running (00m23.0s), 10/80 VUs, 315 complete and 0 interrupted iterations
oscillating   [   3% ] 10/80 VUs  00m23.0s/12m00.0s

running (00m24.0s), 10/80 VUs, 330 complete and 0 interrupted iterations
oscillating   [   3% ] 10/80 VUs  00m24.0s/12m00.0s

running (00m25.0s), 10/80 VUs, 343 complete and 0 interrupted iterations
oscillating   [   3% ] 10/80 VUs  00m25.0s/12m00.0s

running (00m26.0s), 10/80 VUs, 358 complete and 0 interrupted iterations
oscillating   [   4% ] 10/80 VUs  00m26.0s/12m00.0s

running (00m27.0s), 10/80 VUs, 372 complete and 0 interrupted iterations
oscillating   [   4% ] 10/80 VUs  00m27.0s/12m00.0s

running (00m28.0s), 10/80 VUs, 388 complete and 0 interrupted iterations
oscillating   [   4% ] 10/80 VUs  00m28.0s/12m00.0s

running (00m29.0s), 10/80 VUs, 402 complete and 0 interrupted iterations
oscillating   [   4% ] 10/80 VUs  00m29.0s/12m00.0s

running (00m30.0s), 10/80 VUs, 419 complete and 0 interrupted iterations
oscillating   [   4% ] 10/80 VUs  00m30.0s/12m00.0s

running (00m31.0s), 10/80 VUs, 432 complete and 0 interrupted iterations
oscillating   [   4% ] 10/80 VUs  00m31.0s/12m00.0s

running (00m32.0s), 10/80 VUs, 448 complete and 0 interrupted iterations
oscillating   [   4% ] 10/80 VUs  00m32.0s/12m00.0s

running (00m33.0s), 10/80 VUs, 459 complete and 0 interrupted iterations
oscillating   [   5% ] 10/80 VUs  00m33.0s/12m00.0s

running (00m34.0s), 10/80 VUs, 473 complete and 0 interrupted iterations
oscillating   [   5% ] 10/80 VUs  00m34.0s/12m00.0s

running (00m35.0s), 10/80 VUs, 489 complete and 0 interrupted iterations
oscillating   [   5% ] 10/80 VUs  00m35.0s/12m00.0s

running (00m36.0s), 10/80 VUs, 502 complete and 0 interrupted iterations
oscillating   [   5% ] 10/80 VUs  00m36.0s/12m00.0s

running (00m37.0s), 10/80 VUs, 517 complete and 0 interrupted iterations
oscillating   [   5% ] 10/80 VUs  00m37.0s/12m00.0s

running (00m38.0s), 10/80 VUs, 534 complete and 0 interrupted iterations
oscillating   [   5% ] 10/80 VUs  00m38.0s/12m00.0s

running (00m39.0s), 10/80 VUs, 546 complete and 0 interrupted iterations
oscillating   [   5% ] 10/80 VUs  00m39.0s/12m00.0s

running (00m40.0s), 10/80 VUs, 563 complete and 0 interrupted iterations
oscillating   [   6% ] 10/80 VUs  00m40.0s/12m00.0s

running (00m41.0s), 10/80 VUs, 577 complete and 0 interrupted iterations
oscillating   [   6% ] 10/80 VUs  00m41.0s/12m00.0s

running (00m42.0s), 10/80 VUs, 590 complete and 0 interrupted iterations
oscillating   [   6% ] 10/80 VUs  00m42.0s/12m00.0s

running (00m43.0s), 10/80 VUs, 605 complete and 0 interrupted iterations
oscillating   [   6% ] 10/80 VUs  00m43.0s/12m00.0s

running (00m44.0s), 10/80 VUs, 618 complete and 0 interrupted iterations
oscillating   [   6% ] 10/80 VUs  00m44.0s/12m00.0s

running (00m45.0s), 10/80 VUs, 630 complete and 0 interrupted iterations
oscillating   [   6% ] 10/80 VUs  00m45.0s/12m00.0s

running (00m46.0s), 10/80 VUs, 649 complete and 0 interrupted iterations
oscillating   [   6% ] 10/80 VUs  00m46.0s/12m00.0s

running (00m47.0s), 10/80 VUs, 659 complete and 0 interrupted iterations
oscillating   [   7% ] 10/80 VUs  00m47.0s/12m00.0s

running (00m48.0s), 10/80 VUs, 675 complete and 0 interrupted iterations
oscillating   [   7% ] 10/80 VUs  00m48.0s/12m00.0s

running (00m49.0s), 10/80 VUs, 688 complete and 0 interrupted iterations
oscillating   [   7% ] 10/80 VUs  00m49.0s/12m00.0s

running (00m50.0s), 10/80 VUs, 702 complete and 0 interrupted iterations
oscillating   [   7% ] 10/80 VUs  00m50.0s/12m00.0s

running (00m51.0s), 10/80 VUs, 719 complete and 0 interrupted iterations
oscillating   [   7% ] 10/80 VUs  00m51.0s/12m00.0s

running (00m52.0s), 10/80 VUs, 733 complete and 0 interrupted iterations
oscillating   [   7% ] 10/80 VUs  00m52.0s/12m00.0s

running (00m53.0s), 10/80 VUs, 748 complete and 0 interrupted iterations
oscillating   [   7% ] 10/80 VUs  00m53.0s/12m00.0s

running (00m54.0s), 10/80 VUs, 761 complete and 0 interrupted iterations
oscillating   [   7% ] 10/80 VUs  00m54.0s/12m00.0s

running (00m55.0s), 10/80 VUs, 776 complete and 0 interrupted iterations
oscillating   [   8% ] 10/80 VUs  00m55.0s/12m00.0s

running (00m56.0s), 10/80 VUs, 790 complete and 0 interrupted iterations
oscillating   [   8% ] 10/80 VUs  00m56.0s/12m00.0s

running (00m57.0s), 10/80 VUs, 800 complete and 0 interrupted iterations
oscillating   [   8% ] 10/80 VUs  00m57.0s/12m00.0s

running (00m58.0s), 10/80 VUs, 817 complete and 0 interrupted iterations
oscillating   [   8% ] 10/80 VUs  00m58.0s/12m00.0s

running (00m59.0s), 10/80 VUs, 830 complete and 0 interrupted iterations
oscillating   [   8% ] 10/80 VUs  00m59.0s/12m00.0s

running (01m00.0s), 10/80 VUs, 845 complete and 0 interrupted iterations
oscillating   [   8% ] 10/80 VUs  01m00.0s/12m00.0s

running (01m01.0s), 10/80 VUs, 858 complete and 0 interrupted iterations
oscillating   [   8% ] 10/80 VUs  01m01.0s/12m00.0s

running (01m02.0s), 10/80 VUs, 873 complete and 0 interrupted iterations
oscillating   [   9% ] 10/80 VUs  01m02.0s/12m00.0s

running (01m03.0s), 10/80 VUs, 887 complete and 0 interrupted iterations
oscillating   [   9% ] 10/80 VUs  01m03.0s/12m00.0s

running (01m04.0s), 10/80 VUs, 900 complete and 0 interrupted iterations
oscillating   [   9% ] 10/80 VUs  01m04.0s/12m00.0s

running (01m05.0s), 10/80 VUs, 915 complete and 0 interrupted iterations
oscillating   [   9% ] 10/80 VUs  01m05.0s/12m00.0s

running (01m06.0s), 10/80 VUs, 928 complete and 0 interrupted iterations
oscillating   [   9% ] 10/80 VUs  01m06.0s/12m00.0s

running (01m07.0s), 10/80 VUs, 941 complete and 0 interrupted iterations
oscillating   [   9% ] 10/80 VUs  01m07.0s/12m00.0s

running (01m08.0s), 10/80 VUs, 956 complete and 0 interrupted iterations
oscillating   [   9% ] 10/80 VUs  01m08.0s/12m00.0s

running (01m09.0s), 10/80 VUs, 969 complete and 0 interrupted iterations
oscillating   [  10% ] 10/80 VUs  01m09.0s/12m00.0s

running (01m10.0s), 10/80 VUs, 985 complete and 0 interrupted iterations
oscillating   [  10% ] 10/80 VUs  01m10.0s/12m00.0s

running (01m11.0s), 10/80 VUs, 999 complete and 0 interrupted iterations
oscillating   [  10% ] 10/80 VUs  01m11.0s/12m00.0s

running (01m12.0s), 10/80 VUs, 1012 complete and 0 interrupted iterations
oscillating   [  10% ] 10/80 VUs  01m12.0s/12m00.0s

running (01m13.0s), 10/80 VUs, 1028 complete and 0 interrupted iterations
oscillating   [  10% ] 10/80 VUs  01m13.0s/12m00.0s

running (01m14.0s), 10/80 VUs, 1039 complete and 0 interrupted iterations
oscillating   [  10% ] 10/80 VUs  01m14.0s/12m00.0s

running (01m15.0s), 10/80 VUs, 1052 complete and 0 interrupted iterations
oscillating   [  10% ] 10/80 VUs  01m15.0s/12m00.0s

running (01m16.0s), 10/80 VUs, 1065 complete and 0 interrupted iterations
oscillating   [  11% ] 10/80 VUs  01m16.0s/12m00.0s

running (01m17.0s), 10/80 VUs, 1081 complete and 0 interrupted iterations
oscillating   [  11% ] 10/80 VUs  01m17.0s/12m00.0s

running (01m18.0s), 10/80 VUs, 1096 complete and 0 interrupted iterations
oscillating   [  11% ] 10/80 VUs  01m18.0s/12m00.0s

running (01m19.0s), 10/80 VUs, 1110 complete and 0 interrupted iterations
oscillating   [  11% ] 10/80 VUs  01m19.0s/12m00.0s

running (01m20.0s), 10/80 VUs, 1123 complete and 0 interrupted iterations
oscillating   [  11% ] 10/80 VUs  01m20.0s/12m00.0s

running (01m21.0s), 10/80 VUs, 1138 complete and 0 interrupted iterations
oscillating   [  11% ] 10/80 VUs  01m21.0s/12m00.0s

running (01m22.0s), 10/80 VUs, 1153 complete and 0 interrupted iterations
oscillating   [  11% ] 10/80 VUs  01m22.0s/12m00.0s

running (01m23.0s), 10/80 VUs, 1169 complete and 0 interrupted iterations
oscillating   [  12% ] 10/80 VUs  01m23.0s/12m00.0s

running (01m24.0s), 10/80 VUs, 1182 complete and 0 interrupted iterations
oscillating   [  12% ] 10/80 VUs  01m24.0s/12m00.0s

running (01m25.0s), 10/80 VUs, 1195 complete and 0 interrupted iterations
oscillating   [  12% ] 10/80 VUs  01m25.0s/12m00.0s

running (01m26.0s), 10/80 VUs, 1209 complete and 0 interrupted iterations
oscillating   [  12% ] 10/80 VUs  01m26.0s/12m00.0s

running (01m27.0s), 10/80 VUs, 1224 complete and 0 interrupted iterations
oscillating   [  12% ] 10/80 VUs  01m27.0s/12m00.0s

running (01m28.0s), 10/80 VUs, 1236 complete and 0 interrupted iterations
oscillating   [  12% ] 10/80 VUs  01m28.0s/12m00.0s

running (01m29.0s), 10/80 VUs, 1251 complete and 0 interrupted iterations
oscillating   [  12% ] 10/80 VUs  01m29.0s/12m00.0s

running (01m30.0s), 10/80 VUs, 1266 complete and 0 interrupted iterations
oscillating   [  12% ] 10/80 VUs  01m30.0s/12m00.0s

running (01m31.0s), 10/80 VUs, 1280 complete and 0 interrupted iterations
oscillating   [  13% ] 10/80 VUs  01m31.0s/12m00.0s

running (01m32.0s), 10/80 VUs, 1293 complete and 0 interrupted iterations
oscillating   [  13% ] 10/80 VUs  01m32.0s/12m00.0s

running (01m33.0s), 10/80 VUs, 1309 complete and 0 interrupted iterations
oscillating   [  13% ] 10/80 VUs  01m33.0s/12m00.0s

running (01m34.0s), 10/80 VUs, 1323 complete and 0 interrupted iterations
oscillating   [  13% ] 10/80 VUs  01m34.0s/12m00.0s

running (01m35.0s), 10/80 VUs, 1336 complete and 0 interrupted iterations
oscillating   [  13% ] 10/80 VUs  01m35.0s/12m00.0s

running (01m36.0s), 10/80 VUs, 1350 complete and 0 interrupted iterations
oscillating   [  13% ] 10/80 VUs  01m36.0s/12m00.0s

running (01m37.0s), 10/80 VUs, 1363 complete and 0 interrupted iterations
oscillating   [  13% ] 10/80 VUs  01m37.0s/12m00.0s

running (01m38.0s), 10/80 VUs, 1379 complete and 0 interrupted iterations
oscillating   [  14% ] 10/80 VUs  01m38.0s/12m00.0s

running (01m39.0s), 10/80 VUs, 1392 complete and 0 interrupted iterations
oscillating   [  14% ] 10/80 VUs  01m39.0s/12m00.0s

running (01m40.0s), 10/80 VUs, 1408 complete and 0 interrupted iterations
oscillating   [  14% ] 10/80 VUs  01m40.0s/12m00.0s

running (01m41.0s), 10/80 VUs, 1424 complete and 0 interrupted iterations
oscillating   [  14% ] 10/80 VUs  01m41.0s/12m00.0s

running (01m42.0s), 10/80 VUs, 1437 complete and 0 interrupted iterations
oscillating   [  14% ] 10/80 VUs  01m42.0s/12m00.0s

running (01m43.0s), 10/80 VUs, 1451 complete and 0 interrupted iterations
oscillating   [  14% ] 10/80 VUs  01m43.0s/12m00.0s

running (01m44.0s), 10/80 VUs, 1464 complete and 0 interrupted iterations
oscillating   [  14% ] 10/80 VUs  01m44.0s/12m00.0s

running (01m45.0s), 10/80 VUs, 1480 complete and 0 interrupted iterations
oscillating   [  15% ] 10/80 VUs  01m45.0s/12m00.0s

running (01m46.0s), 10/80 VUs, 1494 complete and 0 interrupted iterations
oscillating   [  15% ] 10/80 VUs  01m46.0s/12m00.0s

running (01m47.0s), 10/80 VUs, 1508 complete and 0 interrupted iterations
oscillating   [  15% ] 10/80 VUs  01m47.0s/12m00.0s

running (01m48.0s), 10/80 VUs, 1522 complete and 0 interrupted iterations
oscillating   [  15% ] 10/80 VUs  01m48.0s/12m00.0s

running (01m49.0s), 10/80 VUs, 1536 complete and 0 interrupted iterations
oscillating   [  15% ] 10/80 VUs  01m49.0s/12m00.0s

running (01m50.0s), 10/80 VUs, 1548 complete and 0 interrupted iterations
oscillating   [  15% ] 10/80 VUs  01m50.0s/12m00.0s

running (01m51.0s), 10/80 VUs, 1562 complete and 0 interrupted iterations
oscillating   [  15% ] 10/80 VUs  01m51.0s/12m00.0s

running (01m52.0s), 10/80 VUs, 1578 complete and 0 interrupted iterations
oscillating   [  16% ] 10/80 VUs  01m52.0s/12m00.0s

running (01m53.0s), 10/80 VUs, 1590 complete and 0 interrupted iterations
oscillating   [  16% ] 10/80 VUs  01m53.0s/12m00.0s

running (01m54.0s), 10/80 VUs, 1603 complete and 0 interrupted iterations
oscillating   [  16% ] 10/80 VUs  01m54.0s/12m00.0s

running (01m55.0s), 10/80 VUs, 1617 complete and 0 interrupted iterations
oscillating   [  16% ] 10/80 VUs  01m55.0s/12m00.0s

running (01m56.0s), 10/80 VUs, 1628 complete and 0 interrupted iterations
oscillating   [  16% ] 10/80 VUs  01m56.0s/12m00.0s

running (01m57.0s), 10/80 VUs, 1643 complete and 0 interrupted iterations
oscillating   [  16% ] 10/80 VUs  01m57.0s/12m00.0s

running (01m58.0s), 10/80 VUs, 1656 complete and 0 interrupted iterations
oscillating   [  16% ] 10/80 VUs  01m58.0s/12m00.0s

running (01m59.0s), 10/80 VUs, 1668 complete and 0 interrupted iterations
oscillating   [  17% ] 10/80 VUs  01m59.0s/12m00.0s

running (02m00.0s), 10/80 VUs, 1682 complete and 0 interrupted iterations
oscillating   [  17% ] 10/80 VUs  02m00.0s/12m00.0s

running (02m01.0s), 16/80 VUs, 1699 complete and 0 interrupted iterations
oscillating   [  17% ] 16/80 VUs  02m01.0s/12m00.0s

running (02m02.0s), 23/80 VUs, 1722 complete and 0 interrupted iterations
oscillating   [  17% ] 23/80 VUs  02m02.0s/12m00.0s

running (02m03.0s), 30/80 VUs, 1757 complete and 0 interrupted iterations
oscillating   [  17% ] 30/80 VUs  02m03.0s/12m00.0s

running (02m04.0s), 37/80 VUs, 1800 complete and 0 interrupted iterations
oscillating   [  17% ] 37/80 VUs  02m04.0s/12m00.0s

running (02m05.0s), 44/80 VUs, 1853 complete and 0 interrupted iterations
oscillating   [  17% ] 44/80 VUs  02m05.0s/12m00.0s

running (02m06.0s), 51/80 VUs, 1896 complete and 0 interrupted iterations
oscillating   [  17% ] 51/80 VUs  02m06.0s/12m00.0s

running (02m07.0s), 58/80 VUs, 1934 complete and 0 interrupted iterations
oscillating   [  18% ] 58/80 VUs  02m07.0s/12m00.0s

running (02m08.0s), 65/80 VUs, 1964 complete and 0 interrupted iterations
oscillating   [  18% ] 65/80 VUs  02m08.0s/12m00.0s

running (02m09.0s), 72/80 VUs, 1993 complete and 0 interrupted iterations
oscillating   [  18% ] 72/80 VUs  02m09.0s/12m00.0s

running (02m10.0s), 79/80 VUs, 2016 complete and 0 interrupted iterations
oscillating   [  18% ] 79/80 VUs  02m10.0s/12m00.0s

running (02m11.0s), 80/80 VUs, 2030 complete and 0 interrupted iterations
oscillating   [  18% ] 80/80 VUs  02m11.0s/12m00.0s

running (02m12.0s), 80/80 VUs, 2056 complete and 0 interrupted iterations
oscillating   [  18% ] 80/80 VUs  02m12.0s/12m00.0s

running (02m13.0s), 80/80 VUs, 2083 complete and 0 interrupted iterations
oscillating   [  18% ] 80/80 VUs  02m13.0s/12m00.0s

running (02m14.0s), 80/80 VUs, 2083 complete and 0 interrupted iterations
oscillating   [  19% ] 80/80 VUs  02m14.0s/12m00.0s

running (02m15.0s), 80/80 VUs, 2109 complete and 0 interrupted iterations
oscillating   [  19% ] 80/80 VUs  02m15.0s/12m00.0s

running (02m16.0s), 80/80 VUs, 2109 complete and 0 interrupted iterations
oscillating   [  19% ] 80/80 VUs  02m16.0s/12m00.0s

running (02m17.0s), 80/80 VUs, 2136 complete and 0 interrupted iterations
oscillating   [  19% ] 80/80 VUs  02m17.0s/12m00.0s

running (02m18.0s), 80/80 VUs, 2163 complete and 0 interrupted iterations
oscillating   [  19% ] 80/80 VUs  02m18.0s/12m00.0s

running (02m19.0s), 80/80 VUs, 2163 complete and 0 interrupted iterations
oscillating   [  19% ] 80/80 VUs  02m19.0s/12m00.0s

running (02m20.0s), 80/80 VUs, 2189 complete and 0 interrupted iterations
oscillating   [  19% ] 80/80 VUs  02m20.0s/12m00.0s

running (02m21.0s), 80/80 VUs, 2216 complete and 0 interrupted iterations
oscillating   [  20% ] 80/80 VUs  02m21.0s/12m00.0s

running (02m22.0s), 80/80 VUs, 2216 complete and 0 interrupted iterations
oscillating   [  20% ] 80/80 VUs  02m22.0s/12m00.0s

running (02m23.0s), 80/80 VUs, 2243 complete and 0 interrupted iterations
oscillating   [  20% ] 80/80 VUs  02m23.0s/12m00.0s

running (02m24.0s), 80/80 VUs, 2243 complete and 0 interrupted iterations
oscillating   [  20% ] 80/80 VUs  02m24.0s/12m00.0s

running (02m25.0s), 80/80 VUs, 2269 complete and 0 interrupted iterations
oscillating   [  20% ] 80/80 VUs  02m25.0s/12m00.0s

running (02m26.0s), 80/80 VUs, 2292 complete and 0 interrupted iterations
oscillating   [  20% ] 80/80 VUs  02m26.0s/12m00.0s

running (02m27.0s), 80/80 VUs, 2292 complete and 0 interrupted iterations
oscillating   [  20% ] 80/80 VUs  02m27.0s/12m00.0s

running (02m28.0s), 80/80 VUs, 2319 complete and 0 interrupted iterations
oscillating   [  21% ] 80/80 VUs  02m28.0s/12m00.0s

running (02m29.0s), 80/80 VUs, 2346 complete and 0 interrupted iterations
oscillating   [  21% ] 80/80 VUs  02m29.0s/12m00.0s

running (02m30.0s), 80/80 VUs, 2346 complete and 0 interrupted iterations
oscillating   [  21% ] 80/80 VUs  02m30.0s/12m00.0s

running (02m31.0s), 80/80 VUs, 2369 complete and 0 interrupted iterations
oscillating   [  21% ] 80/80 VUs  02m31.0s/12m00.0s

running (02m32.0s), 80/80 VUs, 2396 complete and 0 interrupted iterations
oscillating   [  21% ] 80/80 VUs  02m32.0s/12m00.0s

running (02m33.0s), 80/80 VUs, 2396 complete and 0 interrupted iterations
oscillating   [  21% ] 80/80 VUs  02m33.0s/12m00.0s

running (02m34.0s), 80/80 VUs, 2423 complete and 0 interrupted iterations
oscillating   [  21% ] 80/80 VUs  02m34.0s/12m00.0s

running (02m35.0s), 80/80 VUs, 2425 complete and 0 interrupted iterations
oscillating   [  22% ] 80/80 VUs  02m35.0s/12m00.0s

running (02m36.0s), 80/80 VUs, 2450 complete and 0 interrupted iterations
oscillating   [  22% ] 80/80 VUs  02m36.0s/12m00.0s

running (02m37.0s), 80/80 VUs, 2476 complete and 0 interrupted iterations
oscillating   [  22% ] 80/80 VUs  02m37.0s/12m00.0s

running (02m38.0s), 80/80 VUs, 2476 complete and 0 interrupted iterations
oscillating   [  22% ] 80/80 VUs  02m38.0s/12m00.0s

running (02m39.0s), 80/80 VUs, 2503 complete and 0 interrupted iterations
oscillating   [  22% ] 80/80 VUs  02m39.0s/12m00.0s

running (02m40.0s), 80/80 VUs, 2530 complete and 0 interrupted iterations
oscillating   [  22% ] 80/80 VUs  02m40.0s/12m00.0s

running (02m41.0s), 80/80 VUs, 2530 complete and 0 interrupted iterations
oscillating   [  22% ] 80/80 VUs  02m41.0s/12m00.0s

running (02m42.0s), 80/80 VUs, 2556 complete and 0 interrupted iterations
oscillating   [  22% ] 80/80 VUs  02m42.0s/12m00.0s

running (02m43.0s), 80/80 VUs, 2556 complete and 0 interrupted iterations
oscillating   [  23% ] 80/80 VUs  02m43.0s/12m00.0s

running (02m44.0s), 80/80 VUs, 2583 complete and 0 interrupted iterations
oscillating   [  23% ] 80/80 VUs  02m44.0s/12m00.0s

running (02m45.0s), 80/80 VUs, 2610 complete and 0 interrupted iterations
oscillating   [  23% ] 80/80 VUs  02m45.0s/12m00.0s

running (02m46.0s), 80/80 VUs, 2610 complete and 0 interrupted iterations
oscillating   [  23% ] 80/80 VUs  02m46.0s/12m00.0s

running (02m47.0s), 80/80 VUs, 2636 complete and 0 interrupted iterations
oscillating   [  23% ] 80/80 VUs  02m47.0s/12m00.0s

running (02m48.0s), 80/80 VUs, 2636 complete and 0 interrupted iterations
oscillating   [  23% ] 80/80 VUs  02m48.0s/12m00.0s

running (02m49.0s), 80/80 VUs, 2663 complete and 0 interrupted iterations
oscillating   [  23% ] 80/80 VUs  02m49.0s/12m00.0s

running (02m50.0s), 80/80 VUs, 2690 complete and 0 interrupted iterations
oscillating   [  24% ] 80/80 VUs  02m50.0s/12m00.0s

running (02m51.0s), 80/80 VUs, 2690 complete and 0 interrupted iterations
oscillating   [  24% ] 80/80 VUs  02m51.0s/12m00.0s

running (02m52.0s), 80/80 VUs, 2716 complete and 0 interrupted iterations
oscillating   [  24% ] 80/80 VUs  02m52.0s/12m00.0s

running (02m53.0s), 80/80 VUs, 2716 complete and 0 interrupted iterations
oscillating   [  24% ] 80/80 VUs  02m53.0s/12m00.0s

running (02m54.0s), 80/80 VUs, 2741 complete and 0 interrupted iterations
oscillating   [  24% ] 80/80 VUs  02m54.0s/12m00.0s

running (02m55.0s), 80/80 VUs, 2768 complete and 0 interrupted iterations
oscillating   [  24% ] 80/80 VUs  02m55.0s/12m00.0s

running (02m56.0s), 80/80 VUs, 2768 complete and 0 interrupted iterations
oscillating   [  24% ] 80/80 VUs  02m56.0s/12m00.0s

running (02m57.0s), 80/80 VUs, 2794 complete and 0 interrupted iterations
oscillating   [  25% ] 80/80 VUs  02m57.0s/12m00.0s

running (02m58.0s), 80/80 VUs, 2821 complete and 0 interrupted iterations
oscillating   [  25% ] 80/80 VUs  02m58.0s/12m00.0s

running (02m59.0s), 80/80 VUs, 2821 complete and 0 interrupted iterations
oscillating   [  25% ] 80/80 VUs  02m59.0s/12m00.0s

running (03m00.0s), 80/80 VUs, 2848 complete and 0 interrupted iterations
oscillating   [  25% ] 80/80 VUs  03m00.0s/12m00.0s

running (03m01.0s), 80/80 VUs, 2848 complete and 0 interrupted iterations
oscillating   [  25% ] 80/80 VUs  03m01.0s/12m00.0s

running (03m02.0s), 80/80 VUs, 2874 complete and 0 interrupted iterations
oscillating   [  25% ] 80/80 VUs  03m02.0s/12m00.0s

running (03m03.0s), 80/80 VUs, 2897 complete and 0 interrupted iterations
oscillating   [  25% ] 80/80 VUs  03m03.0s/12m00.0s

running (03m04.0s), 80/80 VUs, 2897 complete and 0 interrupted iterations
oscillating   [  26% ] 80/80 VUs  03m04.0s/12m00.0s

running (03m05.0s), 80/80 VUs, 2924 complete and 0 interrupted iterations
oscillating   [  26% ] 80/80 VUs  03m05.0s/12m00.0s

running (03m06.0s), 80/80 VUs, 2924 complete and 0 interrupted iterations
oscillating   [  26% ] 80/80 VUs  03m06.0s/12m00.0s

running (03m07.0s), 80/80 VUs, 2951 complete and 0 interrupted iterations
oscillating   [  26% ] 80/80 VUs  03m07.0s/12m00.0s

running (03m08.0s), 80/80 VUs, 2978 complete and 0 interrupted iterations
oscillating   [  26% ] 80/80 VUs  03m08.0s/12m00.0s

running (03m09.0s), 80/80 VUs, 2978 complete and 0 interrupted iterations
oscillating   [  26% ] 80/80 VUs  03m09.0s/12m00.0s

running (03m10.0s), 80/80 VUs, 3004 complete and 0 interrupted iterations
oscillating   [  26% ] 80/80 VUs  03m10.0s/12m00.0s

running (03m11.0s), 80/80 VUs, 3031 complete and 0 interrupted iterations
oscillating   [  27% ] 80/80 VUs  03m11.0s/12m00.0s

running (03m12.0s), 80/80 VUs, 3031 complete and 0 interrupted iterations
oscillating   [  27% ] 80/80 VUs  03m12.0s/12m00.0s

running (03m13.0s), 80/80 VUs, 3058 complete and 0 interrupted iterations
oscillating   [  27% ] 80/80 VUs  03m13.0s/12m00.0s

running (03m14.0s), 80/80 VUs, 3058 complete and 0 interrupted iterations
oscillating   [  27% ] 80/80 VUs  03m14.0s/12m00.0s

running (03m15.0s), 80/80 VUs, 3084 complete and 0 interrupted iterations
oscillating   [  27% ] 80/80 VUs  03m15.0s/12m00.0s

running (03m16.0s), 80/80 VUs, 3111 complete and 0 interrupted iterations
oscillating   [  27% ] 80/80 VUs  03m16.0s/12m00.0s

running (03m17.0s), 80/80 VUs, 3111 complete and 0 interrupted iterations
oscillating   [  27% ] 80/80 VUs  03m17.0s/12m00.0s

running (03m18.0s), 80/80 VUs, 3137 complete and 0 interrupted iterations
oscillating   [  27% ] 80/80 VUs  03m18.0s/12m00.0s

running (03m19.0s), 80/80 VUs, 3137 complete and 0 interrupted iterations
oscillating   [  28% ] 80/80 VUs  03m19.0s/12m00.0s

running (03m20.0s), 80/80 VUs, 3158 complete and 0 interrupted iterations
oscillating   [  28% ] 80/80 VUs  03m20.0s/12m00.0s

running (03m21.0s), 80/80 VUs, 3185 complete and 0 interrupted iterations
oscillating   [  28% ] 80/80 VUs  03m21.0s/12m00.0s

running (03m22.0s), 80/80 VUs, 3185 complete and 0 interrupted iterations
oscillating   [  28% ] 80/80 VUs  03m22.0s/12m00.0s

running (03m23.0s), 80/80 VUs, 3211 complete and 0 interrupted iterations
oscillating   [  28% ] 80/80 VUs  03m23.0s/12m00.0s

running (03m24.0s), 80/80 VUs, 3238 complete and 0 interrupted iterations
oscillating   [  28% ] 80/80 VUs  03m24.0s/12m00.0s

running (03m25.0s), 80/80 VUs, 3238 complete and 0 interrupted iterations
oscillating   [  28% ] 80/80 VUs  03m25.0s/12m00.0s

running (03m26.0s), 80/80 VUs, 3265 complete and 0 interrupted iterations
oscillating   [  29% ] 80/80 VUs  03m26.0s/12m00.0s

running (03m27.0s), 80/80 VUs, 3265 complete and 0 interrupted iterations
oscillating   [  29% ] 80/80 VUs  03m27.0s/12m00.0s

running (03m28.0s), 80/80 VUs, 3291 complete and 0 interrupted iterations
oscillating   [  29% ] 80/80 VUs  03m28.0s/12m00.0s

running (03m29.0s), 80/80 VUs, 3318 complete and 0 interrupted iterations
oscillating   [  29% ] 80/80 VUs  03m29.0s/12m00.0s

running (03m30.0s), 80/80 VUs, 3318 complete and 0 interrupted iterations
oscillating   [  29% ] 80/80 VUs  03m30.0s/12m00.0s

running (03m31.0s), 80/80 VUs, 3345 complete and 0 interrupted iterations
oscillating   [  29% ] 80/80 VUs  03m31.0s/12m00.0s

running (03m32.0s), 80/80 VUs, 3345 complete and 0 interrupted iterations
oscillating   [  29% ] 80/80 VUs  03m32.0s/12m00.0s

running (03m33.0s), 75/80 VUs, 3371 complete and 0 interrupted iterations
oscillating   [  30% ] 75/80 VUs  03m33.0s/12m00.0s

running (03m34.0s), 65/80 VUs, 3397 complete and 0 interrupted iterations
oscillating   [  30% ] 65/80 VUs  03m34.0s/12m00.0s

running (03m35.0s), 55/80 VUs, 3424 complete and 0 interrupted iterations
oscillating   [  30% ] 55/80 VUs  03m35.0s/12m00.0s

running (03m36.0s), 46/80 VUs, 3464 complete and 0 interrupted iterations
oscillating   [  30% ] 46/80 VUs  03m36.0s/12m00.0s

running (03m37.0s), 33/80 VUs, 3512 complete and 0 interrupted iterations
oscillating   [  30% ] 33/80 VUs  03m37.0s/12m00.0s

running (03m38.0s), 27/80 VUs, 3560 complete and 0 interrupted iterations
oscillating   [  30% ] 27/80 VUs  03m38.0s/12m00.0s

running (03m39.0s), 21/80 VUs, 3596 complete and 0 interrupted iterations
oscillating   [  30% ] 21/80 VUs  03m39.0s/12m00.0s

running (03m40.0s), 13/80 VUs, 3622 complete and 0 interrupted iterations
oscillating   [  31% ] 13/80 VUs  03m40.0s/12m00.0s

running (03m41.0s), 10/80 VUs, 3639 complete and 0 interrupted iterations
oscillating   [  31% ] 10/80 VUs  03m41.0s/12m00.0s

running (03m42.0s), 10/80 VUs, 3652 complete and 0 interrupted iterations
oscillating   [  31% ] 10/80 VUs  03m42.0s/12m00.0s

running (03m43.0s), 10/80 VUs, 3668 complete and 0 interrupted iterations
oscillating   [  31% ] 10/80 VUs  03m43.0s/12m00.0s

running (03m44.0s), 10/80 VUs, 3683 complete and 0 interrupted iterations
oscillating   [  31% ] 10/80 VUs  03m44.0s/12m00.0s

running (03m45.0s), 10/80 VUs, 3696 complete and 0 interrupted iterations
oscillating   [  31% ] 10/80 VUs  03m45.0s/12m00.0s

running (03m46.0s), 10/80 VUs, 3712 complete and 0 interrupted iterations
oscillating   [  31% ] 10/80 VUs  03m46.0s/12m00.0s

running (03m47.0s), 10/80 VUs, 3724 complete and 0 interrupted iterations
oscillating   [  32% ] 10/80 VUs  03m47.0s/12m00.0s

running (03m48.0s), 10/80 VUs, 3739 complete and 0 interrupted iterations
oscillating   [  32% ] 10/80 VUs  03m48.0s/12m00.0s

running (03m49.0s), 10/80 VUs, 3753 complete and 0 interrupted iterations
oscillating   [  32% ] 10/80 VUs  03m49.0s/12m00.0s

running (03m50.0s), 10/80 VUs, 3766 complete and 0 interrupted iterations
oscillating   [  32% ] 10/80 VUs  03m50.0s/12m00.0s

running (03m51.0s), 10/80 VUs, 3781 complete and 0 interrupted iterations
oscillating   [  32% ] 10/80 VUs  03m51.0s/12m00.0s

running (03m52.0s), 10/80 VUs, 3797 complete and 0 interrupted iterations
oscillating   [  32% ] 10/80 VUs  03m52.0s/12m00.0s

running (03m53.0s), 10/80 VUs, 3810 complete and 0 interrupted iterations
oscillating   [  32% ] 10/80 VUs  03m53.0s/12m00.0s

running (03m54.0s), 10/80 VUs, 3825 complete and 0 interrupted iterations
oscillating   [  32% ] 10/80 VUs  03m54.0s/12m00.0s

running (03m55.0s), 10/80 VUs, 3837 complete and 0 interrupted iterations
oscillating   [  33% ] 10/80 VUs  03m55.0s/12m00.0s

running (03m56.0s), 10/80 VUs, 3854 complete and 0 interrupted iterations
oscillating   [  33% ] 10/80 VUs  03m56.0s/12m00.0s

running (03m57.0s), 10/80 VUs, 3868 complete and 0 interrupted iterations
oscillating   [  33% ] 10/80 VUs  03m57.0s/12m00.0s

running (03m58.0s), 10/80 VUs, 3881 complete and 0 interrupted iterations
oscillating   [  33% ] 10/80 VUs  03m58.0s/12m00.0s

running (03m59.0s), 10/80 VUs, 3894 complete and 0 interrupted iterations
oscillating   [  33% ] 10/80 VUs  03m59.0s/12m00.0s

running (04m00.0s), 10/80 VUs, 3910 complete and 0 interrupted iterations
oscillating   [  33% ] 10/80 VUs  04m00.0s/12m00.0s

running (04m01.0s), 10/80 VUs, 3924 complete and 0 interrupted iterations
oscillating   [  33% ] 10/80 VUs  04m01.0s/12m00.0s

running (04m02.0s), 10/80 VUs, 3938 complete and 0 interrupted iterations
oscillating   [  34% ] 10/80 VUs  04m02.0s/12m00.0s

running (04m03.0s), 10/80 VUs, 3955 complete and 0 interrupted iterations
oscillating   [  34% ] 10/80 VUs  04m03.0s/12m00.0s

running (04m04.0s), 10/80 VUs, 3966 complete and 0 interrupted iterations
oscillating   [  34% ] 10/80 VUs  04m04.0s/12m00.0s

running (04m05.0s), 10/80 VUs, 3979 complete and 0 interrupted iterations
oscillating   [  34% ] 10/80 VUs  04m05.0s/12m00.0s

running (04m06.0s), 10/80 VUs, 3994 complete and 0 interrupted iterations
oscillating   [  34% ] 10/80 VUs  04m06.0s/12m00.0s

running (04m07.0s), 10/80 VUs, 4008 complete and 0 interrupted iterations
oscillating   [  34% ] 10/80 VUs  04m07.0s/12m00.0s

running (04m08.0s), 10/80 VUs, 4022 complete and 0 interrupted iterations
oscillating   [  34% ] 10/80 VUs  04m08.0s/12m00.0s

running (04m09.0s), 10/80 VUs, 4038 complete and 0 interrupted iterations
oscillating   [  35% ] 10/80 VUs  04m09.0s/12m00.0s

running (04m10.0s), 10/80 VUs, 4050 complete and 0 interrupted iterations
oscillating   [  35% ] 10/80 VUs  04m10.0s/12m00.0s

running (04m11.0s), 10/80 VUs, 4066 complete and 0 interrupted iterations
oscillating   [  35% ] 10/80 VUs  04m11.0s/12m00.0s

running (04m12.0s), 10/80 VUs, 4080 complete and 0 interrupted iterations
oscillating   [  35% ] 10/80 VUs  04m12.0s/12m00.0s

running (04m13.0s), 10/80 VUs, 4094 complete and 0 interrupted iterations
oscillating   [  35% ] 10/80 VUs  04m13.0s/12m00.0s

running (04m14.0s), 10/80 VUs, 4107 complete and 0 interrupted iterations
oscillating   [  35% ] 10/80 VUs  04m14.0s/12m00.0s

running (04m15.0s), 10/80 VUs, 4122 complete and 0 interrupted iterations
oscillating   [  35% ] 10/80 VUs  04m15.0s/12m00.0s

running (04m16.0s), 10/80 VUs, 4138 complete and 0 interrupted iterations
oscillating   [  36% ] 10/80 VUs  04m16.0s/12m00.0s

running (04m17.0s), 10/80 VUs, 4152 complete and 0 interrupted iterations
oscillating   [  36% ] 10/80 VUs  04m17.0s/12m00.0s

running (04m18.0s), 10/80 VUs, 4163 complete and 0 interrupted iterations
oscillating   [  36% ] 10/80 VUs  04m18.0s/12m00.0s

running (04m19.0s), 10/80 VUs, 4181 complete and 0 interrupted iterations
oscillating   [  36% ] 10/80 VUs  04m19.0s/12m00.0s

running (04m20.0s), 10/80 VUs, 4193 complete and 0 interrupted iterations
oscillating   [  36% ] 10/80 VUs  04m20.0s/12m00.0s

running (04m21.0s), 10/80 VUs, 4207 complete and 0 interrupted iterations
oscillating   [  36% ] 10/80 VUs  04m21.0s/12m00.0s

running (04m22.0s), 10/80 VUs, 4221 complete and 0 interrupted iterations
oscillating   [  36% ] 10/80 VUs  04m22.0s/12m00.0s

running (04m23.0s), 10/80 VUs, 4235 complete and 0 interrupted iterations
oscillating   [  37% ] 10/80 VUs  04m23.0s/12m00.0s

running (04m24.0s), 10/80 VUs, 4249 complete and 0 interrupted iterations
oscillating   [  37% ] 10/80 VUs  04m24.0s/12m00.0s

running (04m25.0s), 10/80 VUs, 4263 complete and 0 interrupted iterations
oscillating   [  37% ] 10/80 VUs  04m25.0s/12m00.0s

running (04m26.0s), 10/80 VUs, 4278 complete and 0 interrupted iterations
oscillating   [  37% ] 10/80 VUs  04m26.0s/12m00.0s

running (04m27.0s), 10/80 VUs, 4294 complete and 0 interrupted iterations
oscillating   [  37% ] 10/80 VUs  04m27.0s/12m00.0s

running (04m28.0s), 10/80 VUs, 4306 complete and 0 interrupted iterations
oscillating   [  37% ] 10/80 VUs  04m28.0s/12m00.0s

running (04m29.0s), 10/80 VUs, 4318 complete and 0 interrupted iterations
oscillating   [  37% ] 10/80 VUs  04m29.0s/12m00.0s

running (04m30.0s), 10/80 VUs, 4334 complete and 0 interrupted iterations
oscillating   [  37% ] 10/80 VUs  04m30.0s/12m00.0s

running (04m31.0s), 10/80 VUs, 4348 complete and 0 interrupted iterations
oscillating   [  38% ] 10/80 VUs  04m31.0s/12m00.0s

running (04m32.0s), 10/80 VUs, 4365 complete and 0 interrupted iterations
oscillating   [  38% ] 10/80 VUs  04m32.0s/12m00.0s

running (04m33.0s), 10/80 VUs, 4378 complete and 0 interrupted iterations
oscillating   [  38% ] 10/80 VUs  04m33.0s/12m00.0s

running (04m34.0s), 10/80 VUs, 4392 complete and 0 interrupted iterations
oscillating   [  38% ] 10/80 VUs  04m34.0s/12m00.0s

running (04m35.0s), 10/80 VUs, 4406 complete and 0 interrupted iterations
oscillating   [  38% ] 10/80 VUs  04m35.0s/12m00.0s

running (04m36.0s), 10/80 VUs, 4421 complete and 0 interrupted iterations
oscillating   [  38% ] 10/80 VUs  04m36.0s/12m00.0s

running (04m37.0s), 10/80 VUs, 4433 complete and 0 interrupted iterations
oscillating   [  38% ] 10/80 VUs  04m37.0s/12m00.0s

running (04m38.0s), 10/80 VUs, 4446 complete and 0 interrupted iterations
oscillating   [  39% ] 10/80 VUs  04m38.0s/12m00.0s

running (04m39.0s), 10/80 VUs, 4463 complete and 0 interrupted iterations
oscillating   [  39% ] 10/80 VUs  04m39.0s/12m00.0s

running (04m40.0s), 10/80 VUs, 4474 complete and 0 interrupted iterations
oscillating   [  39% ] 10/80 VUs  04m40.0s/12m00.0s

running (04m41.0s), 10/80 VUs, 4491 complete and 0 interrupted iterations
oscillating   [  39% ] 10/80 VUs  04m41.0s/12m00.0s

running (04m42.0s), 10/80 VUs, 4504 complete and 0 interrupted iterations
oscillating   [  39% ] 10/80 VUs  04m42.0s/12m00.0s

running (04m43.0s), 10/80 VUs, 4519 complete and 0 interrupted iterations
oscillating   [  39% ] 10/80 VUs  04m43.0s/12m00.0s

running (04m44.0s), 10/80 VUs, 4533 complete and 0 interrupted iterations
oscillating   [  39% ] 10/80 VUs  04m44.0s/12m00.0s

running (04m45.0s), 10/80 VUs, 4545 complete and 0 interrupted iterations
oscillating   [  40% ] 10/80 VUs  04m45.0s/12m00.0s

running (04m46.0s), 10/80 VUs, 4561 complete and 0 interrupted iterations
oscillating   [  40% ] 10/80 VUs  04m46.0s/12m00.0s

running (04m47.0s), 10/80 VUs, 4574 complete and 0 interrupted iterations
oscillating   [  40% ] 10/80 VUs  04m47.0s/12m00.0s

running (04m48.0s), 10/80 VUs, 4589 complete and 0 interrupted iterations
oscillating   [  40% ] 10/80 VUs  04m48.0s/12m00.0s

running (04m49.0s), 10/80 VUs, 4603 complete and 0 interrupted iterations
oscillating   [  40% ] 10/80 VUs  04m49.0s/12m00.0s

running (04m50.0s), 10/80 VUs, 4616 complete and 0 interrupted iterations
oscillating   [  40% ] 10/80 VUs  04m50.0s/12m00.0s

running (04m51.0s), 10/80 VUs, 4632 complete and 0 interrupted iterations
oscillating   [  40% ] 10/80 VUs  04m51.0s/12m00.0s

running (04m52.0s), 10/80 VUs, 4643 complete and 0 interrupted iterations
oscillating   [  41% ] 10/80 VUs  04m52.0s/12m00.0s

running (04m53.0s), 10/80 VUs, 4659 complete and 0 interrupted iterations
oscillating   [  41% ] 10/80 VUs  04m53.0s/12m00.0s

running (04m54.0s), 10/80 VUs, 4671 complete and 0 interrupted iterations
oscillating   [  41% ] 10/80 VUs  04m54.0s/12m00.0s

running (04m55.0s), 10/80 VUs, 4684 complete and 0 interrupted iterations
oscillating   [  41% ] 10/80 VUs  04m55.0s/12m00.0s

running (04m56.0s), 10/80 VUs, 4698 complete and 0 interrupted iterations
oscillating   [  41% ] 10/80 VUs  04m56.0s/12m00.0s

running (04m57.0s), 10/80 VUs, 4712 complete and 0 interrupted iterations
oscillating   [  41% ] 10/80 VUs  04m57.0s/12m00.0s

running (04m58.0s), 10/80 VUs, 4727 complete and 0 interrupted iterations
oscillating   [  41% ] 10/80 VUs  04m58.0s/12m00.0s

running (04m59.0s), 10/80 VUs, 4740 complete and 0 interrupted iterations
oscillating   [  42% ] 10/80 VUs  04m59.0s/12m00.0s

running (05m00.0s), 10/80 VUs, 4757 complete and 0 interrupted iterations
oscillating   [  42% ] 10/80 VUs  05m00.0s/12m00.0s

running (05m01.0s), 16/80 VUs, 4772 complete and 0 interrupted iterations
oscillating   [  42% ] 16/80 VUs  05m01.0s/12m00.0s

running (05m02.0s), 23/80 VUs, 4794 complete and 0 interrupted iterations
oscillating   [  42% ] 23/80 VUs  05m02.0s/12m00.0s

running (05m03.0s), 30/80 VUs, 4826 complete and 0 interrupted iterations
oscillating   [  42% ] 30/80 VUs  05m03.0s/12m00.0s

running (05m04.0s), 37/80 VUs, 4874 complete and 0 interrupted iterations
oscillating   [  42% ] 37/80 VUs  05m04.0s/12m00.0s

running (05m05.0s), 44/80 VUs, 4921 complete and 0 interrupted iterations
oscillating   [  42% ] 44/80 VUs  05m05.0s/12m00.0s

running (05m06.0s), 51/80 VUs, 4968 complete and 0 interrupted iterations
oscillating   [  42% ] 51/80 VUs  05m06.0s/12m00.0s

running (05m07.0s), 58/80 VUs, 4999 complete and 0 interrupted iterations
oscillating   [  43% ] 58/80 VUs  05m07.0s/12m00.0s

running (05m08.0s), 65/80 VUs, 5034 complete and 0 interrupted iterations
oscillating   [  43% ] 65/80 VUs  05m08.0s/12m00.0s

running (05m09.0s), 72/80 VUs, 5061 complete and 0 interrupted iterations
oscillating   [  43% ] 72/80 VUs  05m09.0s/12m00.0s

running (05m10.0s), 79/80 VUs, 5084 complete and 0 interrupted iterations
oscillating   [  43% ] 79/80 VUs  05m10.0s/12m00.0s

running (05m11.0s), 80/80 VUs, 5105 complete and 0 interrupted iterations
oscillating   [  43% ] 80/80 VUs  05m11.0s/12m00.0s

running (05m12.0s), 80/80 VUs, 5132 complete and 0 interrupted iterations
oscillating   [  43% ] 80/80 VUs  05m12.0s/12m00.0s

running (05m13.0s), 80/80 VUs, 5158 complete and 0 interrupted iterations
oscillating   [  43% ] 80/80 VUs  05m13.0s/12m00.0s

running (05m14.0s), 80/80 VUs, 5158 complete and 0 interrupted iterations
oscillating   [  44% ] 80/80 VUs  05m14.0s/12m00.0s

running (05m15.0s), 80/80 VUs, 5186 complete and 0 interrupted iterations
oscillating   [  44% ] 80/80 VUs  05m15.0s/12m00.0s

running (05m16.0s), 80/80 VUs, 5186 complete and 0 interrupted iterations
oscillating   [  44% ] 80/80 VUs  05m16.0s/12m00.0s

running (05m17.0s), 80/80 VUs, 5212 complete and 0 interrupted iterations
oscillating   [  44% ] 80/80 VUs  05m17.0s/12m00.0s

running (05m18.0s), 80/80 VUs, 5220 complete and 0 interrupted iterations
oscillating   [  44% ] 80/80 VUs  05m18.0s/12m00.0s

running (05m19.0s), 80/80 VUs, 5248 complete and 0 interrupted iterations
oscillating   [  44% ] 80/80 VUs  05m19.0s/12m00.0s

running (05m20.0s), 80/80 VUs, 5275 complete and 0 interrupted iterations
oscillating   [  44% ] 80/80 VUs  05m20.0s/12m00.0s

running (05m21.0s), 80/80 VUs, 5275 complete and 0 interrupted iterations
oscillating   [  45% ] 80/80 VUs  05m21.0s/12m00.0s

running (05m22.0s), 80/80 VUs, 5301 complete and 0 interrupted iterations
oscillating   [  45% ] 80/80 VUs  05m22.0s/12m00.0s

running (05m23.0s), 80/80 VUs, 5301 complete and 0 interrupted iterations
oscillating   [  45% ] 80/80 VUs  05m23.0s/12m00.0s

running (05m24.0s), 80/80 VUs, 5328 complete and 0 interrupted iterations
oscillating   [  45% ] 80/80 VUs  05m24.0s/12m00.0s

running (05m25.0s), 80/80 VUs, 5354 complete and 0 interrupted iterations
oscillating   [  45% ] 80/80 VUs  05m25.0s/12m00.0s

running (05m26.0s), 80/80 VUs, 5354 complete and 0 interrupted iterations
oscillating   [  45% ] 80/80 VUs  05m26.0s/12m00.0s

running (05m27.0s), 80/80 VUs, 5381 complete and 0 interrupted iterations
oscillating   [  45% ] 80/80 VUs  05m27.0s/12m00.0s

running (05m28.0s), 80/80 VUs, 5401 complete and 0 interrupted iterations
oscillating   [  46% ] 80/80 VUs  05m28.0s/12m00.0s

running (05m29.0s), 80/80 VUs, 5407 complete and 0 interrupted iterations
oscillating   [  46% ] 80/80 VUs  05m29.0s/12m00.0s

running (05m30.0s), 80/80 VUs, 5434 complete and 0 interrupted iterations
oscillating   [  46% ] 80/80 VUs  05m30.0s/12m00.0s

running (05m31.0s), 80/80 VUs, 5434 complete and 0 interrupted iterations
oscillating   [  46% ] 80/80 VUs  05m31.0s/12m00.0s

running (05m32.0s), 80/80 VUs, 5461 complete and 0 interrupted iterations
oscillating   [  46% ] 80/80 VUs  05m32.0s/12m00.0s

running (05m33.0s), 80/80 VUs, 5479 complete and 0 interrupted iterations
oscillating   [  46% ] 80/80 VUs  05m33.0s/12m00.0s

running (05m34.0s), 80/80 VUs, 5480 complete and 0 interrupted iterations
oscillating   [  46% ] 80/80 VUs  05m34.0s/12m00.0s

running (05m35.0s), 80/80 VUs, 5506 complete and 0 interrupted iterations
oscillating   [  47% ] 80/80 VUs  05m35.0s/12m00.0s

running (05m36.0s), 80/80 VUs, 5533 complete and 0 interrupted iterations
oscillating   [  47% ] 80/80 VUs  05m36.0s/12m00.0s

running (05m37.0s), 80/80 VUs, 5533 complete and 0 interrupted iterations
oscillating   [  47% ] 80/80 VUs  05m37.0s/12m00.0s

running (05m38.0s), 80/80 VUs, 5560 complete and 0 interrupted iterations
oscillating   [  47% ] 80/80 VUs  05m38.0s/12m00.0s

running (05m39.0s), 80/80 VUs, 5586 complete and 0 interrupted iterations
oscillating   [  47% ] 80/80 VUs  05m39.0s/12m00.0s

running (05m40.0s), 80/80 VUs, 5586 complete and 0 interrupted iterations
oscillating   [  47% ] 80/80 VUs  05m40.0s/12m00.0s

running (05m41.0s), 80/80 VUs, 5613 complete and 0 interrupted iterations
oscillating   [  47% ] 80/80 VUs  05m41.0s/12m00.0s

running (05m42.0s), 80/80 VUs, 5613 complete and 0 interrupted iterations
oscillating   [  47% ] 80/80 VUs  05m42.0s/12m00.0s

running (05m43.0s), 80/80 VUs, 5640 complete and 0 interrupted iterations
oscillating   [  48% ] 80/80 VUs  05m43.0s/12m00.0s

running (05m44.0s), 80/80 VUs, 5640 complete and 0 interrupted iterations
oscillating   [  48% ] 80/80 VUs  05m44.0s/12m00.0s

running (05m45.0s), 80/80 VUs, 5665 complete and 0 interrupted iterations
oscillating   [  48% ] 80/80 VUs  05m45.0s/12m00.0s

running (05m46.0s), 80/80 VUs, 5693 complete and 0 interrupted iterations
oscillating   [  48% ] 80/80 VUs  05m46.0s/12m00.0s

running (05m47.0s), 80/80 VUs, 5693 complete and 0 interrupted iterations
oscillating   [  48% ] 80/80 VUs  05m47.0s/12m00.0s

running (05m48.0s), 80/80 VUs, 5719 complete and 0 interrupted iterations
oscillating   [  48% ] 80/80 VUs  05m48.0s/12m00.0s

running (05m49.0s), 80/80 VUs, 5746 complete and 0 interrupted iterations
oscillating   [  48% ] 80/80 VUs  05m49.0s/12m00.0s

running (05m50.0s), 80/80 VUs, 5746 complete and 0 interrupted iterations
oscillating   [  49% ] 80/80 VUs  05m50.0s/12m00.0s

running (05m51.0s), 80/80 VUs, 5767 complete and 0 interrupted iterations
oscillating   [  49% ] 80/80 VUs  05m51.0s/12m00.0s

running (05m52.0s), 80/80 VUs, 5794 complete and 0 interrupted iterations
oscillating   [  49% ] 80/80 VUs  05m52.0s/12m00.0s

running (05m53.0s), 80/80 VUs, 5798 complete and 0 interrupted iterations
oscillating   [  49% ] 80/80 VUs  05m53.0s/12m00.0s

running (05m54.0s), 80/80 VUs, 5824 complete and 0 interrupted iterations
oscillating   [  49% ] 80/80 VUs  05m54.0s/12m00.0s

running (05m55.0s), 80/80 VUs, 5824 complete and 0 interrupted iterations
oscillating   [  49% ] 80/80 VUs  05m55.0s/12m00.0s

running (05m56.0s), 80/80 VUs, 5859 complete and 0 interrupted iterations
oscillating   [  49% ] 80/80 VUs  05m56.0s/12m00.0s

running (05m57.0s), 80/80 VUs, 5859 complete and 0 interrupted iterations
oscillating   [  50% ] 80/80 VUs  05m57.0s/12m00.0s

running (05m58.0s), 80/80 VUs, 5885 complete and 0 interrupted iterations
oscillating   [  50% ] 80/80 VUs  05m58.0s/12m00.0s

running (05m59.0s), 80/80 VUs, 5912 complete and 0 interrupted iterations
oscillating   [  50% ] 80/80 VUs  05m59.0s/12m00.0s

running (06m00.0s), 80/80 VUs, 5912 complete and 0 interrupted iterations
oscillating   [  50% ] 80/80 VUs  06m00.0s/12m00.0s

running (06m01.0s), 80/80 VUs, 5939 complete and 0 interrupted iterations
oscillating   [  50% ] 80/80 VUs  06m01.0s/12m00.0s

running (06m02.0s), 80/80 VUs, 5942 complete and 0 interrupted iterations
oscillating   [  50% ] 80/80 VUs  06m02.0s/12m00.0s

running (06m03.0s), 80/80 VUs, 5966 complete and 0 interrupted iterations
oscillating   [  50% ] 80/80 VUs  06m03.0s/12m00.0s

running (06m04.0s), 80/80 VUs, 5986 complete and 0 interrupted iterations
oscillating   [  51% ] 80/80 VUs  06m04.0s/12m00.0s

running (06m05.0s), 80/80 VUs, 5987 complete and 0 interrupted iterations
oscillating   [  51% ] 80/80 VUs  06m05.0s/12m00.0s

running (06m06.0s), 80/80 VUs, 6016 complete and 0 interrupted iterations
oscillating   [  51% ] 80/80 VUs  06m06.0s/12m00.0s

running (06m07.0s), 80/80 VUs, 6042 complete and 0 interrupted iterations
oscillating   [  51% ] 80/80 VUs  06m07.0s/12m00.0s

running (06m08.0s), 80/80 VUs, 6042 complete and 0 interrupted iterations
oscillating   [  51% ] 80/80 VUs  06m08.0s/12m00.0s

running (06m09.0s), 80/80 VUs, 6063 complete and 0 interrupted iterations
oscillating   [  51% ] 80/80 VUs  06m09.0s/12m00.0s

running (06m10.0s), 80/80 VUs, 6090 complete and 0 interrupted iterations
oscillating   [  51% ] 80/80 VUs  06m10.0s/12m00.0s

running (06m11.0s), 80/80 VUs, 6090 complete and 0 interrupted iterations
oscillating   [  52% ] 80/80 VUs  06m11.0s/12m00.0s

running (06m12.0s), 80/80 VUs, 6117 complete and 0 interrupted iterations
oscillating   [  52% ] 80/80 VUs  06m12.0s/12m00.0s

running (06m13.0s), 80/80 VUs, 6131 complete and 0 interrupted iterations
oscillating   [  52% ] 80/80 VUs  06m13.0s/12m00.0s

running (06m14.0s), 80/80 VUs, 6131 complete and 0 interrupted iterations
oscillating   [  52% ] 80/80 VUs  06m14.0s/12m00.0s

running (06m15.0s), 80/80 VUs, 6158 complete and 0 interrupted iterations
oscillating   [  52% ] 80/80 VUs  06m15.0s/12m00.0s

running (06m16.0s), 80/80 VUs, 6185 complete and 0 interrupted iterations
oscillating   [  52% ] 80/80 VUs  06m16.0s/12m00.0s

running (06m17.0s), 80/80 VUs, 6185 complete and 0 interrupted iterations
oscillating   [  52% ] 80/80 VUs  06m17.0s/12m00.0s

running (06m18.0s), 80/80 VUs, 6212 complete and 0 interrupted iterations
oscillating   [  52% ] 80/80 VUs  06m18.0s/12m00.0s

running (06m19.0s), 80/80 VUs, 6212 complete and 0 interrupted iterations
oscillating   [  53% ] 80/80 VUs  06m19.0s/12m00.0s

running (06m20.0s), 80/80 VUs, 6238 complete and 0 interrupted iterations
oscillating   [  53% ] 80/80 VUs  06m20.0s/12m00.0s

running (06m21.0s), 80/80 VUs, 6238 complete and 0 interrupted iterations
oscillating   [  53% ] 80/80 VUs  06m21.0s/12m00.0s

running (06m22.0s), 80/80 VUs, 6265 complete and 0 interrupted iterations
oscillating   [  53% ] 80/80 VUs  06m22.0s/12m00.0s

running (06m23.0s), 80/80 VUs, 6291 complete and 0 interrupted iterations
oscillating   [  53% ] 80/80 VUs  06m23.0s/12m00.0s

running (06m24.0s), 80/80 VUs, 6292 complete and 0 interrupted iterations
oscillating   [  53% ] 80/80 VUs  06m24.0s/12m00.0s

running (06m25.0s), 80/80 VUs, 6318 complete and 0 interrupted iterations
oscillating   [  53% ] 80/80 VUs  06m25.0s/12m00.0s

running (06m26.0s), 80/80 VUs, 6318 complete and 0 interrupted iterations
oscillating   [  54% ] 80/80 VUs  06m26.0s/12m00.0s

running (06m27.0s), 80/80 VUs, 6345 complete and 0 interrupted iterations
oscillating   [  54% ] 80/80 VUs  06m27.0s/12m00.0s

running (06m28.0s), 80/80 VUs, 6371 complete and 0 interrupted iterations
oscillating   [  54% ] 80/80 VUs  06m28.0s/12m00.0s

running (06m29.0s), 80/80 VUs, 6371 complete and 0 interrupted iterations
oscillating   [  54% ] 80/80 VUs  06m29.0s/12m00.0s

running (06m30.0s), 80/80 VUs, 6398 complete and 0 interrupted iterations
oscillating   [  54% ] 80/80 VUs  06m30.0s/12m00.0s

running (06m31.0s), 80/80 VUs, 6425 complete and 0 interrupted iterations
oscillating   [  54% ] 80/80 VUs  06m31.0s/12m00.0s

running (06m32.0s), 80/80 VUs, 6425 complete and 0 interrupted iterations
oscillating   [  54% ] 80/80 VUs  06m32.0s/12m00.0s

running (06m33.0s), 76/80 VUs, 6451 complete and 0 interrupted iterations
oscillating   [  55% ] 76/80 VUs  06m33.0s/12m00.0s

running (06m34.0s), 65/80 VUs, 6478 complete and 0 interrupted iterations
oscillating   [  55% ] 65/80 VUs  06m34.0s/12m00.0s

running (06m35.0s), 65/80 VUs, 6478 complete and 0 interrupted iterations
oscillating   [  55% ] 65/80 VUs  06m35.0s/12m00.0s

running (06m36.0s), 46/80 VUs, 6527 complete and 0 interrupted iterations
oscillating   [  55% ] 46/80 VUs  06m36.0s/12m00.0s

running (06m37.0s), 34/80 VUs, 6575 complete and 0 interrupted iterations
oscillating   [  55% ] 34/80 VUs  06m37.0s/12m00.0s

running (06m38.0s), 28/80 VUs, 6622 complete and 0 interrupted iterations
oscillating   [  55% ] 28/80 VUs  06m38.0s/12m00.0s

running (06m39.0s), 20/80 VUs, 6656 complete and 0 interrupted iterations
oscillating   [  55% ] 20/80 VUs  06m39.0s/12m00.0s

running (06m40.0s), 12/80 VUs, 6682 complete and 0 interrupted iterations
oscillating   [  56% ] 12/80 VUs  06m40.0s/12m00.0s

running (06m41.0s), 10/80 VUs, 6700 complete and 0 interrupted iterations
oscillating   [  56% ] 10/80 VUs  06m41.0s/12m00.0s

running (06m42.0s), 10/80 VUs, 6712 complete and 0 interrupted iterations
oscillating   [  56% ] 10/80 VUs  06m42.0s/12m00.0s

running (06m43.0s), 10/80 VUs, 6727 complete and 0 interrupted iterations
oscillating   [  56% ] 10/80 VUs  06m43.0s/12m00.0s

running (06m44.0s), 10/80 VUs, 6744 complete and 0 interrupted iterations
oscillating   [  56% ] 10/80 VUs  06m44.0s/12m00.0s

running (06m45.0s), 10/80 VUs, 6755 complete and 0 interrupted iterations
oscillating   [  56% ] 10/80 VUs  06m45.0s/12m00.0s

running (06m46.0s), 10/80 VUs, 6770 complete and 0 interrupted iterations
oscillating   [  56% ] 10/80 VUs  06m46.0s/12m00.0s

running (06m47.0s), 10/80 VUs, 6783 complete and 0 interrupted iterations
oscillating   [  57% ] 10/80 VUs  06m47.0s/12m00.0s

running (06m48.0s), 10/80 VUs, 6797 complete and 0 interrupted iterations
oscillating   [  57% ] 10/80 VUs  06m48.0s/12m00.0s

running (06m49.0s), 10/80 VUs, 6812 complete and 0 interrupted iterations
oscillating   [  57% ] 10/80 VUs  06m49.0s/12m00.0s

running (06m50.0s), 10/80 VUs, 6828 complete and 0 interrupted iterations
oscillating   [  57% ] 10/80 VUs  06m50.0s/12m00.0s

running (06m51.0s), 10/80 VUs, 6842 complete and 0 interrupted iterations
oscillating   [  57% ] 10/80 VUs  06m51.0s/12m00.0s

running (06m52.0s), 10/80 VUs, 6854 complete and 0 interrupted iterations
oscillating   [  57% ] 10/80 VUs  06m52.0s/12m00.0s

running (06m53.0s), 10/80 VUs, 6868 complete and 0 interrupted iterations
oscillating   [  57% ] 10/80 VUs  06m53.0s/12m00.0s

running (06m54.0s), 10/80 VUs, 6882 complete and 0 interrupted iterations
oscillating   [  57% ] 10/80 VUs  06m54.0s/12m00.0s

running (06m55.0s), 10/80 VUs, 6897 complete and 0 interrupted iterations
oscillating   [  58% ] 10/80 VUs  06m55.0s/12m00.0s

running (06m56.0s), 10/80 VUs, 6910 complete and 0 interrupted iterations
oscillating   [  58% ] 10/80 VUs  06m56.0s/12m00.0s

running (06m57.0s), 10/80 VUs, 6923 complete and 0 interrupted iterations
oscillating   [  58% ] 10/80 VUs  06m57.0s/12m00.0s

running (06m58.0s), 10/80 VUs, 6937 complete and 0 interrupted iterations
oscillating   [  58% ] 10/80 VUs  06m58.0s/12m00.0s

running (06m59.0s), 10/80 VUs, 6952 complete and 0 interrupted iterations
oscillating   [  58% ] 10/80 VUs  06m59.0s/12m00.0s

running (07m00.0s), 10/80 VUs, 6964 complete and 0 interrupted iterations
oscillating   [  58% ] 10/80 VUs  07m00.0s/12m00.0s

running (07m01.0s), 10/80 VUs, 6978 complete and 0 interrupted iterations
oscillating   [  58% ] 10/80 VUs  07m01.0s/12m00.0s

running (07m02.0s), 10/80 VUs, 6992 complete and 0 interrupted iterations
oscillating   [  59% ] 10/80 VUs  07m02.0s/12m00.0s

running (07m03.0s), 10/80 VUs, 7006 complete and 0 interrupted iterations
oscillating   [  59% ] 10/80 VUs  07m03.0s/12m00.0s

running (07m04.0s), 10/80 VUs, 7021 complete and 0 interrupted iterations
oscillating   [  59% ] 10/80 VUs  07m04.0s/12m00.0s

running (07m05.0s), 10/80 VUs, 7034 complete and 0 interrupted iterations
oscillating   [  59% ] 10/80 VUs  07m05.0s/12m00.0s

running (07m06.0s), 10/80 VUs, 7049 complete and 0 interrupted iterations
oscillating   [  59% ] 10/80 VUs  07m06.0s/12m00.0s

running (07m07.0s), 10/80 VUs, 7064 complete and 0 interrupted iterations
oscillating   [  59% ] 10/80 VUs  07m07.0s/12m00.0s

running (07m08.0s), 10/80 VUs, 7078 complete and 0 interrupted iterations
oscillating   [  59% ] 10/80 VUs  07m08.0s/12m00.0s

running (07m09.0s), 10/80 VUs, 7090 complete and 0 interrupted iterations
oscillating   [  60% ] 10/80 VUs  07m09.0s/12m00.0s

running (07m10.0s), 10/80 VUs, 7106 complete and 0 interrupted iterations
oscillating   [  60% ] 10/80 VUs  07m10.0s/12m00.0s

running (07m11.0s), 10/80 VUs, 7119 complete and 0 interrupted iterations
oscillating   [  60% ] 10/80 VUs  07m11.0s/12m00.0s

running (07m12.0s), 10/80 VUs, 7134 complete and 0 interrupted iterations
oscillating   [  60% ] 10/80 VUs  07m12.0s/12m00.0s

running (07m13.0s), 10/80 VUs, 7148 complete and 0 interrupted iterations
oscillating   [  60% ] 10/80 VUs  07m13.0s/12m00.0s

running (07m14.0s), 10/80 VUs, 7160 complete and 0 interrupted iterations
oscillating   [  60% ] 10/80 VUs  07m14.0s/12m00.0s

running (07m15.0s), 10/80 VUs, 7174 complete and 0 interrupted iterations
oscillating   [  60% ] 10/80 VUs  07m15.0s/12m00.0s

running (07m16.0s), 10/80 VUs, 7188 complete and 0 interrupted iterations
oscillating   [  61% ] 10/80 VUs  07m16.0s/12m00.0s

running (07m17.0s), 10/80 VUs, 7201 complete and 0 interrupted iterations
oscillating   [  61% ] 10/80 VUs  07m17.0s/12m00.0s

running (07m18.0s), 10/80 VUs, 7218 complete and 0 interrupted iterations
oscillating   [  61% ] 10/80 VUs  07m18.0s/12m00.0s

running (07m19.0s), 10/80 VUs, 7231 complete and 0 interrupted iterations
oscillating   [  61% ] 10/80 VUs  07m19.0s/12m00.0s

running (07m20.0s), 10/80 VUs, 7245 complete and 0 interrupted iterations
oscillating   [  61% ] 10/80 VUs  07m20.0s/12m00.0s

running (07m21.0s), 10/80 VUs, 7261 complete and 0 interrupted iterations
oscillating   [  61% ] 10/80 VUs  07m21.0s/12m00.0s

running (07m22.0s), 10/80 VUs, 7274 complete and 0 interrupted iterations
oscillating   [  61% ] 10/80 VUs  07m22.0s/12m00.0s

running (07m23.0s), 10/80 VUs, 7286 complete and 0 interrupted iterations
oscillating   [  62% ] 10/80 VUs  07m23.0s/12m00.0s

running (07m24.0s), 10/80 VUs, 7301 complete and 0 interrupted iterations
oscillating   [  62% ] 10/80 VUs  07m24.0s/12m00.0s

running (07m25.0s), 10/80 VUs, 7314 complete and 0 interrupted iterations
oscillating   [  62% ] 10/80 VUs  07m25.0s/12m00.0s

running (07m26.0s), 10/80 VUs, 7329 complete and 0 interrupted iterations
oscillating   [  62% ] 10/80 VUs  07m26.0s/12m00.0s

running (07m27.0s), 10/80 VUs, 7345 complete and 0 interrupted iterations
oscillating   [  62% ] 10/80 VUs  07m27.0s/12m00.0s

running (07m28.0s), 10/80 VUs, 7357 complete and 0 interrupted iterations
oscillating   [  62% ] 10/80 VUs  07m28.0s/12m00.0s

running (07m29.0s), 10/80 VUs, 7373 complete and 0 interrupted iterations
oscillating   [  62% ] 10/80 VUs  07m29.0s/12m00.0s

running (07m30.0s), 10/80 VUs, 7385 complete and 0 interrupted iterations
oscillating   [  62% ] 10/80 VUs  07m30.0s/12m00.0s

running (07m31.0s), 10/80 VUs, 7400 complete and 0 interrupted iterations
oscillating   [  63% ] 10/80 VUs  07m31.0s/12m00.0s

running (07m32.0s), 10/80 VUs, 7415 complete and 0 interrupted iterations
oscillating   [  63% ] 10/80 VUs  07m32.0s/12m00.0s

running (07m33.0s), 10/80 VUs, 7428 complete and 0 interrupted iterations
oscillating   [  63% ] 10/80 VUs  07m33.0s/12m00.0s

running (07m34.0s), 10/80 VUs, 7443 complete and 0 interrupted iterations
oscillating   [  63% ] 10/80 VUs  07m34.0s/12m00.0s

running (07m35.0s), 10/80 VUs, 7459 complete and 0 interrupted iterations
oscillating   [  63% ] 10/80 VUs  07m35.0s/12m00.0s

running (07m36.0s), 10/80 VUs, 7471 complete and 0 interrupted iterations
oscillating   [  63% ] 10/80 VUs  07m36.0s/12m00.0s

running (07m37.0s), 10/80 VUs, 7486 complete and 0 interrupted iterations
oscillating   [  63% ] 10/80 VUs  07m37.0s/12m00.0s

running (07m38.0s), 10/80 VUs, 7501 complete and 0 interrupted iterations
oscillating   [  64% ] 10/80 VUs  07m38.0s/12m00.0s

running (07m39.0s), 10/80 VUs, 7513 complete and 0 interrupted iterations
oscillating   [  64% ] 10/80 VUs  07m39.0s/12m00.0s

running (07m40.0s), 10/80 VUs, 7529 complete and 0 interrupted iterations
oscillating   [  64% ] 10/80 VUs  07m40.0s/12m00.0s

running (07m41.0s), 10/80 VUs, 7543 complete and 0 interrupted iterations
oscillating   [  64% ] 10/80 VUs  07m41.0s/12m00.0s

running (07m42.0s), 10/80 VUs, 7558 complete and 0 interrupted iterations
oscillating   [  64% ] 10/80 VUs  07m42.0s/12m00.0s

running (07m43.0s), 10/80 VUs, 7572 complete and 0 interrupted iterations
oscillating   [  64% ] 10/80 VUs  07m43.0s/12m00.0s

running (07m44.0s), 10/80 VUs, 7585 complete and 0 interrupted iterations
oscillating   [  64% ] 10/80 VUs  07m44.0s/12m00.0s

running (07m45.0s), 10/80 VUs, 7598 complete and 0 interrupted iterations
oscillating   [  65% ] 10/80 VUs  07m45.0s/12m00.0s

running (07m46.0s), 10/80 VUs, 7614 complete and 0 interrupted iterations
oscillating   [  65% ] 10/80 VUs  07m46.0s/12m00.0s

running (07m47.0s), 10/80 VUs, 7626 complete and 0 interrupted iterations
oscillating   [  65% ] 10/80 VUs  07m47.0s/12m00.0s

running (07m48.0s), 10/80 VUs, 7638 complete and 0 interrupted iterations
oscillating   [  65% ] 10/80 VUs  07m48.0s/12m00.0s

running (07m49.0s), 10/80 VUs, 7654 complete and 0 interrupted iterations
oscillating   [  65% ] 10/80 VUs  07m49.0s/12m00.0s

running (07m50.0s), 10/80 VUs, 7668 complete and 0 interrupted iterations
oscillating   [  65% ] 10/80 VUs  07m50.0s/12m00.0s

running (07m51.0s), 10/80 VUs, 7681 complete and 0 interrupted iterations
oscillating   [  65% ] 10/80 VUs  07m51.0s/12m00.0s

running (07m52.0s), 10/80 VUs, 7695 complete and 0 interrupted iterations
oscillating   [  66% ] 10/80 VUs  07m52.0s/12m00.0s

running (07m53.0s), 10/80 VUs, 7710 complete and 0 interrupted iterations
oscillating   [  66% ] 10/80 VUs  07m53.0s/12m00.0s

running (07m54.0s), 10/80 VUs, 7724 complete and 0 interrupted iterations
oscillating   [  66% ] 10/80 VUs  07m54.0s/12m00.0s

running (07m55.0s), 10/80 VUs, 7738 complete and 0 interrupted iterations
oscillating   [  66% ] 10/80 VUs  07m55.0s/12m00.0s

running (07m56.0s), 10/80 VUs, 7751 complete and 0 interrupted iterations
oscillating   [  66% ] 10/80 VUs  07m56.0s/12m00.0s

running (07m57.0s), 10/80 VUs, 7762 complete and 0 interrupted iterations
oscillating   [  66% ] 10/80 VUs  07m57.0s/12m00.0s

running (07m58.0s), 10/80 VUs, 7776 complete and 0 interrupted iterations
oscillating   [  66% ] 10/80 VUs  07m58.0s/12m00.0s

running (07m59.0s), 10/80 VUs, 7791 complete and 0 interrupted iterations
oscillating   [  67% ] 10/80 VUs  07m59.0s/12m00.0s

running (08m00.0s), 10/80 VUs, 7804 complete and 0 interrupted iterations
oscillating   [  67% ] 10/80 VUs  08m00.0s/12m00.0s

running (08m01.0s), 16/80 VUs, 7818 complete and 0 interrupted iterations
oscillating   [  67% ] 16/80 VUs  08m01.0s/12m00.0s

running (08m02.0s), 23/80 VUs, 7845 complete and 0 interrupted iterations
oscillating   [  67% ] 23/80 VUs  08m02.0s/12m00.0s

running (08m03.0s), 30/80 VUs, 7873 complete and 0 interrupted iterations
oscillating   [  67% ] 30/80 VUs  08m03.0s/12m00.0s

running (08m04.0s), 37/80 VUs, 7919 complete and 0 interrupted iterations
oscillating   [  67% ] 37/80 VUs  08m04.0s/12m00.0s

running (08m05.0s), 44/80 VUs, 7970 complete and 0 interrupted iterations
oscillating   [  67% ] 44/80 VUs  08m05.0s/12m00.0s

running (08m06.0s), 51/80 VUs, 8015 complete and 0 interrupted iterations
oscillating   [  67% ] 51/80 VUs  08m06.0s/12m00.0s

running (08m07.0s), 58/80 VUs, 8053 complete and 0 interrupted iterations
oscillating   [  68% ] 58/80 VUs  08m07.0s/12m00.0s

running (08m08.0s), 65/80 VUs, 8083 complete and 0 interrupted iterations
oscillating   [  68% ] 65/80 VUs  08m08.0s/12m00.0s

running (08m09.0s), 72/80 VUs, 8106 complete and 0 interrupted iterations
oscillating   [  68% ] 72/80 VUs  08m09.0s/12m00.0s

running (08m10.0s), 79/80 VUs, 8135 complete and 0 interrupted iterations
oscillating   [  68% ] 79/80 VUs  08m10.0s/12m00.0s

running (08m11.0s), 80/80 VUs, 8161 complete and 0 interrupted iterations
oscillating   [  68% ] 80/80 VUs  08m11.0s/12m00.0s

running (08m12.0s), 80/80 VUs, 8162 complete and 0 interrupted iterations
oscillating   [  68% ] 80/80 VUs  08m12.0s/12m00.0s

running (08m13.0s), 80/80 VUs, 8188 complete and 0 interrupted iterations
oscillating   [  68% ] 80/80 VUs  08m13.0s/12m00.0s

running (08m14.0s), 80/80 VUs, 8188 complete and 0 interrupted iterations
oscillating   [  69% ] 80/80 VUs  08m14.0s/12m00.0s

running (08m15.0s), 80/80 VUs, 8215 complete and 0 interrupted iterations
oscillating   [  69% ] 80/80 VUs  08m15.0s/12m00.0s

running (08m16.0s), 80/80 VUs, 8242 complete and 0 interrupted iterations
oscillating   [  69% ] 80/80 VUs  08m16.0s/12m00.0s

running (08m17.0s), 80/80 VUs, 8242 complete and 0 interrupted iterations
oscillating   [  69% ] 80/80 VUs  08m17.0s/12m00.0s

running (08m18.0s), 80/80 VUs, 8262 complete and 0 interrupted iterations
oscillating   [  69% ] 80/80 VUs  08m18.0s/12m00.0s

running (08m19.0s), 80/80 VUs, 8289 complete and 0 interrupted iterations
oscillating   [  69% ] 80/80 VUs  08m19.0s/12m00.0s

running (08m20.0s), 80/80 VUs, 8289 complete and 0 interrupted iterations
oscillating   [  69% ] 80/80 VUs  08m20.0s/12m00.0s

running (08m21.0s), 80/80 VUs, 8316 complete and 0 interrupted iterations
oscillating   [  70% ] 80/80 VUs  08m21.0s/12m00.0s

running (08m22.0s), 80/80 VUs, 8329 complete and 0 interrupted iterations
oscillating   [  70% ] 80/80 VUs  08m22.0s/12m00.0s

running (08m23.0s), 80/80 VUs, 8354 complete and 0 interrupted iterations
oscillating   [  70% ] 80/80 VUs  08m23.0s/12m00.0s

running (08m24.0s), 80/80 VUs, 8357 complete and 0 interrupted iterations
oscillating   [  70% ] 80/80 VUs  08m24.0s/12m00.0s

running (08m25.0s), 80/80 VUs, 8384 complete and 0 interrupted iterations
oscillating   [  70% ] 80/80 VUs  08m25.0s/12m00.0s

running (08m26.0s), 80/80 VUs, 8384 complete and 0 interrupted iterations
oscillating   [  70% ] 80/80 VUs  08m26.0s/12m00.0s

running (08m27.0s), 80/80 VUs, 8411 complete and 0 interrupted iterations
oscillating   [  70% ] 80/80 VUs  08m27.0s/12m00.0s

running (08m28.0s), 80/80 VUs, 8428 complete and 0 interrupted iterations
oscillating   [  71% ] 80/80 VUs  08m28.0s/12m00.0s

running (08m29.0s), 80/80 VUs, 8428 complete and 0 interrupted iterations
oscillating   [  71% ] 80/80 VUs  08m29.0s/12m00.0s

running (08m30.0s), 80/80 VUs, 8456 complete and 0 interrupted iterations
oscillating   [  71% ] 80/80 VUs  08m30.0s/12m00.0s

running (08m31.0s), 80/80 VUs, 8482 complete and 0 interrupted iterations
oscillating   [  71% ] 80/80 VUs  08m31.0s/12m00.0s

running (08m32.0s), 80/80 VUs, 8482 complete and 0 interrupted iterations
oscillating   [  71% ] 80/80 VUs  08m32.0s/12m00.0s

running (08m33.0s), 80/80 VUs, 8507 complete and 0 interrupted iterations
oscillating   [  71% ] 80/80 VUs  08m33.0s/12m00.0s

running (08m34.0s), 80/80 VUs, 8533 complete and 0 interrupted iterations
oscillating   [  71% ] 80/80 VUs  08m34.0s/12m00.0s

running (08m35.0s), 80/80 VUs, 8533 complete and 0 interrupted iterations
oscillating   [  72% ] 80/80 VUs  08m35.0s/12m00.0s

running (08m36.0s), 80/80 VUs, 8560 complete and 0 interrupted iterations
oscillating   [  72% ] 80/80 VUs  08m36.0s/12m00.0s

running (08m37.0s), 80/80 VUs, 8560 complete and 0 interrupted iterations
oscillating   [  72% ] 80/80 VUs  08m37.0s/12m00.0s

running (08m38.0s), 80/80 VUs, 8587 complete and 0 interrupted iterations
oscillating   [  72% ] 80/80 VUs  08m38.0s/12m00.0s

running (08m39.0s), 80/80 VUs, 8613 complete and 0 interrupted iterations
oscillating   [  72% ] 80/80 VUs  08m39.0s/12m00.0s

running (08m40.0s), 80/80 VUs, 8613 complete and 0 interrupted iterations
oscillating   [  72% ] 80/80 VUs  08m40.0s/12m00.0s

running (08m41.0s), 80/80 VUs, 8640 complete and 0 interrupted iterations
oscillating   [  72% ] 80/80 VUs  08m41.0s/12m00.0s

running (08m42.0s), 80/80 VUs, 8640 complete and 0 interrupted iterations
oscillating   [  72% ] 80/80 VUs  08m42.0s/12m00.0s

running (08m43.0s), 80/80 VUs, 8667 complete and 0 interrupted iterations
oscillating   [  73% ] 80/80 VUs  08m43.0s/12m00.0s

running (08m44.0s), 80/80 VUs, 8693 complete and 0 interrupted iterations
oscillating   [  73% ] 80/80 VUs  08m44.0s/12m00.0s

running (08m45.0s), 80/80 VUs, 8693 complete and 0 interrupted iterations
oscillating   [  73% ] 80/80 VUs  08m45.0s/12m00.0s

running (08m46.0s), 80/80 VUs, 8720 complete and 0 interrupted iterations
oscillating   [  73% ] 80/80 VUs  08m46.0s/12m00.0s

running (08m47.0s), 80/80 VUs, 8747 complete and 0 interrupted iterations
oscillating   [  73% ] 80/80 VUs  08m47.0s/12m00.0s

running (08m48.0s), 80/80 VUs, 8747 complete and 0 interrupted iterations
oscillating   [  73% ] 80/80 VUs  08m48.0s/12m00.0s

running (08m49.0s), 80/80 VUs, 8773 complete and 0 interrupted iterations
oscillating   [  73% ] 80/80 VUs  08m49.0s/12m00.0s

running (08m50.0s), 80/80 VUs, 8786 complete and 0 interrupted iterations
oscillating   [  74% ] 80/80 VUs  08m50.0s/12m00.0s

running (08m51.0s), 80/80 VUs, 8792 complete and 0 interrupted iterations
oscillating   [  74% ] 80/80 VUs  08m51.0s/12m00.0s

running (08m52.0s), 80/80 VUs, 8815 complete and 0 interrupted iterations
oscillating   [  74% ] 80/80 VUs  08m52.0s/12m00.0s

running (08m53.0s), 80/80 VUs, 8842 complete and 0 interrupted iterations
oscillating   [  74% ] 80/80 VUs  08m53.0s/12m00.0s

running (08m54.0s), 80/80 VUs, 8842 complete and 0 interrupted iterations
oscillating   [  74% ] 80/80 VUs  08m54.0s/12m00.0s

running (08m55.0s), 80/80 VUs, 8868 complete and 0 interrupted iterations
oscillating   [  74% ] 80/80 VUs  08m55.0s/12m00.0s

running (08m56.0s), 80/80 VUs, 8895 complete and 0 interrupted iterations
oscillating   [  74% ] 80/80 VUs  08m56.0s/12m00.0s

running (08m57.0s), 80/80 VUs, 8895 complete and 0 interrupted iterations
oscillating   [  75% ] 80/80 VUs  08m57.0s/12m00.0s

running (08m58.0s), 80/80 VUs, 8915 complete and 0 interrupted iterations
oscillating   [  75% ] 80/80 VUs  08m58.0s/12m00.0s

running (08m59.0s), 80/80 VUs, 8942 complete and 0 interrupted iterations
oscillating   [  75% ] 80/80 VUs  08m59.0s/12m00.0s

running (09m00.0s), 80/80 VUs, 8942 complete and 0 interrupted iterations
oscillating   [  75% ] 80/80 VUs  09m00.0s/12m00.0s

running (09m01.0s), 80/80 VUs, 8969 complete and 0 interrupted iterations
oscillating   [  75% ] 80/80 VUs  09m01.0s/12m00.0s

running (09m02.0s), 80/80 VUs, 8969 complete and 0 interrupted iterations
oscillating   [  75% ] 80/80 VUs  09m02.0s/12m00.0s

running (09m03.0s), 80/80 VUs, 8995 complete and 0 interrupted iterations
oscillating   [  75% ] 80/80 VUs  09m03.0s/12m00.0s

running (09m04.0s), 79/80 VUs, 9022 complete and 0 interrupted iterations
oscillating   [  76% ] 79/80 VUs  09m04.0s/12m00.0s

running (09m05.0s), 79/80 VUs, 9022 complete and 0 interrupted iterations
oscillating   [  76% ] 79/80 VUs  09m05.0s/12m00.0s

running (09m06.0s), 78/80 VUs, 9049 complete and 0 interrupted iterations
oscillating   [  76% ] 78/80 VUs  09m06.0s/12m00.0s

running (09m07.0s), 78/80 VUs, 9075 complete and 0 interrupted iterations
oscillating   [  76% ] 78/80 VUs  09m07.0s/12m00.0s

running (09m08.0s), 78/80 VUs, 9075 complete and 0 interrupted iterations
oscillating   [  76% ] 78/80 VUs  09m08.0s/12m00.0s

running (09m09.0s), 77/80 VUs, 9102 complete and 0 interrupted iterations
oscillating   [  76% ] 77/80 VUs  09m09.0s/12m00.0s

running (09m10.0s), 77/80 VUs, 9129 complete and 0 interrupted iterations
oscillating   [  76% ] 77/80 VUs  09m10.0s/12m00.0s

running (09m11.0s), 77/80 VUs, 9129 complete and 0 interrupted iterations
oscillating   [  77% ] 77/80 VUs  09m11.0s/12m00.0s

running (09m12.0s), 76/80 VUs, 9155 complete and 0 interrupted iterations
oscillating   [  77% ] 76/80 VUs  09m12.0s/12m00.0s

running (09m13.0s), 75/80 VUs, 9171 complete and 0 interrupted iterations
oscillating   [  77% ] 75/80 VUs  09m13.0s/12m00.0s

running (09m14.0s), 75/80 VUs, 9194 complete and 0 interrupted iterations
oscillating   [  77% ] 75/80 VUs  09m14.0s/12m00.0s

running (09m15.0s), 75/80 VUs, 9199 complete and 0 interrupted iterations
oscillating   [  77% ] 75/80 VUs  09m15.0s/12m00.0s

running (09m16.0s), 74/80 VUs, 9225 complete and 0 interrupted iterations
oscillating   [  77% ] 74/80 VUs  09m16.0s/12m00.0s

running (09m17.0s), 73/80 VUs, 9252 complete and 0 interrupted iterations
oscillating   [  77% ] 73/80 VUs  09m17.0s/12m00.0s

running (09m18.0s), 73/80 VUs, 9252 complete and 0 interrupted iterations
oscillating   [  77% ] 73/80 VUs  09m18.0s/12m00.0s

running (09m19.0s), 73/80 VUs, 9279 complete and 0 interrupted iterations
oscillating   [  78% ] 73/80 VUs  09m19.0s/12m00.0s

running (09m20.0s), 72/80 VUs, 9305 complete and 0 interrupted iterations
oscillating   [  78% ] 72/80 VUs  09m20.0s/12m00.0s

running (09m21.0s), 72/80 VUs, 9305 complete and 0 interrupted iterations
oscillating   [  78% ] 72/80 VUs  09m21.0s/12m00.0s

running (09m22.0s), 72/80 VUs, 9332 complete and 0 interrupted iterations
oscillating   [  78% ] 72/80 VUs  09m22.0s/12m00.0s

running (09m23.0s), 71/80 VUs, 9359 complete and 0 interrupted iterations
oscillating   [  78% ] 71/80 VUs  09m23.0s/12m00.0s

running (09m24.0s), 70/80 VUs, 9385 complete and 0 interrupted iterations
oscillating   [  78% ] 70/80 VUs  09m24.0s/12m00.0s

running (09m25.0s), 70/80 VUs, 9385 complete and 0 interrupted iterations
oscillating   [  78% ] 70/80 VUs  09m25.0s/12m00.0s

running (09m26.0s), 69/80 VUs, 9412 complete and 0 interrupted iterations
oscillating   [  79% ] 69/80 VUs  09m26.0s/12m00.0s

running (09m27.0s), 69/80 VUs, 9439 complete and 0 interrupted iterations
oscillating   [  79% ] 69/80 VUs  09m27.0s/12m00.0s

running (09m28.0s), 68/80 VUs, 9465 complete and 0 interrupted iterations
oscillating   [  79% ] 68/80 VUs  09m28.0s/12m00.0s

running (09m29.0s), 68/80 VUs, 9492 complete and 0 interrupted iterations
oscillating   [  79% ] 68/80 VUs  09m29.0s/12m00.0s

running (09m30.0s), 68/80 VUs, 9492 complete and 0 interrupted iterations
oscillating   [  79% ] 68/80 VUs  09m30.0s/12m00.0s

running (09m31.0s), 68/80 VUs, 9519 complete and 0 interrupted iterations
oscillating   [  79% ] 68/80 VUs  09m31.0s/12m00.0s

running (09m32.0s), 67/80 VUs, 9545 complete and 0 interrupted iterations
oscillating   [  79% ] 67/80 VUs  09m32.0s/12m00.0s

running (09m33.0s), 66/80 VUs, 9572 complete and 0 interrupted iterations
oscillating   [  80% ] 66/80 VUs  09m33.0s/12m00.0s

running (09m34.0s), 66/80 VUs, 9599 complete and 0 interrupted iterations
oscillating   [  80% ] 66/80 VUs  09m34.0s/12m00.0s

running (09m35.0s), 66/80 VUs, 9599 complete and 0 interrupted iterations
oscillating   [  80% ] 66/80 VUs  09m35.0s/12m00.0s

running (09m36.0s), 65/80 VUs, 9625 complete and 0 interrupted iterations
oscillating   [  80% ] 65/80 VUs  09m36.0s/12m00.0s

running (09m37.0s), 64/80 VUs, 9652 complete and 0 interrupted iterations
oscillating   [  80% ] 64/80 VUs  09m37.0s/12m00.0s

running (09m38.0s), 64/80 VUs, 9679 complete and 0 interrupted iterations
oscillating   [  80% ] 64/80 VUs  09m38.0s/12m00.0s

running (09m39.0s), 64/80 VUs, 9705 complete and 0 interrupted iterations
oscillating   [  80% ] 64/80 VUs  09m39.0s/12m00.0s

running (09m40.0s), 63/80 VUs, 9732 complete and 0 interrupted iterations
oscillating   [  81% ] 63/80 VUs  09m40.0s/12m00.0s

running (09m41.0s), 63/80 VUs, 9759 complete and 0 interrupted iterations
oscillating   [  81% ] 63/80 VUs  09m41.0s/12m00.0s

running (09m42.0s), 62/80 VUs, 9785 complete and 0 interrupted iterations
oscillating   [  81% ] 62/80 VUs  09m42.0s/12m00.0s

running (09m43.0s), 62/80 VUs, 9812 complete and 0 interrupted iterations
oscillating   [  81% ] 62/80 VUs  09m43.0s/12m00.0s

running (09m44.0s), 61/80 VUs, 9839 complete and 0 interrupted iterations
oscillating   [  81% ] 61/80 VUs  09m44.0s/12m00.0s

running (09m45.0s), 61/80 VUs, 9865 complete and 0 interrupted iterations
oscillating   [  81% ] 61/80 VUs  09m45.0s/12m00.0s

running (09m46.0s), 60/80 VUs, 9892 complete and 0 interrupted iterations
oscillating   [  81% ] 60/80 VUs  09m46.0s/12m00.0s

running (09m47.0s), 60/80 VUs, 9919 complete and 0 interrupted iterations
oscillating   [  82% ] 60/80 VUs  09m47.0s/12m00.0s

running (09m48.0s), 60/80 VUs, 9945 complete and 0 interrupted iterations
oscillating   [  82% ] 60/80 VUs  09m48.0s/12m00.0s

running (09m49.0s), 59/80 VUs, 9972 complete and 0 interrupted iterations
oscillating   [  82% ] 59/80 VUs  09m49.0s/12m00.0s

running (09m50.0s), 59/80 VUs, 9999 complete and 0 interrupted iterations
oscillating   [  82% ] 59/80 VUs  09m50.0s/12m00.0s

running (09m51.0s), 58/80 VUs, 10024 complete and 0 interrupted iterations
oscillating   [  82% ] 58/80 VUs  09m51.0s/12m00.0s

running (09m52.0s), 58/80 VUs, 10049 complete and 0 interrupted iterations
oscillating   [  82% ] 58/80 VUs  09m52.0s/12m00.0s

running (09m53.0s), 57/80 VUs, 10091 complete and 0 interrupted iterations
oscillating   [  82% ] 57/80 VUs  09m53.0s/12m00.0s

running (09m54.0s), 57/80 VUs, 10117 complete and 0 interrupted iterations
oscillating   [  82% ] 57/80 VUs  09m54.0s/12m00.0s

running (09m55.0s), 57/80 VUs, 10154 complete and 0 interrupted iterations
oscillating   [  83% ] 57/80 VUs  09m55.0s/12m00.0s

running (09m56.0s), 56/80 VUs, 10193 complete and 0 interrupted iterations
oscillating   [  83% ] 56/80 VUs  09m56.0s/12m00.0s

running (09m57.0s), 56/80 VUs, 10223 complete and 0 interrupted iterations
oscillating   [  83% ] 56/80 VUs  09m57.0s/12m00.0s

running (09m58.0s), 55/80 VUs, 10262 complete and 0 interrupted iterations
oscillating   [  83% ] 55/80 VUs  09m58.0s/12m00.0s

running (09m59.0s), 54/80 VUs, 10304 complete and 0 interrupted iterations
oscillating   [  83% ] 54/80 VUs  09m59.0s/12m00.0s

running (10m00.0s), 54/80 VUs, 10338 complete and 0 interrupted iterations
oscillating   [  83% ] 54/80 VUs  10m00.0s/12m00.0s

running (10m01.0s), 54/80 VUs, 10372 complete and 0 interrupted iterations
oscillating   [  83% ] 54/80 VUs  10m01.0s/12m00.0s

running (10m02.0s), 53/80 VUs, 10415 complete and 0 interrupted iterations
oscillating   [  84% ] 53/80 VUs  10m02.0s/12m00.0s

running (10m03.0s), 53/80 VUs, 10449 complete and 0 interrupted iterations
oscillating   [  84% ] 53/80 VUs  10m03.0s/12m00.0s

running (10m04.0s), 53/80 VUs, 10493 complete and 0 interrupted iterations
oscillating   [  84% ] 53/80 VUs  10m04.0s/12m00.0s

running (10m05.0s), 52/80 VUs, 10530 complete and 0 interrupted iterations
oscillating   [  84% ] 52/80 VUs  10m05.0s/12m00.0s

running (10m06.0s), 51/80 VUs, 10569 complete and 0 interrupted iterations
oscillating   [  84% ] 51/80 VUs  10m06.0s/12m00.0s

running (10m07.0s), 51/80 VUs, 10607 complete and 0 interrupted iterations
oscillating   [  84% ] 51/80 VUs  10m07.0s/12m00.0s

running (10m08.0s), 51/80 VUs, 10643 complete and 0 interrupted iterations
oscillating   [  84% ] 51/80 VUs  10m08.0s/12m00.0s

running (10m09.0s), 50/80 VUs, 10685 complete and 0 interrupted iterations
oscillating   [  85% ] 50/80 VUs  10m09.0s/12m00.0s

running (10m10.0s), 50/80 VUs, 10733 complete and 0 interrupted iterations
oscillating   [  85% ] 50/80 VUs  10m10.0s/12m00.0s

running (10m11.0s), 49/80 VUs, 10768 complete and 0 interrupted iterations
oscillating   [  85% ] 49/80 VUs  10m11.0s/12m00.0s

running (10m12.0s), 49/80 VUs, 10812 complete and 0 interrupted iterations
oscillating   [  85% ] 49/80 VUs  10m12.0s/12m00.0s

running (10m13.0s), 48/80 VUs, 10852 complete and 0 interrupted iterations
oscillating   [  85% ] 48/80 VUs  10m13.0s/12m00.0s

running (10m14.0s), 48/80 VUs, 10896 complete and 0 interrupted iterations
oscillating   [  85% ] 48/80 VUs  10m14.0s/12m00.0s

running (10m15.0s), 47/80 VUs, 10943 complete and 0 interrupted iterations
oscillating   [  85% ] 47/80 VUs  10m15.0s/12m00.0s

running (10m16.0s), 47/80 VUs, 10986 complete and 0 interrupted iterations
oscillating   [  86% ] 47/80 VUs  10m16.0s/12m00.0s

running (10m17.0s), 47/80 VUs, 11030 complete and 0 interrupted iterations
oscillating   [  86% ] 47/80 VUs  10m17.0s/12m00.0s

running (10m18.0s), 46/80 VUs, 11078 complete and 0 interrupted iterations
oscillating   [  86% ] 46/80 VUs  10m18.0s/12m00.0s

running (10m19.0s), 46/80 VUs, 11119 complete and 0 interrupted iterations
oscillating   [  86% ] 46/80 VUs  10m19.0s/12m00.0s

running (10m20.0s), 45/80 VUs, 11168 complete and 0 interrupted iterations
oscillating   [  86% ] 45/80 VUs  10m20.0s/12m00.0s

running (10m21.0s), 45/80 VUs, 11216 complete and 0 interrupted iterations
oscillating   [  86% ] 45/80 VUs  10m21.0s/12m00.0s

running (10m22.0s), 44/80 VUs, 11260 complete and 0 interrupted iterations
oscillating   [  86% ] 44/80 VUs  10m22.0s/12m00.0s

running (10m23.0s), 44/80 VUs, 11306 complete and 0 interrupted iterations
oscillating   [  87% ] 44/80 VUs  10m23.0s/12m00.0s

running (10m24.0s), 44/80 VUs, 11354 complete and 0 interrupted iterations
oscillating   [  87% ] 44/80 VUs  10m24.0s/12m00.0s

running (10m25.0s), 43/80 VUs, 11400 complete and 0 interrupted iterations
oscillating   [  87% ] 43/80 VUs  10m25.0s/12m00.0s

running (10m26.0s), 43/80 VUs, 11453 complete and 0 interrupted iterations
oscillating   [  87% ] 43/80 VUs  10m26.0s/12m00.0s

running (10m27.0s), 42/80 VUs, 11499 complete and 0 interrupted iterations
oscillating   [  87% ] 42/80 VUs  10m27.0s/12m00.0s

running (10m28.0s), 41/80 VUs, 11547 complete and 0 interrupted iterations
oscillating   [  87% ] 41/80 VUs  10m28.0s/12m00.0s

running (10m29.0s), 41/80 VUs, 11596 complete and 0 interrupted iterations
oscillating   [  87% ] 41/80 VUs  10m29.0s/12m00.0s

running (10m30.0s), 41/80 VUs, 11647 complete and 0 interrupted iterations
oscillating   [  87% ] 41/80 VUs  10m30.0s/12m00.0s

running (10m31.0s), 40/80 VUs, 11696 complete and 0 interrupted iterations
oscillating   [  88% ] 40/80 VUs  10m31.0s/12m00.0s

running (10m32.0s), 40/80 VUs, 11751 complete and 0 interrupted iterations
oscillating   [  88% ] 40/80 VUs  10m32.0s/12m00.0s

running (10m33.0s), 39/80 VUs, 11796 complete and 0 interrupted iterations
oscillating   [  88% ] 39/80 VUs  10m33.0s/12m00.0s

running (10m34.0s), 39/80 VUs, 11851 complete and 0 interrupted iterations
oscillating   [  88% ] 39/80 VUs  10m34.0s/12m00.0s

running (10m35.0s), 38/80 VUs, 11902 complete and 0 interrupted iterations
oscillating   [  88% ] 38/80 VUs  10m35.0s/12m00.0s

running (10m36.0s), 38/80 VUs, 11954 complete and 0 interrupted iterations
oscillating   [  88% ] 38/80 VUs  10m36.0s/12m00.0s

running (10m37.0s), 38/80 VUs, 12001 complete and 0 interrupted iterations
oscillating   [  88% ] 38/80 VUs  10m37.0s/12m00.0s

running (10m38.0s), 37/80 VUs, 12055 complete and 0 interrupted iterations
oscillating   [  89% ] 37/80 VUs  10m38.0s/12m00.0s

running (10m39.0s), 37/80 VUs, 12100 complete and 0 interrupted iterations
oscillating   [  89% ] 37/80 VUs  10m39.0s/12m00.0s

running (10m40.0s), 36/80 VUs, 12152 complete and 0 interrupted iterations
oscillating   [  89% ] 36/80 VUs  10m40.0s/12m00.0s

running (10m41.0s), 36/80 VUs, 12202 complete and 0 interrupted iterations
oscillating   [  89% ] 36/80 VUs  10m41.0s/12m00.0s

running (10m42.0s), 35/80 VUs, 12249 complete and 0 interrupted iterations
oscillating   [  89% ] 35/80 VUs  10m42.0s/12m00.0s

running (10m43.0s), 35/80 VUs, 12295 complete and 0 interrupted iterations
oscillating   [  89% ] 35/80 VUs  10m43.0s/12m00.0s

running (10m44.0s), 34/80 VUs, 12346 complete and 0 interrupted iterations
oscillating   [  89% ] 34/80 VUs  10m44.0s/12m00.0s

running (10m45.0s), 34/80 VUs, 12395 complete and 0 interrupted iterations
oscillating   [  90% ] 34/80 VUs  10m45.0s/12m00.0s

running (10m46.0s), 34/80 VUs, 12443 complete and 0 interrupted iterations
oscillating   [  90% ] 34/80 VUs  10m46.0s/12m00.0s

running (10m47.0s), 33/80 VUs, 12489 complete and 0 interrupted iterations
oscillating   [  90% ] 33/80 VUs  10m47.0s/12m00.0s

running (10m48.0s), 33/80 VUs, 12533 complete and 0 interrupted iterations
oscillating   [  90% ] 33/80 VUs  10m48.0s/12m00.0s

running (10m49.0s), 32/80 VUs, 12585 complete and 0 interrupted iterations
oscillating   [  90% ] 32/80 VUs  10m49.0s/12m00.0s

running (10m50.0s), 32/80 VUs, 12625 complete and 0 interrupted iterations
oscillating   [  90% ] 32/80 VUs  10m50.0s/12m00.0s

running (10m51.0s), 31/80 VUs, 12669 complete and 0 interrupted iterations
oscillating   [  90% ] 31/80 VUs  10m51.0s/12m00.0s

running (10m52.0s), 31/80 VUs, 12713 complete and 0 interrupted iterations
oscillating   [  91% ] 31/80 VUs  10m52.0s/12m00.0s

running (10m53.0s), 31/80 VUs, 12760 complete and 0 interrupted iterations
oscillating   [  91% ] 31/80 VUs  10m53.0s/12m00.0s

running (10m54.0s), 30/80 VUs, 12799 complete and 0 interrupted iterations
oscillating   [  91% ] 30/80 VUs  10m54.0s/12m00.0s

running (10m55.0s), 30/80 VUs, 12846 complete and 0 interrupted iterations
oscillating   [  91% ] 30/80 VUs  10m55.0s/12m00.0s

running (10m56.0s), 29/80 VUs, 12886 complete and 0 interrupted iterations
oscillating   [  91% ] 29/80 VUs  10m56.0s/12m00.0s

running (10m57.0s), 29/80 VUs, 12926 complete and 0 interrupted iterations
oscillating   [  91% ] 29/80 VUs  10m57.0s/12m00.0s

running (10m58.0s), 28/80 VUs, 12970 complete and 0 interrupted iterations
oscillating   [  91% ] 28/80 VUs  10m58.0s/12m00.0s

running (10m59.0s), 28/80 VUs, 13005 complete and 0 interrupted iterations
oscillating   [  92% ] 28/80 VUs  10m59.0s/12m00.0s

running (11m00.0s), 27/80 VUs, 13044 complete and 0 interrupted iterations
oscillating   [  92% ] 27/80 VUs  11m00.0s/12m00.0s

running (11m01.0s), 27/80 VUs, 13080 complete and 0 interrupted iterations
oscillating   [  92% ] 27/80 VUs  11m01.0s/12m00.0s

running (11m02.0s), 26/80 VUs, 13118 complete and 0 interrupted iterations
oscillating   [  92% ] 26/80 VUs  11m02.0s/12m00.0s

running (11m03.0s), 26/80 VUs, 13153 complete and 0 interrupted iterations
oscillating   [  92% ] 26/80 VUs  11m03.0s/12m00.0s

running (11m04.0s), 26/80 VUs, 13188 complete and 0 interrupted iterations
oscillating   [  92% ] 26/80 VUs  11m04.0s/12m00.0s

running (11m05.0s), 25/80 VUs, 13225 complete and 0 interrupted iterations
oscillating   [  92% ] 25/80 VUs  11m05.0s/12m00.0s

running (11m06.0s), 25/80 VUs, 13264 complete and 0 interrupted iterations
oscillating   [  92% ] 25/80 VUs  11m06.0s/12m00.0s

running (11m07.0s), 24/80 VUs, 13300 complete and 0 interrupted iterations
oscillating   [  93% ] 24/80 VUs  11m07.0s/12m00.0s

running (11m08.0s), 24/80 VUs, 13337 complete and 0 interrupted iterations
oscillating   [  93% ] 24/80 VUs  11m08.0s/12m00.0s

running (11m09.0s), 23/80 VUs, 13367 complete and 0 interrupted iterations
oscillating   [  93% ] 23/80 VUs  11m09.0s/12m00.0s

running (11m10.0s), 23/80 VUs, 13395 complete and 0 interrupted iterations
oscillating   [  93% ] 23/80 VUs  11m10.0s/12m00.0s

running (11m11.0s), 22/80 VUs, 13431 complete and 0 interrupted iterations
oscillating   [  93% ] 22/80 VUs  11m11.0s/12m00.0s

running (11m12.0s), 22/80 VUs, 13461 complete and 0 interrupted iterations
oscillating   [  93% ] 22/80 VUs  11m12.0s/12m00.0s

running (11m13.0s), 21/80 VUs, 13491 complete and 0 interrupted iterations
oscillating   [  93% ] 21/80 VUs  11m13.0s/12m00.0s

running (11m14.0s), 21/80 VUs, 13523 complete and 0 interrupted iterations
oscillating   [  94% ] 21/80 VUs  11m14.0s/12m00.0s

running (11m15.0s), 21/80 VUs, 13551 complete and 0 interrupted iterations
oscillating   [  94% ] 21/80 VUs  11m15.0s/12m00.0s

running (11m16.0s), 20/80 VUs, 13581 complete and 0 interrupted iterations
oscillating   [  94% ] 20/80 VUs  11m16.0s/12m00.0s

running (11m17.0s), 20/80 VUs, 13608 complete and 0 interrupted iterations
oscillating   [  94% ] 20/80 VUs  11m17.0s/12m00.0s

running (11m18.0s), 19/80 VUs, 13635 complete and 0 interrupted iterations
oscillating   [  94% ] 19/80 VUs  11m18.0s/12m00.0s

running (11m19.0s), 19/80 VUs, 13663 complete and 0 interrupted iterations
oscillating   [  94% ] 19/80 VUs  11m19.0s/12m00.0s

running (11m20.0s), 18/80 VUs, 13691 complete and 0 interrupted iterations
oscillating   [  94% ] 18/80 VUs  11m20.0s/12m00.0s

running (11m21.0s), 18/80 VUs, 13713 complete and 0 interrupted iterations
oscillating   [  95% ] 18/80 VUs  11m21.0s/12m00.0s

running (11m22.0s), 17/80 VUs, 13740 complete and 0 interrupted iterations
oscillating   [  95% ] 17/80 VUs  11m22.0s/12m00.0s

running (11m23.0s), 17/80 VUs, 13765 complete and 0 interrupted iterations
oscillating   [  95% ] 17/80 VUs  11m23.0s/12m00.0s

running (11m24.0s), 17/80 VUs, 13791 complete and 0 interrupted iterations
oscillating   [  95% ] 17/80 VUs  11m24.0s/12m00.0s

running (11m25.0s), 16/80 VUs, 13812 complete and 0 interrupted iterations
oscillating   [  95% ] 16/80 VUs  11m25.0s/12m00.0s

running (11m26.0s), 16/80 VUs, 13835 complete and 0 interrupted iterations
oscillating   [  95% ] 16/80 VUs  11m26.0s/12m00.0s

running (11m27.0s), 15/80 VUs, 13857 complete and 0 interrupted iterations
oscillating   [  95% ] 15/80 VUs  11m27.0s/12m00.0s

running (11m28.0s), 15/80 VUs, 13878 complete and 0 interrupted iterations
oscillating   [  96% ] 15/80 VUs  11m28.0s/12m00.0s

running (11m29.0s), 15/80 VUs, 13901 complete and 0 interrupted iterations
oscillating   [  96% ] 15/80 VUs  11m29.0s/12m00.0s

running (11m30.0s), 14/80 VUs, 13920 complete and 0 interrupted iterations
oscillating   [  96% ] 14/80 VUs  11m30.0s/12m00.0s

running (11m31.0s), 14/80 VUs, 13940 complete and 0 interrupted iterations
oscillating   [  96% ] 14/80 VUs  11m31.0s/12m00.0s

running (11m32.0s), 13/80 VUs, 13961 complete and 0 interrupted iterations
oscillating   [  96% ] 13/80 VUs  11m32.0s/12m00.0s

running (11m33.0s), 13/80 VUs, 13978 complete and 0 interrupted iterations
oscillating   [  96% ] 13/80 VUs  11m33.0s/12m00.0s

running (11m34.0s), 12/80 VUs, 13998 complete and 0 interrupted iterations
oscillating   [  96% ] 12/80 VUs  11m34.0s/12m00.0s

running (11m35.0s), 12/80 VUs, 14014 complete and 0 interrupted iterations
oscillating   [  97% ] 12/80 VUs  11m35.0s/12m00.0s

running (11m36.0s), 11/80 VUs, 14033 complete and 0 interrupted iterations
oscillating   [  97% ] 11/80 VUs  11m36.0s/12m00.0s

running (11m37.0s), 11/80 VUs, 14049 complete and 0 interrupted iterations
oscillating   [  97% ] 11/80 VUs  11m37.0s/12m00.0s

running (11m38.0s), 11/80 VUs, 14062 complete and 0 interrupted iterations
oscillating   [  97% ] 11/80 VUs  11m38.0s/12m00.0s

running (11m39.0s), 10/80 VUs, 14079 complete and 0 interrupted iterations
oscillating   [  97% ] 10/80 VUs  11m39.0s/12m00.0s

running (11m40.0s), 09/80 VUs, 14094 complete and 0 interrupted iterations
oscillating   [  97% ] 09/80 VUs  11m40.0s/12m00.0s

running (11m41.0s), 09/80 VUs, 14105 complete and 0 interrupted iterations
oscillating   [  97% ] 09/80 VUs  11m41.0s/12m00.0s

running (11m42.0s), 09/80 VUs, 14119 complete and 0 interrupted iterations
oscillating   [  97% ] 09/80 VUs  11m42.0s/12m00.0s

running (11m43.0s), 08/80 VUs, 14131 complete and 0 interrupted iterations
oscillating   [  98% ] 08/80 VUs  11m43.0s/12m00.0s

running (11m44.0s), 08/80 VUs, 14142 complete and 0 interrupted iterations
oscillating   [  98% ] 08/80 VUs  11m44.0s/12m00.0s

running (11m45.0s), 08/80 VUs, 14154 complete and 0 interrupted iterations
oscillating   [  98% ] 08/80 VUs  11m45.0s/12m00.0s

running (11m46.0s), 07/80 VUs, 14163 complete and 0 interrupted iterations
oscillating   [  98% ] 07/80 VUs  11m46.0s/12m00.0s

running (11m47.0s), 07/80 VUs, 14172 complete and 0 interrupted iterations
oscillating   [  98% ] 07/80 VUs  11m47.0s/12m00.0s

running (11m48.0s), 06/80 VUs, 14184 complete and 0 interrupted iterations
oscillating   [  98% ] 06/80 VUs  11m48.0s/12m00.0s

running (11m49.0s), 06/80 VUs, 14190 complete and 0 interrupted iterations
oscillating   [  98% ] 06/80 VUs  11m49.0s/12m00.0s

running (11m50.0s), 05/80 VUs, 14199 complete and 0 interrupted iterations
oscillating   [  99% ] 05/80 VUs  11m50.0s/12m00.0s

running (11m51.0s), 05/80 VUs, 14205 complete and 0 interrupted iterations
oscillating   [  99% ] 05/80 VUs  11m51.0s/12m00.0s

running (11m52.0s), 04/80 VUs, 14212 complete and 0 interrupted iterations
oscillating   [  99% ] 04/80 VUs  11m52.0s/12m00.0s

running (11m53.0s), 04/80 VUs, 14216 complete and 0 interrupted iterations
oscillating   [  99% ] 04/80 VUs  11m53.0s/12m00.0s

running (11m54.0s), 03/80 VUs, 14224 complete and 0 interrupted iterations
oscillating   [  99% ] 03/80 VUs  11m54.0s/12m00.0s

running (11m55.0s), 03/80 VUs, 14227 complete and 0 interrupted iterations
oscillating   [  99% ] 03/80 VUs  11m55.0s/12m00.0s

running (11m56.0s), 02/80 VUs, 14233 complete and 0 interrupted iterations
oscillating   [  99% ] 02/80 VUs  11m56.0s/12m00.0s

running (11m57.0s), 02/80 VUs, 14235 complete and 0 interrupted iterations
oscillating   [ 100% ] 02/80 VUs  11m57.0s/12m00.0s

running (11m58.0s), 01/80 VUs, 14239 complete and 0 interrupted iterations
oscillating   [ 100% ] 01/80 VUs  11m58.0s/12m00.0s

running (11m59.0s), 01/80 VUs, 14240 complete and 0 interrupted iterations
oscillating   [ 100% ] 01/80 VUs  11m59.0s/12m00.0s

running (12m00.0s), 01/80 VUs, 14242 complete and 0 interrupted iterations
oscillating   [ 100% ] 01/80 VUs  12m00.0s/12m00.0s

     ✓ status is 200
     ✓ returns quotes
     ✗ response time <2000ms
      ↳  66% — ✓ 9445 / ✗ 4798

     checks.........................: 88.77% ✓ 37931     ✗ 4798 
     data_received..................: 10 MB  14 kB/s
     data_sent......................: 6.3 MB 8.8 kB/s
     http_req_blocked...............: avg=28.81µs min=832ns    med=2.33µs   max=13.8ms   p(90)=3.6µs  p(95)=4.46µs 
     http_req_connecting............: avg=20.2µs  min=0s       med=0s       max=13.75ms  p(90)=0s     p(95)=0s     
   ✗ http_req_duration..............: avg=2.05s   min=469.29ms med=912.75ms max=11.52s   p(90)=4.89s  p(95)=5.01s  
       { expected_response:true }...: avg=2.05s   min=469.29ms med=912.75ms max=11.52s   p(90)=4.89s  p(95)=5.01s  
   ✓ http_req_failed................: 0.00%  ✓ 0         ✗ 14243
     http_req_receiving.............: avg=5.33ms  min=24.76µs  med=207.35µs max=590.37ms p(90)=7.47ms p(95)=27.18ms
     http_req_sending...............: avg=20.21µs min=7.02µs   med=18.95µs  max=210.69µs p(90)=30.5µs p(95)=34.04µs
     http_req_tls_handshaking.......: avg=0s      min=0s       med=0s       max=0s       p(90)=0s     p(95)=0s     
     http_req_waiting...............: avg=2.05s   min=469.17ms med=911.98ms max=11.51s   p(90)=4.89s  p(95)=5s     
     http_reqs......................: 14243  19.769217/s
     iteration_duration.............: avg=2.06s   min=469.53ms med=913.02ms max=11.52s   p(90)=4.89s  p(95)=5.01s  
     iterations.....................: 14243  19.769217/s
     vus............................: 1      min=1       max=80 
     vus_max........................: 80     min=80      max=80 


running (12m00.5s), 00/80 VUs, 14243 complete and 0 interrupted iterations
oscillating ✓ [ 100% ] 00/80 VUs  12m0s
time="2026-05-06T18:57:57Z" level=error msg="thresholds on metrics 'http_req_duration' have been crossed"
