
          /\      |‾‾| /‾‾/   /‾‾/   
     /\  /  \     |  |/  /   /  /    
    /  \/    \    |     (   /   ‾‾\  
   /          \   |  |\  \ |  (‾)  | 
  / __________ \  |__| \__\ \_____/ .io

  execution: local
     script: /scripts/load-test.js
     output: json (/results/results.json)

  scenarios: (100.00%) 1 scenario, 80 max VUs, 12m30s max duration (incl. graceful stop):
           * gradual_ramp: Up to 80 looping VUs for 12m0s over 4 stages (gracefulRampDown: 30s, gracefulStop: 30s)


running (00m01.0s), 10/80 VUs, 10 complete and 0 interrupted iterations
gradual_ramp   [   0% ] 10/80 VUs  00m01.0s/12m00.0s

running (00m02.0s), 10/80 VUs, 20 complete and 0 interrupted iterations
gradual_ramp   [   0% ] 10/80 VUs  00m02.0s/12m00.0s

running (00m03.0s), 10/80 VUs, 38 complete and 0 interrupted iterations
gradual_ramp   [   0% ] 10/80 VUs  00m03.0s/12m00.0s

running (00m04.0s), 10/80 VUs, 50 complete and 0 interrupted iterations
gradual_ramp   [   1% ] 10/80 VUs  00m04.0s/12m00.0s

running (00m05.0s), 10/80 VUs, 62 complete and 0 interrupted iterations
gradual_ramp   [   1% ] 10/80 VUs  00m05.0s/12m00.0s

running (00m06.0s), 10/80 VUs, 78 complete and 0 interrupted iterations
gradual_ramp   [   1% ] 10/80 VUs  00m06.0s/12m00.0s

running (00m07.0s), 10/80 VUs, 93 complete and 0 interrupted iterations
gradual_ramp   [   1% ] 10/80 VUs  00m07.0s/12m00.0s

running (00m08.0s), 10/80 VUs, 106 complete and 0 interrupted iterations
gradual_ramp   [   1% ] 10/80 VUs  00m08.0s/12m00.0s

running (00m09.0s), 10/80 VUs, 121 complete and 0 interrupted iterations
gradual_ramp   [   1% ] 10/80 VUs  00m09.0s/12m00.0s

running (00m10.0s), 10/80 VUs, 135 complete and 0 interrupted iterations
gradual_ramp   [   1% ] 10/80 VUs  00m10.0s/12m00.0s

running (00m11.0s), 10/80 VUs, 150 complete and 0 interrupted iterations
gradual_ramp   [   2% ] 10/80 VUs  00m11.0s/12m00.0s

running (00m12.0s), 10/80 VUs, 165 complete and 0 interrupted iterations
gradual_ramp   [   2% ] 10/80 VUs  00m12.0s/12m00.0s

running (00m13.0s), 10/80 VUs, 179 complete and 0 interrupted iterations
gradual_ramp   [   2% ] 10/80 VUs  00m13.0s/12m00.0s

running (00m14.0s), 10/80 VUs, 193 complete and 0 interrupted iterations
gradual_ramp   [   2% ] 10/80 VUs  00m14.0s/12m00.0s

running (00m15.0s), 10/80 VUs, 208 complete and 0 interrupted iterations
gradual_ramp   [   2% ] 10/80 VUs  00m15.0s/12m00.0s

running (00m16.0s), 10/80 VUs, 222 complete and 0 interrupted iterations
gradual_ramp   [   2% ] 10/80 VUs  00m16.0s/12m00.0s

running (00m17.0s), 10/80 VUs, 236 complete and 0 interrupted iterations
gradual_ramp   [   2% ] 10/80 VUs  00m17.0s/12m00.0s

running (00m18.0s), 10/80 VUs, 250 complete and 0 interrupted iterations
gradual_ramp   [   2% ] 10/80 VUs  00m18.0s/12m00.0s

running (00m19.0s), 10/80 VUs, 262 complete and 0 interrupted iterations
gradual_ramp   [   3% ] 10/80 VUs  00m19.0s/12m00.0s

running (00m20.0s), 10/80 VUs, 278 complete and 0 interrupted iterations
gradual_ramp   [   3% ] 10/80 VUs  00m20.0s/12m00.0s

running (00m21.0s), 10/80 VUs, 292 complete and 0 interrupted iterations
gradual_ramp   [   3% ] 10/80 VUs  00m21.0s/12m00.0s

running (00m22.0s), 10/80 VUs, 306 complete and 0 interrupted iterations
gradual_ramp   [   3% ] 10/80 VUs  00m22.0s/12m00.0s

running (00m23.0s), 10/80 VUs, 316 complete and 0 interrupted iterations
gradual_ramp   [   3% ] 10/80 VUs  00m23.0s/12m00.0s

running (00m24.0s), 10/80 VUs, 332 complete and 0 interrupted iterations
gradual_ramp   [   3% ] 10/80 VUs  00m24.0s/12m00.0s

running (00m25.0s), 10/80 VUs, 346 complete and 0 interrupted iterations
gradual_ramp   [   3% ] 10/80 VUs  00m25.0s/12m00.0s

running (00m26.0s), 10/80 VUs, 363 complete and 0 interrupted iterations
gradual_ramp   [   4% ] 10/80 VUs  00m26.0s/12m00.0s

running (00m27.0s), 10/80 VUs, 375 complete and 0 interrupted iterations
gradual_ramp   [   4% ] 10/80 VUs  00m27.0s/12m00.0s

running (00m28.0s), 10/80 VUs, 389 complete and 0 interrupted iterations
gradual_ramp   [   4% ] 10/80 VUs  00m28.0s/12m00.0s

running (00m29.0s), 10/80 VUs, 404 complete and 0 interrupted iterations
gradual_ramp   [   4% ] 10/80 VUs  00m29.0s/12m00.0s

running (00m30.0s), 10/80 VUs, 418 complete and 0 interrupted iterations
gradual_ramp   [   4% ] 10/80 VUs  00m30.0s/12m00.0s

running (00m31.0s), 10/80 VUs, 431 complete and 0 interrupted iterations
gradual_ramp   [   4% ] 10/80 VUs  00m31.0s/12m00.0s

running (00m32.0s), 10/80 VUs, 445 complete and 0 interrupted iterations
gradual_ramp   [   4% ] 10/80 VUs  00m32.0s/12m00.0s

running (00m33.0s), 10/80 VUs, 456 complete and 0 interrupted iterations
gradual_ramp   [   5% ] 10/80 VUs  00m33.0s/12m00.0s

running (00m34.0s), 10/80 VUs, 473 complete and 0 interrupted iterations
gradual_ramp   [   5% ] 10/80 VUs  00m34.0s/12m00.0s

running (00m35.0s), 10/80 VUs, 488 complete and 0 interrupted iterations
gradual_ramp   [   5% ] 10/80 VUs  00m35.0s/12m00.0s

running (00m36.0s), 10/80 VUs, 500 complete and 0 interrupted iterations
gradual_ramp   [   5% ] 10/80 VUs  00m36.0s/12m00.0s

running (00m37.0s), 10/80 VUs, 512 complete and 0 interrupted iterations
gradual_ramp   [   5% ] 10/80 VUs  00m37.0s/12m00.0s

running (00m38.0s), 10/80 VUs, 528 complete and 0 interrupted iterations
gradual_ramp   [   5% ] 10/80 VUs  00m38.0s/12m00.0s

running (00m39.0s), 10/80 VUs, 540 complete and 0 interrupted iterations
gradual_ramp   [   5% ] 10/80 VUs  00m39.0s/12m00.0s

running (00m40.0s), 10/80 VUs, 556 complete and 0 interrupted iterations
gradual_ramp   [   6% ] 10/80 VUs  00m40.0s/12m00.0s

running (00m41.0s), 10/80 VUs, 570 complete and 0 interrupted iterations
gradual_ramp   [   6% ] 10/80 VUs  00m41.0s/12m00.0s

running (00m42.0s), 10/80 VUs, 584 complete and 0 interrupted iterations
gradual_ramp   [   6% ] 10/80 VUs  00m42.0s/12m00.0s

running (00m43.0s), 10/80 VUs, 597 complete and 0 interrupted iterations
gradual_ramp   [   6% ] 10/80 VUs  00m43.0s/12m00.0s

running (00m44.0s), 10/80 VUs, 613 complete and 0 interrupted iterations
gradual_ramp   [   6% ] 10/80 VUs  00m44.0s/12m00.0s

running (00m45.0s), 10/80 VUs, 626 complete and 0 interrupted iterations
gradual_ramp   [   6% ] 10/80 VUs  00m45.0s/12m00.0s

running (00m46.0s), 10/80 VUs, 639 complete and 0 interrupted iterations
gradual_ramp   [   6% ] 10/80 VUs  00m46.0s/12m00.0s

running (00m47.0s), 10/80 VUs, 653 complete and 0 interrupted iterations
gradual_ramp   [   7% ] 10/80 VUs  00m47.0s/12m00.0s

running (00m48.0s), 10/80 VUs, 667 complete and 0 interrupted iterations
gradual_ramp   [   7% ] 10/80 VUs  00m48.0s/12m00.0s

running (00m49.0s), 10/80 VUs, 683 complete and 0 interrupted iterations
gradual_ramp   [   7% ] 10/80 VUs  00m49.0s/12m00.0s

running (00m50.0s), 10/80 VUs, 696 complete and 0 interrupted iterations
gradual_ramp   [   7% ] 10/80 VUs  00m50.0s/12m00.0s

running (00m51.0s), 10/80 VUs, 710 complete and 0 interrupted iterations
gradual_ramp   [   7% ] 10/80 VUs  00m51.0s/12m00.0s

running (00m52.0s), 10/80 VUs, 724 complete and 0 interrupted iterations
gradual_ramp   [   7% ] 10/80 VUs  00m52.0s/12m00.0s

running (00m53.0s), 10/80 VUs, 737 complete and 0 interrupted iterations
gradual_ramp   [   7% ] 10/80 VUs  00m53.0s/12m00.0s

running (00m54.0s), 10/80 VUs, 753 complete and 0 interrupted iterations
gradual_ramp   [   7% ] 10/80 VUs  00m54.0s/12m00.0s

running (00m55.0s), 10/80 VUs, 766 complete and 0 interrupted iterations
gradual_ramp   [   8% ] 10/80 VUs  00m55.0s/12m00.0s

running (00m56.0s), 10/80 VUs, 782 complete and 0 interrupted iterations
gradual_ramp   [   8% ] 10/80 VUs  00m56.0s/12m00.0s

running (00m57.0s), 10/80 VUs, 795 complete and 0 interrupted iterations
gradual_ramp   [   8% ] 10/80 VUs  00m57.0s/12m00.0s

running (00m58.0s), 10/80 VUs, 810 complete and 0 interrupted iterations
gradual_ramp   [   8% ] 10/80 VUs  00m58.0s/12m00.0s

running (00m59.0s), 10/80 VUs, 823 complete and 0 interrupted iterations
gradual_ramp   [   8% ] 10/80 VUs  00m59.0s/12m00.0s

running (01m00.0s), 10/80 VUs, 837 complete and 0 interrupted iterations
gradual_ramp   [   8% ] 10/80 VUs  01m00.0s/12m00.0s

running (01m01.0s), 10/80 VUs, 852 complete and 0 interrupted iterations
gradual_ramp   [   8% ] 10/80 VUs  01m01.0s/12m00.0s

running (01m02.0s), 10/80 VUs, 865 complete and 0 interrupted iterations
gradual_ramp   [   9% ] 10/80 VUs  01m02.0s/12m00.0s

running (01m03.0s), 10/80 VUs, 876 complete and 0 interrupted iterations
gradual_ramp   [   9% ] 10/80 VUs  01m03.0s/12m00.0s

running (01m04.0s), 10/80 VUs, 892 complete and 0 interrupted iterations
gradual_ramp   [   9% ] 10/80 VUs  01m04.0s/12m00.0s

running (01m05.0s), 10/80 VUs, 905 complete and 0 interrupted iterations
gradual_ramp   [   9% ] 10/80 VUs  01m05.0s/12m00.0s

running (01m06.0s), 10/80 VUs, 921 complete and 0 interrupted iterations
gradual_ramp   [   9% ] 10/80 VUs  01m06.0s/12m00.0s

running (01m07.0s), 10/80 VUs, 934 complete and 0 interrupted iterations
gradual_ramp   [   9% ] 10/80 VUs  01m07.0s/12m00.0s

running (01m08.0s), 10/80 VUs, 949 complete and 0 interrupted iterations
gradual_ramp   [   9% ] 10/80 VUs  01m08.0s/12m00.0s

running (01m09.0s), 10/80 VUs, 962 complete and 0 interrupted iterations
gradual_ramp   [  10% ] 10/80 VUs  01m09.0s/12m00.0s

running (01m10.0s), 10/80 VUs, 975 complete and 0 interrupted iterations
gradual_ramp   [  10% ] 10/80 VUs  01m10.0s/12m00.0s

running (01m11.0s), 10/80 VUs, 992 complete and 0 interrupted iterations
gradual_ramp   [  10% ] 10/80 VUs  01m11.0s/12m00.0s

running (01m12.0s), 10/80 VUs, 1005 complete and 0 interrupted iterations
gradual_ramp   [  10% ] 10/80 VUs  01m12.0s/12m00.0s

running (01m13.0s), 10/80 VUs, 1019 complete and 0 interrupted iterations
gradual_ramp   [  10% ] 10/80 VUs  01m13.0s/12m00.0s

running (01m14.0s), 10/80 VUs, 1033 complete and 0 interrupted iterations
gradual_ramp   [  10% ] 10/80 VUs  01m14.0s/12m00.0s

running (01m15.0s), 10/80 VUs, 1048 complete and 0 interrupted iterations
gradual_ramp   [  10% ] 10/80 VUs  01m15.0s/12m00.0s

running (01m16.0s), 10/80 VUs, 1060 complete and 0 interrupted iterations
gradual_ramp   [  11% ] 10/80 VUs  01m16.0s/12m00.0s

running (01m17.0s), 10/80 VUs, 1076 complete and 0 interrupted iterations
gradual_ramp   [  11% ] 10/80 VUs  01m17.0s/12m00.0s

running (01m18.0s), 10/80 VUs, 1090 complete and 0 interrupted iterations
gradual_ramp   [  11% ] 10/80 VUs  01m18.0s/12m00.0s

running (01m19.0s), 10/80 VUs, 1106 complete and 0 interrupted iterations
gradual_ramp   [  11% ] 10/80 VUs  01m19.0s/12m00.0s

running (01m20.0s), 10/80 VUs, 1121 complete and 0 interrupted iterations
gradual_ramp   [  11% ] 10/80 VUs  01m20.0s/12m00.0s

running (01m21.0s), 10/80 VUs, 1134 complete and 0 interrupted iterations
gradual_ramp   [  11% ] 10/80 VUs  01m21.0s/12m00.0s

running (01m22.0s), 10/80 VUs, 1149 complete and 0 interrupted iterations
gradual_ramp   [  11% ] 10/80 VUs  01m22.0s/12m00.0s

running (01m23.0s), 10/80 VUs, 1161 complete and 0 interrupted iterations
gradual_ramp   [  12% ] 10/80 VUs  01m23.0s/12m00.0s

running (01m24.0s), 10/80 VUs, 1177 complete and 0 interrupted iterations
gradual_ramp   [  12% ] 10/80 VUs  01m24.0s/12m00.0s

running (01m25.0s), 10/80 VUs, 1192 complete and 0 interrupted iterations
gradual_ramp   [  12% ] 10/80 VUs  01m25.0s/12m00.0s

running (01m26.0s), 10/80 VUs, 1205 complete and 0 interrupted iterations
gradual_ramp   [  12% ] 10/80 VUs  01m26.0s/12m00.0s

running (01m27.0s), 10/80 VUs, 1221 complete and 0 interrupted iterations
gradual_ramp   [  12% ] 10/80 VUs  01m27.0s/12m00.0s

running (01m28.0s), 10/80 VUs, 1233 complete and 0 interrupted iterations
gradual_ramp   [  12% ] 10/80 VUs  01m28.0s/12m00.0s

running (01m29.0s), 10/80 VUs, 1250 complete and 0 interrupted iterations
gradual_ramp   [  12% ] 10/80 VUs  01m29.0s/12m00.0s

running (01m30.0s), 10/80 VUs, 1262 complete and 0 interrupted iterations
gradual_ramp   [  12% ] 10/80 VUs  01m30.0s/12m00.0s

running (01m31.0s), 10/80 VUs, 1277 complete and 0 interrupted iterations
gradual_ramp   [  13% ] 10/80 VUs  01m31.0s/12m00.0s

running (01m32.0s), 10/80 VUs, 1291 complete and 0 interrupted iterations
gradual_ramp   [  13% ] 10/80 VUs  01m32.0s/12m00.0s

running (01m33.0s), 10/80 VUs, 1302 complete and 0 interrupted iterations
gradual_ramp   [  13% ] 10/80 VUs  01m33.0s/12m00.0s

running (01m34.0s), 10/80 VUs, 1318 complete and 0 interrupted iterations
gradual_ramp   [  13% ] 10/80 VUs  01m34.0s/12m00.0s

running (01m35.0s), 10/80 VUs, 1329 complete and 0 interrupted iterations
gradual_ramp   [  13% ] 10/80 VUs  01m35.0s/12m00.0s

running (01m36.0s), 10/80 VUs, 1344 complete and 0 interrupted iterations
gradual_ramp   [  13% ] 10/80 VUs  01m36.0s/12m00.0s

running (01m37.0s), 10/80 VUs, 1359 complete and 0 interrupted iterations
gradual_ramp   [  13% ] 10/80 VUs  01m37.0s/12m00.0s

running (01m38.0s), 10/80 VUs, 1371 complete and 0 interrupted iterations
gradual_ramp   [  14% ] 10/80 VUs  01m38.0s/12m00.0s

running (01m39.0s), 10/80 VUs, 1388 complete and 0 interrupted iterations
gradual_ramp   [  14% ] 10/80 VUs  01m39.0s/12m00.0s

running (01m40.0s), 10/80 VUs, 1402 complete and 0 interrupted iterations
gradual_ramp   [  14% ] 10/80 VUs  01m40.0s/12m00.0s

running (01m41.0s), 10/80 VUs, 1415 complete and 0 interrupted iterations
gradual_ramp   [  14% ] 10/80 VUs  01m41.0s/12m00.0s

running (01m42.0s), 10/80 VUs, 1430 complete and 0 interrupted iterations
gradual_ramp   [  14% ] 10/80 VUs  01m42.0s/12m00.0s

running (01m43.0s), 10/80 VUs, 1444 complete and 0 interrupted iterations
gradual_ramp   [  14% ] 10/80 VUs  01m43.0s/12m00.0s

running (01m44.0s), 10/80 VUs, 1457 complete and 0 interrupted iterations
gradual_ramp   [  14% ] 10/80 VUs  01m44.0s/12m00.0s

running (01m45.0s), 10/80 VUs, 1472 complete and 0 interrupted iterations
gradual_ramp   [  15% ] 10/80 VUs  01m45.0s/12m00.0s

running (01m46.0s), 10/80 VUs, 1486 complete and 0 interrupted iterations
gradual_ramp   [  15% ] 10/80 VUs  01m46.0s/12m00.0s

running (01m47.0s), 10/80 VUs, 1499 complete and 0 interrupted iterations
gradual_ramp   [  15% ] 10/80 VUs  01m47.0s/12m00.0s

running (01m48.0s), 10/80 VUs, 1513 complete and 0 interrupted iterations
gradual_ramp   [  15% ] 10/80 VUs  01m48.0s/12m00.0s

running (01m49.0s), 10/80 VUs, 1528 complete and 0 interrupted iterations
gradual_ramp   [  15% ] 10/80 VUs  01m49.0s/12m00.0s

running (01m50.0s), 10/80 VUs, 1543 complete and 0 interrupted iterations
gradual_ramp   [  15% ] 10/80 VUs  01m50.0s/12m00.0s

running (01m51.0s), 10/80 VUs, 1556 complete and 0 interrupted iterations
gradual_ramp   [  15% ] 10/80 VUs  01m51.0s/12m00.0s

running (01m52.0s), 10/80 VUs, 1568 complete and 0 interrupted iterations
gradual_ramp   [  16% ] 10/80 VUs  01m52.0s/12m00.0s

running (01m53.0s), 10/80 VUs, 1585 complete and 0 interrupted iterations
gradual_ramp   [  16% ] 10/80 VUs  01m53.0s/12m00.0s

running (01m54.0s), 10/80 VUs, 1597 complete and 0 interrupted iterations
gradual_ramp   [  16% ] 10/80 VUs  01m54.0s/12m00.0s

running (01m55.0s), 10/80 VUs, 1610 complete and 0 interrupted iterations
gradual_ramp   [  16% ] 10/80 VUs  01m55.0s/12m00.0s

running (01m56.0s), 10/80 VUs, 1625 complete and 0 interrupted iterations
gradual_ramp   [  16% ] 10/80 VUs  01m56.0s/12m00.0s

running (01m57.0s), 10/80 VUs, 1640 complete and 0 interrupted iterations
gradual_ramp   [  16% ] 10/80 VUs  01m57.0s/12m00.0s

running (01m58.0s), 10/80 VUs, 1653 complete and 0 interrupted iterations
gradual_ramp   [  16% ] 10/80 VUs  01m58.0s/12m00.0s

running (01m59.0s), 10/80 VUs, 1667 complete and 0 interrupted iterations
gradual_ramp   [  17% ] 10/80 VUs  01m59.0s/12m00.0s

running (02m00.0s), 10/80 VUs, 1683 complete and 0 interrupted iterations
gradual_ramp   [  17% ] 10/80 VUs  02m00.0s/12m00.0s

running (02m01.0s), 10/80 VUs, 1696 complete and 0 interrupted iterations
gradual_ramp   [  17% ] 10/80 VUs  02m01.0s/12m00.0s

running (02m02.0s), 10/80 VUs, 1713 complete and 0 interrupted iterations
gradual_ramp   [  17% ] 10/80 VUs  02m02.0s/12m00.0s

running (02m03.0s), 10/80 VUs, 1726 complete and 0 interrupted iterations
gradual_ramp   [  17% ] 10/80 VUs  02m03.0s/12m00.0s

running (02m04.0s), 10/80 VUs, 1742 complete and 0 interrupted iterations
gradual_ramp   [  17% ] 10/80 VUs  02m04.0s/12m00.0s

running (02m05.0s), 11/80 VUs, 1756 complete and 0 interrupted iterations
gradual_ramp   [  17% ] 11/80 VUs  02m05.0s/12m00.0s

running (02m06.0s), 11/80 VUs, 1771 complete and 0 interrupted iterations
gradual_ramp   [  17% ] 11/80 VUs  02m06.0s/12m00.0s

running (02m07.0s), 11/80 VUs, 1786 complete and 0 interrupted iterations
gradual_ramp   [  18% ] 11/80 VUs  02m07.0s/12m00.0s

running (02m08.0s), 11/80 VUs, 1801 complete and 0 interrupted iterations
gradual_ramp   [  18% ] 11/80 VUs  02m08.0s/12m00.0s

running (02m09.0s), 12/80 VUs, 1815 complete and 0 interrupted iterations
gradual_ramp   [  18% ] 12/80 VUs  02m09.0s/12m00.0s

running (02m10.0s), 12/80 VUs, 1834 complete and 0 interrupted iterations
gradual_ramp   [  18% ] 12/80 VUs  02m10.0s/12m00.0s

running (02m11.0s), 12/80 VUs, 1851 complete and 0 interrupted iterations
gradual_ramp   [  18% ] 12/80 VUs  02m11.0s/12m00.0s

running (02m12.0s), 12/80 VUs, 1867 complete and 0 interrupted iterations
gradual_ramp   [  18% ] 12/80 VUs  02m12.0s/12m00.0s

running (02m13.0s), 13/80 VUs, 1886 complete and 0 interrupted iterations
gradual_ramp   [  18% ] 13/80 VUs  02m13.0s/12m00.0s

running (02m14.0s), 13/80 VUs, 1902 complete and 0 interrupted iterations
gradual_ramp   [  19% ] 13/80 VUs  02m14.0s/12m00.0s

running (02m15.0s), 13/80 VUs, 1919 complete and 0 interrupted iterations
gradual_ramp   [  19% ] 13/80 VUs  02m15.0s/12m00.0s

running (02m16.0s), 13/80 VUs, 1937 complete and 0 interrupted iterations
gradual_ramp   [  19% ] 13/80 VUs  02m16.0s/12m00.0s

running (02m17.0s), 13/80 VUs, 1956 complete and 0 interrupted iterations
gradual_ramp   [  19% ] 13/80 VUs  02m17.0s/12m00.0s

running (02m18.0s), 14/80 VUs, 1975 complete and 0 interrupted iterations
gradual_ramp   [  19% ] 14/80 VUs  02m18.0s/12m00.0s

running (02m19.0s), 14/80 VUs, 1995 complete and 0 interrupted iterations
gradual_ramp   [  19% ] 14/80 VUs  02m19.0s/12m00.0s

running (02m20.0s), 14/80 VUs, 2016 complete and 0 interrupted iterations
gradual_ramp   [  19% ] 14/80 VUs  02m20.0s/12m00.0s

running (02m21.0s), 14/80 VUs, 2037 complete and 0 interrupted iterations
gradual_ramp   [  20% ] 14/80 VUs  02m21.0s/12m00.0s

running (02m22.0s), 15/80 VUs, 2059 complete and 0 interrupted iterations
gradual_ramp   [  20% ] 15/80 VUs  02m22.0s/12m00.0s

running (02m23.0s), 15/80 VUs, 2078 complete and 0 interrupted iterations
gradual_ramp   [  20% ] 15/80 VUs  02m23.0s/12m00.0s

running (02m24.0s), 15/80 VUs, 2101 complete and 0 interrupted iterations
gradual_ramp   [  20% ] 15/80 VUs  02m24.0s/12m00.0s

running (02m25.0s), 15/80 VUs, 2124 complete and 0 interrupted iterations
gradual_ramp   [  20% ] 15/80 VUs  02m25.0s/12m00.0s

running (02m26.0s), 16/80 VUs, 2143 complete and 0 interrupted iterations
gradual_ramp   [  20% ] 16/80 VUs  02m26.0s/12m00.0s

running (02m27.0s), 16/80 VUs, 2167 complete and 0 interrupted iterations
gradual_ramp   [  20% ] 16/80 VUs  02m27.0s/12m00.0s

running (02m28.0s), 16/80 VUs, 2190 complete and 0 interrupted iterations
gradual_ramp   [  21% ] 16/80 VUs  02m28.0s/12m00.0s

running (02m29.0s), 16/80 VUs, 2212 complete and 0 interrupted iterations
gradual_ramp   [  21% ] 16/80 VUs  02m29.0s/12m00.0s

running (02m30.0s), 16/80 VUs, 2234 complete and 0 interrupted iterations
gradual_ramp   [  21% ] 16/80 VUs  02m30.0s/12m00.0s

running (02m31.0s), 17/80 VUs, 2258 complete and 0 interrupted iterations
gradual_ramp   [  21% ] 17/80 VUs  02m31.0s/12m00.0s

running (02m32.0s), 17/80 VUs, 2282 complete and 0 interrupted iterations
gradual_ramp   [  21% ] 17/80 VUs  02m32.0s/12m00.0s

running (02m33.0s), 17/80 VUs, 2306 complete and 0 interrupted iterations
gradual_ramp   [  21% ] 17/80 VUs  02m33.0s/12m00.0s

running (02m34.0s), 17/80 VUs, 2329 complete and 0 interrupted iterations
gradual_ramp   [  21% ] 17/80 VUs  02m34.0s/12m00.0s

running (02m35.0s), 18/80 VUs, 2353 complete and 0 interrupted iterations
gradual_ramp   [  22% ] 18/80 VUs  02m35.0s/12m00.0s

running (02m36.0s), 18/80 VUs, 2380 complete and 0 interrupted iterations
gradual_ramp   [  22% ] 18/80 VUs  02m36.0s/12m00.0s

running (02m37.0s), 18/80 VUs, 2402 complete and 0 interrupted iterations
gradual_ramp   [  22% ] 18/80 VUs  02m37.0s/12m00.0s

running (02m38.0s), 18/80 VUs, 2430 complete and 0 interrupted iterations
gradual_ramp   [  22% ] 18/80 VUs  02m38.0s/12m00.0s

running (02m39.0s), 19/80 VUs, 2454 complete and 0 interrupted iterations
gradual_ramp   [  22% ] 19/80 VUs  02m39.0s/12m00.0s

running (02m40.0s), 19/80 VUs, 2483 complete and 0 interrupted iterations
gradual_ramp   [  22% ] 19/80 VUs  02m40.0s/12m00.0s

running (02m41.0s), 19/80 VUs, 2510 complete and 0 interrupted iterations
gradual_ramp   [  22% ] 19/80 VUs  02m41.0s/12m00.0s

running (02m42.0s), 19/80 VUs, 2534 complete and 0 interrupted iterations
gradual_ramp   [  22% ] 19/80 VUs  02m42.0s/12m00.0s

running (02m43.0s), 20/80 VUs, 2564 complete and 0 interrupted iterations
gradual_ramp   [  23% ] 20/80 VUs  02m43.0s/12m00.0s

running (02m44.0s), 20/80 VUs, 2589 complete and 0 interrupted iterations
gradual_ramp   [  23% ] 20/80 VUs  02m44.0s/12m00.0s

running (02m45.0s), 20/80 VUs, 2616 complete and 0 interrupted iterations
gradual_ramp   [  23% ] 20/80 VUs  02m45.0s/12m00.0s

running (02m46.0s), 20/80 VUs, 2646 complete and 0 interrupted iterations
gradual_ramp   [  23% ] 20/80 VUs  02m46.0s/12m00.0s

running (02m47.0s), 20/80 VUs, 2678 complete and 0 interrupted iterations
gradual_ramp   [  23% ] 20/80 VUs  02m47.0s/12m00.0s

running (02m48.0s), 21/80 VUs, 2705 complete and 0 interrupted iterations
gradual_ramp   [  23% ] 21/80 VUs  02m48.0s/12m00.0s

running (02m49.0s), 21/80 VUs, 2732 complete and 0 interrupted iterations
gradual_ramp   [  23% ] 21/80 VUs  02m49.0s/12m00.0s

running (02m50.0s), 21/80 VUs, 2763 complete and 0 interrupted iterations
gradual_ramp   [  24% ] 21/80 VUs  02m50.0s/12m00.0s

running (02m51.0s), 21/80 VUs, 2795 complete and 0 interrupted iterations
gradual_ramp   [  24% ] 21/80 VUs  02m51.0s/12m00.0s

running (02m52.0s), 22/80 VUs, 2825 complete and 0 interrupted iterations
gradual_ramp   [  24% ] 22/80 VUs  02m52.0s/12m00.0s

running (02m53.0s), 22/80 VUs, 2856 complete and 0 interrupted iterations
gradual_ramp   [  24% ] 22/80 VUs  02m53.0s/12m00.0s

running (02m54.0s), 22/80 VUs, 2886 complete and 0 interrupted iterations
gradual_ramp   [  24% ] 22/80 VUs  02m54.0s/12m00.0s

running (02m55.0s), 22/80 VUs, 2917 complete and 0 interrupted iterations
gradual_ramp   [  24% ] 22/80 VUs  02m55.0s/12m00.0s

running (02m56.0s), 23/80 VUs, 2946 complete and 0 interrupted iterations
gradual_ramp   [  24% ] 23/80 VUs  02m56.0s/12m00.0s

running (02m57.0s), 23/80 VUs, 2977 complete and 0 interrupted iterations
gradual_ramp   [  25% ] 23/80 VUs  02m57.0s/12m00.0s

running (02m58.0s), 23/80 VUs, 3014 complete and 0 interrupted iterations
gradual_ramp   [  25% ] 23/80 VUs  02m58.0s/12m00.0s

running (02m59.0s), 23/80 VUs, 3045 complete and 0 interrupted iterations
gradual_ramp   [  25% ] 23/80 VUs  02m59.0s/12m00.0s

running (03m00.0s), 23/80 VUs, 3077 complete and 0 interrupted iterations
gradual_ramp   [  25% ] 23/80 VUs  03m00.0s/12m00.0s

running (03m01.0s), 24/80 VUs, 3110 complete and 0 interrupted iterations
gradual_ramp   [  25% ] 24/80 VUs  03m01.0s/12m00.0s

running (03m02.0s), 24/80 VUs, 3146 complete and 0 interrupted iterations
gradual_ramp   [  25% ] 24/80 VUs  03m02.0s/12m00.0s

running (03m03.0s), 24/80 VUs, 3177 complete and 0 interrupted iterations
gradual_ramp   [  25% ] 24/80 VUs  03m03.0s/12m00.0s

running (03m04.0s), 24/80 VUs, 3215 complete and 0 interrupted iterations
gradual_ramp   [  26% ] 24/80 VUs  03m04.0s/12m00.0s

running (03m05.0s), 25/80 VUs, 3249 complete and 0 interrupted iterations
gradual_ramp   [  26% ] 25/80 VUs  03m05.0s/12m00.0s

running (03m06.0s), 25/80 VUs, 3282 complete and 0 interrupted iterations
gradual_ramp   [  26% ] 25/80 VUs  03m06.0s/12m00.0s

running (03m07.0s), 25/80 VUs, 3320 complete and 0 interrupted iterations
gradual_ramp   [  26% ] 25/80 VUs  03m07.0s/12m00.0s

running (03m08.0s), 25/80 VUs, 3353 complete and 0 interrupted iterations
gradual_ramp   [  26% ] 25/80 VUs  03m08.0s/12m00.0s

running (03m09.0s), 26/80 VUs, 3388 complete and 0 interrupted iterations
gradual_ramp   [  26% ] 26/80 VUs  03m09.0s/12m00.0s

running (03m10.0s), 26/80 VUs, 3426 complete and 0 interrupted iterations
gradual_ramp   [  26% ] 26/80 VUs  03m10.0s/12m00.0s

running (03m11.0s), 26/80 VUs, 3460 complete and 0 interrupted iterations
gradual_ramp   [  27% ] 26/80 VUs  03m11.0s/12m00.0s

running (03m12.0s), 26/80 VUs, 3495 complete and 0 interrupted iterations
gradual_ramp   [  27% ] 26/80 VUs  03m12.0s/12m00.0s

running (03m13.0s), 27/80 VUs, 3532 complete and 0 interrupted iterations
gradual_ramp   [  27% ] 27/80 VUs  03m13.0s/12m00.0s

running (03m14.0s), 27/80 VUs, 3572 complete and 0 interrupted iterations
gradual_ramp   [  27% ] 27/80 VUs  03m14.0s/12m00.0s

running (03m15.0s), 27/80 VUs, 3608 complete and 0 interrupted iterations
gradual_ramp   [  27% ] 27/80 VUs  03m15.0s/12m00.0s

running (03m16.0s), 27/80 VUs, 3644 complete and 0 interrupted iterations
gradual_ramp   [  27% ] 27/80 VUs  03m16.0s/12m00.0s

running (03m17.0s), 27/80 VUs, 3680 complete and 0 interrupted iterations
gradual_ramp   [  27% ] 27/80 VUs  03m17.0s/12m00.0s

running (03m18.0s), 28/80 VUs, 3716 complete and 0 interrupted iterations
gradual_ramp   [  27% ] 28/80 VUs  03m18.0s/12m00.0s

running (03m19.0s), 28/80 VUs, 3754 complete and 0 interrupted iterations
gradual_ramp   [  28% ] 28/80 VUs  03m19.0s/12m00.0s

running (03m20.0s), 28/80 VUs, 3792 complete and 0 interrupted iterations
gradual_ramp   [  28% ] 28/80 VUs  03m20.0s/12m00.0s

running (03m21.0s), 28/80 VUs, 3834 complete and 0 interrupted iterations
gradual_ramp   [  28% ] 28/80 VUs  03m21.0s/12m00.0s

running (03m22.0s), 29/80 VUs, 3874 complete and 0 interrupted iterations
gradual_ramp   [  28% ] 29/80 VUs  03m22.0s/12m00.0s

running (03m23.0s), 29/80 VUs, 3915 complete and 0 interrupted iterations
gradual_ramp   [  28% ] 29/80 VUs  03m23.0s/12m00.0s

running (03m24.0s), 29/80 VUs, 3954 complete and 0 interrupted iterations
gradual_ramp   [  28% ] 29/80 VUs  03m24.0s/12m00.0s

running (03m25.0s), 29/80 VUs, 3994 complete and 0 interrupted iterations
gradual_ramp   [  28% ] 29/80 VUs  03m25.0s/12m00.0s

running (03m26.0s), 30/80 VUs, 4035 complete and 0 interrupted iterations
gradual_ramp   [  29% ] 30/80 VUs  03m26.0s/12m00.0s

running (03m27.0s), 30/80 VUs, 4076 complete and 0 interrupted iterations
gradual_ramp   [  29% ] 30/80 VUs  03m27.0s/12m00.0s

running (03m28.0s), 30/80 VUs, 4116 complete and 0 interrupted iterations
gradual_ramp   [  29% ] 30/80 VUs  03m28.0s/12m00.0s

running (03m29.0s), 30/80 VUs, 4158 complete and 0 interrupted iterations
gradual_ramp   [  29% ] 30/80 VUs  03m29.0s/12m00.0s

running (03m30.0s), 30/80 VUs, 4199 complete and 0 interrupted iterations
gradual_ramp   [  29% ] 30/80 VUs  03m30.0s/12m00.0s

running (03m31.0s), 31/80 VUs, 4241 complete and 0 interrupted iterations
gradual_ramp   [  29% ] 31/80 VUs  03m31.0s/12m00.0s

running (03m32.0s), 31/80 VUs, 4283 complete and 0 interrupted iterations
gradual_ramp   [  29% ] 31/80 VUs  03m32.0s/12m00.0s

running (03m33.0s), 31/80 VUs, 4332 complete and 0 interrupted iterations
gradual_ramp   [  30% ] 31/80 VUs  03m33.0s/12m00.0s

running (03m34.0s), 31/80 VUs, 4373 complete and 0 interrupted iterations
gradual_ramp   [  30% ] 31/80 VUs  03m34.0s/12m00.0s

running (03m35.0s), 32/80 VUs, 4418 complete and 0 interrupted iterations
gradual_ramp   [  30% ] 32/80 VUs  03m35.0s/12m00.0s

running (03m36.0s), 32/80 VUs, 4461 complete and 0 interrupted iterations
gradual_ramp   [  30% ] 32/80 VUs  03m36.0s/12m00.0s

running (03m37.0s), 32/80 VUs, 4501 complete and 0 interrupted iterations
gradual_ramp   [  30% ] 32/80 VUs  03m37.0s/12m00.0s

running (03m38.0s), 32/80 VUs, 4553 complete and 0 interrupted iterations
gradual_ramp   [  30% ] 32/80 VUs  03m38.0s/12m00.0s

running (03m39.0s), 33/80 VUs, 4598 complete and 0 interrupted iterations
gradual_ramp   [  30% ] 33/80 VUs  03m39.0s/12m00.0s

running (03m40.0s), 33/80 VUs, 4644 complete and 0 interrupted iterations
gradual_ramp   [  31% ] 33/80 VUs  03m40.0s/12m00.0s

running (03m41.0s), 33/80 VUs, 4690 complete and 0 interrupted iterations
gradual_ramp   [  31% ] 33/80 VUs  03m41.0s/12m00.0s

running (03m42.0s), 33/80 VUs, 4740 complete and 0 interrupted iterations
gradual_ramp   [  31% ] 33/80 VUs  03m42.0s/12m00.0s

running (03m43.0s), 34/80 VUs, 4782 complete and 0 interrupted iterations
gradual_ramp   [  31% ] 34/80 VUs  03m43.0s/12m00.0s

running (03m44.0s), 34/80 VUs, 4831 complete and 0 interrupted iterations
gradual_ramp   [  31% ] 34/80 VUs  03m44.0s/12m00.0s

running (03m45.0s), 34/80 VUs, 4877 complete and 0 interrupted iterations
gradual_ramp   [  31% ] 34/80 VUs  03m45.0s/12m00.0s

running (03m46.0s), 34/80 VUs, 4924 complete and 0 interrupted iterations
gradual_ramp   [  31% ] 34/80 VUs  03m46.0s/12m00.0s

running (03m47.0s), 34/80 VUs, 4971 complete and 0 interrupted iterations
gradual_ramp   [  32% ] 34/80 VUs  03m47.0s/12m00.0s

running (03m48.0s), 35/80 VUs, 5023 complete and 0 interrupted iterations
gradual_ramp   [  32% ] 35/80 VUs  03m48.0s/12m00.0s

running (03m49.0s), 35/80 VUs, 5071 complete and 0 interrupted iterations
gradual_ramp   [  32% ] 35/80 VUs  03m49.0s/12m00.0s

running (03m50.0s), 35/80 VUs, 5119 complete and 0 interrupted iterations
gradual_ramp   [  32% ] 35/80 VUs  03m50.0s/12m00.0s

running (03m51.0s), 35/80 VUs, 5170 complete and 0 interrupted iterations
gradual_ramp   [  32% ] 35/80 VUs  03m51.0s/12m00.0s

running (03m52.0s), 36/80 VUs, 5220 complete and 0 interrupted iterations
gradual_ramp   [  32% ] 36/80 VUs  03m52.0s/12m00.0s

running (03m53.0s), 36/80 VUs, 5267 complete and 0 interrupted iterations
gradual_ramp   [  32% ] 36/80 VUs  03m53.0s/12m00.0s

running (03m54.0s), 36/80 VUs, 5323 complete and 0 interrupted iterations
gradual_ramp   [  32% ] 36/80 VUs  03m54.0s/12m00.0s

running (03m55.0s), 36/80 VUs, 5373 complete and 0 interrupted iterations
gradual_ramp   [  33% ] 36/80 VUs  03m55.0s/12m00.0s

running (03m56.0s), 37/80 VUs, 5422 complete and 0 interrupted iterations
gradual_ramp   [  33% ] 37/80 VUs  03m56.0s/12m00.0s

running (03m57.0s), 37/80 VUs, 5471 complete and 0 interrupted iterations
gradual_ramp   [  33% ] 37/80 VUs  03m57.0s/12m00.0s

running (03m58.0s), 37/80 VUs, 5523 complete and 0 interrupted iterations
gradual_ramp   [  33% ] 37/80 VUs  03m58.0s/12m00.0s

running (03m59.0s), 37/80 VUs, 5570 complete and 0 interrupted iterations
gradual_ramp   [  33% ] 37/80 VUs  03m59.0s/12m00.0s

running (04m00.0s), 37/80 VUs, 5625 complete and 0 interrupted iterations
gradual_ramp   [  33% ] 37/80 VUs  04m00.0s/12m00.0s

running (04m01.0s), 38/80 VUs, 5673 complete and 0 interrupted iterations
gradual_ramp   [  33% ] 38/80 VUs  04m01.0s/12m00.0s

running (04m02.0s), 38/80 VUs, 5724 complete and 0 interrupted iterations
gradual_ramp   [  34% ] 38/80 VUs  04m02.0s/12m00.0s

running (04m03.0s), 38/80 VUs, 5776 complete and 0 interrupted iterations
gradual_ramp   [  34% ] 38/80 VUs  04m03.0s/12m00.0s

running (04m04.0s), 38/80 VUs, 5828 complete and 0 interrupted iterations
gradual_ramp   [  34% ] 38/80 VUs  04m04.0s/12m00.0s

running (04m05.0s), 39/80 VUs, 5881 complete and 0 interrupted iterations
gradual_ramp   [  34% ] 39/80 VUs  04m05.0s/12m00.0s

running (04m06.0s), 39/80 VUs, 5935 complete and 0 interrupted iterations
gradual_ramp   [  34% ] 39/80 VUs  04m06.0s/12m00.0s

running (04m07.0s), 39/80 VUs, 5985 complete and 0 interrupted iterations
gradual_ramp   [  34% ] 39/80 VUs  04m07.0s/12m00.0s

running (04m08.0s), 39/80 VUs, 6044 complete and 0 interrupted iterations
gradual_ramp   [  34% ] 39/80 VUs  04m08.0s/12m00.0s

running (04m09.0s), 40/80 VUs, 6090 complete and 0 interrupted iterations
gradual_ramp   [  35% ] 40/80 VUs  04m09.0s/12m00.0s

running (04m10.0s), 40/80 VUs, 6152 complete and 0 interrupted iterations
gradual_ramp   [  35% ] 40/80 VUs  04m10.0s/12m00.0s

running (04m11.0s), 40/80 VUs, 6203 complete and 0 interrupted iterations
gradual_ramp   [  35% ] 40/80 VUs  04m11.0s/12m00.0s

running (04m12.0s), 40/80 VUs, 6258 complete and 0 interrupted iterations
gradual_ramp   [  35% ] 40/80 VUs  04m12.0s/12m00.0s

running (04m13.0s), 41/80 VUs, 6312 complete and 0 interrupted iterations
gradual_ramp   [  35% ] 41/80 VUs  04m13.0s/12m00.0s

running (04m14.0s), 41/80 VUs, 6372 complete and 0 interrupted iterations
gradual_ramp   [  35% ] 41/80 VUs  04m14.0s/12m00.0s

running (04m15.0s), 41/80 VUs, 6430 complete and 0 interrupted iterations
gradual_ramp   [  35% ] 41/80 VUs  04m15.0s/12m00.0s

running (04m16.0s), 41/80 VUs, 6478 complete and 0 interrupted iterations
gradual_ramp   [  36% ] 41/80 VUs  04m16.0s/12m00.0s

running (04m17.0s), 41/80 VUs, 6539 complete and 0 interrupted iterations
gradual_ramp   [  36% ] 41/80 VUs  04m17.0s/12m00.0s

running (04m18.0s), 42/80 VUs, 6597 complete and 0 interrupted iterations
gradual_ramp   [  36% ] 42/80 VUs  04m18.0s/12m00.0s

running (04m19.0s), 42/80 VUs, 6656 complete and 0 interrupted iterations
gradual_ramp   [  36% ] 42/80 VUs  04m19.0s/12m00.0s

running (04m20.0s), 42/80 VUs, 6713 complete and 0 interrupted iterations
gradual_ramp   [  36% ] 42/80 VUs  04m20.0s/12m00.0s

running (04m21.0s), 42/80 VUs, 6772 complete and 0 interrupted iterations
gradual_ramp   [  36% ] 42/80 VUs  04m21.0s/12m00.0s

running (04m22.0s), 43/80 VUs, 6830 complete and 0 interrupted iterations
gradual_ramp   [  36% ] 43/80 VUs  04m22.0s/12m00.0s

running (04m23.0s), 43/80 VUs, 6887 complete and 0 interrupted iterations
gradual_ramp   [  37% ] 43/80 VUs  04m23.0s/12m00.0s

running (04m24.0s), 43/80 VUs, 6945 complete and 0 interrupted iterations
gradual_ramp   [  37% ] 43/80 VUs  04m24.0s/12m00.0s

running (04m25.0s), 43/80 VUs, 7004 complete and 0 interrupted iterations
gradual_ramp   [  37% ] 43/80 VUs  04m25.0s/12m00.0s

running (04m26.0s), 44/80 VUs, 7057 complete and 0 interrupted iterations
gradual_ramp   [  37% ] 44/80 VUs  04m26.0s/12m00.0s

running (04m27.0s), 44/80 VUs, 7115 complete and 0 interrupted iterations
gradual_ramp   [  37% ] 44/80 VUs  04m27.0s/12m00.0s

running (04m28.0s), 44/80 VUs, 7175 complete and 0 interrupted iterations
gradual_ramp   [  37% ] 44/80 VUs  04m28.0s/12m00.0s

running (04m29.0s), 44/80 VUs, 7238 complete and 0 interrupted iterations
gradual_ramp   [  37% ] 44/80 VUs  04m29.0s/12m00.0s

running (04m30.0s), 44/80 VUs, 7297 complete and 0 interrupted iterations
gradual_ramp   [  37% ] 44/80 VUs  04m30.0s/12m00.0s

running (04m31.0s), 45/80 VUs, 7354 complete and 0 interrupted iterations
gradual_ramp   [  38% ] 45/80 VUs  04m31.0s/12m00.0s

running (04m32.0s), 45/80 VUs, 7416 complete and 0 interrupted iterations
gradual_ramp   [  38% ] 45/80 VUs  04m32.0s/12m00.0s

running (04m33.0s), 45/80 VUs, 7477 complete and 0 interrupted iterations
gradual_ramp   [  38% ] 45/80 VUs  04m33.0s/12m00.0s

running (04m34.0s), 45/80 VUs, 7535 complete and 0 interrupted iterations
gradual_ramp   [  38% ] 45/80 VUs  04m34.0s/12m00.0s

running (04m35.0s), 46/80 VUs, 7591 complete and 0 interrupted iterations
gradual_ramp   [  38% ] 46/80 VUs  04m35.0s/12m00.0s

running (04m36.0s), 46/80 VUs, 7649 complete and 0 interrupted iterations
gradual_ramp   [  38% ] 46/80 VUs  04m36.0s/12m00.0s

running (04m37.0s), 46/80 VUs, 7713 complete and 0 interrupted iterations
gradual_ramp   [  38% ] 46/80 VUs  04m37.0s/12m00.0s

running (04m38.0s), 46/80 VUs, 7775 complete and 0 interrupted iterations
gradual_ramp   [  39% ] 46/80 VUs  04m38.0s/12m00.0s

running (04m39.0s), 47/80 VUs, 7834 complete and 0 interrupted iterations
gradual_ramp   [  39% ] 47/80 VUs  04m39.0s/12m00.0s

running (04m40.0s), 47/80 VUs, 7897 complete and 0 interrupted iterations
gradual_ramp   [  39% ] 47/80 VUs  04m40.0s/12m00.0s

running (04m41.0s), 47/80 VUs, 7957 complete and 0 interrupted iterations
gradual_ramp   [  39% ] 47/80 VUs  04m41.0s/12m00.0s

running (04m42.0s), 47/80 VUs, 8018 complete and 0 interrupted iterations
gradual_ramp   [  39% ] 47/80 VUs  04m42.0s/12m00.0s

running (04m43.0s), 48/80 VUs, 8076 complete and 0 interrupted iterations
gradual_ramp   [  39% ] 48/80 VUs  04m43.0s/12m00.0s

running (04m44.0s), 48/80 VUs, 8136 complete and 0 interrupted iterations
gradual_ramp   [  39% ] 48/80 VUs  04m44.0s/12m00.0s

running (04m45.0s), 48/80 VUs, 8200 complete and 0 interrupted iterations
gradual_ramp   [  40% ] 48/80 VUs  04m45.0s/12m00.0s

running (04m46.0s), 48/80 VUs, 8264 complete and 0 interrupted iterations
gradual_ramp   [  40% ] 48/80 VUs  04m46.0s/12m00.0s

running (04m47.0s), 48/80 VUs, 8325 complete and 0 interrupted iterations
gradual_ramp   [  40% ] 48/80 VUs  04m47.0s/12m00.0s

running (04m48.0s), 49/80 VUs, 8389 complete and 0 interrupted iterations
gradual_ramp   [  40% ] 49/80 VUs  04m48.0s/12m00.0s

running (04m49.0s), 49/80 VUs, 8444 complete and 0 interrupted iterations
gradual_ramp   [  40% ] 49/80 VUs  04m49.0s/12m00.0s

running (04m50.0s), 49/80 VUs, 8507 complete and 0 interrupted iterations
gradual_ramp   [  40% ] 49/80 VUs  04m50.0s/12m00.0s

running (04m51.0s), 49/80 VUs, 8570 complete and 0 interrupted iterations
gradual_ramp   [  40% ] 49/80 VUs  04m51.0s/12m00.0s

running (04m52.0s), 50/80 VUs, 8631 complete and 0 interrupted iterations
gradual_ramp   [  41% ] 50/80 VUs  04m52.0s/12m00.0s

running (04m53.0s), 50/80 VUs, 8696 complete and 0 interrupted iterations
gradual_ramp   [  41% ] 50/80 VUs  04m53.0s/12m00.0s

running (04m54.0s), 50/80 VUs, 8762 complete and 0 interrupted iterations
gradual_ramp   [  41% ] 50/80 VUs  04m54.0s/12m00.0s

running (04m55.0s), 50/80 VUs, 8824 complete and 0 interrupted iterations
gradual_ramp   [  41% ] 50/80 VUs  04m55.0s/12m00.0s

running (04m56.0s), 51/80 VUs, 8884 complete and 0 interrupted iterations
gradual_ramp   [  41% ] 51/80 VUs  04m56.0s/12m00.0s

running (04m57.0s), 51/80 VUs, 8950 complete and 0 interrupted iterations
gradual_ramp   [  41% ] 51/80 VUs  04m57.0s/12m00.0s

running (04m58.0s), 51/80 VUs, 9008 complete and 0 interrupted iterations
gradual_ramp   [  41% ] 51/80 VUs  04m58.0s/12m00.0s

running (04m59.0s), 51/80 VUs, 9067 complete and 0 interrupted iterations
gradual_ramp   [  42% ] 51/80 VUs  04m59.0s/12m00.0s

running (05m00.0s), 51/80 VUs, 9126 complete and 0 interrupted iterations
gradual_ramp   [  42% ] 51/80 VUs  05m00.0s/12m00.0s

running (05m01.0s), 52/80 VUs, 9191 complete and 0 interrupted iterations
gradual_ramp   [  42% ] 52/80 VUs  05m01.0s/12m00.0s

running (05m02.0s), 52/80 VUs, 9251 complete and 0 interrupted iterations
gradual_ramp   [  42% ] 52/80 VUs  05m02.0s/12m00.0s

running (05m03.0s), 52/80 VUs, 9315 complete and 0 interrupted iterations
gradual_ramp   [  42% ] 52/80 VUs  05m03.0s/12m00.0s

running (05m04.0s), 52/80 VUs, 9370 complete and 0 interrupted iterations
gradual_ramp   [  42% ] 52/80 VUs  05m04.0s/12m00.0s

running (05m05.0s), 53/80 VUs, 9432 complete and 0 interrupted iterations
gradual_ramp   [  42% ] 53/80 VUs  05m05.0s/12m00.0s

running (05m06.0s), 53/80 VUs, 9493 complete and 0 interrupted iterations
gradual_ramp   [  42% ] 53/80 VUs  05m06.0s/12m00.0s

running (05m07.0s), 53/80 VUs, 9555 complete and 0 interrupted iterations
gradual_ramp   [  43% ] 53/80 VUs  05m07.0s/12m00.0s

running (05m08.0s), 53/80 VUs, 9622 complete and 0 interrupted iterations
gradual_ramp   [  43% ] 53/80 VUs  05m08.0s/12m00.0s

running (05m09.0s), 54/80 VUs, 9684 complete and 0 interrupted iterations
gradual_ramp   [  43% ] 54/80 VUs  05m09.0s/12m00.0s

running (05m10.0s), 54/80 VUs, 9744 complete and 0 interrupted iterations
gradual_ramp   [  43% ] 54/80 VUs  05m10.0s/12m00.0s

running (05m11.0s), 54/80 VUs, 9800 complete and 0 interrupted iterations
gradual_ramp   [  43% ] 54/80 VUs  05m11.0s/12m00.0s

running (05m12.0s), 54/80 VUs, 9865 complete and 0 interrupted iterations
gradual_ramp   [  43% ] 54/80 VUs  05m12.0s/12m00.0s

running (05m13.0s), 55/80 VUs, 9923 complete and 0 interrupted iterations
gradual_ramp   [  43% ] 55/80 VUs  05m13.0s/12m00.0s

running (05m14.0s), 55/80 VUs, 9984 complete and 0 interrupted iterations
gradual_ramp   [  44% ] 55/80 VUs  05m14.0s/12m00.0s

running (05m15.0s), 55/80 VUs, 10046 complete and 0 interrupted iterations
gradual_ramp   [  44% ] 55/80 VUs  05m15.0s/12m00.0s

running (05m16.0s), 55/80 VUs, 10104 complete and 0 interrupted iterations
gradual_ramp   [  44% ] 55/80 VUs  05m16.0s/12m00.0s

running (05m17.0s), 55/80 VUs, 10160 complete and 0 interrupted iterations
gradual_ramp   [  44% ] 55/80 VUs  05m17.0s/12m00.0s

running (05m18.0s), 56/80 VUs, 10224 complete and 0 interrupted iterations
gradual_ramp   [  44% ] 56/80 VUs  05m18.0s/12m00.0s

running (05m19.0s), 56/80 VUs, 10284 complete and 0 interrupted iterations
gradual_ramp   [  44% ] 56/80 VUs  05m19.0s/12m00.0s

running (05m20.0s), 56/80 VUs, 10345 complete and 0 interrupted iterations
gradual_ramp   [  44% ] 56/80 VUs  05m20.0s/12m00.0s

running (05m21.0s), 56/80 VUs, 10406 complete and 0 interrupted iterations
gradual_ramp   [  45% ] 56/80 VUs  05m21.0s/12m00.0s

running (05m22.0s), 57/80 VUs, 10467 complete and 0 interrupted iterations
gradual_ramp   [  45% ] 57/80 VUs  05m22.0s/12m00.0s

running (05m23.0s), 57/80 VUs, 10530 complete and 0 interrupted iterations
gradual_ramp   [  45% ] 57/80 VUs  05m23.0s/12m00.0s

running (05m24.0s), 57/80 VUs, 10593 complete and 0 interrupted iterations
gradual_ramp   [  45% ] 57/80 VUs  05m24.0s/12m00.0s

running (05m25.0s), 57/80 VUs, 10653 complete and 0 interrupted iterations
gradual_ramp   [  45% ] 57/80 VUs  05m25.0s/12m00.0s

running (05m26.0s), 58/80 VUs, 10722 complete and 0 interrupted iterations
gradual_ramp   [  45% ] 58/80 VUs  05m26.0s/12m00.0s

running (05m27.0s), 58/80 VUs, 10783 complete and 0 interrupted iterations
gradual_ramp   [  45% ] 58/80 VUs  05m27.0s/12m00.0s

running (05m28.0s), 58/80 VUs, 10848 complete and 0 interrupted iterations
gradual_ramp   [  46% ] 58/80 VUs  05m28.0s/12m00.0s

running (05m29.0s), 58/80 VUs, 10911 complete and 0 interrupted iterations
gradual_ramp   [  46% ] 58/80 VUs  05m29.0s/12m00.0s

running (05m30.0s), 58/80 VUs, 10969 complete and 0 interrupted iterations
gradual_ramp   [  46% ] 58/80 VUs  05m30.0s/12m00.0s

running (05m31.0s), 59/80 VUs, 11029 complete and 0 interrupted iterations
gradual_ramp   [  46% ] 59/80 VUs  05m31.0s/12m00.0s

running (05m32.0s), 59/80 VUs, 11090 complete and 0 interrupted iterations
gradual_ramp   [  46% ] 59/80 VUs  05m32.0s/12m00.0s

running (05m33.0s), 59/80 VUs, 11149 complete and 0 interrupted iterations
gradual_ramp   [  46% ] 59/80 VUs  05m33.0s/12m00.0s

running (05m34.0s), 59/80 VUs, 11215 complete and 0 interrupted iterations
gradual_ramp   [  46% ] 59/80 VUs  05m34.0s/12m00.0s

running (05m35.0s), 60/80 VUs, 11272 complete and 0 interrupted iterations
gradual_ramp   [  47% ] 60/80 VUs  05m35.0s/12m00.0s

running (05m36.0s), 60/80 VUs, 11334 complete and 0 interrupted iterations
gradual_ramp   [  47% ] 60/80 VUs  05m36.0s/12m00.0s

running (05m37.0s), 60/80 VUs, 11395 complete and 0 interrupted iterations
gradual_ramp   [  47% ] 60/80 VUs  05m37.0s/12m00.0s

running (05m38.0s), 60/80 VUs, 11450 complete and 0 interrupted iterations
gradual_ramp   [  47% ] 60/80 VUs  05m38.0s/12m00.0s

running (05m39.0s), 61/80 VUs, 11507 complete and 0 interrupted iterations
gradual_ramp   [  47% ] 61/80 VUs  05m39.0s/12m00.0s

running (05m40.0s), 61/80 VUs, 11565 complete and 0 interrupted iterations
gradual_ramp   [  47% ] 61/80 VUs  05m40.0s/12m00.0s

running (05m41.0s), 61/80 VUs, 11626 complete and 0 interrupted iterations
gradual_ramp   [  47% ] 61/80 VUs  05m41.0s/12m00.0s

running (05m42.0s), 61/80 VUs, 11678 complete and 0 interrupted iterations
gradual_ramp   [  47% ] 61/80 VUs  05m42.0s/12m00.0s

running (05m43.0s), 62/80 VUs, 11740 complete and 0 interrupted iterations
gradual_ramp   [  48% ] 62/80 VUs  05m43.0s/12m00.0s

running (05m44.0s), 62/80 VUs, 11794 complete and 0 interrupted iterations
gradual_ramp   [  48% ] 62/80 VUs  05m44.0s/12m00.0s

running (05m45.0s), 62/80 VUs, 11856 complete and 0 interrupted iterations
gradual_ramp   [  48% ] 62/80 VUs  05m45.0s/12m00.0s

running (05m46.0s), 62/80 VUs, 11909 complete and 0 interrupted iterations
gradual_ramp   [  48% ] 62/80 VUs  05m46.0s/12m00.0s

running (05m47.0s), 62/80 VUs, 11969 complete and 0 interrupted iterations
gradual_ramp   [  48% ] 62/80 VUs  05m47.0s/12m00.0s

running (05m48.0s), 63/80 VUs, 12026 complete and 0 interrupted iterations
gradual_ramp   [  48% ] 63/80 VUs  05m48.0s/12m00.0s

running (05m49.0s), 63/80 VUs, 12086 complete and 0 interrupted iterations
gradual_ramp   [  48% ] 63/80 VUs  05m49.0s/12m00.0s

running (05m50.0s), 63/80 VUs, 12142 complete and 0 interrupted iterations
gradual_ramp   [  49% ] 63/80 VUs  05m50.0s/12m00.0s

running (05m51.0s), 63/80 VUs, 12199 complete and 0 interrupted iterations
gradual_ramp   [  49% ] 63/80 VUs  05m51.0s/12m00.0s

running (05m52.0s), 64/80 VUs, 12260 complete and 0 interrupted iterations
gradual_ramp   [  49% ] 64/80 VUs  05m52.0s/12m00.0s

running (05m53.0s), 64/80 VUs, 12311 complete and 0 interrupted iterations
gradual_ramp   [  49% ] 64/80 VUs  05m53.0s/12m00.0s

running (05m54.0s), 64/80 VUs, 12367 complete and 0 interrupted iterations
gradual_ramp   [  49% ] 64/80 VUs  05m54.0s/12m00.0s

running (05m55.0s), 64/80 VUs, 12421 complete and 0 interrupted iterations
gradual_ramp   [  49% ] 64/80 VUs  05m55.0s/12m00.0s

running (05m56.0s), 65/80 VUs, 12475 complete and 0 interrupted iterations
gradual_ramp   [  49% ] 65/80 VUs  05m56.0s/12m00.0s

running (05m57.0s), 65/80 VUs, 12532 complete and 0 interrupted iterations
gradual_ramp   [  50% ] 65/80 VUs  05m57.0s/12m00.0s

running (05m58.0s), 65/80 VUs, 12590 complete and 0 interrupted iterations
gradual_ramp   [  50% ] 65/80 VUs  05m58.0s/12m00.0s

running (05m59.0s), 65/80 VUs, 12650 complete and 0 interrupted iterations
gradual_ramp   [  50% ] 65/80 VUs  05m59.0s/12m00.0s

running (06m00.0s), 65/80 VUs, 12706 complete and 0 interrupted iterations
gradual_ramp   [  50% ] 65/80 VUs  06m00.0s/12m00.0s

running (06m01.0s), 66/80 VUs, 12755 complete and 0 interrupted iterations
gradual_ramp   [  50% ] 66/80 VUs  06m01.0s/12m00.0s

running (06m02.0s), 66/80 VUs, 12823 complete and 0 interrupted iterations
gradual_ramp   [  50% ] 66/80 VUs  06m02.0s/12m00.0s

running (06m03.0s), 66/80 VUs, 12881 complete and 0 interrupted iterations
gradual_ramp   [  50% ] 66/80 VUs  06m03.0s/12m00.0s

running (06m04.0s), 66/80 VUs, 12940 complete and 0 interrupted iterations
gradual_ramp   [  51% ] 66/80 VUs  06m04.0s/12m00.0s

running (06m05.0s), 67/80 VUs, 12996 complete and 0 interrupted iterations
gradual_ramp   [  51% ] 67/80 VUs  06m05.0s/12m00.0s

running (06m06.0s), 67/80 VUs, 13054 complete and 0 interrupted iterations
gradual_ramp   [  51% ] 67/80 VUs  06m06.0s/12m00.0s

running (06m07.0s), 67/80 VUs, 13115 complete and 0 interrupted iterations
gradual_ramp   [  51% ] 67/80 VUs  06m07.0s/12m00.0s

running (06m08.0s), 67/80 VUs, 13178 complete and 0 interrupted iterations
gradual_ramp   [  51% ] 67/80 VUs  06m08.0s/12m00.0s

running (06m09.0s), 68/80 VUs, 13236 complete and 0 interrupted iterations
gradual_ramp   [  51% ] 68/80 VUs  06m09.0s/12m00.0s

running (06m10.0s), 68/80 VUs, 13296 complete and 0 interrupted iterations
gradual_ramp   [  51% ] 68/80 VUs  06m10.0s/12m00.0s

running (06m11.0s), 68/80 VUs, 13357 complete and 0 interrupted iterations
gradual_ramp   [  52% ] 68/80 VUs  06m11.0s/12m00.0s

running (06m12.0s), 68/80 VUs, 13419 complete and 0 interrupted iterations
gradual_ramp   [  52% ] 68/80 VUs  06m12.0s/12m00.0s

running (06m13.0s), 69/80 VUs, 13475 complete and 0 interrupted iterations
gradual_ramp   [  52% ] 69/80 VUs  06m13.0s/12m00.0s

running (06m14.0s), 69/80 VUs, 13540 complete and 0 interrupted iterations
gradual_ramp   [  52% ] 69/80 VUs  06m14.0s/12m00.0s

running (06m15.0s), 69/80 VUs, 13595 complete and 0 interrupted iterations
gradual_ramp   [  52% ] 69/80 VUs  06m15.0s/12m00.0s

running (06m16.0s), 69/80 VUs, 13660 complete and 0 interrupted iterations
gradual_ramp   [  52% ] 69/80 VUs  06m16.0s/12m00.0s

running (06m17.0s), 69/80 VUs, 13714 complete and 0 interrupted iterations
gradual_ramp   [  52% ] 69/80 VUs  06m17.0s/12m00.0s

running (06m18.0s), 70/80 VUs, 13780 complete and 0 interrupted iterations
gradual_ramp   [  52% ] 70/80 VUs  06m18.0s/12m00.0s

running (06m19.0s), 70/80 VUs, 13835 complete and 0 interrupted iterations
gradual_ramp   [  53% ] 70/80 VUs  06m19.0s/12m00.0s

running (06m20.0s), 70/80 VUs, 13895 complete and 0 interrupted iterations
gradual_ramp   [  53% ] 70/80 VUs  06m20.0s/12m00.0s

running (06m21.0s), 70/80 VUs, 13955 complete and 0 interrupted iterations
gradual_ramp   [  53% ] 70/80 VUs  06m21.0s/12m00.0s

running (06m22.0s), 71/80 VUs, 14017 complete and 0 interrupted iterations
gradual_ramp   [  53% ] 71/80 VUs  06m22.0s/12m00.0s

running (06m23.0s), 71/80 VUs, 14075 complete and 0 interrupted iterations
gradual_ramp   [  53% ] 71/80 VUs  06m23.0s/12m00.0s

running (06m24.0s), 71/80 VUs, 14142 complete and 0 interrupted iterations
gradual_ramp   [  53% ] 71/80 VUs  06m24.0s/12m00.0s

running (06m25.0s), 71/80 VUs, 14201 complete and 0 interrupted iterations
gradual_ramp   [  53% ] 71/80 VUs  06m25.0s/12m00.0s

running (06m26.0s), 72/80 VUs, 14268 complete and 0 interrupted iterations
gradual_ramp   [  54% ] 72/80 VUs  06m26.0s/12m00.0s

running (06m27.0s), 72/80 VUs, 14334 complete and 0 interrupted iterations
gradual_ramp   [  54% ] 72/80 VUs  06m27.0s/12m00.0s

running (06m28.0s), 72/80 VUs, 14395 complete and 0 interrupted iterations
gradual_ramp   [  54% ] 72/80 VUs  06m28.0s/12m00.0s

running (06m29.0s), 72/80 VUs, 14457 complete and 0 interrupted iterations
gradual_ramp   [  54% ] 72/80 VUs  06m29.0s/12m00.0s

running (06m30.0s), 72/80 VUs, 14522 complete and 0 interrupted iterations
gradual_ramp   [  54% ] 72/80 VUs  06m30.0s/12m00.0s

running (06m31.0s), 73/80 VUs, 14582 complete and 0 interrupted iterations
gradual_ramp   [  54% ] 73/80 VUs  06m31.0s/12m00.0s

running (06m32.0s), 73/80 VUs, 14652 complete and 0 interrupted iterations
gradual_ramp   [  54% ] 73/80 VUs  06m32.0s/12m00.0s

running (06m33.0s), 73/80 VUs, 14715 complete and 0 interrupted iterations
gradual_ramp   [  55% ] 73/80 VUs  06m33.0s/12m00.0s

running (06m34.0s), 73/80 VUs, 14783 complete and 0 interrupted iterations
gradual_ramp   [  55% ] 73/80 VUs  06m34.0s/12m00.0s

running (06m35.0s), 74/80 VUs, 14848 complete and 0 interrupted iterations
gradual_ramp   [  55% ] 74/80 VUs  06m35.0s/12m00.0s

running (06m36.0s), 74/80 VUs, 14910 complete and 0 interrupted iterations
gradual_ramp   [  55% ] 74/80 VUs  06m36.0s/12m00.0s

running (06m37.0s), 74/80 VUs, 14985 complete and 0 interrupted iterations
gradual_ramp   [  55% ] 74/80 VUs  06m37.0s/12m00.0s

running (06m38.0s), 74/80 VUs, 15049 complete and 0 interrupted iterations
gradual_ramp   [  55% ] 74/80 VUs  06m38.0s/12m00.0s

running (06m39.0s), 75/80 VUs, 15116 complete and 0 interrupted iterations
gradual_ramp   [  55% ] 75/80 VUs  06m39.0s/12m00.0s

running (06m40.0s), 75/80 VUs, 15182 complete and 0 interrupted iterations
gradual_ramp   [  56% ] 75/80 VUs  06m40.0s/12m00.0s

running (06m41.0s), 75/80 VUs, 15256 complete and 0 interrupted iterations
gradual_ramp   [  56% ] 75/80 VUs  06m41.0s/12m00.0s

running (06m42.0s), 75/80 VUs, 15326 complete and 0 interrupted iterations
gradual_ramp   [  56% ] 75/80 VUs  06m42.0s/12m00.0s

running (06m43.0s), 76/80 VUs, 15393 complete and 0 interrupted iterations
gradual_ramp   [  56% ] 76/80 VUs  06m43.0s/12m00.0s

running (06m44.0s), 76/80 VUs, 15459 complete and 0 interrupted iterations
gradual_ramp   [  56% ] 76/80 VUs  06m44.0s/12m00.0s

running (06m45.0s), 76/80 VUs, 15533 complete and 0 interrupted iterations
gradual_ramp   [  56% ] 76/80 VUs  06m45.0s/12m00.0s

running (06m46.0s), 76/80 VUs, 15601 complete and 0 interrupted iterations
gradual_ramp   [  56% ] 76/80 VUs  06m46.0s/12m00.0s

running (06m47.0s), 76/80 VUs, 15669 complete and 0 interrupted iterations
gradual_ramp   [  57% ] 76/80 VUs  06m47.0s/12m00.0s

running (06m48.0s), 77/80 VUs, 15745 complete and 0 interrupted iterations
gradual_ramp   [  57% ] 77/80 VUs  06m48.0s/12m00.0s

running (06m49.0s), 77/80 VUs, 15810 complete and 0 interrupted iterations
gradual_ramp   [  57% ] 77/80 VUs  06m49.0s/12m00.0s

running (06m50.0s), 77/80 VUs, 15881 complete and 0 interrupted iterations
gradual_ramp   [  57% ] 77/80 VUs  06m50.0s/12m00.0s

running (06m51.0s), 77/80 VUs, 15959 complete and 0 interrupted iterations
gradual_ramp   [  57% ] 77/80 VUs  06m51.0s/12m00.0s

running (06m52.0s), 78/80 VUs, 16028 complete and 0 interrupted iterations
gradual_ramp   [  57% ] 78/80 VUs  06m52.0s/12m00.0s

running (06m53.0s), 78/80 VUs, 16103 complete and 0 interrupted iterations
gradual_ramp   [  57% ] 78/80 VUs  06m53.0s/12m00.0s

running (06m54.0s), 78/80 VUs, 16174 complete and 0 interrupted iterations
gradual_ramp   [  57% ] 78/80 VUs  06m54.0s/12m00.0s

running (06m55.0s), 78/80 VUs, 16240 complete and 0 interrupted iterations
gradual_ramp   [  58% ] 78/80 VUs  06m55.0s/12m00.0s

running (06m56.0s), 79/80 VUs, 16316 complete and 0 interrupted iterations
gradual_ramp   [  58% ] 79/80 VUs  06m56.0s/12m00.0s

running (06m57.0s), 79/80 VUs, 16388 complete and 0 interrupted iterations
gradual_ramp   [  58% ] 79/80 VUs  06m57.0s/12m00.0s

running (06m58.0s), 79/80 VUs, 16465 complete and 0 interrupted iterations
gradual_ramp   [  58% ] 79/80 VUs  06m58.0s/12m00.0s

running (06m59.0s), 79/80 VUs, 16535 complete and 0 interrupted iterations
gradual_ramp   [  58% ] 79/80 VUs  06m59.0s/12m00.0s

running (07m00.0s), 79/80 VUs, 16610 complete and 0 interrupted iterations
gradual_ramp   [  58% ] 79/80 VUs  07m00.0s/12m00.0s

running (07m01.0s), 80/80 VUs, 16684 complete and 0 interrupted iterations
gradual_ramp   [  58% ] 80/80 VUs  07m01.0s/12m00.0s

running (07m02.0s), 80/80 VUs, 16759 complete and 0 interrupted iterations
gradual_ramp   [  59% ] 80/80 VUs  07m02.0s/12m00.0s

running (07m03.0s), 80/80 VUs, 16839 complete and 0 interrupted iterations
gradual_ramp   [  59% ] 80/80 VUs  07m03.0s/12m00.0s

running (07m04.0s), 80/80 VUs, 16914 complete and 0 interrupted iterations
gradual_ramp   [  59% ] 80/80 VUs  07m04.0s/12m00.0s

running (07m05.0s), 80/80 VUs, 16993 complete and 0 interrupted iterations
gradual_ramp   [  59% ] 80/80 VUs  07m05.0s/12m00.0s

running (07m06.0s), 80/80 VUs, 17063 complete and 0 interrupted iterations
gradual_ramp   [  59% ] 80/80 VUs  07m06.0s/12m00.0s

running (07m07.0s), 80/80 VUs, 17137 complete and 0 interrupted iterations
gradual_ramp   [  59% ] 80/80 VUs  07m07.0s/12m00.0s

running (07m08.0s), 80/80 VUs, 17221 complete and 0 interrupted iterations
gradual_ramp   [  59% ] 80/80 VUs  07m08.0s/12m00.0s

running (07m09.0s), 80/80 VUs, 17297 complete and 0 interrupted iterations
gradual_ramp   [  60% ] 80/80 VUs  07m09.0s/12m00.0s

running (07m10.0s), 80/80 VUs, 17371 complete and 0 interrupted iterations
gradual_ramp   [  60% ] 80/80 VUs  07m10.0s/12m00.0s

running (07m11.0s), 80/80 VUs, 17446 complete and 0 interrupted iterations
gradual_ramp   [  60% ] 80/80 VUs  07m11.0s/12m00.0s

running (07m12.0s), 80/80 VUs, 17519 complete and 0 interrupted iterations
gradual_ramp   [  60% ] 80/80 VUs  07m12.0s/12m00.0s

running (07m13.0s), 80/80 VUs, 17596 complete and 0 interrupted iterations
gradual_ramp   [  60% ] 80/80 VUs  07m13.0s/12m00.0s

running (07m14.0s), 80/80 VUs, 17678 complete and 0 interrupted iterations
gradual_ramp   [  60% ] 80/80 VUs  07m14.0s/12m00.0s

running (07m15.0s), 80/80 VUs, 17752 complete and 0 interrupted iterations
gradual_ramp   [  60% ] 80/80 VUs  07m15.0s/12m00.0s

running (07m16.0s), 80/80 VUs, 17831 complete and 0 interrupted iterations
gradual_ramp   [  61% ] 80/80 VUs  07m16.0s/12m00.0s

running (07m17.0s), 80/80 VUs, 17900 complete and 0 interrupted iterations
gradual_ramp   [  61% ] 80/80 VUs  07m17.0s/12m00.0s

running (07m18.0s), 80/80 VUs, 17979 complete and 0 interrupted iterations
gradual_ramp   [  61% ] 80/80 VUs  07m18.0s/12m00.0s

running (07m19.0s), 80/80 VUs, 18058 complete and 0 interrupted iterations
gradual_ramp   [  61% ] 80/80 VUs  07m19.0s/12m00.0s

running (07m20.0s), 80/80 VUs, 18133 complete and 0 interrupted iterations
gradual_ramp   [  61% ] 80/80 VUs  07m20.0s/12m00.0s

running (07m21.0s), 80/80 VUs, 18212 complete and 0 interrupted iterations
gradual_ramp   [  61% ] 80/80 VUs  07m21.0s/12m00.0s

running (07m22.0s), 80/80 VUs, 18286 complete and 0 interrupted iterations
gradual_ramp   [  61% ] 80/80 VUs  07m22.0s/12m00.0s

running (07m23.0s), 80/80 VUs, 18357 complete and 0 interrupted iterations
gradual_ramp   [  62% ] 80/80 VUs  07m23.0s/12m00.0s

running (07m24.0s), 80/80 VUs, 18439 complete and 0 interrupted iterations
gradual_ramp   [  62% ] 80/80 VUs  07m24.0s/12m00.0s

running (07m25.0s), 80/80 VUs, 18514 complete and 0 interrupted iterations
gradual_ramp   [  62% ] 80/80 VUs  07m25.0s/12m00.0s

running (07m26.0s), 80/80 VUs, 18593 complete and 0 interrupted iterations
gradual_ramp   [  62% ] 80/80 VUs  07m26.0s/12m00.0s

running (07m27.0s), 80/80 VUs, 18661 complete and 0 interrupted iterations
gradual_ramp   [  62% ] 80/80 VUs  07m27.0s/12m00.0s

running (07m28.0s), 80/80 VUs, 18738 complete and 0 interrupted iterations
gradual_ramp   [  62% ] 80/80 VUs  07m28.0s/12m00.0s

running (07m29.0s), 80/80 VUs, 18816 complete and 0 interrupted iterations
gradual_ramp   [  62% ] 80/80 VUs  07m29.0s/12m00.0s

running (07m30.0s), 80/80 VUs, 18887 complete and 0 interrupted iterations
gradual_ramp   [  62% ] 80/80 VUs  07m30.0s/12m00.0s

running (07m31.0s), 80/80 VUs, 18966 complete and 0 interrupted iterations
gradual_ramp   [  63% ] 80/80 VUs  07m31.0s/12m00.0s

running (07m32.0s), 80/80 VUs, 19038 complete and 0 interrupted iterations
gradual_ramp   [  63% ] 80/80 VUs  07m32.0s/12m00.0s

running (07m33.0s), 80/80 VUs, 19119 complete and 0 interrupted iterations
gradual_ramp   [  63% ] 80/80 VUs  07m33.0s/12m00.0s

running (07m34.0s), 80/80 VUs, 19193 complete and 0 interrupted iterations
gradual_ramp   [  63% ] 80/80 VUs  07m34.0s/12m00.0s

running (07m35.0s), 80/80 VUs, 19269 complete and 0 interrupted iterations
gradual_ramp   [  63% ] 80/80 VUs  07m35.0s/12m00.0s

running (07m36.0s), 80/80 VUs, 19340 complete and 0 interrupted iterations
gradual_ramp   [  63% ] 80/80 VUs  07m36.0s/12m00.0s

running (07m37.0s), 80/80 VUs, 19418 complete and 0 interrupted iterations
gradual_ramp   [  63% ] 80/80 VUs  07m37.0s/12m00.0s

running (07m38.0s), 80/80 VUs, 19500 complete and 0 interrupted iterations
gradual_ramp   [  64% ] 80/80 VUs  07m38.0s/12m00.0s

running (07m39.0s), 80/80 VUs, 19569 complete and 0 interrupted iterations
gradual_ramp   [  64% ] 80/80 VUs  07m39.0s/12m00.0s

running (07m40.0s), 80/80 VUs, 19650 complete and 0 interrupted iterations
gradual_ramp   [  64% ] 80/80 VUs  07m40.0s/12m00.0s

running (07m41.0s), 80/80 VUs, 19718 complete and 0 interrupted iterations
gradual_ramp   [  64% ] 80/80 VUs  07m41.0s/12m00.0s

running (07m42.0s), 80/80 VUs, 19798 complete and 0 interrupted iterations
gradual_ramp   [  64% ] 80/80 VUs  07m42.0s/12m00.0s

running (07m43.0s), 80/80 VUs, 19876 complete and 0 interrupted iterations
gradual_ramp   [  64% ] 80/80 VUs  07m43.0s/12m00.0s

running (07m44.0s), 80/80 VUs, 19956 complete and 0 interrupted iterations
gradual_ramp   [  64% ] 80/80 VUs  07m44.0s/12m00.0s

running (07m45.0s), 80/80 VUs, 20027 complete and 0 interrupted iterations
gradual_ramp   [  65% ] 80/80 VUs  07m45.0s/12m00.0s

running (07m46.0s), 80/80 VUs, 20114 complete and 0 interrupted iterations
gradual_ramp   [  65% ] 80/80 VUs  07m46.0s/12m00.0s

running (07m47.0s), 80/80 VUs, 20189 complete and 0 interrupted iterations
gradual_ramp   [  65% ] 80/80 VUs  07m47.0s/12m00.0s

running (07m48.0s), 80/80 VUs, 20261 complete and 0 interrupted iterations
gradual_ramp   [  65% ] 80/80 VUs  07m48.0s/12m00.0s

running (07m49.0s), 80/80 VUs, 20336 complete and 0 interrupted iterations
gradual_ramp   [  65% ] 80/80 VUs  07m49.0s/12m00.0s

running (07m50.0s), 80/80 VUs, 20409 complete and 0 interrupted iterations
gradual_ramp   [  65% ] 80/80 VUs  07m50.0s/12m00.0s

running (07m51.0s), 80/80 VUs, 20482 complete and 0 interrupted iterations
gradual_ramp   [  65% ] 80/80 VUs  07m51.0s/12m00.0s

running (07m52.0s), 80/80 VUs, 20562 complete and 0 interrupted iterations
gradual_ramp   [  66% ] 80/80 VUs  07m52.0s/12m00.0s

running (07m53.0s), 80/80 VUs, 20631 complete and 0 interrupted iterations
gradual_ramp   [  66% ] 80/80 VUs  07m53.0s/12m00.0s

running (07m54.0s), 80/80 VUs, 20720 complete and 0 interrupted iterations
gradual_ramp   [  66% ] 80/80 VUs  07m54.0s/12m00.0s

running (07m55.0s), 80/80 VUs, 20788 complete and 0 interrupted iterations
gradual_ramp   [  66% ] 80/80 VUs  07m55.0s/12m00.0s

running (07m56.0s), 80/80 VUs, 20862 complete and 0 interrupted iterations
gradual_ramp   [  66% ] 80/80 VUs  07m56.0s/12m00.0s

running (07m57.0s), 80/80 VUs, 20945 complete and 0 interrupted iterations
gradual_ramp   [  66% ] 80/80 VUs  07m57.0s/12m00.0s

running (07m58.0s), 80/80 VUs, 21018 complete and 0 interrupted iterations
gradual_ramp   [  66% ] 80/80 VUs  07m58.0s/12m00.0s

running (07m59.0s), 80/80 VUs, 21091 complete and 0 interrupted iterations
gradual_ramp   [  67% ] 80/80 VUs  07m59.0s/12m00.0s

running (08m00.0s), 80/80 VUs, 21172 complete and 0 interrupted iterations
gradual_ramp   [  67% ] 80/80 VUs  08m00.0s/12m00.0s

running (08m01.0s), 80/80 VUs, 21248 complete and 0 interrupted iterations
gradual_ramp   [  67% ] 80/80 VUs  08m01.0s/12m00.0s

running (08m02.0s), 80/80 VUs, 21325 complete and 0 interrupted iterations
gradual_ramp   [  67% ] 80/80 VUs  08m02.0s/12m00.0s

running (08m03.0s), 80/80 VUs, 21398 complete and 0 interrupted iterations
gradual_ramp   [  67% ] 80/80 VUs  08m03.0s/12m00.0s

running (08m04.0s), 80/80 VUs, 21479 complete and 0 interrupted iterations
gradual_ramp   [  67% ] 80/80 VUs  08m04.0s/12m00.0s

running (08m05.0s), 80/80 VUs, 21546 complete and 0 interrupted iterations
gradual_ramp   [  67% ] 80/80 VUs  08m05.0s/12m00.0s

running (08m06.0s), 80/80 VUs, 21629 complete and 0 interrupted iterations
gradual_ramp   [  67% ] 80/80 VUs  08m06.0s/12m00.0s

running (08m07.0s), 80/80 VUs, 21703 complete and 0 interrupted iterations
gradual_ramp   [  68% ] 80/80 VUs  08m07.0s/12m00.0s

running (08m08.0s), 80/80 VUs, 21776 complete and 0 interrupted iterations
gradual_ramp   [  68% ] 80/80 VUs  08m08.0s/12m00.0s

running (08m09.0s), 80/80 VUs, 21858 complete and 0 interrupted iterations
gradual_ramp   [  68% ] 80/80 VUs  08m09.0s/12m00.0s

running (08m10.0s), 80/80 VUs, 21931 complete and 0 interrupted iterations
gradual_ramp   [  68% ] 80/80 VUs  08m10.0s/12m00.0s

running (08m11.0s), 80/80 VUs, 22013 complete and 0 interrupted iterations
gradual_ramp   [  68% ] 80/80 VUs  08m11.0s/12m00.0s

running (08m12.0s), 80/80 VUs, 22086 complete and 0 interrupted iterations
gradual_ramp   [  68% ] 80/80 VUs  08m12.0s/12m00.0s

running (08m13.0s), 80/80 VUs, 22162 complete and 0 interrupted iterations
gradual_ramp   [  68% ] 80/80 VUs  08m13.0s/12m00.0s

running (08m14.0s), 80/80 VUs, 22237 complete and 0 interrupted iterations
gradual_ramp   [  69% ] 80/80 VUs  08m14.0s/12m00.0s

running (08m15.0s), 80/80 VUs, 22318 complete and 0 interrupted iterations
gradual_ramp   [  69% ] 80/80 VUs  08m15.0s/12m00.0s

running (08m16.0s), 80/80 VUs, 22391 complete and 0 interrupted iterations
gradual_ramp   [  69% ] 80/80 VUs  08m16.0s/12m00.0s

running (08m17.0s), 80/80 VUs, 22463 complete and 0 interrupted iterations
gradual_ramp   [  69% ] 80/80 VUs  08m17.0s/12m00.0s

running (08m18.0s), 80/80 VUs, 22543 complete and 0 interrupted iterations
gradual_ramp   [  69% ] 80/80 VUs  08m18.0s/12m00.0s

running (08m19.0s), 80/80 VUs, 22613 complete and 0 interrupted iterations
gradual_ramp   [  69% ] 80/80 VUs  08m19.0s/12m00.0s

running (08m20.0s), 80/80 VUs, 22692 complete and 0 interrupted iterations
gradual_ramp   [  69% ] 80/80 VUs  08m20.0s/12m00.0s

running (08m21.0s), 80/80 VUs, 22768 complete and 0 interrupted iterations
gradual_ramp   [  70% ] 80/80 VUs  08m21.0s/12m00.0s

running (08m22.0s), 80/80 VUs, 22845 complete and 0 interrupted iterations
gradual_ramp   [  70% ] 80/80 VUs  08m22.0s/12m00.0s

running (08m23.0s), 80/80 VUs, 22924 complete and 0 interrupted iterations
gradual_ramp   [  70% ] 80/80 VUs  08m23.0s/12m00.0s

running (08m24.0s), 80/80 VUs, 22999 complete and 0 interrupted iterations
gradual_ramp   [  70% ] 80/80 VUs  08m24.0s/12m00.0s

running (08m25.0s), 80/80 VUs, 23078 complete and 0 interrupted iterations
gradual_ramp   [  70% ] 80/80 VUs  08m25.0s/12m00.0s

running (08m26.0s), 80/80 VUs, 23149 complete and 0 interrupted iterations
gradual_ramp   [  70% ] 80/80 VUs  08m26.0s/12m00.0s

running (08m27.0s), 80/80 VUs, 23228 complete and 0 interrupted iterations
gradual_ramp   [  70% ] 80/80 VUs  08m27.0s/12m00.0s

running (08m28.0s), 80/80 VUs, 23303 complete and 0 interrupted iterations
gradual_ramp   [  71% ] 80/80 VUs  08m28.0s/12m00.0s

running (08m29.0s), 80/80 VUs, 23383 complete and 0 interrupted iterations
gradual_ramp   [  71% ] 80/80 VUs  08m29.0s/12m00.0s

running (08m30.0s), 80/80 VUs, 23453 complete and 0 interrupted iterations
gradual_ramp   [  71% ] 80/80 VUs  08m30.0s/12m00.0s

running (08m31.0s), 80/80 VUs, 23535 complete and 0 interrupted iterations
gradual_ramp   [  71% ] 80/80 VUs  08m31.0s/12m00.0s

running (08m32.0s), 80/80 VUs, 23609 complete and 0 interrupted iterations
gradual_ramp   [  71% ] 80/80 VUs  08m32.0s/12m00.0s

running (08m33.0s), 80/80 VUs, 23681 complete and 0 interrupted iterations
gradual_ramp   [  71% ] 80/80 VUs  08m33.0s/12m00.0s

running (08m34.0s), 80/80 VUs, 23761 complete and 0 interrupted iterations
gradual_ramp   [  71% ] 80/80 VUs  08m34.0s/12m00.0s

running (08m35.0s), 80/80 VUs, 23831 complete and 0 interrupted iterations
gradual_ramp   [  72% ] 80/80 VUs  08m35.0s/12m00.0s

running (08m36.0s), 80/80 VUs, 23912 complete and 0 interrupted iterations
gradual_ramp   [  72% ] 80/80 VUs  08m36.0s/12m00.0s

running (08m37.0s), 80/80 VUs, 23983 complete and 0 interrupted iterations
gradual_ramp   [  72% ] 80/80 VUs  08m37.0s/12m00.0s

running (08m38.0s), 80/80 VUs, 24065 complete and 0 interrupted iterations
gradual_ramp   [  72% ] 80/80 VUs  08m38.0s/12m00.0s

running (08m39.0s), 80/80 VUs, 24139 complete and 0 interrupted iterations
gradual_ramp   [  72% ] 80/80 VUs  08m39.0s/12m00.0s

running (08m40.0s), 80/80 VUs, 24213 complete and 0 interrupted iterations
gradual_ramp   [  72% ] 80/80 VUs  08m40.0s/12m00.0s

running (08m41.0s), 80/80 VUs, 24287 complete and 0 interrupted iterations
gradual_ramp   [  72% ] 80/80 VUs  08m41.0s/12m00.0s

running (08m42.0s), 80/80 VUs, 24364 complete and 0 interrupted iterations
gradual_ramp   [  72% ] 80/80 VUs  08m42.0s/12m00.0s

running (08m43.0s), 80/80 VUs, 24432 complete and 0 interrupted iterations
gradual_ramp   [  73% ] 80/80 VUs  08m43.0s/12m00.0s

running (08m44.0s), 80/80 VUs, 24517 complete and 0 interrupted iterations
gradual_ramp   [  73% ] 80/80 VUs  08m44.0s/12m00.0s

running (08m45.0s), 80/80 VUs, 24588 complete and 0 interrupted iterations
gradual_ramp   [  73% ] 80/80 VUs  08m45.0s/12m00.0s

running (08m46.0s), 80/80 VUs, 24668 complete and 0 interrupted iterations
gradual_ramp   [  73% ] 80/80 VUs  08m46.0s/12m00.0s

running (08m47.0s), 80/80 VUs, 24743 complete and 0 interrupted iterations
gradual_ramp   [  73% ] 80/80 VUs  08m47.0s/12m00.0s

running (08m48.0s), 80/80 VUs, 24812 complete and 0 interrupted iterations
gradual_ramp   [  73% ] 80/80 VUs  08m48.0s/12m00.0s

running (08m49.0s), 80/80 VUs, 24892 complete and 0 interrupted iterations
gradual_ramp   [  73% ] 80/80 VUs  08m49.0s/12m00.0s

running (08m50.0s), 80/80 VUs, 24964 complete and 0 interrupted iterations
gradual_ramp   [  74% ] 80/80 VUs  08m50.0s/12m00.0s

running (08m51.0s), 80/80 VUs, 25050 complete and 0 interrupted iterations
gradual_ramp   [  74% ] 80/80 VUs  08m51.0s/12m00.0s

running (08m52.0s), 80/80 VUs, 25123 complete and 0 interrupted iterations
gradual_ramp   [  74% ] 80/80 VUs  08m52.0s/12m00.0s

running (08m53.0s), 80/80 VUs, 25198 complete and 0 interrupted iterations
gradual_ramp   [  74% ] 80/80 VUs  08m53.0s/12m00.0s

running (08m54.0s), 80/80 VUs, 25274 complete and 0 interrupted iterations
gradual_ramp   [  74% ] 80/80 VUs  08m54.0s/12m00.0s

running (08m55.0s), 80/80 VUs, 25346 complete and 0 interrupted iterations
gradual_ramp   [  74% ] 80/80 VUs  08m55.0s/12m00.0s

running (08m56.0s), 80/80 VUs, 25425 complete and 0 interrupted iterations
gradual_ramp   [  74% ] 80/80 VUs  08m56.0s/12m00.0s

running (08m57.0s), 80/80 VUs, 25503 complete and 0 interrupted iterations
gradual_ramp   [  75% ] 80/80 VUs  08m57.0s/12m00.0s

running (08m58.0s), 80/80 VUs, 25570 complete and 0 interrupted iterations
gradual_ramp   [  75% ] 80/80 VUs  08m58.0s/12m00.0s

running (08m59.0s), 80/80 VUs, 25657 complete and 0 interrupted iterations
gradual_ramp   [  75% ] 80/80 VUs  08m59.0s/12m00.0s

running (09m00.0s), 80/80 VUs, 25733 complete and 0 interrupted iterations
gradual_ramp   [  75% ] 80/80 VUs  09m00.0s/12m00.0s

running (09m01.0s), 80/80 VUs, 25806 complete and 0 interrupted iterations
gradual_ramp   [  75% ] 80/80 VUs  09m01.0s/12m00.0s

running (09m02.0s), 80/80 VUs, 25886 complete and 0 interrupted iterations
gradual_ramp   [  75% ] 80/80 VUs  09m02.0s/12m00.0s

running (09m03.0s), 79/80 VUs, 25961 complete and 0 interrupted iterations
gradual_ramp   [  75% ] 79/80 VUs  09m03.0s/12m00.0s

running (09m04.0s), 79/80 VUs, 26040 complete and 0 interrupted iterations
gradual_ramp   [  76% ] 79/80 VUs  09m04.0s/12m00.0s

running (09m05.0s), 78/80 VUs, 26112 complete and 0 interrupted iterations
gradual_ramp   [  76% ] 78/80 VUs  09m05.0s/12m00.0s

running (09m06.0s), 78/80 VUs, 26194 complete and 0 interrupted iterations
gradual_ramp   [  76% ] 78/80 VUs  09m06.0s/12m00.0s

running (09m07.0s), 78/80 VUs, 26260 complete and 0 interrupted iterations
gradual_ramp   [  76% ] 78/80 VUs  09m07.0s/12m00.0s

running (09m08.0s), 77/80 VUs, 26337 complete and 0 interrupted iterations
gradual_ramp   [  76% ] 77/80 VUs  09m08.0s/12m00.0s

running (09m09.0s), 77/80 VUs, 26409 complete and 0 interrupted iterations
gradual_ramp   [  76% ] 77/80 VUs  09m09.0s/12m00.0s

running (09m10.0s), 76/80 VUs, 26478 complete and 0 interrupted iterations
gradual_ramp   [  76% ] 76/80 VUs  09m10.0s/12m00.0s

running (09m11.0s), 76/80 VUs, 26554 complete and 0 interrupted iterations
gradual_ramp   [  77% ] 76/80 VUs  09m11.0s/12m00.0s

running (09m12.0s), 75/80 VUs, 26622 complete and 0 interrupted iterations
gradual_ramp   [  77% ] 75/80 VUs  09m12.0s/12m00.0s

running (09m13.0s), 75/80 VUs, 26686 complete and 0 interrupted iterations
gradual_ramp   [  77% ] 75/80 VUs  09m13.0s/12m00.0s

running (09m14.0s), 74/80 VUs, 26760 complete and 0 interrupted iterations
gradual_ramp   [  77% ] 74/80 VUs  09m14.0s/12m00.0s

running (09m15.0s), 74/80 VUs, 26823 complete and 0 interrupted iterations
gradual_ramp   [  77% ] 74/80 VUs  09m15.0s/12m00.0s

running (09m16.0s), 73/80 VUs, 26898 complete and 0 interrupted iterations
gradual_ramp   [  77% ] 73/80 VUs  09m16.0s/12m00.0s

running (09m17.0s), 73/80 VUs, 26954 complete and 0 interrupted iterations
gradual_ramp   [  77% ] 73/80 VUs  09m17.0s/12m00.0s

running (09m18.0s), 73/80 VUs, 27025 complete and 0 interrupted iterations
gradual_ramp   [  77% ] 73/80 VUs  09m18.0s/12m00.0s

running (09m19.0s), 72/80 VUs, 27089 complete and 0 interrupted iterations
gradual_ramp   [  78% ] 72/80 VUs  09m19.0s/12m00.0s

running (09m20.0s), 72/80 VUs, 27155 complete and 0 interrupted iterations
gradual_ramp   [  78% ] 72/80 VUs  09m20.0s/12m00.0s

running (09m21.0s), 71/80 VUs, 27224 complete and 0 interrupted iterations
gradual_ramp   [  78% ] 71/80 VUs  09m21.0s/12m00.0s

running (09m22.0s), 71/80 VUs, 27287 complete and 0 interrupted iterations
gradual_ramp   [  78% ] 71/80 VUs  09m22.0s/12m00.0s

running (09m23.0s), 70/80 VUs, 27350 complete and 0 interrupted iterations
gradual_ramp   [  78% ] 70/80 VUs  09m23.0s/12m00.0s

running (09m24.0s), 70/80 VUs, 27408 complete and 0 interrupted iterations
gradual_ramp   [  78% ] 70/80 VUs  09m24.0s/12m00.0s

running (09m25.0s), 70/80 VUs, 27479 complete and 0 interrupted iterations
gradual_ramp   [  78% ] 70/80 VUs  09m25.0s/12m00.0s

running (09m26.0s), 69/80 VUs, 27540 complete and 0 interrupted iterations
gradual_ramp   [  79% ] 69/80 VUs  09m26.0s/12m00.0s

running (09m27.0s), 69/80 VUs, 27599 complete and 0 interrupted iterations
gradual_ramp   [  79% ] 69/80 VUs  09m27.0s/12m00.0s

running (09m28.0s), 68/80 VUs, 27656 complete and 0 interrupted iterations
gradual_ramp   [  79% ] 68/80 VUs  09m28.0s/12m00.0s

running (09m29.0s), 68/80 VUs, 27715 complete and 0 interrupted iterations
gradual_ramp   [  79% ] 68/80 VUs  09m29.0s/12m00.0s

running (09m30.0s), 68/80 VUs, 27775 complete and 0 interrupted iterations
gradual_ramp   [  79% ] 68/80 VUs  09m30.0s/12m00.0s

running (09m31.0s), 67/80 VUs, 27836 complete and 0 interrupted iterations
gradual_ramp   [  79% ] 67/80 VUs  09m31.0s/12m00.0s

running (09m32.0s), 67/80 VUs, 27898 complete and 0 interrupted iterations
gradual_ramp   [  79% ] 67/80 VUs  09m32.0s/12m00.0s

running (09m33.0s), 66/80 VUs, 27960 complete and 0 interrupted iterations
gradual_ramp   [  80% ] 66/80 VUs  09m33.0s/12m00.0s

running (09m34.0s), 65/80 VUs, 28014 complete and 0 interrupted iterations
gradual_ramp   [  80% ] 65/80 VUs  09m34.0s/12m00.0s

running (09m35.0s), 65/80 VUs, 28071 complete and 0 interrupted iterations
gradual_ramp   [  80% ] 65/80 VUs  09m35.0s/12m00.0s

running (09m36.0s), 65/80 VUs, 28132 complete and 0 interrupted iterations
gradual_ramp   [  80% ] 65/80 VUs  09m36.0s/12m00.0s

running (09m37.0s), 64/80 VUs, 28189 complete and 0 interrupted iterations
gradual_ramp   [  80% ] 64/80 VUs  09m37.0s/12m00.0s

running (09m38.0s), 64/80 VUs, 28249 complete and 0 interrupted iterations
gradual_ramp   [  80% ] 64/80 VUs  09m38.0s/12m00.0s

running (09m39.0s), 63/80 VUs, 28303 complete and 0 interrupted iterations
gradual_ramp   [  80% ] 63/80 VUs  09m39.0s/12m00.0s

running (09m40.0s), 63/80 VUs, 28358 complete and 0 interrupted iterations
gradual_ramp   [  81% ] 63/80 VUs  09m40.0s/12m00.0s

running (09m41.0s), 62/80 VUs, 28414 complete and 0 interrupted iterations
gradual_ramp   [  81% ] 62/80 VUs  09m41.0s/12m00.0s

running (09m42.0s), 62/80 VUs, 28472 complete and 0 interrupted iterations
gradual_ramp   [  81% ] 62/80 VUs  09m42.0s/12m00.0s

running (09m43.0s), 62/80 VUs, 28526 complete and 0 interrupted iterations
gradual_ramp   [  81% ] 62/80 VUs  09m43.0s/12m00.0s

running (09m44.0s), 61/80 VUs, 28582 complete and 0 interrupted iterations
gradual_ramp   [  81% ] 61/80 VUs  09m44.0s/12m00.0s

running (09m45.0s), 61/80 VUs, 28636 complete and 0 interrupted iterations
gradual_ramp   [  81% ] 61/80 VUs  09m45.0s/12m00.0s

running (09m46.0s), 60/80 VUs, 28701 complete and 0 interrupted iterations
gradual_ramp   [  81% ] 60/80 VUs  09m46.0s/12m00.0s

running (09m47.0s), 60/80 VUs, 28757 complete and 0 interrupted iterations
gradual_ramp   [  82% ] 60/80 VUs  09m47.0s/12m00.0s

running (09m48.0s), 59/80 VUs, 28814 complete and 0 interrupted iterations
gradual_ramp   [  82% ] 59/80 VUs  09m48.0s/12m00.0s

running (09m49.0s), 59/80 VUs, 28875 complete and 0 interrupted iterations
gradual_ramp   [  82% ] 59/80 VUs  09m49.0s/12m00.0s

running (09m50.0s), 59/80 VUs, 28940 complete and 0 interrupted iterations
gradual_ramp   [  82% ] 59/80 VUs  09m50.0s/12m00.0s

running (09m51.0s), 58/80 VUs, 28997 complete and 0 interrupted iterations
gradual_ramp   [  82% ] 58/80 VUs  09m51.0s/12m00.0s

running (09m52.0s), 58/80 VUs, 29065 complete and 0 interrupted iterations
gradual_ramp   [  82% ] 58/80 VUs  09m52.0s/12m00.0s

running (09m53.0s), 57/80 VUs, 29128 complete and 0 interrupted iterations
gradual_ramp   [  82% ] 57/80 VUs  09m53.0s/12m00.0s

running (09m54.0s), 57/80 VUs, 29190 complete and 0 interrupted iterations
gradual_ramp   [  82% ] 57/80 VUs  09m54.0s/12m00.0s

running (09m55.0s), 56/80 VUs, 29253 complete and 0 interrupted iterations
gradual_ramp   [  83% ] 56/80 VUs  09m55.0s/12m00.0s

running (09m56.0s), 56/80 VUs, 29313 complete and 0 interrupted iterations
gradual_ramp   [  83% ] 56/80 VUs  09m56.0s/12m00.0s

running (09m57.0s), 55/80 VUs, 29370 complete and 0 interrupted iterations
gradual_ramp   [  83% ] 55/80 VUs  09m57.0s/12m00.0s

running (09m58.0s), 55/80 VUs, 29434 complete and 0 interrupted iterations
gradual_ramp   [  83% ] 55/80 VUs  09m58.0s/12m00.0s

running (09m59.0s), 55/80 VUs, 29489 complete and 0 interrupted iterations
gradual_ramp   [  83% ] 55/80 VUs  09m59.0s/12m00.0s

running (10m00.0s), 54/80 VUs, 29550 complete and 0 interrupted iterations
gradual_ramp   [  83% ] 54/80 VUs  10m00.0s/12m00.0s

running (10m01.0s), 53/80 VUs, 29610 complete and 0 interrupted iterations
gradual_ramp   [  83% ] 53/80 VUs  10m01.0s/12m00.0s

running (10m02.0s), 53/80 VUs, 29671 complete and 0 interrupted iterations
gradual_ramp   [  84% ] 53/80 VUs  10m02.0s/12m00.0s

running (10m03.0s), 53/80 VUs, 29732 complete and 0 interrupted iterations
gradual_ramp   [  84% ] 53/80 VUs  10m03.0s/12m00.0s

running (10m04.0s), 52/80 VUs, 29794 complete and 0 interrupted iterations
gradual_ramp   [  84% ] 52/80 VUs  10m04.0s/12m00.0s

running (10m05.0s), 52/80 VUs, 29847 complete and 0 interrupted iterations
gradual_ramp   [  84% ] 52/80 VUs  10m05.0s/12m00.0s

running (10m06.0s), 51/80 VUs, 29912 complete and 0 interrupted iterations
gradual_ramp   [  84% ] 51/80 VUs  10m06.0s/12m00.0s

running (10m07.0s), 51/80 VUs, 29972 complete and 0 interrupted iterations
gradual_ramp   [  84% ] 51/80 VUs  10m07.0s/12m00.0s

running (10m08.0s), 50/80 VUs, 30038 complete and 0 interrupted iterations
gradual_ramp   [  84% ] 50/80 VUs  10m08.0s/12m00.0s

running (10m09.0s), 50/80 VUs, 30095 complete and 0 interrupted iterations
gradual_ramp   [  85% ] 50/80 VUs  10m09.0s/12m00.0s

running (10m10.0s), 49/80 VUs, 30161 complete and 0 interrupted iterations
gradual_ramp   [  85% ] 49/80 VUs  10m10.0s/12m00.0s

running (10m11.0s), 49/80 VUs, 30220 complete and 0 interrupted iterations
gradual_ramp   [  85% ] 49/80 VUs  10m11.0s/12m00.0s

running (10m12.0s), 49/80 VUs, 30281 complete and 0 interrupted iterations
gradual_ramp   [  85% ] 49/80 VUs  10m12.0s/12m00.0s

running (10m13.0s), 48/80 VUs, 30343 complete and 0 interrupted iterations
gradual_ramp   [  85% ] 48/80 VUs  10m13.0s/12m00.0s

running (10m14.0s), 48/80 VUs, 30408 complete and 0 interrupted iterations
gradual_ramp   [  85% ] 48/80 VUs  10m14.0s/12m00.0s

running (10m15.0s), 47/80 VUs, 30468 complete and 0 interrupted iterations
gradual_ramp   [  85% ] 47/80 VUs  10m15.0s/12m00.0s

running (10m16.0s), 47/80 VUs, 30527 complete and 0 interrupted iterations
gradual_ramp   [  86% ] 47/80 VUs  10m16.0s/12m00.0s

running (10m17.0s), 47/80 VUs, 30586 complete and 0 interrupted iterations
gradual_ramp   [  86% ] 47/80 VUs  10m17.0s/12m00.0s

running (10m18.0s), 46/80 VUs, 30646 complete and 0 interrupted iterations
gradual_ramp   [  86% ] 46/80 VUs  10m18.0s/12m00.0s

running (10m19.0s), 46/80 VUs, 30707 complete and 0 interrupted iterations
gradual_ramp   [  86% ] 46/80 VUs  10m19.0s/12m00.0s

running (10m20.0s), 45/80 VUs, 30771 complete and 0 interrupted iterations
gradual_ramp   [  86% ] 45/80 VUs  10m20.0s/12m00.0s

running (10m21.0s), 45/80 VUs, 30829 complete and 0 interrupted iterations
gradual_ramp   [  86% ] 45/80 VUs  10m21.0s/12m00.0s

running (10m22.0s), 44/80 VUs, 30887 complete and 0 interrupted iterations
gradual_ramp   [  86% ] 44/80 VUs  10m22.0s/12m00.0s

running (10m23.0s), 44/80 VUs, 30944 complete and 0 interrupted iterations
gradual_ramp   [  87% ] 44/80 VUs  10m23.0s/12m00.0s

running (10m24.0s), 44/80 VUs, 31012 complete and 0 interrupted iterations
gradual_ramp   [  87% ] 44/80 VUs  10m24.0s/12m00.0s

running (10m25.0s), 43/80 VUs, 31064 complete and 0 interrupted iterations
gradual_ramp   [  87% ] 43/80 VUs  10m25.0s/12m00.0s

running (10m26.0s), 42/80 VUs, 31128 complete and 0 interrupted iterations
gradual_ramp   [  87% ] 42/80 VUs  10m26.0s/12m00.0s

running (10m27.0s), 42/80 VUs, 31182 complete and 0 interrupted iterations
gradual_ramp   [  87% ] 42/80 VUs  10m27.0s/12m00.0s

running (10m28.0s), 42/80 VUs, 31238 complete and 0 interrupted iterations
gradual_ramp   [  87% ] 42/80 VUs  10m28.0s/12m00.0s

running (10m29.0s), 41/80 VUs, 31295 complete and 0 interrupted iterations
gradual_ramp   [  87% ] 41/80 VUs  10m29.0s/12m00.0s

running (10m30.0s), 41/80 VUs, 31353 complete and 0 interrupted iterations
gradual_ramp   [  87% ] 41/80 VUs  10m30.0s/12m00.0s

running (10m31.0s), 40/80 VUs, 31411 complete and 0 interrupted iterations
gradual_ramp   [  88% ] 40/80 VUs  10m31.0s/12m00.0s

running (10m32.0s), 40/80 VUs, 31462 complete and 0 interrupted iterations
gradual_ramp   [  88% ] 40/80 VUs  10m32.0s/12m00.0s

running (10m33.0s), 39/80 VUs, 31521 complete and 0 interrupted iterations
gradual_ramp   [  88% ] 39/80 VUs  10m33.0s/12m00.0s

running (10m34.0s), 39/80 VUs, 31572 complete and 0 interrupted iterations
gradual_ramp   [  88% ] 39/80 VUs  10m34.0s/12m00.0s

running (10m35.0s), 38/80 VUs, 31624 complete and 0 interrupted iterations
gradual_ramp   [  88% ] 38/80 VUs  10m35.0s/12m00.0s

running (10m36.0s), 38/80 VUs, 31680 complete and 0 interrupted iterations
gradual_ramp   [  88% ] 38/80 VUs  10m36.0s/12m00.0s

running (10m37.0s), 38/80 VUs, 31731 complete and 0 interrupted iterations
gradual_ramp   [  88% ] 38/80 VUs  10m37.0s/12m00.0s

running (10m38.0s), 37/80 VUs, 31782 complete and 0 interrupted iterations
gradual_ramp   [  89% ] 37/80 VUs  10m38.0s/12m00.0s

running (10m39.0s), 37/80 VUs, 31833 complete and 0 interrupted iterations
gradual_ramp   [  89% ] 37/80 VUs  10m39.0s/12m00.0s

running (10m40.0s), 36/80 VUs, 31886 complete and 0 interrupted iterations
gradual_ramp   [  89% ] 36/80 VUs  10m40.0s/12m00.0s

running (10m41.0s), 36/80 VUs, 31933 complete and 0 interrupted iterations
gradual_ramp   [  89% ] 36/80 VUs  10m41.0s/12m00.0s

running (10m42.0s), 35/80 VUs, 31988 complete and 0 interrupted iterations
gradual_ramp   [  89% ] 35/80 VUs  10m42.0s/12m00.0s

running (10m43.0s), 35/80 VUs, 32037 complete and 0 interrupted iterations
gradual_ramp   [  89% ] 35/80 VUs  10m43.0s/12m00.0s

running (10m44.0s), 34/80 VUs, 32086 complete and 0 interrupted iterations
gradual_ramp   [  89% ] 34/80 VUs  10m44.0s/12m00.0s

running (10m45.0s), 34/80 VUs, 32133 complete and 0 interrupted iterations
gradual_ramp   [  90% ] 34/80 VUs  10m45.0s/12m00.0s

running (10m46.0s), 34/80 VUs, 32184 complete and 0 interrupted iterations
gradual_ramp   [  90% ] 34/80 VUs  10m46.0s/12m00.0s

running (10m47.0s), 33/80 VUs, 32231 complete and 0 interrupted iterations
gradual_ramp   [  90% ] 33/80 VUs  10m47.0s/12m00.0s

running (10m48.0s), 33/80 VUs, 32277 complete and 0 interrupted iterations
gradual_ramp   [  90% ] 33/80 VUs  10m48.0s/12m00.0s

running (10m49.0s), 32/80 VUs, 32322 complete and 0 interrupted iterations
gradual_ramp   [  90% ] 32/80 VUs  10m49.0s/12m00.0s

running (10m50.0s), 32/80 VUs, 32373 complete and 0 interrupted iterations
gradual_ramp   [  90% ] 32/80 VUs  10m50.0s/12m00.0s

running (10m51.0s), 32/80 VUs, 32417 complete and 0 interrupted iterations
gradual_ramp   [  90% ] 32/80 VUs  10m51.0s/12m00.0s

running (10m52.0s), 31/80 VUs, 32459 complete and 0 interrupted iterations
gradual_ramp   [  91% ] 31/80 VUs  10m52.0s/12m00.0s

running (10m53.0s), 30/80 VUs, 32502 complete and 0 interrupted iterations
gradual_ramp   [  91% ] 30/80 VUs  10m53.0s/12m00.0s

running (10m54.0s), 30/80 VUs, 32544 complete and 0 interrupted iterations
gradual_ramp   [  91% ] 30/80 VUs  10m54.0s/12m00.0s

running (10m55.0s), 30/80 VUs, 32582 complete and 0 interrupted iterations
gradual_ramp   [  91% ] 30/80 VUs  10m55.0s/12m00.0s

running (10m56.0s), 29/80 VUs, 32626 complete and 0 interrupted iterations
gradual_ramp   [  91% ] 29/80 VUs  10m56.0s/12m00.0s

running (10m57.0s), 29/80 VUs, 32669 complete and 0 interrupted iterations
gradual_ramp   [  91% ] 29/80 VUs  10m57.0s/12m00.0s

running (10m58.0s), 28/80 VUs, 32708 complete and 0 interrupted iterations
gradual_ramp   [  91% ] 28/80 VUs  10m58.0s/12m00.0s

running (10m59.0s), 28/80 VUs, 32749 complete and 0 interrupted iterations
gradual_ramp   [  92% ] 28/80 VUs  10m59.0s/12m00.0s

running (11m00.0s), 28/80 VUs, 32784 complete and 0 interrupted iterations
gradual_ramp   [  92% ] 28/80 VUs  11m00.0s/12m00.0s

running (11m01.0s), 27/80 VUs, 32827 complete and 0 interrupted iterations
gradual_ramp   [  92% ] 27/80 VUs  11m01.0s/12m00.0s

running (11m02.0s), 27/80 VUs, 32866 complete and 0 interrupted iterations
gradual_ramp   [  92% ] 27/80 VUs  11m02.0s/12m00.0s

running (11m03.0s), 26/80 VUs, 32903 complete and 0 interrupted iterations
gradual_ramp   [  92% ] 26/80 VUs  11m03.0s/12m00.0s

running (11m04.0s), 26/80 VUs, 32941 complete and 0 interrupted iterations
gradual_ramp   [  92% ] 26/80 VUs  11m04.0s/12m00.0s

running (11m05.0s), 25/80 VUs, 32979 complete and 0 interrupted iterations
gradual_ramp   [  92% ] 25/80 VUs  11m05.0s/12m00.0s

running (11m06.0s), 25/80 VUs, 33012 complete and 0 interrupted iterations
gradual_ramp   [  92% ] 25/80 VUs  11m06.0s/12m00.0s

running (11m07.0s), 24/80 VUs, 33049 complete and 0 interrupted iterations
gradual_ramp   [  93% ] 24/80 VUs  11m07.0s/12m00.0s

running (11m08.0s), 24/80 VUs, 33084 complete and 0 interrupted iterations
gradual_ramp   [  93% ] 24/80 VUs  11m08.0s/12m00.0s

running (11m09.0s), 23/80 VUs, 33116 complete and 0 interrupted iterations
gradual_ramp   [  93% ] 23/80 VUs  11m09.0s/12m00.0s

running (11m10.0s), 23/80 VUs, 33149 complete and 0 interrupted iterations
gradual_ramp   [  93% ] 23/80 VUs  11m10.0s/12m00.0s

running (11m11.0s), 23/80 VUs, 33185 complete and 0 interrupted iterations
gradual_ramp   [  93% ] 23/80 VUs  11m11.0s/12m00.0s

running (11m12.0s), 22/80 VUs, 33216 complete and 0 interrupted iterations
gradual_ramp   [  93% ] 22/80 VUs  11m12.0s/12m00.0s

running (11m13.0s), 22/80 VUs, 33246 complete and 0 interrupted iterations
gradual_ramp   [  93% ] 22/80 VUs  11m13.0s/12m00.0s

running (11m14.0s), 21/80 VUs, 33277 complete and 0 interrupted iterations
gradual_ramp   [  94% ] 21/80 VUs  11m14.0s/12m00.0s

running (11m15.0s), 21/80 VUs, 33307 complete and 0 interrupted iterations
gradual_ramp   [  94% ] 21/80 VUs  11m15.0s/12m00.0s

running (11m16.0s), 20/80 VUs, 33335 complete and 0 interrupted iterations
gradual_ramp   [  94% ] 20/80 VUs  11m16.0s/12m00.0s

running (11m17.0s), 20/80 VUs, 33366 complete and 0 interrupted iterations
gradual_ramp   [  94% ] 20/80 VUs  11m17.0s/12m00.0s

running (11m18.0s), 19/80 VUs, 33394 complete and 0 interrupted iterations
gradual_ramp   [  94% ] 19/80 VUs  11m18.0s/12m00.0s

running (11m19.0s), 19/80 VUs, 33420 complete and 0 interrupted iterations
gradual_ramp   [  94% ] 19/80 VUs  11m19.0s/12m00.0s

running (11m20.0s), 18/80 VUs, 33450 complete and 0 interrupted iterations
gradual_ramp   [  94% ] 18/80 VUs  11m20.0s/12m00.0s

running (11m21.0s), 18/80 VUs, 33474 complete and 0 interrupted iterations
gradual_ramp   [  95% ] 18/80 VUs  11m21.0s/12m00.0s

running (11m22.0s), 18/80 VUs, 33497 complete and 0 interrupted iterations
gradual_ramp   [  95% ] 18/80 VUs  11m22.0s/12m00.0s

running (11m23.0s), 17/80 VUs, 33527 complete and 0 interrupted iterations
gradual_ramp   [  95% ] 17/80 VUs  11m23.0s/12m00.0s

running (11m24.0s), 17/80 VUs, 33548 complete and 0 interrupted iterations
gradual_ramp   [  95% ] 17/80 VUs  11m24.0s/12m00.0s

running (11m25.0s), 16/80 VUs, 33567 complete and 0 interrupted iterations
gradual_ramp   [  95% ] 16/80 VUs  11m25.0s/12m00.0s

running (11m26.0s), 16/80 VUs, 33594 complete and 0 interrupted iterations
gradual_ramp   [  95% ] 16/80 VUs  11m26.0s/12m00.0s

running (11m27.0s), 15/80 VUs, 33614 complete and 0 interrupted iterations
gradual_ramp   [  95% ] 15/80 VUs  11m27.0s/12m00.0s

running (11m28.0s), 15/80 VUs, 33635 complete and 0 interrupted iterations
gradual_ramp   [  96% ] 15/80 VUs  11m28.0s/12m00.0s

running (11m29.0s), 14/80 VUs, 33657 complete and 0 interrupted iterations
gradual_ramp   [  96% ] 14/80 VUs  11m29.0s/12m00.0s

running (11m30.0s), 14/80 VUs, 33680 complete and 0 interrupted iterations
gradual_ramp   [  96% ] 14/80 VUs  11m30.0s/12m00.0s

running (11m31.0s), 14/80 VUs, 33700 complete and 0 interrupted iterations
gradual_ramp   [  96% ] 14/80 VUs  11m31.0s/12m00.0s

running (11m32.0s), 13/80 VUs, 33720 complete and 0 interrupted iterations
gradual_ramp   [  96% ] 13/80 VUs  11m32.0s/12m00.0s

running (11m33.0s), 13/80 VUs, 33735 complete and 0 interrupted iterations
gradual_ramp   [  96% ] 13/80 VUs  11m33.0s/12m00.0s

running (11m34.0s), 12/80 VUs, 33758 complete and 0 interrupted iterations
gradual_ramp   [  96% ] 12/80 VUs  11m34.0s/12m00.0s

running (11m35.0s), 12/80 VUs, 33772 complete and 0 interrupted iterations
gradual_ramp   [  97% ] 12/80 VUs  11m35.0s/12m00.0s

running (11m36.0s), 11/80 VUs, 33788 complete and 0 interrupted iterations
gradual_ramp   [  97% ] 11/80 VUs  11m36.0s/12m00.0s

running (11m37.0s), 11/80 VUs, 33803 complete and 0 interrupted iterations
gradual_ramp   [  97% ] 11/80 VUs  11m37.0s/12m00.0s

running (11m38.0s), 10/80 VUs, 33817 complete and 0 interrupted iterations
gradual_ramp   [  97% ] 10/80 VUs  11m38.0s/12m00.0s

running (11m39.0s), 10/80 VUs, 33833 complete and 0 interrupted iterations
gradual_ramp   [  97% ] 10/80 VUs  11m39.0s/12m00.0s

running (11m40.0s), 10/80 VUs, 33845 complete and 0 interrupted iterations
gradual_ramp   [  97% ] 10/80 VUs  11m40.0s/12m00.0s

running (11m41.0s), 09/80 VUs, 33860 complete and 0 interrupted iterations
gradual_ramp   [  97% ] 09/80 VUs  11m41.0s/12m00.0s

running (11m42.0s), 09/80 VUs, 33873 complete and 0 interrupted iterations
gradual_ramp   [  97% ] 09/80 VUs  11m42.0s/12m00.0s

running (11m43.0s), 08/80 VUs, 33886 complete and 0 interrupted iterations
gradual_ramp   [  98% ] 08/80 VUs  11m43.0s/12m00.0s

running (11m44.0s), 08/80 VUs, 33894 complete and 0 interrupted iterations
gradual_ramp   [  98% ] 08/80 VUs  11m44.0s/12m00.0s

running (11m45.0s), 07/80 VUs, 33905 complete and 0 interrupted iterations
gradual_ramp   [  98% ] 07/80 VUs  11m45.0s/12m00.0s

running (11m46.0s), 07/80 VUs, 33917 complete and 0 interrupted iterations
gradual_ramp   [  98% ] 07/80 VUs  11m46.0s/12m00.0s

running (11m47.0s), 07/80 VUs, 33926 complete and 0 interrupted iterations
gradual_ramp   [  98% ] 07/80 VUs  11m47.0s/12m00.0s

running (11m48.0s), 06/80 VUs, 33935 complete and 0 interrupted iterations
gradual_ramp   [  98% ] 06/80 VUs  11m48.0s/12m00.0s

running (11m49.0s), 06/80 VUs, 33945 complete and 0 interrupted iterations
gradual_ramp   [  98% ] 06/80 VUs  11m49.0s/12m00.0s

running (11m50.0s), 05/80 VUs, 33952 complete and 0 interrupted iterations
gradual_ramp   [  99% ] 05/80 VUs  11m50.0s/12m00.0s

running (11m51.0s), 05/80 VUs, 33960 complete and 0 interrupted iterations
gradual_ramp   [  99% ] 05/80 VUs  11m51.0s/12m00.0s

running (11m52.0s), 04/80 VUs, 33968 complete and 0 interrupted iterations
gradual_ramp   [  99% ] 04/80 VUs  11m52.0s/12m00.0s

running (11m53.0s), 04/80 VUs, 33972 complete and 0 interrupted iterations
gradual_ramp   [  99% ] 04/80 VUs  11m53.0s/12m00.0s

running (11m54.0s), 03/80 VUs, 33977 complete and 0 interrupted iterations
gradual_ramp   [  99% ] 03/80 VUs  11m54.0s/12m00.0s

running (11m55.0s), 03/80 VUs, 33982 complete and 0 interrupted iterations
gradual_ramp   [  99% ] 03/80 VUs  11m55.0s/12m00.0s

running (11m56.0s), 02/80 VUs, 33985 complete and 0 interrupted iterations
gradual_ramp   [  99% ] 02/80 VUs  11m56.0s/12m00.0s

running (11m57.0s), 02/80 VUs, 33989 complete and 0 interrupted iterations
gradual_ramp   [ 100% ] 02/80 VUs  11m57.0s/12m00.0s

running (11m58.0s), 01/80 VUs, 33993 complete and 0 interrupted iterations
gradual_ramp   [ 100% ] 01/80 VUs  11m58.0s/12m00.0s

running (11m59.0s), 01/80 VUs, 33994 complete and 0 interrupted iterations
gradual_ramp   [ 100% ] 01/80 VUs  11m59.0s/12m00.0s

running (12m00.0s), 01/80 VUs, 33996 complete and 0 interrupted iterations
gradual_ramp   [ 100% ] 01/80 VUs  12m00.0s/12m00.0s

     ✓ status is 200
     ✓ returns quotes
     ✗ response time <2000ms
      ↳  99% — ✓ 33994 / ✗ 3

     checks.........................: 99.99% ✓ 101988    ✗ 3    
     data_received..................: 25 MB  34 kB/s
     data_sent......................: 15 MB  21 kB/s
     http_req_blocked...............: avg=7.67µs   min=912ns    med=2.32µs   max=28.94ms  p(90)=3.32µs  p(95)=3.86µs 
     http_req_connecting............: avg=3.04µs   min=0s       med=0s       max=28.88ms  p(90)=0s      p(95)=0s     
   ✓ http_req_duration..............: avg=925.58ms min=469.04ms med=819.01ms max=6.17s    p(90)=1.42s   p(95)=1.51s  
       { expected_response:true }...: avg=925.58ms min=469.04ms med=819.01ms max=6.17s    p(90)=1.42s   p(95)=1.51s  
   ✓ http_req_failed................: 0.00%  ✓ 0         ✗ 33997
     http_req_receiving.............: avg=3.83ms   min=16.8µs   med=133.07µs max=102.93ms p(90)=7.34ms  p(95)=15.1ms 
     http_req_sending...............: avg=19.77µs  min=7.68µs   med=18.56µs  max=550.35µs p(90)=28.47µs p(95)=31.15µs
     http_req_tls_handshaking.......: avg=0s       min=0s       med=0s       max=0s       p(90)=0s      p(95)=0s     
     http_req_waiting...............: avg=921.72ms min=468.92ms med=818.05ms max=6.17s    p(90)=1.41s   p(95)=1.5s   
     http_reqs......................: 33997  47.176565/s
     iteration_duration.............: avg=925.84ms min=469.27ms med=819.28ms max=6.17s    p(90)=1.42s   p(95)=1.51s  
     iterations.....................: 33997  47.176565/s
     vus............................: 1      min=1       max=80 
     vus_max........................: 80     min=80      max=80 


running (12m00.6s), 00/80 VUs, 33997 complete and 0 interrupted iterations
gradual_ramp ✓ [ 100% ] 00/80 VUs  12m0s
