
          /\      |‾‾| /‾‾/   /‾‾/   
     /\  /  \     |  |/  /   /  /    
    /  \/    \    |     (   /   ‾‾\  
   /          \   |  |\  \ |  (‾)  | 
  / __________ \  |__| \__\ \_____/ .io

  execution: local
     script: /scripts/load-test.js
     output: json (/results/results.json)

  scenarios: (100.00%) 1 scenario, 80 max VUs, 12m30s max duration (incl. graceful stop):
           * oscillating: Up to 80 looping VUs for 12m0s over 12 stages (gracefulRampDown: 30s, gracefulStop: 30s)


running (00m01.0s), 10/80 VUs, 10 complete and 0 interrupted iterations
oscillating   [   0% ] 10/80 VUs  00m01.0s/12m00.0s

running (00m02.0s), 10/80 VUs, 21 complete and 0 interrupted iterations
oscillating   [   0% ] 10/80 VUs  00m02.0s/12m00.0s

running (00m03.0s), 10/80 VUs, 36 complete and 0 interrupted iterations
oscillating   [   0% ] 10/80 VUs  00m03.0s/12m00.0s

running (00m04.0s), 10/80 VUs, 51 complete and 0 interrupted iterations
oscillating   [   1% ] 10/80 VUs  00m04.0s/12m00.0s

running (00m05.0s), 10/80 VUs, 63 complete and 0 interrupted iterations
oscillating   [   1% ] 10/80 VUs  00m05.0s/12m00.0s

running (00m06.0s), 10/80 VUs, 77 complete and 0 interrupted iterations
oscillating   [   1% ] 10/80 VUs  00m06.0s/12m00.0s

running (00m07.0s), 10/80 VUs, 90 complete and 0 interrupted iterations
oscillating   [   1% ] 10/80 VUs  00m07.0s/12m00.0s

running (00m08.0s), 10/80 VUs, 105 complete and 0 interrupted iterations
oscillating   [   1% ] 10/80 VUs  00m08.0s/12m00.0s

running (00m09.0s), 10/80 VUs, 119 complete and 0 interrupted iterations
oscillating   [   1% ] 10/80 VUs  00m09.0s/12m00.0s

running (00m10.0s), 10/80 VUs, 134 complete and 0 interrupted iterations
oscillating   [   1% ] 10/80 VUs  00m10.0s/12m00.0s

running (00m11.0s), 10/80 VUs, 150 complete and 0 interrupted iterations
oscillating   [   2% ] 10/80 VUs  00m11.0s/12m00.0s

running (00m12.0s), 10/80 VUs, 163 complete and 0 interrupted iterations
oscillating   [   2% ] 10/80 VUs  00m12.0s/12m00.0s

running (00m13.0s), 10/80 VUs, 178 complete and 0 interrupted iterations
oscillating   [   2% ] 10/80 VUs  00m13.0s/12m00.0s

running (00m14.0s), 10/80 VUs, 190 complete and 0 interrupted iterations
oscillating   [   2% ] 10/80 VUs  00m14.0s/12m00.0s

running (00m15.0s), 10/80 VUs, 207 complete and 0 interrupted iterations
oscillating   [   2% ] 10/80 VUs  00m15.0s/12m00.0s

running (00m16.0s), 10/80 VUs, 220 complete and 0 interrupted iterations
oscillating   [   2% ] 10/80 VUs  00m16.0s/12m00.0s

running (00m17.0s), 10/80 VUs, 233 complete and 0 interrupted iterations
oscillating   [   2% ] 10/80 VUs  00m17.0s/12m00.0s

running (00m18.0s), 10/80 VUs, 247 complete and 0 interrupted iterations
oscillating   [   2% ] 10/80 VUs  00m18.0s/12m00.0s

running (00m19.0s), 10/80 VUs, 261 complete and 0 interrupted iterations
oscillating   [   3% ] 10/80 VUs  00m19.0s/12m00.0s

running (00m20.0s), 10/80 VUs, 276 complete and 0 interrupted iterations
oscillating   [   3% ] 10/80 VUs  00m20.0s/12m00.0s

running (00m21.0s), 10/80 VUs, 289 complete and 0 interrupted iterations
oscillating   [   3% ] 10/80 VUs  00m21.0s/12m00.0s

running (00m22.0s), 10/80 VUs, 304 complete and 0 interrupted iterations
oscillating   [   3% ] 10/80 VUs  00m22.0s/12m00.0s

running (00m23.0s), 10/80 VUs, 317 complete and 0 interrupted iterations
oscillating   [   3% ] 10/80 VUs  00m23.0s/12m00.0s

running (00m24.0s), 10/80 VUs, 332 complete and 0 interrupted iterations
oscillating   [   3% ] 10/80 VUs  00m24.0s/12m00.0s

running (00m25.0s), 10/80 VUs, 346 complete and 0 interrupted iterations
oscillating   [   3% ] 10/80 VUs  00m25.0s/12m00.0s

running (00m26.0s), 10/80 VUs, 363 complete and 0 interrupted iterations
oscillating   [   4% ] 10/80 VUs  00m26.0s/12m00.0s

running (00m27.0s), 10/80 VUs, 374 complete and 0 interrupted iterations
oscillating   [   4% ] 10/80 VUs  00m27.0s/12m00.0s

running (00m28.0s), 10/80 VUs, 388 complete and 0 interrupted iterations
oscillating   [   4% ] 10/80 VUs  00m28.0s/12m00.0s

running (00m29.0s), 10/80 VUs, 404 complete and 0 interrupted iterations
oscillating   [   4% ] 10/80 VUs  00m29.0s/12m00.0s

running (00m30.0s), 10/80 VUs, 418 complete and 0 interrupted iterations
oscillating   [   4% ] 10/80 VUs  00m30.0s/12m00.0s

running (00m31.0s), 10/80 VUs, 433 complete and 0 interrupted iterations
oscillating   [   4% ] 10/80 VUs  00m31.0s/12m00.0s

running (00m32.0s), 10/80 VUs, 446 complete and 0 interrupted iterations
oscillating   [   4% ] 10/80 VUs  00m32.0s/12m00.0s

running (00m33.0s), 10/80 VUs, 461 complete and 0 interrupted iterations
oscillating   [   5% ] 10/80 VUs  00m33.0s/12m00.0s

running (00m34.0s), 10/80 VUs, 477 complete and 0 interrupted iterations
oscillating   [   5% ] 10/80 VUs  00m34.0s/12m00.0s

running (00m35.0s), 10/80 VUs, 488 complete and 0 interrupted iterations
oscillating   [   5% ] 10/80 VUs  00m35.0s/12m00.0s

running (00m36.0s), 10/80 VUs, 502 complete and 0 interrupted iterations
oscillating   [   5% ] 10/80 VUs  00m36.0s/12m00.0s

running (00m37.0s), 10/80 VUs, 518 complete and 0 interrupted iterations
oscillating   [   5% ] 10/80 VUs  00m37.0s/12m00.0s

running (00m38.0s), 10/80 VUs, 531 complete and 0 interrupted iterations
oscillating   [   5% ] 10/80 VUs  00m38.0s/12m00.0s

running (00m39.0s), 10/80 VUs, 546 complete and 0 interrupted iterations
oscillating   [   5% ] 10/80 VUs  00m39.0s/12m00.0s

running (00m40.0s), 10/80 VUs, 558 complete and 0 interrupted iterations
oscillating   [   6% ] 10/80 VUs  00m40.0s/12m00.0s

running (00m41.0s), 10/80 VUs, 575 complete and 0 interrupted iterations
oscillating   [   6% ] 10/80 VUs  00m41.0s/12m00.0s

running (00m42.0s), 10/80 VUs, 587 complete and 0 interrupted iterations
oscillating   [   6% ] 10/80 VUs  00m42.0s/12m00.0s

running (00m43.0s), 10/80 VUs, 604 complete and 0 interrupted iterations
oscillating   [   6% ] 10/80 VUs  00m43.0s/12m00.0s

running (00m44.0s), 10/80 VUs, 615 complete and 0 interrupted iterations
oscillating   [   6% ] 10/80 VUs  00m44.0s/12m00.0s

running (00m45.0s), 10/80 VUs, 630 complete and 0 interrupted iterations
oscillating   [   6% ] 10/80 VUs  00m45.0s/12m00.0s

running (00m46.0s), 10/80 VUs, 645 complete and 0 interrupted iterations
oscillating   [   6% ] 10/80 VUs  00m46.0s/12m00.0s

running (00m47.0s), 10/80 VUs, 660 complete and 0 interrupted iterations
oscillating   [   7% ] 10/80 VUs  00m47.0s/12m00.0s

running (00m48.0s), 10/80 VUs, 673 complete and 0 interrupted iterations
oscillating   [   7% ] 10/80 VUs  00m48.0s/12m00.0s

running (00m49.0s), 10/80 VUs, 685 complete and 0 interrupted iterations
oscillating   [   7% ] 10/80 VUs  00m49.0s/12m00.0s

running (00m50.0s), 10/80 VUs, 699 complete and 0 interrupted iterations
oscillating   [   7% ] 10/80 VUs  00m50.0s/12m00.0s

running (00m51.0s), 10/80 VUs, 715 complete and 0 interrupted iterations
oscillating   [   7% ] 10/80 VUs  00m51.0s/12m00.0s

running (00m52.0s), 10/80 VUs, 728 complete and 0 interrupted iterations
oscillating   [   7% ] 10/80 VUs  00m52.0s/12m00.0s

running (00m53.0s), 10/80 VUs, 742 complete and 0 interrupted iterations
oscillating   [   7% ] 10/80 VUs  00m53.0s/12m00.0s

running (00m54.0s), 10/80 VUs, 756 complete and 0 interrupted iterations
oscillating   [   7% ] 10/80 VUs  00m54.0s/12m00.0s

running (00m55.0s), 10/80 VUs, 769 complete and 0 interrupted iterations
oscillating   [   8% ] 10/80 VUs  00m55.0s/12m00.0s

running (00m56.0s), 10/80 VUs, 787 complete and 0 interrupted iterations
oscillating   [   8% ] 10/80 VUs  00m56.0s/12m00.0s

running (00m57.0s), 10/80 VUs, 799 complete and 0 interrupted iterations
oscillating   [   8% ] 10/80 VUs  00m57.0s/12m00.0s

running (00m58.0s), 10/80 VUs, 813 complete and 0 interrupted iterations
oscillating   [   8% ] 10/80 VUs  00m58.0s/12m00.0s

running (00m59.0s), 10/80 VUs, 827 complete and 0 interrupted iterations
oscillating   [   8% ] 10/80 VUs  00m59.0s/12m00.0s

running (01m00.0s), 10/80 VUs, 839 complete and 0 interrupted iterations
oscillating   [   8% ] 10/80 VUs  01m00.0s/12m00.0s

running (01m01.0s), 10/80 VUs, 855 complete and 0 interrupted iterations
oscillating   [   8% ] 10/80 VUs  01m01.0s/12m00.0s

running (01m02.0s), 10/80 VUs, 869 complete and 0 interrupted iterations
oscillating   [   9% ] 10/80 VUs  01m02.0s/12m00.0s

running (01m03.0s), 10/80 VUs, 884 complete and 0 interrupted iterations
oscillating   [   9% ] 10/80 VUs  01m03.0s/12m00.0s

running (01m04.0s), 10/80 VUs, 896 complete and 0 interrupted iterations
oscillating   [   9% ] 10/80 VUs  01m04.0s/12m00.0s

running (01m05.0s), 10/80 VUs, 913 complete and 0 interrupted iterations
oscillating   [   9% ] 10/80 VUs  01m05.0s/12m00.0s

running (01m06.0s), 10/80 VUs, 925 complete and 0 interrupted iterations
oscillating   [   9% ] 10/80 VUs  01m06.0s/12m00.0s

running (01m07.0s), 10/80 VUs, 940 complete and 0 interrupted iterations
oscillating   [   9% ] 10/80 VUs  01m07.0s/12m00.0s

running (01m08.0s), 10/80 VUs, 954 complete and 0 interrupted iterations
oscillating   [   9% ] 10/80 VUs  01m08.0s/12m00.0s

running (01m09.0s), 10/80 VUs, 967 complete and 0 interrupted iterations
oscillating   [  10% ] 10/80 VUs  01m09.0s/12m00.0s

running (01m10.0s), 10/80 VUs, 982 complete and 0 interrupted iterations
oscillating   [  10% ] 10/80 VUs  01m10.0s/12m00.0s

running (01m11.0s), 10/80 VUs, 997 complete and 0 interrupted iterations
oscillating   [  10% ] 10/80 VUs  01m11.0s/12m00.0s

running (01m12.0s), 10/80 VUs, 1009 complete and 0 interrupted iterations
oscillating   [  10% ] 10/80 VUs  01m12.0s/12m00.0s

running (01m13.0s), 10/80 VUs, 1024 complete and 0 interrupted iterations
oscillating   [  10% ] 10/80 VUs  01m13.0s/12m00.0s

running (01m14.0s), 10/80 VUs, 1040 complete and 0 interrupted iterations
oscillating   [  10% ] 10/80 VUs  01m14.0s/12m00.0s

running (01m15.0s), 10/80 VUs, 1053 complete and 0 interrupted iterations
oscillating   [  10% ] 10/80 VUs  01m15.0s/12m00.0s

running (01m16.0s), 10/80 VUs, 1068 complete and 0 interrupted iterations
oscillating   [  11% ] 10/80 VUs  01m16.0s/12m00.0s

running (01m17.0s), 10/80 VUs, 1081 complete and 0 interrupted iterations
oscillating   [  11% ] 10/80 VUs  01m17.0s/12m00.0s

running (01m18.0s), 10/80 VUs, 1095 complete and 0 interrupted iterations
oscillating   [  11% ] 10/80 VUs  01m18.0s/12m00.0s

running (01m19.0s), 10/80 VUs, 1108 complete and 0 interrupted iterations
oscillating   [  11% ] 10/80 VUs  01m19.0s/12m00.0s

running (01m20.0s), 10/80 VUs, 1123 complete and 0 interrupted iterations
oscillating   [  11% ] 10/80 VUs  01m20.0s/12m00.0s

running (01m21.0s), 10/80 VUs, 1137 complete and 0 interrupted iterations
oscillating   [  11% ] 10/80 VUs  01m21.0s/12m00.0s

running (01m22.0s), 10/80 VUs, 1152 complete and 0 interrupted iterations
oscillating   [  11% ] 10/80 VUs  01m22.0s/12m00.0s

running (01m23.0s), 10/80 VUs, 1166 complete and 0 interrupted iterations
oscillating   [  12% ] 10/80 VUs  01m23.0s/12m00.0s

running (01m24.0s), 10/80 VUs, 1178 complete and 0 interrupted iterations
oscillating   [  12% ] 10/80 VUs  01m24.0s/12m00.0s

running (01m25.0s), 10/80 VUs, 1193 complete and 0 interrupted iterations
oscillating   [  12% ] 10/80 VUs  01m25.0s/12m00.0s

running (01m26.0s), 10/80 VUs, 1206 complete and 0 interrupted iterations
oscillating   [  12% ] 10/80 VUs  01m26.0s/12m00.0s

running (01m27.0s), 10/80 VUs, 1220 complete and 0 interrupted iterations
oscillating   [  12% ] 10/80 VUs  01m27.0s/12m00.0s

running (01m28.0s), 10/80 VUs, 1235 complete and 0 interrupted iterations
oscillating   [  12% ] 10/80 VUs  01m28.0s/12m00.0s

running (01m29.0s), 10/80 VUs, 1249 complete and 0 interrupted iterations
oscillating   [  12% ] 10/80 VUs  01m29.0s/12m00.0s

running (01m30.0s), 10/80 VUs, 1263 complete and 0 interrupted iterations
oscillating   [  12% ] 10/80 VUs  01m30.0s/12m00.0s

running (01m31.0s), 10/80 VUs, 1276 complete and 0 interrupted iterations
oscillating   [  13% ] 10/80 VUs  01m31.0s/12m00.0s

running (01m32.0s), 10/80 VUs, 1291 complete and 0 interrupted iterations
oscillating   [  13% ] 10/80 VUs  01m32.0s/12m00.0s

running (01m33.0s), 10/80 VUs, 1304 complete and 0 interrupted iterations
oscillating   [  13% ] 10/80 VUs  01m33.0s/12m00.0s

running (01m34.0s), 10/80 VUs, 1317 complete and 0 interrupted iterations
oscillating   [  13% ] 10/80 VUs  01m34.0s/12m00.0s

running (01m35.0s), 10/80 VUs, 1333 complete and 0 interrupted iterations
oscillating   [  13% ] 10/80 VUs  01m35.0s/12m00.0s

running (01m36.0s), 10/80 VUs, 1350 complete and 0 interrupted iterations
oscillating   [  13% ] 10/80 VUs  01m36.0s/12m00.0s

running (01m37.0s), 10/80 VUs, 1364 complete and 0 interrupted iterations
oscillating   [  13% ] 10/80 VUs  01m37.0s/12m00.0s

running (01m38.0s), 10/80 VUs, 1376 complete and 0 interrupted iterations
oscillating   [  14% ] 10/80 VUs  01m38.0s/12m00.0s

running (01m39.0s), 10/80 VUs, 1394 complete and 0 interrupted iterations
oscillating   [  14% ] 10/80 VUs  01m39.0s/12m00.0s

running (01m40.0s), 10/80 VUs, 1405 complete and 0 interrupted iterations
oscillating   [  14% ] 10/80 VUs  01m40.0s/12m00.0s

running (01m41.0s), 10/80 VUs, 1420 complete and 0 interrupted iterations
oscillating   [  14% ] 10/80 VUs  01m41.0s/12m00.0s

running (01m42.0s), 10/80 VUs, 1434 complete and 0 interrupted iterations
oscillating   [  14% ] 10/80 VUs  01m42.0s/12m00.0s

running (01m43.0s), 10/80 VUs, 1447 complete and 0 interrupted iterations
oscillating   [  14% ] 10/80 VUs  01m43.0s/12m00.0s

running (01m44.0s), 10/80 VUs, 1460 complete and 0 interrupted iterations
oscillating   [  14% ] 10/80 VUs  01m44.0s/12m00.0s

running (01m45.0s), 10/80 VUs, 1475 complete and 0 interrupted iterations
oscillating   [  15% ] 10/80 VUs  01m45.0s/12m00.0s

running (01m46.0s), 10/80 VUs, 1488 complete and 0 interrupted iterations
oscillating   [  15% ] 10/80 VUs  01m46.0s/12m00.0s

running (01m47.0s), 10/80 VUs, 1501 complete and 0 interrupted iterations
oscillating   [  15% ] 10/80 VUs  01m47.0s/12m00.0s

running (01m48.0s), 10/80 VUs, 1516 complete and 0 interrupted iterations
oscillating   [  15% ] 10/80 VUs  01m48.0s/12m00.0s

running (01m49.0s), 10/80 VUs, 1529 complete and 0 interrupted iterations
oscillating   [  15% ] 10/80 VUs  01m49.0s/12m00.0s

running (01m50.0s), 10/80 VUs, 1544 complete and 0 interrupted iterations
oscillating   [  15% ] 10/80 VUs  01m50.0s/12m00.0s

running (01m51.0s), 10/80 VUs, 1558 complete and 0 interrupted iterations
oscillating   [  15% ] 10/80 VUs  01m51.0s/12m00.0s

running (01m52.0s), 10/80 VUs, 1571 complete and 0 interrupted iterations
oscillating   [  16% ] 10/80 VUs  01m52.0s/12m00.0s

running (01m53.0s), 10/80 VUs, 1589 complete and 0 interrupted iterations
oscillating   [  16% ] 10/80 VUs  01m53.0s/12m00.0s

running (01m54.0s), 10/80 VUs, 1600 complete and 0 interrupted iterations
oscillating   [  16% ] 10/80 VUs  01m54.0s/12m00.0s

running (01m55.0s), 10/80 VUs, 1615 complete and 0 interrupted iterations
oscillating   [  16% ] 10/80 VUs  01m55.0s/12m00.0s

running (01m56.0s), 10/80 VUs, 1633 complete and 0 interrupted iterations
oscillating   [  16% ] 10/80 VUs  01m56.0s/12m00.0s

running (01m57.0s), 10/80 VUs, 1644 complete and 0 interrupted iterations
oscillating   [  16% ] 10/80 VUs  01m57.0s/12m00.0s

running (01m58.0s), 10/80 VUs, 1659 complete and 0 interrupted iterations
oscillating   [  16% ] 10/80 VUs  01m58.0s/12m00.0s

running (01m59.0s), 10/80 VUs, 1673 complete and 0 interrupted iterations
oscillating   [  17% ] 10/80 VUs  01m59.0s/12m00.0s

running (02m00.0s), 10/80 VUs, 1688 complete and 0 interrupted iterations
oscillating   [  17% ] 10/80 VUs  02m00.0s/12m00.0s

running (02m01.0s), 16/80 VUs, 1704 complete and 0 interrupted iterations
oscillating   [  17% ] 16/80 VUs  02m01.0s/12m00.0s

running (02m02.0s), 23/80 VUs, 1728 complete and 0 interrupted iterations
oscillating   [  17% ] 23/80 VUs  02m02.0s/12m00.0s

running (02m03.0s), 30/80 VUs, 1761 complete and 0 interrupted iterations
oscillating   [  17% ] 30/80 VUs  02m03.0s/12m00.0s

running (02m04.0s), 37/80 VUs, 1806 complete and 0 interrupted iterations
oscillating   [  17% ] 37/80 VUs  02m04.0s/12m00.0s

running (02m05.0s), 44/80 VUs, 1851 complete and 0 interrupted iterations
oscillating   [  17% ] 44/80 VUs  02m05.0s/12m00.0s

running (02m06.0s), 51/80 VUs, 1894 complete and 0 interrupted iterations
oscillating   [  17% ] 51/80 VUs  02m06.0s/12m00.0s

running (02m07.0s), 58/80 VUs, 1926 complete and 0 interrupted iterations
oscillating   [  18% ] 58/80 VUs  02m07.0s/12m00.0s

running (02m08.0s), 65/80 VUs, 1954 complete and 0 interrupted iterations
oscillating   [  18% ] 65/80 VUs  02m08.0s/12m00.0s

running (02m09.0s), 72/80 VUs, 1980 complete and 0 interrupted iterations
oscillating   [  18% ] 72/80 VUs  02m09.0s/12m00.0s

running (02m10.0s), 79/80 VUs, 2006 complete and 0 interrupted iterations
oscillating   [  18% ] 79/80 VUs  02m10.0s/12m00.0s

running (02m11.0s), 80/80 VUs, 2033 complete and 0 interrupted iterations
oscillating   [  18% ] 80/80 VUs  02m11.0s/12m00.0s

running (02m12.0s), 80/80 VUs, 2033 complete and 0 interrupted iterations
oscillating   [  18% ] 80/80 VUs  02m12.0s/12m00.0s

running (02m13.0s), 80/80 VUs, 2060 complete and 0 interrupted iterations
oscillating   [  18% ] 80/80 VUs  02m13.0s/12m00.0s

running (02m14.0s), 80/80 VUs, 2086 complete and 0 interrupted iterations
oscillating   [  19% ] 80/80 VUs  02m14.0s/12m00.0s

running (02m15.0s), 80/80 VUs, 2086 complete and 0 interrupted iterations
oscillating   [  19% ] 80/80 VUs  02m15.0s/12m00.0s

running (02m16.0s), 80/80 VUs, 2102 complete and 0 interrupted iterations
oscillating   [  19% ] 80/80 VUs  02m16.0s/12m00.0s

running (02m17.0s), 80/80 VUs, 2131 complete and 0 interrupted iterations
oscillating   [  19% ] 80/80 VUs  02m17.0s/12m00.0s

running (02m18.0s), 80/80 VUs, 2131 complete and 0 interrupted iterations
oscillating   [  19% ] 80/80 VUs  02m18.0s/12m00.0s

running (02m19.0s), 80/80 VUs, 2158 complete and 0 interrupted iterations
oscillating   [  19% ] 80/80 VUs  02m19.0s/12m00.0s

running (02m20.0s), 80/80 VUs, 2158 complete and 0 interrupted iterations
oscillating   [  19% ] 80/80 VUs  02m20.0s/12m00.0s

running (02m21.0s), 80/80 VUs, 2185 complete and 0 interrupted iterations
oscillating   [  20% ] 80/80 VUs  02m21.0s/12m00.0s

running (02m22.0s), 80/80 VUs, 2190 complete and 0 interrupted iterations
oscillating   [  20% ] 80/80 VUs  02m22.0s/12m00.0s

running (02m23.0s), 80/80 VUs, 2218 complete and 0 interrupted iterations
oscillating   [  20% ] 80/80 VUs  02m23.0s/12m00.0s

running (02m24.0s), 80/80 VUs, 2244 complete and 0 interrupted iterations
oscillating   [  20% ] 80/80 VUs  02m24.0s/12m00.0s

running (02m25.0s), 80/80 VUs, 2244 complete and 0 interrupted iterations
oscillating   [  20% ] 80/80 VUs  02m25.0s/12m00.0s

running (02m26.0s), 80/80 VUs, 2271 complete and 0 interrupted iterations
oscillating   [  20% ] 80/80 VUs  02m26.0s/12m00.0s

running (02m27.0s), 80/80 VUs, 2271 complete and 0 interrupted iterations
oscillating   [  20% ] 80/80 VUs  02m27.0s/12m00.0s

running (02m28.0s), 80/80 VUs, 2296 complete and 0 interrupted iterations
oscillating   [  21% ] 80/80 VUs  02m28.0s/12m00.0s

running (02m29.0s), 80/80 VUs, 2321 complete and 0 interrupted iterations
oscillating   [  21% ] 80/80 VUs  02m29.0s/12m00.0s

running (02m30.0s), 80/80 VUs, 2323 complete and 0 interrupted iterations
oscillating   [  21% ] 80/80 VUs  02m30.0s/12m00.0s

running (02m31.0s), 80/80 VUs, 2338 complete and 0 interrupted iterations
oscillating   [  21% ] 80/80 VUs  02m31.0s/12m00.0s

running (02m32.0s), 80/80 VUs, 2367 complete and 0 interrupted iterations
oscillating   [  21% ] 80/80 VUs  02m32.0s/12m00.0s

running (02m33.0s), 80/80 VUs, 2367 complete and 0 interrupted iterations
oscillating   [  21% ] 80/80 VUs  02m33.0s/12m00.0s

running (02m34.0s), 80/80 VUs, 2393 complete and 0 interrupted iterations
oscillating   [  21% ] 80/80 VUs  02m34.0s/12m00.0s

running (02m35.0s), 80/80 VUs, 2411 complete and 0 interrupted iterations
oscillating   [  22% ] 80/80 VUs  02m35.0s/12m00.0s

running (02m36.0s), 80/80 VUs, 2412 complete and 0 interrupted iterations
oscillating   [  22% ] 80/80 VUs  02m36.0s/12m00.0s

running (02m37.0s), 80/80 VUs, 2438 complete and 0 interrupted iterations
oscillating   [  22% ] 80/80 VUs  02m37.0s/12m00.0s

running (02m38.0s), 80/80 VUs, 2438 complete and 0 interrupted iterations
oscillating   [  22% ] 80/80 VUs  02m38.0s/12m00.0s

running (02m39.0s), 80/80 VUs, 2465 complete and 0 interrupted iterations
oscillating   [  22% ] 80/80 VUs  02m39.0s/12m00.0s

running (02m40.0s), 80/80 VUs, 2492 complete and 0 interrupted iterations
oscillating   [  22% ] 80/80 VUs  02m40.0s/12m00.0s

running (02m41.0s), 80/80 VUs, 2492 complete and 0 interrupted iterations
oscillating   [  22% ] 80/80 VUs  02m41.0s/12m00.0s

running (02m42.0s), 80/80 VUs, 2518 complete and 0 interrupted iterations
oscillating   [  22% ] 80/80 VUs  02m42.0s/12m00.0s

running (02m43.0s), 80/80 VUs, 2518 complete and 0 interrupted iterations
oscillating   [  23% ] 80/80 VUs  02m43.0s/12m00.0s

running (02m44.0s), 80/80 VUs, 2545 complete and 0 interrupted iterations
oscillating   [  23% ] 80/80 VUs  02m44.0s/12m00.0s

running (02m45.0s), 80/80 VUs, 2549 complete and 0 interrupted iterations
oscillating   [  23% ] 80/80 VUs  02m45.0s/12m00.0s

running (02m46.0s), 80/80 VUs, 2572 complete and 0 interrupted iterations
oscillating   [  23% ] 80/80 VUs  02m46.0s/12m00.0s

running (02m47.0s), 80/80 VUs, 2598 complete and 0 interrupted iterations
oscillating   [  23% ] 80/80 VUs  02m47.0s/12m00.0s

running (02m48.0s), 80/80 VUs, 2598 complete and 0 interrupted iterations
oscillating   [  23% ] 80/80 VUs  02m48.0s/12m00.0s

running (02m49.0s), 80/80 VUs, 2625 complete and 0 interrupted iterations
oscillating   [  23% ] 80/80 VUs  02m49.0s/12m00.0s

running (02m50.0s), 80/80 VUs, 2625 complete and 0 interrupted iterations
oscillating   [  24% ] 80/80 VUs  02m50.0s/12m00.0s

running (02m51.0s), 80/80 VUs, 2652 complete and 0 interrupted iterations
oscillating   [  24% ] 80/80 VUs  02m51.0s/12m00.0s

running (02m52.0s), 80/80 VUs, 2678 complete and 0 interrupted iterations
oscillating   [  24% ] 80/80 VUs  02m52.0s/12m00.0s

running (02m53.0s), 80/80 VUs, 2678 complete and 0 interrupted iterations
oscillating   [  24% ] 80/80 VUs  02m53.0s/12m00.0s

running (02m54.0s), 80/80 VUs, 2705 complete and 0 interrupted iterations
oscillating   [  24% ] 80/80 VUs  02m54.0s/12m00.0s

running (02m55.0s), 80/80 VUs, 2705 complete and 0 interrupted iterations
oscillating   [  24% ] 80/80 VUs  02m55.0s/12m00.0s

running (02m56.0s), 80/80 VUs, 2732 complete and 0 interrupted iterations
oscillating   [  24% ] 80/80 VUs  02m56.0s/12m00.0s

running (02m57.0s), 80/80 VUs, 2758 complete and 0 interrupted iterations
oscillating   [  25% ] 80/80 VUs  02m57.0s/12m00.0s

running (02m58.0s), 80/80 VUs, 2758 complete and 0 interrupted iterations
oscillating   [  25% ] 80/80 VUs  02m58.0s/12m00.0s

running (02m59.0s), 80/80 VUs, 2785 complete and 0 interrupted iterations
oscillating   [  25% ] 80/80 VUs  02m59.0s/12m00.0s

running (03m00.0s), 80/80 VUs, 2785 complete and 0 interrupted iterations
oscillating   [  25% ] 80/80 VUs  03m00.0s/12m00.0s

running (03m01.0s), 80/80 VUs, 2811 complete and 0 interrupted iterations
oscillating   [  25% ] 80/80 VUs  03m01.0s/12m00.0s

running (03m02.0s), 80/80 VUs, 2838 complete and 0 interrupted iterations
oscillating   [  25% ] 80/80 VUs  03m02.0s/12m00.0s

running (03m03.0s), 80/80 VUs, 2838 complete and 0 interrupted iterations
oscillating   [  25% ] 80/80 VUs  03m03.0s/12m00.0s

running (03m04.0s), 80/80 VUs, 2864 complete and 0 interrupted iterations
oscillating   [  26% ] 80/80 VUs  03m04.0s/12m00.0s

running (03m05.0s), 80/80 VUs, 2864 complete and 0 interrupted iterations
oscillating   [  26% ] 80/80 VUs  03m05.0s/12m00.0s

running (03m06.0s), 80/80 VUs, 2891 complete and 0 interrupted iterations
oscillating   [  26% ] 80/80 VUs  03m06.0s/12m00.0s

running (03m07.0s), 80/80 VUs, 2917 complete and 0 interrupted iterations
oscillating   [  26% ] 80/80 VUs  03m07.0s/12m00.0s

running (03m08.0s), 80/80 VUs, 2917 complete and 0 interrupted iterations
oscillating   [  26% ] 80/80 VUs  03m08.0s/12m00.0s

running (03m09.0s), 80/80 VUs, 2944 complete and 0 interrupted iterations
oscillating   [  26% ] 80/80 VUs  03m09.0s/12m00.0s

running (03m10.0s), 80/80 VUs, 2944 complete and 0 interrupted iterations
oscillating   [  26% ] 80/80 VUs  03m10.0s/12m00.0s

running (03m11.0s), 80/80 VUs, 2971 complete and 0 interrupted iterations
oscillating   [  27% ] 80/80 VUs  03m11.0s/12m00.0s

running (03m12.0s), 80/80 VUs, 2971 complete and 0 interrupted iterations
oscillating   [  27% ] 80/80 VUs  03m12.0s/12m00.0s

running (03m13.0s), 80/80 VUs, 2997 complete and 0 interrupted iterations
oscillating   [  27% ] 80/80 VUs  03m13.0s/12m00.0s

running (03m14.0s), 80/80 VUs, 3024 complete and 0 interrupted iterations
oscillating   [  27% ] 80/80 VUs  03m14.0s/12m00.0s

running (03m15.0s), 80/80 VUs, 3024 complete and 0 interrupted iterations
oscillating   [  27% ] 80/80 VUs  03m15.0s/12m00.0s

running (03m16.0s), 80/80 VUs, 3050 complete and 0 interrupted iterations
oscillating   [  27% ] 80/80 VUs  03m16.0s/12m00.0s

running (03m17.0s), 80/80 VUs, 3051 complete and 0 interrupted iterations
oscillating   [  27% ] 80/80 VUs  03m17.0s/12m00.0s

running (03m18.0s), 80/80 VUs, 3077 complete and 0 interrupted iterations
oscillating   [  27% ] 80/80 VUs  03m18.0s/12m00.0s

running (03m19.0s), 80/80 VUs, 3104 complete and 0 interrupted iterations
oscillating   [  28% ] 80/80 VUs  03m19.0s/12m00.0s

running (03m20.0s), 80/80 VUs, 3104 complete and 0 interrupted iterations
oscillating   [  28% ] 80/80 VUs  03m20.0s/12m00.0s

running (03m21.0s), 80/80 VUs, 3123 complete and 0 interrupted iterations
oscillating   [  28% ] 80/80 VUs  03m21.0s/12m00.0s

running (03m22.0s), 80/80 VUs, 3128 complete and 0 interrupted iterations
oscillating   [  28% ] 80/80 VUs  03m22.0s/12m00.0s

running (03m23.0s), 80/80 VUs, 3155 complete and 0 interrupted iterations
oscillating   [  28% ] 80/80 VUs  03m23.0s/12m00.0s

running (03m24.0s), 80/80 VUs, 3155 complete and 0 interrupted iterations
oscillating   [  28% ] 80/80 VUs  03m24.0s/12m00.0s

running (03m25.0s), 80/80 VUs, 3173 complete and 0 interrupted iterations
oscillating   [  28% ] 80/80 VUs  03m25.0s/12m00.0s

running (03m26.0s), 80/80 VUs, 3201 complete and 0 interrupted iterations
oscillating   [  29% ] 80/80 VUs  03m26.0s/12m00.0s

running (03m27.0s), 80/80 VUs, 3201 complete and 0 interrupted iterations
oscillating   [  29% ] 80/80 VUs  03m27.0s/12m00.0s

running (03m28.0s), 80/80 VUs, 3228 complete and 0 interrupted iterations
oscillating   [  29% ] 80/80 VUs  03m28.0s/12m00.0s

running (03m29.0s), 80/80 VUs, 3242 complete and 0 interrupted iterations
oscillating   [  29% ] 80/80 VUs  03m29.0s/12m00.0s

running (03m30.0s), 80/80 VUs, 3246 complete and 0 interrupted iterations
oscillating   [  29% ] 80/80 VUs  03m30.0s/12m00.0s

running (03m31.0s), 79/80 VUs, 3275 complete and 0 interrupted iterations
oscillating   [  29% ] 79/80 VUs  03m31.0s/12m00.0s

running (03m32.0s), 73/80 VUs, 3301 complete and 0 interrupted iterations
oscillating   [  29% ] 73/80 VUs  03m32.0s/12m00.0s

running (03m33.0s), 73/80 VUs, 3301 complete and 0 interrupted iterations
oscillating   [  30% ] 73/80 VUs  03m33.0s/12m00.0s

running (03m34.0s), 67/80 VUs, 3328 complete and 0 interrupted iterations
oscillating   [  30% ] 67/80 VUs  03m34.0s/12m00.0s

running (03m35.0s), 59/80 VUs, 3355 complete and 0 interrupted iterations
oscillating   [  30% ] 59/80 VUs  03m35.0s/12m00.0s

running (03m36.0s), 46/80 VUs, 3387 complete and 0 interrupted iterations
oscillating   [  30% ] 46/80 VUs  03m36.0s/12m00.0s

running (03m37.0s), 35/80 VUs, 3435 complete and 0 interrupted iterations
oscillating   [  30% ] 35/80 VUs  03m37.0s/12m00.0s

running (03m38.0s), 27/80 VUs, 3486 complete and 0 interrupted iterations
oscillating   [  30% ] 27/80 VUs  03m38.0s/12m00.0s

running (03m39.0s), 19/80 VUs, 3522 complete and 0 interrupted iterations
oscillating   [  30% ] 19/80 VUs  03m39.0s/12m00.0s

running (03m40.0s), 13/80 VUs, 3548 complete and 0 interrupted iterations
oscillating   [  31% ] 13/80 VUs  03m40.0s/12m00.0s

running (03m41.0s), 10/80 VUs, 3565 complete and 0 interrupted iterations
oscillating   [  31% ] 10/80 VUs  03m41.0s/12m00.0s

running (03m42.0s), 10/80 VUs, 3576 complete and 0 interrupted iterations
oscillating   [  31% ] 10/80 VUs  03m42.0s/12m00.0s

running (03m43.0s), 10/80 VUs, 3591 complete and 0 interrupted iterations
oscillating   [  31% ] 10/80 VUs  03m43.0s/12m00.0s

running (03m44.0s), 10/80 VUs, 3605 complete and 0 interrupted iterations
oscillating   [  31% ] 10/80 VUs  03m44.0s/12m00.0s

running (03m45.0s), 10/80 VUs, 3619 complete and 0 interrupted iterations
oscillating   [  31% ] 10/80 VUs  03m45.0s/12m00.0s

running (03m46.0s), 10/80 VUs, 3632 complete and 0 interrupted iterations
oscillating   [  31% ] 10/80 VUs  03m46.0s/12m00.0s

running (03m47.0s), 10/80 VUs, 3646 complete and 0 interrupted iterations
oscillating   [  32% ] 10/80 VUs  03m47.0s/12m00.0s

running (03m48.0s), 10/80 VUs, 3660 complete and 0 interrupted iterations
oscillating   [  32% ] 10/80 VUs  03m48.0s/12m00.0s

running (03m49.0s), 10/80 VUs, 3674 complete and 0 interrupted iterations
oscillating   [  32% ] 10/80 VUs  03m49.0s/12m00.0s

running (03m50.0s), 10/80 VUs, 3690 complete and 0 interrupted iterations
oscillating   [  32% ] 10/80 VUs  03m50.0s/12m00.0s

running (03m51.0s), 10/80 VUs, 3703 complete and 0 interrupted iterations
oscillating   [  32% ] 10/80 VUs  03m51.0s/12m00.0s

running (03m52.0s), 10/80 VUs, 3716 complete and 0 interrupted iterations
oscillating   [  32% ] 10/80 VUs  03m52.0s/12m00.0s

running (03m53.0s), 10/80 VUs, 3732 complete and 0 interrupted iterations
oscillating   [  32% ] 10/80 VUs  03m53.0s/12m00.0s

running (03m54.0s), 10/80 VUs, 3743 complete and 0 interrupted iterations
oscillating   [  32% ] 10/80 VUs  03m54.0s/12m00.0s

running (03m55.0s), 10/80 VUs, 3758 complete and 0 interrupted iterations
oscillating   [  33% ] 10/80 VUs  03m55.0s/12m00.0s

running (03m56.0s), 10/80 VUs, 3772 complete and 0 interrupted iterations
oscillating   [  33% ] 10/80 VUs  03m56.0s/12m00.0s

running (03m57.0s), 10/80 VUs, 3786 complete and 0 interrupted iterations
oscillating   [  33% ] 10/80 VUs  03m57.0s/12m00.0s

running (03m58.0s), 10/80 VUs, 3800 complete and 0 interrupted iterations
oscillating   [  33% ] 10/80 VUs  03m58.0s/12m00.0s

running (03m59.0s), 10/80 VUs, 3812 complete and 0 interrupted iterations
oscillating   [  33% ] 10/80 VUs  03m59.0s/12m00.0s

running (04m00.0s), 10/80 VUs, 3825 complete and 0 interrupted iterations
oscillating   [  33% ] 10/80 VUs  04m00.0s/12m00.0s

running (04m01.0s), 10/80 VUs, 3840 complete and 0 interrupted iterations
oscillating   [  33% ] 10/80 VUs  04m01.0s/12m00.0s

running (04m02.0s), 10/80 VUs, 3853 complete and 0 interrupted iterations
oscillating   [  34% ] 10/80 VUs  04m02.0s/12m00.0s

running (04m03.0s), 10/80 VUs, 3867 complete and 0 interrupted iterations
oscillating   [  34% ] 10/80 VUs  04m03.0s/12m00.0s

running (04m04.0s), 10/80 VUs, 3883 complete and 0 interrupted iterations
oscillating   [  34% ] 10/80 VUs  04m04.0s/12m00.0s

running (04m05.0s), 10/80 VUs, 3896 complete and 0 interrupted iterations
oscillating   [  34% ] 10/80 VUs  04m05.0s/12m00.0s

running (04m06.0s), 10/80 VUs, 3912 complete and 0 interrupted iterations
oscillating   [  34% ] 10/80 VUs  04m06.0s/12m00.0s

running (04m07.0s), 10/80 VUs, 3927 complete and 0 interrupted iterations
oscillating   [  34% ] 10/80 VUs  04m07.0s/12m00.0s

running (04m08.0s), 10/80 VUs, 3940 complete and 0 interrupted iterations
oscillating   [  34% ] 10/80 VUs  04m08.0s/12m00.0s

running (04m09.0s), 10/80 VUs, 3954 complete and 0 interrupted iterations
oscillating   [  35% ] 10/80 VUs  04m09.0s/12m00.0s

running (04m10.0s), 10/80 VUs, 3967 complete and 0 interrupted iterations
oscillating   [  35% ] 10/80 VUs  04m10.0s/12m00.0s

running (04m11.0s), 10/80 VUs, 3982 complete and 0 interrupted iterations
oscillating   [  35% ] 10/80 VUs  04m11.0s/12m00.0s

running (04m12.0s), 10/80 VUs, 3997 complete and 0 interrupted iterations
oscillating   [  35% ] 10/80 VUs  04m12.0s/12m00.0s

running (04m13.0s), 10/80 VUs, 4009 complete and 0 interrupted iterations
oscillating   [  35% ] 10/80 VUs  04m13.0s/12m00.0s

running (04m14.0s), 10/80 VUs, 4025 complete and 0 interrupted iterations
oscillating   [  35% ] 10/80 VUs  04m14.0s/12m00.0s

running (04m15.0s), 10/80 VUs, 4039 complete and 0 interrupted iterations
oscillating   [  35% ] 10/80 VUs  04m15.0s/12m00.0s

running (04m16.0s), 10/80 VUs, 4052 complete and 0 interrupted iterations
oscillating   [  36% ] 10/80 VUs  04m16.0s/12m00.0s

running (04m17.0s), 10/80 VUs, 4068 complete and 0 interrupted iterations
oscillating   [  36% ] 10/80 VUs  04m17.0s/12m00.0s

running (04m18.0s), 10/80 VUs, 4081 complete and 0 interrupted iterations
oscillating   [  36% ] 10/80 VUs  04m18.0s/12m00.0s

running (04m19.0s), 10/80 VUs, 4095 complete and 0 interrupted iterations
oscillating   [  36% ] 10/80 VUs  04m19.0s/12m00.0s

running (04m20.0s), 10/80 VUs, 4109 complete and 0 interrupted iterations
oscillating   [  36% ] 10/80 VUs  04m20.0s/12m00.0s

running (04m21.0s), 10/80 VUs, 4124 complete and 0 interrupted iterations
oscillating   [  36% ] 10/80 VUs  04m21.0s/12m00.0s

running (04m22.0s), 10/80 VUs, 4138 complete and 0 interrupted iterations
oscillating   [  36% ] 10/80 VUs  04m22.0s/12m00.0s

running (04m23.0s), 10/80 VUs, 4152 complete and 0 interrupted iterations
oscillating   [  37% ] 10/80 VUs  04m23.0s/12m00.0s

running (04m24.0s), 10/80 VUs, 4164 complete and 0 interrupted iterations
oscillating   [  37% ] 10/80 VUs  04m24.0s/12m00.0s

running (04m25.0s), 10/80 VUs, 4180 complete and 0 interrupted iterations
oscillating   [  37% ] 10/80 VUs  04m25.0s/12m00.0s

running (04m26.0s), 10/80 VUs, 4192 complete and 0 interrupted iterations
oscillating   [  37% ] 10/80 VUs  04m26.0s/12m00.0s

running (04m27.0s), 10/80 VUs, 4210 complete and 0 interrupted iterations
oscillating   [  37% ] 10/80 VUs  04m27.0s/12m00.0s

running (04m28.0s), 10/80 VUs, 4222 complete and 0 interrupted iterations
oscillating   [  37% ] 10/80 VUs  04m28.0s/12m00.0s

running (04m29.0s), 10/80 VUs, 4236 complete and 0 interrupted iterations
oscillating   [  37% ] 10/80 VUs  04m29.0s/12m00.0s

running (04m30.0s), 10/80 VUs, 4251 complete and 0 interrupted iterations
oscillating   [  37% ] 10/80 VUs  04m30.0s/12m00.0s

running (04m31.0s), 10/80 VUs, 4264 complete and 0 interrupted iterations
oscillating   [  38% ] 10/80 VUs  04m31.0s/12m00.0s

running (04m32.0s), 10/80 VUs, 4278 complete and 0 interrupted iterations
oscillating   [  38% ] 10/80 VUs  04m32.0s/12m00.0s

running (04m33.0s), 10/80 VUs, 4292 complete and 0 interrupted iterations
oscillating   [  38% ] 10/80 VUs  04m33.0s/12m00.0s

running (04m34.0s), 10/80 VUs, 4304 complete and 0 interrupted iterations
oscillating   [  38% ] 10/80 VUs  04m34.0s/12m00.0s

running (04m35.0s), 10/80 VUs, 4317 complete and 0 interrupted iterations
oscillating   [  38% ] 10/80 VUs  04m35.0s/12m00.0s

running (04m36.0s), 10/80 VUs, 4333 complete and 0 interrupted iterations
oscillating   [  38% ] 10/80 VUs  04m36.0s/12m00.0s

running (04m37.0s), 10/80 VUs, 4346 complete and 0 interrupted iterations
oscillating   [  38% ] 10/80 VUs  04m37.0s/12m00.0s

running (04m38.0s), 10/80 VUs, 4360 complete and 0 interrupted iterations
oscillating   [  39% ] 10/80 VUs  04m38.0s/12m00.0s

running (04m39.0s), 10/80 VUs, 4374 complete and 0 interrupted iterations
oscillating   [  39% ] 10/80 VUs  04m39.0s/12m00.0s

running (04m40.0s), 10/80 VUs, 4388 complete and 0 interrupted iterations
oscillating   [  39% ] 10/80 VUs  04m40.0s/12m00.0s

running (04m41.0s), 10/80 VUs, 4401 complete and 0 interrupted iterations
oscillating   [  39% ] 10/80 VUs  04m41.0s/12m00.0s

running (04m42.0s), 10/80 VUs, 4415 complete and 0 interrupted iterations
oscillating   [  39% ] 10/80 VUs  04m42.0s/12m00.0s

running (04m43.0s), 10/80 VUs, 4430 complete and 0 interrupted iterations
oscillating   [  39% ] 10/80 VUs  04m43.0s/12m00.0s

running (04m44.0s), 10/80 VUs, 4447 complete and 0 interrupted iterations
oscillating   [  39% ] 10/80 VUs  04m44.0s/12m00.0s

running (04m45.0s), 10/80 VUs, 4458 complete and 0 interrupted iterations
oscillating   [  40% ] 10/80 VUs  04m45.0s/12m00.0s

running (04m46.0s), 10/80 VUs, 4474 complete and 0 interrupted iterations
oscillating   [  40% ] 10/80 VUs  04m46.0s/12m00.0s

running (04m47.0s), 10/80 VUs, 4487 complete and 0 interrupted iterations
oscillating   [  40% ] 10/80 VUs  04m47.0s/12m00.0s

running (04m48.0s), 10/80 VUs, 4501 complete and 0 interrupted iterations
oscillating   [  40% ] 10/80 VUs  04m48.0s/12m00.0s

running (04m49.0s), 10/80 VUs, 4516 complete and 0 interrupted iterations
oscillating   [  40% ] 10/80 VUs  04m49.0s/12m00.0s

running (04m50.0s), 10/80 VUs, 4530 complete and 0 interrupted iterations
oscillating   [  40% ] 10/80 VUs  04m50.0s/12m00.0s

running (04m51.0s), 10/80 VUs, 4543 complete and 0 interrupted iterations
oscillating   [  40% ] 10/80 VUs  04m51.0s/12m00.0s

running (04m52.0s), 10/80 VUs, 4558 complete and 0 interrupted iterations
oscillating   [  41% ] 10/80 VUs  04m52.0s/12m00.0s

running (04m53.0s), 10/80 VUs, 4571 complete and 0 interrupted iterations
oscillating   [  41% ] 10/80 VUs  04m53.0s/12m00.0s

running (04m54.0s), 10/80 VUs, 4584 complete and 0 interrupted iterations
oscillating   [  41% ] 10/80 VUs  04m54.0s/12m00.0s

running (04m55.0s), 10/80 VUs, 4601 complete and 0 interrupted iterations
oscillating   [  41% ] 10/80 VUs  04m55.0s/12m00.0s

running (04m56.0s), 10/80 VUs, 4613 complete and 0 interrupted iterations
oscillating   [  41% ] 10/80 VUs  04m56.0s/12m00.0s

running (04m57.0s), 10/80 VUs, 4627 complete and 0 interrupted iterations
oscillating   [  41% ] 10/80 VUs  04m57.0s/12m00.0s

running (04m58.0s), 10/80 VUs, 4641 complete and 0 interrupted iterations
oscillating   [  41% ] 10/80 VUs  04m58.0s/12m00.0s

running (04m59.0s), 10/80 VUs, 4657 complete and 0 interrupted iterations
oscillating   [  42% ] 10/80 VUs  04m59.0s/12m00.0s

running (05m00.0s), 10/80 VUs, 4671 complete and 0 interrupted iterations
oscillating   [  42% ] 10/80 VUs  05m00.0s/12m00.0s

running (05m01.0s), 16/80 VUs, 4687 complete and 0 interrupted iterations
oscillating   [  42% ] 16/80 VUs  05m01.0s/12m00.0s

running (05m02.0s), 23/80 VUs, 4713 complete and 0 interrupted iterations
oscillating   [  42% ] 23/80 VUs  05m02.0s/12m00.0s

running (05m03.0s), 30/80 VUs, 4743 complete and 0 interrupted iterations
oscillating   [  42% ] 30/80 VUs  05m03.0s/12m00.0s

running (05m04.0s), 37/80 VUs, 4790 complete and 0 interrupted iterations
oscillating   [  42% ] 37/80 VUs  05m04.0s/12m00.0s

running (05m05.0s), 44/80 VUs, 4845 complete and 0 interrupted iterations
oscillating   [  42% ] 44/80 VUs  05m05.0s/12m00.0s

running (05m06.0s), 51/80 VUs, 4910 complete and 0 interrupted iterations
oscillating   [  42% ] 51/80 VUs  05m06.0s/12m00.0s

running (05m07.0s), 58/80 VUs, 4980 complete and 0 interrupted iterations
oscillating   [  43% ] 58/80 VUs  05m07.0s/12m00.0s

running (05m08.0s), 65/80 VUs, 5064 complete and 0 interrupted iterations
oscillating   [  43% ] 65/80 VUs  05m08.0s/12m00.0s

running (05m09.0s), 72/80 VUs, 5163 complete and 0 interrupted iterations
oscillating   [  43% ] 72/80 VUs  05m09.0s/12m00.0s

running (05m10.0s), 79/80 VUs, 5265 complete and 0 interrupted iterations
oscillating   [  43% ] 79/80 VUs  05m10.0s/12m00.0s

running (05m11.0s), 80/80 VUs, 5382 complete and 0 interrupted iterations
oscillating   [  43% ] 80/80 VUs  05m11.0s/12m00.0s

running (05m12.0s), 80/80 VUs, 5497 complete and 0 interrupted iterations
oscillating   [  43% ] 80/80 VUs  05m12.0s/12m00.0s

running (05m13.0s), 80/80 VUs, 5603 complete and 0 interrupted iterations
oscillating   [  43% ] 80/80 VUs  05m13.0s/12m00.0s

running (05m14.0s), 80/80 VUs, 5709 complete and 0 interrupted iterations
oscillating   [  44% ] 80/80 VUs  05m14.0s/12m00.0s

running (05m15.0s), 80/80 VUs, 5822 complete and 0 interrupted iterations
oscillating   [  44% ] 80/80 VUs  05m15.0s/12m00.0s

running (05m16.0s), 80/80 VUs, 5934 complete and 0 interrupted iterations
oscillating   [  44% ] 80/80 VUs  05m16.0s/12m00.0s

running (05m17.0s), 80/80 VUs, 6047 complete and 0 interrupted iterations
oscillating   [  44% ] 80/80 VUs  05m17.0s/12m00.0s

running (05m18.0s), 80/80 VUs, 6158 complete and 0 interrupted iterations
oscillating   [  44% ] 80/80 VUs  05m18.0s/12m00.0s

running (05m19.0s), 80/80 VUs, 6267 complete and 0 interrupted iterations
oscillating   [  44% ] 80/80 VUs  05m19.0s/12m00.0s

running (05m20.0s), 80/80 VUs, 6383 complete and 0 interrupted iterations
oscillating   [  44% ] 80/80 VUs  05m20.0s/12m00.0s

running (05m21.0s), 80/80 VUs, 6488 complete and 0 interrupted iterations
oscillating   [  45% ] 80/80 VUs  05m21.0s/12m00.0s

running (05m22.0s), 80/80 VUs, 6602 complete and 0 interrupted iterations
oscillating   [  45% ] 80/80 VUs  05m22.0s/12m00.0s

running (05m23.0s), 80/80 VUs, 6709 complete and 0 interrupted iterations
oscillating   [  45% ] 80/80 VUs  05m23.0s/12m00.0s

running (05m24.0s), 80/80 VUs, 6826 complete and 0 interrupted iterations
oscillating   [  45% ] 80/80 VUs  05m24.0s/12m00.0s

running (05m25.0s), 80/80 VUs, 6934 complete and 0 interrupted iterations
oscillating   [  45% ] 80/80 VUs  05m25.0s/12m00.0s

running (05m26.0s), 80/80 VUs, 7040 complete and 0 interrupted iterations
oscillating   [  45% ] 80/80 VUs  05m26.0s/12m00.0s

running (05m27.0s), 80/80 VUs, 7162 complete and 0 interrupted iterations
oscillating   [  45% ] 80/80 VUs  05m27.0s/12m00.0s

running (05m28.0s), 80/80 VUs, 7270 complete and 0 interrupted iterations
oscillating   [  46% ] 80/80 VUs  05m28.0s/12m00.0s

running (05m29.0s), 80/80 VUs, 7387 complete and 0 interrupted iterations
oscillating   [  46% ] 80/80 VUs  05m29.0s/12m00.0s

running (05m30.0s), 80/80 VUs, 7501 complete and 0 interrupted iterations
oscillating   [  46% ] 80/80 VUs  05m30.0s/12m00.0s

running (05m31.0s), 80/80 VUs, 7613 complete and 0 interrupted iterations
oscillating   [  46% ] 80/80 VUs  05m31.0s/12m00.0s

running (05m32.0s), 80/80 VUs, 7726 complete and 0 interrupted iterations
oscillating   [  46% ] 80/80 VUs  05m32.0s/12m00.0s

running (05m33.0s), 80/80 VUs, 7831 complete and 0 interrupted iterations
oscillating   [  46% ] 80/80 VUs  05m33.0s/12m00.0s

running (05m34.0s), 80/80 VUs, 7950 complete and 0 interrupted iterations
oscillating   [  46% ] 80/80 VUs  05m34.0s/12m00.0s
time="2026-05-07T06:24:59Z" level=warning msg="Request Failed" error="Post \"http://shipping-rate-service.ecommerce.svc.cluster.local:8006/shipping/quotes\": read tcp 10.244.1.187:45982->10.0.103.208:8006: read: connection reset by peer"
time="2026-05-07T06:24:59Z" level=warning msg="Request Failed" error="Post \"http://shipping-rate-service.ecommerce.svc.cluster.local:8006/shipping/quotes\": EOF"
time="2026-05-07T06:25:00Z" level=warning msg="Request Failed" error="Post \"http://shipping-rate-service.ecommerce.svc.cluster.local:8006/shipping/quotes\": EOF"
time="2026-05-07T06:25:00Z" level=warning msg="Request Failed" error="Post \"http://shipping-rate-service.ecommerce.svc.cluster.local:8006/shipping/quotes\": EOF"

running (05m35.0s), 80/80 VUs, 8059 complete and 0 interrupted iterations
oscillating   [  47% ] 80/80 VUs  05m35.0s/12m00.0s

running (05m36.0s), 80/80 VUs, 8140 complete and 0 interrupted iterations
oscillating   [  47% ] 80/80 VUs  05m36.0s/12m00.0s

running (05m37.0s), 80/80 VUs, 8215 complete and 0 interrupted iterations
oscillating   [  47% ] 80/80 VUs  05m37.0s/12m00.0s

running (05m38.0s), 80/80 VUs, 8292 complete and 0 interrupted iterations
oscillating   [  47% ] 80/80 VUs  05m38.0s/12m00.0s

running (05m39.0s), 80/80 VUs, 8372 complete and 0 interrupted iterations
oscillating   [  47% ] 80/80 VUs  05m39.0s/12m00.0s

running (05m40.0s), 80/80 VUs, 8452 complete and 0 interrupted iterations
oscillating   [  47% ] 80/80 VUs  05m40.0s/12m00.0s

running (05m41.0s), 80/80 VUs, 8529 complete and 0 interrupted iterations
oscillating   [  47% ] 80/80 VUs  05m41.0s/12m00.0s

running (05m42.0s), 80/80 VUs, 8604 complete and 0 interrupted iterations
oscillating   [  47% ] 80/80 VUs  05m42.0s/12m00.0s

running (05m43.0s), 80/80 VUs, 8684 complete and 0 interrupted iterations
oscillating   [  48% ] 80/80 VUs  05m43.0s/12m00.0s

running (05m44.0s), 80/80 VUs, 8763 complete and 0 interrupted iterations
oscillating   [  48% ] 80/80 VUs  05m44.0s/12m00.0s

running (05m45.0s), 80/80 VUs, 8838 complete and 0 interrupted iterations
oscillating   [  48% ] 80/80 VUs  05m45.0s/12m00.0s

running (05m46.0s), 80/80 VUs, 8915 complete and 0 interrupted iterations
oscillating   [  48% ] 80/80 VUs  05m46.0s/12m00.0s

running (05m47.0s), 80/80 VUs, 8995 complete and 0 interrupted iterations
oscillating   [  48% ] 80/80 VUs  05m47.0s/12m00.0s

running (05m48.0s), 80/80 VUs, 9076 complete and 0 interrupted iterations
oscillating   [  48% ] 80/80 VUs  05m48.0s/12m00.0s

running (05m49.0s), 80/80 VUs, 9149 complete and 0 interrupted iterations
oscillating   [  48% ] 80/80 VUs  05m49.0s/12m00.0s

running (05m50.0s), 80/80 VUs, 9221 complete and 0 interrupted iterations
oscillating   [  49% ] 80/80 VUs  05m50.0s/12m00.0s

running (05m51.0s), 80/80 VUs, 9307 complete and 0 interrupted iterations
oscillating   [  49% ] 80/80 VUs  05m51.0s/12m00.0s

running (05m52.0s), 80/80 VUs, 9376 complete and 0 interrupted iterations
oscillating   [  49% ] 80/80 VUs  05m52.0s/12m00.0s

running (05m53.0s), 80/80 VUs, 9465 complete and 0 interrupted iterations
oscillating   [  49% ] 80/80 VUs  05m53.0s/12m00.0s

running (05m54.0s), 80/80 VUs, 9539 complete and 0 interrupted iterations
oscillating   [  49% ] 80/80 VUs  05m54.0s/12m00.0s

running (05m55.0s), 80/80 VUs, 9618 complete and 0 interrupted iterations
oscillating   [  49% ] 80/80 VUs  05m55.0s/12m00.0s

running (05m56.0s), 80/80 VUs, 9692 complete and 0 interrupted iterations
oscillating   [  49% ] 80/80 VUs  05m56.0s/12m00.0s

running (05m57.0s), 80/80 VUs, 9773 complete and 0 interrupted iterations
oscillating   [  50% ] 80/80 VUs  05m57.0s/12m00.0s

running (05m58.0s), 80/80 VUs, 9847 complete and 0 interrupted iterations
oscillating   [  50% ] 80/80 VUs  05m58.0s/12m00.0s

running (05m59.0s), 80/80 VUs, 9930 complete and 0 interrupted iterations
oscillating   [  50% ] 80/80 VUs  05m59.0s/12m00.0s

running (06m00.0s), 80/80 VUs, 10004 complete and 0 interrupted iterations
oscillating   [  50% ] 80/80 VUs  06m00.0s/12m00.0s

running (06m01.0s), 80/80 VUs, 10085 complete and 0 interrupted iterations
oscillating   [  50% ] 80/80 VUs  06m01.0s/12m00.0s

running (06m02.0s), 80/80 VUs, 10159 complete and 0 interrupted iterations
oscillating   [  50% ] 80/80 VUs  06m02.0s/12m00.0s

running (06m03.0s), 80/80 VUs, 10245 complete and 0 interrupted iterations
oscillating   [  50% ] 80/80 VUs  06m03.0s/12m00.0s

running (06m04.0s), 80/80 VUs, 10319 complete and 0 interrupted iterations
oscillating   [  51% ] 80/80 VUs  06m04.0s/12m00.0s

running (06m05.0s), 80/80 VUs, 10383 complete and 0 interrupted iterations
oscillating   [  51% ] 80/80 VUs  06m05.0s/12m00.0s

running (06m06.0s), 80/80 VUs, 10411 complete and 0 interrupted iterations
oscillating   [  51% ] 80/80 VUs  06m06.0s/12m00.0s

running (06m07.0s), 80/80 VUs, 10428 complete and 0 interrupted iterations
oscillating   [  51% ] 80/80 VUs  06m07.0s/12m00.0s

running (06m08.0s), 80/80 VUs, 10444 complete and 0 interrupted iterations
oscillating   [  51% ] 80/80 VUs  06m08.0s/12m00.0s

running (06m09.0s), 80/80 VUs, 10472 complete and 0 interrupted iterations
oscillating   [  51% ] 80/80 VUs  06m09.0s/12m00.0s

running (06m10.0s), 80/80 VUs, 10472 complete and 0 interrupted iterations
oscillating   [  51% ] 80/80 VUs  06m10.0s/12m00.0s

running (06m11.0s), 80/80 VUs, 10498 complete and 0 interrupted iterations
oscillating   [  52% ] 80/80 VUs  06m11.0s/12m00.0s

running (06m12.0s), 80/80 VUs, 10525 complete and 0 interrupted iterations
oscillating   [  52% ] 80/80 VUs  06m12.0s/12m00.0s

running (06m13.0s), 80/80 VUs, 10525 complete and 0 interrupted iterations
oscillating   [  52% ] 80/80 VUs  06m13.0s/12m00.0s

running (06m14.0s), 80/80 VUs, 10552 complete and 0 interrupted iterations
oscillating   [  52% ] 80/80 VUs  06m14.0s/12m00.0s

running (06m15.0s), 80/80 VUs, 10552 complete and 0 interrupted iterations
oscillating   [  52% ] 80/80 VUs  06m15.0s/12m00.0s

running (06m16.0s), 80/80 VUs, 10578 complete and 0 interrupted iterations
oscillating   [  52% ] 80/80 VUs  06m16.0s/12m00.0s

running (06m17.0s), 80/80 VUs, 10578 complete and 0 interrupted iterations
oscillating   [  52% ] 80/80 VUs  06m17.0s/12m00.0s

running (06m18.0s), 80/80 VUs, 10605 complete and 0 interrupted iterations
oscillating   [  52% ] 80/80 VUs  06m18.0s/12m00.0s

running (06m19.0s), 80/80 VUs, 10632 complete and 0 interrupted iterations
oscillating   [  53% ] 80/80 VUs  06m19.0s/12m00.0s

running (06m20.0s), 80/80 VUs, 10632 complete and 0 interrupted iterations
oscillating   [  53% ] 80/80 VUs  06m20.0s/12m00.0s

running (06m21.0s), 80/80 VUs, 10656 complete and 0 interrupted iterations
oscillating   [  53% ] 80/80 VUs  06m21.0s/12m00.0s

running (06m22.0s), 80/80 VUs, 10656 complete and 0 interrupted iterations
oscillating   [  53% ] 80/80 VUs  06m22.0s/12m00.0s

running (06m23.0s), 80/80 VUs, 10682 complete and 0 interrupted iterations
oscillating   [  53% ] 80/80 VUs  06m23.0s/12m00.0s

running (06m24.0s), 80/80 VUs, 10704 complete and 0 interrupted iterations
oscillating   [  53% ] 80/80 VUs  06m24.0s/12m00.0s

running (06m25.0s), 80/80 VUs, 10706 complete and 0 interrupted iterations
oscillating   [  53% ] 80/80 VUs  06m25.0s/12m00.0s

running (06m26.0s), 80/80 VUs, 10733 complete and 0 interrupted iterations
oscillating   [  54% ] 80/80 VUs  06m26.0s/12m00.0s

running (06m27.0s), 80/80 VUs, 10733 complete and 0 interrupted iterations
oscillating   [  54% ] 80/80 VUs  06m27.0s/12m00.0s

running (06m28.0s), 80/80 VUs, 10760 complete and 0 interrupted iterations
oscillating   [  54% ] 80/80 VUs  06m28.0s/12m00.0s

running (06m29.0s), 80/80 VUs, 10760 complete and 0 interrupted iterations
oscillating   [  54% ] 80/80 VUs  06m29.0s/12m00.0s

running (06m30.0s), 80/80 VUs, 10786 complete and 0 interrupted iterations
oscillating   [  54% ] 80/80 VUs  06m30.0s/12m00.0s

running (06m31.0s), 79/80 VUs, 10813 complete and 0 interrupted iterations
oscillating   [  54% ] 79/80 VUs  06m31.0s/12m00.0s

running (06m32.0s), 79/80 VUs, 10813 complete and 0 interrupted iterations
oscillating   [  54% ] 79/80 VUs  06m32.0s/12m00.0s

running (06m33.0s), 74/80 VUs, 10840 complete and 0 interrupted iterations
oscillating   [  55% ] 74/80 VUs  06m33.0s/12m00.0s

running (06m34.0s), 62/80 VUs, 10866 complete and 0 interrupted iterations
oscillating   [  55% ] 62/80 VUs  06m34.0s/12m00.0s

running (06m35.0s), 53/80 VUs, 10893 complete and 0 interrupted iterations
oscillating   [  55% ] 53/80 VUs  06m35.0s/12m00.0s

running (06m36.0s), 47/80 VUs, 10921 complete and 0 interrupted iterations
oscillating   [  55% ] 47/80 VUs  06m36.0s/12m00.0s

running (06m37.0s), 34/80 VUs, 10972 complete and 0 interrupted iterations
oscillating   [  55% ] 34/80 VUs  06m37.0s/12m00.0s

running (06m38.0s), 27/80 VUs, 11019 complete and 0 interrupted iterations
oscillating   [  55% ] 27/80 VUs  06m38.0s/12m00.0s

running (06m39.0s), 21/80 VUs, 11052 complete and 0 interrupted iterations
oscillating   [  55% ] 21/80 VUs  06m39.0s/12m00.0s

running (06m40.0s), 14/80 VUs, 11081 complete and 0 interrupted iterations
oscillating   [  56% ] 14/80 VUs  06m40.0s/12m00.0s

running (06m41.0s), 10/80 VUs, 11099 complete and 0 interrupted iterations
oscillating   [  56% ] 10/80 VUs  06m41.0s/12m00.0s

running (06m42.0s), 10/80 VUs, 11115 complete and 0 interrupted iterations
oscillating   [  56% ] 10/80 VUs  06m42.0s/12m00.0s

running (06m43.0s), 10/80 VUs, 11128 complete and 0 interrupted iterations
oscillating   [  56% ] 10/80 VUs  06m43.0s/12m00.0s

running (06m44.0s), 10/80 VUs, 11143 complete and 0 interrupted iterations
oscillating   [  56% ] 10/80 VUs  06m44.0s/12m00.0s

running (06m45.0s), 10/80 VUs, 11158 complete and 0 interrupted iterations
oscillating   [  56% ] 10/80 VUs  06m45.0s/12m00.0s

running (06m46.0s), 10/80 VUs, 11171 complete and 0 interrupted iterations
oscillating   [  56% ] 10/80 VUs  06m46.0s/12m00.0s

running (06m47.0s), 10/80 VUs, 11185 complete and 0 interrupted iterations
oscillating   [  57% ] 10/80 VUs  06m47.0s/12m00.0s

running (06m48.0s), 10/80 VUs, 11202 complete and 0 interrupted iterations
oscillating   [  57% ] 10/80 VUs  06m48.0s/12m00.0s

running (06m49.0s), 10/80 VUs, 11213 complete and 0 interrupted iterations
oscillating   [  57% ] 10/80 VUs  06m49.0s/12m00.0s

running (06m50.0s), 10/80 VUs, 11228 complete and 0 interrupted iterations
oscillating   [  57% ] 10/80 VUs  06m50.0s/12m00.0s

running (06m51.0s), 10/80 VUs, 11241 complete and 0 interrupted iterations
oscillating   [  57% ] 10/80 VUs  06m51.0s/12m00.0s

running (06m52.0s), 10/80 VUs, 11254 complete and 0 interrupted iterations
oscillating   [  57% ] 10/80 VUs  06m52.0s/12m00.0s

running (06m53.0s), 10/80 VUs, 11269 complete and 0 interrupted iterations
oscillating   [  57% ] 10/80 VUs  06m53.0s/12m00.0s

running (06m54.0s), 10/80 VUs, 11282 complete and 0 interrupted iterations
oscillating   [  57% ] 10/80 VUs  06m54.0s/12m00.0s

running (06m55.0s), 10/80 VUs, 11296 complete and 0 interrupted iterations
oscillating   [  58% ] 10/80 VUs  06m55.0s/12m00.0s

running (06m56.0s), 10/80 VUs, 11314 complete and 0 interrupted iterations
oscillating   [  58% ] 10/80 VUs  06m56.0s/12m00.0s

running (06m57.0s), 10/80 VUs, 11325 complete and 0 interrupted iterations
oscillating   [  58% ] 10/80 VUs  06m57.0s/12m00.0s

running (06m58.0s), 10/80 VUs, 11338 complete and 0 interrupted iterations
oscillating   [  58% ] 10/80 VUs  06m58.0s/12m00.0s

running (06m59.0s), 10/80 VUs, 11352 complete and 0 interrupted iterations
oscillating   [  58% ] 10/80 VUs  06m59.0s/12m00.0s

running (07m00.0s), 10/80 VUs, 11367 complete and 0 interrupted iterations
oscillating   [  58% ] 10/80 VUs  07m00.0s/12m00.0s

running (07m01.0s), 10/80 VUs, 11380 complete and 0 interrupted iterations
oscillating   [  58% ] 10/80 VUs  07m01.0s/12m00.0s

running (07m02.0s), 10/80 VUs, 11398 complete and 0 interrupted iterations
oscillating   [  59% ] 10/80 VUs  07m02.0s/12m00.0s

running (07m03.0s), 10/80 VUs, 11411 complete and 0 interrupted iterations
oscillating   [  59% ] 10/80 VUs  07m03.0s/12m00.0s

running (07m04.0s), 10/80 VUs, 11426 complete and 0 interrupted iterations
oscillating   [  59% ] 10/80 VUs  07m04.0s/12m00.0s

running (07m05.0s), 10/80 VUs, 11439 complete and 0 interrupted iterations
oscillating   [  59% ] 10/80 VUs  07m05.0s/12m00.0s

running (07m06.0s), 10/80 VUs, 11453 complete and 0 interrupted iterations
oscillating   [  59% ] 10/80 VUs  07m06.0s/12m00.0s

running (07m07.0s), 10/80 VUs, 11467 complete and 0 interrupted iterations
oscillating   [  59% ] 10/80 VUs  07m07.0s/12m00.0s

running (07m08.0s), 10/80 VUs, 11480 complete and 0 interrupted iterations
oscillating   [  59% ] 10/80 VUs  07m08.0s/12m00.0s

running (07m09.0s), 10/80 VUs, 11495 complete and 0 interrupted iterations
oscillating   [  60% ] 10/80 VUs  07m09.0s/12m00.0s

running (07m10.0s), 10/80 VUs, 11508 complete and 0 interrupted iterations
oscillating   [  60% ] 10/80 VUs  07m10.0s/12m00.0s

running (07m11.0s), 10/80 VUs, 11523 complete and 0 interrupted iterations
oscillating   [  60% ] 10/80 VUs  07m11.0s/12m00.0s

running (07m12.0s), 10/80 VUs, 11538 complete and 0 interrupted iterations
oscillating   [  60% ] 10/80 VUs  07m12.0s/12m00.0s

running (07m13.0s), 10/80 VUs, 11551 complete and 0 interrupted iterations
oscillating   [  60% ] 10/80 VUs  07m13.0s/12m00.0s

running (07m14.0s), 10/80 VUs, 11567 complete and 0 interrupted iterations
oscillating   [  60% ] 10/80 VUs  07m14.0s/12m00.0s

running (07m15.0s), 10/80 VUs, 11579 complete and 0 interrupted iterations
oscillating   [  60% ] 10/80 VUs  07m15.0s/12m00.0s

running (07m16.0s), 10/80 VUs, 11596 complete and 0 interrupted iterations
oscillating   [  61% ] 10/80 VUs  07m16.0s/12m00.0s

running (07m17.0s), 10/80 VUs, 11610 complete and 0 interrupted iterations
oscillating   [  61% ] 10/80 VUs  07m17.0s/12m00.0s

running (07m18.0s), 10/80 VUs, 11623 complete and 0 interrupted iterations
oscillating   [  61% ] 10/80 VUs  07m18.0s/12m00.0s

running (07m19.0s), 10/80 VUs, 11638 complete and 0 interrupted iterations
oscillating   [  61% ] 10/80 VUs  07m19.0s/12m00.0s

running (07m20.0s), 10/80 VUs, 11650 complete and 0 interrupted iterations
oscillating   [  61% ] 10/80 VUs  07m20.0s/12m00.0s

running (07m21.0s), 10/80 VUs, 11664 complete and 0 interrupted iterations
oscillating   [  61% ] 10/80 VUs  07m21.0s/12m00.0s

running (07m22.0s), 10/80 VUs, 11680 complete and 0 interrupted iterations
oscillating   [  61% ] 10/80 VUs  07m22.0s/12m00.0s

running (07m23.0s), 10/80 VUs, 11692 complete and 0 interrupted iterations
oscillating   [  62% ] 10/80 VUs  07m23.0s/12m00.0s

running (07m24.0s), 10/80 VUs, 11706 complete and 0 interrupted iterations
oscillating   [  62% ] 10/80 VUs  07m24.0s/12m00.0s

running (07m25.0s), 10/80 VUs, 11719 complete and 0 interrupted iterations
oscillating   [  62% ] 10/80 VUs  07m25.0s/12m00.0s

running (07m26.0s), 10/80 VUs, 11735 complete and 0 interrupted iterations
oscillating   [  62% ] 10/80 VUs  07m26.0s/12m00.0s

running (07m27.0s), 10/80 VUs, 11746 complete and 0 interrupted iterations
oscillating   [  62% ] 10/80 VUs  07m27.0s/12m00.0s

running (07m28.0s), 10/80 VUs, 11762 complete and 0 interrupted iterations
oscillating   [  62% ] 10/80 VUs  07m28.0s/12m00.0s

running (07m29.0s), 10/80 VUs, 11775 complete and 0 interrupted iterations
oscillating   [  62% ] 10/80 VUs  07m29.0s/12m00.0s

running (07m30.0s), 10/80 VUs, 11790 complete and 0 interrupted iterations
oscillating   [  62% ] 10/80 VUs  07m30.0s/12m00.0s

running (07m31.0s), 10/80 VUs, 11803 complete and 0 interrupted iterations
oscillating   [  63% ] 10/80 VUs  07m31.0s/12m00.0s

running (07m32.0s), 10/80 VUs, 11819 complete and 0 interrupted iterations
oscillating   [  63% ] 10/80 VUs  07m32.0s/12m00.0s

running (07m33.0s), 10/80 VUs, 11834 complete and 0 interrupted iterations
oscillating   [  63% ] 10/80 VUs  07m33.0s/12m00.0s

running (07m34.0s), 10/80 VUs, 11847 complete and 0 interrupted iterations
oscillating   [  63% ] 10/80 VUs  07m34.0s/12m00.0s

running (07m35.0s), 10/80 VUs, 11861 complete and 0 interrupted iterations
oscillating   [  63% ] 10/80 VUs  07m35.0s/12m00.0s

running (07m36.0s), 10/80 VUs, 11877 complete and 0 interrupted iterations
oscillating   [  63% ] 10/80 VUs  07m36.0s/12m00.0s

running (07m37.0s), 10/80 VUs, 11891 complete and 0 interrupted iterations
oscillating   [  63% ] 10/80 VUs  07m37.0s/12m00.0s

running (07m38.0s), 10/80 VUs, 11904 complete and 0 interrupted iterations
oscillating   [  64% ] 10/80 VUs  07m38.0s/12m00.0s

running (07m39.0s), 10/80 VUs, 11920 complete and 0 interrupted iterations
oscillating   [  64% ] 10/80 VUs  07m39.0s/12m00.0s

running (07m40.0s), 10/80 VUs, 11932 complete and 0 interrupted iterations
oscillating   [  64% ] 10/80 VUs  07m40.0s/12m00.0s

running (07m41.0s), 10/80 VUs, 11946 complete and 0 interrupted iterations
oscillating   [  64% ] 10/80 VUs  07m41.0s/12m00.0s

running (07m42.0s), 10/80 VUs, 11960 complete and 0 interrupted iterations
oscillating   [  64% ] 10/80 VUs  07m42.0s/12m00.0s

running (07m43.0s), 10/80 VUs, 11973 complete and 0 interrupted iterations
oscillating   [  64% ] 10/80 VUs  07m43.0s/12m00.0s

running (07m44.0s), 10/80 VUs, 11988 complete and 0 interrupted iterations
oscillating   [  64% ] 10/80 VUs  07m44.0s/12m00.0s

running (07m45.0s), 10/80 VUs, 12002 complete and 0 interrupted iterations
oscillating   [  65% ] 10/80 VUs  07m45.0s/12m00.0s

running (07m46.0s), 10/80 VUs, 12017 complete and 0 interrupted iterations
oscillating   [  65% ] 10/80 VUs  07m46.0s/12m00.0s

running (07m47.0s), 10/80 VUs, 12033 complete and 0 interrupted iterations
oscillating   [  65% ] 10/80 VUs  07m47.0s/12m00.0s

running (07m48.0s), 10/80 VUs, 12045 complete and 0 interrupted iterations
oscillating   [  65% ] 10/80 VUs  07m48.0s/12m00.0s

running (07m49.0s), 10/80 VUs, 12060 complete and 0 interrupted iterations
oscillating   [  65% ] 10/80 VUs  07m49.0s/12m00.0s

running (07m50.0s), 10/80 VUs, 12073 complete and 0 interrupted iterations
oscillating   [  65% ] 10/80 VUs  07m50.0s/12m00.0s

running (07m51.0s), 10/80 VUs, 12089 complete and 0 interrupted iterations
oscillating   [  65% ] 10/80 VUs  07m51.0s/12m00.0s

running (07m52.0s), 10/80 VUs, 12104 complete and 0 interrupted iterations
oscillating   [  66% ] 10/80 VUs  07m52.0s/12m00.0s

running (07m53.0s), 10/80 VUs, 12116 complete and 0 interrupted iterations
oscillating   [  66% ] 10/80 VUs  07m53.0s/12m00.0s

running (07m54.0s), 10/80 VUs, 12131 complete and 0 interrupted iterations
oscillating   [  66% ] 10/80 VUs  07m54.0s/12m00.0s

running (07m55.0s), 10/80 VUs, 12146 complete and 0 interrupted iterations
oscillating   [  66% ] 10/80 VUs  07m55.0s/12m00.0s

running (07m56.0s), 10/80 VUs, 12159 complete and 0 interrupted iterations
oscillating   [  66% ] 10/80 VUs  07m56.0s/12m00.0s

running (07m57.0s), 10/80 VUs, 12172 complete and 0 interrupted iterations
oscillating   [  66% ] 10/80 VUs  07m57.0s/12m00.0s

running (07m58.0s), 10/80 VUs, 12189 complete and 0 interrupted iterations
oscillating   [  66% ] 10/80 VUs  07m58.0s/12m00.0s

running (07m59.0s), 10/80 VUs, 12204 complete and 0 interrupted iterations
oscillating   [  67% ] 10/80 VUs  07m59.0s/12m00.0s

running (08m00.0s), 10/80 VUs, 12217 complete and 0 interrupted iterations
oscillating   [  67% ] 10/80 VUs  08m00.0s/12m00.0s

running (08m01.0s), 16/80 VUs, 12233 complete and 0 interrupted iterations
oscillating   [  67% ] 16/80 VUs  08m01.0s/12m00.0s

running (08m02.0s), 23/80 VUs, 12259 complete and 0 interrupted iterations
oscillating   [  67% ] 23/80 VUs  08m02.0s/12m00.0s

running (08m03.0s), 30/80 VUs, 12292 complete and 0 interrupted iterations
oscillating   [  67% ] 30/80 VUs  08m03.0s/12m00.0s

running (08m04.0s), 37/80 VUs, 12337 complete and 0 interrupted iterations
oscillating   [  67% ] 37/80 VUs  08m04.0s/12m00.0s

running (08m05.0s), 44/80 VUs, 12390 complete and 0 interrupted iterations
oscillating   [  67% ] 44/80 VUs  08m05.0s/12m00.0s

running (08m06.0s), 51/80 VUs, 12456 complete and 0 interrupted iterations
oscillating   [  67% ] 51/80 VUs  08m06.0s/12m00.0s

running (08m07.0s), 58/80 VUs, 12528 complete and 0 interrupted iterations
oscillating   [  68% ] 58/80 VUs  08m07.0s/12m00.0s

running (08m08.0s), 65/80 VUs, 12609 complete and 0 interrupted iterations
oscillating   [  68% ] 65/80 VUs  08m08.0s/12m00.0s

running (08m09.0s), 72/80 VUs, 12705 complete and 0 interrupted iterations
oscillating   [  68% ] 72/80 VUs  08m09.0s/12m00.0s

running (08m10.0s), 79/80 VUs, 12806 complete and 0 interrupted iterations
oscillating   [  68% ] 79/80 VUs  08m10.0s/12m00.0s

running (08m11.0s), 80/80 VUs, 12917 complete and 0 interrupted iterations
oscillating   [  68% ] 80/80 VUs  08m11.0s/12m00.0s

running (08m12.0s), 80/80 VUs, 13028 complete and 0 interrupted iterations
oscillating   [  68% ] 80/80 VUs  08m12.0s/12m00.0s

running (08m13.0s), 80/80 VUs, 13142 complete and 0 interrupted iterations
oscillating   [  68% ] 80/80 VUs  08m13.0s/12m00.0s

running (08m14.0s), 80/80 VUs, 13257 complete and 0 interrupted iterations
oscillating   [  69% ] 80/80 VUs  08m14.0s/12m00.0s

running (08m15.0s), 80/80 VUs, 13372 complete and 0 interrupted iterations
oscillating   [  69% ] 80/80 VUs  08m15.0s/12m00.0s

running (08m16.0s), 80/80 VUs, 13486 complete and 0 interrupted iterations
oscillating   [  69% ] 80/80 VUs  08m16.0s/12m00.0s

running (08m17.0s), 80/80 VUs, 13599 complete and 0 interrupted iterations
oscillating   [  69% ] 80/80 VUs  08m17.0s/12m00.0s

running (08m18.0s), 80/80 VUs, 13711 complete and 0 interrupted iterations
oscillating   [  69% ] 80/80 VUs  08m18.0s/12m00.0s

running (08m19.0s), 80/80 VUs, 13825 complete and 0 interrupted iterations
oscillating   [  69% ] 80/80 VUs  08m19.0s/12m00.0s

running (08m20.0s), 80/80 VUs, 13941 complete and 0 interrupted iterations
oscillating   [  69% ] 80/80 VUs  08m20.0s/12m00.0s

running (08m21.0s), 80/80 VUs, 14052 complete and 0 interrupted iterations
oscillating   [  70% ] 80/80 VUs  08m21.0s/12m00.0s

running (08m22.0s), 80/80 VUs, 14164 complete and 0 interrupted iterations
oscillating   [  70% ] 80/80 VUs  08m22.0s/12m00.0s

running (08m23.0s), 80/80 VUs, 14278 complete and 0 interrupted iterations
oscillating   [  70% ] 80/80 VUs  08m23.0s/12m00.0s

running (08m24.0s), 80/80 VUs, 14386 complete and 0 interrupted iterations
oscillating   [  70% ] 80/80 VUs  08m24.0s/12m00.0s

running (08m25.0s), 80/80 VUs, 14503 complete and 0 interrupted iterations
oscillating   [  70% ] 80/80 VUs  08m25.0s/12m00.0s

running (08m26.0s), 80/80 VUs, 14615 complete and 0 interrupted iterations
oscillating   [  70% ] 80/80 VUs  08m26.0s/12m00.0s

running (08m27.0s), 80/80 VUs, 14728 complete and 0 interrupted iterations
oscillating   [  70% ] 80/80 VUs  08m27.0s/12m00.0s

running (08m28.0s), 80/80 VUs, 14840 complete and 0 interrupted iterations
oscillating   [  71% ] 80/80 VUs  08m28.0s/12m00.0s

running (08m29.0s), 80/80 VUs, 14952 complete and 0 interrupted iterations
oscillating   [  71% ] 80/80 VUs  08m29.0s/12m00.0s

running (08m30.0s), 80/80 VUs, 15060 complete and 0 interrupted iterations
oscillating   [  71% ] 80/80 VUs  08m30.0s/12m00.0s

running (08m31.0s), 80/80 VUs, 15172 complete and 0 interrupted iterations
oscillating   [  71% ] 80/80 VUs  08m31.0s/12m00.0s

running (08m32.0s), 80/80 VUs, 15289 complete and 0 interrupted iterations
oscillating   [  71% ] 80/80 VUs  08m32.0s/12m00.0s

running (08m33.0s), 80/80 VUs, 15400 complete and 0 interrupted iterations
oscillating   [  71% ] 80/80 VUs  08m33.0s/12m00.0s

running (08m34.0s), 80/80 VUs, 15514 complete and 0 interrupted iterations
oscillating   [  71% ] 80/80 VUs  08m34.0s/12m00.0s
time="2026-05-07T06:28:00Z" level=warning msg="Request Failed" error="Post \"http://shipping-rate-service.ecommerce.svc.cluster.local:8006/shipping/quotes\": EOF"

running (08m35.0s), 80/80 VUs, 15622 complete and 0 interrupted iterations
oscillating   [  72% ] 80/80 VUs  08m35.0s/12m00.0s

running (08m36.0s), 80/80 VUs, 15667 complete and 0 interrupted iterations
oscillating   [  72% ] 80/80 VUs  08m36.0s/12m00.0s

running (08m37.0s), 80/80 VUs, 15692 complete and 0 interrupted iterations
oscillating   [  72% ] 80/80 VUs  08m37.0s/12m00.0s

running (08m38.0s), 80/80 VUs, 15696 complete and 0 interrupted iterations
oscillating   [  72% ] 80/80 VUs  08m38.0s/12m00.0s

running (08m39.0s), 80/80 VUs, 15721 complete and 0 interrupted iterations
oscillating   [  72% ] 80/80 VUs  08m39.0s/12m00.0s

running (08m40.0s), 80/80 VUs, 15748 complete and 0 interrupted iterations
oscillating   [  72% ] 80/80 VUs  08m40.0s/12m00.0s

running (08m41.0s), 80/80 VUs, 15748 complete and 0 interrupted iterations
oscillating   [  72% ] 80/80 VUs  08m41.0s/12m00.0s

running (08m42.0s), 80/80 VUs, 15775 complete and 0 interrupted iterations
oscillating   [  72% ] 80/80 VUs  08m42.0s/12m00.0s

running (08m43.0s), 80/80 VUs, 15798 complete and 0 interrupted iterations
oscillating   [  73% ] 80/80 VUs  08m43.0s/12m00.0s

running (08m44.0s), 80/80 VUs, 15799 complete and 0 interrupted iterations
oscillating   [  73% ] 80/80 VUs  08m44.0s/12m00.0s

running (08m45.0s), 80/80 VUs, 15827 complete and 0 interrupted iterations
oscillating   [  73% ] 80/80 VUs  08m45.0s/12m00.0s

running (08m46.0s), 80/80 VUs, 15827 complete and 0 interrupted iterations
oscillating   [  73% ] 80/80 VUs  08m46.0s/12m00.0s

running (08m47.0s), 80/80 VUs, 15854 complete and 0 interrupted iterations
oscillating   [  73% ] 80/80 VUs  08m47.0s/12m00.0s

running (08m48.0s), 80/80 VUs, 15880 complete and 0 interrupted iterations
oscillating   [  73% ] 80/80 VUs  08m48.0s/12m00.0s

running (08m49.0s), 80/80 VUs, 15880 complete and 0 interrupted iterations
oscillating   [  73% ] 80/80 VUs  08m49.0s/12m00.0s

running (08m50.0s), 80/80 VUs, 15907 complete and 0 interrupted iterations
oscillating   [  74% ] 80/80 VUs  08m50.0s/12m00.0s

running (08m51.0s), 80/80 VUs, 15934 complete and 0 interrupted iterations
oscillating   [  74% ] 80/80 VUs  08m51.0s/12m00.0s

running (08m52.0s), 80/80 VUs, 15934 complete and 0 interrupted iterations
oscillating   [  74% ] 80/80 VUs  08m52.0s/12m00.0s

running (08m53.0s), 80/80 VUs, 15960 complete and 0 interrupted iterations
oscillating   [  74% ] 80/80 VUs  08m53.0s/12m00.0s

running (08m54.0s), 80/80 VUs, 15960 complete and 0 interrupted iterations
oscillating   [  74% ] 80/80 VUs  08m54.0s/12m00.0s

running (08m55.0s), 80/80 VUs, 15985 complete and 0 interrupted iterations
oscillating   [  74% ] 80/80 VUs  08m55.0s/12m00.0s

running (08m56.0s), 80/80 VUs, 16013 complete and 0 interrupted iterations
oscillating   [  74% ] 80/80 VUs  08m56.0s/12m00.0s

running (08m57.0s), 80/80 VUs, 16013 complete and 0 interrupted iterations
oscillating   [  75% ] 80/80 VUs  08m57.0s/12m00.0s

running (08m58.0s), 80/80 VUs, 16039 complete and 0 interrupted iterations
oscillating   [  75% ] 80/80 VUs  08m58.0s/12m00.0s

running (08m59.0s), 80/80 VUs, 16046 complete and 0 interrupted iterations
oscillating   [  75% ] 80/80 VUs  08m59.0s/12m00.0s

running (09m00.0s), 80/80 VUs, 16073 complete and 0 interrupted iterations
oscillating   [  75% ] 80/80 VUs  09m00.0s/12m00.0s

running (09m01.0s), 80/80 VUs, 16100 complete and 0 interrupted iterations
oscillating   [  75% ] 80/80 VUs  09m01.0s/12m00.0s

running (09m02.0s), 80/80 VUs, 16100 complete and 0 interrupted iterations
oscillating   [  75% ] 80/80 VUs  09m02.0s/12m00.0s

running (09m03.0s), 80/80 VUs, 16127 complete and 0 interrupted iterations
oscillating   [  75% ] 80/80 VUs  09m03.0s/12m00.0s

running (09m04.0s), 80/80 VUs, 16127 complete and 0 interrupted iterations
oscillating   [  76% ] 80/80 VUs  09m04.0s/12m00.0s

running (09m05.0s), 79/80 VUs, 16151 complete and 0 interrupted iterations
oscillating   [  76% ] 79/80 VUs  09m05.0s/12m00.0s

running (09m06.0s), 78/80 VUs, 16178 complete and 0 interrupted iterations
oscillating   [  76% ] 78/80 VUs  09m06.0s/12m00.0s

running (09m07.0s), 78/80 VUs, 16205 complete and 0 interrupted iterations
oscillating   [  76% ] 78/80 VUs  09m07.0s/12m00.0s

running (09m08.0s), 78/80 VUs, 16205 complete and 0 interrupted iterations
oscillating   [  76% ] 78/80 VUs  09m08.0s/12m00.0s

running (09m09.0s), 78/80 VUs, 16232 complete and 0 interrupted iterations
oscillating   [  76% ] 78/80 VUs  09m09.0s/12m00.0s

running (09m10.0s), 78/80 VUs, 16232 complete and 0 interrupted iterations
oscillating   [  76% ] 78/80 VUs  09m10.0s/12m00.0s

running (09m11.0s), 78/80 VUs, 16254 complete and 0 interrupted iterations
oscillating   [  77% ] 78/80 VUs  09m11.0s/12m00.0s

running (09m12.0s), 76/80 VUs, 16281 complete and 0 interrupted iterations
oscillating   [  77% ] 76/80 VUs  09m12.0s/12m00.0s

running (09m13.0s), 75/80 VUs, 16308 complete and 0 interrupted iterations
oscillating   [  77% ] 75/80 VUs  09m13.0s/12m00.0s

running (09m14.0s), 75/80 VUs, 16308 complete and 0 interrupted iterations
oscillating   [  77% ] 75/80 VUs  09m14.0s/12m00.0s

running (09m15.0s), 75/80 VUs, 16334 complete and 0 interrupted iterations
oscillating   [  77% ] 75/80 VUs  09m15.0s/12m00.0s

running (09m16.0s), 74/80 VUs, 16361 complete and 0 interrupted iterations
oscillating   [  77% ] 74/80 VUs  09m16.0s/12m00.0s

running (09m17.0s), 74/80 VUs, 16361 complete and 0 interrupted iterations
oscillating   [  77% ] 74/80 VUs  09m17.0s/12m00.0s

running (09m18.0s), 73/80 VUs, 16388 complete and 0 interrupted iterations
oscillating   [  77% ] 73/80 VUs  09m18.0s/12m00.0s

running (09m19.0s), 73/80 VUs, 16414 complete and 0 interrupted iterations
oscillating   [  78% ] 73/80 VUs  09m19.0s/12m00.0s

running (09m20.0s), 73/80 VUs, 16414 complete and 0 interrupted iterations
oscillating   [  78% ] 73/80 VUs  09m20.0s/12m00.0s

running (09m21.0s), 73/80 VUs, 16441 complete and 0 interrupted iterations
oscillating   [  78% ] 73/80 VUs  09m21.0s/12m00.0s

running (09m22.0s), 72/80 VUs, 16468 complete and 0 interrupted iterations
oscillating   [  78% ] 72/80 VUs  09m22.0s/12m00.0s

running (09m23.0s), 72/80 VUs, 16468 complete and 0 interrupted iterations
oscillating   [  78% ] 72/80 VUs  09m23.0s/12m00.0s

running (09m24.0s), 71/80 VUs, 16494 complete and 0 interrupted iterations
oscillating   [  78% ] 71/80 VUs  09m24.0s/12m00.0s

running (09m25.0s), 70/80 VUs, 16521 complete and 0 interrupted iterations
oscillating   [  78% ] 70/80 VUs  09m25.0s/12m00.0s

running (09m26.0s), 70/80 VUs, 16548 complete and 0 interrupted iterations
oscillating   [  79% ] 70/80 VUs  09m26.0s/12m00.0s

running (09m27.0s), 70/80 VUs, 16548 complete and 0 interrupted iterations
oscillating   [  79% ] 70/80 VUs  09m27.0s/12m00.0s

running (09m28.0s), 69/80 VUs, 16574 complete and 0 interrupted iterations
oscillating   [  79% ] 69/80 VUs  09m28.0s/12m00.0s

running (09m29.0s), 69/80 VUs, 16601 complete and 0 interrupted iterations
oscillating   [  79% ] 69/80 VUs  09m29.0s/12m00.0s

running (09m30.0s), 69/80 VUs, 16628 complete and 0 interrupted iterations
oscillating   [  79% ] 69/80 VUs  09m30.0s/12m00.0s

running (09m31.0s), 68/80 VUs, 16654 complete and 0 interrupted iterations
oscillating   [  79% ] 68/80 VUs  09m31.0s/12m00.0s

running (09m32.0s), 68/80 VUs, 16654 complete and 0 interrupted iterations
oscillating   [  79% ] 68/80 VUs  09m32.0s/12m00.0s

running (09m33.0s), 67/80 VUs, 16681 complete and 0 interrupted iterations
oscillating   [  80% ] 67/80 VUs  09m33.0s/12m00.0s

running (09m34.0s), 66/80 VUs, 16708 complete and 0 interrupted iterations
oscillating   [  80% ] 66/80 VUs  09m34.0s/12m00.0s

running (09m35.0s), 66/80 VUs, 16734 complete and 0 interrupted iterations
oscillating   [  80% ] 66/80 VUs  09m35.0s/12m00.0s

running (09m36.0s), 65/80 VUs, 16761 complete and 0 interrupted iterations
oscillating   [  80% ] 65/80 VUs  09m36.0s/12m00.0s

running (09m37.0s), 65/80 VUs, 16788 complete and 0 interrupted iterations
oscillating   [  80% ] 65/80 VUs  09m37.0s/12m00.0s

running (09m38.0s), 65/80 VUs, 16814 complete and 0 interrupted iterations
oscillating   [  80% ] 65/80 VUs  09m38.0s/12m00.0s

running (09m39.0s), 65/80 VUs, 16814 complete and 0 interrupted iterations
oscillating   [  80% ] 65/80 VUs  09m39.0s/12m00.0s

running (09m40.0s), 64/80 VUs, 16841 complete and 0 interrupted iterations
oscillating   [  81% ] 64/80 VUs  09m40.0s/12m00.0s

running (09m41.0s), 63/80 VUs, 16868 complete and 0 interrupted iterations
oscillating   [  81% ] 63/80 VUs  09m41.0s/12m00.0s

running (09m42.0s), 62/80 VUs, 16894 complete and 0 interrupted iterations
oscillating   [  81% ] 62/80 VUs  09m42.0s/12m00.0s

running (09m43.0s), 62/80 VUs, 16921 complete and 0 interrupted iterations
oscillating   [  81% ] 62/80 VUs  09m43.0s/12m00.0s

running (09m44.0s), 62/80 VUs, 16948 complete and 0 interrupted iterations
oscillating   [  81% ] 62/80 VUs  09m44.0s/12m00.0s

running (09m45.0s), 61/80 VUs, 16974 complete and 0 interrupted iterations
oscillating   [  81% ] 61/80 VUs  09m45.0s/12m00.0s

running (09m46.0s), 60/80 VUs, 17001 complete and 0 interrupted iterations
oscillating   [  81% ] 60/80 VUs  09m46.0s/12m00.0s

running (09m47.0s), 60/80 VUs, 17027 complete and 0 interrupted iterations
oscillating   [  82% ] 60/80 VUs  09m47.0s/12m00.0s

running (09m48.0s), 60/80 VUs, 17069 complete and 0 interrupted iterations
oscillating   [  82% ] 60/80 VUs  09m48.0s/12m00.0s

running (09m49.0s), 59/80 VUs, 17101 complete and 0 interrupted iterations
oscillating   [  82% ] 59/80 VUs  09m49.0s/12m00.0s

running (09m50.0s), 59/80 VUs, 17127 complete and 0 interrupted iterations
oscillating   [  82% ] 59/80 VUs  09m50.0s/12m00.0s

running (09m51.0s), 59/80 VUs, 17156 complete and 0 interrupted iterations
oscillating   [  82% ] 59/80 VUs  09m51.0s/12m00.0s

running (09m52.0s), 58/80 VUs, 17198 complete and 0 interrupted iterations
oscillating   [  82% ] 58/80 VUs  09m52.0s/12m00.0s

running (09m53.0s), 57/80 VUs, 17227 complete and 0 interrupted iterations
oscillating   [  82% ] 57/80 VUs  09m53.0s/12m00.0s

running (09m54.0s), 57/80 VUs, 17256 complete and 0 interrupted iterations
oscillating   [  82% ] 57/80 VUs  09m54.0s/12m00.0s

running (09m55.0s), 56/80 VUs, 17292 complete and 0 interrupted iterations
oscillating   [  83% ] 56/80 VUs  09m55.0s/12m00.0s

running (09m56.0s), 56/80 VUs, 17327 complete and 0 interrupted iterations
oscillating   [  83% ] 56/80 VUs  09m56.0s/12m00.0s

running (09m57.0s), 56/80 VUs, 17369 complete and 0 interrupted iterations
oscillating   [  83% ] 56/80 VUs  09m57.0s/12m00.0s

running (09m58.0s), 55/80 VUs, 17399 complete and 0 interrupted iterations
oscillating   [  83% ] 55/80 VUs  09m58.0s/12m00.0s

running (09m59.0s), 54/80 VUs, 17440 complete and 0 interrupted iterations
oscillating   [  83% ] 54/80 VUs  09m59.0s/12m00.0s

running (10m00.0s), 54/80 VUs, 17475 complete and 0 interrupted iterations
oscillating   [  83% ] 54/80 VUs  10m00.0s/12m00.0s

running (10m01.0s), 53/80 VUs, 17512 complete and 0 interrupted iterations
oscillating   [  83% ] 53/80 VUs  10m01.0s/12m00.0s

running (10m02.0s), 53/80 VUs, 17553 complete and 0 interrupted iterations
oscillating   [  84% ] 53/80 VUs  10m02.0s/12m00.0s

running (10m03.0s), 53/80 VUs, 17588 complete and 0 interrupted iterations
oscillating   [  84% ] 53/80 VUs  10m03.0s/12m00.0s

running (10m04.0s), 52/80 VUs, 17628 complete and 0 interrupted iterations
oscillating   [  84% ] 52/80 VUs  10m04.0s/12m00.0s

running (10m05.0s), 52/80 VUs, 17662 complete and 0 interrupted iterations
oscillating   [  84% ] 52/80 VUs  10m05.0s/12m00.0s

running (10m06.0s), 52/80 VUs, 17706 complete and 0 interrupted iterations
oscillating   [  84% ] 52/80 VUs  10m06.0s/12m00.0s

running (10m07.0s), 51/80 VUs, 17743 complete and 0 interrupted iterations
oscillating   [  84% ] 51/80 VUs  10m07.0s/12m00.0s

running (10m08.0s), 51/80 VUs, 17784 complete and 0 interrupted iterations
oscillating   [  84% ] 51/80 VUs  10m08.0s/12m00.0s

running (10m09.0s), 50/80 VUs, 17828 complete and 0 interrupted iterations
oscillating   [  85% ] 50/80 VUs  10m09.0s/12m00.0s

running (10m10.0s), 49/80 VUs, 17871 complete and 0 interrupted iterations
oscillating   [  85% ] 49/80 VUs  10m10.0s/12m00.0s

running (10m11.0s), 49/80 VUs, 17910 complete and 0 interrupted iterations
oscillating   [  85% ] 49/80 VUs  10m11.0s/12m00.0s

running (10m12.0s), 49/80 VUs, 17950 complete and 0 interrupted iterations
oscillating   [  85% ] 49/80 VUs  10m12.0s/12m00.0s

running (10m13.0s), 48/80 VUs, 17991 complete and 0 interrupted iterations
oscillating   [  85% ] 48/80 VUs  10m13.0s/12m00.0s

running (10m14.0s), 48/80 VUs, 18039 complete and 0 interrupted iterations
oscillating   [  85% ] 48/80 VUs  10m14.0s/12m00.0s

running (10m15.0s), 48/80 VUs, 18075 complete and 0 interrupted iterations
oscillating   [  85% ] 48/80 VUs  10m15.0s/12m00.0s

running (10m16.0s), 47/80 VUs, 18121 complete and 0 interrupted iterations
oscillating   [  86% ] 47/80 VUs  10m16.0s/12m00.0s

running (10m17.0s), 47/80 VUs, 18166 complete and 0 interrupted iterations
oscillating   [  86% ] 47/80 VUs  10m17.0s/12m00.0s

running (10m18.0s), 46/80 VUs, 18209 complete and 0 interrupted iterations
oscillating   [  86% ] 46/80 VUs  10m18.0s/12m00.0s

running (10m19.0s), 46/80 VUs, 18255 complete and 0 interrupted iterations
oscillating   [  86% ] 46/80 VUs  10m19.0s/12m00.0s

running (10m20.0s), 45/80 VUs, 18299 complete and 0 interrupted iterations
oscillating   [  86% ] 45/80 VUs  10m20.0s/12m00.0s

running (10m21.0s), 45/80 VUs, 18344 complete and 0 interrupted iterations
oscillating   [  86% ] 45/80 VUs  10m21.0s/12m00.0s

running (10m22.0s), 44/80 VUs, 18390 complete and 0 interrupted iterations
oscillating   [  86% ] 44/80 VUs  10m22.0s/12m00.0s

running (10m23.0s), 44/80 VUs, 18436 complete and 0 interrupted iterations
oscillating   [  87% ] 44/80 VUs  10m23.0s/12m00.0s

running (10m24.0s), 43/80 VUs, 18482 complete and 0 interrupted iterations
oscillating   [  87% ] 43/80 VUs  10m24.0s/12m00.0s

running (10m25.0s), 43/80 VUs, 18527 complete and 0 interrupted iterations
oscillating   [  87% ] 43/80 VUs  10m25.0s/12m00.0s

running (10m26.0s), 43/80 VUs, 18577 complete and 0 interrupted iterations
oscillating   [  87% ] 43/80 VUs  10m26.0s/12m00.0s

running (10m27.0s), 42/80 VUs, 18629 complete and 0 interrupted iterations
oscillating   [  87% ] 42/80 VUs  10m27.0s/12m00.0s

running (10m28.0s), 41/80 VUs, 18678 complete and 0 interrupted iterations
oscillating   [  87% ] 41/80 VUs  10m28.0s/12m00.0s

running (10m29.0s), 41/80 VUs, 18727 complete and 0 interrupted iterations
oscillating   [  87% ] 41/80 VUs  10m29.0s/12m00.0s

running (10m30.0s), 41/80 VUs, 18775 complete and 0 interrupted iterations
oscillating   [  87% ] 41/80 VUs  10m30.0s/12m00.0s

running (10m31.0s), 40/80 VUs, 18825 complete and 0 interrupted iterations
oscillating   [  88% ] 40/80 VUs  10m31.0s/12m00.0s

running (10m32.0s), 40/80 VUs, 18879 complete and 0 interrupted iterations
oscillating   [  88% ] 40/80 VUs  10m32.0s/12m00.0s

running (10m33.0s), 39/80 VUs, 18923 complete and 0 interrupted iterations
oscillating   [  88% ] 39/80 VUs  10m33.0s/12m00.0s

running (10m34.0s), 39/80 VUs, 18977 complete and 0 interrupted iterations
oscillating   [  88% ] 39/80 VUs  10m34.0s/12m00.0s

running (10m35.0s), 38/80 VUs, 19029 complete and 0 interrupted iterations
oscillating   [  88% ] 38/80 VUs  10m35.0s/12m00.0s

running (10m36.0s), 38/80 VUs, 19080 complete and 0 interrupted iterations
oscillating   [  88% ] 38/80 VUs  10m36.0s/12m00.0s

running (10m37.0s), 37/80 VUs, 19129 complete and 0 interrupted iterations
oscillating   [  88% ] 37/80 VUs  10m37.0s/12m00.0s

running (10m38.0s), 37/80 VUs, 19177 complete and 0 interrupted iterations
oscillating   [  89% ] 37/80 VUs  10m38.0s/12m00.0s

running (10m39.0s), 37/80 VUs, 19229 complete and 0 interrupted iterations
oscillating   [  89% ] 37/80 VUs  10m39.0s/12m00.0s

running (10m40.0s), 36/80 VUs, 19281 complete and 0 interrupted iterations
oscillating   [  89% ] 36/80 VUs  10m40.0s/12m00.0s

running (10m41.0s), 36/80 VUs, 19328 complete and 0 interrupted iterations
oscillating   [  89% ] 36/80 VUs  10m41.0s/12m00.0s

running (10m42.0s), 36/80 VUs, 19375 complete and 0 interrupted iterations
oscillating   [  89% ] 36/80 VUs  10m42.0s/12m00.0s

running (10m43.0s), 35/80 VUs, 19427 complete and 0 interrupted iterations
oscillating   [  89% ] 35/80 VUs  10m43.0s/12m00.0s

running (10m44.0s), 34/80 VUs, 19475 complete and 0 interrupted iterations
oscillating   [  89% ] 34/80 VUs  10m44.0s/12m00.0s

running (10m45.0s), 34/80 VUs, 19523 complete and 0 interrupted iterations
oscillating   [  90% ] 34/80 VUs  10m45.0s/12m00.0s

running (10m46.0s), 33/80 VUs, 19571 complete and 0 interrupted iterations
oscillating   [  90% ] 33/80 VUs  10m46.0s/12m00.0s

running (10m47.0s), 33/80 VUs, 19619 complete and 0 interrupted iterations
oscillating   [  90% ] 33/80 VUs  10m47.0s/12m00.0s

running (10m48.0s), 33/80 VUs, 19663 complete and 0 interrupted iterations
oscillating   [  90% ] 33/80 VUs  10m48.0s/12m00.0s

running (10m49.0s), 32/80 VUs, 19710 complete and 0 interrupted iterations
oscillating   [  90% ] 32/80 VUs  10m49.0s/12m00.0s

running (10m50.0s), 32/80 VUs, 19759 complete and 0 interrupted iterations
oscillating   [  90% ] 32/80 VUs  10m50.0s/12m00.0s

running (10m51.0s), 31/80 VUs, 19803 complete and 0 interrupted iterations
oscillating   [  90% ] 31/80 VUs  10m51.0s/12m00.0s

running (10m52.0s), 31/80 VUs, 19845 complete and 0 interrupted iterations
oscillating   [  91% ] 31/80 VUs  10m52.0s/12m00.0s

running (10m53.0s), 30/80 VUs, 19890 complete and 0 interrupted iterations
oscillating   [  91% ] 30/80 VUs  10m53.0s/12m00.0s

running (10m54.0s), 30/80 VUs, 19931 complete and 0 interrupted iterations
oscillating   [  91% ] 30/80 VUs  10m54.0s/12m00.0s

running (10m55.0s), 30/80 VUs, 19971 complete and 0 interrupted iterations
oscillating   [  91% ] 30/80 VUs  10m55.0s/12m00.0s

running (10m56.0s), 29/80 VUs, 20013 complete and 0 interrupted iterations
oscillating   [  91% ] 29/80 VUs  10m56.0s/12m00.0s

running (10m57.0s), 29/80 VUs, 20054 complete and 0 interrupted iterations
oscillating   [  91% ] 29/80 VUs  10m57.0s/12m00.0s

running (10m58.0s), 28/80 VUs, 20094 complete and 0 interrupted iterations
oscillating   [  91% ] 28/80 VUs  10m58.0s/12m00.0s

running (10m59.0s), 28/80 VUs, 20133 complete and 0 interrupted iterations
oscillating   [  92% ] 28/80 VUs  10m59.0s/12m00.0s

running (11m00.0s), 27/80 VUs, 20170 complete and 0 interrupted iterations
oscillating   [  92% ] 27/80 VUs  11m00.0s/12m00.0s

running (11m01.0s), 27/80 VUs, 20212 complete and 0 interrupted iterations
oscillating   [  92% ] 27/80 VUs  11m01.0s/12m00.0s

running (11m02.0s), 26/80 VUs, 20249 complete and 0 interrupted iterations
oscillating   [  92% ] 26/80 VUs  11m02.0s/12m00.0s

running (11m03.0s), 26/80 VUs, 20285 complete and 0 interrupted iterations
oscillating   [  92% ] 26/80 VUs  11m03.0s/12m00.0s

running (11m04.0s), 26/80 VUs, 20322 complete and 0 interrupted iterations
oscillating   [  92% ] 26/80 VUs  11m04.0s/12m00.0s

running (11m05.0s), 25/80 VUs, 20357 complete and 0 interrupted iterations
oscillating   [  92% ] 25/80 VUs  11m05.0s/12m00.0s

running (11m06.0s), 25/80 VUs, 20395 complete and 0 interrupted iterations
oscillating   [  92% ] 25/80 VUs  11m06.0s/12m00.0s

running (11m07.0s), 24/80 VUs, 20430 complete and 0 interrupted iterations
oscillating   [  93% ] 24/80 VUs  11m07.0s/12m00.0s

running (11m08.0s), 24/80 VUs, 20462 complete and 0 interrupted iterations
oscillating   [  93% ] 24/80 VUs  11m08.0s/12m00.0s

running (11m09.0s), 23/80 VUs, 20499 complete and 0 interrupted iterations
oscillating   [  93% ] 23/80 VUs  11m09.0s/12m00.0s

running (11m10.0s), 23/80 VUs, 20530 complete and 0 interrupted iterations
oscillating   [  93% ] 23/80 VUs  11m10.0s/12m00.0s

running (11m11.0s), 22/80 VUs, 20564 complete and 0 interrupted iterations
oscillating   [  93% ] 22/80 VUs  11m11.0s/12m00.0s

running (11m12.0s), 22/80 VUs, 20596 complete and 0 interrupted iterations
oscillating   [  93% ] 22/80 VUs  11m12.0s/12m00.0s

running (11m13.0s), 22/80 VUs, 20626 complete and 0 interrupted iterations
oscillating   [  93% ] 22/80 VUs  11m13.0s/12m00.0s

running (11m14.0s), 21/80 VUs, 20656 complete and 0 interrupted iterations
oscillating   [  94% ] 21/80 VUs  11m14.0s/12m00.0s

running (11m15.0s), 21/80 VUs, 20685 complete and 0 interrupted iterations
oscillating   [  94% ] 21/80 VUs  11m15.0s/12m00.0s

running (11m16.0s), 20/80 VUs, 20711 complete and 0 interrupted iterations
oscillating   [  94% ] 20/80 VUs  11m16.0s/12m00.0s

running (11m17.0s), 20/80 VUs, 20742 complete and 0 interrupted iterations
oscillating   [  94% ] 20/80 VUs  11m17.0s/12m00.0s

running (11m18.0s), 19/80 VUs, 20768 complete and 0 interrupted iterations
oscillating   [  94% ] 19/80 VUs  11m18.0s/12m00.0s

running (11m19.0s), 19/80 VUs, 20795 complete and 0 interrupted iterations
oscillating   [  94% ] 19/80 VUs  11m19.0s/12m00.0s

running (11m20.0s), 19/80 VUs, 20821 complete and 0 interrupted iterations
oscillating   [  94% ] 19/80 VUs  11m20.0s/12m00.0s

running (11m21.0s), 18/80 VUs, 20847 complete and 0 interrupted iterations
oscillating   [  95% ] 18/80 VUs  11m21.0s/12m00.0s

running (11m22.0s), 18/80 VUs, 20872 complete and 0 interrupted iterations
oscillating   [  95% ] 18/80 VUs  11m22.0s/12m00.0s

running (11m23.0s), 17/80 VUs, 20899 complete and 0 interrupted iterations
oscillating   [  95% ] 17/80 VUs  11m23.0s/12m00.0s

running (11m24.0s), 17/80 VUs, 20924 complete and 0 interrupted iterations
oscillating   [  95% ] 17/80 VUs  11m24.0s/12m00.0s

running (11m25.0s), 16/80 VUs, 20944 complete and 0 interrupted iterations
oscillating   [  95% ] 16/80 VUs  11m25.0s/12m00.0s

running (11m26.0s), 16/80 VUs, 20969 complete and 0 interrupted iterations
oscillating   [  95% ] 16/80 VUs  11m26.0s/12m00.0s

running (11m27.0s), 15/80 VUs, 20988 complete and 0 interrupted iterations
oscillating   [  95% ] 15/80 VUs  11m27.0s/12m00.0s

running (11m28.0s), 15/80 VUs, 21008 complete and 0 interrupted iterations
oscillating   [  96% ] 15/80 VUs  11m28.0s/12m00.0s

running (11m29.0s), 14/80 VUs, 21030 complete and 0 interrupted iterations
oscillating   [  96% ] 14/80 VUs  11m29.0s/12m00.0s

running (11m30.0s), 14/80 VUs, 21051 complete and 0 interrupted iterations
oscillating   [  96% ] 14/80 VUs  11m30.0s/12m00.0s

running (11m31.0s), 14/80 VUs, 21069 complete and 0 interrupted iterations
oscillating   [  96% ] 14/80 VUs  11m31.0s/12m00.0s

running (11m32.0s), 13/80 VUs, 21090 complete and 0 interrupted iterations
oscillating   [  96% ] 13/80 VUs  11m32.0s/12m00.0s

running (11m33.0s), 13/80 VUs, 21107 complete and 0 interrupted iterations
oscillating   [  96% ] 13/80 VUs  11m33.0s/12m00.0s

running (11m34.0s), 12/80 VUs, 21123 complete and 0 interrupted iterations
oscillating   [  96% ] 12/80 VUs  11m34.0s/12m00.0s

running (11m35.0s), 12/80 VUs, 21139 complete and 0 interrupted iterations
oscillating   [  97% ] 12/80 VUs  11m35.0s/12m00.0s

running (11m36.0s), 12/80 VUs, 21154 complete and 0 interrupted iterations
oscillating   [  97% ] 12/80 VUs  11m36.0s/12m00.0s

running (11m37.0s), 11/80 VUs, 21172 complete and 0 interrupted iterations
oscillating   [  97% ] 11/80 VUs  11m37.0s/12m00.0s

running (11m38.0s), 10/80 VUs, 21188 complete and 0 interrupted iterations
oscillating   [  97% ] 10/80 VUs  11m38.0s/12m00.0s

running (11m39.0s), 10/80 VUs, 21200 complete and 0 interrupted iterations
oscillating   [  97% ] 10/80 VUs  11m39.0s/12m00.0s

running (11m40.0s), 09/80 VUs, 21212 complete and 0 interrupted iterations
oscillating   [  97% ] 09/80 VUs  11m40.0s/12m00.0s

running (11m41.0s), 09/80 VUs, 21226 complete and 0 interrupted iterations
oscillating   [  97% ] 09/80 VUs  11m41.0s/12m00.0s

running (11m42.0s), 09/80 VUs, 21239 complete and 0 interrupted iterations
oscillating   [  97% ] 09/80 VUs  11m42.0s/12m00.0s

running (11m43.0s), 08/80 VUs, 21251 complete and 0 interrupted iterations
oscillating   [  98% ] 08/80 VUs  11m43.0s/12m00.0s

running (11m44.0s), 08/80 VUs, 21261 complete and 0 interrupted iterations
oscillating   [  98% ] 08/80 VUs  11m44.0s/12m00.0s

running (11m45.0s), 07/80 VUs, 21275 complete and 0 interrupted iterations
oscillating   [  98% ] 07/80 VUs  11m45.0s/12m00.0s

running (11m46.0s), 07/80 VUs, 21283 complete and 0 interrupted iterations
oscillating   [  98% ] 07/80 VUs  11m46.0s/12m00.0s

running (11m47.0s), 07/80 VUs, 21295 complete and 0 interrupted iterations
oscillating   [  98% ] 07/80 VUs  11m47.0s/12m00.0s

running (11m48.0s), 06/80 VUs, 21303 complete and 0 interrupted iterations
oscillating   [  98% ] 06/80 VUs  11m48.0s/12m00.0s

running (11m49.0s), 06/80 VUs, 21312 complete and 0 interrupted iterations
oscillating   [  98% ] 06/80 VUs  11m49.0s/12m00.0s

running (11m50.0s), 05/80 VUs, 21321 complete and 0 interrupted iterations
oscillating   [  99% ] 05/80 VUs  11m50.0s/12m00.0s

running (11m51.0s), 05/80 VUs, 21328 complete and 0 interrupted iterations
oscillating   [  99% ] 05/80 VUs  11m51.0s/12m00.0s

running (11m52.0s), 04/80 VUs, 21334 complete and 0 interrupted iterations
oscillating   [  99% ] 04/80 VUs  11m52.0s/12m00.0s

running (11m53.0s), 04/80 VUs, 21340 complete and 0 interrupted iterations
oscillating   [  99% ] 04/80 VUs  11m53.0s/12m00.0s

running (11m54.0s), 03/80 VUs, 21345 complete and 0 interrupted iterations
oscillating   [  99% ] 03/80 VUs  11m54.0s/12m00.0s

running (11m55.0s), 03/80 VUs, 21350 complete and 0 interrupted iterations
oscillating   [  99% ] 03/80 VUs  11m55.0s/12m00.0s

running (11m56.0s), 03/80 VUs, 21354 complete and 0 interrupted iterations
oscillating   [  99% ] 03/80 VUs  11m56.0s/12m00.0s

running (11m57.0s), 02/80 VUs, 21358 complete and 0 interrupted iterations
oscillating   [ 100% ] 02/80 VUs  11m57.0s/12m00.0s

running (11m58.0s), 01/80 VUs, 21362 complete and 0 interrupted iterations
oscillating   [ 100% ] 01/80 VUs  11m58.0s/12m00.0s

running (11m59.0s), 01/80 VUs, 21363 complete and 0 interrupted iterations
oscillating   [ 100% ] 01/80 VUs  11m59.0s/12m00.0s

running (12m00.0s), 01/80 VUs, 21365 complete and 0 interrupted iterations
oscillating   [ 100% ] 01/80 VUs  12m00.0s/12m00.0s

     ✗ status is 200
      ↳  99% — ✓ 21361 / ✗ 5
     ✗ returns quotes
      ↳  99% — ✓ 21361 / ✗ 5
     ✗ response time <2000ms
      ↳  84% — ✓ 18042 / ✗ 3324

     checks.........................: 94.79% ✓ 60764     ✗ 3334 
     data_received..................: 16 MB  22 kB/s
     data_sent......................: 9.5 MB 13 kB/s
     http_req_blocked...............: avg=13.09µs min=831ns    med=2.26µs   max=12.62ms  p(90)=3.33µs  p(95)=4.2µs  
     http_req_connecting............: avg=6.52µs  min=0s       med=0s       max=12.57ms  p(90)=0s      p(95)=0s     
   ✗ http_req_duration..............: avg=1.37s   min=99.66µs  med=781.24ms max=7.1s     p(90)=4.38s   p(95)=5.07s  
       { expected_response:true }...: avg=1.37s   min=469.56ms med=781.27ms max=7.1s     p(90)=4.38s   p(95)=5.07s  
   ✓ http_req_failed................: 0.02%  ✓ 5         ✗ 21361
     http_req_receiving.............: avg=3.73ms  min=0s       med=129.37µs max=569.38ms p(90)=6.6ms   p(95)=11.58ms
     http_req_sending...............: avg=20.26µs min=6.66µs   med=17.26µs  max=8.84ms   p(90)=27.57µs p(95)=31.79µs
     http_req_tls_handshaking.......: avg=0s      min=0s       med=0s       max=0s       p(90)=0s      p(95)=0s     
     http_req_waiting...............: avg=1.36s   min=84.48µs  med=780.93ms max=7.09s    p(90)=4.37s   p(95)=5.07s  
     http_reqs......................: 21366  29.660528/s
     iteration_duration.............: avg=1.37s   min=252.52µs med=781.48ms max=7.1s     p(90)=4.38s   p(95)=5.07s  
     iterations.....................: 21366  29.660528/s
     vus............................: 1      min=1       max=80 
     vus_max........................: 80     min=80      max=80 


running (12m00.4s), 00/80 VUs, 21366 complete and 0 interrupted iterations
oscillating ✓ [ 100% ] 00/80 VUs  12m0s
time="2026-05-07T06:31:27Z" level=error msg="thresholds on metrics 'http_req_duration' have been crossed"
