
          /\      |‾‾| /‾‾/   /‾‾/   
     /\  /  \     |  |/  /   /  /    
    /  \/    \    |     (   /   ‾‾\  
   /          \   |  |\  \ |  (‾)  | 
  / __________ \  |__| \__\ \_____/ .io

  execution: local
     script: /scripts/load-test.js
     output: json (/results/results.json)

  scenarios: (100.00%) 1 scenario, 80 max VUs, 12m30s max duration (incl. graceful stop):
           * oscillating: Up to 80 looping VUs for 12m0s over 12 stages (gracefulRampDown: 30s, gracefulStop: 30s)


running (00m01.0s), 10/80 VUs, 10 complete and 0 interrupted iterations
oscillating   [   0% ] 10/80 VUs  00m01.0s/12m00.0s

running (00m02.0s), 10/80 VUs, 21 complete and 0 interrupted iterations
oscillating   [   0% ] 10/80 VUs  00m02.0s/12m00.0s

running (00m03.0s), 10/80 VUs, 34 complete and 0 interrupted iterations
oscillating   [   0% ] 10/80 VUs  00m03.0s/12m00.0s

running (00m04.0s), 10/80 VUs, 50 complete and 0 interrupted iterations
oscillating   [   1% ] 10/80 VUs  00m04.0s/12m00.0s

running (00m05.0s), 10/80 VUs, 65 complete and 0 interrupted iterations
oscillating   [   1% ] 10/80 VUs  00m05.0s/12m00.0s

running (00m06.0s), 10/80 VUs, 77 complete and 0 interrupted iterations
oscillating   [   1% ] 10/80 VUs  00m06.0s/12m00.0s

running (00m07.0s), 10/80 VUs, 92 complete and 0 interrupted iterations
oscillating   [   1% ] 10/80 VUs  00m07.0s/12m00.0s

running (00m08.0s), 10/80 VUs, 106 complete and 0 interrupted iterations
oscillating   [   1% ] 10/80 VUs  00m08.0s/12m00.0s

running (00m09.0s), 10/80 VUs, 121 complete and 0 interrupted iterations
oscillating   [   1% ] 10/80 VUs  00m09.0s/12m00.0s

running (00m10.0s), 10/80 VUs, 132 complete and 0 interrupted iterations
oscillating   [   1% ] 10/80 VUs  00m10.0s/12m00.0s

running (00m11.0s), 10/80 VUs, 146 complete and 0 interrupted iterations
oscillating   [   2% ] 10/80 VUs  00m11.0s/12m00.0s

running (00m12.0s), 10/80 VUs, 165 complete and 0 interrupted iterations
oscillating   [   2% ] 10/80 VUs  00m12.0s/12m00.0s

running (00m13.0s), 10/80 VUs, 178 complete and 0 interrupted iterations
oscillating   [   2% ] 10/80 VUs  00m13.0s/12m00.0s

running (00m14.0s), 10/80 VUs, 190 complete and 0 interrupted iterations
oscillating   [   2% ] 10/80 VUs  00m14.0s/12m00.0s

running (00m15.0s), 10/80 VUs, 204 complete and 0 interrupted iterations
oscillating   [   2% ] 10/80 VUs  00m15.0s/12m00.0s

running (00m16.0s), 10/80 VUs, 216 complete and 0 interrupted iterations
oscillating   [   2% ] 10/80 VUs  00m16.0s/12m00.0s

running (00m17.0s), 10/80 VUs, 230 complete and 0 interrupted iterations
oscillating   [   2% ] 10/80 VUs  00m17.0s/12m00.0s

running (00m18.0s), 10/80 VUs, 245 complete and 0 interrupted iterations
oscillating   [   2% ] 10/80 VUs  00m18.0s/12m00.0s

running (00m19.0s), 10/80 VUs, 259 complete and 0 interrupted iterations
oscillating   [   3% ] 10/80 VUs  00m19.0s/12m00.0s

running (00m20.0s), 10/80 VUs, 272 complete and 0 interrupted iterations
oscillating   [   3% ] 10/80 VUs  00m20.0s/12m00.0s

running (00m21.0s), 10/80 VUs, 286 complete and 0 interrupted iterations
oscillating   [   3% ] 10/80 VUs  00m21.0s/12m00.0s

running (00m22.0s), 10/80 VUs, 300 complete and 0 interrupted iterations
oscillating   [   3% ] 10/80 VUs  00m22.0s/12m00.0s

running (00m23.0s), 10/80 VUs, 313 complete and 0 interrupted iterations
oscillating   [   3% ] 10/80 VUs  00m23.0s/12m00.0s

running (00m24.0s), 10/80 VUs, 327 complete and 0 interrupted iterations
oscillating   [   3% ] 10/80 VUs  00m24.0s/12m00.0s

running (00m25.0s), 10/80 VUs, 341 complete and 0 interrupted iterations
oscillating   [   3% ] 10/80 VUs  00m25.0s/12m00.0s

running (00m26.0s), 10/80 VUs, 358 complete and 0 interrupted iterations
oscillating   [   4% ] 10/80 VUs  00m26.0s/12m00.0s

running (00m27.0s), 10/80 VUs, 370 complete and 0 interrupted iterations
oscillating   [   4% ] 10/80 VUs  00m27.0s/12m00.0s

running (00m28.0s), 10/80 VUs, 386 complete and 0 interrupted iterations
oscillating   [   4% ] 10/80 VUs  00m28.0s/12m00.0s

running (00m29.0s), 10/80 VUs, 398 complete and 0 interrupted iterations
oscillating   [   4% ] 10/80 VUs  00m29.0s/12m00.0s

running (00m30.0s), 10/80 VUs, 412 complete and 0 interrupted iterations
oscillating   [   4% ] 10/80 VUs  00m30.0s/12m00.0s

running (00m31.0s), 10/80 VUs, 425 complete and 0 interrupted iterations
oscillating   [   4% ] 10/80 VUs  00m31.0s/12m00.0s

running (00m32.0s), 10/80 VUs, 441 complete and 0 interrupted iterations
oscillating   [   4% ] 10/80 VUs  00m32.0s/12m00.0s

running (00m33.0s), 10/80 VUs, 455 complete and 0 interrupted iterations
oscillating   [   5% ] 10/80 VUs  00m33.0s/12m00.0s

running (00m34.0s), 10/80 VUs, 470 complete and 0 interrupted iterations
oscillating   [   5% ] 10/80 VUs  00m34.0s/12m00.0s

running (00m35.0s), 10/80 VUs, 483 complete and 0 interrupted iterations
oscillating   [   5% ] 10/80 VUs  00m35.0s/12m00.0s

running (00m36.0s), 10/80 VUs, 497 complete and 0 interrupted iterations
oscillating   [   5% ] 10/80 VUs  00m36.0s/12m00.0s

running (00m37.0s), 10/80 VUs, 510 complete and 0 interrupted iterations
oscillating   [   5% ] 10/80 VUs  00m37.0s/12m00.0s

running (00m38.0s), 10/80 VUs, 526 complete and 0 interrupted iterations
oscillating   [   5% ] 10/80 VUs  00m38.0s/12m00.0s

running (00m39.0s), 10/80 VUs, 542 complete and 0 interrupted iterations
oscillating   [   5% ] 10/80 VUs  00m39.0s/12m00.0s

running (00m40.0s), 10/80 VUs, 556 complete and 0 interrupted iterations
oscillating   [   6% ] 10/80 VUs  00m40.0s/12m00.0s

running (00m41.0s), 10/80 VUs, 570 complete and 0 interrupted iterations
oscillating   [   6% ] 10/80 VUs  00m41.0s/12m00.0s

running (00m42.0s), 10/80 VUs, 582 complete and 0 interrupted iterations
oscillating   [   6% ] 10/80 VUs  00m42.0s/12m00.0s

running (00m43.0s), 10/80 VUs, 597 complete and 0 interrupted iterations
oscillating   [   6% ] 10/80 VUs  00m43.0s/12m00.0s

running (00m44.0s), 10/80 VUs, 610 complete and 0 interrupted iterations
oscillating   [   6% ] 10/80 VUs  00m44.0s/12m00.0s

running (00m45.0s), 10/80 VUs, 624 complete and 0 interrupted iterations
oscillating   [   6% ] 10/80 VUs  00m45.0s/12m00.0s

running (00m46.0s), 10/80 VUs, 637 complete and 0 interrupted iterations
oscillating   [   6% ] 10/80 VUs  00m46.0s/12m00.0s

running (00m47.0s), 10/80 VUs, 653 complete and 0 interrupted iterations
oscillating   [   7% ] 10/80 VUs  00m47.0s/12m00.0s

running (00m48.0s), 10/80 VUs, 667 complete and 0 interrupted iterations
oscillating   [   7% ] 10/80 VUs  00m48.0s/12m00.0s

running (00m49.0s), 10/80 VUs, 680 complete and 0 interrupted iterations
oscillating   [   7% ] 10/80 VUs  00m49.0s/12m00.0s

running (00m50.0s), 10/80 VUs, 696 complete and 0 interrupted iterations
oscillating   [   7% ] 10/80 VUs  00m50.0s/12m00.0s

running (00m51.0s), 10/80 VUs, 708 complete and 0 interrupted iterations
oscillating   [   7% ] 10/80 VUs  00m51.0s/12m00.0s

running (00m52.0s), 10/80 VUs, 723 complete and 0 interrupted iterations
oscillating   [   7% ] 10/80 VUs  00m52.0s/12m00.0s

running (00m53.0s), 10/80 VUs, 736 complete and 0 interrupted iterations
oscillating   [   7% ] 10/80 VUs  00m53.0s/12m00.0s

running (00m54.0s), 10/80 VUs, 751 complete and 0 interrupted iterations
oscillating   [   7% ] 10/80 VUs  00m54.0s/12m00.0s

running (00m55.0s), 10/80 VUs, 764 complete and 0 interrupted iterations
oscillating   [   8% ] 10/80 VUs  00m55.0s/12m00.0s

running (00m56.0s), 10/80 VUs, 778 complete and 0 interrupted iterations
oscillating   [   8% ] 10/80 VUs  00m56.0s/12m00.0s

running (00m57.0s), 10/80 VUs, 793 complete and 0 interrupted iterations
oscillating   [   8% ] 10/80 VUs  00m57.0s/12m00.0s

running (00m58.0s), 10/80 VUs, 807 complete and 0 interrupted iterations
oscillating   [   8% ] 10/80 VUs  00m58.0s/12m00.0s

running (00m59.0s), 10/80 VUs, 821 complete and 0 interrupted iterations
oscillating   [   8% ] 10/80 VUs  00m59.0s/12m00.0s

running (01m00.0s), 10/80 VUs, 837 complete and 0 interrupted iterations
oscillating   [   8% ] 10/80 VUs  01m00.0s/12m00.0s

running (01m01.0s), 10/80 VUs, 851 complete and 0 interrupted iterations
oscillating   [   8% ] 10/80 VUs  01m01.0s/12m00.0s

running (01m02.0s), 10/80 VUs, 863 complete and 0 interrupted iterations
oscillating   [   9% ] 10/80 VUs  01m02.0s/12m00.0s

running (01m03.0s), 10/80 VUs, 879 complete and 0 interrupted iterations
oscillating   [   9% ] 10/80 VUs  01m03.0s/12m00.0s

running (01m04.0s), 10/80 VUs, 894 complete and 0 interrupted iterations
oscillating   [   9% ] 10/80 VUs  01m04.0s/12m00.0s

running (01m05.0s), 10/80 VUs, 909 complete and 0 interrupted iterations
oscillating   [   9% ] 10/80 VUs  01m05.0s/12m00.0s

running (01m06.0s), 10/80 VUs, 922 complete and 0 interrupted iterations
oscillating   [   9% ] 10/80 VUs  01m06.0s/12m00.0s

running (01m07.0s), 10/80 VUs, 938 complete and 0 interrupted iterations
oscillating   [   9% ] 10/80 VUs  01m07.0s/12m00.0s

running (01m08.0s), 10/80 VUs, 951 complete and 0 interrupted iterations
oscillating   [   9% ] 10/80 VUs  01m08.0s/12m00.0s

running (01m09.0s), 10/80 VUs, 964 complete and 0 interrupted iterations
oscillating   [  10% ] 10/80 VUs  01m09.0s/12m00.0s

running (01m10.0s), 10/80 VUs, 977 complete and 0 interrupted iterations
oscillating   [  10% ] 10/80 VUs  01m10.0s/12m00.0s

running (01m11.0s), 10/80 VUs, 994 complete and 0 interrupted iterations
oscillating   [  10% ] 10/80 VUs  01m11.0s/12m00.0s

running (01m12.0s), 10/80 VUs, 1009 complete and 0 interrupted iterations
oscillating   [  10% ] 10/80 VUs  01m12.0s/12m00.0s

running (01m13.0s), 10/80 VUs, 1023 complete and 0 interrupted iterations
oscillating   [  10% ] 10/80 VUs  01m13.0s/12m00.0s

running (01m14.0s), 10/80 VUs, 1037 complete and 0 interrupted iterations
oscillating   [  10% ] 10/80 VUs  01m14.0s/12m00.0s

running (01m15.0s), 10/80 VUs, 1051 complete and 0 interrupted iterations
oscillating   [  10% ] 10/80 VUs  01m15.0s/12m00.0s

running (01m16.0s), 10/80 VUs, 1065 complete and 0 interrupted iterations
oscillating   [  11% ] 10/80 VUs  01m16.0s/12m00.0s

running (01m17.0s), 10/80 VUs, 1078 complete and 0 interrupted iterations
oscillating   [  11% ] 10/80 VUs  01m17.0s/12m00.0s

running (01m18.0s), 10/80 VUs, 1093 complete and 0 interrupted iterations
oscillating   [  11% ] 10/80 VUs  01m18.0s/12m00.0s

running (01m19.0s), 10/80 VUs, 1105 complete and 0 interrupted iterations
oscillating   [  11% ] 10/80 VUs  01m19.0s/12m00.0s

running (01m20.0s), 10/80 VUs, 1121 complete and 0 interrupted iterations
oscillating   [  11% ] 10/80 VUs  01m20.0s/12m00.0s

running (01m21.0s), 10/80 VUs, 1134 complete and 0 interrupted iterations
oscillating   [  11% ] 10/80 VUs  01m21.0s/12m00.0s

running (01m22.0s), 10/80 VUs, 1149 complete and 0 interrupted iterations
oscillating   [  11% ] 10/80 VUs  01m22.0s/12m00.0s

running (01m23.0s), 10/80 VUs, 1163 complete and 0 interrupted iterations
oscillating   [  12% ] 10/80 VUs  01m23.0s/12m00.0s

running (01m24.0s), 10/80 VUs, 1176 complete and 0 interrupted iterations
oscillating   [  12% ] 10/80 VUs  01m24.0s/12m00.0s

running (01m25.0s), 10/80 VUs, 1192 complete and 0 interrupted iterations
oscillating   [  12% ] 10/80 VUs  01m25.0s/12m00.0s

running (01m26.0s), 10/80 VUs, 1205 complete and 0 interrupted iterations
oscillating   [  12% ] 10/80 VUs  01m26.0s/12m00.0s

running (01m27.0s), 10/80 VUs, 1223 complete and 0 interrupted iterations
oscillating   [  12% ] 10/80 VUs  01m27.0s/12m00.0s

running (01m28.0s), 10/80 VUs, 1233 complete and 0 interrupted iterations
oscillating   [  12% ] 10/80 VUs  01m28.0s/12m00.0s

running (01m29.0s), 10/80 VUs, 1250 complete and 0 interrupted iterations
oscillating   [  12% ] 10/80 VUs  01m29.0s/12m00.0s

running (01m30.0s), 10/80 VUs, 1265 complete and 0 interrupted iterations
oscillating   [  12% ] 10/80 VUs  01m30.0s/12m00.0s

running (01m31.0s), 10/80 VUs, 1283 complete and 0 interrupted iterations
oscillating   [  13% ] 10/80 VUs  01m31.0s/12m00.0s

running (01m32.0s), 10/80 VUs, 1295 complete and 0 interrupted iterations
oscillating   [  13% ] 10/80 VUs  01m32.0s/12m00.0s

running (01m33.0s), 10/80 VUs, 1313 complete and 0 interrupted iterations
oscillating   [  13% ] 10/80 VUs  01m33.0s/12m00.0s

running (01m34.0s), 10/80 VUs, 1327 complete and 0 interrupted iterations
oscillating   [  13% ] 10/80 VUs  01m34.0s/12m00.0s

running (01m35.0s), 10/80 VUs, 1341 complete and 0 interrupted iterations
oscillating   [  13% ] 10/80 VUs  01m35.0s/12m00.0s

running (01m36.0s), 10/80 VUs, 1357 complete and 0 interrupted iterations
oscillating   [  13% ] 10/80 VUs  01m36.0s/12m00.0s

running (01m37.0s), 10/80 VUs, 1371 complete and 0 interrupted iterations
oscillating   [  13% ] 10/80 VUs  01m37.0s/12m00.0s

running (01m38.0s), 10/80 VUs, 1383 complete and 0 interrupted iterations
oscillating   [  14% ] 10/80 VUs  01m38.0s/12m00.0s

running (01m39.0s), 10/80 VUs, 1400 complete and 0 interrupted iterations
oscillating   [  14% ] 10/80 VUs  01m39.0s/12m00.0s

running (01m40.0s), 10/80 VUs, 1411 complete and 0 interrupted iterations
oscillating   [  14% ] 10/80 VUs  01m40.0s/12m00.0s

running (01m41.0s), 10/80 VUs, 1426 complete and 0 interrupted iterations
oscillating   [  14% ] 10/80 VUs  01m41.0s/12m00.0s

running (01m42.0s), 10/80 VUs, 1440 complete and 0 interrupted iterations
oscillating   [  14% ] 10/80 VUs  01m42.0s/12m00.0s

running (01m43.0s), 10/80 VUs, 1454 complete and 0 interrupted iterations
oscillating   [  14% ] 10/80 VUs  01m43.0s/12m00.0s

running (01m44.0s), 10/80 VUs, 1467 complete and 0 interrupted iterations
oscillating   [  14% ] 10/80 VUs  01m44.0s/12m00.0s

running (01m45.0s), 10/80 VUs, 1483 complete and 0 interrupted iterations
oscillating   [  15% ] 10/80 VUs  01m45.0s/12m00.0s

running (01m46.0s), 10/80 VUs, 1496 complete and 0 interrupted iterations
oscillating   [  15% ] 10/80 VUs  01m46.0s/12m00.0s

running (01m47.0s), 10/80 VUs, 1511 complete and 0 interrupted iterations
oscillating   [  15% ] 10/80 VUs  01m47.0s/12m00.0s

running (01m48.0s), 10/80 VUs, 1528 complete and 0 interrupted iterations
oscillating   [  15% ] 10/80 VUs  01m48.0s/12m00.0s

running (01m49.0s), 10/80 VUs, 1541 complete and 0 interrupted iterations
oscillating   [  15% ] 10/80 VUs  01m49.0s/12m00.0s

running (01m50.0s), 10/80 VUs, 1556 complete and 0 interrupted iterations
oscillating   [  15% ] 10/80 VUs  01m50.0s/12m00.0s

running (01m51.0s), 10/80 VUs, 1571 complete and 0 interrupted iterations
oscillating   [  15% ] 10/80 VUs  01m51.0s/12m00.0s

running (01m52.0s), 10/80 VUs, 1584 complete and 0 interrupted iterations
oscillating   [  16% ] 10/80 VUs  01m52.0s/12m00.0s

running (01m53.0s), 10/80 VUs, 1597 complete and 0 interrupted iterations
oscillating   [  16% ] 10/80 VUs  01m53.0s/12m00.0s

running (01m54.0s), 10/80 VUs, 1612 complete and 0 interrupted iterations
oscillating   [  16% ] 10/80 VUs  01m54.0s/12m00.0s

running (01m55.0s), 10/80 VUs, 1625 complete and 0 interrupted iterations
oscillating   [  16% ] 10/80 VUs  01m55.0s/12m00.0s

running (01m56.0s), 10/80 VUs, 1640 complete and 0 interrupted iterations
oscillating   [  16% ] 10/80 VUs  01m56.0s/12m00.0s

running (01m57.0s), 10/80 VUs, 1653 complete and 0 interrupted iterations
oscillating   [  16% ] 10/80 VUs  01m57.0s/12m00.0s

running (01m58.0s), 10/80 VUs, 1668 complete and 0 interrupted iterations
oscillating   [  16% ] 10/80 VUs  01m58.0s/12m00.0s

running (01m59.0s), 10/80 VUs, 1681 complete and 0 interrupted iterations
oscillating   [  17% ] 10/80 VUs  01m59.0s/12m00.0s

running (02m00.0s), 10/80 VUs, 1697 complete and 0 interrupted iterations
oscillating   [  17% ] 10/80 VUs  02m00.0s/12m00.0s

running (02m01.0s), 16/80 VUs, 1711 complete and 0 interrupted iterations
oscillating   [  17% ] 16/80 VUs  02m01.0s/12m00.0s

running (02m02.0s), 23/80 VUs, 1737 complete and 0 interrupted iterations
oscillating   [  17% ] 23/80 VUs  02m02.0s/12m00.0s

running (02m03.0s), 30/80 VUs, 1768 complete and 0 interrupted iterations
oscillating   [  17% ] 30/80 VUs  02m03.0s/12m00.0s

running (02m04.0s), 37/80 VUs, 1812 complete and 0 interrupted iterations
oscillating   [  17% ] 37/80 VUs  02m04.0s/12m00.0s

running (02m05.0s), 44/80 VUs, 1863 complete and 0 interrupted iterations
oscillating   [  17% ] 44/80 VUs  02m05.0s/12m00.0s

running (02m06.0s), 51/80 VUs, 1905 complete and 0 interrupted iterations
oscillating   [  17% ] 51/80 VUs  02m06.0s/12m00.0s

running (02m07.0s), 58/80 VUs, 1945 complete and 0 interrupted iterations
oscillating   [  18% ] 58/80 VUs  02m07.0s/12m00.0s

running (02m08.0s), 65/80 VUs, 1973 complete and 0 interrupted iterations
oscillating   [  18% ] 65/80 VUs  02m08.0s/12m00.0s

running (02m09.0s), 72/80 VUs, 2000 complete and 0 interrupted iterations
oscillating   [  18% ] 72/80 VUs  02m09.0s/12m00.0s

running (02m10.0s), 79/80 VUs, 2025 complete and 0 interrupted iterations
oscillating   [  18% ] 79/80 VUs  02m10.0s/12m00.0s

running (02m11.0s), 80/80 VUs, 2054 complete and 0 interrupted iterations
oscillating   [  18% ] 80/80 VUs  02m11.0s/12m00.0s

running (02m12.0s), 80/80 VUs, 2055 complete and 0 interrupted iterations
oscillating   [  18% ] 80/80 VUs  02m12.0s/12m00.0s

running (02m13.0s), 80/80 VUs, 2081 complete and 0 interrupted iterations
oscillating   [  18% ] 80/80 VUs  02m13.0s/12m00.0s

running (02m14.0s), 80/80 VUs, 2100 complete and 0 interrupted iterations
oscillating   [  19% ] 80/80 VUs  02m14.0s/12m00.0s

running (02m15.0s), 80/80 VUs, 2108 complete and 0 interrupted iterations
oscillating   [  19% ] 80/80 VUs  02m15.0s/12m00.0s

running (02m16.0s), 80/80 VUs, 2135 complete and 0 interrupted iterations
oscillating   [  19% ] 80/80 VUs  02m16.0s/12m00.0s

running (02m17.0s), 80/80 VUs, 2135 complete and 0 interrupted iterations
oscillating   [  19% ] 80/80 VUs  02m17.0s/12m00.0s

running (02m18.0s), 80/80 VUs, 2147 complete and 0 interrupted iterations
oscillating   [  19% ] 80/80 VUs  02m18.0s/12m00.0s

running (02m19.0s), 80/80 VUs, 2175 complete and 0 interrupted iterations
oscillating   [  19% ] 80/80 VUs  02m19.0s/12m00.0s

running (02m20.0s), 80/80 VUs, 2175 complete and 0 interrupted iterations
oscillating   [  19% ] 80/80 VUs  02m20.0s/12m00.0s

running (02m21.0s), 80/80 VUs, 2202 complete and 0 interrupted iterations
oscillating   [  20% ] 80/80 VUs  02m21.0s/12m00.0s

running (02m22.0s), 80/80 VUs, 2207 complete and 0 interrupted iterations
oscillating   [  20% ] 80/80 VUs  02m22.0s/12m00.0s

running (02m23.0s), 80/80 VUs, 2221 complete and 0 interrupted iterations
oscillating   [  20% ] 80/80 VUs  02m23.0s/12m00.0s

running (02m24.0s), 80/80 VUs, 2248 complete and 0 interrupted iterations
oscillating   [  20% ] 80/80 VUs  02m24.0s/12m00.0s

running (02m25.0s), 80/80 VUs, 2248 complete and 0 interrupted iterations
oscillating   [  20% ] 80/80 VUs  02m25.0s/12m00.0s

running (02m26.0s), 80/80 VUs, 2275 complete and 0 interrupted iterations
oscillating   [  20% ] 80/80 VUs  02m26.0s/12m00.0s

running (02m27.0s), 80/80 VUs, 2294 complete and 0 interrupted iterations
oscillating   [  20% ] 80/80 VUs  02m27.0s/12m00.0s

running (02m28.0s), 80/80 VUs, 2307 complete and 0 interrupted iterations
oscillating   [  21% ] 80/80 VUs  02m28.0s/12m00.0s

running (02m29.0s), 80/80 VUs, 2320 complete and 0 interrupted iterations
oscillating   [  21% ] 80/80 VUs  02m29.0s/12m00.0s

running (02m30.0s), 80/80 VUs, 2347 complete and 0 interrupted iterations
oscillating   [  21% ] 80/80 VUs  02m30.0s/12m00.0s

running (02m31.0s), 80/80 VUs, 2347 complete and 0 interrupted iterations
oscillating   [  21% ] 80/80 VUs  02m31.0s/12m00.0s

running (02m32.0s), 80/80 VUs, 2372 complete and 0 interrupted iterations
oscillating   [  21% ] 80/80 VUs  02m32.0s/12m00.0s

running (02m33.0s), 80/80 VUs, 2399 complete and 0 interrupted iterations
oscillating   [  21% ] 80/80 VUs  02m33.0s/12m00.0s

running (02m34.0s), 80/80 VUs, 2399 complete and 0 interrupted iterations
oscillating   [  21% ] 80/80 VUs  02m34.0s/12m00.0s

running (02m35.0s), 80/80 VUs, 2426 complete and 0 interrupted iterations
oscillating   [  22% ] 80/80 VUs  02m35.0s/12m00.0s

running (02m36.0s), 80/80 VUs, 2426 complete and 0 interrupted iterations
oscillating   [  22% ] 80/80 VUs  02m36.0s/12m00.0s

running (02m37.0s), 80/80 VUs, 2446 complete and 0 interrupted iterations
oscillating   [  22% ] 80/80 VUs  02m37.0s/12m00.0s

running (02m38.0s), 80/80 VUs, 2473 complete and 0 interrupted iterations
oscillating   [  22% ] 80/80 VUs  02m38.0s/12m00.0s

running (02m39.0s), 80/80 VUs, 2473 complete and 0 interrupted iterations
oscillating   [  22% ] 80/80 VUs  02m39.0s/12m00.0s

running (02m40.0s), 80/80 VUs, 2500 complete and 0 interrupted iterations
oscillating   [  22% ] 80/80 VUs  02m40.0s/12m00.0s

running (02m41.0s), 80/80 VUs, 2513 complete and 0 interrupted iterations
oscillating   [  22% ] 80/80 VUs  02m41.0s/12m00.0s

running (02m42.0s), 80/80 VUs, 2541 complete and 0 interrupted iterations
oscillating   [  22% ] 80/80 VUs  02m42.0s/12m00.0s

running (02m43.0s), 80/80 VUs, 2541 complete and 0 interrupted iterations
oscillating   [  23% ] 80/80 VUs  02m43.0s/12m00.0s

running (02m44.0s), 80/80 VUs, 2567 complete and 0 interrupted iterations
oscillating   [  23% ] 80/80 VUs  02m44.0s/12m00.0s

running (02m45.0s), 80/80 VUs, 2591 complete and 0 interrupted iterations
oscillating   [  23% ] 80/80 VUs  02m45.0s/12m00.0s

running (02m46.0s), 80/80 VUs, 2594 complete and 0 interrupted iterations
oscillating   [  23% ] 80/80 VUs  02m46.0s/12m00.0s

running (02m47.0s), 80/80 VUs, 2621 complete and 0 interrupted iterations
oscillating   [  23% ] 80/80 VUs  02m47.0s/12m00.0s

running (02m48.0s), 80/80 VUs, 2621 complete and 0 interrupted iterations
oscillating   [  23% ] 80/80 VUs  02m48.0s/12m00.0s

running (02m49.0s), 80/80 VUs, 2647 complete and 0 interrupted iterations
oscillating   [  23% ] 80/80 VUs  02m49.0s/12m00.0s

running (02m50.0s), 80/80 VUs, 2667 complete and 0 interrupted iterations
oscillating   [  24% ] 80/80 VUs  02m50.0s/12m00.0s

running (02m51.0s), 80/80 VUs, 2667 complete and 0 interrupted iterations
oscillating   [  24% ] 80/80 VUs  02m51.0s/12m00.0s

running (02m52.0s), 80/80 VUs, 2697 complete and 0 interrupted iterations
oscillating   [  24% ] 80/80 VUs  02m52.0s/12m00.0s

running (02m53.0s), 80/80 VUs, 2723 complete and 0 interrupted iterations
oscillating   [  24% ] 80/80 VUs  02m53.0s/12m00.0s

running (02m54.0s), 80/80 VUs, 2723 complete and 0 interrupted iterations
oscillating   [  24% ] 80/80 VUs  02m54.0s/12m00.0s

running (02m55.0s), 80/80 VUs, 2750 complete and 0 interrupted iterations
oscillating   [  24% ] 80/80 VUs  02m55.0s/12m00.0s

running (02m56.0s), 80/80 VUs, 2750 complete and 0 interrupted iterations
oscillating   [  24% ] 80/80 VUs  02m56.0s/12m00.0s

running (02m57.0s), 80/80 VUs, 2777 complete and 0 interrupted iterations
oscillating   [  25% ] 80/80 VUs  02m57.0s/12m00.0s

running (02m58.0s), 80/80 VUs, 2803 complete and 0 interrupted iterations
oscillating   [  25% ] 80/80 VUs  02m58.0s/12m00.0s

running (02m59.0s), 80/80 VUs, 2803 complete and 0 interrupted iterations
oscillating   [  25% ] 80/80 VUs  02m59.0s/12m00.0s

running (03m00.0s), 80/80 VUs, 2817 complete and 0 interrupted iterations
oscillating   [  25% ] 80/80 VUs  03m00.0s/12m00.0s

running (03m01.0s), 80/80 VUs, 2845 complete and 0 interrupted iterations
oscillating   [  25% ] 80/80 VUs  03m01.0s/12m00.0s

running (03m02.0s), 80/80 VUs, 2845 complete and 0 interrupted iterations
oscillating   [  25% ] 80/80 VUs  03m02.0s/12m00.0s

running (03m03.0s), 80/80 VUs, 2872 complete and 0 interrupted iterations
oscillating   [  25% ] 80/80 VUs  03m03.0s/12m00.0s

running (03m04.0s), 80/80 VUs, 2892 complete and 0 interrupted iterations
oscillating   [  26% ] 80/80 VUs  03m04.0s/12m00.0s

running (03m05.0s), 80/80 VUs, 2894 complete and 0 interrupted iterations
oscillating   [  26% ] 80/80 VUs  03m05.0s/12m00.0s

running (03m06.0s), 80/80 VUs, 2921 complete and 0 interrupted iterations
oscillating   [  26% ] 80/80 VUs  03m06.0s/12m00.0s

running (03m07.0s), 80/80 VUs, 2921 complete and 0 interrupted iterations
oscillating   [  26% ] 80/80 VUs  03m07.0s/12m00.0s

running (03m08.0s), 80/80 VUs, 2948 complete and 0 interrupted iterations
oscillating   [  26% ] 80/80 VUs  03m08.0s/12m00.0s

running (03m09.0s), 80/80 VUs, 2974 complete and 0 interrupted iterations
oscillating   [  26% ] 80/80 VUs  03m09.0s/12m00.0s

running (03m10.0s), 80/80 VUs, 2974 complete and 0 interrupted iterations
oscillating   [  26% ] 80/80 VUs  03m10.0s/12m00.0s

running (03m11.0s), 80/80 VUs, 3001 complete and 0 interrupted iterations
oscillating   [  27% ] 80/80 VUs  03m11.0s/12m00.0s

running (03m12.0s), 80/80 VUs, 3001 complete and 0 interrupted iterations
oscillating   [  27% ] 80/80 VUs  03m12.0s/12m00.0s

running (03m13.0s), 80/80 VUs, 3024 complete and 0 interrupted iterations
oscillating   [  27% ] 80/80 VUs  03m13.0s/12m00.0s

running (03m14.0s), 80/80 VUs, 3051 complete and 0 interrupted iterations
oscillating   [  27% ] 80/80 VUs  03m14.0s/12m00.0s

running (03m15.0s), 80/80 VUs, 3051 complete and 0 interrupted iterations
oscillating   [  27% ] 80/80 VUs  03m15.0s/12m00.0s

running (03m16.0s), 80/80 VUs, 3078 complete and 0 interrupted iterations
oscillating   [  27% ] 80/80 VUs  03m16.0s/12m00.0s

running (03m17.0s), 80/80 VUs, 3078 complete and 0 interrupted iterations
oscillating   [  27% ] 80/80 VUs  03m17.0s/12m00.0s

running (03m18.0s), 80/80 VUs, 3104 complete and 0 interrupted iterations
oscillating   [  27% ] 80/80 VUs  03m18.0s/12m00.0s

running (03m19.0s), 80/80 VUs, 3104 complete and 0 interrupted iterations
oscillating   [  28% ] 80/80 VUs  03m19.0s/12m00.0s

running (03m20.0s), 80/80 VUs, 3131 complete and 0 interrupted iterations
oscillating   [  28% ] 80/80 VUs  03m20.0s/12m00.0s

running (03m21.0s), 80/80 VUs, 3158 complete and 0 interrupted iterations
oscillating   [  28% ] 80/80 VUs  03m21.0s/12m00.0s

running (03m22.0s), 80/80 VUs, 3158 complete and 0 interrupted iterations
oscillating   [  28% ] 80/80 VUs  03m22.0s/12m00.0s

running (03m23.0s), 80/80 VUs, 3178 complete and 0 interrupted iterations
oscillating   [  28% ] 80/80 VUs  03m23.0s/12m00.0s

running (03m24.0s), 80/80 VUs, 3190 complete and 0 interrupted iterations
oscillating   [  28% ] 80/80 VUs  03m24.0s/12m00.0s

running (03m25.0s), 80/80 VUs, 3206 complete and 0 interrupted iterations
oscillating   [  28% ] 80/80 VUs  03m25.0s/12m00.0s

running (03m26.0s), 80/80 VUs, 3233 complete and 0 interrupted iterations
oscillating   [  29% ] 80/80 VUs  03m26.0s/12m00.0s

running (03m27.0s), 80/80 VUs, 3233 complete and 0 interrupted iterations
oscillating   [  29% ] 80/80 VUs  03m27.0s/12m00.0s

running (03m28.0s), 80/80 VUs, 3259 complete and 0 interrupted iterations
oscillating   [  29% ] 80/80 VUs  03m28.0s/12m00.0s

running (03m29.0s), 80/80 VUs, 3285 complete and 0 interrupted iterations
oscillating   [  29% ] 80/80 VUs  03m29.0s/12m00.0s

running (03m30.0s), 80/80 VUs, 3285 complete and 0 interrupted iterations
oscillating   [  29% ] 80/80 VUs  03m30.0s/12m00.0s

running (03m31.0s), 80/80 VUs, 3312 complete and 0 interrupted iterations
oscillating   [  29% ] 80/80 VUs  03m31.0s/12m00.0s

running (03m32.0s), 80/80 VUs, 3312 complete and 0 interrupted iterations
oscillating   [  29% ] 80/80 VUs  03m32.0s/12m00.0s

running (03m33.0s), 75/80 VUs, 3338 complete and 0 interrupted iterations
oscillating   [  30% ] 75/80 VUs  03m33.0s/12m00.0s

running (03m34.0s), 65/80 VUs, 3365 complete and 0 interrupted iterations
oscillating   [  30% ] 65/80 VUs  03m34.0s/12m00.0s

running (03m35.0s), 56/80 VUs, 3392 complete and 0 interrupted iterations
oscillating   [  30% ] 56/80 VUs  03m35.0s/12m00.0s

running (03m36.0s), 47/80 VUs, 3420 complete and 0 interrupted iterations
oscillating   [  30% ] 47/80 VUs  03m36.0s/12m00.0s

running (03m37.0s), 35/80 VUs, 3470 complete and 0 interrupted iterations
oscillating   [  30% ] 35/80 VUs  03m37.0s/12m00.0s

running (03m38.0s), 26/80 VUs, 3517 complete and 0 interrupted iterations
oscillating   [  30% ] 26/80 VUs  03m38.0s/12m00.0s

running (03m39.0s), 21/80 VUs, 3555 complete and 0 interrupted iterations
oscillating   [  30% ] 21/80 VUs  03m39.0s/12m00.0s

running (03m40.0s), 16/80 VUs, 3584 complete and 0 interrupted iterations
oscillating   [  31% ] 16/80 VUs  03m40.0s/12m00.0s

running (03m41.0s), 10/80 VUs, 3603 complete and 0 interrupted iterations
oscillating   [  31% ] 10/80 VUs  03m41.0s/12m00.0s

running (03m42.0s), 10/80 VUs, 3619 complete and 0 interrupted iterations
oscillating   [  31% ] 10/80 VUs  03m42.0s/12m00.0s

running (03m43.0s), 10/80 VUs, 3633 complete and 0 interrupted iterations
oscillating   [  31% ] 10/80 VUs  03m43.0s/12m00.0s

running (03m44.0s), 10/80 VUs, 3646 complete and 0 interrupted iterations
oscillating   [  31% ] 10/80 VUs  03m44.0s/12m00.0s

running (03m45.0s), 10/80 VUs, 3661 complete and 0 interrupted iterations
oscillating   [  31% ] 10/80 VUs  03m45.0s/12m00.0s

running (03m46.0s), 10/80 VUs, 3675 complete and 0 interrupted iterations
oscillating   [  31% ] 10/80 VUs  03m46.0s/12m00.0s

running (03m47.0s), 10/80 VUs, 3690 complete and 0 interrupted iterations
oscillating   [  32% ] 10/80 VUs  03m47.0s/12m00.0s

running (03m48.0s), 10/80 VUs, 3707 complete and 0 interrupted iterations
oscillating   [  32% ] 10/80 VUs  03m48.0s/12m00.0s

running (03m49.0s), 10/80 VUs, 3722 complete and 0 interrupted iterations
oscillating   [  32% ] 10/80 VUs  03m49.0s/12m00.0s

running (03m50.0s), 10/80 VUs, 3735 complete and 0 interrupted iterations
oscillating   [  32% ] 10/80 VUs  03m50.0s/12m00.0s

running (03m51.0s), 10/80 VUs, 3749 complete and 0 interrupted iterations
oscillating   [  32% ] 10/80 VUs  03m51.0s/12m00.0s

running (03m52.0s), 10/80 VUs, 3763 complete and 0 interrupted iterations
oscillating   [  32% ] 10/80 VUs  03m52.0s/12m00.0s

running (03m53.0s), 10/80 VUs, 3776 complete and 0 interrupted iterations
oscillating   [  32% ] 10/80 VUs  03m53.0s/12m00.0s

running (03m54.0s), 10/80 VUs, 3790 complete and 0 interrupted iterations
oscillating   [  32% ] 10/80 VUs  03m54.0s/12m00.0s

running (03m55.0s), 10/80 VUs, 3801 complete and 0 interrupted iterations
oscillating   [  33% ] 10/80 VUs  03m55.0s/12m00.0s

running (03m56.0s), 10/80 VUs, 3817 complete and 0 interrupted iterations
oscillating   [  33% ] 10/80 VUs  03m56.0s/12m00.0s

running (03m57.0s), 10/80 VUs, 3831 complete and 0 interrupted iterations
oscillating   [  33% ] 10/80 VUs  03m57.0s/12m00.0s

running (03m58.0s), 10/80 VUs, 3844 complete and 0 interrupted iterations
oscillating   [  33% ] 10/80 VUs  03m58.0s/12m00.0s

running (03m59.0s), 10/80 VUs, 3858 complete and 0 interrupted iterations
oscillating   [  33% ] 10/80 VUs  03m59.0s/12m00.0s

running (04m00.0s), 10/80 VUs, 3872 complete and 0 interrupted iterations
oscillating   [  33% ] 10/80 VUs  04m00.0s/12m00.0s

running (04m01.0s), 10/80 VUs, 3886 complete and 0 interrupted iterations
oscillating   [  33% ] 10/80 VUs  04m01.0s/12m00.0s

running (04m02.0s), 10/80 VUs, 3899 complete and 0 interrupted iterations
oscillating   [  34% ] 10/80 VUs  04m02.0s/12m00.0s

running (04m03.0s), 10/80 VUs, 3915 complete and 0 interrupted iterations
oscillating   [  34% ] 10/80 VUs  04m03.0s/12m00.0s

running (04m04.0s), 10/80 VUs, 3927 complete and 0 interrupted iterations
oscillating   [  34% ] 10/80 VUs  04m04.0s/12m00.0s

running (04m05.0s), 10/80 VUs, 3940 complete and 0 interrupted iterations
oscillating   [  34% ] 10/80 VUs  04m05.0s/12m00.0s

running (04m06.0s), 10/80 VUs, 3957 complete and 0 interrupted iterations
oscillating   [  34% ] 10/80 VUs  04m06.0s/12m00.0s

running (04m07.0s), 10/80 VUs, 3970 complete and 0 interrupted iterations
oscillating   [  34% ] 10/80 VUs  04m07.0s/12m00.0s

running (04m08.0s), 10/80 VUs, 3981 complete and 0 interrupted iterations
oscillating   [  34% ] 10/80 VUs  04m08.0s/12m00.0s

running (04m09.0s), 10/80 VUs, 3998 complete and 0 interrupted iterations
oscillating   [  35% ] 10/80 VUs  04m09.0s/12m00.0s

running (04m10.0s), 10/80 VUs, 4011 complete and 0 interrupted iterations
oscillating   [  35% ] 10/80 VUs  04m10.0s/12m00.0s

running (04m11.0s), 10/80 VUs, 4025 complete and 0 interrupted iterations
oscillating   [  35% ] 10/80 VUs  04m11.0s/12m00.0s

running (04m12.0s), 10/80 VUs, 4040 complete and 0 interrupted iterations
oscillating   [  35% ] 10/80 VUs  04m12.0s/12m00.0s

running (04m13.0s), 10/80 VUs, 4056 complete and 0 interrupted iterations
oscillating   [  35% ] 10/80 VUs  04m13.0s/12m00.0s

running (04m14.0s), 10/80 VUs, 4069 complete and 0 interrupted iterations
oscillating   [  35% ] 10/80 VUs  04m14.0s/12m00.0s

running (04m15.0s), 10/80 VUs, 4085 complete and 0 interrupted iterations
oscillating   [  35% ] 10/80 VUs  04m15.0s/12m00.0s

running (04m16.0s), 10/80 VUs, 4099 complete and 0 interrupted iterations
oscillating   [  36% ] 10/80 VUs  04m16.0s/12m00.0s

running (04m17.0s), 10/80 VUs, 4113 complete and 0 interrupted iterations
oscillating   [  36% ] 10/80 VUs  04m17.0s/12m00.0s

running (04m18.0s), 10/80 VUs, 4127 complete and 0 interrupted iterations
oscillating   [  36% ] 10/80 VUs  04m18.0s/12m00.0s

running (04m19.0s), 10/80 VUs, 4144 complete and 0 interrupted iterations
oscillating   [  36% ] 10/80 VUs  04m19.0s/12m00.0s

running (04m20.0s), 10/80 VUs, 4156 complete and 0 interrupted iterations
oscillating   [  36% ] 10/80 VUs  04m20.0s/12m00.0s

running (04m21.0s), 10/80 VUs, 4171 complete and 0 interrupted iterations
oscillating   [  36% ] 10/80 VUs  04m21.0s/12m00.0s

running (04m22.0s), 10/80 VUs, 4185 complete and 0 interrupted iterations
oscillating   [  36% ] 10/80 VUs  04m22.0s/12m00.0s

running (04m23.0s), 10/80 VUs, 4200 complete and 0 interrupted iterations
oscillating   [  37% ] 10/80 VUs  04m23.0s/12m00.0s

running (04m24.0s), 10/80 VUs, 4215 complete and 0 interrupted iterations
oscillating   [  37% ] 10/80 VUs  04m24.0s/12m00.0s

running (04m25.0s), 10/80 VUs, 4228 complete and 0 interrupted iterations
oscillating   [  37% ] 10/80 VUs  04m25.0s/12m00.0s

running (04m26.0s), 10/80 VUs, 4240 complete and 0 interrupted iterations
oscillating   [  37% ] 10/80 VUs  04m26.0s/12m00.0s

running (04m27.0s), 10/80 VUs, 4254 complete and 0 interrupted iterations
oscillating   [  37% ] 10/80 VUs  04m27.0s/12m00.0s

running (04m28.0s), 10/80 VUs, 4269 complete and 0 interrupted iterations
oscillating   [  37% ] 10/80 VUs  04m28.0s/12m00.0s

running (04m29.0s), 10/80 VUs, 4282 complete and 0 interrupted iterations
oscillating   [  37% ] 10/80 VUs  04m29.0s/12m00.0s

running (04m30.0s), 10/80 VUs, 4296 complete and 0 interrupted iterations
oscillating   [  37% ] 10/80 VUs  04m30.0s/12m00.0s

running (04m31.0s), 10/80 VUs, 4312 complete and 0 interrupted iterations
oscillating   [  38% ] 10/80 VUs  04m31.0s/12m00.0s

running (04m32.0s), 10/80 VUs, 4325 complete and 0 interrupted iterations
oscillating   [  38% ] 10/80 VUs  04m32.0s/12m00.0s

running (04m33.0s), 10/80 VUs, 4338 complete and 0 interrupted iterations
oscillating   [  38% ] 10/80 VUs  04m33.0s/12m00.0s

running (04m34.0s), 10/80 VUs, 4351 complete and 0 interrupted iterations
oscillating   [  38% ] 10/80 VUs  04m34.0s/12m00.0s

running (04m35.0s), 10/80 VUs, 4367 complete and 0 interrupted iterations
oscillating   [  38% ] 10/80 VUs  04m35.0s/12m00.0s

running (04m36.0s), 10/80 VUs, 4381 complete and 0 interrupted iterations
oscillating   [  38% ] 10/80 VUs  04m36.0s/12m00.0s

running (04m37.0s), 10/80 VUs, 4394 complete and 0 interrupted iterations
oscillating   [  38% ] 10/80 VUs  04m37.0s/12m00.0s

running (04m38.0s), 10/80 VUs, 4410 complete and 0 interrupted iterations
oscillating   [  39% ] 10/80 VUs  04m38.0s/12m00.0s

running (04m39.0s), 10/80 VUs, 4422 complete and 0 interrupted iterations
oscillating   [  39% ] 10/80 VUs  04m39.0s/12m00.0s

running (04m40.0s), 10/80 VUs, 4439 complete and 0 interrupted iterations
oscillating   [  39% ] 10/80 VUs  04m40.0s/12m00.0s

running (04m41.0s), 10/80 VUs, 4452 complete and 0 interrupted iterations
oscillating   [  39% ] 10/80 VUs  04m41.0s/12m00.0s

running (04m42.0s), 10/80 VUs, 4465 complete and 0 interrupted iterations
oscillating   [  39% ] 10/80 VUs  04m42.0s/12m00.0s

running (04m43.0s), 10/80 VUs, 4478 complete and 0 interrupted iterations
oscillating   [  39% ] 10/80 VUs  04m43.0s/12m00.0s

running (04m44.0s), 10/80 VUs, 4496 complete and 0 interrupted iterations
oscillating   [  39% ] 10/80 VUs  04m44.0s/12m00.0s

running (04m45.0s), 10/80 VUs, 4509 complete and 0 interrupted iterations
oscillating   [  40% ] 10/80 VUs  04m45.0s/12m00.0s

running (04m46.0s), 10/80 VUs, 4526 complete and 0 interrupted iterations
oscillating   [  40% ] 10/80 VUs  04m46.0s/12m00.0s

running (04m47.0s), 10/80 VUs, 4540 complete and 0 interrupted iterations
oscillating   [  40% ] 10/80 VUs  04m47.0s/12m00.0s

running (04m48.0s), 10/80 VUs, 4557 complete and 0 interrupted iterations
oscillating   [  40% ] 10/80 VUs  04m48.0s/12m00.0s

running (04m49.0s), 10/80 VUs, 4570 complete and 0 interrupted iterations
oscillating   [  40% ] 10/80 VUs  04m49.0s/12m00.0s

running (04m50.0s), 10/80 VUs, 4582 complete and 0 interrupted iterations
oscillating   [  40% ] 10/80 VUs  04m50.0s/12m00.0s

running (04m51.0s), 10/80 VUs, 4598 complete and 0 interrupted iterations
oscillating   [  40% ] 10/80 VUs  04m51.0s/12m00.0s

running (04m52.0s), 10/80 VUs, 4613 complete and 0 interrupted iterations
oscillating   [  41% ] 10/80 VUs  04m52.0s/12m00.0s

running (04m53.0s), 10/80 VUs, 4627 complete and 0 interrupted iterations
oscillating   [  41% ] 10/80 VUs  04m53.0s/12m00.0s

running (04m54.0s), 10/80 VUs, 4641 complete and 0 interrupted iterations
oscillating   [  41% ] 10/80 VUs  04m54.0s/12m00.0s

running (04m55.0s), 10/80 VUs, 4654 complete and 0 interrupted iterations
oscillating   [  41% ] 10/80 VUs  04m55.0s/12m00.0s

running (04m56.0s), 10/80 VUs, 4669 complete and 0 interrupted iterations
oscillating   [  41% ] 10/80 VUs  04m56.0s/12m00.0s

running (04m57.0s), 10/80 VUs, 4682 complete and 0 interrupted iterations
oscillating   [  41% ] 10/80 VUs  04m57.0s/12m00.0s

running (04m58.0s), 10/80 VUs, 4696 complete and 0 interrupted iterations
oscillating   [  41% ] 10/80 VUs  04m58.0s/12m00.0s

running (04m59.0s), 10/80 VUs, 4711 complete and 0 interrupted iterations
oscillating   [  42% ] 10/80 VUs  04m59.0s/12m00.0s

running (05m00.0s), 10/80 VUs, 4723 complete and 0 interrupted iterations
oscillating   [  42% ] 10/80 VUs  05m00.0s/12m00.0s

running (05m01.0s), 16/80 VUs, 4742 complete and 0 interrupted iterations
oscillating   [  42% ] 16/80 VUs  05m01.0s/12m00.0s

running (05m02.0s), 23/80 VUs, 4765 complete and 0 interrupted iterations
oscillating   [  42% ] 23/80 VUs  05m02.0s/12m00.0s

running (05m03.0s), 30/80 VUs, 4798 complete and 0 interrupted iterations
oscillating   [  42% ] 30/80 VUs  05m03.0s/12m00.0s

running (05m04.0s), 37/80 VUs, 4842 complete and 0 interrupted iterations
oscillating   [  42% ] 37/80 VUs  05m04.0s/12m00.0s

running (05m05.0s), 44/80 VUs, 4896 complete and 0 interrupted iterations
oscillating   [  42% ] 44/80 VUs  05m05.0s/12m00.0s

running (05m06.0s), 51/80 VUs, 4958 complete and 0 interrupted iterations
oscillating   [  42% ] 51/80 VUs  05m06.0s/12m00.0s

running (05m07.0s), 58/80 VUs, 5032 complete and 0 interrupted iterations
oscillating   [  43% ] 58/80 VUs  05m07.0s/12m00.0s

running (05m08.0s), 65/80 VUs, 5119 complete and 0 interrupted iterations
oscillating   [  43% ] 65/80 VUs  05m08.0s/12m00.0s

running (05m09.0s), 72/80 VUs, 5205 complete and 0 interrupted iterations
oscillating   [  43% ] 72/80 VUs  05m09.0s/12m00.0s

running (05m10.0s), 79/80 VUs, 5310 complete and 0 interrupted iterations
oscillating   [  43% ] 79/80 VUs  05m10.0s/12m00.0s

running (05m11.0s), 80/80 VUs, 5425 complete and 0 interrupted iterations
oscillating   [  43% ] 80/80 VUs  05m11.0s/12m00.0s

running (05m12.0s), 80/80 VUs, 5529 complete and 0 interrupted iterations
oscillating   [  43% ] 80/80 VUs  05m12.0s/12m00.0s

running (05m13.0s), 80/80 VUs, 5646 complete and 0 interrupted iterations
oscillating   [  43% ] 80/80 VUs  05m13.0s/12m00.0s

running (05m14.0s), 80/80 VUs, 5757 complete and 0 interrupted iterations
oscillating   [  44% ] 80/80 VUs  05m14.0s/12m00.0s

running (05m15.0s), 80/80 VUs, 5876 complete and 0 interrupted iterations
oscillating   [  44% ] 80/80 VUs  05m15.0s/12m00.0s

running (05m16.0s), 80/80 VUs, 5979 complete and 0 interrupted iterations
oscillating   [  44% ] 80/80 VUs  05m16.0s/12m00.0s

running (05m17.0s), 80/80 VUs, 6098 complete and 0 interrupted iterations
oscillating   [  44% ] 80/80 VUs  05m17.0s/12m00.0s

running (05m18.0s), 80/80 VUs, 6209 complete and 0 interrupted iterations
oscillating   [  44% ] 80/80 VUs  05m18.0s/12m00.0s

running (05m19.0s), 80/80 VUs, 6324 complete and 0 interrupted iterations
oscillating   [  44% ] 80/80 VUs  05m19.0s/12m00.0s

running (05m20.0s), 80/80 VUs, 6433 complete and 0 interrupted iterations
oscillating   [  44% ] 80/80 VUs  05m20.0s/12m00.0s

running (05m21.0s), 80/80 VUs, 6547 complete and 0 interrupted iterations
oscillating   [  45% ] 80/80 VUs  05m21.0s/12m00.0s

running (05m22.0s), 80/80 VUs, 6659 complete and 0 interrupted iterations
oscillating   [  45% ] 80/80 VUs  05m22.0s/12m00.0s

running (05m23.0s), 80/80 VUs, 6772 complete and 0 interrupted iterations
oscillating   [  45% ] 80/80 VUs  05m23.0s/12m00.0s

running (05m24.0s), 80/80 VUs, 6884 complete and 0 interrupted iterations
oscillating   [  45% ] 80/80 VUs  05m24.0s/12m00.0s

running (05m25.0s), 80/80 VUs, 6999 complete and 0 interrupted iterations
oscillating   [  45% ] 80/80 VUs  05m25.0s/12m00.0s

running (05m26.0s), 80/80 VUs, 7110 complete and 0 interrupted iterations
oscillating   [  45% ] 80/80 VUs  05m26.0s/12m00.0s

running (05m27.0s), 80/80 VUs, 7213 complete and 0 interrupted iterations
oscillating   [  45% ] 80/80 VUs  05m27.0s/12m00.0s

running (05m28.0s), 80/80 VUs, 7339 complete and 0 interrupted iterations
oscillating   [  46% ] 80/80 VUs  05m28.0s/12m00.0s

running (05m29.0s), 80/80 VUs, 7447 complete and 0 interrupted iterations
oscillating   [  46% ] 80/80 VUs  05m29.0s/12m00.0s

running (05m30.0s), 80/80 VUs, 7559 complete and 0 interrupted iterations
oscillating   [  46% ] 80/80 VUs  05m30.0s/12m00.0s

running (05m31.0s), 80/80 VUs, 7673 complete and 0 interrupted iterations
oscillating   [  46% ] 80/80 VUs  05m31.0s/12m00.0s

running (05m32.0s), 80/80 VUs, 7783 complete and 0 interrupted iterations
oscillating   [  46% ] 80/80 VUs  05m32.0s/12m00.0s

running (05m33.0s), 80/80 VUs, 7894 complete and 0 interrupted iterations
oscillating   [  46% ] 80/80 VUs  05m33.0s/12m00.0s

running (05m34.0s), 80/80 VUs, 7999 complete and 0 interrupted iterations
oscillating   [  46% ] 80/80 VUs  05m34.0s/12m00.0s

running (05m35.0s), 80/80 VUs, 8113 complete and 0 interrupted iterations
oscillating   [  47% ] 80/80 VUs  05m35.0s/12m00.0s

running (05m36.0s), 80/80 VUs, 8220 complete and 0 interrupted iterations
oscillating   [  47% ] 80/80 VUs  05m36.0s/12m00.0s

running (05m37.0s), 80/80 VUs, 8328 complete and 0 interrupted iterations
oscillating   [  47% ] 80/80 VUs  05m37.0s/12m00.0s

running (05m38.0s), 80/80 VUs, 8445 complete and 0 interrupted iterations
oscillating   [  47% ] 80/80 VUs  05m38.0s/12m00.0s

running (05m39.0s), 80/80 VUs, 8553 complete and 0 interrupted iterations
oscillating   [  47% ] 80/80 VUs  05m39.0s/12m00.0s

running (05m40.0s), 80/80 VUs, 8661 complete and 0 interrupted iterations
oscillating   [  47% ] 80/80 VUs  05m40.0s/12m00.0s

running (05m41.0s), 80/80 VUs, 8781 complete and 0 interrupted iterations
oscillating   [  47% ] 80/80 VUs  05m41.0s/12m00.0s

running (05m42.0s), 80/80 VUs, 8888 complete and 0 interrupted iterations
oscillating   [  47% ] 80/80 VUs  05m42.0s/12m00.0s

running (05m43.0s), 80/80 VUs, 8997 complete and 0 interrupted iterations
oscillating   [  48% ] 80/80 VUs  05m43.0s/12m00.0s

running (05m44.0s), 80/80 VUs, 9109 complete and 0 interrupted iterations
oscillating   [  48% ] 80/80 VUs  05m44.0s/12m00.0s

running (05m45.0s), 80/80 VUs, 9224 complete and 0 interrupted iterations
oscillating   [  48% ] 80/80 VUs  05m45.0s/12m00.0s

running (05m46.0s), 80/80 VUs, 9332 complete and 0 interrupted iterations
oscillating   [  48% ] 80/80 VUs  05m46.0s/12m00.0s

running (05m47.0s), 80/80 VUs, 9443 complete and 0 interrupted iterations
oscillating   [  48% ] 80/80 VUs  05m47.0s/12m00.0s

running (05m48.0s), 80/80 VUs, 9555 complete and 0 interrupted iterations
oscillating   [  48% ] 80/80 VUs  05m48.0s/12m00.0s

running (05m49.0s), 80/80 VUs, 9669 complete and 0 interrupted iterations
oscillating   [  48% ] 80/80 VUs  05m49.0s/12m00.0s

running (05m50.0s), 80/80 VUs, 9780 complete and 0 interrupted iterations
oscillating   [  49% ] 80/80 VUs  05m50.0s/12m00.0s

running (05m51.0s), 80/80 VUs, 9892 complete and 0 interrupted iterations
oscillating   [  49% ] 80/80 VUs  05m51.0s/12m00.0s

running (05m52.0s), 80/80 VUs, 10006 complete and 0 interrupted iterations
oscillating   [  49% ] 80/80 VUs  05m52.0s/12m00.0s

running (05m53.0s), 80/80 VUs, 10122 complete and 0 interrupted iterations
oscillating   [  49% ] 80/80 VUs  05m53.0s/12m00.0s

running (05m54.0s), 80/80 VUs, 10232 complete and 0 interrupted iterations
oscillating   [  49% ] 80/80 VUs  05m54.0s/12m00.0s

running (05m55.0s), 80/80 VUs, 10334 complete and 0 interrupted iterations
oscillating   [  49% ] 80/80 VUs  05m55.0s/12m00.0s

running (05m56.0s), 80/80 VUs, 10451 complete and 0 interrupted iterations
oscillating   [  49% ] 80/80 VUs  05m56.0s/12m00.0s

running (05m57.0s), 80/80 VUs, 10558 complete and 0 interrupted iterations
oscillating   [  50% ] 80/80 VUs  05m57.0s/12m00.0s

running (05m58.0s), 80/80 VUs, 10667 complete and 0 interrupted iterations
oscillating   [  50% ] 80/80 VUs  05m58.0s/12m00.0s

running (05m59.0s), 80/80 VUs, 10775 complete and 0 interrupted iterations
oscillating   [  50% ] 80/80 VUs  05m59.0s/12m00.0s

running (06m00.0s), 80/80 VUs, 10889 complete and 0 interrupted iterations
oscillating   [  50% ] 80/80 VUs  06m00.0s/12m00.0s

running (06m01.0s), 80/80 VUs, 10999 complete and 0 interrupted iterations
oscillating   [  50% ] 80/80 VUs  06m01.0s/12m00.0s

running (06m02.0s), 80/80 VUs, 11113 complete and 0 interrupted iterations
oscillating   [  50% ] 80/80 VUs  06m02.0s/12m00.0s

running (06m03.0s), 80/80 VUs, 11230 complete and 0 interrupted iterations
oscillating   [  50% ] 80/80 VUs  06m03.0s/12m00.0s

running (06m04.0s), 80/80 VUs, 11338 complete and 0 interrupted iterations
oscillating   [  51% ] 80/80 VUs  06m04.0s/12m00.0s

running (06m05.0s), 80/80 VUs, 11457 complete and 0 interrupted iterations
oscillating   [  51% ] 80/80 VUs  06m05.0s/12m00.0s

running (06m06.0s), 80/80 VUs, 11562 complete and 0 interrupted iterations
oscillating   [  51% ] 80/80 VUs  06m06.0s/12m00.0s

running (06m07.0s), 80/80 VUs, 11676 complete and 0 interrupted iterations
oscillating   [  51% ] 80/80 VUs  06m07.0s/12m00.0s

running (06m08.0s), 80/80 VUs, 11788 complete and 0 interrupted iterations
oscillating   [  51% ] 80/80 VUs  06m08.0s/12m00.0s

running (06m09.0s), 80/80 VUs, 11903 complete and 0 interrupted iterations
oscillating   [  51% ] 80/80 VUs  06m09.0s/12m00.0s

running (06m10.0s), 80/80 VUs, 12016 complete and 0 interrupted iterations
oscillating   [  51% ] 80/80 VUs  06m10.0s/12m00.0s

running (06m11.0s), 80/80 VUs, 12126 complete and 0 interrupted iterations
oscillating   [  52% ] 80/80 VUs  06m11.0s/12m00.0s

running (06m12.0s), 80/80 VUs, 12241 complete and 0 interrupted iterations
oscillating   [  52% ] 80/80 VUs  06m12.0s/12m00.0s

running (06m13.0s), 80/80 VUs, 12348 complete and 0 interrupted iterations
oscillating   [  52% ] 80/80 VUs  06m13.0s/12m00.0s

running (06m14.0s), 80/80 VUs, 12456 complete and 0 interrupted iterations
oscillating   [  52% ] 80/80 VUs  06m14.0s/12m00.0s

running (06m15.0s), 80/80 VUs, 12575 complete and 0 interrupted iterations
oscillating   [  52% ] 80/80 VUs  06m15.0s/12m00.0s

running (06m16.0s), 80/80 VUs, 12686 complete and 0 interrupted iterations
oscillating   [  52% ] 80/80 VUs  06m16.0s/12m00.0s

running (06m17.0s), 80/80 VUs, 12799 complete and 0 interrupted iterations
oscillating   [  52% ] 80/80 VUs  06m17.0s/12m00.0s

running (06m18.0s), 80/80 VUs, 12917 complete and 0 interrupted iterations
oscillating   [  52% ] 80/80 VUs  06m18.0s/12m00.0s

running (06m19.0s), 80/80 VUs, 13024 complete and 0 interrupted iterations
oscillating   [  53% ] 80/80 VUs  06m19.0s/12m00.0s

running (06m20.0s), 80/80 VUs, 13139 complete and 0 interrupted iterations
oscillating   [  53% ] 80/80 VUs  06m20.0s/12m00.0s

running (06m21.0s), 80/80 VUs, 13251 complete and 0 interrupted iterations
oscillating   [  53% ] 80/80 VUs  06m21.0s/12m00.0s

running (06m22.0s), 80/80 VUs, 13363 complete and 0 interrupted iterations
oscillating   [  53% ] 80/80 VUs  06m22.0s/12m00.0s

running (06m23.0s), 80/80 VUs, 13476 complete and 0 interrupted iterations
oscillating   [  53% ] 80/80 VUs  06m23.0s/12m00.0s

running (06m24.0s), 80/80 VUs, 13591 complete and 0 interrupted iterations
oscillating   [  53% ] 80/80 VUs  06m24.0s/12m00.0s

running (06m25.0s), 80/80 VUs, 13705 complete and 0 interrupted iterations
oscillating   [  53% ] 80/80 VUs  06m25.0s/12m00.0s

running (06m26.0s), 80/80 VUs, 13808 complete and 0 interrupted iterations
oscillating   [  54% ] 80/80 VUs  06m26.0s/12m00.0s

running (06m27.0s), 80/80 VUs, 13930 complete and 0 interrupted iterations
oscillating   [  54% ] 80/80 VUs  06m27.0s/12m00.0s

running (06m28.0s), 80/80 VUs, 14040 complete and 0 interrupted iterations
oscillating   [  54% ] 80/80 VUs  06m28.0s/12m00.0s

running (06m29.0s), 80/80 VUs, 14151 complete and 0 interrupted iterations
oscillating   [  54% ] 80/80 VUs  06m29.0s/12m00.0s

running (06m30.0s), 80/80 VUs, 14271 complete and 0 interrupted iterations
oscillating   [  54% ] 80/80 VUs  06m30.0s/12m00.0s

running (06m31.0s), 77/80 VUs, 14380 complete and 0 interrupted iterations
oscillating   [  54% ] 77/80 VUs  06m31.0s/12m00.0s

running (06m32.0s), 70/80 VUs, 14488 complete and 0 interrupted iterations
oscillating   [  54% ] 70/80 VUs  06m32.0s/12m00.0s

running (06m33.0s), 63/80 VUs, 14584 complete and 0 interrupted iterations
oscillating   [  55% ] 63/80 VUs  06m33.0s/12m00.0s

running (06m34.0s), 56/80 VUs, 14666 complete and 0 interrupted iterations
oscillating   [  55% ] 56/80 VUs  06m34.0s/12m00.0s

running (06m35.0s), 49/80 VUs, 14746 complete and 0 interrupted iterations
oscillating   [  55% ] 49/80 VUs  06m35.0s/12m00.0s

running (06m36.0s), 41/80 VUs, 14815 complete and 0 interrupted iterations
oscillating   [  55% ] 41/80 VUs  06m36.0s/12m00.0s

running (06m37.0s), 36/80 VUs, 14867 complete and 0 interrupted iterations
oscillating   [  55% ] 36/80 VUs  06m37.0s/12m00.0s

running (06m38.0s), 28/80 VUs, 14916 complete and 0 interrupted iterations
oscillating   [  55% ] 28/80 VUs  06m38.0s/12m00.0s

running (06m39.0s), 20/80 VUs, 14956 complete and 0 interrupted iterations
oscillating   [  55% ] 20/80 VUs  06m39.0s/12m00.0s

running (06m40.0s), 14/80 VUs, 14983 complete and 0 interrupted iterations
oscillating   [  56% ] 14/80 VUs  06m40.0s/12m00.0s

running (06m41.0s), 10/80 VUs, 15000 complete and 0 interrupted iterations
oscillating   [  56% ] 10/80 VUs  06m41.0s/12m00.0s

running (06m42.0s), 10/80 VUs, 15016 complete and 0 interrupted iterations
oscillating   [  56% ] 10/80 VUs  06m42.0s/12m00.0s

running (06m43.0s), 10/80 VUs, 15028 complete and 0 interrupted iterations
oscillating   [  56% ] 10/80 VUs  06m43.0s/12m00.0s

running (06m44.0s), 10/80 VUs, 15043 complete and 0 interrupted iterations
oscillating   [  56% ] 10/80 VUs  06m44.0s/12m00.0s

running (06m45.0s), 10/80 VUs, 15055 complete and 0 interrupted iterations
oscillating   [  56% ] 10/80 VUs  06m45.0s/12m00.0s

running (06m46.0s), 10/80 VUs, 15071 complete and 0 interrupted iterations
oscillating   [  56% ] 10/80 VUs  06m46.0s/12m00.0s

running (06m47.0s), 10/80 VUs, 15084 complete and 0 interrupted iterations
oscillating   [  57% ] 10/80 VUs  06m47.0s/12m00.0s

running (06m48.0s), 10/80 VUs, 15100 complete and 0 interrupted iterations
oscillating   [  57% ] 10/80 VUs  06m48.0s/12m00.0s

running (06m49.0s), 10/80 VUs, 15112 complete and 0 interrupted iterations
oscillating   [  57% ] 10/80 VUs  06m49.0s/12m00.0s

running (06m50.0s), 10/80 VUs, 15128 complete and 0 interrupted iterations
oscillating   [  57% ] 10/80 VUs  06m50.0s/12m00.0s

running (06m51.0s), 10/80 VUs, 15143 complete and 0 interrupted iterations
oscillating   [  57% ] 10/80 VUs  06m51.0s/12m00.0s

running (06m52.0s), 10/80 VUs, 15154 complete and 0 interrupted iterations
oscillating   [  57% ] 10/80 VUs  06m52.0s/12m00.0s

running (06m53.0s), 10/80 VUs, 15169 complete and 0 interrupted iterations
oscillating   [  57% ] 10/80 VUs  06m53.0s/12m00.0s

running (06m54.0s), 10/80 VUs, 15183 complete and 0 interrupted iterations
oscillating   [  57% ] 10/80 VUs  06m54.0s/12m00.0s

running (06m55.0s), 10/80 VUs, 15197 complete and 0 interrupted iterations
oscillating   [  58% ] 10/80 VUs  06m55.0s/12m00.0s

running (06m56.0s), 10/80 VUs, 15210 complete and 0 interrupted iterations
oscillating   [  58% ] 10/80 VUs  06m56.0s/12m00.0s

running (06m57.0s), 10/80 VUs, 15225 complete and 0 interrupted iterations
oscillating   [  58% ] 10/80 VUs  06m57.0s/12m00.0s

running (06m58.0s), 10/80 VUs, 15238 complete and 0 interrupted iterations
oscillating   [  58% ] 10/80 VUs  06m58.0s/12m00.0s

running (06m59.0s), 10/80 VUs, 15254 complete and 0 interrupted iterations
oscillating   [  58% ] 10/80 VUs  06m59.0s/12m00.0s

running (07m00.0s), 10/80 VUs, 15265 complete and 0 interrupted iterations
oscillating   [  58% ] 10/80 VUs  07m00.0s/12m00.0s

running (07m01.0s), 10/80 VUs, 15282 complete and 0 interrupted iterations
oscillating   [  58% ] 10/80 VUs  07m01.0s/12m00.0s

running (07m02.0s), 10/80 VUs, 15296 complete and 0 interrupted iterations
oscillating   [  59% ] 10/80 VUs  07m02.0s/12m00.0s

running (07m03.0s), 10/80 VUs, 15311 complete and 0 interrupted iterations
oscillating   [  59% ] 10/80 VUs  07m03.0s/12m00.0s

running (07m04.0s), 10/80 VUs, 15323 complete and 0 interrupted iterations
oscillating   [  59% ] 10/80 VUs  07m04.0s/12m00.0s

running (07m05.0s), 10/80 VUs, 15335 complete and 0 interrupted iterations
oscillating   [  59% ] 10/80 VUs  07m05.0s/12m00.0s

running (07m06.0s), 10/80 VUs, 15350 complete and 0 interrupted iterations
oscillating   [  59% ] 10/80 VUs  07m06.0s/12m00.0s

running (07m07.0s), 10/80 VUs, 15363 complete and 0 interrupted iterations
oscillating   [  59% ] 10/80 VUs  07m07.0s/12m00.0s

running (07m08.0s), 10/80 VUs, 15379 complete and 0 interrupted iterations
oscillating   [  59% ] 10/80 VUs  07m08.0s/12m00.0s

running (07m09.0s), 10/80 VUs, 15395 complete and 0 interrupted iterations
oscillating   [  60% ] 10/80 VUs  07m09.0s/12m00.0s

running (07m10.0s), 10/80 VUs, 15408 complete and 0 interrupted iterations
oscillating   [  60% ] 10/80 VUs  07m10.0s/12m00.0s

running (07m11.0s), 10/80 VUs, 15420 complete and 0 interrupted iterations
oscillating   [  60% ] 10/80 VUs  07m11.0s/12m00.0s

running (07m12.0s), 10/80 VUs, 15432 complete and 0 interrupted iterations
oscillating   [  60% ] 10/80 VUs  07m12.0s/12m00.0s

running (07m13.0s), 10/80 VUs, 15448 complete and 0 interrupted iterations
oscillating   [  60% ] 10/80 VUs  07m13.0s/12m00.0s

running (07m14.0s), 10/80 VUs, 15461 complete and 0 interrupted iterations
oscillating   [  60% ] 10/80 VUs  07m14.0s/12m00.0s

running (07m15.0s), 10/80 VUs, 15478 complete and 0 interrupted iterations
oscillating   [  60% ] 10/80 VUs  07m15.0s/12m00.0s

running (07m16.0s), 10/80 VUs, 15489 complete and 0 interrupted iterations
oscillating   [  61% ] 10/80 VUs  07m16.0s/12m00.0s

running (07m17.0s), 10/80 VUs, 15504 complete and 0 interrupted iterations
oscillating   [  61% ] 10/80 VUs  07m17.0s/12m00.0s

running (07m18.0s), 10/80 VUs, 15520 complete and 0 interrupted iterations
oscillating   [  61% ] 10/80 VUs  07m18.0s/12m00.0s

running (07m19.0s), 10/80 VUs, 15535 complete and 0 interrupted iterations
oscillating   [  61% ] 10/80 VUs  07m19.0s/12m00.0s

running (07m20.0s), 10/80 VUs, 15547 complete and 0 interrupted iterations
oscillating   [  61% ] 10/80 VUs  07m20.0s/12m00.0s

running (07m21.0s), 10/80 VUs, 15561 complete and 0 interrupted iterations
oscillating   [  61% ] 10/80 VUs  07m21.0s/12m00.0s

running (07m22.0s), 10/80 VUs, 15576 complete and 0 interrupted iterations
oscillating   [  61% ] 10/80 VUs  07m22.0s/12m00.0s

running (07m23.0s), 10/80 VUs, 15591 complete and 0 interrupted iterations
oscillating   [  62% ] 10/80 VUs  07m23.0s/12m00.0s

running (07m24.0s), 10/80 VUs, 15607 complete and 0 interrupted iterations
oscillating   [  62% ] 10/80 VUs  07m24.0s/12m00.0s

running (07m25.0s), 10/80 VUs, 15621 complete and 0 interrupted iterations
oscillating   [  62% ] 10/80 VUs  07m25.0s/12m00.0s

running (07m26.0s), 10/80 VUs, 15634 complete and 0 interrupted iterations
oscillating   [  62% ] 10/80 VUs  07m26.0s/12m00.0s

running (07m27.0s), 10/80 VUs, 15648 complete and 0 interrupted iterations
oscillating   [  62% ] 10/80 VUs  07m27.0s/12m00.0s

running (07m28.0s), 10/80 VUs, 15665 complete and 0 interrupted iterations
oscillating   [  62% ] 10/80 VUs  07m28.0s/12m00.0s

running (07m29.0s), 10/80 VUs, 15679 complete and 0 interrupted iterations
oscillating   [  62% ] 10/80 VUs  07m29.0s/12m00.0s

running (07m30.0s), 10/80 VUs, 15694 complete and 0 interrupted iterations
oscillating   [  62% ] 10/80 VUs  07m30.0s/12m00.0s

running (07m31.0s), 10/80 VUs, 15708 complete and 0 interrupted iterations
oscillating   [  63% ] 10/80 VUs  07m31.0s/12m00.0s

running (07m32.0s), 10/80 VUs, 15720 complete and 0 interrupted iterations
oscillating   [  63% ] 10/80 VUs  07m32.0s/12m00.0s

running (07m33.0s), 10/80 VUs, 15735 complete and 0 interrupted iterations
oscillating   [  63% ] 10/80 VUs  07m33.0s/12m00.0s

running (07m34.0s), 10/80 VUs, 15749 complete and 0 interrupted iterations
oscillating   [  63% ] 10/80 VUs  07m34.0s/12m00.0s

running (07m35.0s), 10/80 VUs, 15764 complete and 0 interrupted iterations
oscillating   [  63% ] 10/80 VUs  07m35.0s/12m00.0s

running (07m36.0s), 10/80 VUs, 15778 complete and 0 interrupted iterations
oscillating   [  63% ] 10/80 VUs  07m36.0s/12m00.0s

running (07m37.0s), 10/80 VUs, 15793 complete and 0 interrupted iterations
oscillating   [  63% ] 10/80 VUs  07m37.0s/12m00.0s

running (07m38.0s), 10/80 VUs, 15806 complete and 0 interrupted iterations
oscillating   [  64% ] 10/80 VUs  07m38.0s/12m00.0s

running (07m39.0s), 10/80 VUs, 15820 complete and 0 interrupted iterations
oscillating   [  64% ] 10/80 VUs  07m39.0s/12m00.0s

running (07m40.0s), 10/80 VUs, 15832 complete and 0 interrupted iterations
oscillating   [  64% ] 10/80 VUs  07m40.0s/12m00.0s

running (07m41.0s), 10/80 VUs, 15847 complete and 0 interrupted iterations
oscillating   [  64% ] 10/80 VUs  07m41.0s/12m00.0s

running (07m42.0s), 10/80 VUs, 15862 complete and 0 interrupted iterations
oscillating   [  64% ] 10/80 VUs  07m42.0s/12m00.0s

running (07m43.0s), 10/80 VUs, 15876 complete and 0 interrupted iterations
oscillating   [  64% ] 10/80 VUs  07m43.0s/12m00.0s

running (07m44.0s), 10/80 VUs, 15890 complete and 0 interrupted iterations
oscillating   [  64% ] 10/80 VUs  07m44.0s/12m00.0s

running (07m45.0s), 10/80 VUs, 15904 complete and 0 interrupted iterations
oscillating   [  65% ] 10/80 VUs  07m45.0s/12m00.0s

running (07m46.0s), 10/80 VUs, 15917 complete and 0 interrupted iterations
oscillating   [  65% ] 10/80 VUs  07m46.0s/12m00.0s

running (07m47.0s), 10/80 VUs, 15933 complete and 0 interrupted iterations
oscillating   [  65% ] 10/80 VUs  07m47.0s/12m00.0s

running (07m48.0s), 10/80 VUs, 15946 complete and 0 interrupted iterations
oscillating   [  65% ] 10/80 VUs  07m48.0s/12m00.0s

running (07m49.0s), 10/80 VUs, 15961 complete and 0 interrupted iterations
oscillating   [  65% ] 10/80 VUs  07m49.0s/12m00.0s

running (07m50.0s), 10/80 VUs, 15975 complete and 0 interrupted iterations
oscillating   [  65% ] 10/80 VUs  07m50.0s/12m00.0s

running (07m51.0s), 10/80 VUs, 15986 complete and 0 interrupted iterations
oscillating   [  65% ] 10/80 VUs  07m51.0s/12m00.0s

running (07m52.0s), 10/80 VUs, 16002 complete and 0 interrupted iterations
oscillating   [  66% ] 10/80 VUs  07m52.0s/12m00.0s

running (07m53.0s), 10/80 VUs, 16015 complete and 0 interrupted iterations
oscillating   [  66% ] 10/80 VUs  07m53.0s/12m00.0s

running (07m54.0s), 10/80 VUs, 16028 complete and 0 interrupted iterations
oscillating   [  66% ] 10/80 VUs  07m54.0s/12m00.0s

running (07m55.0s), 10/80 VUs, 16044 complete and 0 interrupted iterations
oscillating   [  66% ] 10/80 VUs  07m55.0s/12m00.0s

running (07m56.0s), 10/80 VUs, 16057 complete and 0 interrupted iterations
oscillating   [  66% ] 10/80 VUs  07m56.0s/12m00.0s

running (07m57.0s), 10/80 VUs, 16070 complete and 0 interrupted iterations
oscillating   [  66% ] 10/80 VUs  07m57.0s/12m00.0s

running (07m58.0s), 10/80 VUs, 16084 complete and 0 interrupted iterations
oscillating   [  66% ] 10/80 VUs  07m58.0s/12m00.0s

running (07m59.0s), 10/80 VUs, 16097 complete and 0 interrupted iterations
oscillating   [  67% ] 10/80 VUs  07m59.0s/12m00.0s

running (08m00.0s), 10/80 VUs, 16113 complete and 0 interrupted iterations
oscillating   [  67% ] 10/80 VUs  08m00.0s/12m00.0s

running (08m01.0s), 16/80 VUs, 16128 complete and 0 interrupted iterations
oscillating   [  67% ] 16/80 VUs  08m01.0s/12m00.0s

running (08m02.0s), 23/80 VUs, 16154 complete and 0 interrupted iterations
oscillating   [  67% ] 23/80 VUs  08m02.0s/12m00.0s

running (08m03.0s), 30/80 VUs, 16188 complete and 0 interrupted iterations
oscillating   [  67% ] 30/80 VUs  08m03.0s/12m00.0s

running (08m04.0s), 37/80 VUs, 16229 complete and 0 interrupted iterations
oscillating   [  67% ] 37/80 VUs  08m04.0s/12m00.0s

running (08m05.0s), 44/80 VUs, 16287 complete and 0 interrupted iterations
oscillating   [  67% ] 44/80 VUs  08m05.0s/12m00.0s

running (08m06.0s), 51/80 VUs, 16346 complete and 0 interrupted iterations
oscillating   [  67% ] 51/80 VUs  08m06.0s/12m00.0s

running (08m07.0s), 58/80 VUs, 16420 complete and 0 interrupted iterations
oscillating   [  68% ] 58/80 VUs  08m07.0s/12m00.0s

running (08m08.0s), 65/80 VUs, 16502 complete and 0 interrupted iterations
oscillating   [  68% ] 65/80 VUs  08m08.0s/12m00.0s

running (08m09.0s), 72/80 VUs, 16602 complete and 0 interrupted iterations
oscillating   [  68% ] 72/80 VUs  08m09.0s/12m00.0s

running (08m10.0s), 79/80 VUs, 16700 complete and 0 interrupted iterations
oscillating   [  68% ] 79/80 VUs  08m10.0s/12m00.0s

running (08m11.0s), 80/80 VUs, 16806 complete and 0 interrupted iterations
oscillating   [  68% ] 80/80 VUs  08m11.0s/12m00.0s

running (08m12.0s), 80/80 VUs, 16926 complete and 0 interrupted iterations
oscillating   [  68% ] 80/80 VUs  08m12.0s/12m00.0s

running (08m13.0s), 80/80 VUs, 17032 complete and 0 interrupted iterations
oscillating   [  68% ] 80/80 VUs  08m13.0s/12m00.0s

running (08m14.0s), 80/80 VUs, 17144 complete and 0 interrupted iterations
oscillating   [  69% ] 80/80 VUs  08m14.0s/12m00.0s

running (08m15.0s), 80/80 VUs, 17255 complete and 0 interrupted iterations
oscillating   [  69% ] 80/80 VUs  08m15.0s/12m00.0s

running (08m16.0s), 80/80 VUs, 17367 complete and 0 interrupted iterations
oscillating   [  69% ] 80/80 VUs  08m16.0s/12m00.0s

running (08m17.0s), 80/80 VUs, 17482 complete and 0 interrupted iterations
oscillating   [  69% ] 80/80 VUs  08m17.0s/12m00.0s

running (08m18.0s), 80/80 VUs, 17586 complete and 0 interrupted iterations
oscillating   [  69% ] 80/80 VUs  08m18.0s/12m00.0s

running (08m19.0s), 80/80 VUs, 17705 complete and 0 interrupted iterations
oscillating   [  69% ] 80/80 VUs  08m19.0s/12m00.0s

running (08m20.0s), 80/80 VUs, 17820 complete and 0 interrupted iterations
oscillating   [  69% ] 80/80 VUs  08m20.0s/12m00.0s

running (08m21.0s), 80/80 VUs, 17927 complete and 0 interrupted iterations
oscillating   [  70% ] 80/80 VUs  08m21.0s/12m00.0s

running (08m22.0s), 80/80 VUs, 18047 complete and 0 interrupted iterations
oscillating   [  70% ] 80/80 VUs  08m22.0s/12m00.0s

running (08m23.0s), 80/80 VUs, 18152 complete and 0 interrupted iterations
oscillating   [  70% ] 80/80 VUs  08m23.0s/12m00.0s

running (08m24.0s), 80/80 VUs, 18268 complete and 0 interrupted iterations
oscillating   [  70% ] 80/80 VUs  08m24.0s/12m00.0s

running (08m25.0s), 80/80 VUs, 18385 complete and 0 interrupted iterations
oscillating   [  70% ] 80/80 VUs  08m25.0s/12m00.0s

running (08m26.0s), 80/80 VUs, 18492 complete and 0 interrupted iterations
oscillating   [  70% ] 80/80 VUs  08m26.0s/12m00.0s

running (08m27.0s), 80/80 VUs, 18597 complete and 0 interrupted iterations
oscillating   [  70% ] 80/80 VUs  08m27.0s/12m00.0s

running (08m28.0s), 80/80 VUs, 18709 complete and 0 interrupted iterations
oscillating   [  71% ] 80/80 VUs  08m28.0s/12m00.0s

running (08m29.0s), 80/80 VUs, 18827 complete and 0 interrupted iterations
oscillating   [  71% ] 80/80 VUs  08m29.0s/12m00.0s

running (08m30.0s), 80/80 VUs, 18943 complete and 0 interrupted iterations
oscillating   [  71% ] 80/80 VUs  08m30.0s/12m00.0s

running (08m31.0s), 80/80 VUs, 19054 complete and 0 interrupted iterations
oscillating   [  71% ] 80/80 VUs  08m31.0s/12m00.0s

running (08m32.0s), 80/80 VUs, 19164 complete and 0 interrupted iterations
oscillating   [  71% ] 80/80 VUs  08m32.0s/12m00.0s

running (08m33.0s), 80/80 VUs, 19286 complete and 0 interrupted iterations
oscillating   [  71% ] 80/80 VUs  08m33.0s/12m00.0s

running (08m34.0s), 80/80 VUs, 19391 complete and 0 interrupted iterations
oscillating   [  71% ] 80/80 VUs  08m34.0s/12m00.0s

running (08m35.0s), 80/80 VUs, 19508 complete and 0 interrupted iterations
oscillating   [  72% ] 80/80 VUs  08m35.0s/12m00.0s

running (08m36.0s), 80/80 VUs, 19618 complete and 0 interrupted iterations
oscillating   [  72% ] 80/80 VUs  08m36.0s/12m00.0s

running (08m37.0s), 80/80 VUs, 19728 complete and 0 interrupted iterations
oscillating   [  72% ] 80/80 VUs  08m37.0s/12m00.0s

running (08m38.0s), 80/80 VUs, 19840 complete and 0 interrupted iterations
oscillating   [  72% ] 80/80 VUs  08m38.0s/12m00.0s

running (08m39.0s), 80/80 VUs, 19951 complete and 0 interrupted iterations
oscillating   [  72% ] 80/80 VUs  08m39.0s/12m00.0s

running (08m40.0s), 80/80 VUs, 20062 complete and 0 interrupted iterations
oscillating   [  72% ] 80/80 VUs  08m40.0s/12m00.0s

running (08m41.0s), 80/80 VUs, 20184 complete and 0 interrupted iterations
oscillating   [  72% ] 80/80 VUs  08m41.0s/12m00.0s

running (08m42.0s), 80/80 VUs, 20286 complete and 0 interrupted iterations
oscillating   [  72% ] 80/80 VUs  08m42.0s/12m00.0s

running (08m43.0s), 80/80 VUs, 20400 complete and 0 interrupted iterations
oscillating   [  73% ] 80/80 VUs  08m43.0s/12m00.0s

running (08m44.0s), 80/80 VUs, 20508 complete and 0 interrupted iterations
oscillating   [  73% ] 80/80 VUs  08m44.0s/12m00.0s

running (08m45.0s), 80/80 VUs, 20619 complete and 0 interrupted iterations
oscillating   [  73% ] 80/80 VUs  08m45.0s/12m00.0s

running (08m46.0s), 80/80 VUs, 20728 complete and 0 interrupted iterations
oscillating   [  73% ] 80/80 VUs  08m46.0s/12m00.0s

running (08m47.0s), 80/80 VUs, 20841 complete and 0 interrupted iterations
oscillating   [  73% ] 80/80 VUs  08m47.0s/12m00.0s

running (08m48.0s), 80/80 VUs, 20952 complete and 0 interrupted iterations
oscillating   [  73% ] 80/80 VUs  08m48.0s/12m00.0s

running (08m49.0s), 80/80 VUs, 21062 complete and 0 interrupted iterations
oscillating   [  73% ] 80/80 VUs  08m49.0s/12m00.0s

running (08m50.0s), 80/80 VUs, 21174 complete and 0 interrupted iterations
oscillating   [  74% ] 80/80 VUs  08m50.0s/12m00.0s

running (08m51.0s), 80/80 VUs, 21284 complete and 0 interrupted iterations
oscillating   [  74% ] 80/80 VUs  08m51.0s/12m00.0s

running (08m52.0s), 80/80 VUs, 21393 complete and 0 interrupted iterations
oscillating   [  74% ] 80/80 VUs  08m52.0s/12m00.0s

running (08m53.0s), 80/80 VUs, 21498 complete and 0 interrupted iterations
oscillating   [  74% ] 80/80 VUs  08m53.0s/12m00.0s

running (08m54.0s), 80/80 VUs, 21616 complete and 0 interrupted iterations
oscillating   [  74% ] 80/80 VUs  08m54.0s/12m00.0s

running (08m55.0s), 80/80 VUs, 21724 complete and 0 interrupted iterations
oscillating   [  74% ] 80/80 VUs  08m55.0s/12m00.0s

running (08m56.0s), 80/80 VUs, 21847 complete and 0 interrupted iterations
oscillating   [  74% ] 80/80 VUs  08m56.0s/12m00.0s

running (08m57.0s), 80/80 VUs, 21956 complete and 0 interrupted iterations
oscillating   [  75% ] 80/80 VUs  08m57.0s/12m00.0s

running (08m58.0s), 80/80 VUs, 22074 complete and 0 interrupted iterations
oscillating   [  75% ] 80/80 VUs  08m58.0s/12m00.0s

running (08m59.0s), 80/80 VUs, 22182 complete and 0 interrupted iterations
oscillating   [  75% ] 80/80 VUs  08m59.0s/12m00.0s

running (09m00.0s), 80/80 VUs, 22299 complete and 0 interrupted iterations
oscillating   [  75% ] 80/80 VUs  09m00.0s/12m00.0s

running (09m01.0s), 80/80 VUs, 22408 complete and 0 interrupted iterations
oscillating   [  75% ] 80/80 VUs  09m01.0s/12m00.0s

running (09m02.0s), 80/80 VUs, 22526 complete and 0 interrupted iterations
oscillating   [  75% ] 80/80 VUs  09m02.0s/12m00.0s

running (09m03.0s), 79/80 VUs, 22632 complete and 0 interrupted iterations
oscillating   [  75% ] 79/80 VUs  09m03.0s/12m00.0s

running (09m04.0s), 79/80 VUs, 22746 complete and 0 interrupted iterations
oscillating   [  76% ] 79/80 VUs  09m04.0s/12m00.0s

running (09m05.0s), 79/80 VUs, 22858 complete and 0 interrupted iterations
oscillating   [  76% ] 79/80 VUs  09m05.0s/12m00.0s

running (09m06.0s), 78/80 VUs, 22966 complete and 0 interrupted iterations
oscillating   [  76% ] 78/80 VUs  09m06.0s/12m00.0s

running (09m07.0s), 77/80 VUs, 23077 complete and 0 interrupted iterations
oscillating   [  76% ] 77/80 VUs  09m07.0s/12m00.0s

running (09m08.0s), 77/80 VUs, 23186 complete and 0 interrupted iterations
oscillating   [  76% ] 77/80 VUs  09m08.0s/12m00.0s

running (09m09.0s), 77/80 VUs, 23293 complete and 0 interrupted iterations
oscillating   [  76% ] 77/80 VUs  09m09.0s/12m00.0s

running (09m10.0s), 76/80 VUs, 23395 complete and 0 interrupted iterations
oscillating   [  76% ] 76/80 VUs  09m10.0s/12m00.0s

running (09m11.0s), 76/80 VUs, 23503 complete and 0 interrupted iterations
oscillating   [  77% ] 76/80 VUs  09m11.0s/12m00.0s

running (09m12.0s), 75/80 VUs, 23603 complete and 0 interrupted iterations
oscillating   [  77% ] 75/80 VUs  09m12.0s/12m00.0s

running (09m13.0s), 75/80 VUs, 23712 complete and 0 interrupted iterations
oscillating   [  77% ] 75/80 VUs  09m13.0s/12m00.0s

running (09m14.0s), 74/80 VUs, 23817 complete and 0 interrupted iterations
oscillating   [  77% ] 74/80 VUs  09m14.0s/12m00.0s

running (09m15.0s), 74/80 VUs, 23925 complete and 0 interrupted iterations
oscillating   [  77% ] 74/80 VUs  09m15.0s/12m00.0s

running (09m16.0s), 74/80 VUs, 24036 complete and 0 interrupted iterations
oscillating   [  77% ] 74/80 VUs  09m16.0s/12m00.0s

running (09m17.0s), 73/80 VUs, 24131 complete and 0 interrupted iterations
oscillating   [  77% ] 73/80 VUs  09m17.0s/12m00.0s

running (09m18.0s), 73/80 VUs, 24234 complete and 0 interrupted iterations
oscillating   [  77% ] 73/80 VUs  09m18.0s/12m00.0s

running (09m19.0s), 72/80 VUs, 24336 complete and 0 interrupted iterations
oscillating   [  78% ] 72/80 VUs  09m19.0s/12m00.0s

running (09m20.0s), 72/80 VUs, 24437 complete and 0 interrupted iterations
oscillating   [  78% ] 72/80 VUs  09m20.0s/12m00.0s

running (09m21.0s), 71/80 VUs, 24539 complete and 0 interrupted iterations
oscillating   [  78% ] 71/80 VUs  09m21.0s/12m00.0s

running (09m22.0s), 71/80 VUs, 24635 complete and 0 interrupted iterations
oscillating   [  78% ] 71/80 VUs  09m22.0s/12m00.0s

running (09m23.0s), 70/80 VUs, 24738 complete and 0 interrupted iterations
oscillating   [  78% ] 70/80 VUs  09m23.0s/12m00.0s

running (09m24.0s), 70/80 VUs, 24835 complete and 0 interrupted iterations
oscillating   [  78% ] 70/80 VUs  09m24.0s/12m00.0s

running (09m25.0s), 70/80 VUs, 24933 complete and 0 interrupted iterations
oscillating   [  78% ] 70/80 VUs  09m25.0s/12m00.0s

running (09m26.0s), 69/80 VUs, 25035 complete and 0 interrupted iterations
oscillating   [  79% ] 69/80 VUs  09m26.0s/12m00.0s

running (09m27.0s), 69/80 VUs, 25131 complete and 0 interrupted iterations
oscillating   [  79% ] 69/80 VUs  09m27.0s/12m00.0s

running (09m28.0s), 68/80 VUs, 25229 complete and 0 interrupted iterations
oscillating   [  79% ] 68/80 VUs  09m28.0s/12m00.0s

running (09m29.0s), 68/80 VUs, 25318 complete and 0 interrupted iterations
oscillating   [  79% ] 68/80 VUs  09m29.0s/12m00.0s

running (09m30.0s), 67/80 VUs, 25418 complete and 0 interrupted iterations
oscillating   [  79% ] 67/80 VUs  09m30.0s/12m00.0s

running (09m31.0s), 67/80 VUs, 25517 complete and 0 interrupted iterations
oscillating   [  79% ] 67/80 VUs  09m31.0s/12m00.0s

running (09m32.0s), 67/80 VUs, 25605 complete and 0 interrupted iterations
oscillating   [  79% ] 67/80 VUs  09m32.0s/12m00.0s

running (09m33.0s), 66/80 VUs, 25700 complete and 0 interrupted iterations
oscillating   [  80% ] 66/80 VUs  09m33.0s/12m00.0s

running (09m34.0s), 65/80 VUs, 25793 complete and 0 interrupted iterations
oscillating   [  80% ] 65/80 VUs  09m34.0s/12m00.0s

running (09m35.0s), 65/80 VUs, 25885 complete and 0 interrupted iterations
oscillating   [  80% ] 65/80 VUs  09m35.0s/12m00.0s

running (09m36.0s), 65/80 VUs, 25983 complete and 0 interrupted iterations
oscillating   [  80% ] 65/80 VUs  09m36.0s/12m00.0s

running (09m37.0s), 64/80 VUs, 26070 complete and 0 interrupted iterations
oscillating   [  80% ] 64/80 VUs  09m37.0s/12m00.0s

running (09m38.0s), 64/80 VUs, 26127 complete and 0 interrupted iterations
oscillating   [  80% ] 64/80 VUs  09m38.0s/12m00.0s

running (09m39.0s), 64/80 VUs, 26190 complete and 0 interrupted iterations
oscillating   [  80% ] 64/80 VUs  09m39.0s/12m00.0s

running (09m40.0s), 64/80 VUs, 26246 complete and 0 interrupted iterations
oscillating   [  81% ] 64/80 VUs  09m40.0s/12m00.0s

running (09m41.0s), 63/80 VUs, 26307 complete and 0 interrupted iterations
oscillating   [  81% ] 63/80 VUs  09m41.0s/12m00.0s

running (09m42.0s), 63/80 VUs, 26366 complete and 0 interrupted iterations
oscillating   [  81% ] 63/80 VUs  09m42.0s/12m00.0s

running (09m43.0s), 61/80 VUs, 26456 complete and 0 interrupted iterations
oscillating   [  81% ] 61/80 VUs  09m43.0s/12m00.0s

running (09m44.0s), 61/80 VUs, 26538 complete and 0 interrupted iterations
oscillating   [  81% ] 61/80 VUs  09m44.0s/12m00.0s

running (09m45.0s), 61/80 VUs, 26628 complete and 0 interrupted iterations
oscillating   [  81% ] 61/80 VUs  09m45.0s/12m00.0s

running (09m46.0s), 60/80 VUs, 26713 complete and 0 interrupted iterations
oscillating   [  81% ] 60/80 VUs  09m46.0s/12m00.0s

running (09m47.0s), 60/80 VUs, 26800 complete and 0 interrupted iterations
oscillating   [  82% ] 60/80 VUs  09m47.0s/12m00.0s

running (09m48.0s), 59/80 VUs, 26882 complete and 0 interrupted iterations
oscillating   [  82% ] 59/80 VUs  09m48.0s/12m00.0s

running (09m49.0s), 59/80 VUs, 26968 complete and 0 interrupted iterations
oscillating   [  82% ] 59/80 VUs  09m49.0s/12m00.0s

running (09m50.0s), 59/80 VUs, 27050 complete and 0 interrupted iterations
oscillating   [  82% ] 59/80 VUs  09m50.0s/12m00.0s

running (09m51.0s), 58/80 VUs, 27134 complete and 0 interrupted iterations
oscillating   [  82% ] 58/80 VUs  09m51.0s/12m00.0s

running (09m52.0s), 57/80 VUs, 27209 complete and 0 interrupted iterations
oscillating   [  82% ] 57/80 VUs  09m52.0s/12m00.0s

running (09m53.0s), 57/80 VUs, 27293 complete and 0 interrupted iterations
oscillating   [  82% ] 57/80 VUs  09m53.0s/12m00.0s

running (09m54.0s), 57/80 VUs, 27369 complete and 0 interrupted iterations
oscillating   [  82% ] 57/80 VUs  09m54.0s/12m00.0s

running (09m55.0s), 56/80 VUs, 27449 complete and 0 interrupted iterations
oscillating   [  83% ] 56/80 VUs  09m55.0s/12m00.0s

running (09m56.0s), 56/80 VUs, 27525 complete and 0 interrupted iterations
oscillating   [  83% ] 56/80 VUs  09m56.0s/12m00.0s

running (09m57.0s), 55/80 VUs, 27605 complete and 0 interrupted iterations
oscillating   [  83% ] 55/80 VUs  09m57.0s/12m00.0s

running (09m58.0s), 55/80 VUs, 27681 complete and 0 interrupted iterations
oscillating   [  83% ] 55/80 VUs  09m58.0s/12m00.0s

running (09m59.0s), 55/80 VUs, 27759 complete and 0 interrupted iterations
oscillating   [  83% ] 55/80 VUs  09m59.0s/12m00.0s

running (10m00.0s), 54/80 VUs, 27836 complete and 0 interrupted iterations
oscillating   [  83% ] 54/80 VUs  10m00.0s/12m00.0s

running (10m01.0s), 54/80 VUs, 27909 complete and 0 interrupted iterations
oscillating   [  83% ] 54/80 VUs  10m01.0s/12m00.0s

running (10m02.0s), 53/80 VUs, 27988 complete and 0 interrupted iterations
oscillating   [  84% ] 53/80 VUs  10m02.0s/12m00.0s

running (10m03.0s), 53/80 VUs, 28059 complete and 0 interrupted iterations
oscillating   [  84% ] 53/80 VUs  10m03.0s/12m00.0s

running (10m04.0s), 52/80 VUs, 28139 complete and 0 interrupted iterations
oscillating   [  84% ] 52/80 VUs  10m04.0s/12m00.0s

running (10m05.0s), 52/80 VUs, 28211 complete and 0 interrupted iterations
oscillating   [  84% ] 52/80 VUs  10m05.0s/12m00.0s

running (10m06.0s), 51/80 VUs, 28279 complete and 0 interrupted iterations
oscillating   [  84% ] 51/80 VUs  10m06.0s/12m00.0s

running (10m07.0s), 51/80 VUs, 28354 complete and 0 interrupted iterations
oscillating   [  84% ] 51/80 VUs  10m07.0s/12m00.0s

running (10m08.0s), 51/80 VUs, 28424 complete and 0 interrupted iterations
oscillating   [  84% ] 51/80 VUs  10m08.0s/12m00.0s

running (10m09.0s), 50/80 VUs, 28494 complete and 0 interrupted iterations
oscillating   [  85% ] 50/80 VUs  10m09.0s/12m00.0s

running (10m10.0s), 49/80 VUs, 28567 complete and 0 interrupted iterations
oscillating   [  85% ] 49/80 VUs  10m10.0s/12m00.0s

running (10m11.0s), 49/80 VUs, 28637 complete and 0 interrupted iterations
oscillating   [  85% ] 49/80 VUs  10m11.0s/12m00.0s

running (10m12.0s), 49/80 VUs, 28702 complete and 0 interrupted iterations
oscillating   [  85% ] 49/80 VUs  10m12.0s/12m00.0s

running (10m13.0s), 48/80 VUs, 28771 complete and 0 interrupted iterations
oscillating   [  85% ] 48/80 VUs  10m13.0s/12m00.0s

running (10m14.0s), 48/80 VUs, 28838 complete and 0 interrupted iterations
oscillating   [  85% ] 48/80 VUs  10m14.0s/12m00.0s

running (10m15.0s), 47/80 VUs, 28905 complete and 0 interrupted iterations
oscillating   [  85% ] 47/80 VUs  10m15.0s/12m00.0s

running (10m16.0s), 47/80 VUs, 28972 complete and 0 interrupted iterations
oscillating   [  86% ] 47/80 VUs  10m16.0s/12m00.0s

running (10m17.0s), 46/80 VUs, 29037 complete and 0 interrupted iterations
oscillating   [  86% ] 46/80 VUs  10m17.0s/12m00.0s

running (10m18.0s), 46/80 VUs, 29104 complete and 0 interrupted iterations
oscillating   [  86% ] 46/80 VUs  10m18.0s/12m00.0s

running (10m19.0s), 46/80 VUs, 29169 complete and 0 interrupted iterations
oscillating   [  86% ] 46/80 VUs  10m19.0s/12m00.0s

running (10m20.0s), 45/80 VUs, 29234 complete and 0 interrupted iterations
oscillating   [  86% ] 45/80 VUs  10m20.0s/12m00.0s

running (10m21.0s), 45/80 VUs, 29297 complete and 0 interrupted iterations
oscillating   [  86% ] 45/80 VUs  10m21.0s/12m00.0s

running (10m22.0s), 44/80 VUs, 29357 complete and 0 interrupted iterations
oscillating   [  86% ] 44/80 VUs  10m22.0s/12m00.0s

running (10m23.0s), 44/80 VUs, 29416 complete and 0 interrupted iterations
oscillating   [  87% ] 44/80 VUs  10m23.0s/12m00.0s

running (10m24.0s), 43/80 VUs, 29479 complete and 0 interrupted iterations
oscillating   [  87% ] 43/80 VUs  10m24.0s/12m00.0s

running (10m25.0s), 43/80 VUs, 29543 complete and 0 interrupted iterations
oscillating   [  87% ] 43/80 VUs  10m25.0s/12m00.0s

running (10m26.0s), 42/80 VUs, 29602 complete and 0 interrupted iterations
oscillating   [  87% ] 42/80 VUs  10m26.0s/12m00.0s

running (10m27.0s), 42/80 VUs, 29664 complete and 0 interrupted iterations
oscillating   [  87% ] 42/80 VUs  10m27.0s/12m00.0s

running (10m28.0s), 42/80 VUs, 29728 complete and 0 interrupted iterations
oscillating   [  87% ] 42/80 VUs  10m28.0s/12m00.0s

running (10m29.0s), 41/80 VUs, 29784 complete and 0 interrupted iterations
oscillating   [  87% ] 41/80 VUs  10m29.0s/12m00.0s

running (10m30.0s), 41/80 VUs, 29843 complete and 0 interrupted iterations
oscillating   [  87% ] 41/80 VUs  10m30.0s/12m00.0s

running (10m31.0s), 40/80 VUs, 29905 complete and 0 interrupted iterations
oscillating   [  88% ] 40/80 VUs  10m31.0s/12m00.0s

running (10m32.0s), 40/80 VUs, 29959 complete and 0 interrupted iterations
oscillating   [  88% ] 40/80 VUs  10m32.0s/12m00.0s

running (10m33.0s), 39/80 VUs, 30015 complete and 0 interrupted iterations
oscillating   [  88% ] 39/80 VUs  10m33.0s/12m00.0s

running (10m34.0s), 39/80 VUs, 30076 complete and 0 interrupted iterations
oscillating   [  88% ] 39/80 VUs  10m34.0s/12m00.0s

running (10m35.0s), 38/80 VUs, 30128 complete and 0 interrupted iterations
oscillating   [  88% ] 38/80 VUs  10m35.0s/12m00.0s

running (10m36.0s), 38/80 VUs, 30183 complete and 0 interrupted iterations
oscillating   [  88% ] 38/80 VUs  10m36.0s/12m00.0s

running (10m37.0s), 38/80 VUs, 30234 complete and 0 interrupted iterations
oscillating   [  88% ] 38/80 VUs  10m37.0s/12m00.0s

running (10m38.0s), 37/80 VUs, 30290 complete and 0 interrupted iterations
oscillating   [  89% ] 37/80 VUs  10m38.0s/12m00.0s

running (10m39.0s), 37/80 VUs, 30339 complete and 0 interrupted iterations
oscillating   [  89% ] 37/80 VUs  10m39.0s/12m00.0s

running (10m40.0s), 36/80 VUs, 30393 complete and 0 interrupted iterations
oscillating   [  89% ] 36/80 VUs  10m40.0s/12m00.0s

running (10m41.0s), 36/80 VUs, 30443 complete and 0 interrupted iterations
oscillating   [  89% ] 36/80 VUs  10m41.0s/12m00.0s

running (10m42.0s), 35/80 VUs, 30494 complete and 0 interrupted iterations
oscillating   [  89% ] 35/80 VUs  10m42.0s/12m00.0s

running (10m43.0s), 35/80 VUs, 30545 complete and 0 interrupted iterations
oscillating   [  89% ] 35/80 VUs  10m43.0s/12m00.0s

running (10m44.0s), 34/80 VUs, 30592 complete and 0 interrupted iterations
oscillating   [  89% ] 34/80 VUs  10m44.0s/12m00.0s

running (10m45.0s), 34/80 VUs, 30636 complete and 0 interrupted iterations
oscillating   [  90% ] 34/80 VUs  10m45.0s/12m00.0s

running (10m46.0s), 34/80 VUs, 30681 complete and 0 interrupted iterations
oscillating   [  90% ] 34/80 VUs  10m46.0s/12m00.0s

running (10m47.0s), 33/80 VUs, 30729 complete and 0 interrupted iterations
oscillating   [  90% ] 33/80 VUs  10m47.0s/12m00.0s

running (10m48.0s), 33/80 VUs, 30774 complete and 0 interrupted iterations
oscillating   [  90% ] 33/80 VUs  10m48.0s/12m00.0s

running (10m49.0s), 32/80 VUs, 30822 complete and 0 interrupted iterations
oscillating   [  90% ] 32/80 VUs  10m49.0s/12m00.0s

running (10m50.0s), 32/80 VUs, 30867 complete and 0 interrupted iterations
oscillating   [  90% ] 32/80 VUs  10m50.0s/12m00.0s

running (10m51.0s), 31/80 VUs, 30912 complete and 0 interrupted iterations
oscillating   [  90% ] 31/80 VUs  10m51.0s/12m00.0s

running (10m52.0s), 31/80 VUs, 30953 complete and 0 interrupted iterations
oscillating   [  91% ] 31/80 VUs  10m52.0s/12m00.0s

running (10m53.0s), 31/80 VUs, 31001 complete and 0 interrupted iterations
oscillating   [  91% ] 31/80 VUs  10m53.0s/12m00.0s

running (10m54.0s), 30/80 VUs, 31042 complete and 0 interrupted iterations
oscillating   [  91% ] 30/80 VUs  10m54.0s/12m00.0s

running (10m55.0s), 30/80 VUs, 31083 complete and 0 interrupted iterations
oscillating   [  91% ] 30/80 VUs  10m55.0s/12m00.0s

running (10m56.0s), 29/80 VUs, 31124 complete and 0 interrupted iterations
oscillating   [  91% ] 29/80 VUs  10m56.0s/12m00.0s

running (10m57.0s), 29/80 VUs, 31167 complete and 0 interrupted iterations
oscillating   [  91% ] 29/80 VUs  10m57.0s/12m00.0s

running (10m58.0s), 28/80 VUs, 31206 complete and 0 interrupted iterations
oscillating   [  91% ] 28/80 VUs  10m58.0s/12m00.0s

running (10m59.0s), 28/80 VUs, 31251 complete and 0 interrupted iterations
oscillating   [  92% ] 28/80 VUs  10m59.0s/12m00.0s

running (11m00.0s), 27/80 VUs, 31288 complete and 0 interrupted iterations
oscillating   [  92% ] 27/80 VUs  11m00.0s/12m00.0s

running (11m01.0s), 27/80 VUs, 31325 complete and 0 interrupted iterations
oscillating   [  92% ] 27/80 VUs  11m01.0s/12m00.0s

running (11m02.0s), 26/80 VUs, 31363 complete and 0 interrupted iterations
oscillating   [  92% ] 26/80 VUs  11m02.0s/12m00.0s

running (11m03.0s), 26/80 VUs, 31400 complete and 0 interrupted iterations
oscillating   [  92% ] 26/80 VUs  11m03.0s/12m00.0s

running (11m04.0s), 26/80 VUs, 31437 complete and 0 interrupted iterations
oscillating   [  92% ] 26/80 VUs  11m04.0s/12m00.0s

running (11m05.0s), 25/80 VUs, 31471 complete and 0 interrupted iterations
oscillating   [  92% ] 25/80 VUs  11m05.0s/12m00.0s

running (11m06.0s), 25/80 VUs, 31507 complete and 0 interrupted iterations
oscillating   [  92% ] 25/80 VUs  11m06.0s/12m00.0s

running (11m07.0s), 24/80 VUs, 31541 complete and 0 interrupted iterations
oscillating   [  93% ] 24/80 VUs  11m07.0s/12m00.0s

running (11m08.0s), 24/80 VUs, 31573 complete and 0 interrupted iterations
oscillating   [  93% ] 24/80 VUs  11m08.0s/12m00.0s

running (11m09.0s), 23/80 VUs, 31610 complete and 0 interrupted iterations
oscillating   [  93% ] 23/80 VUs  11m09.0s/12m00.0s

running (11m10.0s), 23/80 VUs, 31640 complete and 0 interrupted iterations
oscillating   [  93% ] 23/80 VUs  11m10.0s/12m00.0s

running (11m11.0s), 22/80 VUs, 31669 complete and 0 interrupted iterations
oscillating   [  93% ] 22/80 VUs  11m11.0s/12m00.0s

running (11m12.0s), 22/80 VUs, 31703 complete and 0 interrupted iterations
oscillating   [  93% ] 22/80 VUs  11m12.0s/12m00.0s

running (11m13.0s), 21/80 VUs, 31736 complete and 0 interrupted iterations
oscillating   [  93% ] 21/80 VUs  11m13.0s/12m00.0s

running (11m14.0s), 21/80 VUs, 31764 complete and 0 interrupted iterations
oscillating   [  94% ] 21/80 VUs  11m14.0s/12m00.0s

running (11m15.0s), 21/80 VUs, 31795 complete and 0 interrupted iterations
oscillating   [  94% ] 21/80 VUs  11m15.0s/12m00.0s

running (11m16.0s), 20/80 VUs, 31823 complete and 0 interrupted iterations
oscillating   [  94% ] 20/80 VUs  11m16.0s/12m00.0s

running (11m17.0s), 20/80 VUs, 31852 complete and 0 interrupted iterations
oscillating   [  94% ] 20/80 VUs  11m17.0s/12m00.0s

running (11m18.0s), 19/80 VUs, 31880 complete and 0 interrupted iterations
oscillating   [  94% ] 19/80 VUs  11m18.0s/12m00.0s

running (11m19.0s), 19/80 VUs, 31903 complete and 0 interrupted iterations
oscillating   [  94% ] 19/80 VUs  11m19.0s/12m00.0s

running (11m20.0s), 19/80 VUs, 31930 complete and 0 interrupted iterations
oscillating   [  94% ] 19/80 VUs  11m20.0s/12m00.0s

running (11m21.0s), 18/80 VUs, 31959 complete and 0 interrupted iterations
oscillating   [  95% ] 18/80 VUs  11m21.0s/12m00.0s

running (11m22.0s), 18/80 VUs, 31982 complete and 0 interrupted iterations
oscillating   [  95% ] 18/80 VUs  11m22.0s/12m00.0s

running (11m23.0s), 17/80 VUs, 32011 complete and 0 interrupted iterations
oscillating   [  95% ] 17/80 VUs  11m23.0s/12m00.0s

running (11m24.0s), 17/80 VUs, 32034 complete and 0 interrupted iterations
oscillating   [  95% ] 17/80 VUs  11m24.0s/12m00.0s

running (11m25.0s), 16/80 VUs, 32059 complete and 0 interrupted iterations
oscillating   [  95% ] 16/80 VUs  11m25.0s/12m00.0s

running (11m26.0s), 16/80 VUs, 32082 complete and 0 interrupted iterations
oscillating   [  95% ] 16/80 VUs  11m26.0s/12m00.0s

running (11m27.0s), 15/80 VUs, 32104 complete and 0 interrupted iterations
oscillating   [  95% ] 15/80 VUs  11m27.0s/12m00.0s

running (11m28.0s), 15/80 VUs, 32126 complete and 0 interrupted iterations
oscillating   [  96% ] 15/80 VUs  11m28.0s/12m00.0s

running (11m29.0s), 15/80 VUs, 32144 complete and 0 interrupted iterations
oscillating   [  96% ] 15/80 VUs  11m29.0s/12m00.0s

running (11m30.0s), 14/80 VUs, 32168 complete and 0 interrupted iterations
oscillating   [  96% ] 14/80 VUs  11m30.0s/12m00.0s

running (11m31.0s), 13/80 VUs, 32186 complete and 0 interrupted iterations
oscillating   [  96% ] 13/80 VUs  11m31.0s/12m00.0s

running (11m32.0s), 13/80 VUs, 32205 complete and 0 interrupted iterations
oscillating   [  96% ] 13/80 VUs  11m32.0s/12m00.0s

running (11m33.0s), 13/80 VUs, 32223 complete and 0 interrupted iterations
oscillating   [  96% ] 13/80 VUs  11m33.0s/12m00.0s

running (11m34.0s), 12/80 VUs, 32242 complete and 0 interrupted iterations
oscillating   [  96% ] 12/80 VUs  11m34.0s/12m00.0s

running (11m35.0s), 12/80 VUs, 32259 complete and 0 interrupted iterations
oscillating   [  97% ] 12/80 VUs  11m35.0s/12m00.0s

running (11m36.0s), 11/80 VUs, 32276 complete and 0 interrupted iterations
oscillating   [  97% ] 11/80 VUs  11m36.0s/12m00.0s

running (11m37.0s), 11/80 VUs, 32289 complete and 0 interrupted iterations
oscillating   [  97% ] 11/80 VUs  11m37.0s/12m00.0s

running (11m38.0s), 10/80 VUs, 32306 complete and 0 interrupted iterations
oscillating   [  97% ] 10/80 VUs  11m38.0s/12m00.0s

running (11m39.0s), 10/80 VUs, 32320 complete and 0 interrupted iterations
oscillating   [  97% ] 10/80 VUs  11m39.0s/12m00.0s

running (11m40.0s), 10/80 VUs, 32333 complete and 0 interrupted iterations
oscillating   [  97% ] 10/80 VUs  11m40.0s/12m00.0s

running (11m41.0s), 09/80 VUs, 32349 complete and 0 interrupted iterations
oscillating   [  97% ] 09/80 VUs  11m41.0s/12m00.0s

running (11m42.0s), 09/80 VUs, 32360 complete and 0 interrupted iterations
oscillating   [  97% ] 09/80 VUs  11m42.0s/12m00.0s

running (11m43.0s), 08/80 VUs, 32372 complete and 0 interrupted iterations
oscillating   [  98% ] 08/80 VUs  11m43.0s/12m00.0s

running (11m44.0s), 08/80 VUs, 32386 complete and 0 interrupted iterations
oscillating   [  98% ] 08/80 VUs  11m44.0s/12m00.0s

running (11m45.0s), 07/80 VUs, 32395 complete and 0 interrupted iterations
oscillating   [  98% ] 07/80 VUs  11m45.0s/12m00.0s

running (11m46.0s), 07/80 VUs, 32404 complete and 0 interrupted iterations
oscillating   [  98% ] 07/80 VUs  11m46.0s/12m00.0s

running (11m47.0s), 07/80 VUs, 32414 complete and 0 interrupted iterations
oscillating   [  98% ] 07/80 VUs  11m47.0s/12m00.0s

running (11m48.0s), 06/80 VUs, 32424 complete and 0 interrupted iterations
oscillating   [  98% ] 06/80 VUs  11m48.0s/12m00.0s

running (11m49.0s), 06/80 VUs, 32433 complete and 0 interrupted iterations
oscillating   [  98% ] 06/80 VUs  11m49.0s/12m00.0s

running (11m50.0s), 05/80 VUs, 32442 complete and 0 interrupted iterations
oscillating   [  99% ] 05/80 VUs  11m50.0s/12m00.0s

running (11m51.0s), 05/80 VUs, 32448 complete and 0 interrupted iterations
oscillating   [  99% ] 05/80 VUs  11m51.0s/12m00.0s

running (11m52.0s), 04/80 VUs, 32457 complete and 0 interrupted iterations
oscillating   [  99% ] 04/80 VUs  11m52.0s/12m00.0s

running (11m53.0s), 04/80 VUs, 32462 complete and 0 interrupted iterations
oscillating   [  99% ] 04/80 VUs  11m53.0s/12m00.0s

running (11m54.0s), 03/80 VUs, 32467 complete and 0 interrupted iterations
oscillating   [  99% ] 03/80 VUs  11m54.0s/12m00.0s

running (11m55.0s), 03/80 VUs, 32473 complete and 0 interrupted iterations
oscillating   [  99% ] 03/80 VUs  11m55.0s/12m00.0s

running (11m56.0s), 03/80 VUs, 32476 complete and 0 interrupted iterations
oscillating   [  99% ] 03/80 VUs  11m56.0s/12m00.0s

running (11m57.0s), 02/80 VUs, 32479 complete and 0 interrupted iterations
oscillating   [ 100% ] 02/80 VUs  11m57.0s/12m00.0s

running (11m58.0s), 02/80 VUs, 32482 complete and 0 interrupted iterations
oscillating   [ 100% ] 02/80 VUs  11m58.0s/12m00.0s

running (11m59.0s), 01/80 VUs, 32485 complete and 0 interrupted iterations
oscillating   [ 100% ] 01/80 VUs  11m59.0s/12m00.0s

running (12m00.0s), 01/80 VUs, 32486 complete and 0 interrupted iterations
oscillating   [ 100% ] 01/80 VUs  12m00.0s/12m00.0s

     ✓ status is 200
     ✓ returns quotes
     ✗ response time <2000ms
      ↳  95% — ✓ 31043 / ✗ 1444

     checks.........................: 98.51% ✓ 96017     ✗ 1444 
     data_received..................: 24 MB  33 kB/s
     data_sent......................: 14 MB  20 kB/s
     http_req_blocked...............: avg=10.95µs  min=801ns    med=2.31µs   max=19.58ms  p(90)=3.35µs   p(95)=4.01µs  
     http_req_connecting............: avg=6.05µs   min=0s       med=0s       max=19.53ms  p(90)=0s       p(95)=0s      
   ✓ http_req_duration..............: avg=900.72ms min=469.3ms  med=722.61ms max=6.87s    p(90)=917.37ms p(95)=957.49ms
       { expected_response:true }...: avg=900.72ms min=469.3ms  med=722.61ms max=6.87s    p(90)=917.37ms p(95)=957.49ms
   ✓ http_req_failed................: 0.00%  ✓ 0         ✗ 32487
     http_req_receiving.............: avg=804.6µs  min=14.44µs  med=107.87µs max=698.56ms p(90)=219.97µs p(95)=865.92µs
     http_req_sending...............: avg=20.19µs  min=7.28µs   med=18.99µs  max=1.57ms   p(90)=28.52µs  p(95)=31.47µs 
     http_req_tls_handshaking.......: avg=0s       min=0s       med=0s       max=0s       p(90)=0s       p(95)=0s      
     http_req_waiting...............: avg=899.9ms  min=469.22ms med=722.49ms max=6.82s    p(90)=917.21ms p(95)=956.32ms
     http_reqs......................: 32487  45.094148/s
     iteration_duration.............: avg=900.98ms min=469.59ms med=722.89ms max=6.87s    p(90)=917.61ms p(95)=957.73ms
     iterations.....................: 32487  45.094148/s
     vus............................: 1      min=1       max=80 
     vus_max........................: 80     min=80      max=80 


running (12m00.4s), 00/80 VUs, 32487 complete and 0 interrupted iterations
oscillating ✓ [ 100% ] 00/80 VUs  12m0s
