
          /\      |‾‾| /‾‾/   /‾‾/   
     /\  /  \     |  |/  /   /  /    
    /  \/    \    |     (   /   ‾‾\  
   /          \   |  |\  \ |  (‾)  | 
  / __________ \  |__| \__\ \_____/ .io

  execution: local
     script: /scripts/load-test.js
     output: json (/results/results.json)

  scenarios: (100.00%) 1 scenario, 80 max VUs, 12m30s max duration (incl. graceful stop):
           * oscillating: Up to 80 looping VUs for 12m0s over 12 stages (gracefulRampDown: 30s, gracefulStop: 30s)


running (00m00.9s), 10/80 VUs, 10 complete and 0 interrupted iterations
oscillating   [   0% ] 10/80 VUs  00m00.9s/12m00.0s

running (00m01.9s), 10/80 VUs, 24 complete and 0 interrupted iterations
oscillating   [   0% ] 10/80 VUs  00m01.9s/12m00.0s

running (00m02.9s), 10/80 VUs, 36 complete and 0 interrupted iterations
oscillating   [   0% ] 10/80 VUs  00m02.9s/12m00.0s

running (00m03.9s), 10/80 VUs, 50 complete and 0 interrupted iterations
oscillating   [   1% ] 10/80 VUs  00m03.9s/12m00.0s

running (00m04.9s), 10/80 VUs, 65 complete and 0 interrupted iterations
oscillating   [   1% ] 10/80 VUs  00m04.9s/12m00.0s

running (00m05.9s), 10/80 VUs, 78 complete and 0 interrupted iterations
oscillating   [   1% ] 10/80 VUs  00m05.9s/12m00.0s

running (00m06.9s), 10/80 VUs, 91 complete and 0 interrupted iterations
oscillating   [   1% ] 10/80 VUs  00m06.9s/12m00.0s

running (00m07.9s), 10/80 VUs, 107 complete and 0 interrupted iterations
oscillating   [   1% ] 10/80 VUs  00m07.9s/12m00.0s

running (00m08.9s), 10/80 VUs, 121 complete and 0 interrupted iterations
oscillating   [   1% ] 10/80 VUs  00m08.9s/12m00.0s

running (00m09.9s), 10/80 VUs, 137 complete and 0 interrupted iterations
oscillating   [   1% ] 10/80 VUs  00m09.9s/12m00.0s

running (00m10.9s), 10/80 VUs, 151 complete and 0 interrupted iterations
oscillating   [   2% ] 10/80 VUs  00m10.9s/12m00.0s

running (00m11.9s), 10/80 VUs, 163 complete and 0 interrupted iterations
oscillating   [   2% ] 10/80 VUs  00m11.9s/12m00.0s

running (00m12.9s), 10/80 VUs, 177 complete and 0 interrupted iterations
oscillating   [   2% ] 10/80 VUs  00m12.9s/12m00.0s

running (00m13.9s), 10/80 VUs, 190 complete and 0 interrupted iterations
oscillating   [   2% ] 10/80 VUs  00m13.9s/12m00.0s

running (00m14.9s), 10/80 VUs, 202 complete and 0 interrupted iterations
oscillating   [   2% ] 10/80 VUs  00m14.9s/12m00.0s

running (00m15.9s), 10/80 VUs, 216 complete and 0 interrupted iterations
oscillating   [   2% ] 10/80 VUs  00m15.9s/12m00.0s

running (00m16.9s), 10/80 VUs, 230 complete and 0 interrupted iterations
oscillating   [   2% ] 10/80 VUs  00m16.9s/12m00.0s

running (00m17.9s), 10/80 VUs, 243 complete and 0 interrupted iterations
oscillating   [   2% ] 10/80 VUs  00m17.9s/12m00.0s

running (00m18.9s), 10/80 VUs, 258 complete and 0 interrupted iterations
oscillating   [   3% ] 10/80 VUs  00m18.9s/12m00.0s

running (00m19.9s), 10/80 VUs, 271 complete and 0 interrupted iterations
oscillating   [   3% ] 10/80 VUs  00m19.9s/12m00.0s

running (00m20.9s), 10/80 VUs, 285 complete and 0 interrupted iterations
oscillating   [   3% ] 10/80 VUs  00m20.9s/12m00.0s

running (00m21.9s), 10/80 VUs, 299 complete and 0 interrupted iterations
oscillating   [   3% ] 10/80 VUs  00m21.9s/12m00.0s

running (00m22.9s), 10/80 VUs, 312 complete and 0 interrupted iterations
oscillating   [   3% ] 10/80 VUs  00m22.9s/12m00.0s

running (00m23.9s), 10/80 VUs, 324 complete and 0 interrupted iterations
oscillating   [   3% ] 10/80 VUs  00m23.9s/12m00.0s

running (00m24.9s), 10/80 VUs, 343 complete and 0 interrupted iterations
oscillating   [   3% ] 10/80 VUs  00m24.9s/12m00.0s

running (00m25.9s), 10/80 VUs, 356 complete and 0 interrupted iterations
oscillating   [   4% ] 10/80 VUs  00m25.9s/12m00.0s

running (00m26.9s), 10/80 VUs, 371 complete and 0 interrupted iterations
oscillating   [   4% ] 10/80 VUs  00m26.9s/12m00.0s

running (00m27.9s), 10/80 VUs, 386 complete and 0 interrupted iterations
oscillating   [   4% ] 10/80 VUs  00m27.9s/12m00.0s

running (00m28.9s), 10/80 VUs, 400 complete and 0 interrupted iterations
oscillating   [   4% ] 10/80 VUs  00m28.9s/12m00.0s

running (00m29.9s), 10/80 VUs, 413 complete and 0 interrupted iterations
oscillating   [   4% ] 10/80 VUs  00m29.9s/12m00.0s

running (00m30.9s), 10/80 VUs, 429 complete and 0 interrupted iterations
oscillating   [   4% ] 10/80 VUs  00m30.9s/12m00.0s

running (00m31.9s), 10/80 VUs, 442 complete and 0 interrupted iterations
oscillating   [   4% ] 10/80 VUs  00m31.9s/12m00.0s

running (00m32.9s), 10/80 VUs, 456 complete and 0 interrupted iterations
oscillating   [   5% ] 10/80 VUs  00m32.9s/12m00.0s

running (00m33.9s), 10/80 VUs, 471 complete and 0 interrupted iterations
oscillating   [   5% ] 10/80 VUs  00m33.9s/12m00.0s

running (00m34.9s), 10/80 VUs, 484 complete and 0 interrupted iterations
oscillating   [   5% ] 10/80 VUs  00m34.9s/12m00.0s

running (00m35.9s), 10/80 VUs, 496 complete and 0 interrupted iterations
oscillating   [   5% ] 10/80 VUs  00m35.9s/12m00.0s

running (00m36.9s), 10/80 VUs, 511 complete and 0 interrupted iterations
oscillating   [   5% ] 10/80 VUs  00m36.9s/12m00.0s

running (00m37.9s), 10/80 VUs, 525 complete and 0 interrupted iterations
oscillating   [   5% ] 10/80 VUs  00m37.9s/12m00.0s

running (00m38.9s), 10/80 VUs, 541 complete and 0 interrupted iterations
oscillating   [   5% ] 10/80 VUs  00m38.9s/12m00.0s

running (00m39.9s), 10/80 VUs, 554 complete and 0 interrupted iterations
oscillating   [   6% ] 10/80 VUs  00m39.9s/12m00.0s

running (00m40.9s), 10/80 VUs, 569 complete and 0 interrupted iterations
oscillating   [   6% ] 10/80 VUs  00m40.9s/12m00.0s

running (00m41.9s), 10/80 VUs, 583 complete and 0 interrupted iterations
oscillating   [   6% ] 10/80 VUs  00m41.9s/12m00.0s

running (00m42.9s), 10/80 VUs, 595 complete and 0 interrupted iterations
oscillating   [   6% ] 10/80 VUs  00m42.9s/12m00.0s

running (00m43.9s), 10/80 VUs, 608 complete and 0 interrupted iterations
oscillating   [   6% ] 10/80 VUs  00m43.9s/12m00.0s

running (00m44.9s), 10/80 VUs, 623 complete and 0 interrupted iterations
oscillating   [   6% ] 10/80 VUs  00m44.9s/12m00.0s

running (00m45.9s), 10/80 VUs, 637 complete and 0 interrupted iterations
oscillating   [   6% ] 10/80 VUs  00m45.9s/12m00.0s

running (00m46.9s), 10/80 VUs, 650 complete and 0 interrupted iterations
oscillating   [   7% ] 10/80 VUs  00m46.9s/12m00.0s

running (00m47.9s), 10/80 VUs, 663 complete and 0 interrupted iterations
oscillating   [   7% ] 10/80 VUs  00m47.9s/12m00.0s

running (00m48.9s), 10/80 VUs, 676 complete and 0 interrupted iterations
oscillating   [   7% ] 10/80 VUs  00m48.9s/12m00.0s

running (00m49.9s), 10/80 VUs, 691 complete and 0 interrupted iterations
oscillating   [   7% ] 10/80 VUs  00m49.9s/12m00.0s

running (00m50.9s), 10/80 VUs, 705 complete and 0 interrupted iterations
oscillating   [   7% ] 10/80 VUs  00m50.9s/12m00.0s

running (00m51.9s), 10/80 VUs, 718 complete and 0 interrupted iterations
oscillating   [   7% ] 10/80 VUs  00m51.9s/12m00.0s

running (00m52.9s), 10/80 VUs, 734 complete and 0 interrupted iterations
oscillating   [   7% ] 10/80 VUs  00m52.9s/12m00.0s

running (00m53.9s), 10/80 VUs, 745 complete and 0 interrupted iterations
oscillating   [   7% ] 10/80 VUs  00m53.9s/12m00.0s

running (00m54.9s), 10/80 VUs, 762 complete and 0 interrupted iterations
oscillating   [   8% ] 10/80 VUs  00m54.9s/12m00.0s

running (00m55.9s), 10/80 VUs, 775 complete and 0 interrupted iterations
oscillating   [   8% ] 10/80 VUs  00m55.9s/12m00.0s

running (00m56.9s), 10/80 VUs, 791 complete and 0 interrupted iterations
oscillating   [   8% ] 10/80 VUs  00m56.9s/12m00.0s

running (00m57.9s), 10/80 VUs, 805 complete and 0 interrupted iterations
oscillating   [   8% ] 10/80 VUs  00m57.9s/12m00.0s

running (00m58.9s), 10/80 VUs, 819 complete and 0 interrupted iterations
oscillating   [   8% ] 10/80 VUs  00m58.9s/12m00.0s

running (00m59.9s), 10/80 VUs, 834 complete and 0 interrupted iterations
oscillating   [   8% ] 10/80 VUs  00m59.9s/12m00.0s

running (01m00.9s), 10/80 VUs, 846 complete and 0 interrupted iterations
oscillating   [   8% ] 10/80 VUs  01m00.9s/12m00.0s

running (01m01.9s), 10/80 VUs, 860 complete and 0 interrupted iterations
oscillating   [   9% ] 10/80 VUs  01m01.9s/12m00.0s

running (01m02.9s), 10/80 VUs, 874 complete and 0 interrupted iterations
oscillating   [   9% ] 10/80 VUs  01m02.9s/12m00.0s

running (01m03.9s), 10/80 VUs, 886 complete and 0 interrupted iterations
oscillating   [   9% ] 10/80 VUs  01m03.9s/12m00.0s

running (01m04.9s), 10/80 VUs, 904 complete and 0 interrupted iterations
oscillating   [   9% ] 10/80 VUs  01m04.9s/12m00.0s

running (01m05.9s), 10/80 VUs, 915 complete and 0 interrupted iterations
oscillating   [   9% ] 10/80 VUs  01m05.9s/12m00.0s

running (01m06.9s), 10/80 VUs, 928 complete and 0 interrupted iterations
oscillating   [   9% ] 10/80 VUs  01m06.9s/12m00.0s

running (01m07.9s), 10/80 VUs, 944 complete and 0 interrupted iterations
oscillating   [   9% ] 10/80 VUs  01m07.9s/12m00.0s

running (01m08.9s), 10/80 VUs, 957 complete and 0 interrupted iterations
oscillating   [  10% ] 10/80 VUs  01m08.9s/12m00.0s

running (01m09.9s), 10/80 VUs, 971 complete and 0 interrupted iterations
oscillating   [  10% ] 10/80 VUs  01m09.9s/12m00.0s

running (01m10.9s), 10/80 VUs, 986 complete and 0 interrupted iterations
oscillating   [  10% ] 10/80 VUs  01m10.9s/12m00.0s

running (01m11.9s), 10/80 VUs, 1001 complete and 0 interrupted iterations
oscillating   [  10% ] 10/80 VUs  01m11.9s/12m00.0s

running (01m12.9s), 10/80 VUs, 1013 complete and 0 interrupted iterations
oscillating   [  10% ] 10/80 VUs  01m12.9s/12m00.0s

running (01m13.9s), 10/80 VUs, 1028 complete and 0 interrupted iterations
oscillating   [  10% ] 10/80 VUs  01m13.9s/12m00.0s

running (01m14.9s), 10/80 VUs, 1042 complete and 0 interrupted iterations
oscillating   [  10% ] 10/80 VUs  01m14.9s/12m00.0s

running (01m15.9s), 10/80 VUs, 1057 complete and 0 interrupted iterations
oscillating   [  11% ] 10/80 VUs  01m15.9s/12m00.0s

running (01m16.9s), 10/80 VUs, 1071 complete and 0 interrupted iterations
oscillating   [  11% ] 10/80 VUs  01m16.9s/12m00.0s

running (01m17.9s), 10/80 VUs, 1086 complete and 0 interrupted iterations
oscillating   [  11% ] 10/80 VUs  01m17.9s/12m00.0s

running (01m18.9s), 10/80 VUs, 1099 complete and 0 interrupted iterations
oscillating   [  11% ] 10/80 VUs  01m18.9s/12m00.0s

running (01m19.9s), 10/80 VUs, 1113 complete and 0 interrupted iterations
oscillating   [  11% ] 10/80 VUs  01m19.9s/12m00.0s

running (01m20.9s), 10/80 VUs, 1126 complete and 0 interrupted iterations
oscillating   [  11% ] 10/80 VUs  01m20.9s/12m00.0s

running (01m21.9s), 10/80 VUs, 1140 complete and 0 interrupted iterations
oscillating   [  11% ] 10/80 VUs  01m21.9s/12m00.0s

running (01m22.9s), 10/80 VUs, 1152 complete and 0 interrupted iterations
oscillating   [  12% ] 10/80 VUs  01m22.9s/12m00.0s

running (01m23.9s), 10/80 VUs, 1169 complete and 0 interrupted iterations
oscillating   [  12% ] 10/80 VUs  01m23.9s/12m00.0s

running (01m24.9s), 10/80 VUs, 1184 complete and 0 interrupted iterations
oscillating   [  12% ] 10/80 VUs  01m24.9s/12m00.0s

running (01m25.9s), 10/80 VUs, 1199 complete and 0 interrupted iterations
oscillating   [  12% ] 10/80 VUs  01m25.9s/12m00.0s

running (01m26.9s), 10/80 VUs, 1211 complete and 0 interrupted iterations
oscillating   [  12% ] 10/80 VUs  01m26.9s/12m00.0s

running (01m27.9s), 10/80 VUs, 1227 complete and 0 interrupted iterations
oscillating   [  12% ] 10/80 VUs  01m27.9s/12m00.0s

running (01m28.9s), 10/80 VUs, 1239 complete and 0 interrupted iterations
oscillating   [  12% ] 10/80 VUs  01m28.9s/12m00.0s

running (01m29.9s), 10/80 VUs, 1253 complete and 0 interrupted iterations
oscillating   [  12% ] 10/80 VUs  01m29.9s/12m00.0s

running (01m30.9s), 10/80 VUs, 1268 complete and 0 interrupted iterations
oscillating   [  13% ] 10/80 VUs  01m30.9s/12m00.0s

running (01m31.9s), 10/80 VUs, 1279 complete and 0 interrupted iterations
oscillating   [  13% ] 10/80 VUs  01m31.9s/12m00.0s

running (01m32.9s), 10/80 VUs, 1296 complete and 0 interrupted iterations
oscillating   [  13% ] 10/80 VUs  01m32.9s/12m00.0s

running (01m33.9s), 10/80 VUs, 1310 complete and 0 interrupted iterations
oscillating   [  13% ] 10/80 VUs  01m33.9s/12m00.0s

running (01m34.9s), 10/80 VUs, 1327 complete and 0 interrupted iterations
oscillating   [  13% ] 10/80 VUs  01m34.9s/12m00.0s

running (01m35.9s), 10/80 VUs, 1339 complete and 0 interrupted iterations
oscillating   [  13% ] 10/80 VUs  01m35.9s/12m00.0s

running (01m36.9s), 10/80 VUs, 1354 complete and 0 interrupted iterations
oscillating   [  13% ] 10/80 VUs  01m36.9s/12m00.0s

running (01m37.9s), 10/80 VUs, 1370 complete and 0 interrupted iterations
oscillating   [  14% ] 10/80 VUs  01m37.9s/12m00.0s

running (01m38.9s), 10/80 VUs, 1381 complete and 0 interrupted iterations
oscillating   [  14% ] 10/80 VUs  01m38.9s/12m00.0s

running (01m39.9s), 10/80 VUs, 1398 complete and 0 interrupted iterations
oscillating   [  14% ] 10/80 VUs  01m39.9s/12m00.0s

running (01m40.9s), 10/80 VUs, 1410 complete and 0 interrupted iterations
oscillating   [  14% ] 10/80 VUs  01m40.9s/12m00.0s

running (01m41.9s), 10/80 VUs, 1425 complete and 0 interrupted iterations
oscillating   [  14% ] 10/80 VUs  01m41.9s/12m00.0s

running (01m42.9s), 10/80 VUs, 1440 complete and 0 interrupted iterations
oscillating   [  14% ] 10/80 VUs  01m42.9s/12m00.0s

running (01m43.9s), 10/80 VUs, 1453 complete and 0 interrupted iterations
oscillating   [  14% ] 10/80 VUs  01m43.9s/12m00.0s

running (01m44.9s), 10/80 VUs, 1468 complete and 0 interrupted iterations
oscillating   [  15% ] 10/80 VUs  01m44.9s/12m00.0s

running (01m45.9s), 10/80 VUs, 1481 complete and 0 interrupted iterations
oscillating   [  15% ] 10/80 VUs  01m45.9s/12m00.0s

running (01m46.9s), 10/80 VUs, 1497 complete and 0 interrupted iterations
oscillating   [  15% ] 10/80 VUs  01m46.9s/12m00.0s

running (01m47.9s), 10/80 VUs, 1509 complete and 0 interrupted iterations
oscillating   [  15% ] 10/80 VUs  01m47.9s/12m00.0s

running (01m48.9s), 10/80 VUs, 1522 complete and 0 interrupted iterations
oscillating   [  15% ] 10/80 VUs  01m48.9s/12m00.0s

running (01m49.9s), 10/80 VUs, 1537 complete and 0 interrupted iterations
oscillating   [  15% ] 10/80 VUs  01m49.9s/12m00.0s

running (01m50.9s), 10/80 VUs, 1548 complete and 0 interrupted iterations
oscillating   [  15% ] 10/80 VUs  01m50.9s/12m00.0s

running (01m51.9s), 10/80 VUs, 1561 complete and 0 interrupted iterations
oscillating   [  16% ] 10/80 VUs  01m51.9s/12m00.0s

running (01m52.9s), 10/80 VUs, 1579 complete and 0 interrupted iterations
oscillating   [  16% ] 10/80 VUs  01m52.9s/12m00.0s

running (01m53.9s), 10/80 VUs, 1589 complete and 0 interrupted iterations
oscillating   [  16% ] 10/80 VUs  01m53.9s/12m00.0s

running (01m54.9s), 10/80 VUs, 1606 complete and 0 interrupted iterations
oscillating   [  16% ] 10/80 VUs  01m54.9s/12m00.0s

running (01m55.9s), 10/80 VUs, 1621 complete and 0 interrupted iterations
oscillating   [  16% ] 10/80 VUs  01m55.9s/12m00.0s

running (01m56.9s), 10/80 VUs, 1634 complete and 0 interrupted iterations
oscillating   [  16% ] 10/80 VUs  01m56.9s/12m00.0s

running (01m57.9s), 10/80 VUs, 1648 complete and 0 interrupted iterations
oscillating   [  16% ] 10/80 VUs  01m57.9s/12m00.0s

running (01m58.9s), 10/80 VUs, 1660 complete and 0 interrupted iterations
oscillating   [  17% ] 10/80 VUs  01m58.9s/12m00.0s

running (01m59.9s), 10/80 VUs, 1675 complete and 0 interrupted iterations
oscillating   [  17% ] 10/80 VUs  01m59.9s/12m00.0s

running (02m00.9s), 16/80 VUs, 1687 complete and 0 interrupted iterations
oscillating   [  17% ] 16/80 VUs  02m00.9s/12m00.0s

running (02m01.9s), 23/80 VUs, 1713 complete and 0 interrupted iterations
oscillating   [  17% ] 23/80 VUs  02m01.9s/12m00.0s

running (02m02.9s), 30/80 VUs, 1748 complete and 0 interrupted iterations
oscillating   [  17% ] 30/80 VUs  02m02.9s/12m00.0s

running (02m03.9s), 37/80 VUs, 1794 complete and 0 interrupted iterations
oscillating   [  17% ] 37/80 VUs  02m03.9s/12m00.0s

running (02m04.9s), 44/80 VUs, 1848 complete and 0 interrupted iterations
oscillating   [  17% ] 44/80 VUs  02m04.9s/12m00.0s

running (02m05.9s), 51/80 VUs, 1916 complete and 0 interrupted iterations
oscillating   [  17% ] 51/80 VUs  02m05.9s/12m00.0s

running (02m06.9s), 58/80 VUs, 1991 complete and 0 interrupted iterations
oscillating   [  18% ] 58/80 VUs  02m06.9s/12m00.0s

running (02m07.9s), 65/80 VUs, 2073 complete and 0 interrupted iterations
oscillating   [  18% ] 65/80 VUs  02m07.9s/12m00.0s

running (02m08.9s), 72/80 VUs, 2162 complete and 0 interrupted iterations
oscillating   [  18% ] 72/80 VUs  02m08.9s/12m00.0s

running (02m09.9s), 79/80 VUs, 2266 complete and 0 interrupted iterations
oscillating   [  18% ] 79/80 VUs  02m09.9s/12m00.0s

running (02m10.9s), 80/80 VUs, 2377 complete and 0 interrupted iterations
oscillating   [  18% ] 80/80 VUs  02m10.9s/12m00.0s

running (02m11.9s), 80/80 VUs, 2486 complete and 0 interrupted iterations
oscillating   [  18% ] 80/80 VUs  02m11.9s/12m00.0s

running (02m12.9s), 80/80 VUs, 2602 complete and 0 interrupted iterations
oscillating   [  18% ] 80/80 VUs  02m12.9s/12m00.0s

running (02m13.9s), 80/80 VUs, 2711 complete and 0 interrupted iterations
oscillating   [  19% ] 80/80 VUs  02m13.9s/12m00.0s

running (02m14.9s), 80/80 VUs, 2830 complete and 0 interrupted iterations
oscillating   [  19% ] 80/80 VUs  02m14.9s/12m00.0s

running (02m15.9s), 80/80 VUs, 2940 complete and 0 interrupted iterations
oscillating   [  19% ] 80/80 VUs  02m15.9s/12m00.0s

running (02m16.9s), 80/80 VUs, 3055 complete and 0 interrupted iterations
oscillating   [  19% ] 80/80 VUs  02m16.9s/12m00.0s

running (02m17.9s), 80/80 VUs, 3165 complete and 0 interrupted iterations
oscillating   [  19% ] 80/80 VUs  02m17.9s/12m00.0s

running (02m18.9s), 80/80 VUs, 3281 complete and 0 interrupted iterations
oscillating   [  19% ] 80/80 VUs  02m18.9s/12m00.0s

running (02m19.9s), 80/80 VUs, 3388 complete and 0 interrupted iterations
oscillating   [  19% ] 80/80 VUs  02m19.9s/12m00.0s

running (02m20.9s), 80/80 VUs, 3500 complete and 0 interrupted iterations
oscillating   [  20% ] 80/80 VUs  02m20.9s/12m00.0s

running (02m21.9s), 80/80 VUs, 3609 complete and 0 interrupted iterations
oscillating   [  20% ] 80/80 VUs  02m21.9s/12m00.0s

running (02m22.9s), 80/80 VUs, 3719 complete and 0 interrupted iterations
oscillating   [  20% ] 80/80 VUs  02m22.9s/12m00.0s

running (02m23.9s), 80/80 VUs, 3829 complete and 0 interrupted iterations
oscillating   [  20% ] 80/80 VUs  02m23.9s/12m00.0s

running (02m24.9s), 80/80 VUs, 3946 complete and 0 interrupted iterations
oscillating   [  20% ] 80/80 VUs  02m24.9s/12m00.0s

running (02m25.9s), 80/80 VUs, 4057 complete and 0 interrupted iterations
oscillating   [  20% ] 80/80 VUs  02m25.9s/12m00.0s

running (02m26.9s), 80/80 VUs, 4172 complete and 0 interrupted iterations
oscillating   [  20% ] 80/80 VUs  02m26.9s/12m00.0s

running (02m27.9s), 80/80 VUs, 4279 complete and 0 interrupted iterations
oscillating   [  21% ] 80/80 VUs  02m27.9s/12m00.0s

running (02m28.9s), 80/80 VUs, 4393 complete and 0 interrupted iterations
oscillating   [  21% ] 80/80 VUs  02m28.9s/12m00.0s

running (02m29.9s), 80/80 VUs, 4499 complete and 0 interrupted iterations
oscillating   [  21% ] 80/80 VUs  02m29.9s/12m00.0s

running (02m30.9s), 80/80 VUs, 4614 complete and 0 interrupted iterations
oscillating   [  21% ] 80/80 VUs  02m30.9s/12m00.0s

running (02m31.9s), 80/80 VUs, 4732 complete and 0 interrupted iterations
oscillating   [  21% ] 80/80 VUs  02m31.9s/12m00.0s

running (02m32.9s), 80/80 VUs, 4839 complete and 0 interrupted iterations
oscillating   [  21% ] 80/80 VUs  02m32.9s/12m00.0s

running (02m33.9s), 80/80 VUs, 4956 complete and 0 interrupted iterations
oscillating   [  21% ] 80/80 VUs  02m33.9s/12m00.0s

running (02m34.9s), 80/80 VUs, 5064 complete and 0 interrupted iterations
oscillating   [  22% ] 80/80 VUs  02m34.9s/12m00.0s

running (02m35.9s), 80/80 VUs, 5179 complete and 0 interrupted iterations
oscillating   [  22% ] 80/80 VUs  02m35.9s/12m00.0s

running (02m36.9s), 80/80 VUs, 5286 complete and 0 interrupted iterations
oscillating   [  22% ] 80/80 VUs  02m36.9s/12m00.0s

running (02m37.9s), 80/80 VUs, 5396 complete and 0 interrupted iterations
oscillating   [  22% ] 80/80 VUs  02m37.9s/12m00.0s

running (02m38.9s), 80/80 VUs, 5505 complete and 0 interrupted iterations
oscillating   [  22% ] 80/80 VUs  02m38.9s/12m00.0s

running (02m39.9s), 80/80 VUs, 5622 complete and 0 interrupted iterations
oscillating   [  22% ] 80/80 VUs  02m39.9s/12m00.0s

running (02m40.9s), 80/80 VUs, 5732 complete and 0 interrupted iterations
oscillating   [  22% ] 80/80 VUs  02m40.9s/12m00.0s

running (02m41.9s), 80/80 VUs, 5846 complete and 0 interrupted iterations
oscillating   [  22% ] 80/80 VUs  02m41.9s/12m00.0s

running (02m42.9s), 80/80 VUs, 5963 complete and 0 interrupted iterations
oscillating   [  23% ] 80/80 VUs  02m42.9s/12m00.0s

running (02m43.9s), 80/80 VUs, 6073 complete and 0 interrupted iterations
oscillating   [  23% ] 80/80 VUs  02m43.9s/12m00.0s

running (02m44.9s), 80/80 VUs, 6181 complete and 0 interrupted iterations
oscillating   [  23% ] 80/80 VUs  02m44.9s/12m00.0s

running (02m45.9s), 80/80 VUs, 6298 complete and 0 interrupted iterations
oscillating   [  23% ] 80/80 VUs  02m45.9s/12m00.0s

running (02m46.9s), 80/80 VUs, 6407 complete and 0 interrupted iterations
oscillating   [  23% ] 80/80 VUs  02m46.9s/12m00.0s

running (02m47.9s), 80/80 VUs, 6524 complete and 0 interrupted iterations
oscillating   [  23% ] 80/80 VUs  02m47.9s/12m00.0s

running (02m48.9s), 80/80 VUs, 6633 complete and 0 interrupted iterations
oscillating   [  23% ] 80/80 VUs  02m48.9s/12m00.0s

running (02m49.9s), 80/80 VUs, 6751 complete and 0 interrupted iterations
oscillating   [  24% ] 80/80 VUs  02m49.9s/12m00.0s

running (02m50.9s), 80/80 VUs, 6858 complete and 0 interrupted iterations
oscillating   [  24% ] 80/80 VUs  02m50.9s/12m00.0s

running (02m51.9s), 80/80 VUs, 6975 complete and 0 interrupted iterations
oscillating   [  24% ] 80/80 VUs  02m51.9s/12m00.0s

running (02m52.9s), 80/80 VUs, 7087 complete and 0 interrupted iterations
oscillating   [  24% ] 80/80 VUs  02m52.9s/12m00.0s

running (02m53.9s), 80/80 VUs, 7200 complete and 0 interrupted iterations
oscillating   [  24% ] 80/80 VUs  02m53.9s/12m00.0s

running (02m54.9s), 80/80 VUs, 7313 complete and 0 interrupted iterations
oscillating   [  24% ] 80/80 VUs  02m54.9s/12m00.0s

running (02m55.9s), 80/80 VUs, 7429 complete and 0 interrupted iterations
oscillating   [  24% ] 80/80 VUs  02m55.9s/12m00.0s

running (02m56.9s), 80/80 VUs, 7540 complete and 0 interrupted iterations
oscillating   [  25% ] 80/80 VUs  02m56.9s/12m00.0s

running (02m57.9s), 80/80 VUs, 7649 complete and 0 interrupted iterations
oscillating   [  25% ] 80/80 VUs  02m57.9s/12m00.0s

running (02m58.9s), 80/80 VUs, 7758 complete and 0 interrupted iterations
oscillating   [  25% ] 80/80 VUs  02m58.9s/12m00.0s

running (02m59.9s), 80/80 VUs, 7876 complete and 0 interrupted iterations
oscillating   [  25% ] 80/80 VUs  02m59.9s/12m00.0s

running (03m00.9s), 80/80 VUs, 7989 complete and 0 interrupted iterations
oscillating   [  25% ] 80/80 VUs  03m00.9s/12m00.0s

running (03m01.9s), 80/80 VUs, 8096 complete and 0 interrupted iterations
oscillating   [  25% ] 80/80 VUs  03m01.9s/12m00.0s

running (03m02.9s), 80/80 VUs, 8208 complete and 0 interrupted iterations
oscillating   [  25% ] 80/80 VUs  03m02.9s/12m00.0s

running (03m03.9s), 80/80 VUs, 8326 complete and 0 interrupted iterations
oscillating   [  26% ] 80/80 VUs  03m03.9s/12m00.0s

running (03m04.9s), 80/80 VUs, 8444 complete and 0 interrupted iterations
oscillating   [  26% ] 80/80 VUs  03m04.9s/12m00.0s

running (03m05.9s), 80/80 VUs, 8554 complete and 0 interrupted iterations
oscillating   [  26% ] 80/80 VUs  03m05.9s/12m00.0s

running (03m06.9s), 80/80 VUs, 8665 complete and 0 interrupted iterations
oscillating   [  26% ] 80/80 VUs  03m06.9s/12m00.0s

running (03m07.9s), 80/80 VUs, 8784 complete and 0 interrupted iterations
oscillating   [  26% ] 80/80 VUs  03m07.9s/12m00.0s

running (03m08.9s), 80/80 VUs, 8893 complete and 0 interrupted iterations
oscillating   [  26% ] 80/80 VUs  03m08.9s/12m00.0s

running (03m09.9s), 80/80 VUs, 9004 complete and 0 interrupted iterations
oscillating   [  26% ] 80/80 VUs  03m09.9s/12m00.0s

running (03m10.9s), 80/80 VUs, 9112 complete and 0 interrupted iterations
oscillating   [  27% ] 80/80 VUs  03m10.9s/12m00.0s

running (03m11.9s), 80/80 VUs, 9227 complete and 0 interrupted iterations
oscillating   [  27% ] 80/80 VUs  03m11.9s/12m00.0s

running (03m12.9s), 80/80 VUs, 9342 complete and 0 interrupted iterations
oscillating   [  27% ] 80/80 VUs  03m12.9s/12m00.0s

running (03m13.9s), 80/80 VUs, 9450 complete and 0 interrupted iterations
oscillating   [  27% ] 80/80 VUs  03m13.9s/12m00.0s

running (03m14.9s), 80/80 VUs, 9567 complete and 0 interrupted iterations
oscillating   [  27% ] 80/80 VUs  03m14.9s/12m00.0s

running (03m15.9s), 80/80 VUs, 9679 complete and 0 interrupted iterations
oscillating   [  27% ] 80/80 VUs  03m15.9s/12m00.0s

running (03m16.9s), 80/80 VUs, 9791 complete and 0 interrupted iterations
oscillating   [  27% ] 80/80 VUs  03m16.9s/12m00.0s

running (03m17.9s), 80/80 VUs, 9905 complete and 0 interrupted iterations
oscillating   [  27% ] 80/80 VUs  03m17.9s/12m00.0s

running (03m18.9s), 80/80 VUs, 10015 complete and 0 interrupted iterations
oscillating   [  28% ] 80/80 VUs  03m18.9s/12m00.0s

running (03m19.9s), 80/80 VUs, 10125 complete and 0 interrupted iterations
oscillating   [  28% ] 80/80 VUs  03m19.9s/12m00.0s

running (03m20.9s), 80/80 VUs, 10232 complete and 0 interrupted iterations
oscillating   [  28% ] 80/80 VUs  03m20.9s/12m00.0s

running (03m21.9s), 80/80 VUs, 10349 complete and 0 interrupted iterations
oscillating   [  28% ] 80/80 VUs  03m21.9s/12m00.0s

running (03m22.9s), 80/80 VUs, 10462 complete and 0 interrupted iterations
oscillating   [  28% ] 80/80 VUs  03m22.9s/12m00.0s

running (03m23.9s), 80/80 VUs, 10571 complete and 0 interrupted iterations
oscillating   [  28% ] 80/80 VUs  03m23.9s/12m00.0s

running (03m24.9s), 80/80 VUs, 10684 complete and 0 interrupted iterations
oscillating   [  28% ] 80/80 VUs  03m24.9s/12m00.0s

running (03m25.9s), 80/80 VUs, 10799 complete and 0 interrupted iterations
oscillating   [  29% ] 80/80 VUs  03m25.9s/12m00.0s

running (03m26.9s), 80/80 VUs, 10918 complete and 0 interrupted iterations
oscillating   [  29% ] 80/80 VUs  03m26.9s/12m00.0s

running (03m27.9s), 80/80 VUs, 11027 complete and 0 interrupted iterations
oscillating   [  29% ] 80/80 VUs  03m27.9s/12m00.0s

running (03m28.9s), 80/80 VUs, 11140 complete and 0 interrupted iterations
oscillating   [  29% ] 80/80 VUs  03m28.9s/12m00.0s

running (03m29.9s), 80/80 VUs, 11249 complete and 0 interrupted iterations
oscillating   [  29% ] 80/80 VUs  03m29.9s/12m00.0s

running (03m30.9s), 76/80 VUs, 11362 complete and 0 interrupted iterations
oscillating   [  29% ] 76/80 VUs  03m30.9s/12m00.0s

running (03m31.9s), 70/80 VUs, 11464 complete and 0 interrupted iterations
oscillating   [  29% ] 70/80 VUs  03m31.9s/12m00.0s

running (03m32.9s), 62/80 VUs, 11560 complete and 0 interrupted iterations
oscillating   [  30% ] 62/80 VUs  03m32.9s/12m00.0s

running (03m33.9s), 55/80 VUs, 11651 complete and 0 interrupted iterations
oscillating   [  30% ] 55/80 VUs  03m33.9s/12m00.0s

running (03m34.9s), 48/80 VUs, 11727 complete and 0 interrupted iterations
oscillating   [  30% ] 48/80 VUs  03m34.9s/12m00.0s

running (03m35.9s), 40/80 VUs, 11793 complete and 0 interrupted iterations
oscillating   [  30% ] 40/80 VUs  03m35.9s/12m00.0s

running (03m36.9s), 34/80 VUs, 11852 complete and 0 interrupted iterations
oscillating   [  30% ] 34/80 VUs  03m36.9s/12m00.0s

running (03m37.9s), 29/80 VUs, 11895 complete and 0 interrupted iterations
oscillating   [  30% ] 29/80 VUs  03m37.9s/12m00.0s

running (03m38.9s), 20/80 VUs, 11938 complete and 0 interrupted iterations
oscillating   [  30% ] 20/80 VUs  03m38.9s/12m00.0s

running (03m39.9s), 15/80 VUs, 11961 complete and 0 interrupted iterations
oscillating   [  31% ] 15/80 VUs  03m39.9s/12m00.0s

running (03m40.9s), 10/80 VUs, 11981 complete and 0 interrupted iterations
oscillating   [  31% ] 10/80 VUs  03m40.9s/12m00.0s

running (03m41.9s), 10/80 VUs, 11996 complete and 0 interrupted iterations
oscillating   [  31% ] 10/80 VUs  03m41.9s/12m00.0s

running (03m42.9s), 10/80 VUs, 12010 complete and 0 interrupted iterations
oscillating   [  31% ] 10/80 VUs  03m42.9s/12m00.0s

running (03m43.9s), 10/80 VUs, 12024 complete and 0 interrupted iterations
oscillating   [  31% ] 10/80 VUs  03m43.9s/12m00.0s

running (03m44.9s), 10/80 VUs, 12041 complete and 0 interrupted iterations
oscillating   [  31% ] 10/80 VUs  03m44.9s/12m00.0s

running (03m45.9s), 10/80 VUs, 12052 complete and 0 interrupted iterations
oscillating   [  31% ] 10/80 VUs  03m45.9s/12m00.0s

running (03m46.9s), 10/80 VUs, 12065 complete and 0 interrupted iterations
oscillating   [  32% ] 10/80 VUs  03m46.9s/12m00.0s

running (03m47.9s), 10/80 VUs, 12082 complete and 0 interrupted iterations
oscillating   [  32% ] 10/80 VUs  03m47.9s/12m00.0s

running (03m48.9s), 10/80 VUs, 12092 complete and 0 interrupted iterations
oscillating   [  32% ] 10/80 VUs  03m48.9s/12m00.0s

running (03m49.9s), 10/80 VUs, 12108 complete and 0 interrupted iterations
oscillating   [  32% ] 10/80 VUs  03m49.9s/12m00.0s

running (03m50.9s), 10/80 VUs, 12122 complete and 0 interrupted iterations
oscillating   [  32% ] 10/80 VUs  03m50.9s/12m00.0s

running (03m51.9s), 10/80 VUs, 12138 complete and 0 interrupted iterations
oscillating   [  32% ] 10/80 VUs  03m51.9s/12m00.0s

running (03m52.9s), 10/80 VUs, 12151 complete and 0 interrupted iterations
oscillating   [  32% ] 10/80 VUs  03m52.9s/12m00.0s

running (03m53.9s), 10/80 VUs, 12167 complete and 0 interrupted iterations
oscillating   [  32% ] 10/80 VUs  03m53.9s/12m00.0s

running (03m54.9s), 10/80 VUs, 12181 complete and 0 interrupted iterations
oscillating   [  33% ] 10/80 VUs  03m54.9s/12m00.0s

running (03m55.9s), 10/80 VUs, 12195 complete and 0 interrupted iterations
oscillating   [  33% ] 10/80 VUs  03m55.9s/12m00.0s

running (03m56.9s), 10/80 VUs, 12211 complete and 0 interrupted iterations
oscillating   [  33% ] 10/80 VUs  03m56.9s/12m00.0s

running (03m57.9s), 10/80 VUs, 12223 complete and 0 interrupted iterations
oscillating   [  33% ] 10/80 VUs  03m57.9s/12m00.0s

running (03m58.9s), 10/80 VUs, 12240 complete and 0 interrupted iterations
oscillating   [  33% ] 10/80 VUs  03m58.9s/12m00.0s

running (03m59.9s), 10/80 VUs, 12252 complete and 0 interrupted iterations
oscillating   [  33% ] 10/80 VUs  03m59.9s/12m00.0s

running (04m00.9s), 10/80 VUs, 12266 complete and 0 interrupted iterations
oscillating   [  33% ] 10/80 VUs  04m00.9s/12m00.0s

running (04m01.9s), 10/80 VUs, 12281 complete and 0 interrupted iterations
oscillating   [  34% ] 10/80 VUs  04m01.9s/12m00.0s

running (04m02.9s), 10/80 VUs, 12296 complete and 0 interrupted iterations
oscillating   [  34% ] 10/80 VUs  04m02.9s/12m00.0s

running (04m03.9s), 10/80 VUs, 12310 complete and 0 interrupted iterations
oscillating   [  34% ] 10/80 VUs  04m03.9s/12m00.0s

running (04m04.9s), 10/80 VUs, 12326 complete and 0 interrupted iterations
oscillating   [  34% ] 10/80 VUs  04m04.9s/12m00.0s

running (04m05.9s), 10/80 VUs, 12341 complete and 0 interrupted iterations
oscillating   [  34% ] 10/80 VUs  04m05.9s/12m00.0s

running (04m06.9s), 10/80 VUs, 12356 complete and 0 interrupted iterations
oscillating   [  34% ] 10/80 VUs  04m06.9s/12m00.0s

running (04m07.9s), 10/80 VUs, 12368 complete and 0 interrupted iterations
oscillating   [  34% ] 10/80 VUs  04m07.9s/12m00.0s

running (04m08.9s), 10/80 VUs, 12384 complete and 0 interrupted iterations
oscillating   [  35% ] 10/80 VUs  04m08.9s/12m00.0s

running (04m09.9s), 10/80 VUs, 12397 complete and 0 interrupted iterations
oscillating   [  35% ] 10/80 VUs  04m09.9s/12m00.0s

running (04m10.9s), 10/80 VUs, 12412 complete and 0 interrupted iterations
oscillating   [  35% ] 10/80 VUs  04m10.9s/12m00.0s

running (04m11.9s), 10/80 VUs, 12426 complete and 0 interrupted iterations
oscillating   [  35% ] 10/80 VUs  04m11.9s/12m00.0s

running (04m12.9s), 10/80 VUs, 12441 complete and 0 interrupted iterations
oscillating   [  35% ] 10/80 VUs  04m12.9s/12m00.0s

running (04m13.9s), 10/80 VUs, 12457 complete and 0 interrupted iterations
oscillating   [  35% ] 10/80 VUs  04m13.9s/12m00.0s

running (04m14.9s), 10/80 VUs, 12470 complete and 0 interrupted iterations
oscillating   [  35% ] 10/80 VUs  04m14.9s/12m00.0s

running (04m15.9s), 10/80 VUs, 12485 complete and 0 interrupted iterations
oscillating   [  36% ] 10/80 VUs  04m15.9s/12m00.0s

running (04m16.9s), 10/80 VUs, 12498 complete and 0 interrupted iterations
oscillating   [  36% ] 10/80 VUs  04m16.9s/12m00.0s

running (04m17.9s), 10/80 VUs, 12513 complete and 0 interrupted iterations
oscillating   [  36% ] 10/80 VUs  04m17.9s/12m00.0s

running (04m18.9s), 10/80 VUs, 12526 complete and 0 interrupted iterations
oscillating   [  36% ] 10/80 VUs  04m18.9s/12m00.0s

running (04m19.9s), 10/80 VUs, 12540 complete and 0 interrupted iterations
oscillating   [  36% ] 10/80 VUs  04m19.9s/12m00.0s

running (04m20.9s), 10/80 VUs, 12554 complete and 0 interrupted iterations
oscillating   [  36% ] 10/80 VUs  04m20.9s/12m00.0s

running (04m21.9s), 10/80 VUs, 12567 complete and 0 interrupted iterations
oscillating   [  36% ] 10/80 VUs  04m21.9s/12m00.0s

running (04m22.9s), 10/80 VUs, 12584 complete and 0 interrupted iterations
oscillating   [  37% ] 10/80 VUs  04m22.9s/12m00.0s

running (04m23.9s), 10/80 VUs, 12599 complete and 0 interrupted iterations
oscillating   [  37% ] 10/80 VUs  04m23.9s/12m00.0s

running (04m24.9s), 10/80 VUs, 12613 complete and 0 interrupted iterations
oscillating   [  37% ] 10/80 VUs  04m24.9s/12m00.0s

running (04m25.9s), 10/80 VUs, 12629 complete and 0 interrupted iterations
oscillating   [  37% ] 10/80 VUs  04m25.9s/12m00.0s

running (04m26.9s), 10/80 VUs, 12641 complete and 0 interrupted iterations
oscillating   [  37% ] 10/80 VUs  04m26.9s/12m00.0s

running (04m27.9s), 10/80 VUs, 12655 complete and 0 interrupted iterations
oscillating   [  37% ] 10/80 VUs  04m27.9s/12m00.0s

running (04m28.9s), 10/80 VUs, 12669 complete and 0 interrupted iterations
oscillating   [  37% ] 10/80 VUs  04m28.9s/12m00.0s

running (04m29.9s), 10/80 VUs, 12680 complete and 0 interrupted iterations
oscillating   [  37% ] 10/80 VUs  04m29.9s/12m00.0s

running (04m30.9s), 10/80 VUs, 12698 complete and 0 interrupted iterations
oscillating   [  38% ] 10/80 VUs  04m30.9s/12m00.0s

running (04m31.9s), 10/80 VUs, 12709 complete and 0 interrupted iterations
oscillating   [  38% ] 10/80 VUs  04m31.9s/12m00.0s

running (04m32.9s), 10/80 VUs, 12725 complete and 0 interrupted iterations
oscillating   [  38% ] 10/80 VUs  04m32.9s/12m00.0s

running (04m33.9s), 10/80 VUs, 12740 complete and 0 interrupted iterations
oscillating   [  38% ] 10/80 VUs  04m33.9s/12m00.0s

running (04m34.9s), 10/80 VUs, 12754 complete and 0 interrupted iterations
oscillating   [  38% ] 10/80 VUs  04m34.9s/12m00.0s

running (04m35.9s), 10/80 VUs, 12769 complete and 0 interrupted iterations
oscillating   [  38% ] 10/80 VUs  04m35.9s/12m00.0s

running (04m36.9s), 10/80 VUs, 12783 complete and 0 interrupted iterations
oscillating   [  38% ] 10/80 VUs  04m36.9s/12m00.0s

running (04m37.9s), 10/80 VUs, 12796 complete and 0 interrupted iterations
oscillating   [  39% ] 10/80 VUs  04m37.9s/12m00.0s

running (04m38.9s), 10/80 VUs, 12809 complete and 0 interrupted iterations
oscillating   [  39% ] 10/80 VUs  04m38.9s/12m00.0s

running (04m39.9s), 10/80 VUs, 12825 complete and 0 interrupted iterations
oscillating   [  39% ] 10/80 VUs  04m39.9s/12m00.0s

running (04m40.9s), 10/80 VUs, 12838 complete and 0 interrupted iterations
oscillating   [  39% ] 10/80 VUs  04m40.9s/12m00.0s

running (04m41.9s), 10/80 VUs, 12851 complete and 0 interrupted iterations
oscillating   [  39% ] 10/80 VUs  04m41.9s/12m00.0s

running (04m42.9s), 10/80 VUs, 12865 complete and 0 interrupted iterations
oscillating   [  39% ] 10/80 VUs  04m42.9s/12m00.0s

running (04m43.9s), 10/80 VUs, 12880 complete and 0 interrupted iterations
oscillating   [  39% ] 10/80 VUs  04m43.9s/12m00.0s

running (04m44.9s), 10/80 VUs, 12892 complete and 0 interrupted iterations
oscillating   [  40% ] 10/80 VUs  04m44.9s/12m00.0s

running (04m45.9s), 10/80 VUs, 12909 complete and 0 interrupted iterations
oscillating   [  40% ] 10/80 VUs  04m45.9s/12m00.0s

running (04m46.9s), 10/80 VUs, 12922 complete and 0 interrupted iterations
oscillating   [  40% ] 10/80 VUs  04m46.9s/12m00.0s

running (04m47.9s), 10/80 VUs, 12937 complete and 0 interrupted iterations
oscillating   [  40% ] 10/80 VUs  04m47.9s/12m00.0s

running (04m48.9s), 10/80 VUs, 12949 complete and 0 interrupted iterations
oscillating   [  40% ] 10/80 VUs  04m48.9s/12m00.0s

running (04m49.9s), 10/80 VUs, 12963 complete and 0 interrupted iterations
oscillating   [  40% ] 10/80 VUs  04m49.9s/12m00.0s

running (04m50.9s), 10/80 VUs, 12975 complete and 0 interrupted iterations
oscillating   [  40% ] 10/80 VUs  04m50.9s/12m00.0s

running (04m51.9s), 10/80 VUs, 12991 complete and 0 interrupted iterations
oscillating   [  41% ] 10/80 VUs  04m51.9s/12m00.0s

running (04m52.9s), 10/80 VUs, 13005 complete and 0 interrupted iterations
oscillating   [  41% ] 10/80 VUs  04m52.9s/12m00.0s

running (04m53.9s), 10/80 VUs, 13020 complete and 0 interrupted iterations
oscillating   [  41% ] 10/80 VUs  04m53.9s/12m00.0s

running (04m54.9s), 10/80 VUs, 13035 complete and 0 interrupted iterations
oscillating   [  41% ] 10/80 VUs  04m54.9s/12m00.0s

running (04m55.9s), 10/80 VUs, 13047 complete and 0 interrupted iterations
oscillating   [  41% ] 10/80 VUs  04m55.9s/12m00.0s

running (04m56.9s), 10/80 VUs, 13063 complete and 0 interrupted iterations
oscillating   [  41% ] 10/80 VUs  04m56.9s/12m00.0s

running (04m57.9s), 10/80 VUs, 13074 complete and 0 interrupted iterations
oscillating   [  41% ] 10/80 VUs  04m57.9s/12m00.0s

running (04m58.9s), 10/80 VUs, 13088 complete and 0 interrupted iterations
oscillating   [  42% ] 10/80 VUs  04m58.9s/12m00.0s

running (04m59.9s), 10/80 VUs, 13098 complete and 0 interrupted iterations
oscillating   [  42% ] 10/80 VUs  04m59.9s/12m00.0s

running (05m00.9s), 16/80 VUs, 13116 complete and 0 interrupted iterations
oscillating   [  42% ] 16/80 VUs  05m00.9s/12m00.0s

running (05m01.9s), 23/80 VUs, 13142 complete and 0 interrupted iterations
oscillating   [  42% ] 23/80 VUs  05m01.9s/12m00.0s

running (05m02.9s), 30/80 VUs, 13178 complete and 0 interrupted iterations
oscillating   [  42% ] 30/80 VUs  05m02.9s/12m00.0s

running (05m03.9s), 37/80 VUs, 13222 complete and 0 interrupted iterations
oscillating   [  42% ] 37/80 VUs  05m03.9s/12m00.0s

running (05m04.9s), 44/80 VUs, 13270 complete and 0 interrupted iterations
oscillating   [  42% ] 44/80 VUs  05m04.9s/12m00.0s

running (05m05.9s), 51/80 VUs, 13335 complete and 0 interrupted iterations
oscillating   [  42% ] 51/80 VUs  05m05.9s/12m00.0s

running (05m06.9s), 58/80 VUs, 13412 complete and 0 interrupted iterations
oscillating   [  43% ] 58/80 VUs  05m06.9s/12m00.0s

running (05m07.9s), 65/80 VUs, 13491 complete and 0 interrupted iterations
oscillating   [  43% ] 65/80 VUs  05m07.9s/12m00.0s

running (05m08.9s), 72/80 VUs, 13584 complete and 0 interrupted iterations
oscillating   [  43% ] 72/80 VUs  05m08.9s/12m00.0s

running (05m09.9s), 79/80 VUs, 13685 complete and 0 interrupted iterations
oscillating   [  43% ] 79/80 VUs  05m09.9s/12m00.0s

running (05m10.9s), 80/80 VUs, 13802 complete and 0 interrupted iterations
oscillating   [  43% ] 80/80 VUs  05m10.9s/12m00.0s

running (05m11.9s), 80/80 VUs, 13909 complete and 0 interrupted iterations
oscillating   [  43% ] 80/80 VUs  05m11.9s/12m00.0s

running (05m12.9s), 80/80 VUs, 14029 complete and 0 interrupted iterations
oscillating   [  43% ] 80/80 VUs  05m12.9s/12m00.0s

running (05m13.9s), 80/80 VUs, 14138 complete and 0 interrupted iterations
oscillating   [  44% ] 80/80 VUs  05m13.9s/12m00.0s

running (05m14.9s), 80/80 VUs, 14250 complete and 0 interrupted iterations
oscillating   [  44% ] 80/80 VUs  05m14.9s/12m00.0s

running (05m15.9s), 80/80 VUs, 14361 complete and 0 interrupted iterations
oscillating   [  44% ] 80/80 VUs  05m15.9s/12m00.0s

running (05m16.9s), 80/80 VUs, 14469 complete and 0 interrupted iterations
oscillating   [  44% ] 80/80 VUs  05m16.9s/12m00.0s

running (05m17.9s), 80/80 VUs, 14580 complete and 0 interrupted iterations
oscillating   [  44% ] 80/80 VUs  05m17.9s/12m00.0s

running (05m18.9s), 80/80 VUs, 14688 complete and 0 interrupted iterations
oscillating   [  44% ] 80/80 VUs  05m18.9s/12m00.0s

running (05m19.9s), 80/80 VUs, 14804 complete and 0 interrupted iterations
oscillating   [  44% ] 80/80 VUs  05m19.9s/12m00.0s

running (05m20.9s), 80/80 VUs, 14918 complete and 0 interrupted iterations
oscillating   [  45% ] 80/80 VUs  05m20.9s/12m00.0s

running (05m21.9s), 80/80 VUs, 15028 complete and 0 interrupted iterations
oscillating   [  45% ] 80/80 VUs  05m21.9s/12m00.0s

running (05m22.9s), 80/80 VUs, 15139 complete and 0 interrupted iterations
oscillating   [  45% ] 80/80 VUs  05m22.9s/12m00.0s

running (05m23.9s), 80/80 VUs, 15251 complete and 0 interrupted iterations
oscillating   [  45% ] 80/80 VUs  05m23.9s/12m00.0s

running (05m24.9s), 80/80 VUs, 15364 complete and 0 interrupted iterations
oscillating   [  45% ] 80/80 VUs  05m24.9s/12m00.0s

running (05m25.9s), 80/80 VUs, 15473 complete and 0 interrupted iterations
oscillating   [  45% ] 80/80 VUs  05m25.9s/12m00.0s

running (05m26.9s), 80/80 VUs, 15587 complete and 0 interrupted iterations
oscillating   [  45% ] 80/80 VUs  05m26.9s/12m00.0s

running (05m27.9s), 80/80 VUs, 15695 complete and 0 interrupted iterations
oscillating   [  46% ] 80/80 VUs  05m27.9s/12m00.0s

running (05m28.9s), 80/80 VUs, 15807 complete and 0 interrupted iterations
oscillating   [  46% ] 80/80 VUs  05m28.9s/12m00.0s

running (05m29.9s), 80/80 VUs, 15924 complete and 0 interrupted iterations
oscillating   [  46% ] 80/80 VUs  05m29.9s/12m00.0s

running (05m30.9s), 80/80 VUs, 16033 complete and 0 interrupted iterations
oscillating   [  46% ] 80/80 VUs  05m30.9s/12m00.0s

running (05m31.9s), 80/80 VUs, 16145 complete and 0 interrupted iterations
oscillating   [  46% ] 80/80 VUs  05m31.9s/12m00.0s

running (05m32.9s), 80/80 VUs, 16244 complete and 0 interrupted iterations
oscillating   [  46% ] 80/80 VUs  05m32.9s/12m00.0s

running (05m33.9s), 80/80 VUs, 16330 complete and 0 interrupted iterations
oscillating   [  46% ] 80/80 VUs  05m33.9s/12m00.0s

running (05m34.9s), 80/80 VUs, 16415 complete and 0 interrupted iterations
oscillating   [  47% ] 80/80 VUs  05m34.9s/12m00.0s

running (05m35.9s), 80/80 VUs, 16492 complete and 0 interrupted iterations
oscillating   [  47% ] 80/80 VUs  05m35.9s/12m00.0s

running (05m36.9s), 80/80 VUs, 16584 complete and 0 interrupted iterations
oscillating   [  47% ] 80/80 VUs  05m36.9s/12m00.0s

running (05m37.9s), 80/80 VUs, 16688 complete and 0 interrupted iterations
oscillating   [  47% ] 80/80 VUs  05m37.9s/12m00.0s

running (05m38.9s), 80/80 VUs, 16812 complete and 0 interrupted iterations
oscillating   [  47% ] 80/80 VUs  05m38.9s/12m00.0s

running (05m39.9s), 80/80 VUs, 16922 complete and 0 interrupted iterations
oscillating   [  47% ] 80/80 VUs  05m39.9s/12m00.0s

running (05m40.9s), 80/80 VUs, 17031 complete and 0 interrupted iterations
oscillating   [  47% ] 80/80 VUs  05m40.9s/12m00.0s

running (05m41.9s), 80/80 VUs, 17144 complete and 0 interrupted iterations
oscillating   [  47% ] 80/80 VUs  05m41.9s/12m00.0s

running (05m42.9s), 80/80 VUs, 17254 complete and 0 interrupted iterations
oscillating   [  48% ] 80/80 VUs  05m42.9s/12m00.0s

running (05m43.9s), 80/80 VUs, 17360 complete and 0 interrupted iterations
oscillating   [  48% ] 80/80 VUs  05m43.9s/12m00.0s

running (05m44.9s), 80/80 VUs, 17478 complete and 0 interrupted iterations
oscillating   [  48% ] 80/80 VUs  05m44.9s/12m00.0s

running (05m45.9s), 80/80 VUs, 17594 complete and 0 interrupted iterations
oscillating   [  48% ] 80/80 VUs  05m45.9s/12m00.0s

running (05m46.9s), 80/80 VUs, 17711 complete and 0 interrupted iterations
oscillating   [  48% ] 80/80 VUs  05m46.9s/12m00.0s

running (05m47.9s), 80/80 VUs, 17818 complete and 0 interrupted iterations
oscillating   [  48% ] 80/80 VUs  05m47.9s/12m00.0s

running (05m48.9s), 80/80 VUs, 17928 complete and 0 interrupted iterations
oscillating   [  48% ] 80/80 VUs  05m48.9s/12m00.0s

running (05m49.9s), 80/80 VUs, 18045 complete and 0 interrupted iterations
oscillating   [  49% ] 80/80 VUs  05m49.9s/12m00.0s

running (05m50.9s), 80/80 VUs, 18153 complete and 0 interrupted iterations
oscillating   [  49% ] 80/80 VUs  05m50.9s/12m00.0s

running (05m51.9s), 80/80 VUs, 18260 complete and 0 interrupted iterations
oscillating   [  49% ] 80/80 VUs  05m51.9s/12m00.0s

running (05m52.9s), 80/80 VUs, 18375 complete and 0 interrupted iterations
oscillating   [  49% ] 80/80 VUs  05m52.9s/12m00.0s

running (05m53.9s), 80/80 VUs, 18487 complete and 0 interrupted iterations
oscillating   [  49% ] 80/80 VUs  05m53.9s/12m00.0s

running (05m54.9s), 80/80 VUs, 18598 complete and 0 interrupted iterations
oscillating   [  49% ] 80/80 VUs  05m54.9s/12m00.0s

running (05m55.9s), 80/80 VUs, 18712 complete and 0 interrupted iterations
oscillating   [  49% ] 80/80 VUs  05m55.9s/12m00.0s

running (05m56.9s), 80/80 VUs, 18823 complete and 0 interrupted iterations
oscillating   [  50% ] 80/80 VUs  05m56.9s/12m00.0s

running (05m57.9s), 80/80 VUs, 18934 complete and 0 interrupted iterations
oscillating   [  50% ] 80/80 VUs  05m57.9s/12m00.0s

running (05m58.9s), 80/80 VUs, 19050 complete and 0 interrupted iterations
oscillating   [  50% ] 80/80 VUs  05m58.9s/12m00.0s

running (05m59.9s), 80/80 VUs, 19160 complete and 0 interrupted iterations
oscillating   [  50% ] 80/80 VUs  05m59.9s/12m00.0s

running (06m00.9s), 80/80 VUs, 19278 complete and 0 interrupted iterations
oscillating   [  50% ] 80/80 VUs  06m00.9s/12m00.0s

running (06m01.9s), 80/80 VUs, 19392 complete and 0 interrupted iterations
oscillating   [  50% ] 80/80 VUs  06m01.9s/12m00.0s

running (06m02.9s), 80/80 VUs, 19503 complete and 0 interrupted iterations
oscillating   [  50% ] 80/80 VUs  06m02.9s/12m00.0s

running (06m03.9s), 80/80 VUs, 19619 complete and 0 interrupted iterations
oscillating   [  51% ] 80/80 VUs  06m03.9s/12m00.0s

running (06m04.9s), 80/80 VUs, 19727 complete and 0 interrupted iterations
oscillating   [  51% ] 80/80 VUs  06m04.9s/12m00.0s

running (06m05.9s), 80/80 VUs, 19844 complete and 0 interrupted iterations
oscillating   [  51% ] 80/80 VUs  06m05.9s/12m00.0s

running (06m06.9s), 80/80 VUs, 19952 complete and 0 interrupted iterations
oscillating   [  51% ] 80/80 VUs  06m06.9s/12m00.0s

running (06m07.9s), 80/80 VUs, 20069 complete and 0 interrupted iterations
oscillating   [  51% ] 80/80 VUs  06m07.9s/12m00.0s

running (06m08.9s), 80/80 VUs, 20179 complete and 0 interrupted iterations
oscillating   [  51% ] 80/80 VUs  06m08.9s/12m00.0s

running (06m09.9s), 80/80 VUs, 20289 complete and 0 interrupted iterations
oscillating   [  51% ] 80/80 VUs  06m09.9s/12m00.0s

running (06m10.9s), 80/80 VUs, 20398 complete and 0 interrupted iterations
oscillating   [  52% ] 80/80 VUs  06m10.9s/12m00.0s

running (06m11.9s), 80/80 VUs, 20517 complete and 0 interrupted iterations
oscillating   [  52% ] 80/80 VUs  06m11.9s/12m00.0s

running (06m12.9s), 80/80 VUs, 20627 complete and 0 interrupted iterations
oscillating   [  52% ] 80/80 VUs  06m12.9s/12m00.0s

running (06m13.9s), 80/80 VUs, 20738 complete and 0 interrupted iterations
oscillating   [  52% ] 80/80 VUs  06m13.9s/12m00.0s

running (06m14.9s), 80/80 VUs, 20846 complete and 0 interrupted iterations
oscillating   [  52% ] 80/80 VUs  06m14.9s/12m00.0s

running (06m15.9s), 80/80 VUs, 20962 complete and 0 interrupted iterations
oscillating   [  52% ] 80/80 VUs  06m15.9s/12m00.0s

running (06m16.9s), 80/80 VUs, 21077 complete and 0 interrupted iterations
oscillating   [  52% ] 80/80 VUs  06m16.9s/12m00.0s

running (06m17.9s), 80/80 VUs, 21194 complete and 0 interrupted iterations
oscillating   [  52% ] 80/80 VUs  06m17.9s/12m00.0s

running (06m18.9s), 80/80 VUs, 21299 complete and 0 interrupted iterations
oscillating   [  53% ] 80/80 VUs  06m18.9s/12m00.0s

running (06m19.9s), 80/80 VUs, 21407 complete and 0 interrupted iterations
oscillating   [  53% ] 80/80 VUs  06m19.9s/12m00.0s

running (06m20.9s), 80/80 VUs, 21532 complete and 0 interrupted iterations
oscillating   [  53% ] 80/80 VUs  06m20.9s/12m00.0s

running (06m21.9s), 80/80 VUs, 21632 complete and 0 interrupted iterations
oscillating   [  53% ] 80/80 VUs  06m21.9s/12m00.0s

running (06m22.9s), 80/80 VUs, 21750 complete and 0 interrupted iterations
oscillating   [  53% ] 80/80 VUs  06m22.9s/12m00.0s

running (06m23.9s), 80/80 VUs, 21866 complete and 0 interrupted iterations
oscillating   [  53% ] 80/80 VUs  06m23.9s/12m00.0s

running (06m24.9s), 80/80 VUs, 21970 complete and 0 interrupted iterations
oscillating   [  53% ] 80/80 VUs  06m24.9s/12m00.0s

running (06m25.9s), 80/80 VUs, 22084 complete and 0 interrupted iterations
oscillating   [  54% ] 80/80 VUs  06m25.9s/12m00.0s

running (06m26.9s), 80/80 VUs, 22201 complete and 0 interrupted iterations
oscillating   [  54% ] 80/80 VUs  06m26.9s/12m00.0s

running (06m27.9s), 80/80 VUs, 22308 complete and 0 interrupted iterations
oscillating   [  54% ] 80/80 VUs  06m27.9s/12m00.0s

running (06m28.9s), 80/80 VUs, 22420 complete and 0 interrupted iterations
oscillating   [  54% ] 80/80 VUs  06m28.9s/12m00.0s

running (06m29.9s), 80/80 VUs, 22528 complete and 0 interrupted iterations
oscillating   [  54% ] 80/80 VUs  06m29.9s/12m00.0s

running (06m30.9s), 76/80 VUs, 22647 complete and 0 interrupted iterations
oscillating   [  54% ] 76/80 VUs  06m30.9s/12m00.0s

running (06m31.9s), 68/80 VUs, 22749 complete and 0 interrupted iterations
oscillating   [  54% ] 68/80 VUs  06m31.9s/12m00.0s

running (06m32.9s), 62/80 VUs, 22850 complete and 0 interrupted iterations
oscillating   [  55% ] 62/80 VUs  06m32.9s/12m00.0s

running (06m33.9s), 55/80 VUs, 22934 complete and 0 interrupted iterations
oscillating   [  55% ] 55/80 VUs  06m33.9s/12m00.0s

running (06m34.9s), 47/80 VUs, 23014 complete and 0 interrupted iterations
oscillating   [  55% ] 47/80 VUs  06m34.9s/12m00.0s

running (06m35.9s), 41/80 VUs, 23080 complete and 0 interrupted iterations
oscillating   [  55% ] 41/80 VUs  06m35.9s/12m00.0s

running (06m36.9s), 33/80 VUs, 23138 complete and 0 interrupted iterations
oscillating   [  55% ] 33/80 VUs  06m36.9s/12m00.0s

running (06m37.9s), 27/80 VUs, 23183 complete and 0 interrupted iterations
oscillating   [  55% ] 27/80 VUs  06m37.9s/12m00.0s

running (06m38.9s), 20/80 VUs, 23219 complete and 0 interrupted iterations
oscillating   [  55% ] 20/80 VUs  06m38.9s/12m00.0s

running (06m39.9s), 14/80 VUs, 23248 complete and 0 interrupted iterations
oscillating   [  56% ] 14/80 VUs  06m39.9s/12m00.0s

running (06m40.9s), 10/80 VUs, 23263 complete and 0 interrupted iterations
oscillating   [  56% ] 10/80 VUs  06m40.9s/12m00.0s

running (06m41.9s), 10/80 VUs, 23278 complete and 0 interrupted iterations
oscillating   [  56% ] 10/80 VUs  06m41.9s/12m00.0s

running (06m42.9s), 10/80 VUs, 23291 complete and 0 interrupted iterations
oscillating   [  56% ] 10/80 VUs  06m42.9s/12m00.0s

running (06m43.9s), 10/80 VUs, 23304 complete and 0 interrupted iterations
oscillating   [  56% ] 10/80 VUs  06m43.9s/12m00.0s

running (06m44.9s), 10/80 VUs, 23319 complete and 0 interrupted iterations
oscillating   [  56% ] 10/80 VUs  06m44.9s/12m00.0s

running (06m45.9s), 10/80 VUs, 23333 complete and 0 interrupted iterations
oscillating   [  56% ] 10/80 VUs  06m45.9s/12m00.0s

running (06m46.9s), 10/80 VUs, 23346 complete and 0 interrupted iterations
oscillating   [  57% ] 10/80 VUs  06m46.9s/12m00.0s

running (06m47.9s), 10/80 VUs, 23361 complete and 0 interrupted iterations
oscillating   [  57% ] 10/80 VUs  06m47.9s/12m00.0s

running (06m48.9s), 10/80 VUs, 23375 complete and 0 interrupted iterations
oscillating   [  57% ] 10/80 VUs  06m48.9s/12m00.0s

running (06m49.9s), 10/80 VUs, 23390 complete and 0 interrupted iterations
oscillating   [  57% ] 10/80 VUs  06m49.9s/12m00.0s

running (06m50.9s), 10/80 VUs, 23402 complete and 0 interrupted iterations
oscillating   [  57% ] 10/80 VUs  06m50.9s/12m00.0s

running (06m51.9s), 10/80 VUs, 23417 complete and 0 interrupted iterations
oscillating   [  57% ] 10/80 VUs  06m51.9s/12m00.0s

running (06m52.9s), 10/80 VUs, 23432 complete and 0 interrupted iterations
oscillating   [  57% ] 10/80 VUs  06m52.9s/12m00.0s

running (06m53.9s), 10/80 VUs, 23446 complete and 0 interrupted iterations
oscillating   [  57% ] 10/80 VUs  06m53.9s/12m00.0s

running (06m54.9s), 10/80 VUs, 23463 complete and 0 interrupted iterations
oscillating   [  58% ] 10/80 VUs  06m54.9s/12m00.0s

running (06m55.9s), 10/80 VUs, 23477 complete and 0 interrupted iterations
oscillating   [  58% ] 10/80 VUs  06m55.9s/12m00.0s

running (06m56.9s), 10/80 VUs, 23493 complete and 0 interrupted iterations
oscillating   [  58% ] 10/80 VUs  06m56.9s/12m00.0s

running (06m57.9s), 10/80 VUs, 23508 complete and 0 interrupted iterations
oscillating   [  58% ] 10/80 VUs  06m57.9s/12m00.0s

running (06m58.9s), 10/80 VUs, 23521 complete and 0 interrupted iterations
oscillating   [  58% ] 10/80 VUs  06m58.9s/12m00.0s

running (06m59.9s), 10/80 VUs, 23536 complete and 0 interrupted iterations
oscillating   [  58% ] 10/80 VUs  06m59.9s/12m00.0s

running (07m00.9s), 10/80 VUs, 23551 complete and 0 interrupted iterations
oscillating   [  58% ] 10/80 VUs  07m00.9s/12m00.0s

running (07m01.9s), 10/80 VUs, 23565 complete and 0 interrupted iterations
oscillating   [  59% ] 10/80 VUs  07m01.9s/12m00.0s

running (07m02.9s), 10/80 VUs, 23580 complete and 0 interrupted iterations
oscillating   [  59% ] 10/80 VUs  07m02.9s/12m00.0s

running (07m03.9s), 10/80 VUs, 23595 complete and 0 interrupted iterations
oscillating   [  59% ] 10/80 VUs  07m03.9s/12m00.0s

running (07m04.9s), 10/80 VUs, 23610 complete and 0 interrupted iterations
oscillating   [  59% ] 10/80 VUs  07m04.9s/12m00.0s

running (07m05.9s), 10/80 VUs, 23623 complete and 0 interrupted iterations
oscillating   [  59% ] 10/80 VUs  07m05.9s/12m00.0s

running (07m06.9s), 10/80 VUs, 23638 complete and 0 interrupted iterations
oscillating   [  59% ] 10/80 VUs  07m06.9s/12m00.0s

running (07m07.9s), 10/80 VUs, 23653 complete and 0 interrupted iterations
oscillating   [  59% ] 10/80 VUs  07m07.9s/12m00.0s

running (07m08.9s), 10/80 VUs, 23666 complete and 0 interrupted iterations
oscillating   [  60% ] 10/80 VUs  07m08.9s/12m00.0s

running (07m09.9s), 10/80 VUs, 23679 complete and 0 interrupted iterations
oscillating   [  60% ] 10/80 VUs  07m09.9s/12m00.0s

running (07m10.9s), 10/80 VUs, 23694 complete and 0 interrupted iterations
oscillating   [  60% ] 10/80 VUs  07m10.9s/12m00.0s

running (07m11.9s), 10/80 VUs, 23706 complete and 0 interrupted iterations
oscillating   [  60% ] 10/80 VUs  07m11.9s/12m00.0s

running (07m12.9s), 10/80 VUs, 23722 complete and 0 interrupted iterations
oscillating   [  60% ] 10/80 VUs  07m12.9s/12m00.0s

running (07m13.9s), 10/80 VUs, 23736 complete and 0 interrupted iterations
oscillating   [  60% ] 10/80 VUs  07m13.9s/12m00.0s

running (07m14.9s), 10/80 VUs, 23751 complete and 0 interrupted iterations
oscillating   [  60% ] 10/80 VUs  07m14.9s/12m00.0s

running (07m15.9s), 10/80 VUs, 23765 complete and 0 interrupted iterations
oscillating   [  61% ] 10/80 VUs  07m15.9s/12m00.0s

running (07m16.9s), 10/80 VUs, 23780 complete and 0 interrupted iterations
oscillating   [  61% ] 10/80 VUs  07m16.9s/12m00.0s

running (07m17.9s), 10/80 VUs, 23794 complete and 0 interrupted iterations
oscillating   [  61% ] 10/80 VUs  07m17.9s/12m00.0s

running (07m18.9s), 10/80 VUs, 23810 complete and 0 interrupted iterations
oscillating   [  61% ] 10/80 VUs  07m18.9s/12m00.0s

running (07m19.9s), 10/80 VUs, 23823 complete and 0 interrupted iterations
oscillating   [  61% ] 10/80 VUs  07m19.9s/12m00.0s

running (07m20.9s), 10/80 VUs, 23838 complete and 0 interrupted iterations
oscillating   [  61% ] 10/80 VUs  07m20.9s/12m00.0s

running (07m21.9s), 10/80 VUs, 23852 complete and 0 interrupted iterations
oscillating   [  61% ] 10/80 VUs  07m21.9s/12m00.0s

running (07m22.9s), 10/80 VUs, 23867 complete and 0 interrupted iterations
oscillating   [  62% ] 10/80 VUs  07m22.9s/12m00.0s

running (07m23.9s), 10/80 VUs, 23882 complete and 0 interrupted iterations
oscillating   [  62% ] 10/80 VUs  07m23.9s/12m00.0s

running (07m24.9s), 10/80 VUs, 23897 complete and 0 interrupted iterations
oscillating   [  62% ] 10/80 VUs  07m24.9s/12m00.0s

running (07m25.9s), 10/80 VUs, 23908 complete and 0 interrupted iterations
oscillating   [  62% ] 10/80 VUs  07m25.9s/12m00.0s

running (07m26.9s), 10/80 VUs, 23925 complete and 0 interrupted iterations
oscillating   [  62% ] 10/80 VUs  07m26.9s/12m00.0s

running (07m27.9s), 10/80 VUs, 23937 complete and 0 interrupted iterations
oscillating   [  62% ] 10/80 VUs  07m27.9s/12m00.0s

running (07m28.9s), 10/80 VUs, 23952 complete and 0 interrupted iterations
oscillating   [  62% ] 10/80 VUs  07m28.9s/12m00.0s

running (07m29.9s), 10/80 VUs, 23966 complete and 0 interrupted iterations
oscillating   [  62% ] 10/80 VUs  07m29.9s/12m00.0s

running (07m30.9s), 10/80 VUs, 23979 complete and 0 interrupted iterations
oscillating   [  63% ] 10/80 VUs  07m30.9s/12m00.0s

running (07m31.9s), 10/80 VUs, 23995 complete and 0 interrupted iterations
oscillating   [  63% ] 10/80 VUs  07m31.9s/12m00.0s

running (07m32.9s), 10/80 VUs, 24008 complete and 0 interrupted iterations
oscillating   [  63% ] 10/80 VUs  07m32.9s/12m00.0s

running (07m33.9s), 10/80 VUs, 24023 complete and 0 interrupted iterations
oscillating   [  63% ] 10/80 VUs  07m33.9s/12m00.0s

running (07m34.9s), 10/80 VUs, 24037 complete and 0 interrupted iterations
oscillating   [  63% ] 10/80 VUs  07m34.9s/12m00.0s

running (07m35.9s), 10/80 VUs, 24053 complete and 0 interrupted iterations
oscillating   [  63% ] 10/80 VUs  07m35.9s/12m00.0s

running (07m36.9s), 10/80 VUs, 24066 complete and 0 interrupted iterations
oscillating   [  63% ] 10/80 VUs  07m36.9s/12m00.0s

running (07m37.9s), 10/80 VUs, 24080 complete and 0 interrupted iterations
oscillating   [  64% ] 10/80 VUs  07m37.9s/12m00.0s

running (07m38.9s), 10/80 VUs, 24095 complete and 0 interrupted iterations
oscillating   [  64% ] 10/80 VUs  07m38.9s/12m00.0s

running (07m39.9s), 10/80 VUs, 24111 complete and 0 interrupted iterations
oscillating   [  64% ] 10/80 VUs  07m39.9s/12m00.0s

running (07m40.9s), 10/80 VUs, 24124 complete and 0 interrupted iterations
oscillating   [  64% ] 10/80 VUs  07m40.9s/12m00.0s

running (07m41.9s), 10/80 VUs, 24140 complete and 0 interrupted iterations
oscillating   [  64% ] 10/80 VUs  07m41.9s/12m00.0s

running (07m42.9s), 10/80 VUs, 24155 complete and 0 interrupted iterations
oscillating   [  64% ] 10/80 VUs  07m42.9s/12m00.0s

running (07m43.9s), 10/80 VUs, 24171 complete and 0 interrupted iterations
oscillating   [  64% ] 10/80 VUs  07m43.9s/12m00.0s

running (07m44.9s), 10/80 VUs, 24184 complete and 0 interrupted iterations
oscillating   [  65% ] 10/80 VUs  07m44.9s/12m00.0s

running (07m45.9s), 10/80 VUs, 24199 complete and 0 interrupted iterations
oscillating   [  65% ] 10/80 VUs  07m45.9s/12m00.0s

running (07m46.9s), 10/80 VUs, 24210 complete and 0 interrupted iterations
oscillating   [  65% ] 10/80 VUs  07m46.9s/12m00.0s

running (07m47.9s), 10/80 VUs, 24228 complete and 0 interrupted iterations
oscillating   [  65% ] 10/80 VUs  07m47.9s/12m00.0s

running (07m48.9s), 10/80 VUs, 24241 complete and 0 interrupted iterations
oscillating   [  65% ] 10/80 VUs  07m48.9s/12m00.0s

running (07m49.9s), 10/80 VUs, 24256 complete and 0 interrupted iterations
oscillating   [  65% ] 10/80 VUs  07m49.9s/12m00.0s

running (07m50.9s), 10/80 VUs, 24271 complete and 0 interrupted iterations
oscillating   [  65% ] 10/80 VUs  07m50.9s/12m00.0s

running (07m51.9s), 10/80 VUs, 24283 complete and 0 interrupted iterations
oscillating   [  66% ] 10/80 VUs  07m51.9s/12m00.0s

running (07m52.9s), 10/80 VUs, 24298 complete and 0 interrupted iterations
oscillating   [  66% ] 10/80 VUs  07m52.9s/12m00.0s

running (07m53.9s), 10/80 VUs, 24313 complete and 0 interrupted iterations
oscillating   [  66% ] 10/80 VUs  07m53.9s/12m00.0s

running (07m54.9s), 10/80 VUs, 24324 complete and 0 interrupted iterations
oscillating   [  66% ] 10/80 VUs  07m54.9s/12m00.0s

running (07m55.9s), 10/80 VUs, 24340 complete and 0 interrupted iterations
oscillating   [  66% ] 10/80 VUs  07m55.9s/12m00.0s

running (07m56.9s), 10/80 VUs, 24353 complete and 0 interrupted iterations
oscillating   [  66% ] 10/80 VUs  07m56.9s/12m00.0s

running (07m57.9s), 10/80 VUs, 24365 complete and 0 interrupted iterations
oscillating   [  66% ] 10/80 VUs  07m57.9s/12m00.0s

running (07m58.9s), 10/80 VUs, 24382 complete and 0 interrupted iterations
oscillating   [  67% ] 10/80 VUs  07m58.9s/12m00.0s

running (07m59.9s), 10/80 VUs, 24396 complete and 0 interrupted iterations
oscillating   [  67% ] 10/80 VUs  07m59.9s/12m00.0s

running (08m00.9s), 16/80 VUs, 24408 complete and 0 interrupted iterations
oscillating   [  67% ] 16/80 VUs  08m00.9s/12m00.0s

running (08m01.9s), 23/80 VUs, 24435 complete and 0 interrupted iterations
oscillating   [  67% ] 23/80 VUs  08m01.9s/12m00.0s

running (08m02.9s), 30/80 VUs, 24467 complete and 0 interrupted iterations
oscillating   [  67% ] 30/80 VUs  08m02.9s/12m00.0s

running (08m03.9s), 37/80 VUs, 24511 complete and 0 interrupted iterations
oscillating   [  67% ] 37/80 VUs  08m03.9s/12m00.0s

running (08m04.9s), 44/80 VUs, 24562 complete and 0 interrupted iterations
oscillating   [  67% ] 44/80 VUs  08m04.9s/12m00.0s

running (08m05.9s), 51/80 VUs, 24630 complete and 0 interrupted iterations
oscillating   [  67% ] 51/80 VUs  08m05.9s/12m00.0s

running (08m06.9s), 58/80 VUs, 24699 complete and 0 interrupted iterations
oscillating   [  68% ] 58/80 VUs  08m06.9s/12m00.0s

running (08m07.9s), 65/80 VUs, 24784 complete and 0 interrupted iterations
oscillating   [  68% ] 65/80 VUs  08m07.9s/12m00.0s

running (08m08.9s), 72/80 VUs, 24875 complete and 0 interrupted iterations
oscillating   [  68% ] 72/80 VUs  08m08.9s/12m00.0s

running (08m09.9s), 79/80 VUs, 24980 complete and 0 interrupted iterations
oscillating   [  68% ] 79/80 VUs  08m09.9s/12m00.0s

running (08m10.9s), 80/80 VUs, 25102 complete and 0 interrupted iterations
oscillating   [  68% ] 80/80 VUs  08m10.9s/12m00.0s

running (08m11.9s), 80/80 VUs, 25209 complete and 0 interrupted iterations
oscillating   [  68% ] 80/80 VUs  08m11.9s/12m00.0s

running (08m12.9s), 80/80 VUs, 25328 complete and 0 interrupted iterations
oscillating   [  68% ] 80/80 VUs  08m12.9s/12m00.0s

running (08m13.9s), 80/80 VUs, 25441 complete and 0 interrupted iterations
oscillating   [  69% ] 80/80 VUs  08m13.9s/12m00.0s

running (08m14.9s), 80/80 VUs, 25552 complete and 0 interrupted iterations
oscillating   [  69% ] 80/80 VUs  08m14.9s/12m00.0s

running (08m15.9s), 80/80 VUs, 25661 complete and 0 interrupted iterations
oscillating   [  69% ] 80/80 VUs  08m15.9s/12m00.0s

running (08m16.9s), 80/80 VUs, 25775 complete and 0 interrupted iterations
oscillating   [  69% ] 80/80 VUs  08m16.9s/12m00.0s

running (08m17.9s), 80/80 VUs, 25883 complete and 0 interrupted iterations
oscillating   [  69% ] 80/80 VUs  08m17.9s/12m00.0s

running (08m18.9s), 80/80 VUs, 25992 complete and 0 interrupted iterations
oscillating   [  69% ] 80/80 VUs  08m18.9s/12m00.0s

running (08m19.9s), 80/80 VUs, 26102 complete and 0 interrupted iterations
oscillating   [  69% ] 80/80 VUs  08m19.9s/12m00.0s

running (08m20.9s), 80/80 VUs, 26213 complete and 0 interrupted iterations
oscillating   [  70% ] 80/80 VUs  08m20.9s/12m00.0s

running (08m21.9s), 80/80 VUs, 26335 complete and 0 interrupted iterations
oscillating   [  70% ] 80/80 VUs  08m21.9s/12m00.0s

running (08m22.9s), 80/80 VUs, 26443 complete and 0 interrupted iterations
oscillating   [  70% ] 80/80 VUs  08m22.9s/12m00.0s

running (08m23.9s), 80/80 VUs, 26556 complete and 0 interrupted iterations
oscillating   [  70% ] 80/80 VUs  08m23.9s/12m00.0s

running (08m24.9s), 80/80 VUs, 26668 complete and 0 interrupted iterations
oscillating   [  70% ] 80/80 VUs  08m24.9s/12m00.0s

running (08m25.9s), 80/80 VUs, 26782 complete and 0 interrupted iterations
oscillating   [  70% ] 80/80 VUs  08m25.9s/12m00.0s

running (08m26.9s), 80/80 VUs, 26893 complete and 0 interrupted iterations
oscillating   [  70% ] 80/80 VUs  08m26.9s/12m00.0s

running (08m27.9s), 80/80 VUs, 27004 complete and 0 interrupted iterations
oscillating   [  71% ] 80/80 VUs  08m27.9s/12m00.0s

running (08m28.9s), 80/80 VUs, 27120 complete and 0 interrupted iterations
oscillating   [  71% ] 80/80 VUs  08m28.9s/12m00.0s

running (08m29.9s), 80/80 VUs, 27232 complete and 0 interrupted iterations
oscillating   [  71% ] 80/80 VUs  08m29.9s/12m00.0s

running (08m30.9s), 80/80 VUs, 27352 complete and 0 interrupted iterations
oscillating   [  71% ] 80/80 VUs  08m30.9s/12m00.0s

running (08m31.9s), 80/80 VUs, 27462 complete and 0 interrupted iterations
oscillating   [  71% ] 80/80 VUs  08m31.9s/12m00.0s

running (08m32.9s), 80/80 VUs, 27571 complete and 0 interrupted iterations
oscillating   [  71% ] 80/80 VUs  08m32.9s/12m00.0s

running (08m33.9s), 80/80 VUs, 27684 complete and 0 interrupted iterations
oscillating   [  71% ] 80/80 VUs  08m33.9s/12m00.0s

running (08m34.9s), 80/80 VUs, 27796 complete and 0 interrupted iterations
oscillating   [  72% ] 80/80 VUs  08m34.9s/12m00.0s

running (08m35.9s), 80/80 VUs, 27910 complete and 0 interrupted iterations
oscillating   [  72% ] 80/80 VUs  08m35.9s/12m00.0s

running (08m36.9s), 80/80 VUs, 28018 complete and 0 interrupted iterations
oscillating   [  72% ] 80/80 VUs  08m36.9s/12m00.0s

running (08m38.0s), 80/80 VUs, 28131 complete and 0 interrupted iterations
oscillating   [  72% ] 80/80 VUs  08m38.0s/12m00.0s

running (08m38.9s), 80/80 VUs, 28244 complete and 0 interrupted iterations
oscillating   [  72% ] 80/80 VUs  08m38.9s/12m00.0s

running (08m39.9s), 80/80 VUs, 28351 complete and 0 interrupted iterations
oscillating   [  72% ] 80/80 VUs  08m39.9s/12m00.0s

running (08m40.9s), 80/80 VUs, 28472 complete and 0 interrupted iterations
oscillating   [  72% ] 80/80 VUs  08m40.9s/12m00.0s

running (08m41.9s), 80/80 VUs, 28582 complete and 0 interrupted iterations
oscillating   [  72% ] 80/80 VUs  08m41.9s/12m00.0s

running (08m42.9s), 80/80 VUs, 28695 complete and 0 interrupted iterations
oscillating   [  73% ] 80/80 VUs  08m42.9s/12m00.0s

running (08m43.9s), 80/80 VUs, 28805 complete and 0 interrupted iterations
oscillating   [  73% ] 80/80 VUs  08m43.9s/12m00.0s

running (08m44.9s), 80/80 VUs, 28920 complete and 0 interrupted iterations
oscillating   [  73% ] 80/80 VUs  08m44.9s/12m00.0s

running (08m45.9s), 80/80 VUs, 29033 complete and 0 interrupted iterations
oscillating   [  73% ] 80/80 VUs  08m45.9s/12m00.0s

running (08m46.9s), 80/80 VUs, 29145 complete and 0 interrupted iterations
oscillating   [  73% ] 80/80 VUs  08m46.9s/12m00.0s

running (08m47.9s), 80/80 VUs, 29261 complete and 0 interrupted iterations
oscillating   [  73% ] 80/80 VUs  08m47.9s/12m00.0s

running (08m48.9s), 80/80 VUs, 29373 complete and 0 interrupted iterations
oscillating   [  73% ] 80/80 VUs  08m48.9s/12m00.0s

running (08m49.9s), 80/80 VUs, 29486 complete and 0 interrupted iterations
oscillating   [  74% ] 80/80 VUs  08m49.9s/12m00.0s

running (08m50.9s), 80/80 VUs, 29591 complete and 0 interrupted iterations
oscillating   [  74% ] 80/80 VUs  08m50.9s/12m00.0s

running (08m51.9s), 80/80 VUs, 29710 complete and 0 interrupted iterations
oscillating   [  74% ] 80/80 VUs  08m51.9s/12m00.0s

running (08m52.9s), 80/80 VUs, 29822 complete and 0 interrupted iterations
oscillating   [  74% ] 80/80 VUs  08m52.9s/12m00.0s

running (08m53.9s), 80/80 VUs, 29930 complete and 0 interrupted iterations
oscillating   [  74% ] 80/80 VUs  08m53.9s/12m00.0s

running (08m54.9s), 80/80 VUs, 30045 complete and 0 interrupted iterations
oscillating   [  74% ] 80/80 VUs  08m54.9s/12m00.0s

running (08m55.9s), 80/80 VUs, 30155 complete and 0 interrupted iterations
oscillating   [  74% ] 80/80 VUs  08m55.9s/12m00.0s

running (08m56.9s), 80/80 VUs, 30269 complete and 0 interrupted iterations
oscillating   [  75% ] 80/80 VUs  08m56.9s/12m00.0s

running (08m57.9s), 80/80 VUs, 30377 complete and 0 interrupted iterations
oscillating   [  75% ] 80/80 VUs  08m57.9s/12m00.0s

running (08m58.9s), 80/80 VUs, 30487 complete and 0 interrupted iterations
oscillating   [  75% ] 80/80 VUs  08m58.9s/12m00.0s

running (08m59.9s), 80/80 VUs, 30603 complete and 0 interrupted iterations
oscillating   [  75% ] 80/80 VUs  08m59.9s/12m00.0s

running (09m00.9s), 80/80 VUs, 30720 complete and 0 interrupted iterations
oscillating   [  75% ] 80/80 VUs  09m00.9s/12m00.0s

running (09m01.9s), 80/80 VUs, 30828 complete and 0 interrupted iterations
oscillating   [  75% ] 80/80 VUs  09m01.9s/12m00.0s

running (09m02.9s), 79/80 VUs, 30943 complete and 0 interrupted iterations
oscillating   [  75% ] 79/80 VUs  09m02.9s/12m00.0s

running (09m03.9s), 79/80 VUs, 31053 complete and 0 interrupted iterations
oscillating   [  76% ] 79/80 VUs  09m03.9s/12m00.0s

running (09m04.9s), 79/80 VUs, 31172 complete and 0 interrupted iterations
oscillating   [  76% ] 79/80 VUs  09m04.9s/12m00.0s

running (09m05.9s), 78/80 VUs, 31278 complete and 0 interrupted iterations
oscillating   [  76% ] 78/80 VUs  09m05.9s/12m00.0s

running (09m06.9s), 77/80 VUs, 31393 complete and 0 interrupted iterations
oscillating   [  76% ] 77/80 VUs  09m06.9s/12m00.0s

running (09m07.9s), 77/80 VUs, 31504 complete and 0 interrupted iterations
oscillating   [  76% ] 77/80 VUs  09m07.9s/12m00.0s

running (09m08.9s), 77/80 VUs, 31609 complete and 0 interrupted iterations
oscillating   [  76% ] 77/80 VUs  09m08.9s/12m00.0s

running (09m09.9s), 76/80 VUs, 31720 complete and 0 interrupted iterations
oscillating   [  76% ] 76/80 VUs  09m09.9s/12m00.0s

running (09m10.9s), 76/80 VUs, 31825 complete and 0 interrupted iterations
oscillating   [  77% ] 76/80 VUs  09m10.9s/12m00.0s

running (09m11.9s), 75/80 VUs, 31929 complete and 0 interrupted iterations
oscillating   [  77% ] 75/80 VUs  09m11.9s/12m00.0s

running (09m12.9s), 75/80 VUs, 32034 complete and 0 interrupted iterations
oscillating   [  77% ] 75/80 VUs  09m12.9s/12m00.0s

running (09m13.9s), 75/80 VUs, 32137 complete and 0 interrupted iterations
oscillating   [  77% ] 75/80 VUs  09m13.9s/12m00.0s

running (09m14.9s), 74/80 VUs, 32242 complete and 0 interrupted iterations
oscillating   [  77% ] 74/80 VUs  09m14.9s/12m00.0s

running (09m15.9s), 74/80 VUs, 32340 complete and 0 interrupted iterations
oscillating   [  77% ] 74/80 VUs  09m15.9s/12m00.0s

running (09m16.9s), 73/80 VUs, 32450 complete and 0 interrupted iterations
oscillating   [  77% ] 73/80 VUs  09m16.9s/12m00.0s

running (09m17.9s), 73/80 VUs, 32548 complete and 0 interrupted iterations
oscillating   [  77% ] 73/80 VUs  09m17.9s/12m00.0s

running (09m18.9s), 72/80 VUs, 32652 complete and 0 interrupted iterations
oscillating   [  78% ] 72/80 VUs  09m18.9s/12m00.0s

running (09m19.9s), 72/80 VUs, 32749 complete and 0 interrupted iterations
oscillating   [  78% ] 72/80 VUs  09m19.9s/12m00.0s

running (09m20.9s), 71/80 VUs, 32851 complete and 0 interrupted iterations
oscillating   [  78% ] 71/80 VUs  09m20.9s/12m00.0s

running (09m21.9s), 71/80 VUs, 32953 complete and 0 interrupted iterations
oscillating   [  78% ] 71/80 VUs  09m21.9s/12m00.0s

running (09m22.9s), 70/80 VUs, 33061 complete and 0 interrupted iterations
oscillating   [  78% ] 70/80 VUs  09m22.9s/12m00.0s

running (09m23.9s), 70/80 VUs, 33156 complete and 0 interrupted iterations
oscillating   [  78% ] 70/80 VUs  09m23.9s/12m00.0s

running (09m24.9s), 70/80 VUs, 33255 complete and 0 interrupted iterations
oscillating   [  78% ] 70/80 VUs  09m24.9s/12m00.0s

running (09m25.9s), 69/80 VUs, 33349 complete and 0 interrupted iterations
oscillating   [  79% ] 69/80 VUs  09m25.9s/12m00.0s

running (09m26.9s), 69/80 VUs, 33453 complete and 0 interrupted iterations
oscillating   [  79% ] 69/80 VUs  09m26.9s/12m00.0s

running (09m27.9s), 68/80 VUs, 33553 complete and 0 interrupted iterations
oscillating   [  79% ] 68/80 VUs  09m27.9s/12m00.0s

running (09m28.9s), 68/80 VUs, 33643 complete and 0 interrupted iterations
oscillating   [  79% ] 68/80 VUs  09m28.9s/12m00.0s

running (09m29.9s), 67/80 VUs, 33739 complete and 0 interrupted iterations
oscillating   [  79% ] 67/80 VUs  09m29.9s/12m00.0s

running (09m30.9s), 67/80 VUs, 33831 complete and 0 interrupted iterations
oscillating   [  79% ] 67/80 VUs  09m30.9s/12m00.0s

running (09m31.9s), 66/80 VUs, 33933 complete and 0 interrupted iterations
oscillating   [  79% ] 66/80 VUs  09m31.9s/12m00.0s

running (09m32.9s), 66/80 VUs, 34023 complete and 0 interrupted iterations
oscillating   [  80% ] 66/80 VUs  09m32.9s/12m00.0s

running (09m33.9s), 66/80 VUs, 34113 complete and 0 interrupted iterations
oscillating   [  80% ] 66/80 VUs  09m33.9s/12m00.0s

running (09m34.9s), 65/80 VUs, 34203 complete and 0 interrupted iterations
oscillating   [  80% ] 65/80 VUs  09m34.9s/12m00.0s

running (09m35.9s), 65/80 VUs, 34299 complete and 0 interrupted iterations
oscillating   [  80% ] 65/80 VUs  09m35.9s/12m00.0s

running (09m36.9s), 64/80 VUs, 34381 complete and 0 interrupted iterations
oscillating   [  80% ] 64/80 VUs  09m36.9s/12m00.0s

running (09m37.9s), 64/80 VUs, 34478 complete and 0 interrupted iterations
oscillating   [  80% ] 64/80 VUs  09m37.9s/12m00.0s

running (09m38.9s), 63/80 VUs, 34568 complete and 0 interrupted iterations
oscillating   [  80% ] 63/80 VUs  09m38.9s/12m00.0s

running (09m39.9s), 63/80 VUs, 34657 complete and 0 interrupted iterations
oscillating   [  81% ] 63/80 VUs  09m39.9s/12m00.0s

running (09m40.9s), 63/80 VUs, 34746 complete and 0 interrupted iterations
oscillating   [  81% ] 63/80 VUs  09m40.9s/12m00.0s

running (09m41.9s), 62/80 VUs, 34839 complete and 0 interrupted iterations
oscillating   [  81% ] 62/80 VUs  09m41.9s/12m00.0s

running (09m42.9s), 62/80 VUs, 34923 complete and 0 interrupted iterations
oscillating   [  81% ] 62/80 VUs  09m42.9s/12m00.0s

running (09m43.9s), 61/80 VUs, 35011 complete and 0 interrupted iterations
oscillating   [  81% ] 61/80 VUs  09m43.9s/12m00.0s

running (09m44.9s), 61/80 VUs, 35090 complete and 0 interrupted iterations
oscillating   [  81% ] 61/80 VUs  09m44.9s/12m00.0s

running (09m45.9s), 60/80 VUs, 35177 complete and 0 interrupted iterations
oscillating   [  81% ] 60/80 VUs  09m45.9s/12m00.0s

running (09m46.9s), 60/80 VUs, 35264 complete and 0 interrupted iterations
oscillating   [  82% ] 60/80 VUs  09m46.9s/12m00.0s

running (09m47.9s), 59/80 VUs, 35341 complete and 0 interrupted iterations
oscillating   [  82% ] 59/80 VUs  09m47.9s/12m00.0s

running (09m48.9s), 59/80 VUs, 35428 complete and 0 interrupted iterations
oscillating   [  82% ] 59/80 VUs  09m48.9s/12m00.0s

running (09m49.9s), 58/80 VUs, 35506 complete and 0 interrupted iterations
oscillating   [  82% ] 58/80 VUs  09m49.9s/12m00.0s

running (09m50.9s), 58/80 VUs, 35593 complete and 0 interrupted iterations
oscillating   [  82% ] 58/80 VUs  09m50.9s/12m00.0s

running (09m51.9s), 58/80 VUs, 35675 complete and 0 interrupted iterations
oscillating   [  82% ] 58/80 VUs  09m51.9s/12m00.0s

running (09m52.9s), 57/80 VUs, 35751 complete and 0 interrupted iterations
oscillating   [  82% ] 57/80 VUs  09m52.9s/12m00.0s

running (09m53.9s), 57/80 VUs, 35830 complete and 0 interrupted iterations
oscillating   [  82% ] 57/80 VUs  09m53.9s/12m00.0s

running (09m54.9s), 56/80 VUs, 35913 complete and 0 interrupted iterations
oscillating   [  83% ] 56/80 VUs  09m54.9s/12m00.0s

running (09m55.9s), 56/80 VUs, 35995 complete and 0 interrupted iterations
oscillating   [  83% ] 56/80 VUs  09m55.9s/12m00.0s

running (09m56.9s), 55/80 VUs, 36077 complete and 0 interrupted iterations
oscillating   [  83% ] 55/80 VUs  09m56.9s/12m00.0s

running (09m57.9s), 55/80 VUs, 36153 complete and 0 interrupted iterations
oscillating   [  83% ] 55/80 VUs  09m57.9s/12m00.0s

running (09m58.9s), 55/80 VUs, 36227 complete and 0 interrupted iterations
oscillating   [  83% ] 55/80 VUs  09m58.9s/12m00.0s

running (09m59.9s), 54/80 VUs, 36311 complete and 0 interrupted iterations
oscillating   [  83% ] 54/80 VUs  09m59.9s/12m00.0s

running (10m00.9s), 54/80 VUs, 36379 complete and 0 interrupted iterations
oscillating   [  83% ] 54/80 VUs  10m00.9s/12m00.0s

running (10m01.9s), 53/80 VUs, 36462 complete and 0 interrupted iterations
oscillating   [  84% ] 53/80 VUs  10m01.9s/12m00.0s

running (10m02.9s), 53/80 VUs, 36534 complete and 0 interrupted iterations
oscillating   [  84% ] 53/80 VUs  10m02.9s/12m00.0s

running (10m03.9s), 52/80 VUs, 36610 complete and 0 interrupted iterations
oscillating   [  84% ] 52/80 VUs  10m03.9s/12m00.0s

running (10m04.9s), 52/80 VUs, 36690 complete and 0 interrupted iterations
oscillating   [  84% ] 52/80 VUs  10m04.9s/12m00.0s

running (10m05.9s), 51/80 VUs, 36760 complete and 0 interrupted iterations
oscillating   [  84% ] 51/80 VUs  10m05.9s/12m00.0s

running (10m06.9s), 51/80 VUs, 36833 complete and 0 interrupted iterations
oscillating   [  84% ] 51/80 VUs  10m06.9s/12m00.0s

running (10m07.9s), 50/80 VUs, 36904 complete and 0 interrupted iterations
oscillating   [  84% ] 50/80 VUs  10m07.9s/12m00.0s

running (10m08.9s), 50/80 VUs, 36973 complete and 0 interrupted iterations
oscillating   [  85% ] 50/80 VUs  10m08.9s/12m00.0s

running (10m09.9s), 50/80 VUs, 37035 complete and 0 interrupted iterations
oscillating   [  85% ] 50/80 VUs  10m09.9s/12m00.0s

running (10m10.9s), 49/80 VUs, 37107 complete and 0 interrupted iterations
oscillating   [  85% ] 49/80 VUs  10m10.9s/12m00.0s

running (10m11.9s), 49/80 VUs, 37173 complete and 0 interrupted iterations
oscillating   [  85% ] 49/80 VUs  10m11.9s/12m00.0s

running (10m12.9s), 48/80 VUs, 37242 complete and 0 interrupted iterations
oscillating   [  85% ] 48/80 VUs  10m12.9s/12m00.0s

running (10m13.9s), 48/80 VUs, 37307 complete and 0 interrupted iterations
oscillating   [  85% ] 48/80 VUs  10m13.9s/12m00.0s

running (10m14.9s), 47/80 VUs, 37374 complete and 0 interrupted iterations
oscillating   [  85% ] 47/80 VUs  10m14.9s/12m00.0s

running (10m15.9s), 47/80 VUs, 37438 complete and 0 interrupted iterations
oscillating   [  86% ] 47/80 VUs  10m15.9s/12m00.0s

running (10m16.9s), 46/80 VUs, 37506 complete and 0 interrupted iterations
oscillating   [  86% ] 46/80 VUs  10m16.9s/12m00.0s

running (10m17.9s), 46/80 VUs, 37573 complete and 0 interrupted iterations
oscillating   [  86% ] 46/80 VUs  10m17.9s/12m00.0s

running (10m18.9s), 46/80 VUs, 37638 complete and 0 interrupted iterations
oscillating   [  86% ] 46/80 VUs  10m18.9s/12m00.0s

running (10m19.9s), 45/80 VUs, 37704 complete and 0 interrupted iterations
oscillating   [  86% ] 45/80 VUs  10m19.9s/12m00.0s

running (10m20.9s), 45/80 VUs, 37767 complete and 0 interrupted iterations
oscillating   [  86% ] 45/80 VUs  10m20.9s/12m00.0s

running (10m21.9s), 44/80 VUs, 37827 complete and 0 interrupted iterations
oscillating   [  86% ] 44/80 VUs  10m21.9s/12m00.0s

running (10m22.9s), 44/80 VUs, 37891 complete and 0 interrupted iterations
oscillating   [  87% ] 44/80 VUs  10m22.9s/12m00.0s

running (10m23.9s), 43/80 VUs, 37955 complete and 0 interrupted iterations
oscillating   [  87% ] 43/80 VUs  10m23.9s/12m00.0s

running (10m24.9s), 43/80 VUs, 38014 complete and 0 interrupted iterations
oscillating   [  87% ] 43/80 VUs  10m24.9s/12m00.0s

running (10m25.9s), 42/80 VUs, 38074 complete and 0 interrupted iterations
oscillating   [  87% ] 42/80 VUs  10m25.9s/12m00.0s

running (10m26.9s), 42/80 VUs, 38130 complete and 0 interrupted iterations
oscillating   [  87% ] 42/80 VUs  10m26.9s/12m00.0s

running (10m27.9s), 42/80 VUs, 38193 complete and 0 interrupted iterations
oscillating   [  87% ] 42/80 VUs  10m27.9s/12m00.0s

running (10m28.9s), 41/80 VUs, 38247 complete and 0 interrupted iterations
oscillating   [  87% ] 41/80 VUs  10m28.9s/12m00.0s

running (10m29.9s), 41/80 VUs, 38309 complete and 0 interrupted iterations
oscillating   [  87% ] 41/80 VUs  10m29.9s/12m00.0s

running (10m30.9s), 40/80 VUs, 38367 complete and 0 interrupted iterations
oscillating   [  88% ] 40/80 VUs  10m30.9s/12m00.0s

running (10m31.9s), 40/80 VUs, 38415 complete and 0 interrupted iterations
oscillating   [  88% ] 40/80 VUs  10m31.9s/12m00.0s

running (10m32.9s), 39/80 VUs, 38478 complete and 0 interrupted iterations
oscillating   [  88% ] 39/80 VUs  10m32.9s/12m00.0s

running (10m33.9s), 39/80 VUs, 38533 complete and 0 interrupted iterations
oscillating   [  88% ] 39/80 VUs  10m33.9s/12m00.0s

running (10m34.9s), 39/80 VUs, 38586 complete and 0 interrupted iterations
oscillating   [  88% ] 39/80 VUs  10m34.9s/12m00.0s

running (10m35.9s), 38/80 VUs, 38643 complete and 0 interrupted iterations
oscillating   [  88% ] 38/80 VUs  10m35.9s/12m00.0s

running (10m36.9s), 37/80 VUs, 38695 complete and 0 interrupted iterations
oscillating   [  88% ] 37/80 VUs  10m36.9s/12m00.0s

running (10m37.9s), 37/80 VUs, 38749 complete and 0 interrupted iterations
oscillating   [  89% ] 37/80 VUs  10m37.9s/12m00.0s

running (10m38.9s), 37/80 VUs, 38798 complete and 0 interrupted iterations
oscillating   [  89% ] 37/80 VUs  10m38.9s/12m00.0s

running (10m39.9s), 36/80 VUs, 38850 complete and 0 interrupted iterations
oscillating   [  89% ] 36/80 VUs  10m39.9s/12m00.0s

running (10m40.9s), 36/80 VUs, 38901 complete and 0 interrupted iterations
oscillating   [  89% ] 36/80 VUs  10m40.9s/12m00.0s

running (10m41.9s), 35/80 VUs, 38948 complete and 0 interrupted iterations
oscillating   [  89% ] 35/80 VUs  10m41.9s/12m00.0s

running (10m42.9s), 35/80 VUs, 39001 complete and 0 interrupted iterations
oscillating   [  89% ] 35/80 VUs  10m42.9s/12m00.0s

running (10m43.9s), 35/80 VUs, 39049 complete and 0 interrupted iterations
oscillating   [  89% ] 35/80 VUs  10m43.9s/12m00.0s

running (10m44.9s), 34/80 VUs, 39099 complete and 0 interrupted iterations
oscillating   [  90% ] 34/80 VUs  10m44.9s/12m00.0s

running (10m45.9s), 34/80 VUs, 39147 complete and 0 interrupted iterations
oscillating   [  90% ] 34/80 VUs  10m45.9s/12m00.0s

running (10m46.9s), 33/80 VUs, 39193 complete and 0 interrupted iterations
oscillating   [  90% ] 33/80 VUs  10m46.9s/12m00.0s

running (10m47.9s), 33/80 VUs, 39239 complete and 0 interrupted iterations
oscillating   [  90% ] 33/80 VUs  10m47.9s/12m00.0s

running (10m48.9s), 32/80 VUs, 39290 complete and 0 interrupted iterations
oscillating   [  90% ] 32/80 VUs  10m48.9s/12m00.0s

running (10m49.9s), 32/80 VUs, 39334 complete and 0 interrupted iterations
oscillating   [  90% ] 32/80 VUs  10m49.9s/12m00.0s

running (10m50.9s), 32/80 VUs, 39380 complete and 0 interrupted iterations
oscillating   [  90% ] 32/80 VUs  10m50.9s/12m00.0s

running (10m51.9s), 31/80 VUs, 39421 complete and 0 interrupted iterations
oscillating   [  91% ] 31/80 VUs  10m51.9s/12m00.0s

running (10m52.9s), 31/80 VUs, 39464 complete and 0 interrupted iterations
oscillating   [  91% ] 31/80 VUs  10m52.9s/12m00.0s

running (10m53.9s), 30/80 VUs, 39506 complete and 0 interrupted iterations
oscillating   [  91% ] 30/80 VUs  10m53.9s/12m00.0s

running (10m54.9s), 30/80 VUs, 39548 complete and 0 interrupted iterations
oscillating   [  91% ] 30/80 VUs  10m54.9s/12m00.0s

running (10m55.9s), 29/80 VUs, 39588 complete and 0 interrupted iterations
oscillating   [  91% ] 29/80 VUs  10m55.9s/12m00.0s

running (10m56.9s), 29/80 VUs, 39634 complete and 0 interrupted iterations
oscillating   [  91% ] 29/80 VUs  10m56.9s/12m00.0s

running (10m57.9s), 28/80 VUs, 39672 complete and 0 interrupted iterations
oscillating   [  91% ] 28/80 VUs  10m57.9s/12m00.0s

running (10m58.9s), 28/80 VUs, 39713 complete and 0 interrupted iterations
oscillating   [  92% ] 28/80 VUs  10m58.9s/12m00.0s

running (10m59.9s), 27/80 VUs, 39751 complete and 0 interrupted iterations
oscillating   [  92% ] 27/80 VUs  10m59.9s/12m00.0s

running (11m00.9s), 27/80 VUs, 39789 complete and 0 interrupted iterations
oscillating   [  92% ] 27/80 VUs  11m00.9s/12m00.0s

running (11m01.9s), 26/80 VUs, 39824 complete and 0 interrupted iterations
oscillating   [  92% ] 26/80 VUs  11m01.9s/12m00.0s

running (11m02.9s), 26/80 VUs, 39862 complete and 0 interrupted iterations
oscillating   [  92% ] 26/80 VUs  11m02.9s/12m00.0s

running (11m03.9s), 26/80 VUs, 39901 complete and 0 interrupted iterations
oscillating   [  92% ] 26/80 VUs  11m03.9s/12m00.0s

running (11m04.9s), 25/80 VUs, 39931 complete and 0 interrupted iterations
oscillating   [  92% ] 25/80 VUs  11m04.9s/12m00.0s

running (11m05.9s), 25/80 VUs, 39970 complete and 0 interrupted iterations
oscillating   [  92% ] 25/80 VUs  11m05.9s/12m00.0s

running (11m06.9s), 24/80 VUs, 40002 complete and 0 interrupted iterations
oscillating   [  93% ] 24/80 VUs  11m06.9s/12m00.0s

running (11m07.9s), 24/80 VUs, 40035 complete and 0 interrupted iterations
oscillating   [  93% ] 24/80 VUs  11m07.9s/12m00.0s

running (11m08.9s), 23/80 VUs, 40067 complete and 0 interrupted iterations
oscillating   [  93% ] 23/80 VUs  11m08.9s/12m00.0s

running (11m09.9s), 23/80 VUs, 40103 complete and 0 interrupted iterations
oscillating   [  93% ] 23/80 VUs  11m09.9s/12m00.0s

running (11m10.9s), 22/80 VUs, 40134 complete and 0 interrupted iterations
oscillating   [  93% ] 22/80 VUs  11m10.9s/12m00.0s

running (11m11.9s), 22/80 VUs, 40164 complete and 0 interrupted iterations
oscillating   [  93% ] 22/80 VUs  11m11.9s/12m00.0s

running (11m12.9s), 22/80 VUs, 40197 complete and 0 interrupted iterations
oscillating   [  93% ] 22/80 VUs  11m12.9s/12m00.0s

running (11m13.9s), 21/80 VUs, 40224 complete and 0 interrupted iterations
oscillating   [  94% ] 21/80 VUs  11m13.9s/12m00.0s

running (11m14.9s), 21/80 VUs, 40258 complete and 0 interrupted iterations
oscillating   [  94% ] 21/80 VUs  11m14.9s/12m00.0s

running (11m15.9s), 20/80 VUs, 40284 complete and 0 interrupted iterations
oscillating   [  94% ] 20/80 VUs  11m15.9s/12m00.0s

running (11m16.9s), 20/80 VUs, 40313 complete and 0 interrupted iterations
oscillating   [  94% ] 20/80 VUs  11m16.9s/12m00.0s

running (11m17.9s), 19/80 VUs, 40342 complete and 0 interrupted iterations
oscillating   [  94% ] 19/80 VUs  11m17.9s/12m00.0s

running (11m18.9s), 19/80 VUs, 40367 complete and 0 interrupted iterations
oscillating   [  94% ] 19/80 VUs  11m18.9s/12m00.0s

running (11m19.9s), 18/80 VUs, 40395 complete and 0 interrupted iterations
oscillating   [  94% ] 18/80 VUs  11m19.9s/12m00.0s

running (11m20.9s), 18/80 VUs, 40422 complete and 0 interrupted iterations
oscillating   [  95% ] 18/80 VUs  11m20.9s/12m00.0s

running (11m21.9s), 18/80 VUs, 40445 complete and 0 interrupted iterations
oscillating   [  95% ] 18/80 VUs  11m21.9s/12m00.0s

running (11m22.9s), 17/80 VUs, 40469 complete and 0 interrupted iterations
oscillating   [  95% ] 17/80 VUs  11m22.9s/12m00.0s

running (11m23.9s), 17/80 VUs, 40494 complete and 0 interrupted iterations
oscillating   [  95% ] 17/80 VUs  11m23.9s/12m00.0s

running (11m24.9s), 16/80 VUs, 40515 complete and 0 interrupted iterations
oscillating   [  95% ] 16/80 VUs  11m24.9s/12m00.0s

running (11m25.9s), 16/80 VUs, 40540 complete and 0 interrupted iterations
oscillating   [  95% ] 16/80 VUs  11m25.9s/12m00.0s

running (11m26.9s), 15/80 VUs, 40563 complete and 0 interrupted iterations
oscillating   [  95% ] 15/80 VUs  11m26.9s/12m00.0s

running (11m27.9s), 15/80 VUs, 40586 complete and 0 interrupted iterations
oscillating   [  96% ] 15/80 VUs  11m27.9s/12m00.0s

running (11m28.9s), 15/80 VUs, 40606 complete and 0 interrupted iterations
oscillating   [  96% ] 15/80 VUs  11m28.9s/12m00.0s

running (11m29.9s), 14/80 VUs, 40627 complete and 0 interrupted iterations
oscillating   [  96% ] 14/80 VUs  11m29.9s/12m00.0s

running (11m30.9s), 13/80 VUs, 40649 complete and 0 interrupted iterations
oscillating   [  96% ] 13/80 VUs  11m30.9s/12m00.0s

running (11m31.9s), 13/80 VUs, 40666 complete and 0 interrupted iterations
oscillating   [  96% ] 13/80 VUs  11m31.9s/12m00.0s

running (11m32.9s), 13/80 VUs, 40686 complete and 0 interrupted iterations
oscillating   [  96% ] 13/80 VUs  11m32.9s/12m00.0s

running (11m33.9s), 12/80 VUs, 40703 complete and 0 interrupted iterations
oscillating   [  96% ] 12/80 VUs  11m33.9s/12m00.0s

running (11m34.9s), 12/80 VUs, 40720 complete and 0 interrupted iterations
oscillating   [  97% ] 12/80 VUs  11m34.9s/12m00.0s

running (11m35.9s), 11/80 VUs, 40737 complete and 0 interrupted iterations
oscillating   [  97% ] 11/80 VUs  11m35.9s/12m00.0s

running (11m36.9s), 11/80 VUs, 40751 complete and 0 interrupted iterations
oscillating   [  97% ] 11/80 VUs  11m36.9s/12m00.0s

running (11m37.9s), 10/80 VUs, 40767 complete and 0 interrupted iterations
oscillating   [  97% ] 10/80 VUs  11m37.9s/12m00.0s

running (11m38.9s), 10/80 VUs, 40783 complete and 0 interrupted iterations
oscillating   [  97% ] 10/80 VUs  11m38.9s/12m00.0s

running (11m39.9s), 09/80 VUs, 40796 complete and 0 interrupted iterations
oscillating   [  97% ] 09/80 VUs  11m39.9s/12m00.0s

running (11m40.9s), 09/80 VUs, 40808 complete and 0 interrupted iterations
oscillating   [  97% ] 09/80 VUs  11m40.9s/12m00.0s

running (11m41.9s), 09/80 VUs, 40819 complete and 0 interrupted iterations
oscillating   [  97% ] 09/80 VUs  11m41.9s/12m00.0s

running (11m42.9s), 08/80 VUs, 40834 complete and 0 interrupted iterations
oscillating   [  98% ] 08/80 VUs  11m42.9s/12m00.0s

running (11m43.9s), 08/80 VUs, 40846 complete and 0 interrupted iterations
oscillating   [  98% ] 08/80 VUs  11m43.9s/12m00.0s

running (11m44.9s), 07/80 VUs, 40857 complete and 0 interrupted iterations
oscillating   [  98% ] 07/80 VUs  11m44.9s/12m00.0s

running (11m45.9s), 07/80 VUs, 40865 complete and 0 interrupted iterations
oscillating   [  98% ] 07/80 VUs  11m45.9s/12m00.0s

running (11m46.9s), 06/80 VUs, 40877 complete and 0 interrupted iterations
oscillating   [  98% ] 06/80 VUs  11m46.9s/12m00.0s

running (11m47.9s), 06/80 VUs, 40886 complete and 0 interrupted iterations
oscillating   [  98% ] 06/80 VUs  11m47.9s/12m00.0s

running (11m48.9s), 05/80 VUs, 40896 complete and 0 interrupted iterations
oscillating   [  98% ] 05/80 VUs  11m48.9s/12m00.0s

running (11m49.9s), 05/80 VUs, 40901 complete and 0 interrupted iterations
oscillating   [  99% ] 05/80 VUs  11m49.9s/12m00.0s

running (11m50.9s), 05/80 VUs, 40909 complete and 0 interrupted iterations
oscillating   [  99% ] 05/80 VUs  11m50.9s/12m00.0s

running (11m51.9s), 04/80 VUs, 40915 complete and 0 interrupted iterations
oscillating   [  99% ] 04/80 VUs  11m51.9s/12m00.0s

running (11m52.9s), 04/80 VUs, 40921 complete and 0 interrupted iterations
oscillating   [  99% ] 04/80 VUs  11m52.9s/12m00.0s

running (11m53.9s), 03/80 VUs, 40928 complete and 0 interrupted iterations
oscillating   [  99% ] 03/80 VUs  11m53.9s/12m00.0s

running (11m54.9s), 03/80 VUs, 40931 complete and 0 interrupted iterations
oscillating   [  99% ] 03/80 VUs  11m54.9s/12m00.0s

running (11m55.9s), 03/80 VUs, 40935 complete and 0 interrupted iterations
oscillating   [  99% ] 03/80 VUs  11m55.9s/12m00.0s

running (11m56.9s), 02/80 VUs, 40939 complete and 0 interrupted iterations
oscillating   [ 100% ] 02/80 VUs  11m56.9s/12m00.0s

running (11m57.9s), 02/80 VUs, 40941 complete and 0 interrupted iterations
oscillating   [ 100% ] 02/80 VUs  11m57.9s/12m00.0s

running (11m58.9s), 01/80 VUs, 40944 complete and 0 interrupted iterations
oscillating   [ 100% ] 01/80 VUs  11m58.9s/12m00.0s

running (11m59.9s), 01/80 VUs, 40945 complete and 0 interrupted iterations
oscillating   [ 100% ] 01/80 VUs  11m59.9s/12m00.0s

     ✓ status is 200
     ✓ returns quotes
     ✗ response time <2000ms
      ↳  99% — ✓ 40926 / ✗ 21

     checks.........................: 99.98% ✓ 122820    ✗ 21   
     data_received..................: 30 MB  41 kB/s
     data_sent......................: 18 MB  25 kB/s
     http_req_blocked...............: avg=11.14µs  min=1.1µs    med=2.27µs   max=20.62ms p(90)=3.28µs   p(95)=3.78µs  
     http_req_connecting............: avg=6.13µs   min=0s       med=0s       max=20.54ms p(90)=0s       p(95)=0s      
   ✓ http_req_duration..............: avg=713.2ms  min=468.92ms med=712.28ms max=5.69s   p(90)=897.1ms  p(95)=917.58ms
       { expected_response:true }...: avg=713.2ms  min=468.92ms med=712.28ms max=5.69s   p(90)=897.1ms  p(95)=917.58ms
   ✓ http_req_failed................: 0.00%  ✓ 0         ✗ 40947
     http_req_receiving.............: avg=107.99µs min=16.56µs  med=97.84µs  max=4.54ms  p(90)=151.92µs p(95)=185.04µs
     http_req_sending...............: avg=19.96µs  min=7.65µs   med=19.47µs  max=2.07ms  p(90)=27.57µs  p(95)=30.48µs 
     http_req_tls_handshaking.......: avg=0s       min=0s       med=0s       max=0s      p(90)=0s       p(95)=0s      
     http_req_waiting...............: avg=713.07ms min=468.81ms med=712.13ms max=5.69s   p(90)=896.97ms p(95)=917.46ms
     http_reqs......................: 40947  56.811215/s
     iteration_duration.............: avg=713.45ms min=469.17ms med=712.49ms max=5.69s   p(90)=897.32ms p(95)=917.81ms
     iterations.....................: 40947  56.811215/s
     vus............................: 1      min=1       max=80 
     vus_max........................: 80     min=80      max=80 


running (12m00.8s), 00/80 VUs, 40947 complete and 0 interrupted iterations
oscillating ✓ [ 100% ] 00/80 VUs  12m0s
