
          /\      |‾‾| /‾‾/   /‾‾/   
     /\  /  \     |  |/  /   /  /    
    /  \/    \    |     (   /   ‾‾\  
   /          \   |  |\  \ |  (‾)  | 
  / __________ \  |__| \__\ \_____/ .io

  execution: local
     script: /scripts/load-test.js
     output: json (/results/results.json)

  scenarios: (100.00%) 1 scenario, 80 max VUs, 12m30s max duration (incl. graceful stop):
           * sudden_spike: Up to 80 looping VUs for 12m0s over 4 stages (gracefulRampDown: 30s, gracefulStop: 30s)


running (00m01.0s), 10/80 VUs, 9 complete and 0 interrupted iterations
sudden_spike   [   0% ] 10/80 VUs  00m01.0s/12m00.0s

running (00m02.0s), 10/80 VUs, 22 complete and 0 interrupted iterations
sudden_spike   [   0% ] 10/80 VUs  00m02.0s/12m00.0s

running (00m03.0s), 10/80 VUs, 36 complete and 0 interrupted iterations
sudden_spike   [   0% ] 10/80 VUs  00m03.0s/12m00.0s

running (00m04.0s), 10/80 VUs, 47 complete and 0 interrupted iterations
sudden_spike   [   1% ] 10/80 VUs  00m04.0s/12m00.0s

running (00m05.0s), 10/80 VUs, 62 complete and 0 interrupted iterations
sudden_spike   [   1% ] 10/80 VUs  00m05.0s/12m00.0s

running (00m06.0s), 10/80 VUs, 78 complete and 0 interrupted iterations
sudden_spike   [   1% ] 10/80 VUs  00m06.0s/12m00.0s

running (00m07.0s), 10/80 VUs, 91 complete and 0 interrupted iterations
sudden_spike   [   1% ] 10/80 VUs  00m07.0s/12m00.0s

running (00m08.0s), 10/80 VUs, 106 complete and 0 interrupted iterations
sudden_spike   [   1% ] 10/80 VUs  00m08.0s/12m00.0s

running (00m09.0s), 10/80 VUs, 120 complete and 0 interrupted iterations
sudden_spike   [   1% ] 10/80 VUs  00m09.0s/12m00.0s

running (00m10.0s), 10/80 VUs, 132 complete and 0 interrupted iterations
sudden_spike   [   1% ] 10/80 VUs  00m10.0s/12m00.0s

running (00m11.0s), 10/80 VUs, 146 complete and 0 interrupted iterations
sudden_spike   [   2% ] 10/80 VUs  00m11.0s/12m00.0s

running (00m12.0s), 10/80 VUs, 160 complete and 0 interrupted iterations
sudden_spike   [   2% ] 10/80 VUs  00m12.0s/12m00.0s

running (00m13.0s), 10/80 VUs, 177 complete and 0 interrupted iterations
sudden_spike   [   2% ] 10/80 VUs  00m13.0s/12m00.0s

running (00m14.0s), 10/80 VUs, 192 complete and 0 interrupted iterations
sudden_spike   [   2% ] 10/80 VUs  00m14.0s/12m00.0s

running (00m15.0s), 10/80 VUs, 205 complete and 0 interrupted iterations
sudden_spike   [   2% ] 10/80 VUs  00m15.0s/12m00.0s

running (00m16.0s), 10/80 VUs, 219 complete and 0 interrupted iterations
sudden_spike   [   2% ] 10/80 VUs  00m16.0s/12m00.0s

running (00m17.0s), 10/80 VUs, 233 complete and 0 interrupted iterations
sudden_spike   [   2% ] 10/80 VUs  00m17.0s/12m00.0s

running (00m18.0s), 10/80 VUs, 247 complete and 0 interrupted iterations
sudden_spike   [   2% ] 10/80 VUs  00m18.0s/12m00.0s

running (00m19.0s), 10/80 VUs, 263 complete and 0 interrupted iterations
sudden_spike   [   3% ] 10/80 VUs  00m19.0s/12m00.0s

running (00m20.0s), 10/80 VUs, 274 complete and 0 interrupted iterations
sudden_spike   [   3% ] 10/80 VUs  00m20.0s/12m00.0s

running (00m21.0s), 10/80 VUs, 289 complete and 0 interrupted iterations
sudden_spike   [   3% ] 10/80 VUs  00m21.0s/12m00.0s

running (00m22.0s), 10/80 VUs, 302 complete and 0 interrupted iterations
sudden_spike   [   3% ] 10/80 VUs  00m22.0s/12m00.0s

running (00m23.0s), 10/80 VUs, 315 complete and 0 interrupted iterations
sudden_spike   [   3% ] 10/80 VUs  00m23.0s/12m00.0s

running (00m24.0s), 10/80 VUs, 331 complete and 0 interrupted iterations
sudden_spike   [   3% ] 10/80 VUs  00m24.0s/12m00.0s

running (00m25.0s), 10/80 VUs, 344 complete and 0 interrupted iterations
sudden_spike   [   3% ] 10/80 VUs  00m25.0s/12m00.0s

running (00m26.0s), 10/80 VUs, 358 complete and 0 interrupted iterations
sudden_spike   [   4% ] 10/80 VUs  00m26.0s/12m00.0s

running (00m27.0s), 10/80 VUs, 372 complete and 0 interrupted iterations
sudden_spike   [   4% ] 10/80 VUs  00m27.0s/12m00.0s

running (00m28.0s), 10/80 VUs, 386 complete and 0 interrupted iterations
sudden_spike   [   4% ] 10/80 VUs  00m28.0s/12m00.0s

running (00m29.0s), 10/80 VUs, 397 complete and 0 interrupted iterations
sudden_spike   [   4% ] 10/80 VUs  00m29.0s/12m00.0s

running (00m30.0s), 10/80 VUs, 416 complete and 0 interrupted iterations
sudden_spike   [   4% ] 10/80 VUs  00m30.0s/12m00.0s

running (00m31.0s), 10/80 VUs, 429 complete and 0 interrupted iterations
sudden_spike   [   4% ] 10/80 VUs  00m31.0s/12m00.0s

running (00m32.0s), 10/80 VUs, 443 complete and 0 interrupted iterations
sudden_spike   [   4% ] 10/80 VUs  00m32.0s/12m00.0s

running (00m33.0s), 10/80 VUs, 458 complete and 0 interrupted iterations
sudden_spike   [   5% ] 10/80 VUs  00m33.0s/12m00.0s

running (00m34.0s), 10/80 VUs, 473 complete and 0 interrupted iterations
sudden_spike   [   5% ] 10/80 VUs  00m34.0s/12m00.0s

running (00m35.0s), 10/80 VUs, 487 complete and 0 interrupted iterations
sudden_spike   [   5% ] 10/80 VUs  00m35.0s/12m00.0s

running (00m36.0s), 10/80 VUs, 501 complete and 0 interrupted iterations
sudden_spike   [   5% ] 10/80 VUs  00m36.0s/12m00.0s

running (00m37.0s), 10/80 VUs, 514 complete and 0 interrupted iterations
sudden_spike   [   5% ] 10/80 VUs  00m37.0s/12m00.0s

running (00m38.0s), 10/80 VUs, 527 complete and 0 interrupted iterations
sudden_spike   [   5% ] 10/80 VUs  00m38.0s/12m00.0s

running (00m39.0s), 10/80 VUs, 544 complete and 0 interrupted iterations
sudden_spike   [   5% ] 10/80 VUs  00m39.0s/12m00.0s

running (00m40.0s), 10/80 VUs, 555 complete and 0 interrupted iterations
sudden_spike   [   6% ] 10/80 VUs  00m40.0s/12m00.0s

running (00m41.0s), 10/80 VUs, 570 complete and 0 interrupted iterations
sudden_spike   [   6% ] 10/80 VUs  00m41.0s/12m00.0s

running (00m42.0s), 10/80 VUs, 584 complete and 0 interrupted iterations
sudden_spike   [   6% ] 10/80 VUs  00m42.0s/12m00.0s

running (00m43.0s), 10/80 VUs, 599 complete and 0 interrupted iterations
sudden_spike   [   6% ] 10/80 VUs  00m43.0s/12m00.0s

running (00m44.0s), 10/80 VUs, 614 complete and 0 interrupted iterations
sudden_spike   [   6% ] 10/80 VUs  00m44.0s/12m00.0s

running (00m45.0s), 10/80 VUs, 626 complete and 0 interrupted iterations
sudden_spike   [   6% ] 10/80 VUs  00m45.0s/12m00.0s

running (00m46.0s), 10/80 VUs, 642 complete and 0 interrupted iterations
sudden_spike   [   6% ] 10/80 VUs  00m46.0s/12m00.0s

running (00m47.0s), 10/80 VUs, 653 complete and 0 interrupted iterations
sudden_spike   [   7% ] 10/80 VUs  00m47.0s/12m00.0s

running (00m48.0s), 10/80 VUs, 667 complete and 0 interrupted iterations
sudden_spike   [   7% ] 10/80 VUs  00m48.0s/12m00.0s

running (00m49.0s), 10/80 VUs, 682 complete and 0 interrupted iterations
sudden_spike   [   7% ] 10/80 VUs  00m49.0s/12m00.0s

running (00m50.0s), 10/80 VUs, 696 complete and 0 interrupted iterations
sudden_spike   [   7% ] 10/80 VUs  00m50.0s/12m00.0s

running (00m51.0s), 10/80 VUs, 710 complete and 0 interrupted iterations
sudden_spike   [   7% ] 10/80 VUs  00m51.0s/12m00.0s

running (00m52.0s), 10/80 VUs, 723 complete and 0 interrupted iterations
sudden_spike   [   7% ] 10/80 VUs  00m52.0s/12m00.0s

running (00m53.0s), 10/80 VUs, 738 complete and 0 interrupted iterations
sudden_spike   [   7% ] 10/80 VUs  00m53.0s/12m00.0s

running (00m54.0s), 10/80 VUs, 752 complete and 0 interrupted iterations
sudden_spike   [   7% ] 10/80 VUs  00m54.0s/12m00.0s

running (00m55.0s), 10/80 VUs, 767 complete and 0 interrupted iterations
sudden_spike   [   8% ] 10/80 VUs  00m55.0s/12m00.0s

running (00m56.0s), 10/80 VUs, 781 complete and 0 interrupted iterations
sudden_spike   [   8% ] 10/80 VUs  00m56.0s/12m00.0s

running (00m57.0s), 10/80 VUs, 794 complete and 0 interrupted iterations
sudden_spike   [   8% ] 10/80 VUs  00m57.0s/12m00.0s

running (00m58.0s), 10/80 VUs, 810 complete and 0 interrupted iterations
sudden_spike   [   8% ] 10/80 VUs  00m58.0s/12m00.0s

running (00m59.0s), 10/80 VUs, 822 complete and 0 interrupted iterations
sudden_spike   [   8% ] 10/80 VUs  00m59.0s/12m00.0s

running (01m00.0s), 10/80 VUs, 839 complete and 0 interrupted iterations
sudden_spike   [   8% ] 10/80 VUs  01m00.0s/12m00.0s

running (01m01.0s), 10/80 VUs, 854 complete and 0 interrupted iterations
sudden_spike   [   8% ] 10/80 VUs  01m01.0s/12m00.0s

running (01m02.0s), 10/80 VUs, 868 complete and 0 interrupted iterations
sudden_spike   [   9% ] 10/80 VUs  01m02.0s/12m00.0s

running (01m03.0s), 10/80 VUs, 885 complete and 0 interrupted iterations
sudden_spike   [   9% ] 10/80 VUs  01m03.0s/12m00.0s

running (01m04.0s), 10/80 VUs, 897 complete and 0 interrupted iterations
sudden_spike   [   9% ] 10/80 VUs  01m04.0s/12m00.0s

running (01m05.0s), 10/80 VUs, 913 complete and 0 interrupted iterations
sudden_spike   [   9% ] 10/80 VUs  01m05.0s/12m00.0s

running (01m06.0s), 10/80 VUs, 925 complete and 0 interrupted iterations
sudden_spike   [   9% ] 10/80 VUs  01m06.0s/12m00.0s

running (01m07.0s), 10/80 VUs, 937 complete and 0 interrupted iterations
sudden_spike   [   9% ] 10/80 VUs  01m07.0s/12m00.0s

running (01m08.0s), 10/80 VUs, 953 complete and 0 interrupted iterations
sudden_spike   [   9% ] 10/80 VUs  01m08.0s/12m00.0s

running (01m09.0s), 10/80 VUs, 966 complete and 0 interrupted iterations
sudden_spike   [  10% ] 10/80 VUs  01m09.0s/12m00.0s

running (01m10.0s), 10/80 VUs, 980 complete and 0 interrupted iterations
sudden_spike   [  10% ] 10/80 VUs  01m10.0s/12m00.0s

running (01m11.0s), 10/80 VUs, 997 complete and 0 interrupted iterations
sudden_spike   [  10% ] 10/80 VUs  01m11.0s/12m00.0s

running (01m12.0s), 10/80 VUs, 1009 complete and 0 interrupted iterations
sudden_spike   [  10% ] 10/80 VUs  01m12.0s/12m00.0s

running (01m13.0s), 10/80 VUs, 1021 complete and 0 interrupted iterations
sudden_spike   [  10% ] 10/80 VUs  01m13.0s/12m00.0s

running (01m14.0s), 10/80 VUs, 1038 complete and 0 interrupted iterations
sudden_spike   [  10% ] 10/80 VUs  01m14.0s/12m00.0s

running (01m15.0s), 10/80 VUs, 1050 complete and 0 interrupted iterations
sudden_spike   [  10% ] 10/80 VUs  01m15.0s/12m00.0s

running (01m16.0s), 10/80 VUs, 1062 complete and 0 interrupted iterations
sudden_spike   [  11% ] 10/80 VUs  01m16.0s/12m00.0s

running (01m17.0s), 10/80 VUs, 1075 complete and 0 interrupted iterations
sudden_spike   [  11% ] 10/80 VUs  01m17.0s/12m00.0s

running (01m18.0s), 10/80 VUs, 1089 complete and 0 interrupted iterations
sudden_spike   [  11% ] 10/80 VUs  01m18.0s/12m00.0s

running (01m19.0s), 10/80 VUs, 1105 complete and 0 interrupted iterations
sudden_spike   [  11% ] 10/80 VUs  01m19.0s/12m00.0s

running (01m20.0s), 10/80 VUs, 1118 complete and 0 interrupted iterations
sudden_spike   [  11% ] 10/80 VUs  01m20.0s/12m00.0s

running (01m21.0s), 10/80 VUs, 1130 complete and 0 interrupted iterations
sudden_spike   [  11% ] 10/80 VUs  01m21.0s/12m00.0s

running (01m22.0s), 10/80 VUs, 1145 complete and 0 interrupted iterations
sudden_spike   [  11% ] 10/80 VUs  01m22.0s/12m00.0s

running (01m23.0s), 10/80 VUs, 1159 complete and 0 interrupted iterations
sudden_spike   [  12% ] 10/80 VUs  01m23.0s/12m00.0s

running (01m24.0s), 10/80 VUs, 1173 complete and 0 interrupted iterations
sudden_spike   [  12% ] 10/80 VUs  01m24.0s/12m00.0s

running (01m25.0s), 10/80 VUs, 1189 complete and 0 interrupted iterations
sudden_spike   [  12% ] 10/80 VUs  01m25.0s/12m00.0s

running (01m26.0s), 10/80 VUs, 1204 complete and 0 interrupted iterations
sudden_spike   [  12% ] 10/80 VUs  01m26.0s/12m00.0s

running (01m27.0s), 10/80 VUs, 1217 complete and 0 interrupted iterations
sudden_spike   [  12% ] 10/80 VUs  01m27.0s/12m00.0s

running (01m28.0s), 10/80 VUs, 1232 complete and 0 interrupted iterations
sudden_spike   [  12% ] 10/80 VUs  01m28.0s/12m00.0s

running (01m29.0s), 10/80 VUs, 1244 complete and 0 interrupted iterations
sudden_spike   [  12% ] 10/80 VUs  01m29.0s/12m00.0s

running (01m30.0s), 10/80 VUs, 1260 complete and 0 interrupted iterations
sudden_spike   [  12% ] 10/80 VUs  01m30.0s/12m00.0s

running (01m31.0s), 10/80 VUs, 1273 complete and 0 interrupted iterations
sudden_spike   [  13% ] 10/80 VUs  01m31.0s/12m00.0s

running (01m32.0s), 10/80 VUs, 1289 complete and 0 interrupted iterations
sudden_spike   [  13% ] 10/80 VUs  01m32.0s/12m00.0s

running (01m33.0s), 10/80 VUs, 1302 complete and 0 interrupted iterations
sudden_spike   [  13% ] 10/80 VUs  01m33.0s/12m00.0s

running (01m34.0s), 10/80 VUs, 1316 complete and 0 interrupted iterations
sudden_spike   [  13% ] 10/80 VUs  01m34.0s/12m00.0s

running (01m35.0s), 10/80 VUs, 1328 complete and 0 interrupted iterations
sudden_spike   [  13% ] 10/80 VUs  01m35.0s/12m00.0s

running (01m36.0s), 10/80 VUs, 1342 complete and 0 interrupted iterations
sudden_spike   [  13% ] 10/80 VUs  01m36.0s/12m00.0s

running (01m37.0s), 10/80 VUs, 1355 complete and 0 interrupted iterations
sudden_spike   [  13% ] 10/80 VUs  01m37.0s/12m00.0s

running (01m38.0s), 10/80 VUs, 1370 complete and 0 interrupted iterations
sudden_spike   [  14% ] 10/80 VUs  01m38.0s/12m00.0s

running (01m39.0s), 10/80 VUs, 1386 complete and 0 interrupted iterations
sudden_spike   [  14% ] 10/80 VUs  01m39.0s/12m00.0s

running (01m40.0s), 10/80 VUs, 1397 complete and 0 interrupted iterations
sudden_spike   [  14% ] 10/80 VUs  01m40.0s/12m00.0s

running (01m41.0s), 10/80 VUs, 1411 complete and 0 interrupted iterations
sudden_spike   [  14% ] 10/80 VUs  01m41.0s/12m00.0s

running (01m42.0s), 10/80 VUs, 1425 complete and 0 interrupted iterations
sudden_spike   [  14% ] 10/80 VUs  01m42.0s/12m00.0s

running (01m43.0s), 10/80 VUs, 1439 complete and 0 interrupted iterations
sudden_spike   [  14% ] 10/80 VUs  01m43.0s/12m00.0s

running (01m44.0s), 10/80 VUs, 1454 complete and 0 interrupted iterations
sudden_spike   [  14% ] 10/80 VUs  01m44.0s/12m00.0s

running (01m45.0s), 10/80 VUs, 1466 complete and 0 interrupted iterations
sudden_spike   [  15% ] 10/80 VUs  01m45.0s/12m00.0s

running (01m46.0s), 10/80 VUs, 1481 complete and 0 interrupted iterations
sudden_spike   [  15% ] 10/80 VUs  01m46.0s/12m00.0s

running (01m47.0s), 10/80 VUs, 1495 complete and 0 interrupted iterations
sudden_spike   [  15% ] 10/80 VUs  01m47.0s/12m00.0s

running (01m48.0s), 10/80 VUs, 1509 complete and 0 interrupted iterations
sudden_spike   [  15% ] 10/80 VUs  01m48.0s/12m00.0s

running (01m49.0s), 10/80 VUs, 1523 complete and 0 interrupted iterations
sudden_spike   [  15% ] 10/80 VUs  01m49.0s/12m00.0s

running (01m50.0s), 10/80 VUs, 1537 complete and 0 interrupted iterations
sudden_spike   [  15% ] 10/80 VUs  01m50.0s/12m00.0s

running (01m51.0s), 10/80 VUs, 1552 complete and 0 interrupted iterations
sudden_spike   [  15% ] 10/80 VUs  01m51.0s/12m00.0s

running (01m52.0s), 10/80 VUs, 1567 complete and 0 interrupted iterations
sudden_spike   [  16% ] 10/80 VUs  01m52.0s/12m00.0s

running (01m53.0s), 10/80 VUs, 1581 complete and 0 interrupted iterations
sudden_spike   [  16% ] 10/80 VUs  01m53.0s/12m00.0s

running (01m54.0s), 10/80 VUs, 1595 complete and 0 interrupted iterations
sudden_spike   [  16% ] 10/80 VUs  01m54.0s/12m00.0s

running (01m55.0s), 10/80 VUs, 1611 complete and 0 interrupted iterations
sudden_spike   [  16% ] 10/80 VUs  01m55.0s/12m00.0s

running (01m56.0s), 10/80 VUs, 1623 complete and 0 interrupted iterations
sudden_spike   [  16% ] 10/80 VUs  01m56.0s/12m00.0s

running (01m57.0s), 10/80 VUs, 1637 complete and 0 interrupted iterations
sudden_spike   [  16% ] 10/80 VUs  01m57.0s/12m00.0s

running (01m58.0s), 10/80 VUs, 1653 complete and 0 interrupted iterations
sudden_spike   [  16% ] 10/80 VUs  01m58.0s/12m00.0s

running (01m59.0s), 10/80 VUs, 1667 complete and 0 interrupted iterations
sudden_spike   [  17% ] 10/80 VUs  01m59.0s/12m00.0s

running (02m00.0s), 10/80 VUs, 1679 complete and 0 interrupted iterations
sudden_spike   [  17% ] 10/80 VUs  02m00.0s/12m00.0s

running (02m01.0s), 16/80 VUs, 1697 complete and 0 interrupted iterations
sudden_spike   [  17% ] 16/80 VUs  02m01.0s/12m00.0s

running (02m02.0s), 23/80 VUs, 1720 complete and 0 interrupted iterations
sudden_spike   [  17% ] 23/80 VUs  02m02.0s/12m00.0s

running (02m03.0s), 30/80 VUs, 1752 complete and 0 interrupted iterations
sudden_spike   [  17% ] 30/80 VUs  02m03.0s/12m00.0s

running (02m04.0s), 37/80 VUs, 1798 complete and 0 interrupted iterations
sudden_spike   [  17% ] 37/80 VUs  02m04.0s/12m00.0s

running (02m05.0s), 44/80 VUs, 1845 complete and 0 interrupted iterations
sudden_spike   [  17% ] 44/80 VUs  02m05.0s/12m00.0s

running (02m06.0s), 51/80 VUs, 1894 complete and 0 interrupted iterations
sudden_spike   [  17% ] 51/80 VUs  02m06.0s/12m00.0s

running (02m07.0s), 58/80 VUs, 1928 complete and 0 interrupted iterations
sudden_spike   [  18% ] 58/80 VUs  02m07.0s/12m00.0s

running (02m08.0s), 65/80 VUs, 1958 complete and 0 interrupted iterations
sudden_spike   [  18% ] 65/80 VUs  02m08.0s/12m00.0s

running (02m09.0s), 72/80 VUs, 1982 complete and 0 interrupted iterations
sudden_spike   [  18% ] 72/80 VUs  02m09.0s/12m00.0s

running (02m10.0s), 79/80 VUs, 2004 complete and 0 interrupted iterations
sudden_spike   [  18% ] 79/80 VUs  02m10.0s/12m00.0s

running (02m11.0s), 80/80 VUs, 2033 complete and 0 interrupted iterations
sudden_spike   [  18% ] 80/80 VUs  02m11.0s/12m00.0s

running (02m12.0s), 80/80 VUs, 2033 complete and 0 interrupted iterations
sudden_spike   [  18% ] 80/80 VUs  02m12.0s/12m00.0s

running (02m13.0s), 80/80 VUs, 2059 complete and 0 interrupted iterations
sudden_spike   [  18% ] 80/80 VUs  02m13.0s/12m00.0s

running (02m14.0s), 80/80 VUs, 2086 complete and 0 interrupted iterations
sudden_spike   [  19% ] 80/80 VUs  02m14.0s/12m00.0s

running (02m15.0s), 80/80 VUs, 2086 complete and 0 interrupted iterations
sudden_spike   [  19% ] 80/80 VUs  02m15.0s/12m00.0s

running (02m16.0s), 80/80 VUs, 2113 complete and 0 interrupted iterations
sudden_spike   [  19% ] 80/80 VUs  02m16.0s/12m00.0s

running (02m17.0s), 80/80 VUs, 2113 complete and 0 interrupted iterations
sudden_spike   [  19% ] 80/80 VUs  02m17.0s/12m00.0s

running (02m18.0s), 80/80 VUs, 2139 complete and 0 interrupted iterations
sudden_spike   [  19% ] 80/80 VUs  02m18.0s/12m00.0s

running (02m19.0s), 80/80 VUs, 2166 complete and 0 interrupted iterations
sudden_spike   [  19% ] 80/80 VUs  02m19.0s/12m00.0s

running (02m20.0s), 80/80 VUs, 2166 complete and 0 interrupted iterations
sudden_spike   [  19% ] 80/80 VUs  02m20.0s/12m00.0s

running (02m21.0s), 80/80 VUs, 2193 complete and 0 interrupted iterations
sudden_spike   [  20% ] 80/80 VUs  02m21.0s/12m00.0s

running (02m22.0s), 80/80 VUs, 2217 complete and 0 interrupted iterations
sudden_spike   [  20% ] 80/80 VUs  02m22.0s/12m00.0s

running (02m23.0s), 80/80 VUs, 2219 complete and 0 interrupted iterations
sudden_spike   [  20% ] 80/80 VUs  02m23.0s/12m00.0s

running (02m24.0s), 80/80 VUs, 2246 complete and 0 interrupted iterations
sudden_spike   [  20% ] 80/80 VUs  02m24.0s/12m00.0s

running (02m25.0s), 80/80 VUs, 2246 complete and 0 interrupted iterations
sudden_spike   [  20% ] 80/80 VUs  02m25.0s/12m00.0s

running (02m26.0s), 80/80 VUs, 2273 complete and 0 interrupted iterations
sudden_spike   [  20% ] 80/80 VUs  02m26.0s/12m00.0s

running (02m27.0s), 80/80 VUs, 2297 complete and 0 interrupted iterations
sudden_spike   [  20% ] 80/80 VUs  02m27.0s/12m00.0s

running (02m28.0s), 80/80 VUs, 2299 complete and 0 interrupted iterations
sudden_spike   [  21% ] 80/80 VUs  02m28.0s/12m00.0s

running (02m29.0s), 80/80 VUs, 2326 complete and 0 interrupted iterations
sudden_spike   [  21% ] 80/80 VUs  02m29.0s/12m00.0s

running (02m30.0s), 80/80 VUs, 2326 complete and 0 interrupted iterations
sudden_spike   [  21% ] 80/80 VUs  02m30.0s/12m00.0s

running (02m31.0s), 80/80 VUs, 2353 complete and 0 interrupted iterations
sudden_spike   [  21% ] 80/80 VUs  02m31.0s/12m00.0s

running (02m32.0s), 80/80 VUs, 2353 complete and 0 interrupted iterations
sudden_spike   [  21% ] 80/80 VUs  02m32.0s/12m00.0s

running (02m33.0s), 80/80 VUs, 2379 complete and 0 interrupted iterations
sudden_spike   [  21% ] 80/80 VUs  02m33.0s/12m00.0s

running (02m34.0s), 80/80 VUs, 2389 complete and 0 interrupted iterations
sudden_spike   [  21% ] 80/80 VUs  02m34.0s/12m00.0s

running (02m35.0s), 80/80 VUs, 2418 complete and 0 interrupted iterations
sudden_spike   [  22% ] 80/80 VUs  02m35.0s/12m00.0s

running (02m36.0s), 80/80 VUs, 2418 complete and 0 interrupted iterations
sudden_spike   [  22% ] 80/80 VUs  02m36.0s/12m00.0s

running (02m37.0s), 80/80 VUs, 2445 complete and 0 interrupted iterations
sudden_spike   [  22% ] 80/80 VUs  02m37.0s/12m00.0s

running (02m38.0s), 80/80 VUs, 2472 complete and 0 interrupted iterations
sudden_spike   [  22% ] 80/80 VUs  02m38.0s/12m00.0s

running (02m39.0s), 80/80 VUs, 2472 complete and 0 interrupted iterations
sudden_spike   [  22% ] 80/80 VUs  02m39.0s/12m00.0s

running (02m40.0s), 80/80 VUs, 2498 complete and 0 interrupted iterations
sudden_spike   [  22% ] 80/80 VUs  02m40.0s/12m00.0s

running (02m41.0s), 80/80 VUs, 2525 complete and 0 interrupted iterations
sudden_spike   [  22% ] 80/80 VUs  02m41.0s/12m00.0s

running (02m42.0s), 80/80 VUs, 2525 complete and 0 interrupted iterations
sudden_spike   [  22% ] 80/80 VUs  02m42.0s/12m00.0s

running (02m43.0s), 80/80 VUs, 2552 complete and 0 interrupted iterations
sudden_spike   [  23% ] 80/80 VUs  02m43.0s/12m00.0s

running (02m44.0s), 80/80 VUs, 2552 complete and 0 interrupted iterations
sudden_spike   [  23% ] 80/80 VUs  02m44.0s/12m00.0s

running (02m45.0s), 80/80 VUs, 2578 complete and 0 interrupted iterations
sudden_spike   [  23% ] 80/80 VUs  02m45.0s/12m00.0s

running (02m46.0s), 80/80 VUs, 2602 complete and 0 interrupted iterations
sudden_spike   [  23% ] 80/80 VUs  02m46.0s/12m00.0s

running (02m47.0s), 80/80 VUs, 2602 complete and 0 interrupted iterations
sudden_spike   [  23% ] 80/80 VUs  02m47.0s/12m00.0s

running (02m48.0s), 80/80 VUs, 2630 complete and 0 interrupted iterations
sudden_spike   [  23% ] 80/80 VUs  02m48.0s/12m00.0s

running (02m49.0s), 80/80 VUs, 2630 complete and 0 interrupted iterations
sudden_spike   [  23% ] 80/80 VUs  02m49.0s/12m00.0s

running (02m50.0s), 80/80 VUs, 2657 complete and 0 interrupted iterations
sudden_spike   [  24% ] 80/80 VUs  02m50.0s/12m00.0s

running (02m51.0s), 80/80 VUs, 2674 complete and 0 interrupted iterations
sudden_spike   [  24% ] 80/80 VUs  02m51.0s/12m00.0s

running (02m52.0s), 80/80 VUs, 2703 complete and 0 interrupted iterations
sudden_spike   [  24% ] 80/80 VUs  02m52.0s/12m00.0s

running (02m53.0s), 80/80 VUs, 2703 complete and 0 interrupted iterations
sudden_spike   [  24% ] 80/80 VUs  02m53.0s/12m00.0s

running (02m54.0s), 80/80 VUs, 2729 complete and 0 interrupted iterations
sudden_spike   [  24% ] 80/80 VUs  02m54.0s/12m00.0s

running (02m55.0s), 80/80 VUs, 2729 complete and 0 interrupted iterations
sudden_spike   [  24% ] 80/80 VUs  02m55.0s/12m00.0s

running (02m56.0s), 80/80 VUs, 2750 complete and 0 interrupted iterations
sudden_spike   [  24% ] 80/80 VUs  02m56.0s/12m00.0s

running (02m57.0s), 80/80 VUs, 2777 complete and 0 interrupted iterations
sudden_spike   [  25% ] 80/80 VUs  02m57.0s/12m00.0s

running (02m58.0s), 80/80 VUs, 2777 complete and 0 interrupted iterations
sudden_spike   [  25% ] 80/80 VUs  02m58.0s/12m00.0s

running (02m59.0s), 80/80 VUs, 2804 complete and 0 interrupted iterations
sudden_spike   [  25% ] 80/80 VUs  02m59.0s/12m00.0s

running (03m00.0s), 80/80 VUs, 2830 complete and 0 interrupted iterations
sudden_spike   [  25% ] 80/80 VUs  03m00.0s/12m00.0s

running (03m01.0s), 80/80 VUs, 2830 complete and 0 interrupted iterations
sudden_spike   [  25% ] 80/80 VUs  03m01.0s/12m00.0s

running (03m02.0s), 80/80 VUs, 2857 complete and 0 interrupted iterations
sudden_spike   [  25% ] 80/80 VUs  03m02.0s/12m00.0s

running (03m03.0s), 80/80 VUs, 2857 complete and 0 interrupted iterations
sudden_spike   [  25% ] 80/80 VUs  03m03.0s/12m00.0s

running (03m04.0s), 80/80 VUs, 2884 complete and 0 interrupted iterations
sudden_spike   [  26% ] 80/80 VUs  03m04.0s/12m00.0s

running (03m05.0s), 80/80 VUs, 2910 complete and 0 interrupted iterations
sudden_spike   [  26% ] 80/80 VUs  03m05.0s/12m00.0s

running (03m06.0s), 80/80 VUs, 2910 complete and 0 interrupted iterations
sudden_spike   [  26% ] 80/80 VUs  03m06.0s/12m00.0s

running (03m07.0s), 80/80 VUs, 2937 complete and 0 interrupted iterations
sudden_spike   [  26% ] 80/80 VUs  03m07.0s/12m00.0s

running (03m08.0s), 80/80 VUs, 2964 complete and 0 interrupted iterations
sudden_spike   [  26% ] 80/80 VUs  03m08.0s/12m00.0s

running (03m09.0s), 80/80 VUs, 2964 complete and 0 interrupted iterations
sudden_spike   [  26% ] 80/80 VUs  03m09.0s/12m00.0s

running (03m10.0s), 80/80 VUs, 2986 complete and 0 interrupted iterations
sudden_spike   [  26% ] 80/80 VUs  03m10.0s/12m00.0s

running (03m11.0s), 80/80 VUs, 2986 complete and 0 interrupted iterations
sudden_spike   [  27% ] 80/80 VUs  03m11.0s/12m00.0s

running (03m12.0s), 80/80 VUs, 3013 complete and 0 interrupted iterations
sudden_spike   [  27% ] 80/80 VUs  03m12.0s/12m00.0s

running (03m13.0s), 80/80 VUs, 3040 complete and 0 interrupted iterations
sudden_spike   [  27% ] 80/80 VUs  03m13.0s/12m00.0s

running (03m14.0s), 80/80 VUs, 3040 complete and 0 interrupted iterations
sudden_spike   [  27% ] 80/80 VUs  03m14.0s/12m00.0s

running (03m15.0s), 80/80 VUs, 3066 complete and 0 interrupted iterations
sudden_spike   [  27% ] 80/80 VUs  03m15.0s/12m00.0s

running (03m16.0s), 80/80 VUs, 3093 complete and 0 interrupted iterations
sudden_spike   [  27% ] 80/80 VUs  03m16.0s/12m00.0s

running (03m17.0s), 80/80 VUs, 3093 complete and 0 interrupted iterations
sudden_spike   [  27% ] 80/80 VUs  03m17.0s/12m00.0s

running (03m18.0s), 80/80 VUs, 3120 complete and 0 interrupted iterations
sudden_spike   [  27% ] 80/80 VUs  03m18.0s/12m00.0s

running (03m19.0s), 80/80 VUs, 3120 complete and 0 interrupted iterations
sudden_spike   [  28% ] 80/80 VUs  03m19.0s/12m00.0s

running (03m20.0s), 80/80 VUs, 3144 complete and 0 interrupted iterations
sudden_spike   [  28% ] 80/80 VUs  03m20.0s/12m00.0s

running (03m21.0s), 80/80 VUs, 3171 complete and 0 interrupted iterations
sudden_spike   [  28% ] 80/80 VUs  03m21.0s/12m00.0s

running (03m22.0s), 80/80 VUs, 3171 complete and 0 interrupted iterations
sudden_spike   [  28% ] 80/80 VUs  03m22.0s/12m00.0s

running (03m23.0s), 80/80 VUs, 3197 complete and 0 interrupted iterations
sudden_spike   [  28% ] 80/80 VUs  03m23.0s/12m00.0s

running (03m24.0s), 80/80 VUs, 3224 complete and 0 interrupted iterations
sudden_spike   [  28% ] 80/80 VUs  03m24.0s/12m00.0s

running (03m25.0s), 80/80 VUs, 3224 complete and 0 interrupted iterations
sudden_spike   [  28% ] 80/80 VUs  03m25.0s/12m00.0s

running (03m26.0s), 80/80 VUs, 3251 complete and 0 interrupted iterations
sudden_spike   [  29% ] 80/80 VUs  03m26.0s/12m00.0s

running (03m27.0s), 80/80 VUs, 3251 complete and 0 interrupted iterations
sudden_spike   [  29% ] 80/80 VUs  03m27.0s/12m00.0s

running (03m28.0s), 80/80 VUs, 3276 complete and 0 interrupted iterations
sudden_spike   [  29% ] 80/80 VUs  03m28.0s/12m00.0s

running (03m29.0s), 80/80 VUs, 3303 complete and 0 interrupted iterations
sudden_spike   [  29% ] 80/80 VUs  03m29.0s/12m00.0s

running (03m30.0s), 80/80 VUs, 3303 complete and 0 interrupted iterations
sudden_spike   [  29% ] 80/80 VUs  03m30.0s/12m00.0s

running (03m31.0s), 80/80 VUs, 3330 complete and 0 interrupted iterations
sudden_spike   [  29% ] 80/80 VUs  03m31.0s/12m00.0s

running (03m32.0s), 80/80 VUs, 3356 complete and 0 interrupted iterations
sudden_spike   [  29% ] 80/80 VUs  03m32.0s/12m00.0s

running (03m33.0s), 80/80 VUs, 3356 complete and 0 interrupted iterations
sudden_spike   [  30% ] 80/80 VUs  03m33.0s/12m00.0s

running (03m34.0s), 80/80 VUs, 3383 complete and 0 interrupted iterations
sudden_spike   [  30% ] 80/80 VUs  03m34.0s/12m00.0s

running (03m35.0s), 80/80 VUs, 3383 complete and 0 interrupted iterations
sudden_spike   [  30% ] 80/80 VUs  03m35.0s/12m00.0s

running (03m36.0s), 80/80 VUs, 3410 complete and 0 interrupted iterations
sudden_spike   [  30% ] 80/80 VUs  03m36.0s/12m00.0s

running (03m37.0s), 80/80 VUs, 3435 complete and 0 interrupted iterations
sudden_spike   [  30% ] 80/80 VUs  03m37.0s/12m00.0s

running (03m38.0s), 80/80 VUs, 3435 complete and 0 interrupted iterations
sudden_spike   [  30% ] 80/80 VUs  03m38.0s/12m00.0s

running (03m39.0s), 80/80 VUs, 3463 complete and 0 interrupted iterations
sudden_spike   [  30% ] 80/80 VUs  03m39.0s/12m00.0s

running (03m40.0s), 80/80 VUs, 3489 complete and 0 interrupted iterations
sudden_spike   [  31% ] 80/80 VUs  03m40.0s/12m00.0s

running (03m41.0s), 80/80 VUs, 3489 complete and 0 interrupted iterations
sudden_spike   [  31% ] 80/80 VUs  03m41.0s/12m00.0s

running (03m42.0s), 80/80 VUs, 3514 complete and 0 interrupted iterations
sudden_spike   [  31% ] 80/80 VUs  03m42.0s/12m00.0s

running (03m43.0s), 80/80 VUs, 3540 complete and 0 interrupted iterations
sudden_spike   [  31% ] 80/80 VUs  03m43.0s/12m00.0s

running (03m44.0s), 80/80 VUs, 3541 complete and 0 interrupted iterations
sudden_spike   [  31% ] 80/80 VUs  03m44.0s/12m00.0s

running (03m45.0s), 80/80 VUs, 3568 complete and 0 interrupted iterations
sudden_spike   [  31% ] 80/80 VUs  03m45.0s/12m00.0s

running (03m46.0s), 80/80 VUs, 3568 complete and 0 interrupted iterations
sudden_spike   [  31% ] 80/80 VUs  03m46.0s/12m00.0s

running (03m47.0s), 80/80 VUs, 3595 complete and 0 interrupted iterations
sudden_spike   [  32% ] 80/80 VUs  03m47.0s/12m00.0s

running (03m48.0s), 80/80 VUs, 3621 complete and 0 interrupted iterations
sudden_spike   [  32% ] 80/80 VUs  03m48.0s/12m00.0s

running (03m49.0s), 80/80 VUs, 3621 complete and 0 interrupted iterations
sudden_spike   [  32% ] 80/80 VUs  03m49.0s/12m00.0s

running (03m50.0s), 80/80 VUs, 3648 complete and 0 interrupted iterations
sudden_spike   [  32% ] 80/80 VUs  03m50.0s/12m00.0s

running (03m51.0s), 80/80 VUs, 3674 complete and 0 interrupted iterations
sudden_spike   [  32% ] 80/80 VUs  03m51.0s/12m00.0s

running (03m52.0s), 80/80 VUs, 3674 complete and 0 interrupted iterations
sudden_spike   [  32% ] 80/80 VUs  03m52.0s/12m00.0s

running (03m53.0s), 80/80 VUs, 3701 complete and 0 interrupted iterations
sudden_spike   [  32% ] 80/80 VUs  03m53.0s/12m00.0s

running (03m54.0s), 80/80 VUs, 3701 complete and 0 interrupted iterations
sudden_spike   [  32% ] 80/80 VUs  03m54.0s/12m00.0s

running (03m55.0s), 80/80 VUs, 3728 complete and 0 interrupted iterations
sudden_spike   [  33% ] 80/80 VUs  03m55.0s/12m00.0s

running (03m56.0s), 80/80 VUs, 3753 complete and 0 interrupted iterations
sudden_spike   [  33% ] 80/80 VUs  03m56.0s/12m00.0s

running (03m57.0s), 80/80 VUs, 3753 complete and 0 interrupted iterations
sudden_spike   [  33% ] 80/80 VUs  03m57.0s/12m00.0s

running (03m58.0s), 80/80 VUs, 3781 complete and 0 interrupted iterations
sudden_spike   [  33% ] 80/80 VUs  03m58.0s/12m00.0s

running (03m59.0s), 80/80 VUs, 3781 complete and 0 interrupted iterations
sudden_spike   [  33% ] 80/80 VUs  03m59.0s/12m00.0s

running (04m00.0s), 80/80 VUs, 3807 complete and 0 interrupted iterations
sudden_spike   [  33% ] 80/80 VUs  04m00.0s/12m00.0s

running (04m01.0s), 80/80 VUs, 3834 complete and 0 interrupted iterations
sudden_spike   [  33% ] 80/80 VUs  04m01.0s/12m00.0s

running (04m02.0s), 80/80 VUs, 3834 complete and 0 interrupted iterations
sudden_spike   [  34% ] 80/80 VUs  04m02.0s/12m00.0s

running (04m03.0s), 80/80 VUs, 3861 complete and 0 interrupted iterations
sudden_spike   [  34% ] 80/80 VUs  04m03.0s/12m00.0s

running (04m04.0s), 80/80 VUs, 3887 complete and 0 interrupted iterations
sudden_spike   [  34% ] 80/80 VUs  04m04.0s/12m00.0s

running (04m05.0s), 80/80 VUs, 3887 complete and 0 interrupted iterations
sudden_spike   [  34% ] 80/80 VUs  04m05.0s/12m00.0s

running (04m06.0s), 80/80 VUs, 3914 complete and 0 interrupted iterations
sudden_spike   [  34% ] 80/80 VUs  04m06.0s/12m00.0s

running (04m07.0s), 80/80 VUs, 3914 complete and 0 interrupted iterations
sudden_spike   [  34% ] 80/80 VUs  04m07.0s/12m00.0s

running (04m08.0s), 80/80 VUs, 3940 complete and 0 interrupted iterations
sudden_spike   [  34% ] 80/80 VUs  04m08.0s/12m00.0s

running (04m09.0s), 80/80 VUs, 3956 complete and 0 interrupted iterations
sudden_spike   [  35% ] 80/80 VUs  04m09.0s/12m00.0s

running (04m10.0s), 80/80 VUs, 3967 complete and 0 interrupted iterations
sudden_spike   [  35% ] 80/80 VUs  04m10.0s/12m00.0s

running (04m11.0s), 80/80 VUs, 3994 complete and 0 interrupted iterations
sudden_spike   [  35% ] 80/80 VUs  04m11.0s/12m00.0s

running (04m12.0s), 80/80 VUs, 3994 complete and 0 interrupted iterations
sudden_spike   [  35% ] 80/80 VUs  04m12.0s/12m00.0s

running (04m13.0s), 80/80 VUs, 4020 complete and 0 interrupted iterations
sudden_spike   [  35% ] 80/80 VUs  04m13.0s/12m00.0s

running (04m14.0s), 80/80 VUs, 4020 complete and 0 interrupted iterations
sudden_spike   [  35% ] 80/80 VUs  04m14.0s/12m00.0s

running (04m15.0s), 80/80 VUs, 4047 complete and 0 interrupted iterations
sudden_spike   [  35% ] 80/80 VUs  04m15.0s/12m00.0s

running (04m16.0s), 80/80 VUs, 4072 complete and 0 interrupted iterations
sudden_spike   [  36% ] 80/80 VUs  04m16.0s/12m00.0s

running (04m17.0s), 80/80 VUs, 4072 complete and 0 interrupted iterations
sudden_spike   [  36% ] 80/80 VUs  04m17.0s/12m00.0s

running (04m18.0s), 80/80 VUs, 4100 complete and 0 interrupted iterations
sudden_spike   [  36% ] 80/80 VUs  04m18.0s/12m00.0s

running (04m19.0s), 80/80 VUs, 4126 complete and 0 interrupted iterations
sudden_spike   [  36% ] 80/80 VUs  04m19.0s/12m00.0s

running (04m20.0s), 80/80 VUs, 4126 complete and 0 interrupted iterations
sudden_spike   [  36% ] 80/80 VUs  04m20.0s/12m00.0s

running (04m21.0s), 80/80 VUs, 4153 complete and 0 interrupted iterations
sudden_spike   [  36% ] 80/80 VUs  04m21.0s/12m00.0s

running (04m22.0s), 80/80 VUs, 4153 complete and 0 interrupted iterations
sudden_spike   [  36% ] 80/80 VUs  04m22.0s/12m00.0s

running (04m23.0s), 80/80 VUs, 4179 complete and 0 interrupted iterations
sudden_spike   [  37% ] 80/80 VUs  04m23.0s/12m00.0s

running (04m24.0s), 80/80 VUs, 4206 complete and 0 interrupted iterations
sudden_spike   [  37% ] 80/80 VUs  04m24.0s/12m00.0s

running (04m25.0s), 80/80 VUs, 4206 complete and 0 interrupted iterations
sudden_spike   [  37% ] 80/80 VUs  04m25.0s/12m00.0s

running (04m26.0s), 80/80 VUs, 4233 complete and 0 interrupted iterations
sudden_spike   [  37% ] 80/80 VUs  04m26.0s/12m00.0s

running (04m27.0s), 80/80 VUs, 4251 complete and 0 interrupted iterations
sudden_spike   [  37% ] 80/80 VUs  04m27.0s/12m00.0s

running (04m28.0s), 80/80 VUs, 4259 complete and 0 interrupted iterations
sudden_spike   [  37% ] 80/80 VUs  04m28.0s/12m00.0s

running (04m29.0s), 80/80 VUs, 4286 complete and 0 interrupted iterations
sudden_spike   [  37% ] 80/80 VUs  04m29.0s/12m00.0s

running (04m30.0s), 80/80 VUs, 4286 complete and 0 interrupted iterations
sudden_spike   [  37% ] 80/80 VUs  04m30.0s/12m00.0s

running (04m31.0s), 80/80 VUs, 4313 complete and 0 interrupted iterations
sudden_spike   [  38% ] 80/80 VUs  04m31.0s/12m00.0s

running (04m32.0s), 80/80 VUs, 4339 complete and 0 interrupted iterations
sudden_spike   [  38% ] 80/80 VUs  04m32.0s/12m00.0s

running (04m33.0s), 80/80 VUs, 4339 complete and 0 interrupted iterations
sudden_spike   [  38% ] 80/80 VUs  04m33.0s/12m00.0s

running (04m34.0s), 80/80 VUs, 4365 complete and 0 interrupted iterations
sudden_spike   [  38% ] 80/80 VUs  04m34.0s/12m00.0s

running (04m35.0s), 80/80 VUs, 4392 complete and 0 interrupted iterations
sudden_spike   [  38% ] 80/80 VUs  04m35.0s/12m00.0s

running (04m36.0s), 80/80 VUs, 4392 complete and 0 interrupted iterations
sudden_spike   [  38% ] 80/80 VUs  04m36.0s/12m00.0s

running (04m37.0s), 80/80 VUs, 4418 complete and 0 interrupted iterations
sudden_spike   [  38% ] 80/80 VUs  04m37.0s/12m00.0s

running (04m38.0s), 80/80 VUs, 4418 complete and 0 interrupted iterations
sudden_spike   [  39% ] 80/80 VUs  04m38.0s/12m00.0s

running (04m39.0s), 80/80 VUs, 4443 complete and 0 interrupted iterations
sudden_spike   [  39% ] 80/80 VUs  04m39.0s/12m00.0s

running (04m40.0s), 80/80 VUs, 4470 complete and 0 interrupted iterations
sudden_spike   [  39% ] 80/80 VUs  04m40.0s/12m00.0s

running (04m41.0s), 80/80 VUs, 4470 complete and 0 interrupted iterations
sudden_spike   [  39% ] 80/80 VUs  04m41.0s/12m00.0s

running (04m42.0s), 80/80 VUs, 4496 complete and 0 interrupted iterations
sudden_spike   [  39% ] 80/80 VUs  04m42.0s/12m00.0s

running (04m43.0s), 80/80 VUs, 4496 complete and 0 interrupted iterations
sudden_spike   [  39% ] 80/80 VUs  04m43.0s/12m00.0s

running (04m44.0s), 80/80 VUs, 4523 complete and 0 interrupted iterations
sudden_spike   [  39% ] 80/80 VUs  04m44.0s/12m00.0s

running (04m45.0s), 80/80 VUs, 4550 complete and 0 interrupted iterations
sudden_spike   [  40% ] 80/80 VUs  04m45.0s/12m00.0s

running (04m46.0s), 80/80 VUs, 4550 complete and 0 interrupted iterations
sudden_spike   [  40% ] 80/80 VUs  04m46.0s/12m00.0s

running (04m47.0s), 80/80 VUs, 4576 complete and 0 interrupted iterations
sudden_spike   [  40% ] 80/80 VUs  04m47.0s/12m00.0s

running (04m48.0s), 80/80 VUs, 4603 complete and 0 interrupted iterations
sudden_spike   [  40% ] 80/80 VUs  04m48.0s/12m00.0s

running (04m49.0s), 80/80 VUs, 4603 complete and 0 interrupted iterations
sudden_spike   [  40% ] 80/80 VUs  04m49.0s/12m00.0s

running (04m50.0s), 80/80 VUs, 4630 complete and 0 interrupted iterations
sudden_spike   [  40% ] 80/80 VUs  04m50.0s/12m00.0s

running (04m51.0s), 80/80 VUs, 4630 complete and 0 interrupted iterations
sudden_spike   [  40% ] 80/80 VUs  04m51.0s/12m00.0s

running (04m52.0s), 80/80 VUs, 4656 complete and 0 interrupted iterations
sudden_spike   [  41% ] 80/80 VUs  04m52.0s/12m00.0s

running (04m53.0s), 80/80 VUs, 4682 complete and 0 interrupted iterations
sudden_spike   [  41% ] 80/80 VUs  04m53.0s/12m00.0s

running (04m54.0s), 80/80 VUs, 4682 complete and 0 interrupted iterations
sudden_spike   [  41% ] 80/80 VUs  04m54.0s/12m00.0s

running (04m55.0s), 80/80 VUs, 4709 complete and 0 interrupted iterations
sudden_spike   [  41% ] 80/80 VUs  04m55.0s/12m00.0s

running (04m56.0s), 80/80 VUs, 4709 complete and 0 interrupted iterations
sudden_spike   [  41% ] 80/80 VUs  04m56.0s/12m00.0s

running (04m57.0s), 80/80 VUs, 4736 complete and 0 interrupted iterations
sudden_spike   [  41% ] 80/80 VUs  04m57.0s/12m00.0s

running (04m58.0s), 80/80 VUs, 4763 complete and 0 interrupted iterations
sudden_spike   [  41% ] 80/80 VUs  04m58.0s/12m00.0s

running (04m59.0s), 80/80 VUs, 4763 complete and 0 interrupted iterations
sudden_spike   [  42% ] 80/80 VUs  04m59.0s/12m00.0s

running (05m00.0s), 80/80 VUs, 4789 complete and 0 interrupted iterations
sudden_spike   [  42% ] 80/80 VUs  05m00.0s/12m00.0s

running (05m01.0s), 80/80 VUs, 4791 complete and 0 interrupted iterations
sudden_spike   [  42% ] 80/80 VUs  05m01.0s/12m00.0s

running (05m02.0s), 80/80 VUs, 4815 complete and 0 interrupted iterations
sudden_spike   [  42% ] 80/80 VUs  05m02.0s/12m00.0s

running (05m03.0s), 80/80 VUs, 4842 complete and 0 interrupted iterations
sudden_spike   [  42% ] 80/80 VUs  05m03.0s/12m00.0s

running (05m04.0s), 80/80 VUs, 4842 complete and 0 interrupted iterations
sudden_spike   [  42% ] 80/80 VUs  05m04.0s/12m00.0s

running (05m05.0s), 80/80 VUs, 4869 complete and 0 interrupted iterations
sudden_spike   [  42% ] 80/80 VUs  05m05.0s/12m00.0s

running (05m06.0s), 80/80 VUs, 4894 complete and 0 interrupted iterations
sudden_spike   [  42% ] 80/80 VUs  05m06.0s/12m00.0s

running (05m07.0s), 80/80 VUs, 4896 complete and 0 interrupted iterations
sudden_spike   [  43% ] 80/80 VUs  05m07.0s/12m00.0s

running (05m08.0s), 80/80 VUs, 4922 complete and 0 interrupted iterations
sudden_spike   [  43% ] 80/80 VUs  05m08.0s/12m00.0s

running (05m09.0s), 80/80 VUs, 4922 complete and 0 interrupted iterations
sudden_spike   [  43% ] 80/80 VUs  05m09.0s/12m00.0s

running (05m10.0s), 80/80 VUs, 4949 complete and 0 interrupted iterations
sudden_spike   [  43% ] 80/80 VUs  05m10.0s/12m00.0s

running (05m11.0s), 80/80 VUs, 4976 complete and 0 interrupted iterations
sudden_spike   [  43% ] 80/80 VUs  05m11.0s/12m00.0s

running (05m12.0s), 80/80 VUs, 4976 complete and 0 interrupted iterations
sudden_spike   [  43% ] 80/80 VUs  05m12.0s/12m00.0s

running (05m13.0s), 80/80 VUs, 5002 complete and 0 interrupted iterations
sudden_spike   [  43% ] 80/80 VUs  05m13.0s/12m00.0s

running (05m14.0s), 80/80 VUs, 5002 complete and 0 interrupted iterations
sudden_spike   [  44% ] 80/80 VUs  05m14.0s/12m00.0s

running (05m15.0s), 80/80 VUs, 5029 complete and 0 interrupted iterations
sudden_spike   [  44% ] 80/80 VUs  05m15.0s/12m00.0s

running (05m16.0s), 80/80 VUs, 5056 complete and 0 interrupted iterations
sudden_spike   [  44% ] 80/80 VUs  05m16.0s/12m00.0s

running (05m17.0s), 80/80 VUs, 5056 complete and 0 interrupted iterations
sudden_spike   [  44% ] 80/80 VUs  05m17.0s/12m00.0s

running (05m18.0s), 80/80 VUs, 5082 complete and 0 interrupted iterations
sudden_spike   [  44% ] 80/80 VUs  05m18.0s/12m00.0s

running (05m19.0s), 80/80 VUs, 5082 complete and 0 interrupted iterations
sudden_spike   [  44% ] 80/80 VUs  05m19.0s/12m00.0s

running (05m20.0s), 80/80 VUs, 5109 complete and 0 interrupted iterations
sudden_spike   [  44% ] 80/80 VUs  05m20.0s/12m00.0s

running (05m21.0s), 80/80 VUs, 5136 complete and 0 interrupted iterations
sudden_spike   [  45% ] 80/80 VUs  05m21.0s/12m00.0s

running (05m22.0s), 80/80 VUs, 5136 complete and 0 interrupted iterations
sudden_spike   [  45% ] 80/80 VUs  05m22.0s/12m00.0s

running (05m23.0s), 80/80 VUs, 5162 complete and 0 interrupted iterations
sudden_spike   [  45% ] 80/80 VUs  05m23.0s/12m00.0s

running (05m24.0s), 80/80 VUs, 5182 complete and 0 interrupted iterations
sudden_spike   [  45% ] 80/80 VUs  05m24.0s/12m00.0s

running (05m25.0s), 80/80 VUs, 5188 complete and 0 interrupted iterations
sudden_spike   [  45% ] 80/80 VUs  05m25.0s/12m00.0s

running (05m26.0s), 80/80 VUs, 5215 complete and 0 interrupted iterations
sudden_spike   [  45% ] 80/80 VUs  05m26.0s/12m00.0s

running (05m27.0s), 80/80 VUs, 5215 complete and 0 interrupted iterations
sudden_spike   [  45% ] 80/80 VUs  05m27.0s/12m00.0s

running (05m28.0s), 80/80 VUs, 5242 complete and 0 interrupted iterations
sudden_spike   [  46% ] 80/80 VUs  05m28.0s/12m00.0s

running (05m29.0s), 80/80 VUs, 5268 complete and 0 interrupted iterations
sudden_spike   [  46% ] 80/80 VUs  05m29.0s/12m00.0s

running (05m30.0s), 80/80 VUs, 5268 complete and 0 interrupted iterations
sudden_spike   [  46% ] 80/80 VUs  05m30.0s/12m00.0s

running (05m31.0s), 80/80 VUs, 5295 complete and 0 interrupted iterations
sudden_spike   [  46% ] 80/80 VUs  05m31.0s/12m00.0s

running (05m32.0s), 80/80 VUs, 5298 complete and 0 interrupted iterations
sudden_spike   [  46% ] 80/80 VUs  05m32.0s/12m00.0s

running (05m33.0s), 80/80 VUs, 5322 complete and 0 interrupted iterations
sudden_spike   [  46% ] 80/80 VUs  05m33.0s/12m00.0s

running (05m34.0s), 80/80 VUs, 5348 complete and 0 interrupted iterations
sudden_spike   [  46% ] 80/80 VUs  05m34.0s/12m00.0s

running (05m35.0s), 80/80 VUs, 5348 complete and 0 interrupted iterations
sudden_spike   [  47% ] 80/80 VUs  05m35.0s/12m00.0s

running (05m36.0s), 80/80 VUs, 5370 complete and 0 interrupted iterations
sudden_spike   [  47% ] 80/80 VUs  05m36.0s/12m00.0s

running (05m37.0s), 80/80 VUs, 5398 complete and 0 interrupted iterations
sudden_spike   [  47% ] 80/80 VUs  05m37.0s/12m00.0s

running (05m38.0s), 80/80 VUs, 5398 complete and 0 interrupted iterations
sudden_spike   [  47% ] 80/80 VUs  05m38.0s/12m00.0s

running (05m39.0s), 80/80 VUs, 5425 complete and 0 interrupted iterations
sudden_spike   [  47% ] 80/80 VUs  05m39.0s/12m00.0s

running (05m40.0s), 80/80 VUs, 5449 complete and 0 interrupted iterations
sudden_spike   [  47% ] 80/80 VUs  05m40.0s/12m00.0s

running (05m41.0s), 80/80 VUs, 5450 complete and 0 interrupted iterations
sudden_spike   [  47% ] 80/80 VUs  05m41.0s/12m00.0s

running (05m42.0s), 80/80 VUs, 5477 complete and 0 interrupted iterations
sudden_spike   [  47% ] 80/80 VUs  05m42.0s/12m00.0s

running (05m43.0s), 80/80 VUs, 5477 complete and 0 interrupted iterations
sudden_spike   [  48% ] 80/80 VUs  05m43.0s/12m00.0s

running (05m44.0s), 80/80 VUs, 5503 complete and 0 interrupted iterations
sudden_spike   [  48% ] 80/80 VUs  05m44.0s/12m00.0s

running (05m45.0s), 80/80 VUs, 5530 complete and 0 interrupted iterations
sudden_spike   [  48% ] 80/80 VUs  05m45.0s/12m00.0s

running (05m46.0s), 80/80 VUs, 5530 complete and 0 interrupted iterations
sudden_spike   [  48% ] 80/80 VUs  05m46.0s/12m00.0s

running (05m47.0s), 80/80 VUs, 5557 complete and 0 interrupted iterations
sudden_spike   [  48% ] 80/80 VUs  05m47.0s/12m00.0s

running (05m48.0s), 80/80 VUs, 5557 complete and 0 interrupted iterations
sudden_spike   [  48% ] 80/80 VUs  05m48.0s/12m00.0s

running (05m49.0s), 80/80 VUs, 5583 complete and 0 interrupted iterations
sudden_spike   [  48% ] 80/80 VUs  05m49.0s/12m00.0s

running (05m50.0s), 80/80 VUs, 5606 complete and 0 interrupted iterations
sudden_spike   [  49% ] 80/80 VUs  05m50.0s/12m00.0s

running (05m51.0s), 80/80 VUs, 5606 complete and 0 interrupted iterations
sudden_spike   [  49% ] 80/80 VUs  05m51.0s/12m00.0s

running (05m52.0s), 80/80 VUs, 5633 complete and 0 interrupted iterations
sudden_spike   [  49% ] 80/80 VUs  05m52.0s/12m00.0s

running (05m53.0s), 80/80 VUs, 5660 complete and 0 interrupted iterations
sudden_spike   [  49% ] 80/80 VUs  05m53.0s/12m00.0s

running (05m54.0s), 80/80 VUs, 5660 complete and 0 interrupted iterations
sudden_spike   [  49% ] 80/80 VUs  05m54.0s/12m00.0s

running (05m55.0s), 80/80 VUs, 5671 complete and 0 interrupted iterations
sudden_spike   [  49% ] 80/80 VUs  05m55.0s/12m00.0s

running (05m56.0s), 80/80 VUs, 5699 complete and 0 interrupted iterations
sudden_spike   [  49% ] 80/80 VUs  05m56.0s/12m00.0s

running (05m57.0s), 80/80 VUs, 5699 complete and 0 interrupted iterations
sudden_spike   [  50% ] 80/80 VUs  05m57.0s/12m00.0s

running (05m58.0s), 80/80 VUs, 5726 complete and 0 interrupted iterations
sudden_spike   [  50% ] 80/80 VUs  05m58.0s/12m00.0s

running (05m59.0s), 80/80 VUs, 5752 complete and 0 interrupted iterations
sudden_spike   [  50% ] 80/80 VUs  05m59.0s/12m00.0s

running (06m00.0s), 80/80 VUs, 5752 complete and 0 interrupted iterations
sudden_spike   [  50% ] 80/80 VUs  06m00.0s/12m00.0s

running (06m01.0s), 80/80 VUs, 5766 complete and 0 interrupted iterations
sudden_spike   [  50% ] 80/80 VUs  06m01.0s/12m00.0s

running (06m02.0s), 80/80 VUs, 5795 complete and 0 interrupted iterations
sudden_spike   [  50% ] 80/80 VUs  06m02.0s/12m00.0s

running (06m03.0s), 80/80 VUs, 5795 complete and 0 interrupted iterations
sudden_spike   [  50% ] 80/80 VUs  06m03.0s/12m00.0s

running (06m04.0s), 80/80 VUs, 5821 complete and 0 interrupted iterations
sudden_spike   [  51% ] 80/80 VUs  06m04.0s/12m00.0s

running (06m05.0s), 80/80 VUs, 5848 complete and 0 interrupted iterations
sudden_spike   [  51% ] 80/80 VUs  06m05.0s/12m00.0s

running (06m06.0s), 80/80 VUs, 5848 complete and 0 interrupted iterations
sudden_spike   [  51% ] 80/80 VUs  06m06.0s/12m00.0s

running (06m07.0s), 80/80 VUs, 5873 complete and 0 interrupted iterations
sudden_spike   [  51% ] 80/80 VUs  06m07.0s/12m00.0s

running (06m08.0s), 80/80 VUs, 5900 complete and 0 interrupted iterations
sudden_spike   [  51% ] 80/80 VUs  06m08.0s/12m00.0s

running (06m09.0s), 80/80 VUs, 5900 complete and 0 interrupted iterations
sudden_spike   [  51% ] 80/80 VUs  06m09.0s/12m00.0s

running (06m10.0s), 80/80 VUs, 5926 complete and 0 interrupted iterations
sudden_spike   [  51% ] 80/80 VUs  06m10.0s/12m00.0s

running (06m11.0s), 80/80 VUs, 5926 complete and 0 interrupted iterations
sudden_spike   [  52% ] 80/80 VUs  06m11.0s/12m00.0s

running (06m12.0s), 80/80 VUs, 5953 complete and 0 interrupted iterations
sudden_spike   [  52% ] 80/80 VUs  06m12.0s/12m00.0s

running (06m13.0s), 80/80 VUs, 5980 complete and 0 interrupted iterations
sudden_spike   [  52% ] 80/80 VUs  06m13.0s/12m00.0s

running (06m14.0s), 80/80 VUs, 5980 complete and 0 interrupted iterations
sudden_spike   [  52% ] 80/80 VUs  06m14.0s/12m00.0s

running (06m15.0s), 80/80 VUs, 6006 complete and 0 interrupted iterations
sudden_spike   [  52% ] 80/80 VUs  06m15.0s/12m00.0s

running (06m16.0s), 80/80 VUs, 6006 complete and 0 interrupted iterations
sudden_spike   [  52% ] 80/80 VUs  06m16.0s/12m00.0s

running (06m17.0s), 80/80 VUs, 6033 complete and 0 interrupted iterations
sudden_spike   [  52% ] 80/80 VUs  06m17.0s/12m00.0s

running (06m18.0s), 80/80 VUs, 6060 complete and 0 interrupted iterations
sudden_spike   [  52% ] 80/80 VUs  06m18.0s/12m00.0s

running (06m19.0s), 80/80 VUs, 6060 complete and 0 interrupted iterations
sudden_spike   [  53% ] 80/80 VUs  06m19.0s/12m00.0s

running (06m20.0s), 80/80 VUs, 6086 complete and 0 interrupted iterations
sudden_spike   [  53% ] 80/80 VUs  06m20.0s/12m00.0s

running (06m21.0s), 80/80 VUs, 6086 complete and 0 interrupted iterations
sudden_spike   [  53% ] 80/80 VUs  06m21.0s/12m00.0s

running (06m22.0s), 80/80 VUs, 6113 complete and 0 interrupted iterations
sudden_spike   [  53% ] 80/80 VUs  06m22.0s/12m00.0s

running (06m23.0s), 80/80 VUs, 6140 complete and 0 interrupted iterations
sudden_spike   [  53% ] 80/80 VUs  06m23.0s/12m00.0s

running (06m24.0s), 80/80 VUs, 6140 complete and 0 interrupted iterations
sudden_spike   [  53% ] 80/80 VUs  06m24.0s/12m00.0s

running (06m25.0s), 80/80 VUs, 6162 complete and 0 interrupted iterations
sudden_spike   [  53% ] 80/80 VUs  06m25.0s/12m00.0s

running (06m26.0s), 80/80 VUs, 6190 complete and 0 interrupted iterations
sudden_spike   [  54% ] 80/80 VUs  06m26.0s/12m00.0s

running (06m27.0s), 80/80 VUs, 6190 complete and 0 interrupted iterations
sudden_spike   [  54% ] 80/80 VUs  06m27.0s/12m00.0s

running (06m28.0s), 80/80 VUs, 6216 complete and 0 interrupted iterations
sudden_spike   [  54% ] 80/80 VUs  06m28.0s/12m00.0s

running (06m29.0s), 80/80 VUs, 6216 complete and 0 interrupted iterations
sudden_spike   [  54% ] 80/80 VUs  06m29.0s/12m00.0s

running (06m30.0s), 80/80 VUs, 6243 complete and 0 interrupted iterations
sudden_spike   [  54% ] 80/80 VUs  06m30.0s/12m00.0s

running (06m31.0s), 80/80 VUs, 6266 complete and 0 interrupted iterations
sudden_spike   [  54% ] 80/80 VUs  06m31.0s/12m00.0s

running (06m32.0s), 80/80 VUs, 6267 complete and 0 interrupted iterations
sudden_spike   [  54% ] 80/80 VUs  06m32.0s/12m00.0s

running (06m33.0s), 80/80 VUs, 6294 complete and 0 interrupted iterations
sudden_spike   [  55% ] 80/80 VUs  06m33.0s/12m00.0s

running (06m34.0s), 80/80 VUs, 6321 complete and 0 interrupted iterations
sudden_spike   [  55% ] 80/80 VUs  06m34.0s/12m00.0s

running (06m35.0s), 80/80 VUs, 6321 complete and 0 interrupted iterations
sudden_spike   [  55% ] 80/80 VUs  06m35.0s/12m00.0s

running (06m36.0s), 80/80 VUs, 6347 complete and 0 interrupted iterations
sudden_spike   [  55% ] 80/80 VUs  06m36.0s/12m00.0s

running (06m37.0s), 80/80 VUs, 6347 complete and 0 interrupted iterations
sudden_spike   [  55% ] 80/80 VUs  06m37.0s/12m00.0s

running (06m38.0s), 80/80 VUs, 6374 complete and 0 interrupted iterations
sudden_spike   [  55% ] 80/80 VUs  06m38.0s/12m00.0s

running (06m39.0s), 80/80 VUs, 6400 complete and 0 interrupted iterations
sudden_spike   [  55% ] 80/80 VUs  06m39.0s/12m00.0s

running (06m40.0s), 80/80 VUs, 6400 complete and 0 interrupted iterations
sudden_spike   [  56% ] 80/80 VUs  06m40.0s/12m00.0s

running (06m41.0s), 80/80 VUs, 6426 complete and 0 interrupted iterations
sudden_spike   [  56% ] 80/80 VUs  06m41.0s/12m00.0s

running (06m42.0s), 80/80 VUs, 6453 complete and 0 interrupted iterations
sudden_spike   [  56% ] 80/80 VUs  06m42.0s/12m00.0s

running (06m43.0s), 80/80 VUs, 6453 complete and 0 interrupted iterations
sudden_spike   [  56% ] 80/80 VUs  06m43.0s/12m00.0s

running (06m44.0s), 80/80 VUs, 6480 complete and 0 interrupted iterations
sudden_spike   [  56% ] 80/80 VUs  06m44.0s/12m00.0s

running (06m45.0s), 80/80 VUs, 6506 complete and 0 interrupted iterations
sudden_spike   [  56% ] 80/80 VUs  06m45.0s/12m00.0s

running (06m46.0s), 80/80 VUs, 6506 complete and 0 interrupted iterations
sudden_spike   [  56% ] 80/80 VUs  06m46.0s/12m00.0s

running (06m47.0s), 80/80 VUs, 6533 complete and 0 interrupted iterations
sudden_spike   [  57% ] 80/80 VUs  06m47.0s/12m00.0s

running (06m48.0s), 80/80 VUs, 6560 complete and 0 interrupted iterations
sudden_spike   [  57% ] 80/80 VUs  06m48.0s/12m00.0s

running (06m49.0s), 80/80 VUs, 6560 complete and 0 interrupted iterations
sudden_spike   [  57% ] 80/80 VUs  06m49.0s/12m00.0s

running (06m50.0s), 80/80 VUs, 6586 complete and 0 interrupted iterations
sudden_spike   [  57% ] 80/80 VUs  06m50.0s/12m00.0s

running (06m51.0s), 80/80 VUs, 6586 complete and 0 interrupted iterations
sudden_spike   [  57% ] 80/80 VUs  06m51.0s/12m00.0s

running (06m52.0s), 80/80 VUs, 6613 complete and 0 interrupted iterations
sudden_spike   [  57% ] 80/80 VUs  06m52.0s/12m00.0s

running (06m53.0s), 80/80 VUs, 6633 complete and 0 interrupted iterations
sudden_spike   [  57% ] 80/80 VUs  06m53.0s/12m00.0s

running (06m54.0s), 80/80 VUs, 6637 complete and 0 interrupted iterations
sudden_spike   [  57% ] 80/80 VUs  06m54.0s/12m00.0s

running (06m55.0s), 80/80 VUs, 6665 complete and 0 interrupted iterations
sudden_spike   [  58% ] 80/80 VUs  06m55.0s/12m00.0s

running (06m56.0s), 80/80 VUs, 6665 complete and 0 interrupted iterations
sudden_spike   [  58% ] 80/80 VUs  06m56.0s/12m00.0s

running (06m57.0s), 80/80 VUs, 6692 complete and 0 interrupted iterations
sudden_spike   [  58% ] 80/80 VUs  06m57.0s/12m00.0s

running (06m58.0s), 80/80 VUs, 6719 complete and 0 interrupted iterations
sudden_spike   [  58% ] 80/80 VUs  06m58.0s/12m00.0s

running (06m59.0s), 80/80 VUs, 6719 complete and 0 interrupted iterations
sudden_spike   [  58% ] 80/80 VUs  06m59.0s/12m00.0s

running (07m00.0s), 80/80 VUs, 6745 complete and 0 interrupted iterations
sudden_spike   [  58% ] 80/80 VUs  07m00.0s/12m00.0s

running (07m01.0s), 80/80 VUs, 6745 complete and 0 interrupted iterations
sudden_spike   [  58% ] 80/80 VUs  07m01.0s/12m00.0s

running (07m02.0s), 80/80 VUs, 6772 complete and 0 interrupted iterations
sudden_spike   [  59% ] 80/80 VUs  07m02.0s/12m00.0s

running (07m03.0s), 80/80 VUs, 6799 complete and 0 interrupted iterations
sudden_spike   [  59% ] 80/80 VUs  07m03.0s/12m00.0s

running (07m04.0s), 80/80 VUs, 6799 complete and 0 interrupted iterations
sudden_spike   [  59% ] 80/80 VUs  07m04.0s/12m00.0s

running (07m05.0s), 80/80 VUs, 6825 complete and 0 interrupted iterations
sudden_spike   [  59% ] 80/80 VUs  07m05.0s/12m00.0s

running (07m06.0s), 80/80 VUs, 6838 complete and 0 interrupted iterations
sudden_spike   [  59% ] 80/80 VUs  07m06.0s/12m00.0s

running (07m07.0s), 80/80 VUs, 6838 complete and 0 interrupted iterations
sudden_spike   [  59% ] 80/80 VUs  07m07.0s/12m00.0s

running (07m08.0s), 80/80 VUs, 6866 complete and 0 interrupted iterations
sudden_spike   [  59% ] 80/80 VUs  07m08.0s/12m00.0s

running (07m09.0s), 80/80 VUs, 6892 complete and 0 interrupted iterations
sudden_spike   [  60% ] 80/80 VUs  07m09.0s/12m00.0s

running (07m10.0s), 80/80 VUs, 6892 complete and 0 interrupted iterations
sudden_spike   [  60% ] 80/80 VUs  07m10.0s/12m00.0s

running (07m11.0s), 80/80 VUs, 6919 complete and 0 interrupted iterations
sudden_spike   [  60% ] 80/80 VUs  07m11.0s/12m00.0s

running (07m12.0s), 80/80 VUs, 6946 complete and 0 interrupted iterations
sudden_spike   [  60% ] 80/80 VUs  07m12.0s/12m00.0s

running (07m13.0s), 80/80 VUs, 6946 complete and 0 interrupted iterations
sudden_spike   [  60% ] 80/80 VUs  07m13.0s/12m00.0s

running (07m14.0s), 80/80 VUs, 6970 complete and 0 interrupted iterations
sudden_spike   [  60% ] 80/80 VUs  07m14.0s/12m00.0s

running (07m15.0s), 80/80 VUs, 6970 complete and 0 interrupted iterations
sudden_spike   [  60% ] 80/80 VUs  07m15.0s/12m00.0s

running (07m16.0s), 80/80 VUs, 6998 complete and 0 interrupted iterations
sudden_spike   [  61% ] 80/80 VUs  07m16.0s/12m00.0s

running (07m17.0s), 80/80 VUs, 7025 complete and 0 interrupted iterations
sudden_spike   [  61% ] 80/80 VUs  07m17.0s/12m00.0s

running (07m18.0s), 80/80 VUs, 7025 complete and 0 interrupted iterations
sudden_spike   [  61% ] 80/80 VUs  07m18.0s/12m00.0s

running (07m19.0s), 80/80 VUs, 7052 complete and 0 interrupted iterations
sudden_spike   [  61% ] 80/80 VUs  07m19.0s/12m00.0s

running (07m20.0s), 80/80 VUs, 7052 complete and 0 interrupted iterations
sudden_spike   [  61% ] 80/80 VUs  07m20.0s/12m00.0s

running (07m21.0s), 80/80 VUs, 7078 complete and 0 interrupted iterations
sudden_spike   [  61% ] 80/80 VUs  07m21.0s/12m00.0s

running (07m22.0s), 80/80 VUs, 7105 complete and 0 interrupted iterations
sudden_spike   [  61% ] 80/80 VUs  07m22.0s/12m00.0s

running (07m23.0s), 80/80 VUs, 7105 complete and 0 interrupted iterations
sudden_spike   [  62% ] 80/80 VUs  07m23.0s/12m00.0s

running (07m24.0s), 80/80 VUs, 7132 complete and 0 interrupted iterations
sudden_spike   [  62% ] 80/80 VUs  07m24.0s/12m00.0s

running (07m25.0s), 80/80 VUs, 7151 complete and 0 interrupted iterations
sudden_spike   [  62% ] 80/80 VUs  07m25.0s/12m00.0s

running (07m26.0s), 80/80 VUs, 7158 complete and 0 interrupted iterations
sudden_spike   [  62% ] 80/80 VUs  07m26.0s/12m00.0s

running (07m27.0s), 80/80 VUs, 7185 complete and 0 interrupted iterations
sudden_spike   [  62% ] 80/80 VUs  07m27.0s/12m00.0s

running (07m28.0s), 80/80 VUs, 7185 complete and 0 interrupted iterations
sudden_spike   [  62% ] 80/80 VUs  07m28.0s/12m00.0s

running (07m29.0s), 80/80 VUs, 7212 complete and 0 interrupted iterations
sudden_spike   [  62% ] 80/80 VUs  07m29.0s/12m00.0s

running (07m30.0s), 80/80 VUs, 7238 complete and 0 interrupted iterations
sudden_spike   [  62% ] 80/80 VUs  07m30.0s/12m00.0s

running (07m31.0s), 80/80 VUs, 7238 complete and 0 interrupted iterations
sudden_spike   [  63% ] 80/80 VUs  07m31.0s/12m00.0s

running (07m32.0s), 80/80 VUs, 7262 complete and 0 interrupted iterations
sudden_spike   [  63% ] 80/80 VUs  07m32.0s/12m00.0s

running (07m33.0s), 80/80 VUs, 7289 complete and 0 interrupted iterations
sudden_spike   [  63% ] 80/80 VUs  07m33.0s/12m00.0s

running (07m34.0s), 80/80 VUs, 7289 complete and 0 interrupted iterations
sudden_spike   [  63% ] 80/80 VUs  07m34.0s/12m00.0s

running (07m35.0s), 80/80 VUs, 7316 complete and 0 interrupted iterations
sudden_spike   [  63% ] 80/80 VUs  07m35.0s/12m00.0s

running (07m36.0s), 80/80 VUs, 7316 complete and 0 interrupted iterations
sudden_spike   [  63% ] 80/80 VUs  07m36.0s/12m00.0s

running (07m37.0s), 80/80 VUs, 7342 complete and 0 interrupted iterations
sudden_spike   [  63% ] 80/80 VUs  07m37.0s/12m00.0s

running (07m38.0s), 80/80 VUs, 7369 complete and 0 interrupted iterations
sudden_spike   [  64% ] 80/80 VUs  07m38.0s/12m00.0s

running (07m39.0s), 80/80 VUs, 7369 complete and 0 interrupted iterations
sudden_spike   [  64% ] 80/80 VUs  07m39.0s/12m00.0s

running (07m40.0s), 80/80 VUs, 7396 complete and 0 interrupted iterations
sudden_spike   [  64% ] 80/80 VUs  07m40.0s/12m00.0s

running (07m41.0s), 80/80 VUs, 7396 complete and 0 interrupted iterations
sudden_spike   [  64% ] 80/80 VUs  07m41.0s/12m00.0s

running (07m42.0s), 80/80 VUs, 7422 complete and 0 interrupted iterations
sudden_spike   [  64% ] 80/80 VUs  07m42.0s/12m00.0s

running (07m43.0s), 80/80 VUs, 7443 complete and 0 interrupted iterations
sudden_spike   [  64% ] 80/80 VUs  07m43.0s/12m00.0s

running (07m44.0s), 80/80 VUs, 7449 complete and 0 interrupted iterations
sudden_spike   [  64% ] 80/80 VUs  07m44.0s/12m00.0s

running (07m45.0s), 80/80 VUs, 7475 complete and 0 interrupted iterations
sudden_spike   [  65% ] 80/80 VUs  07m45.0s/12m00.0s

running (07m46.0s), 80/80 VUs, 7475 complete and 0 interrupted iterations
sudden_spike   [  65% ] 80/80 VUs  07m46.0s/12m00.0s

running (07m47.0s), 80/80 VUs, 7502 complete and 0 interrupted iterations
sudden_spike   [  65% ] 80/80 VUs  07m47.0s/12m00.0s

running (07m48.0s), 80/80 VUs, 7529 complete and 0 interrupted iterations
sudden_spike   [  65% ] 80/80 VUs  07m48.0s/12m00.0s

running (07m49.0s), 80/80 VUs, 7529 complete and 0 interrupted iterations
sudden_spike   [  65% ] 80/80 VUs  07m49.0s/12m00.0s

running (07m50.0s), 80/80 VUs, 7555 complete and 0 interrupted iterations
sudden_spike   [  65% ] 80/80 VUs  07m50.0s/12m00.0s

running (07m51.0s), 80/80 VUs, 7555 complete and 0 interrupted iterations
sudden_spike   [  65% ] 80/80 VUs  07m51.0s/12m00.0s

running (07m52.0s), 80/80 VUs, 7582 complete and 0 interrupted iterations
sudden_spike   [  66% ] 80/80 VUs  07m52.0s/12m00.0s

running (07m53.0s), 80/80 VUs, 7609 complete and 0 interrupted iterations
sudden_spike   [  66% ] 80/80 VUs  07m53.0s/12m00.0s

running (07m54.0s), 80/80 VUs, 7609 complete and 0 interrupted iterations
sudden_spike   [  66% ] 80/80 VUs  07m54.0s/12m00.0s

running (07m55.0s), 80/80 VUs, 7635 complete and 0 interrupted iterations
sudden_spike   [  66% ] 80/80 VUs  07m55.0s/12m00.0s

running (07m56.0s), 80/80 VUs, 7640 complete and 0 interrupted iterations
sudden_spike   [  66% ] 80/80 VUs  07m56.0s/12m00.0s

running (07m57.0s), 80/80 VUs, 7667 complete and 0 interrupted iterations
sudden_spike   [  66% ] 80/80 VUs  07m57.0s/12m00.0s

running (07m58.0s), 80/80 VUs, 7682 complete and 0 interrupted iterations
sudden_spike   [  66% ] 80/80 VUs  07m58.0s/12m00.0s

running (07m59.0s), 80/80 VUs, 7694 complete and 0 interrupted iterations
sudden_spike   [  67% ] 80/80 VUs  07m59.0s/12m00.0s

running (08m00.0s), 80/80 VUs, 7721 complete and 0 interrupted iterations
sudden_spike   [  67% ] 80/80 VUs  08m00.0s/12m00.0s

running (08m01.0s), 80/80 VUs, 7721 complete and 0 interrupted iterations
sudden_spike   [  67% ] 80/80 VUs  08m01.0s/12m00.0s

running (08m02.0s), 80/80 VUs, 7741 complete and 0 interrupted iterations
sudden_spike   [  67% ] 80/80 VUs  08m02.0s/12m00.0s

running (08m03.0s), 80/80 VUs, 7769 complete and 0 interrupted iterations
sudden_spike   [  67% ] 80/80 VUs  08m03.0s/12m00.0s

running (08m04.0s), 80/80 VUs, 7769 complete and 0 interrupted iterations
sudden_spike   [  67% ] 80/80 VUs  08m04.0s/12m00.0s

running (08m05.0s), 80/80 VUs, 7796 complete and 0 interrupted iterations
sudden_spike   [  67% ] 80/80 VUs  08m05.0s/12m00.0s

running (08m06.0s), 80/80 VUs, 7822 complete and 0 interrupted iterations
sudden_spike   [  67% ] 80/80 VUs  08m06.0s/12m00.0s

running (08m07.0s), 80/80 VUs, 7822 complete and 0 interrupted iterations
sudden_spike   [  68% ] 80/80 VUs  08m07.0s/12m00.0s

running (08m08.0s), 80/80 VUs, 7849 complete and 0 interrupted iterations
sudden_spike   [  68% ] 80/80 VUs  08m08.0s/12m00.0s

running (08m09.0s), 80/80 VUs, 7849 complete and 0 interrupted iterations
sudden_spike   [  68% ] 80/80 VUs  08m09.0s/12m00.0s

running (08m10.0s), 80/80 VUs, 7876 complete and 0 interrupted iterations
sudden_spike   [  68% ] 80/80 VUs  08m10.0s/12m00.0s

running (08m11.0s), 80/80 VUs, 7902 complete and 0 interrupted iterations
sudden_spike   [  68% ] 80/80 VUs  08m11.0s/12m00.0s

running (08m12.0s), 80/80 VUs, 7902 complete and 0 interrupted iterations
sudden_spike   [  68% ] 80/80 VUs  08m12.0s/12m00.0s

running (08m13.0s), 80/80 VUs, 7929 complete and 0 interrupted iterations
sudden_spike   [  68% ] 80/80 VUs  08m13.0s/12m00.0s

running (08m14.0s), 80/80 VUs, 7929 complete and 0 interrupted iterations
sudden_spike   [  69% ] 80/80 VUs  08m14.0s/12m00.0s

running (08m15.0s), 80/80 VUs, 7956 complete and 0 interrupted iterations
sudden_spike   [  69% ] 80/80 VUs  08m15.0s/12m00.0s

running (08m16.0s), 80/80 VUs, 7980 complete and 0 interrupted iterations
sudden_spike   [  69% ] 80/80 VUs  08m16.0s/12m00.0s

running (08m17.0s), 80/80 VUs, 7980 complete and 0 interrupted iterations
sudden_spike   [  69% ] 80/80 VUs  08m17.0s/12m00.0s

running (08m18.0s), 80/80 VUs, 8007 complete and 0 interrupted iterations
sudden_spike   [  69% ] 80/80 VUs  08m18.0s/12m00.0s

running (08m19.0s), 80/80 VUs, 8007 complete and 0 interrupted iterations
sudden_spike   [  69% ] 80/80 VUs  08m19.0s/12m00.0s

running (08m20.0s), 80/80 VUs, 8034 complete and 0 interrupted iterations
sudden_spike   [  69% ] 80/80 VUs  08m20.0s/12m00.0s

running (08m21.0s), 80/80 VUs, 8061 complete and 0 interrupted iterations
sudden_spike   [  70% ] 80/80 VUs  08m21.0s/12m00.0s

running (08m22.0s), 80/80 VUs, 8061 complete and 0 interrupted iterations
sudden_spike   [  70% ] 80/80 VUs  08m22.0s/12m00.0s

running (08m23.0s), 80/80 VUs, 8087 complete and 0 interrupted iterations
sudden_spike   [  70% ] 80/80 VUs  08m23.0s/12m00.0s

running (08m24.0s), 80/80 VUs, 8114 complete and 0 interrupted iterations
sudden_spike   [  70% ] 80/80 VUs  08m24.0s/12m00.0s

running (08m25.0s), 80/80 VUs, 8114 complete and 0 interrupted iterations
sudden_spike   [  70% ] 80/80 VUs  08m25.0s/12m00.0s

running (08m26.0s), 80/80 VUs, 8141 complete and 0 interrupted iterations
sudden_spike   [  70% ] 80/80 VUs  08m26.0s/12m00.0s

running (08m27.0s), 80/80 VUs, 8141 complete and 0 interrupted iterations
sudden_spike   [  70% ] 80/80 VUs  08m27.0s/12m00.0s

running (08m28.0s), 80/80 VUs, 8167 complete and 0 interrupted iterations
sudden_spike   [  71% ] 80/80 VUs  08m28.0s/12m00.0s

running (08m29.0s), 80/80 VUs, 8189 complete and 0 interrupted iterations
sudden_spike   [  71% ] 80/80 VUs  08m29.0s/12m00.0s

running (08m30.0s), 80/80 VUs, 8192 complete and 0 interrupted iterations
sudden_spike   [  71% ] 80/80 VUs  08m30.0s/12m00.0s

running (08m31.0s), 80/80 VUs, 8219 complete and 0 interrupted iterations
sudden_spike   [  71% ] 80/80 VUs  08m31.0s/12m00.0s

running (08m32.0s), 80/80 VUs, 8219 complete and 0 interrupted iterations
sudden_spike   [  71% ] 80/80 VUs  08m32.0s/12m00.0s

running (08m33.0s), 80/80 VUs, 8246 complete and 0 interrupted iterations
sudden_spike   [  71% ] 80/80 VUs  08m33.0s/12m00.0s

running (08m34.0s), 80/80 VUs, 8272 complete and 0 interrupted iterations
sudden_spike   [  71% ] 80/80 VUs  08m34.0s/12m00.0s

running (08m35.0s), 80/80 VUs, 8272 complete and 0 interrupted iterations
sudden_spike   [  72% ] 80/80 VUs  08m35.0s/12m00.0s

running (08m36.0s), 80/80 VUs, 8299 complete and 0 interrupted iterations
sudden_spike   [  72% ] 80/80 VUs  08m36.0s/12m00.0s

running (08m37.0s), 80/80 VUs, 8299 complete and 0 interrupted iterations
sudden_spike   [  72% ] 80/80 VUs  08m37.0s/12m00.0s

running (08m38.0s), 80/80 VUs, 8326 complete and 0 interrupted iterations
sudden_spike   [  72% ] 80/80 VUs  08m38.0s/12m00.0s

running (08m39.0s), 80/80 VUs, 8352 complete and 0 interrupted iterations
sudden_spike   [  72% ] 80/80 VUs  08m39.0s/12m00.0s

running (08m40.0s), 80/80 VUs, 8352 complete and 0 interrupted iterations
sudden_spike   [  72% ] 80/80 VUs  08m40.0s/12m00.0s

running (08m41.0s), 80/80 VUs, 8379 complete and 0 interrupted iterations
sudden_spike   [  72% ] 80/80 VUs  08m41.0s/12m00.0s

running (08m42.0s), 80/80 VUs, 8379 complete and 0 interrupted iterations
sudden_spike   [  72% ] 80/80 VUs  08m42.0s/12m00.0s

running (08m43.0s), 80/80 VUs, 8406 complete and 0 interrupted iterations
sudden_spike   [  73% ] 80/80 VUs  08m43.0s/12m00.0s

running (08m44.0s), 80/80 VUs, 8432 complete and 0 interrupted iterations
sudden_spike   [  73% ] 80/80 VUs  08m44.0s/12m00.0s

running (08m45.0s), 80/80 VUs, 8432 complete and 0 interrupted iterations
sudden_spike   [  73% ] 80/80 VUs  08m45.0s/12m00.0s

running (08m46.0s), 80/80 VUs, 8457 complete and 0 interrupted iterations
sudden_spike   [  73% ] 80/80 VUs  08m46.0s/12m00.0s

running (08m47.0s), 80/80 VUs, 8484 complete and 0 interrupted iterations
sudden_spike   [  73% ] 80/80 VUs  08m47.0s/12m00.0s

running (08m48.0s), 80/80 VUs, 8484 complete and 0 interrupted iterations
sudden_spike   [  73% ] 80/80 VUs  08m48.0s/12m00.0s

running (08m49.0s), 80/80 VUs, 8510 complete and 0 interrupted iterations
sudden_spike   [  73% ] 80/80 VUs  08m49.0s/12m00.0s

running (08m50.0s), 80/80 VUs, 8510 complete and 0 interrupted iterations
sudden_spike   [  74% ] 80/80 VUs  08m50.0s/12m00.0s

running (08m51.0s), 80/80 VUs, 8537 complete and 0 interrupted iterations
sudden_spike   [  74% ] 80/80 VUs  08m51.0s/12m00.0s

running (08m52.0s), 80/80 VUs, 8561 complete and 0 interrupted iterations
sudden_spike   [  74% ] 80/80 VUs  08m52.0s/12m00.0s

running (08m53.0s), 80/80 VUs, 8562 complete and 0 interrupted iterations
sudden_spike   [  74% ] 80/80 VUs  08m53.0s/12m00.0s

running (08m54.0s), 80/80 VUs, 8589 complete and 0 interrupted iterations
sudden_spike   [  74% ] 80/80 VUs  08m54.0s/12m00.0s

running (08m55.0s), 80/80 VUs, 8589 complete and 0 interrupted iterations
sudden_spike   [  74% ] 80/80 VUs  08m55.0s/12m00.0s

running (08m56.0s), 80/80 VUs, 8615 complete and 0 interrupted iterations
sudden_spike   [  74% ] 80/80 VUs  08m56.0s/12m00.0s

running (08m57.0s), 80/80 VUs, 8642 complete and 0 interrupted iterations
sudden_spike   [  75% ] 80/80 VUs  08m57.0s/12m00.0s

running (08m58.0s), 80/80 VUs, 8642 complete and 0 interrupted iterations
sudden_spike   [  75% ] 80/80 VUs  08m58.0s/12m00.0s

running (08m59.0s), 80/80 VUs, 8669 complete and 0 interrupted iterations
sudden_spike   [  75% ] 80/80 VUs  08m59.0s/12m00.0s

running (09m00.0s), 80/80 VUs, 8669 complete and 0 interrupted iterations
sudden_spike   [  75% ] 80/80 VUs  09m00.0s/12m00.0s

running (09m01.0s), 80/80 VUs, 8695 complete and 0 interrupted iterations
sudden_spike   [  75% ] 80/80 VUs  09m01.0s/12m00.0s

running (09m02.0s), 80/80 VUs, 8722 complete and 0 interrupted iterations
sudden_spike   [  75% ] 80/80 VUs  09m02.0s/12m00.0s

running (09m03.0s), 80/80 VUs, 8722 complete and 0 interrupted iterations
sudden_spike   [  75% ] 80/80 VUs  09m03.0s/12m00.0s

running (09m04.0s), 80/80 VUs, 8749 complete and 0 interrupted iterations
sudden_spike   [  76% ] 80/80 VUs  09m04.0s/12m00.0s

running (09m05.0s), 80/80 VUs, 8770 complete and 0 interrupted iterations
sudden_spike   [  76% ] 80/80 VUs  09m05.0s/12m00.0s

running (09m06.0s), 80/80 VUs, 8775 complete and 0 interrupted iterations
sudden_spike   [  76% ] 80/80 VUs  09m06.0s/12m00.0s

running (09m07.0s), 79/80 VUs, 8802 complete and 0 interrupted iterations
sudden_spike   [  76% ] 79/80 VUs  09m07.0s/12m00.0s

running (09m08.0s), 79/80 VUs, 8802 complete and 0 interrupted iterations
sudden_spike   [  76% ] 79/80 VUs  09m08.0s/12m00.0s

running (09m09.0s), 77/80 VUs, 8829 complete and 0 interrupted iterations
sudden_spike   [  76% ] 77/80 VUs  09m09.0s/12m00.0s

running (09m10.0s), 77/80 VUs, 8848 complete and 0 interrupted iterations
sudden_spike   [  76% ] 77/80 VUs  09m10.0s/12m00.0s

running (09m11.0s), 77/80 VUs, 8876 complete and 0 interrupted iterations
sudden_spike   [  77% ] 77/80 VUs  09m11.0s/12m00.0s

running (09m12.0s), 77/80 VUs, 8876 complete and 0 interrupted iterations
sudden_spike   [  77% ] 77/80 VUs  09m12.0s/12m00.0s

running (09m13.0s), 75/80 VUs, 8902 complete and 0 interrupted iterations
sudden_spike   [  77% ] 75/80 VUs  09m13.0s/12m00.0s

running (09m14.0s), 74/80 VUs, 8925 complete and 0 interrupted iterations
sudden_spike   [  77% ] 74/80 VUs  09m14.0s/12m00.0s

running (09m15.0s), 74/80 VUs, 8925 complete and 0 interrupted iterations
sudden_spike   [  77% ] 74/80 VUs  09m15.0s/12m00.0s

running (09m16.0s), 74/80 VUs, 8952 complete and 0 interrupted iterations
sudden_spike   [  77% ] 74/80 VUs  09m16.0s/12m00.0s

running (09m17.0s), 74/80 VUs, 8978 complete and 0 interrupted iterations
sudden_spike   [  77% ] 74/80 VUs  09m17.0s/12m00.0s

running (09m18.0s), 74/80 VUs, 8978 complete and 0 interrupted iterations
sudden_spike   [  77% ] 74/80 VUs  09m18.0s/12m00.0s

running (09m19.0s), 73/80 VUs, 9005 complete and 0 interrupted iterations
sudden_spike   [  78% ] 73/80 VUs  09m19.0s/12m00.0s

running (09m20.0s), 72/80 VUs, 9032 complete and 0 interrupted iterations
sudden_spike   [  78% ] 72/80 VUs  09m20.0s/12m00.0s

running (09m21.0s), 72/80 VUs, 9058 complete and 0 interrupted iterations
sudden_spike   [  78% ] 72/80 VUs  09m21.0s/12m00.0s

running (09m22.0s), 72/80 VUs, 9058 complete and 0 interrupted iterations
sudden_spike   [  78% ] 72/80 VUs  09m22.0s/12m00.0s

running (09m23.0s), 72/80 VUs, 9085 complete and 0 interrupted iterations
sudden_spike   [  78% ] 72/80 VUs  09m23.0s/12m00.0s

running (09m24.0s), 70/80 VUs, 9112 complete and 0 interrupted iterations
sudden_spike   [  78% ] 70/80 VUs  09m24.0s/12m00.0s

running (09m25.0s), 70/80 VUs, 9132 complete and 0 interrupted iterations
sudden_spike   [  78% ] 70/80 VUs  09m25.0s/12m00.0s

running (09m26.0s), 70/80 VUs, 9138 complete and 0 interrupted iterations
sudden_spike   [  79% ] 70/80 VUs  09m26.0s/12m00.0s

running (09m27.0s), 69/80 VUs, 9165 complete and 0 interrupted iterations
sudden_spike   [  79% ] 69/80 VUs  09m27.0s/12m00.0s

running (09m28.0s), 68/80 VUs, 9192 complete and 0 interrupted iterations
sudden_spike   [  79% ] 68/80 VUs  09m28.0s/12m00.0s

running (09m29.0s), 68/80 VUs, 9218 complete and 0 interrupted iterations
sudden_spike   [  79% ] 68/80 VUs  09m29.0s/12m00.0s

running (09m30.0s), 67/80 VUs, 9245 complete and 0 interrupted iterations
sudden_spike   [  79% ] 67/80 VUs  09m30.0s/12m00.0s

running (09m31.0s), 67/80 VUs, 9245 complete and 0 interrupted iterations
sudden_spike   [  79% ] 67/80 VUs  09m31.0s/12m00.0s

running (09m32.0s), 67/80 VUs, 9272 complete and 0 interrupted iterations
sudden_spike   [  79% ] 67/80 VUs  09m32.0s/12m00.0s

running (09m33.0s), 67/80 VUs, 9298 complete and 0 interrupted iterations
sudden_spike   [  80% ] 67/80 VUs  09m33.0s/12m00.0s

running (09m34.0s), 66/80 VUs, 9325 complete and 0 interrupted iterations
sudden_spike   [  80% ] 66/80 VUs  09m34.0s/12m00.0s

running (09m35.0s), 66/80 VUs, 9352 complete and 0 interrupted iterations
sudden_spike   [  80% ] 66/80 VUs  09m35.0s/12m00.0s

running (09m36.0s), 66/80 VUs, 9355 complete and 0 interrupted iterations
sudden_spike   [  80% ] 66/80 VUs  09m36.0s/12m00.0s

running (09m37.0s), 65/80 VUs, 9378 complete and 0 interrupted iterations
sudden_spike   [  80% ] 65/80 VUs  09m37.0s/12m00.0s

running (09m38.0s), 64/80 VUs, 9405 complete and 0 interrupted iterations
sudden_spike   [  80% ] 64/80 VUs  09m38.0s/12m00.0s

running (09m39.0s), 64/80 VUs, 9432 complete and 0 interrupted iterations
sudden_spike   [  80% ] 64/80 VUs  09m39.0s/12m00.0s

running (09m40.0s), 63/80 VUs, 9458 complete and 0 interrupted iterations
sudden_spike   [  81% ] 63/80 VUs  09m40.0s/12m00.0s

running (09m41.0s), 63/80 VUs, 9485 complete and 0 interrupted iterations
sudden_spike   [  81% ] 63/80 VUs  09m41.0s/12m00.0s

running (09m42.0s), 63/80 VUs, 9512 complete and 0 interrupted iterations
sudden_spike   [  81% ] 63/80 VUs  09m42.0s/12m00.0s

running (09m43.0s), 62/80 VUs, 9538 complete and 0 interrupted iterations
sudden_spike   [  81% ] 62/80 VUs  09m43.0s/12m00.0s

running (09m44.0s), 61/80 VUs, 9565 complete and 0 interrupted iterations
sudden_spike   [  81% ] 61/80 VUs  09m44.0s/12m00.0s

running (09m45.0s), 61/80 VUs, 9592 complete and 0 interrupted iterations
sudden_spike   [  81% ] 61/80 VUs  09m45.0s/12m00.0s

running (09m46.0s), 60/80 VUs, 9617 complete and 0 interrupted iterations
sudden_spike   [  81% ] 60/80 VUs  09m46.0s/12m00.0s

running (09m47.0s), 60/80 VUs, 9642 complete and 0 interrupted iterations
sudden_spike   [  82% ] 60/80 VUs  09m47.0s/12m00.0s

running (09m48.0s), 60/80 VUs, 9670 complete and 0 interrupted iterations
sudden_spike   [  82% ] 60/80 VUs  09m48.0s/12m00.0s

running (09m49.0s), 59/80 VUs, 9714 complete and 0 interrupted iterations
sudden_spike   [  82% ] 59/80 VUs  09m49.0s/12m00.0s

running (09m50.0s), 58/80 VUs, 9743 complete and 0 interrupted iterations
sudden_spike   [  82% ] 58/80 VUs  09m50.0s/12m00.0s

running (09m51.0s), 58/80 VUs, 9769 complete and 0 interrupted iterations
sudden_spike   [  82% ] 58/80 VUs  09m51.0s/12m00.0s

running (09m52.0s), 58/80 VUs, 9806 complete and 0 interrupted iterations
sudden_spike   [  82% ] 58/80 VUs  09m52.0s/12m00.0s

running (09m53.0s), 58/80 VUs, 9841 complete and 0 interrupted iterations
sudden_spike   [  82% ] 58/80 VUs  09m53.0s/12m00.0s

running (09m54.0s), 57/80 VUs, 9871 complete and 0 interrupted iterations
sudden_spike   [  82% ] 57/80 VUs  09m54.0s/12m00.0s

running (09m55.0s), 57/80 VUs, 9911 complete and 0 interrupted iterations
sudden_spike   [  83% ] 57/80 VUs  09m55.0s/12m00.0s

running (09m56.0s), 56/80 VUs, 9942 complete and 0 interrupted iterations
sudden_spike   [  83% ] 56/80 VUs  09m56.0s/12m00.0s

running (09m57.0s), 55/80 VUs, 9979 complete and 0 interrupted iterations
sudden_spike   [  83% ] 55/80 VUs  09m57.0s/12m00.0s

running (09m58.0s), 55/80 VUs, 10015 complete and 0 interrupted iterations
sudden_spike   [  83% ] 55/80 VUs  09m58.0s/12m00.0s

running (09m59.0s), 55/80 VUs, 10047 complete and 0 interrupted iterations
sudden_spike   [  83% ] 55/80 VUs  09m59.0s/12m00.0s

running (10m00.0s), 54/80 VUs, 10086 complete and 0 interrupted iterations
sudden_spike   [  83% ] 54/80 VUs  10m00.0s/12m00.0s

running (10m01.0s), 53/80 VUs, 10125 complete and 0 interrupted iterations
sudden_spike   [  83% ] 53/80 VUs  10m01.0s/12m00.0s

running (10m02.0s), 53/80 VUs, 10165 complete and 0 interrupted iterations
sudden_spike   [  84% ] 53/80 VUs  10m02.0s/12m00.0s

running (10m03.0s), 53/80 VUs, 10203 complete and 0 interrupted iterations
sudden_spike   [  84% ] 53/80 VUs  10m03.0s/12m00.0s

running (10m04.0s), 53/80 VUs, 10241 complete and 0 interrupted iterations
sudden_spike   [  84% ] 53/80 VUs  10m04.0s/12m00.0s

running (10m05.0s), 52/80 VUs, 10279 complete and 0 interrupted iterations
sudden_spike   [  84% ] 52/80 VUs  10m05.0s/12m00.0s

running (10m06.0s), 51/80 VUs, 10317 complete and 0 interrupted iterations
sudden_spike   [  84% ] 51/80 VUs  10m06.0s/12m00.0s

running (10m07.0s), 51/80 VUs, 10358 complete and 0 interrupted iterations
sudden_spike   [  84% ] 51/80 VUs  10m07.0s/12m00.0s

running (10m08.0s), 50/80 VUs, 10405 complete and 0 interrupted iterations
sudden_spike   [  84% ] 50/80 VUs  10m08.0s/12m00.0s

running (10m09.0s), 50/80 VUs, 10443 complete and 0 interrupted iterations
sudden_spike   [  85% ] 50/80 VUs  10m09.0s/12m00.0s

running (10m10.0s), 50/80 VUs, 10483 complete and 0 interrupted iterations
sudden_spike   [  85% ] 50/80 VUs  10m10.0s/12m00.0s

running (10m11.0s), 49/80 VUs, 10523 complete and 0 interrupted iterations
sudden_spike   [  85% ] 49/80 VUs  10m11.0s/12m00.0s

running (10m12.0s), 49/80 VUs, 10570 complete and 0 interrupted iterations
sudden_spike   [  85% ] 49/80 VUs  10m12.0s/12m00.0s

running (10m13.0s), 49/80 VUs, 10611 complete and 0 interrupted iterations
sudden_spike   [  85% ] 49/80 VUs  10m13.0s/12m00.0s

running (10m14.0s), 48/80 VUs, 10650 complete and 0 interrupted iterations
sudden_spike   [  85% ] 48/80 VUs  10m14.0s/12m00.0s

running (10m15.0s), 47/80 VUs, 10697 complete and 0 interrupted iterations
sudden_spike   [  85% ] 47/80 VUs  10m15.0s/12m00.0s

running (10m16.0s), 47/80 VUs, 10741 complete and 0 interrupted iterations
sudden_spike   [  86% ] 47/80 VUs  10m16.0s/12m00.0s

running (10m17.0s), 46/80 VUs, 10784 complete and 0 interrupted iterations
sudden_spike   [  86% ] 46/80 VUs  10m17.0s/12m00.0s

running (10m18.0s), 46/80 VUs, 10830 complete and 0 interrupted iterations
sudden_spike   [  86% ] 46/80 VUs  10m18.0s/12m00.0s

running (10m19.0s), 45/80 VUs, 10873 complete and 0 interrupted iterations
sudden_spike   [  86% ] 45/80 VUs  10m19.0s/12m00.0s

running (10m20.0s), 45/80 VUs, 10918 complete and 0 interrupted iterations
sudden_spike   [  86% ] 45/80 VUs  10m20.0s/12m00.0s

running (10m21.0s), 45/80 VUs, 10966 complete and 0 interrupted iterations
sudden_spike   [  86% ] 45/80 VUs  10m21.0s/12m00.0s

running (10m22.0s), 44/80 VUs, 11008 complete and 0 interrupted iterations
sudden_spike   [  86% ] 44/80 VUs  10m22.0s/12m00.0s

running (10m23.0s), 44/80 VUs, 11057 complete and 0 interrupted iterations
sudden_spike   [  87% ] 44/80 VUs  10m23.0s/12m00.0s

running (10m24.0s), 44/80 VUs, 11103 complete and 0 interrupted iterations
sudden_spike   [  87% ] 44/80 VUs  10m24.0s/12m00.0s

running (10m25.0s), 43/80 VUs, 11148 complete and 0 interrupted iterations
sudden_spike   [  87% ] 43/80 VUs  10m25.0s/12m00.0s

running (10m26.0s), 42/80 VUs, 11196 complete and 0 interrupted iterations
sudden_spike   [  87% ] 42/80 VUs  10m26.0s/12m00.0s

running (10m27.0s), 42/80 VUs, 11247 complete and 0 interrupted iterations
sudden_spike   [  87% ] 42/80 VUs  10m27.0s/12m00.0s

running (10m28.0s), 42/80 VUs, 11297 complete and 0 interrupted iterations
sudden_spike   [  87% ] 42/80 VUs  10m28.0s/12m00.0s

running (10m29.0s), 41/80 VUs, 11345 complete and 0 interrupted iterations
sudden_spike   [  87% ] 41/80 VUs  10m29.0s/12m00.0s

running (10m30.0s), 41/80 VUs, 11394 complete and 0 interrupted iterations
sudden_spike   [  87% ] 41/80 VUs  10m30.0s/12m00.0s

running (10m31.0s), 40/80 VUs, 11446 complete and 0 interrupted iterations
sudden_spike   [  88% ] 40/80 VUs  10m31.0s/12m00.0s

running (10m32.0s), 40/80 VUs, 11499 complete and 0 interrupted iterations
sudden_spike   [  88% ] 40/80 VUs  10m32.0s/12m00.0s

running (10m33.0s), 39/80 VUs, 11549 complete and 0 interrupted iterations
sudden_spike   [  88% ] 39/80 VUs  10m33.0s/12m00.0s

running (10m34.0s), 39/80 VUs, 11601 complete and 0 interrupted iterations
sudden_spike   [  88% ] 39/80 VUs  10m34.0s/12m00.0s

running (10m35.0s), 38/80 VUs, 11655 complete and 0 interrupted iterations
sudden_spike   [  88% ] 38/80 VUs  10m35.0s/12m00.0s

running (10m36.0s), 38/80 VUs, 11701 complete and 0 interrupted iterations
sudden_spike   [  88% ] 38/80 VUs  10m36.0s/12m00.0s

running (10m37.0s), 38/80 VUs, 11753 complete and 0 interrupted iterations
sudden_spike   [  88% ] 38/80 VUs  10m37.0s/12m00.0s

running (10m38.0s), 37/80 VUs, 11806 complete and 0 interrupted iterations
sudden_spike   [  89% ] 37/80 VUs  10m38.0s/12m00.0s

running (10m39.0s), 37/80 VUs, 11854 complete and 0 interrupted iterations
sudden_spike   [  89% ] 37/80 VUs  10m39.0s/12m00.0s

running (10m40.0s), 36/80 VUs, 11906 complete and 0 interrupted iterations
sudden_spike   [  89% ] 36/80 VUs  10m40.0s/12m00.0s

running (10m41.0s), 36/80 VUs, 11955 complete and 0 interrupted iterations
sudden_spike   [  89% ] 36/80 VUs  10m41.0s/12m00.0s

running (10m42.0s), 35/80 VUs, 12005 complete and 0 interrupted iterations
sudden_spike   [  89% ] 35/80 VUs  10m42.0s/12m00.0s

running (10m43.0s), 35/80 VUs, 12054 complete and 0 interrupted iterations
sudden_spike   [  89% ] 35/80 VUs  10m43.0s/12m00.0s

running (10m44.0s), 35/80 VUs, 12104 complete and 0 interrupted iterations
sudden_spike   [  89% ] 35/80 VUs  10m44.0s/12m00.0s

running (10m45.0s), 34/80 VUs, 12153 complete and 0 interrupted iterations
sudden_spike   [  90% ] 34/80 VUs  10m45.0s/12m00.0s

running (10m46.0s), 33/80 VUs, 12203 complete and 0 interrupted iterations
sudden_spike   [  90% ] 33/80 VUs  10m46.0s/12m00.0s

running (10m47.0s), 33/80 VUs, 12249 complete and 0 interrupted iterations
sudden_spike   [  90% ] 33/80 VUs  10m47.0s/12m00.0s

running (10m48.0s), 33/80 VUs, 12291 complete and 0 interrupted iterations
sudden_spike   [  90% ] 33/80 VUs  10m48.0s/12m00.0s

running (10m49.0s), 32/80 VUs, 12342 complete and 0 interrupted iterations
sudden_spike   [  90% ] 32/80 VUs  10m49.0s/12m00.0s

running (10m50.0s), 32/80 VUs, 12384 complete and 0 interrupted iterations
sudden_spike   [  90% ] 32/80 VUs  10m50.0s/12m00.0s

running (10m51.0s), 31/80 VUs, 12430 complete and 0 interrupted iterations
sudden_spike   [  90% ] 31/80 VUs  10m51.0s/12m00.0s

running (10m52.0s), 31/80 VUs, 12475 complete and 0 interrupted iterations
sudden_spike   [  91% ] 31/80 VUs  10m52.0s/12m00.0s

running (10m53.0s), 31/80 VUs, 12516 complete and 0 interrupted iterations
sudden_spike   [  91% ] 31/80 VUs  10m53.0s/12m00.0s

running (10m54.0s), 30/80 VUs, 12559 complete and 0 interrupted iterations
sudden_spike   [  91% ] 30/80 VUs  10m54.0s/12m00.0s

running (10m55.0s), 29/80 VUs, 12600 complete and 0 interrupted iterations
sudden_spike   [  91% ] 29/80 VUs  10m55.0s/12m00.0s

running (10m56.0s), 29/80 VUs, 12638 complete and 0 interrupted iterations
sudden_spike   [  91% ] 29/80 VUs  10m56.0s/12m00.0s

running (10m57.0s), 29/80 VUs, 12683 complete and 0 interrupted iterations
sudden_spike   [  91% ] 29/80 VUs  10m57.0s/12m00.0s

running (10m58.0s), 28/80 VUs, 12722 complete and 0 interrupted iterations
sudden_spike   [  91% ] 28/80 VUs  10m58.0s/12m00.0s

running (10m59.0s), 28/80 VUs, 12766 complete and 0 interrupted iterations
sudden_spike   [  92% ] 28/80 VUs  10m59.0s/12m00.0s

running (11m00.0s), 27/80 VUs, 12805 complete and 0 interrupted iterations
sudden_spike   [  92% ] 27/80 VUs  11m00.0s/12m00.0s

running (11m01.0s), 27/80 VUs, 12841 complete and 0 interrupted iterations
sudden_spike   [  92% ] 27/80 VUs  11m01.0s/12m00.0s

running (11m02.0s), 26/80 VUs, 12881 complete and 0 interrupted iterations
sudden_spike   [  92% ] 26/80 VUs  11m02.0s/12m00.0s

running (11m03.0s), 26/80 VUs, 12916 complete and 0 interrupted iterations
sudden_spike   [  92% ] 26/80 VUs  11m03.0s/12m00.0s

running (11m04.0s), 26/80 VUs, 12953 complete and 0 interrupted iterations
sudden_spike   [  92% ] 26/80 VUs  11m04.0s/12m00.0s

running (11m05.0s), 25/80 VUs, 12990 complete and 0 interrupted iterations
sudden_spike   [  92% ] 25/80 VUs  11m05.0s/12m00.0s

running (11m06.0s), 25/80 VUs, 13023 complete and 0 interrupted iterations
sudden_spike   [  92% ] 25/80 VUs  11m06.0s/12m00.0s

running (11m07.0s), 24/80 VUs, 13061 complete and 0 interrupted iterations
sudden_spike   [  93% ] 24/80 VUs  11m07.0s/12m00.0s

running (11m08.0s), 24/80 VUs, 13096 complete and 0 interrupted iterations
sudden_spike   [  93% ] 24/80 VUs  11m08.0s/12m00.0s

running (11m09.0s), 23/80 VUs, 13129 complete and 0 interrupted iterations
sudden_spike   [  93% ] 23/80 VUs  11m09.0s/12m00.0s

running (11m10.0s), 23/80 VUs, 13159 complete and 0 interrupted iterations
sudden_spike   [  93% ] 23/80 VUs  11m10.0s/12m00.0s

running (11m11.0s), 23/80 VUs, 13190 complete and 0 interrupted iterations
sudden_spike   [  93% ] 23/80 VUs  11m11.0s/12m00.0s

running (11m12.0s), 22/80 VUs, 13223 complete and 0 interrupted iterations
sudden_spike   [  93% ] 22/80 VUs  11m12.0s/12m00.0s

running (11m13.0s), 22/80 VUs, 13255 complete and 0 interrupted iterations
sudden_spike   [  93% ] 22/80 VUs  11m13.0s/12m00.0s

running (11m14.0s), 21/80 VUs, 13284 complete and 0 interrupted iterations
sudden_spike   [  94% ] 21/80 VUs  11m14.0s/12m00.0s

running (11m15.0s), 21/80 VUs, 13317 complete and 0 interrupted iterations
sudden_spike   [  94% ] 21/80 VUs  11m15.0s/12m00.0s

running (11m16.0s), 20/80 VUs, 13346 complete and 0 interrupted iterations
sudden_spike   [  94% ] 20/80 VUs  11m16.0s/12m00.0s

running (11m17.0s), 20/80 VUs, 13372 complete and 0 interrupted iterations
sudden_spike   [  94% ] 20/80 VUs  11m17.0s/12m00.0s

running (11m18.0s), 20/80 VUs, 13399 complete and 0 interrupted iterations
sudden_spike   [  94% ] 20/80 VUs  11m18.0s/12m00.0s

running (11m19.0s), 19/80 VUs, 13431 complete and 0 interrupted iterations
sudden_spike   [  94% ] 19/80 VUs  11m19.0s/12m00.0s

running (11m20.0s), 19/80 VUs, 13457 complete and 0 interrupted iterations
sudden_spike   [  94% ] 19/80 VUs  11m20.0s/12m00.0s

running (11m21.0s), 18/80 VUs, 13482 complete and 0 interrupted iterations
sudden_spike   [  95% ] 18/80 VUs  11m21.0s/12m00.0s

running (11m22.0s), 17/80 VUs, 13508 complete and 0 interrupted iterations
sudden_spike   [  95% ] 17/80 VUs  11m22.0s/12m00.0s

running (11m23.0s), 17/80 VUs, 13529 complete and 0 interrupted iterations
sudden_spike   [  95% ] 17/80 VUs  11m23.0s/12m00.0s

running (11m24.0s), 17/80 VUs, 13552 complete and 0 interrupted iterations
sudden_spike   [  95% ] 17/80 VUs  11m24.0s/12m00.0s

running (11m25.0s), 16/80 VUs, 13577 complete and 0 interrupted iterations
sudden_spike   [  95% ] 16/80 VUs  11m25.0s/12m00.0s

running (11m26.0s), 16/80 VUs, 13599 complete and 0 interrupted iterations
sudden_spike   [  95% ] 16/80 VUs  11m26.0s/12m00.0s

running (11m27.0s), 15/80 VUs, 13624 complete and 0 interrupted iterations
sudden_spike   [  95% ] 15/80 VUs  11m27.0s/12m00.0s

running (11m28.0s), 15/80 VUs, 13647 complete and 0 interrupted iterations
sudden_spike   [  96% ] 15/80 VUs  11m28.0s/12m00.0s

running (11m29.0s), 15/80 VUs, 13667 complete and 0 interrupted iterations
sudden_spike   [  96% ] 15/80 VUs  11m29.0s/12m00.0s

running (11m30.0s), 14/80 VUs, 13689 complete and 0 interrupted iterations
sudden_spike   [  96% ] 14/80 VUs  11m30.0s/12m00.0s

running (11m31.0s), 14/80 VUs, 13709 complete and 0 interrupted iterations
sudden_spike   [  96% ] 14/80 VUs  11m31.0s/12m00.0s

running (11m32.0s), 13/80 VUs, 13733 complete and 0 interrupted iterations
sudden_spike   [  96% ] 13/80 VUs  11m32.0s/12m00.0s

running (11m33.0s), 13/80 VUs, 13750 complete and 0 interrupted iterations
sudden_spike   [  96% ] 13/80 VUs  11m33.0s/12m00.0s

running (11m34.0s), 12/80 VUs, 13765 complete and 0 interrupted iterations
sudden_spike   [  96% ] 12/80 VUs  11m34.0s/12m00.0s

running (11m35.0s), 12/80 VUs, 13783 complete and 0 interrupted iterations
sudden_spike   [  97% ] 12/80 VUs  11m35.0s/12m00.0s

running (11m36.0s), 11/80 VUs, 13799 complete and 0 interrupted iterations
sudden_spike   [  97% ] 11/80 VUs  11m36.0s/12m00.0s

running (11m37.0s), 11/80 VUs, 13815 complete and 0 interrupted iterations
sudden_spike   [  97% ] 11/80 VUs  11m37.0s/12m00.0s

running (11m38.0s), 10/80 VUs, 13829 complete and 0 interrupted iterations
sudden_spike   [  97% ] 10/80 VUs  11m38.0s/12m00.0s

running (11m39.0s), 10/80 VUs, 13842 complete and 0 interrupted iterations
sudden_spike   [  97% ] 10/80 VUs  11m39.0s/12m00.0s

running (11m40.0s), 10/80 VUs, 13855 complete and 0 interrupted iterations
sudden_spike   [  97% ] 10/80 VUs  11m40.0s/12m00.0s

running (11m41.0s), 09/80 VUs, 13871 complete and 0 interrupted iterations
sudden_spike   [  97% ] 09/80 VUs  11m41.0s/12m00.0s

running (11m42.0s), 09/80 VUs, 13883 complete and 0 interrupted iterations
sudden_spike   [  97% ] 09/80 VUs  11m42.0s/12m00.0s

running (11m43.0s), 08/80 VUs, 13893 complete and 0 interrupted iterations
sudden_spike   [  98% ] 08/80 VUs  11m43.0s/12m00.0s

running (11m44.0s), 08/80 VUs, 13906 complete and 0 interrupted iterations
sudden_spike   [  98% ] 08/80 VUs  11m44.0s/12m00.0s

running (11m45.0s), 07/80 VUs, 13916 complete and 0 interrupted iterations
sudden_spike   [  98% ] 07/80 VUs  11m45.0s/12m00.0s

running (11m46.0s), 07/80 VUs, 13927 complete and 0 interrupted iterations
sudden_spike   [  98% ] 07/80 VUs  11m46.0s/12m00.0s

running (11m47.0s), 06/80 VUs, 13937 complete and 0 interrupted iterations
sudden_spike   [  98% ] 06/80 VUs  11m47.0s/12m00.0s

running (11m48.0s), 06/80 VUs, 13947 complete and 0 interrupted iterations
sudden_spike   [  98% ] 06/80 VUs  11m48.0s/12m00.0s

running (11m49.0s), 06/80 VUs, 13954 complete and 0 interrupted iterations
sudden_spike   [  98% ] 06/80 VUs  11m49.0s/12m00.0s

running (11m50.0s), 05/80 VUs, 13962 complete and 0 interrupted iterations
sudden_spike   [  99% ] 05/80 VUs  11m50.0s/12m00.0s

running (11m51.0s), 05/80 VUs, 13970 complete and 0 interrupted iterations
sudden_spike   [  99% ] 05/80 VUs  11m51.0s/12m00.0s

running (11m52.0s), 04/80 VUs, 13976 complete and 0 interrupted iterations
sudden_spike   [  99% ] 04/80 VUs  11m52.0s/12m00.0s

running (11m53.0s), 04/80 VUs, 13982 complete and 0 interrupted iterations
sudden_spike   [  99% ] 04/80 VUs  11m53.0s/12m00.0s

running (11m54.0s), 03/80 VUs, 13986 complete and 0 interrupted iterations
sudden_spike   [  99% ] 03/80 VUs  11m54.0s/12m00.0s

running (11m55.0s), 03/80 VUs, 13990 complete and 0 interrupted iterations
sudden_spike   [  99% ] 03/80 VUs  11m55.0s/12m00.0s

running (11m56.0s), 03/80 VUs, 13996 complete and 0 interrupted iterations
sudden_spike   [  99% ] 03/80 VUs  11m56.0s/12m00.0s

running (11m57.0s), 02/80 VUs, 14000 complete and 0 interrupted iterations
sudden_spike   [ 100% ] 02/80 VUs  11m57.0s/12m00.0s

running (11m58.0s), 02/80 VUs, 14002 complete and 0 interrupted iterations
sudden_spike   [ 100% ] 02/80 VUs  11m58.0s/12m00.0s

running (11m59.0s), 01/80 VUs, 14005 complete and 0 interrupted iterations
sudden_spike   [ 100% ] 01/80 VUs  11m59.0s/12m00.0s

running (12m00.0s), 01/80 VUs, 14006 complete and 0 interrupted iterations
sudden_spike   [ 100% ] 01/80 VUs  12m00.0s/12m00.0s

     ✓ status is 200
     ✓ returns quotes
     ✗ response time <2000ms
      ↳  45% — ✓ 6321 / ✗ 7686

     checks.........................: 81.70% ✓ 34335     ✗ 7686 
     data_received..................: 10 MB  14 kB/s
     data_sent......................: 6.2 MB 8.7 kB/s
     http_req_blocked...............: avg=15.47µs min=801ns    med=2.23µs  max=25.81ms  p(90)=3.58µs p(95)=4.25µs 
     http_req_connecting............: avg=8.25µs  min=0s       med=0s      max=25.75ms  p(90)=0s     p(95)=0s     
   ✗ http_req_duration..............: avg=2.98s   min=470.2ms  med=4.01s   max=6.67s    p(90)=4.99s  p(95)=5.08s  
       { expected_response:true }...: avg=2.98s   min=470.2ms  med=4.01s   max=6.67s    p(90)=4.99s  p(95)=5.08s  
   ✓ http_req_failed................: 0.00%  ✓ 0         ✗ 14007
     http_req_receiving.............: avg=7.15ms  min=24.48µs  med=2.8ms   max=597.94ms p(90)=9.19ms p(95)=59.02ms
     http_req_sending...............: avg=19.26µs min=6.96µs   med=16.56µs max=768.19µs p(90)=29.5µs p(95)=33.17µs
     http_req_tls_handshaking.......: avg=0s      min=0s       med=0s      max=0s       p(90)=0s     p(95)=0s     
     http_req_waiting...............: avg=2.97s   min=470.13ms med=4s      max=6.67s    p(90)=4.99s  p(95)=5.07s  
     http_reqs......................: 14007  19.447263/s
     iteration_duration.............: avg=2.98s   min=470.48ms med=4.01s   max=6.67s    p(90)=4.99s  p(95)=5.08s  
     iterations.....................: 14007  19.447263/s
     vus............................: 1      min=1       max=80 
     vus_max........................: 80     min=80      max=80 


running (12m00.3s), 00/80 VUs, 14007 complete and 0 interrupted iterations
sudden_spike ✓ [ 100% ] 00/80 VUs  12m0s
time="2026-05-07T13:20:01Z" level=error msg="thresholds on metrics 'http_req_duration' have been crossed"
