
          /\      |‾‾| /‾‾/   /‾‾/   
     /\  /  \     |  |/  /   /  /    
    /  \/    \    |     (   /   ‾‾\  
   /          \   |  |\  \ |  (‾)  | 
  / __________ \  |__| \__\ \_____/ .io

  execution: local
     script: /scripts/load-test.js
     output: json (/results/results.json)

  scenarios: (100.00%) 1 scenario, 80 max VUs, 12m30s max duration (incl. graceful stop):
           * oscillating: Up to 80 looping VUs for 12m0s over 12 stages (gracefulRampDown: 30s, gracefulStop: 30s)


running (00m00.9s), 10/80 VUs, 9 complete and 0 interrupted iterations
oscillating   [   0% ] 10/80 VUs  00m00.9s/12m00.0s

running (00m01.9s), 10/80 VUs, 22 complete and 0 interrupted iterations
oscillating   [   0% ] 10/80 VUs  00m01.9s/12m00.0s

running (00m02.9s), 10/80 VUs, 36 complete and 0 interrupted iterations
oscillating   [   0% ] 10/80 VUs  00m02.9s/12m00.0s

running (00m03.9s), 10/80 VUs, 50 complete and 0 interrupted iterations
oscillating   [   1% ] 10/80 VUs  00m03.9s/12m00.0s

running (00m04.9s), 10/80 VUs, 65 complete and 0 interrupted iterations
oscillating   [   1% ] 10/80 VUs  00m04.9s/12m00.0s

running (00m05.9s), 10/80 VUs, 79 complete and 0 interrupted iterations
oscillating   [   1% ] 10/80 VUs  00m05.9s/12m00.0s

running (00m06.9s), 10/80 VUs, 93 complete and 0 interrupted iterations
oscillating   [   1% ] 10/80 VUs  00m06.9s/12m00.0s

running (00m07.9s), 10/80 VUs, 107 complete and 0 interrupted iterations
oscillating   [   1% ] 10/80 VUs  00m07.9s/12m00.0s

running (00m08.9s), 10/80 VUs, 122 complete and 0 interrupted iterations
oscillating   [   1% ] 10/80 VUs  00m08.9s/12m00.0s

running (00m09.9s), 10/80 VUs, 134 complete and 0 interrupted iterations
oscillating   [   1% ] 10/80 VUs  00m09.9s/12m00.0s

running (00m10.9s), 10/80 VUs, 151 complete and 0 interrupted iterations
oscillating   [   2% ] 10/80 VUs  00m10.9s/12m00.0s

running (00m11.9s), 10/80 VUs, 165 complete and 0 interrupted iterations
oscillating   [   2% ] 10/80 VUs  00m11.9s/12m00.0s

running (00m12.9s), 10/80 VUs, 176 complete and 0 interrupted iterations
oscillating   [   2% ] 10/80 VUs  00m12.9s/12m00.0s

running (00m13.9s), 10/80 VUs, 191 complete and 0 interrupted iterations
oscillating   [   2% ] 10/80 VUs  00m13.9s/12m00.0s

running (00m14.9s), 10/80 VUs, 205 complete and 0 interrupted iterations
oscillating   [   2% ] 10/80 VUs  00m14.9s/12m00.0s

running (00m15.9s), 10/80 VUs, 219 complete and 0 interrupted iterations
oscillating   [   2% ] 10/80 VUs  00m15.9s/12m00.0s

running (00m16.9s), 10/80 VUs, 233 complete and 0 interrupted iterations
oscillating   [   2% ] 10/80 VUs  00m16.9s/12m00.0s

running (00m17.9s), 10/80 VUs, 248 complete and 0 interrupted iterations
oscillating   [   2% ] 10/80 VUs  00m17.9s/12m00.0s

running (00m18.9s), 10/80 VUs, 260 complete and 0 interrupted iterations
oscillating   [   3% ] 10/80 VUs  00m18.9s/12m00.0s

running (00m19.9s), 10/80 VUs, 272 complete and 0 interrupted iterations
oscillating   [   3% ] 10/80 VUs  00m19.9s/12m00.0s

running (00m20.9s), 10/80 VUs, 289 complete and 0 interrupted iterations
oscillating   [   3% ] 10/80 VUs  00m20.9s/12m00.0s

running (00m21.9s), 10/80 VUs, 303 complete and 0 interrupted iterations
oscillating   [   3% ] 10/80 VUs  00m21.9s/12m00.0s

running (00m22.9s), 10/80 VUs, 317 complete and 0 interrupted iterations
oscillating   [   3% ] 10/80 VUs  00m22.9s/12m00.0s

running (00m23.9s), 10/80 VUs, 330 complete and 0 interrupted iterations
oscillating   [   3% ] 10/80 VUs  00m23.9s/12m00.0s

running (00m24.9s), 10/80 VUs, 347 complete and 0 interrupted iterations
oscillating   [   3% ] 10/80 VUs  00m24.9s/12m00.0s

running (00m25.9s), 10/80 VUs, 361 complete and 0 interrupted iterations
oscillating   [   4% ] 10/80 VUs  00m25.9s/12m00.0s

running (00m26.9s), 10/80 VUs, 375 complete and 0 interrupted iterations
oscillating   [   4% ] 10/80 VUs  00m26.9s/12m00.0s

running (00m27.9s), 10/80 VUs, 387 complete and 0 interrupted iterations
oscillating   [   4% ] 10/80 VUs  00m27.9s/12m00.0s

running (00m28.9s), 10/80 VUs, 401 complete and 0 interrupted iterations
oscillating   [   4% ] 10/80 VUs  00m28.9s/12m00.0s

running (00m29.9s), 10/80 VUs, 414 complete and 0 interrupted iterations
oscillating   [   4% ] 10/80 VUs  00m29.9s/12m00.0s

running (00m30.9s), 10/80 VUs, 428 complete and 0 interrupted iterations
oscillating   [   4% ] 10/80 VUs  00m30.9s/12m00.0s

running (00m31.9s), 10/80 VUs, 441 complete and 0 interrupted iterations
oscillating   [   4% ] 10/80 VUs  00m31.9s/12m00.0s

running (00m32.9s), 10/80 VUs, 456 complete and 0 interrupted iterations
oscillating   [   5% ] 10/80 VUs  00m32.9s/12m00.0s

running (00m33.9s), 10/80 VUs, 472 complete and 0 interrupted iterations
oscillating   [   5% ] 10/80 VUs  00m33.9s/12m00.0s

running (00m34.9s), 10/80 VUs, 484 complete and 0 interrupted iterations
oscillating   [   5% ] 10/80 VUs  00m34.9s/12m00.0s

running (00m35.9s), 10/80 VUs, 499 complete and 0 interrupted iterations
oscillating   [   5% ] 10/80 VUs  00m35.9s/12m00.0s

running (00m36.9s), 10/80 VUs, 512 complete and 0 interrupted iterations
oscillating   [   5% ] 10/80 VUs  00m36.9s/12m00.0s

running (00m37.9s), 10/80 VUs, 524 complete and 0 interrupted iterations
oscillating   [   5% ] 10/80 VUs  00m37.9s/12m00.0s

running (00m38.9s), 10/80 VUs, 541 complete and 0 interrupted iterations
oscillating   [   5% ] 10/80 VUs  00m38.9s/12m00.0s

running (00m39.9s), 10/80 VUs, 555 complete and 0 interrupted iterations
oscillating   [   6% ] 10/80 VUs  00m39.9s/12m00.0s

running (00m40.9s), 10/80 VUs, 568 complete and 0 interrupted iterations
oscillating   [   6% ] 10/80 VUs  00m40.9s/12m00.0s

running (00m41.9s), 10/80 VUs, 585 complete and 0 interrupted iterations
oscillating   [   6% ] 10/80 VUs  00m41.9s/12m00.0s

running (00m42.9s), 10/80 VUs, 598 complete and 0 interrupted iterations
oscillating   [   6% ] 10/80 VUs  00m42.9s/12m00.0s

running (00m43.9s), 10/80 VUs, 611 complete and 0 interrupted iterations
oscillating   [   6% ] 10/80 VUs  00m43.9s/12m00.0s

running (00m44.9s), 10/80 VUs, 627 complete and 0 interrupted iterations
oscillating   [   6% ] 10/80 VUs  00m44.9s/12m00.0s

running (00m45.9s), 10/80 VUs, 641 complete and 0 interrupted iterations
oscillating   [   6% ] 10/80 VUs  00m45.9s/12m00.0s

running (00m46.9s), 10/80 VUs, 656 complete and 0 interrupted iterations
oscillating   [   7% ] 10/80 VUs  00m46.9s/12m00.0s

running (00m47.9s), 10/80 VUs, 669 complete and 0 interrupted iterations
oscillating   [   7% ] 10/80 VUs  00m47.9s/12m00.0s

running (00m48.9s), 10/80 VUs, 683 complete and 0 interrupted iterations
oscillating   [   7% ] 10/80 VUs  00m48.9s/12m00.0s

running (00m49.9s), 10/80 VUs, 698 complete and 0 interrupted iterations
oscillating   [   7% ] 10/80 VUs  00m49.9s/12m00.0s

running (00m50.9s), 10/80 VUs, 711 complete and 0 interrupted iterations
oscillating   [   7% ] 10/80 VUs  00m50.9s/12m00.0s

running (00m51.9s), 10/80 VUs, 725 complete and 0 interrupted iterations
oscillating   [   7% ] 10/80 VUs  00m51.9s/12m00.0s

running (00m52.9s), 10/80 VUs, 741 complete and 0 interrupted iterations
oscillating   [   7% ] 10/80 VUs  00m52.9s/12m00.0s

running (00m53.9s), 10/80 VUs, 754 complete and 0 interrupted iterations
oscillating   [   7% ] 10/80 VUs  00m53.9s/12m00.0s

running (00m54.9s), 10/80 VUs, 770 complete and 0 interrupted iterations
oscillating   [   8% ] 10/80 VUs  00m54.9s/12m00.0s

running (00m55.9s), 10/80 VUs, 783 complete and 0 interrupted iterations
oscillating   [   8% ] 10/80 VUs  00m55.9s/12m00.0s

running (00m56.9s), 10/80 VUs, 800 complete and 0 interrupted iterations
oscillating   [   8% ] 10/80 VUs  00m56.9s/12m00.0s

running (00m57.9s), 10/80 VUs, 810 complete and 0 interrupted iterations
oscillating   [   8% ] 10/80 VUs  00m57.9s/12m00.0s

running (00m58.9s), 10/80 VUs, 827 complete and 0 interrupted iterations
oscillating   [   8% ] 10/80 VUs  00m58.9s/12m00.0s

running (00m59.9s), 10/80 VUs, 841 complete and 0 interrupted iterations
oscillating   [   8% ] 10/80 VUs  00m59.9s/12m00.0s

running (01m00.9s), 10/80 VUs, 853 complete and 0 interrupted iterations
oscillating   [   8% ] 10/80 VUs  01m00.9s/12m00.0s

running (01m01.9s), 10/80 VUs, 870 complete and 0 interrupted iterations
oscillating   [   9% ] 10/80 VUs  01m01.9s/12m00.0s

running (01m02.9s), 10/80 VUs, 883 complete and 0 interrupted iterations
oscillating   [   9% ] 10/80 VUs  01m02.9s/12m00.0s

running (01m03.9s), 10/80 VUs, 898 complete and 0 interrupted iterations
oscillating   [   9% ] 10/80 VUs  01m03.9s/12m00.0s

running (01m04.9s), 10/80 VUs, 913 complete and 0 interrupted iterations
oscillating   [   9% ] 10/80 VUs  01m04.9s/12m00.0s

running (01m05.9s), 10/80 VUs, 930 complete and 0 interrupted iterations
oscillating   [   9% ] 10/80 VUs  01m05.9s/12m00.0s

running (01m06.9s), 10/80 VUs, 943 complete and 0 interrupted iterations
oscillating   [   9% ] 10/80 VUs  01m06.9s/12m00.0s

running (01m07.9s), 10/80 VUs, 958 complete and 0 interrupted iterations
oscillating   [   9% ] 10/80 VUs  01m07.9s/12m00.0s

running (01m08.9s), 10/80 VUs, 971 complete and 0 interrupted iterations
oscillating   [  10% ] 10/80 VUs  01m08.9s/12m00.0s

running (01m09.9s), 10/80 VUs, 985 complete and 0 interrupted iterations
oscillating   [  10% ] 10/80 VUs  01m09.9s/12m00.0s

running (01m10.9s), 10/80 VUs, 998 complete and 0 interrupted iterations
oscillating   [  10% ] 10/80 VUs  01m10.9s/12m00.0s

running (01m11.9s), 10/80 VUs, 1013 complete and 0 interrupted iterations
oscillating   [  10% ] 10/80 VUs  01m11.9s/12m00.0s

running (01m12.9s), 10/80 VUs, 1027 complete and 0 interrupted iterations
oscillating   [  10% ] 10/80 VUs  01m12.9s/12m00.0s

running (01m13.9s), 10/80 VUs, 1041 complete and 0 interrupted iterations
oscillating   [  10% ] 10/80 VUs  01m13.9s/12m00.0s

running (01m14.9s), 10/80 VUs, 1056 complete and 0 interrupted iterations
oscillating   [  10% ] 10/80 VUs  01m14.9s/12m00.0s

running (01m15.9s), 10/80 VUs, 1068 complete and 0 interrupted iterations
oscillating   [  11% ] 10/80 VUs  01m15.9s/12m00.0s

running (01m16.9s), 10/80 VUs, 1084 complete and 0 interrupted iterations
oscillating   [  11% ] 10/80 VUs  01m16.9s/12m00.0s

running (01m17.9s), 10/80 VUs, 1096 complete and 0 interrupted iterations
oscillating   [  11% ] 10/80 VUs  01m17.9s/12m00.0s

running (01m18.9s), 10/80 VUs, 1109 complete and 0 interrupted iterations
oscillating   [  11% ] 10/80 VUs  01m18.9s/12m00.0s

running (01m19.9s), 10/80 VUs, 1123 complete and 0 interrupted iterations
oscillating   [  11% ] 10/80 VUs  01m19.9s/12m00.0s

running (01m20.9s), 10/80 VUs, 1138 complete and 0 interrupted iterations
oscillating   [  11% ] 10/80 VUs  01m20.9s/12m00.0s

running (01m21.9s), 10/80 VUs, 1149 complete and 0 interrupted iterations
oscillating   [  11% ] 10/80 VUs  01m21.9s/12m00.0s

running (01m22.9s), 10/80 VUs, 1167 complete and 0 interrupted iterations
oscillating   [  12% ] 10/80 VUs  01m22.9s/12m00.0s

running (01m23.9s), 10/80 VUs, 1180 complete and 0 interrupted iterations
oscillating   [  12% ] 10/80 VUs  01m23.9s/12m00.0s

running (01m24.9s), 10/80 VUs, 1194 complete and 0 interrupted iterations
oscillating   [  12% ] 10/80 VUs  01m24.9s/12m00.0s

running (01m25.9s), 10/80 VUs, 1207 complete and 0 interrupted iterations
oscillating   [  12% ] 10/80 VUs  01m25.9s/12m00.0s

running (01m26.9s), 10/80 VUs, 1222 complete and 0 interrupted iterations
oscillating   [  12% ] 10/80 VUs  01m26.9s/12m00.0s

running (01m27.9s), 10/80 VUs, 1234 complete and 0 interrupted iterations
oscillating   [  12% ] 10/80 VUs  01m27.9s/12m00.0s

running (01m28.9s), 10/80 VUs, 1248 complete and 0 interrupted iterations
oscillating   [  12% ] 10/80 VUs  01m28.9s/12m00.0s

running (01m29.9s), 10/80 VUs, 1262 complete and 0 interrupted iterations
oscillating   [  12% ] 10/80 VUs  01m29.9s/12m00.0s

running (01m30.9s), 10/80 VUs, 1276 complete and 0 interrupted iterations
oscillating   [  13% ] 10/80 VUs  01m30.9s/12m00.0s

running (01m31.9s), 10/80 VUs, 1291 complete and 0 interrupted iterations
oscillating   [  13% ] 10/80 VUs  01m31.9s/12m00.0s

running (01m32.9s), 10/80 VUs, 1304 complete and 0 interrupted iterations
oscillating   [  13% ] 10/80 VUs  01m32.9s/12m00.0s

running (01m33.9s), 10/80 VUs, 1316 complete and 0 interrupted iterations
oscillating   [  13% ] 10/80 VUs  01m33.9s/12m00.0s

running (01m34.9s), 10/80 VUs, 1331 complete and 0 interrupted iterations
oscillating   [  13% ] 10/80 VUs  01m34.9s/12m00.0s

running (01m35.9s), 10/80 VUs, 1347 complete and 0 interrupted iterations
oscillating   [  13% ] 10/80 VUs  01m35.9s/12m00.0s

running (01m36.9s), 10/80 VUs, 1360 complete and 0 interrupted iterations
oscillating   [  13% ] 10/80 VUs  01m36.9s/12m00.0s

running (01m37.9s), 10/80 VUs, 1374 complete and 0 interrupted iterations
oscillating   [  14% ] 10/80 VUs  01m37.9s/12m00.0s

running (01m38.9s), 10/80 VUs, 1388 complete and 0 interrupted iterations
oscillating   [  14% ] 10/80 VUs  01m38.9s/12m00.0s

running (01m39.9s), 10/80 VUs, 1404 complete and 0 interrupted iterations
oscillating   [  14% ] 10/80 VUs  01m39.9s/12m00.0s

running (01m40.9s), 10/80 VUs, 1418 complete and 0 interrupted iterations
oscillating   [  14% ] 10/80 VUs  01m40.9s/12m00.0s

running (01m41.9s), 10/80 VUs, 1433 complete and 0 interrupted iterations
oscillating   [  14% ] 10/80 VUs  01m41.9s/12m00.0s

running (01m42.9s), 10/80 VUs, 1448 complete and 0 interrupted iterations
oscillating   [  14% ] 10/80 VUs  01m42.9s/12m00.0s

running (01m43.9s), 10/80 VUs, 1463 complete and 0 interrupted iterations
oscillating   [  14% ] 10/80 VUs  01m43.9s/12m00.0s

running (01m44.9s), 10/80 VUs, 1479 complete and 0 interrupted iterations
oscillating   [  15% ] 10/80 VUs  01m44.9s/12m00.0s

running (01m45.9s), 10/80 VUs, 1491 complete and 0 interrupted iterations
oscillating   [  15% ] 10/80 VUs  01m45.9s/12m00.0s

running (01m46.9s), 10/80 VUs, 1505 complete and 0 interrupted iterations
oscillating   [  15% ] 10/80 VUs  01m46.9s/12m00.0s

running (01m47.9s), 10/80 VUs, 1523 complete and 0 interrupted iterations
oscillating   [  15% ] 10/80 VUs  01m47.9s/12m00.0s

running (01m48.9s), 10/80 VUs, 1533 complete and 0 interrupted iterations
oscillating   [  15% ] 10/80 VUs  01m48.9s/12m00.0s

running (01m49.9s), 10/80 VUs, 1549 complete and 0 interrupted iterations
oscillating   [  15% ] 10/80 VUs  01m49.9s/12m00.0s

running (01m50.9s), 10/80 VUs, 1562 complete and 0 interrupted iterations
oscillating   [  15% ] 10/80 VUs  01m50.9s/12m00.0s

running (01m51.9s), 10/80 VUs, 1576 complete and 0 interrupted iterations
oscillating   [  16% ] 10/80 VUs  01m51.9s/12m00.0s

running (01m52.9s), 10/80 VUs, 1589 complete and 0 interrupted iterations
oscillating   [  16% ] 10/80 VUs  01m52.9s/12m00.0s

running (01m53.9s), 10/80 VUs, 1600 complete and 0 interrupted iterations
oscillating   [  16% ] 10/80 VUs  01m53.9s/12m00.0s

running (01m54.9s), 10/80 VUs, 1617 complete and 0 interrupted iterations
oscillating   [  16% ] 10/80 VUs  01m54.9s/12m00.0s

running (01m55.9s), 10/80 VUs, 1631 complete and 0 interrupted iterations
oscillating   [  16% ] 10/80 VUs  01m55.9s/12m00.0s

running (01m56.9s), 10/80 VUs, 1645 complete and 0 interrupted iterations
oscillating   [  16% ] 10/80 VUs  01m56.9s/12m00.0s

running (01m57.9s), 10/80 VUs, 1660 complete and 0 interrupted iterations
oscillating   [  16% ] 10/80 VUs  01m57.9s/12m00.0s

running (01m58.9s), 10/80 VUs, 1674 complete and 0 interrupted iterations
oscillating   [  17% ] 10/80 VUs  01m58.9s/12m00.0s

running (01m59.9s), 10/80 VUs, 1685 complete and 0 interrupted iterations
oscillating   [  17% ] 10/80 VUs  01m59.9s/12m00.0s

running (02m00.9s), 16/80 VUs, 1705 complete and 0 interrupted iterations
oscillating   [  17% ] 16/80 VUs  02m00.9s/12m00.0s

running (02m01.9s), 23/80 VUs, 1730 complete and 0 interrupted iterations
oscillating   [  17% ] 23/80 VUs  02m01.9s/12m00.0s

running (02m02.9s), 30/80 VUs, 1761 complete and 0 interrupted iterations
oscillating   [  17% ] 30/80 VUs  02m02.9s/12m00.0s

running (02m03.9s), 37/80 VUs, 1804 complete and 0 interrupted iterations
oscillating   [  17% ] 37/80 VUs  02m03.9s/12m00.0s

running (02m04.9s), 44/80 VUs, 1849 complete and 0 interrupted iterations
oscillating   [  17% ] 44/80 VUs  02m04.9s/12m00.0s

running (02m05.9s), 51/80 VUs, 1891 complete and 0 interrupted iterations
oscillating   [  17% ] 51/80 VUs  02m05.9s/12m00.0s

running (02m06.9s), 58/80 VUs, 1930 complete and 0 interrupted iterations
oscillating   [  18% ] 58/80 VUs  02m06.9s/12m00.0s

running (02m07.9s), 65/80 VUs, 1966 complete and 0 interrupted iterations
oscillating   [  18% ] 65/80 VUs  02m07.9s/12m00.0s

running (02m08.9s), 72/80 VUs, 1995 complete and 0 interrupted iterations
oscillating   [  18% ] 72/80 VUs  02m08.9s/12m00.0s

running (02m09.9s), 79/80 VUs, 2019 complete and 0 interrupted iterations
oscillating   [  18% ] 79/80 VUs  02m09.9s/12m00.0s

running (02m10.9s), 80/80 VUs, 2047 complete and 0 interrupted iterations
oscillating   [  18% ] 80/80 VUs  02m10.9s/12m00.0s

running (02m11.9s), 80/80 VUs, 2049 complete and 0 interrupted iterations
oscillating   [  18% ] 80/80 VUs  02m11.9s/12m00.0s

running (02m12.9s), 80/80 VUs, 2077 complete and 0 interrupted iterations
oscillating   [  18% ] 80/80 VUs  02m12.9s/12m00.0s

running (02m13.9s), 80/80 VUs, 2084 complete and 0 interrupted iterations
oscillating   [  19% ] 80/80 VUs  02m13.9s/12m00.0s

running (02m14.9s), 80/80 VUs, 2104 complete and 0 interrupted iterations
oscillating   [  19% ] 80/80 VUs  02m14.9s/12m00.0s

running (02m15.9s), 80/80 VUs, 2130 complete and 0 interrupted iterations
oscillating   [  19% ] 80/80 VUs  02m15.9s/12m00.0s

running (02m16.9s), 80/80 VUs, 2130 complete and 0 interrupted iterations
oscillating   [  19% ] 80/80 VUs  02m16.9s/12m00.0s

running (02m17.9s), 80/80 VUs, 2157 complete and 0 interrupted iterations
oscillating   [  19% ] 80/80 VUs  02m17.9s/12m00.0s

running (02m18.9s), 80/80 VUs, 2183 complete and 0 interrupted iterations
oscillating   [  19% ] 80/80 VUs  02m18.9s/12m00.0s

running (02m19.9s), 80/80 VUs, 2183 complete and 0 interrupted iterations
oscillating   [  19% ] 80/80 VUs  02m19.9s/12m00.0s

running (02m20.9s), 80/80 VUs, 2210 complete and 0 interrupted iterations
oscillating   [  20% ] 80/80 VUs  02m20.9s/12m00.0s

running (02m21.9s), 80/80 VUs, 2210 complete and 0 interrupted iterations
oscillating   [  20% ] 80/80 VUs  02m21.9s/12m00.0s

running (02m22.9s), 80/80 VUs, 2237 complete and 0 interrupted iterations
oscillating   [  20% ] 80/80 VUs  02m22.9s/12m00.0s

running (02m23.9s), 80/80 VUs, 2263 complete and 0 interrupted iterations
oscillating   [  20% ] 80/80 VUs  02m23.9s/12m00.0s

running (02m24.9s), 80/80 VUs, 2263 complete and 0 interrupted iterations
oscillating   [  20% ] 80/80 VUs  02m24.9s/12m00.0s

running (02m25.9s), 80/80 VUs, 2290 complete and 0 interrupted iterations
oscillating   [  20% ] 80/80 VUs  02m25.9s/12m00.0s

running (02m26.9s), 80/80 VUs, 2315 complete and 0 interrupted iterations
oscillating   [  20% ] 80/80 VUs  02m26.9s/12m00.0s

running (02m27.9s), 80/80 VUs, 2317 complete and 0 interrupted iterations
oscillating   [  21% ] 80/80 VUs  02m27.9s/12m00.0s

running (02m28.9s), 80/80 VUs, 2342 complete and 0 interrupted iterations
oscillating   [  21% ] 80/80 VUs  02m28.9s/12m00.0s

running (02m29.9s), 80/80 VUs, 2342 complete and 0 interrupted iterations
oscillating   [  21% ] 80/80 VUs  02m29.9s/12m00.0s

running (02m30.9s), 80/80 VUs, 2370 complete and 0 interrupted iterations
oscillating   [  21% ] 80/80 VUs  02m30.9s/12m00.0s

running (02m31.9s), 80/80 VUs, 2396 complete and 0 interrupted iterations
oscillating   [  21% ] 80/80 VUs  02m31.9s/12m00.0s

running (02m32.9s), 80/80 VUs, 2396 complete and 0 interrupted iterations
oscillating   [  21% ] 80/80 VUs  02m32.9s/12m00.0s

running (02m33.9s), 80/80 VUs, 2423 complete and 0 interrupted iterations
oscillating   [  21% ] 80/80 VUs  02m33.9s/12m00.0s

running (02m34.9s), 80/80 VUs, 2423 complete and 0 interrupted iterations
oscillating   [  22% ] 80/80 VUs  02m34.9s/12m00.0s

running (02m35.9s), 80/80 VUs, 2450 complete and 0 interrupted iterations
oscillating   [  22% ] 80/80 VUs  02m35.9s/12m00.0s

running (02m36.9s), 80/80 VUs, 2450 complete and 0 interrupted iterations
oscillating   [  22% ] 80/80 VUs  02m36.9s/12m00.0s

running (02m37.9s), 80/80 VUs, 2476 complete and 0 interrupted iterations
oscillating   [  22% ] 80/80 VUs  02m37.9s/12m00.0s

running (02m38.9s), 80/80 VUs, 2499 complete and 0 interrupted iterations
oscillating   [  22% ] 80/80 VUs  02m38.9s/12m00.0s

running (02m39.9s), 80/80 VUs, 2499 complete and 0 interrupted iterations
oscillating   [  22% ] 80/80 VUs  02m39.9s/12m00.0s

running (02m40.9s), 80/80 VUs, 2526 complete and 0 interrupted iterations
oscillating   [  22% ] 80/80 VUs  02m40.9s/12m00.0s

running (02m41.9s), 80/80 VUs, 2552 complete and 0 interrupted iterations
oscillating   [  22% ] 80/80 VUs  02m41.9s/12m00.0s

running (02m42.9s), 80/80 VUs, 2552 complete and 0 interrupted iterations
oscillating   [  23% ] 80/80 VUs  02m42.9s/12m00.0s

running (02m43.9s), 80/80 VUs, 2579 complete and 0 interrupted iterations
oscillating   [  23% ] 80/80 VUs  02m43.9s/12m00.0s

running (02m44.9s), 80/80 VUs, 2606 complete and 0 interrupted iterations
oscillating   [  23% ] 80/80 VUs  02m44.9s/12m00.0s

running (02m45.9s), 80/80 VUs, 2606 complete and 0 interrupted iterations
oscillating   [  23% ] 80/80 VUs  02m45.9s/12m00.0s

running (02m46.9s), 80/80 VUs, 2632 complete and 0 interrupted iterations
oscillating   [  23% ] 80/80 VUs  02m46.9s/12m00.0s

running (02m47.9s), 80/80 VUs, 2632 complete and 0 interrupted iterations
oscillating   [  23% ] 80/80 VUs  02m47.9s/12m00.0s

running (02m48.9s), 80/80 VUs, 2659 complete and 0 interrupted iterations
oscillating   [  23% ] 80/80 VUs  02m48.9s/12m00.0s

running (02m49.9s), 80/80 VUs, 2684 complete and 0 interrupted iterations
oscillating   [  24% ] 80/80 VUs  02m49.9s/12m00.0s

running (02m50.9s), 80/80 VUs, 2684 complete and 0 interrupted iterations
oscillating   [  24% ] 80/80 VUs  02m50.9s/12m00.0s

running (02m51.9s), 80/80 VUs, 2711 complete and 0 interrupted iterations
oscillating   [  24% ] 80/80 VUs  02m51.9s/12m00.0s

running (02m52.9s), 80/80 VUs, 2711 complete and 0 interrupted iterations
oscillating   [  24% ] 80/80 VUs  02m52.9s/12m00.0s

running (02m53.9s), 80/80 VUs, 2737 complete and 0 interrupted iterations
oscillating   [  24% ] 80/80 VUs  02m53.9s/12m00.0s

running (02m54.9s), 80/80 VUs, 2764 complete and 0 interrupted iterations
oscillating   [  24% ] 80/80 VUs  02m54.9s/12m00.0s

running (02m55.9s), 80/80 VUs, 2764 complete and 0 interrupted iterations
oscillating   [  24% ] 80/80 VUs  02m55.9s/12m00.0s

running (02m56.9s), 80/80 VUs, 2791 complete and 0 interrupted iterations
oscillating   [  25% ] 80/80 VUs  02m56.9s/12m00.0s

running (02m57.9s), 80/80 VUs, 2791 complete and 0 interrupted iterations
oscillating   [  25% ] 80/80 VUs  02m57.9s/12m00.0s

running (02m58.9s), 80/80 VUs, 2817 complete and 0 interrupted iterations
oscillating   [  25% ] 80/80 VUs  02m58.9s/12m00.0s

running (02m59.9s), 80/80 VUs, 2844 complete and 0 interrupted iterations
oscillating   [  25% ] 80/80 VUs  02m59.9s/12m00.0s

running (03m00.9s), 80/80 VUs, 2844 complete and 0 interrupted iterations
oscillating   [  25% ] 80/80 VUs  03m00.9s/12m00.0s

running (03m01.9s), 80/80 VUs, 2871 complete and 0 interrupted iterations
oscillating   [  25% ] 80/80 VUs  03m01.9s/12m00.0s

running (03m02.9s), 80/80 VUs, 2897 complete and 0 interrupted iterations
oscillating   [  25% ] 80/80 VUs  03m02.9s/12m00.0s

running (03m03.9s), 80/80 VUs, 2897 complete and 0 interrupted iterations
oscillating   [  26% ] 80/80 VUs  03m03.9s/12m00.0s

running (03m04.9s), 80/80 VUs, 2924 complete and 0 interrupted iterations
oscillating   [  26% ] 80/80 VUs  03m04.9s/12m00.0s

running (03m05.9s), 80/80 VUs, 2924 complete and 0 interrupted iterations
oscillating   [  26% ] 80/80 VUs  03m05.9s/12m00.0s

running (03m06.9s), 80/80 VUs, 2951 complete and 0 interrupted iterations
oscillating   [  26% ] 80/80 VUs  03m06.9s/12m00.0s

running (03m07.9s), 80/80 VUs, 2977 complete and 0 interrupted iterations
oscillating   [  26% ] 80/80 VUs  03m07.9s/12m00.0s

running (03m08.9s), 80/80 VUs, 2977 complete and 0 interrupted iterations
oscillating   [  26% ] 80/80 VUs  03m08.9s/12m00.0s

running (03m09.9s), 80/80 VUs, 2997 complete and 0 interrupted iterations
oscillating   [  26% ] 80/80 VUs  03m09.9s/12m00.0s

running (03m10.9s), 80/80 VUs, 3025 complete and 0 interrupted iterations
oscillating   [  27% ] 80/80 VUs  03m10.9s/12m00.0s

running (03m11.9s), 80/80 VUs, 3025 complete and 0 interrupted iterations
oscillating   [  27% ] 80/80 VUs  03m11.9s/12m00.0s

running (03m12.9s), 80/80 VUs, 3052 complete and 0 interrupted iterations
oscillating   [  27% ] 80/80 VUs  03m12.9s/12m00.0s

running (03m13.9s), 80/80 VUs, 3052 complete and 0 interrupted iterations
oscillating   [  27% ] 80/80 VUs  03m13.9s/12m00.0s

running (03m14.9s), 80/80 VUs, 3079 complete and 0 interrupted iterations
oscillating   [  27% ] 80/80 VUs  03m14.9s/12m00.0s

running (03m15.9s), 80/80 VUs, 3105 complete and 0 interrupted iterations
oscillating   [  27% ] 80/80 VUs  03m15.9s/12m00.0s

running (03m16.9s), 80/80 VUs, 3105 complete and 0 interrupted iterations
oscillating   [  27% ] 80/80 VUs  03m16.9s/12m00.0s

running (03m17.9s), 80/80 VUs, 3129 complete and 0 interrupted iterations
oscillating   [  27% ] 80/80 VUs  03m17.9s/12m00.0s

running (03m18.9s), 80/80 VUs, 3157 complete and 0 interrupted iterations
oscillating   [  28% ] 80/80 VUs  03m18.9s/12m00.0s

running (03m19.9s), 80/80 VUs, 3157 complete and 0 interrupted iterations
oscillating   [  28% ] 80/80 VUs  03m19.9s/12m00.0s

running (03m20.9s), 80/80 VUs, 3183 complete and 0 interrupted iterations
oscillating   [  28% ] 80/80 VUs  03m20.9s/12m00.0s

running (03m21.9s), 80/80 VUs, 3210 complete and 0 interrupted iterations
oscillating   [  28% ] 80/80 VUs  03m21.9s/12m00.0s

running (03m22.9s), 80/80 VUs, 3210 complete and 0 interrupted iterations
oscillating   [  28% ] 80/80 VUs  03m22.9s/12m00.0s

running (03m23.9s), 80/80 VUs, 3237 complete and 0 interrupted iterations
oscillating   [  28% ] 80/80 VUs  03m23.9s/12m00.0s

running (03m24.9s), 80/80 VUs, 3237 complete and 0 interrupted iterations
oscillating   [  28% ] 80/80 VUs  03m24.9s/12m00.0s

running (03m25.9s), 80/80 VUs, 3263 complete and 0 interrupted iterations
oscillating   [  29% ] 80/80 VUs  03m25.9s/12m00.0s

running (03m26.9s), 80/80 VUs, 3290 complete and 0 interrupted iterations
oscillating   [  29% ] 80/80 VUs  03m26.9s/12m00.0s

running (03m27.9s), 80/80 VUs, 3290 complete and 0 interrupted iterations
oscillating   [  29% ] 80/80 VUs  03m27.9s/12m00.0s

running (03m28.9s), 80/80 VUs, 3317 complete and 0 interrupted iterations
oscillating   [  29% ] 80/80 VUs  03m28.9s/12m00.0s

running (03m29.9s), 80/80 VUs, 3317 complete and 0 interrupted iterations
oscillating   [  29% ] 80/80 VUs  03m29.9s/12m00.0s

running (03m30.9s), 80/80 VUs, 3343 complete and 0 interrupted iterations
oscillating   [  29% ] 80/80 VUs  03m30.9s/12m00.0s

running (03m31.9s), 77/80 VUs, 3370 complete and 0 interrupted iterations
oscillating   [  29% ] 77/80 VUs  03m31.9s/12m00.0s

running (03m32.9s), 77/80 VUs, 3370 complete and 0 interrupted iterations
oscillating   [  30% ] 77/80 VUs  03m32.9s/12m00.0s

running (03m33.9s), 70/80 VUs, 3397 complete and 0 interrupted iterations
oscillating   [  30% ] 70/80 VUs  03m33.9s/12m00.0s

running (03m34.9s), 59/80 VUs, 3423 complete and 0 interrupted iterations
oscillating   [  30% ] 59/80 VUs  03m34.9s/12m00.0s

running (03m35.9s), 49/80 VUs, 3450 complete and 0 interrupted iterations
oscillating   [  30% ] 49/80 VUs  03m35.9s/12m00.0s

running (03m36.9s), 36/80 VUs, 3502 complete and 0 interrupted iterations
oscillating   [  30% ] 36/80 VUs  03m36.9s/12m00.0s

running (03m37.9s), 29/80 VUs, 3551 complete and 0 interrupted iterations
oscillating   [  30% ] 29/80 VUs  03m37.9s/12m00.0s

running (03m38.9s), 21/80 VUs, 3589 complete and 0 interrupted iterations
oscillating   [  30% ] 21/80 VUs  03m38.9s/12m00.0s

running (03m39.9s), 13/80 VUs, 3620 complete and 0 interrupted iterations
oscillating   [  31% ] 13/80 VUs  03m39.9s/12m00.0s

running (03m40.9s), 10/80 VUs, 3637 complete and 0 interrupted iterations
oscillating   [  31% ] 10/80 VUs  03m40.9s/12m00.0s

running (03m41.9s), 10/80 VUs, 3650 complete and 0 interrupted iterations
oscillating   [  31% ] 10/80 VUs  03m41.9s/12m00.0s

running (03m42.9s), 10/80 VUs, 3663 complete and 0 interrupted iterations
oscillating   [  31% ] 10/80 VUs  03m42.9s/12m00.0s

running (03m43.9s), 10/80 VUs, 3679 complete and 0 interrupted iterations
oscillating   [  31% ] 10/80 VUs  03m43.9s/12m00.0s

running (03m44.9s), 10/80 VUs, 3693 complete and 0 interrupted iterations
oscillating   [  31% ] 10/80 VUs  03m44.9s/12m00.0s

running (03m45.9s), 10/80 VUs, 3706 complete and 0 interrupted iterations
oscillating   [  31% ] 10/80 VUs  03m45.9s/12m00.0s

running (03m46.9s), 10/80 VUs, 3718 complete and 0 interrupted iterations
oscillating   [  32% ] 10/80 VUs  03m46.9s/12m00.0s

running (03m47.9s), 10/80 VUs, 3731 complete and 0 interrupted iterations
oscillating   [  32% ] 10/80 VUs  03m47.9s/12m00.0s

running (03m48.9s), 10/80 VUs, 3744 complete and 0 interrupted iterations
oscillating   [  32% ] 10/80 VUs  03m48.9s/12m00.0s

running (03m49.9s), 10/80 VUs, 3758 complete and 0 interrupted iterations
oscillating   [  32% ] 10/80 VUs  03m49.9s/12m00.0s

running (03m50.9s), 10/80 VUs, 3772 complete and 0 interrupted iterations
oscillating   [  32% ] 10/80 VUs  03m50.9s/12m00.0s

running (03m51.9s), 10/80 VUs, 3786 complete and 0 interrupted iterations
oscillating   [  32% ] 10/80 VUs  03m51.9s/12m00.0s

running (03m52.9s), 10/80 VUs, 3800 complete and 0 interrupted iterations
oscillating   [  32% ] 10/80 VUs  03m52.9s/12m00.0s

running (03m53.9s), 10/80 VUs, 3813 complete and 0 interrupted iterations
oscillating   [  32% ] 10/80 VUs  03m53.9s/12m00.0s

running (03m54.9s), 10/80 VUs, 3830 complete and 0 interrupted iterations
oscillating   [  33% ] 10/80 VUs  03m54.9s/12m00.0s

running (03m55.9s), 10/80 VUs, 3843 complete and 0 interrupted iterations
oscillating   [  33% ] 10/80 VUs  03m55.9s/12m00.0s

running (03m56.9s), 10/80 VUs, 3858 complete and 0 interrupted iterations
oscillating   [  33% ] 10/80 VUs  03m56.9s/12m00.0s

running (03m57.9s), 10/80 VUs, 3871 complete and 0 interrupted iterations
oscillating   [  33% ] 10/80 VUs  03m57.9s/12m00.0s

running (03m58.9s), 10/80 VUs, 3886 complete and 0 interrupted iterations
oscillating   [  33% ] 10/80 VUs  03m58.9s/12m00.0s

running (03m59.9s), 10/80 VUs, 3899 complete and 0 interrupted iterations
oscillating   [  33% ] 10/80 VUs  03m59.9s/12m00.0s

running (04m00.9s), 10/80 VUs, 3915 complete and 0 interrupted iterations
oscillating   [  33% ] 10/80 VUs  04m00.9s/12m00.0s

running (04m01.9s), 10/80 VUs, 3928 complete and 0 interrupted iterations
oscillating   [  34% ] 10/80 VUs  04m01.9s/12m00.0s

running (04m02.9s), 10/80 VUs, 3944 complete and 0 interrupted iterations
oscillating   [  34% ] 10/80 VUs  04m02.9s/12m00.0s

running (04m03.9s), 10/80 VUs, 3958 complete and 0 interrupted iterations
oscillating   [  34% ] 10/80 VUs  04m03.9s/12m00.0s

running (04m04.9s), 10/80 VUs, 3969 complete and 0 interrupted iterations
oscillating   [  34% ] 10/80 VUs  04m04.9s/12m00.0s

running (04m05.9s), 10/80 VUs, 3986 complete and 0 interrupted iterations
oscillating   [  34% ] 10/80 VUs  04m05.9s/12m00.0s

running (04m06.9s), 10/80 VUs, 4001 complete and 0 interrupted iterations
oscillating   [  34% ] 10/80 VUs  04m06.9s/12m00.0s

running (04m07.9s), 10/80 VUs, 4014 complete and 0 interrupted iterations
oscillating   [  34% ] 10/80 VUs  04m07.9s/12m00.0s

running (04m08.9s), 10/80 VUs, 4026 complete and 0 interrupted iterations
oscillating   [  35% ] 10/80 VUs  04m08.9s/12m00.0s

running (04m09.9s), 10/80 VUs, 4042 complete and 0 interrupted iterations
oscillating   [  35% ] 10/80 VUs  04m09.9s/12m00.0s

running (04m10.9s), 10/80 VUs, 4058 complete and 0 interrupted iterations
oscillating   [  35% ] 10/80 VUs  04m10.9s/12m00.0s

running (04m11.9s), 10/80 VUs, 4070 complete and 0 interrupted iterations
oscillating   [  35% ] 10/80 VUs  04m11.9s/12m00.0s

running (04m12.9s), 10/80 VUs, 4085 complete and 0 interrupted iterations
oscillating   [  35% ] 10/80 VUs  04m12.9s/12m00.0s

running (04m13.9s), 10/80 VUs, 4098 complete and 0 interrupted iterations
oscillating   [  35% ] 10/80 VUs  04m13.9s/12m00.0s

running (04m14.9s), 10/80 VUs, 4115 complete and 0 interrupted iterations
oscillating   [  35% ] 10/80 VUs  04m14.9s/12m00.0s

running (04m15.9s), 10/80 VUs, 4127 complete and 0 interrupted iterations
oscillating   [  36% ] 10/80 VUs  04m15.9s/12m00.0s

running (04m16.9s), 10/80 VUs, 4142 complete and 0 interrupted iterations
oscillating   [  36% ] 10/80 VUs  04m16.9s/12m00.0s

running (04m17.9s), 10/80 VUs, 4156 complete and 0 interrupted iterations
oscillating   [  36% ] 10/80 VUs  04m17.9s/12m00.0s

running (04m18.9s), 10/80 VUs, 4168 complete and 0 interrupted iterations
oscillating   [  36% ] 10/80 VUs  04m18.9s/12m00.0s

running (04m19.9s), 10/80 VUs, 4184 complete and 0 interrupted iterations
oscillating   [  36% ] 10/80 VUs  04m19.9s/12m00.0s

running (04m20.9s), 10/80 VUs, 4198 complete and 0 interrupted iterations
oscillating   [  36% ] 10/80 VUs  04m20.9s/12m00.0s

running (04m21.9s), 10/80 VUs, 4210 complete and 0 interrupted iterations
oscillating   [  36% ] 10/80 VUs  04m21.9s/12m00.0s

running (04m22.9s), 10/80 VUs, 4225 complete and 0 interrupted iterations
oscillating   [  37% ] 10/80 VUs  04m22.9s/12m00.0s

running (04m23.9s), 10/80 VUs, 4238 complete and 0 interrupted iterations
oscillating   [  37% ] 10/80 VUs  04m23.9s/12m00.0s

running (04m24.9s), 10/80 VUs, 4251 complete and 0 interrupted iterations
oscillating   [  37% ] 10/80 VUs  04m24.9s/12m00.0s

running (04m25.9s), 10/80 VUs, 4266 complete and 0 interrupted iterations
oscillating   [  37% ] 10/80 VUs  04m25.9s/12m00.0s

running (04m26.9s), 10/80 VUs, 4281 complete and 0 interrupted iterations
oscillating   [  37% ] 10/80 VUs  04m26.9s/12m00.0s

running (04m27.9s), 10/80 VUs, 4296 complete and 0 interrupted iterations
oscillating   [  37% ] 10/80 VUs  04m27.9s/12m00.0s

running (04m28.9s), 10/80 VUs, 4309 complete and 0 interrupted iterations
oscillating   [  37% ] 10/80 VUs  04m28.9s/12m00.0s

running (04m29.9s), 10/80 VUs, 4325 complete and 0 interrupted iterations
oscillating   [  37% ] 10/80 VUs  04m29.9s/12m00.0s

running (04m30.9s), 10/80 VUs, 4335 complete and 0 interrupted iterations
oscillating   [  38% ] 10/80 VUs  04m30.9s/12m00.0s

running (04m31.9s), 10/80 VUs, 4352 complete and 0 interrupted iterations
oscillating   [  38% ] 10/80 VUs  04m31.9s/12m00.0s

running (04m32.9s), 10/80 VUs, 4365 complete and 0 interrupted iterations
oscillating   [  38% ] 10/80 VUs  04m32.9s/12m00.0s

running (04m33.9s), 10/80 VUs, 4379 complete and 0 interrupted iterations
oscillating   [  38% ] 10/80 VUs  04m33.9s/12m00.0s

running (04m34.9s), 10/80 VUs, 4394 complete and 0 interrupted iterations
oscillating   [  38% ] 10/80 VUs  04m34.9s/12m00.0s

running (04m35.9s), 10/80 VUs, 4407 complete and 0 interrupted iterations
oscillating   [  38% ] 10/80 VUs  04m35.9s/12m00.0s

running (04m36.9s), 10/80 VUs, 4423 complete and 0 interrupted iterations
oscillating   [  38% ] 10/80 VUs  04m36.9s/12m00.0s

running (04m37.9s), 10/80 VUs, 4435 complete and 0 interrupted iterations
oscillating   [  39% ] 10/80 VUs  04m37.9s/12m00.0s

running (04m38.9s), 10/80 VUs, 4450 complete and 0 interrupted iterations
oscillating   [  39% ] 10/80 VUs  04m38.9s/12m00.0s

running (04m39.9s), 10/80 VUs, 4466 complete and 0 interrupted iterations
oscillating   [  39% ] 10/80 VUs  04m39.9s/12m00.0s

running (04m40.9s), 10/80 VUs, 4478 complete and 0 interrupted iterations
oscillating   [  39% ] 10/80 VUs  04m40.9s/12m00.0s

running (04m41.9s), 10/80 VUs, 4492 complete and 0 interrupted iterations
oscillating   [  39% ] 10/80 VUs  04m41.9s/12m00.0s

running (04m42.9s), 10/80 VUs, 4507 complete and 0 interrupted iterations
oscillating   [  39% ] 10/80 VUs  04m42.9s/12m00.0s

running (04m43.9s), 10/80 VUs, 4520 complete and 0 interrupted iterations
oscillating   [  39% ] 10/80 VUs  04m43.9s/12m00.0s

running (04m44.9s), 10/80 VUs, 4535 complete and 0 interrupted iterations
oscillating   [  40% ] 10/80 VUs  04m44.9s/12m00.0s

running (04m45.9s), 10/80 VUs, 4550 complete and 0 interrupted iterations
oscillating   [  40% ] 10/80 VUs  04m45.9s/12m00.0s

running (04m46.9s), 10/80 VUs, 4565 complete and 0 interrupted iterations
oscillating   [  40% ] 10/80 VUs  04m46.9s/12m00.0s

running (04m47.9s), 10/80 VUs, 4580 complete and 0 interrupted iterations
oscillating   [  40% ] 10/80 VUs  04m47.9s/12m00.0s

running (04m48.9s), 10/80 VUs, 4597 complete and 0 interrupted iterations
oscillating   [  40% ] 10/80 VUs  04m48.9s/12m00.0s

running (04m49.9s), 10/80 VUs, 4609 complete and 0 interrupted iterations
oscillating   [  40% ] 10/80 VUs  04m49.9s/12m00.0s

running (04m50.9s), 10/80 VUs, 4622 complete and 0 interrupted iterations
oscillating   [  40% ] 10/80 VUs  04m50.9s/12m00.0s

running (04m51.9s), 10/80 VUs, 4638 complete and 0 interrupted iterations
oscillating   [  41% ] 10/80 VUs  04m51.9s/12m00.0s

running (04m52.9s), 10/80 VUs, 4648 complete and 0 interrupted iterations
oscillating   [  41% ] 10/80 VUs  04m52.9s/12m00.0s

running (04m53.9s), 10/80 VUs, 4665 complete and 0 interrupted iterations
oscillating   [  41% ] 10/80 VUs  04m53.9s/12m00.0s

running (04m54.9s), 10/80 VUs, 4679 complete and 0 interrupted iterations
oscillating   [  41% ] 10/80 VUs  04m54.9s/12m00.0s

running (04m55.9s), 10/80 VUs, 4692 complete and 0 interrupted iterations
oscillating   [  41% ] 10/80 VUs  04m55.9s/12m00.0s

running (04m56.9s), 10/80 VUs, 4705 complete and 0 interrupted iterations
oscillating   [  41% ] 10/80 VUs  04m56.9s/12m00.0s

running (04m57.9s), 10/80 VUs, 4720 complete and 0 interrupted iterations
oscillating   [  41% ] 10/80 VUs  04m57.9s/12m00.0s

running (04m58.9s), 10/80 VUs, 4732 complete and 0 interrupted iterations
oscillating   [  42% ] 10/80 VUs  04m58.9s/12m00.0s

running (04m59.9s), 10/80 VUs, 4749 complete and 0 interrupted iterations
oscillating   [  42% ] 10/80 VUs  04m59.9s/12m00.0s

running (05m00.9s), 16/80 VUs, 4764 complete and 0 interrupted iterations
oscillating   [  42% ] 16/80 VUs  05m00.9s/12m00.0s

running (05m01.9s), 23/80 VUs, 4789 complete and 0 interrupted iterations
oscillating   [  42% ] 23/80 VUs  05m01.9s/12m00.0s

running (05m02.9s), 30/80 VUs, 4824 complete and 0 interrupted iterations
oscillating   [  42% ] 30/80 VUs  05m02.9s/12m00.0s

running (05m03.9s), 37/80 VUs, 4849 complete and 0 interrupted iterations
oscillating   [  42% ] 37/80 VUs  05m03.9s/12m00.0s

running (05m04.9s), 44/80 VUs, 4867 complete and 0 interrupted iterations
oscillating   [  42% ] 44/80 VUs  05m04.9s/12m00.0s

running (05m05.9s), 51/80 VUs, 4895 complete and 0 interrupted iterations
oscillating   [  42% ] 51/80 VUs  05m05.9s/12m00.0s

running (05m06.9s), 58/80 VUs, 4927 complete and 0 interrupted iterations
oscillating   [  43% ] 58/80 VUs  05m06.9s/12m00.0s

running (05m07.9s), 65/80 VUs, 4968 complete and 0 interrupted iterations
oscillating   [  43% ] 65/80 VUs  05m07.9s/12m00.0s

running (05m08.9s), 72/80 VUs, 5055 complete and 0 interrupted iterations
oscillating   [  43% ] 72/80 VUs  05m08.9s/12m00.0s

running (05m09.9s), 79/80 VUs, 5144 complete and 0 interrupted iterations
oscillating   [  43% ] 79/80 VUs  05m09.9s/12m00.0s

running (05m10.9s), 80/80 VUs, 5240 complete and 0 interrupted iterations
oscillating   [  43% ] 80/80 VUs  05m10.9s/12m00.0s

running (05m11.9s), 80/80 VUs, 5330 complete and 0 interrupted iterations
oscillating   [  43% ] 80/80 VUs  05m11.9s/12m00.0s

running (05m12.9s), 80/80 VUs, 5426 complete and 0 interrupted iterations
oscillating   [  43% ] 80/80 VUs  05m12.9s/12m00.0s

running (05m13.9s), 80/80 VUs, 5525 complete and 0 interrupted iterations
oscillating   [  44% ] 80/80 VUs  05m13.9s/12m00.0s

running (05m14.9s), 80/80 VUs, 5624 complete and 0 interrupted iterations
oscillating   [  44% ] 80/80 VUs  05m14.9s/12m00.0s

running (05m15.9s), 80/80 VUs, 5719 complete and 0 interrupted iterations
oscillating   [  44% ] 80/80 VUs  05m15.9s/12m00.0s

running (05m16.9s), 80/80 VUs, 5816 complete and 0 interrupted iterations
oscillating   [  44% ] 80/80 VUs  05m16.9s/12m00.0s

running (05m17.9s), 80/80 VUs, 5915 complete and 0 interrupted iterations
oscillating   [  44% ] 80/80 VUs  05m17.9s/12m00.0s

running (05m18.9s), 80/80 VUs, 6014 complete and 0 interrupted iterations
oscillating   [  44% ] 80/80 VUs  05m18.9s/12m00.0s

running (05m19.9s), 80/80 VUs, 6111 complete and 0 interrupted iterations
oscillating   [  44% ] 80/80 VUs  05m19.9s/12m00.0s

running (05m20.9s), 80/80 VUs, 6204 complete and 0 interrupted iterations
oscillating   [  45% ] 80/80 VUs  05m20.9s/12m00.0s

running (05m21.9s), 80/80 VUs, 6300 complete and 0 interrupted iterations
oscillating   [  45% ] 80/80 VUs  05m21.9s/12m00.0s

running (05m22.9s), 80/80 VUs, 6400 complete and 0 interrupted iterations
oscillating   [  45% ] 80/80 VUs  05m22.9s/12m00.0s

running (05m23.9s), 80/80 VUs, 6497 complete and 0 interrupted iterations
oscillating   [  45% ] 80/80 VUs  05m23.9s/12m00.0s

running (05m24.9s), 80/80 VUs, 6589 complete and 0 interrupted iterations
oscillating   [  45% ] 80/80 VUs  05m24.9s/12m00.0s

running (05m25.9s), 80/80 VUs, 6692 complete and 0 interrupted iterations
oscillating   [  45% ] 80/80 VUs  05m25.9s/12m00.0s

running (05m26.9s), 80/80 VUs, 6784 complete and 0 interrupted iterations
oscillating   [  45% ] 80/80 VUs  05m26.9s/12m00.0s

running (05m27.9s), 80/80 VUs, 6878 complete and 0 interrupted iterations
oscillating   [  46% ] 80/80 VUs  05m27.9s/12m00.0s

running (05m28.9s), 80/80 VUs, 6981 complete and 0 interrupted iterations
oscillating   [  46% ] 80/80 VUs  05m28.9s/12m00.0s

running (05m29.9s), 80/80 VUs, 7073 complete and 0 interrupted iterations
oscillating   [  46% ] 80/80 VUs  05m29.9s/12m00.0s

running (05m30.9s), 80/80 VUs, 7172 complete and 0 interrupted iterations
oscillating   [  46% ] 80/80 VUs  05m30.9s/12m00.0s

running (05m31.9s), 80/80 VUs, 7268 complete and 0 interrupted iterations
oscillating   [  46% ] 80/80 VUs  05m31.9s/12m00.0s

running (05m32.9s), 80/80 VUs, 7365 complete and 0 interrupted iterations
oscillating   [  46% ] 80/80 VUs  05m32.9s/12m00.0s

running (05m33.9s), 80/80 VUs, 7462 complete and 0 interrupted iterations
oscillating   [  46% ] 80/80 VUs  05m33.9s/12m00.0s

running (05m34.9s), 80/80 VUs, 7562 complete and 0 interrupted iterations
oscillating   [  47% ] 80/80 VUs  05m34.9s/12m00.0s

running (05m35.9s), 80/80 VUs, 7656 complete and 0 interrupted iterations
oscillating   [  47% ] 80/80 VUs  05m35.9s/12m00.0s

running (05m36.9s), 80/80 VUs, 7742 complete and 0 interrupted iterations
oscillating   [  47% ] 80/80 VUs  05m36.9s/12m00.0s

running (05m37.9s), 80/80 VUs, 7836 complete and 0 interrupted iterations
oscillating   [  47% ] 80/80 VUs  05m37.9s/12m00.0s

running (05m38.9s), 80/80 VUs, 7932 complete and 0 interrupted iterations
oscillating   [  47% ] 80/80 VUs  05m38.9s/12m00.0s

running (05m39.9s), 80/80 VUs, 8027 complete and 0 interrupted iterations
oscillating   [  47% ] 80/80 VUs  05m39.9s/12m00.0s

running (05m40.9s), 80/80 VUs, 8129 complete and 0 interrupted iterations
oscillating   [  47% ] 80/80 VUs  05m40.9s/12m00.0s

running (05m41.9s), 80/80 VUs, 8223 complete and 0 interrupted iterations
oscillating   [  47% ] 80/80 VUs  05m41.9s/12m00.0s

running (05m42.9s), 80/80 VUs, 8324 complete and 0 interrupted iterations
oscillating   [  48% ] 80/80 VUs  05m42.9s/12m00.0s

running (05m43.9s), 80/80 VUs, 8417 complete and 0 interrupted iterations
oscillating   [  48% ] 80/80 VUs  05m43.9s/12m00.0s

running (05m44.9s), 80/80 VUs, 8511 complete and 0 interrupted iterations
oscillating   [  48% ] 80/80 VUs  05m44.9s/12m00.0s

running (05m45.9s), 80/80 VUs, 8611 complete and 0 interrupted iterations
oscillating   [  48% ] 80/80 VUs  05m45.9s/12m00.0s

running (05m46.9s), 80/80 VUs, 8708 complete and 0 interrupted iterations
oscillating   [  48% ] 80/80 VUs  05m46.9s/12m00.0s

running (05m47.9s), 80/80 VUs, 8803 complete and 0 interrupted iterations
oscillating   [  48% ] 80/80 VUs  05m47.9s/12m00.0s

running (05m48.9s), 80/80 VUs, 8900 complete and 0 interrupted iterations
oscillating   [  48% ] 80/80 VUs  05m48.9s/12m00.0s

running (05m49.9s), 80/80 VUs, 8994 complete and 0 interrupted iterations
oscillating   [  49% ] 80/80 VUs  05m49.9s/12m00.0s

running (05m50.9s), 80/80 VUs, 9094 complete and 0 interrupted iterations
oscillating   [  49% ] 80/80 VUs  05m50.9s/12m00.0s

running (05m51.9s), 80/80 VUs, 9189 complete and 0 interrupted iterations
oscillating   [  49% ] 80/80 VUs  05m51.9s/12m00.0s

running (05m52.9s), 80/80 VUs, 9286 complete and 0 interrupted iterations
oscillating   [  49% ] 80/80 VUs  05m52.9s/12m00.0s

running (05m53.9s), 80/80 VUs, 9384 complete and 0 interrupted iterations
oscillating   [  49% ] 80/80 VUs  05m53.9s/12m00.0s

running (05m54.9s), 80/80 VUs, 9477 complete and 0 interrupted iterations
oscillating   [  49% ] 80/80 VUs  05m54.9s/12m00.0s

running (05m55.9s), 80/80 VUs, 9576 complete and 0 interrupted iterations
oscillating   [  49% ] 80/80 VUs  05m55.9s/12m00.0s

running (05m56.9s), 80/80 VUs, 9672 complete and 0 interrupted iterations
oscillating   [  50% ] 80/80 VUs  05m56.9s/12m00.0s

running (05m57.9s), 80/80 VUs, 9772 complete and 0 interrupted iterations
oscillating   [  50% ] 80/80 VUs  05m57.9s/12m00.0s

running (05m58.9s), 80/80 VUs, 9862 complete and 0 interrupted iterations
oscillating   [  50% ] 80/80 VUs  05m58.9s/12m00.0s

running (05m59.9s), 80/80 VUs, 9963 complete and 0 interrupted iterations
oscillating   [  50% ] 80/80 VUs  05m59.9s/12m00.0s

running (06m00.9s), 80/80 VUs, 10056 complete and 0 interrupted iterations
oscillating   [  50% ] 80/80 VUs  06m00.9s/12m00.0s

running (06m01.9s), 80/80 VUs, 10148 complete and 0 interrupted iterations
oscillating   [  50% ] 80/80 VUs  06m01.9s/12m00.0s

running (06m02.9s), 80/80 VUs, 10247 complete and 0 interrupted iterations
oscillating   [  50% ] 80/80 VUs  06m02.9s/12m00.0s

running (06m03.9s), 80/80 VUs, 10345 complete and 0 interrupted iterations
oscillating   [  51% ] 80/80 VUs  06m03.9s/12m00.0s

running (06m04.9s), 80/80 VUs, 10436 complete and 0 interrupted iterations
oscillating   [  51% ] 80/80 VUs  06m04.9s/12m00.0s

running (06m05.9s), 80/80 VUs, 10533 complete and 0 interrupted iterations
oscillating   [  51% ] 80/80 VUs  06m05.9s/12m00.0s

running (06m06.9s), 80/80 VUs, 10629 complete and 0 interrupted iterations
oscillating   [  51% ] 80/80 VUs  06m06.9s/12m00.0s

running (06m07.9s), 80/80 VUs, 10729 complete and 0 interrupted iterations
oscillating   [  51% ] 80/80 VUs  06m07.9s/12m00.0s

running (06m08.9s), 80/80 VUs, 10828 complete and 0 interrupted iterations
oscillating   [  51% ] 80/80 VUs  06m08.9s/12m00.0s

running (06m09.9s), 80/80 VUs, 10921 complete and 0 interrupted iterations
oscillating   [  51% ] 80/80 VUs  06m09.9s/12m00.0s

running (06m10.9s), 80/80 VUs, 11019 complete and 0 interrupted iterations
oscillating   [  52% ] 80/80 VUs  06m10.9s/12m00.0s

running (06m11.9s), 80/80 VUs, 11110 complete and 0 interrupted iterations
oscillating   [  52% ] 80/80 VUs  06m11.9s/12m00.0s

running (06m12.9s), 80/80 VUs, 11211 complete and 0 interrupted iterations
oscillating   [  52% ] 80/80 VUs  06m12.9s/12m00.0s

running (06m13.9s), 80/80 VUs, 11310 complete and 0 interrupted iterations
oscillating   [  52% ] 80/80 VUs  06m13.9s/12m00.0s

running (06m14.9s), 80/80 VUs, 11400 complete and 0 interrupted iterations
oscillating   [  52% ] 80/80 VUs  06m14.9s/12m00.0s

running (06m15.9s), 80/80 VUs, 11504 complete and 0 interrupted iterations
oscillating   [  52% ] 80/80 VUs  06m15.9s/12m00.0s

running (06m16.9s), 80/80 VUs, 11597 complete and 0 interrupted iterations
oscillating   [  52% ] 80/80 VUs  06m16.9s/12m00.0s

running (06m17.9s), 80/80 VUs, 11699 complete and 0 interrupted iterations
oscillating   [  52% ] 80/80 VUs  06m17.9s/12m00.0s

running (06m18.9s), 80/80 VUs, 11791 complete and 0 interrupted iterations
oscillating   [  53% ] 80/80 VUs  06m18.9s/12m00.0s

running (06m19.9s), 80/80 VUs, 11889 complete and 0 interrupted iterations
oscillating   [  53% ] 80/80 VUs  06m19.9s/12m00.0s

running (06m20.9s), 80/80 VUs, 11989 complete and 0 interrupted iterations
oscillating   [  53% ] 80/80 VUs  06m20.9s/12m00.0s

running (06m21.9s), 80/80 VUs, 12077 complete and 0 interrupted iterations
oscillating   [  53% ] 80/80 VUs  06m21.9s/12m00.0s

running (06m22.9s), 80/80 VUs, 12179 complete and 0 interrupted iterations
oscillating   [  53% ] 80/80 VUs  06m22.9s/12m00.0s

running (06m23.9s), 80/80 VUs, 12277 complete and 0 interrupted iterations
oscillating   [  53% ] 80/80 VUs  06m23.9s/12m00.0s

running (06m24.9s), 80/80 VUs, 12372 complete and 0 interrupted iterations
oscillating   [  53% ] 80/80 VUs  06m24.9s/12m00.0s

running (06m25.9s), 80/80 VUs, 12467 complete and 0 interrupted iterations
oscillating   [  54% ] 80/80 VUs  06m25.9s/12m00.0s

running (06m26.9s), 80/80 VUs, 12560 complete and 0 interrupted iterations
oscillating   [  54% ] 80/80 VUs  06m26.9s/12m00.0s

running (06m27.9s), 80/80 VUs, 12660 complete and 0 interrupted iterations
oscillating   [  54% ] 80/80 VUs  06m27.9s/12m00.0s

running (06m28.9s), 80/80 VUs, 12756 complete and 0 interrupted iterations
oscillating   [  54% ] 80/80 VUs  06m28.9s/12m00.0s

running (06m29.9s), 80/80 VUs, 12852 complete and 0 interrupted iterations
oscillating   [  54% ] 80/80 VUs  06m29.9s/12m00.0s

running (06m30.9s), 77/80 VUs, 12949 complete and 0 interrupted iterations
oscillating   [  54% ] 77/80 VUs  06m30.9s/12m00.0s

running (06m31.9s), 69/80 VUs, 13053 complete and 0 interrupted iterations
oscillating   [  54% ] 69/80 VUs  06m31.9s/12m00.0s

running (06m32.9s), 61/80 VUs, 13145 complete and 0 interrupted iterations
oscillating   [  55% ] 61/80 VUs  06m32.9s/12m00.0s

running (06m33.9s), 55/80 VUs, 13232 complete and 0 interrupted iterations
oscillating   [  55% ] 55/80 VUs  06m33.9s/12m00.0s

running (06m34.9s), 50/80 VUs, 13307 complete and 0 interrupted iterations
oscillating   [  55% ] 50/80 VUs  06m34.9s/12m00.0s

running (06m35.9s), 42/80 VUs, 13374 complete and 0 interrupted iterations
oscillating   [  55% ] 42/80 VUs  06m35.9s/12m00.0s

running (06m36.9s), 36/80 VUs, 13433 complete and 0 interrupted iterations
oscillating   [  55% ] 36/80 VUs  06m36.9s/12m00.0s

running (06m37.9s), 26/80 VUs, 13479 complete and 0 interrupted iterations
oscillating   [  55% ] 26/80 VUs  06m37.9s/12m00.0s

running (06m38.9s), 20/80 VUs, 13518 complete and 0 interrupted iterations
oscillating   [  55% ] 20/80 VUs  06m38.9s/12m00.0s

running (06m39.9s), 13/80 VUs, 13546 complete and 0 interrupted iterations
oscillating   [  56% ] 13/80 VUs  06m39.9s/12m00.0s

running (06m40.9s), 10/80 VUs, 13563 complete and 0 interrupted iterations
oscillating   [  56% ] 10/80 VUs  06m40.9s/12m00.0s

running (06m41.9s), 10/80 VUs, 13577 complete and 0 interrupted iterations
oscillating   [  56% ] 10/80 VUs  06m41.9s/12m00.0s

running (06m42.9s), 10/80 VUs, 13590 complete and 0 interrupted iterations
oscillating   [  56% ] 10/80 VUs  06m42.9s/12m00.0s

running (06m43.9s), 10/80 VUs, 13603 complete and 0 interrupted iterations
oscillating   [  56% ] 10/80 VUs  06m43.9s/12m00.0s

running (06m44.9s), 10/80 VUs, 13618 complete and 0 interrupted iterations
oscillating   [  56% ] 10/80 VUs  06m44.9s/12m00.0s

running (06m45.9s), 10/80 VUs, 13632 complete and 0 interrupted iterations
oscillating   [  56% ] 10/80 VUs  06m45.9s/12m00.0s

running (06m46.9s), 10/80 VUs, 13643 complete and 0 interrupted iterations
oscillating   [  57% ] 10/80 VUs  06m46.9s/12m00.0s

running (06m47.9s), 10/80 VUs, 13660 complete and 0 interrupted iterations
oscillating   [  57% ] 10/80 VUs  06m47.9s/12m00.0s

running (06m48.9s), 10/80 VUs, 13671 complete and 0 interrupted iterations
oscillating   [  57% ] 10/80 VUs  06m48.9s/12m00.0s

running (06m49.9s), 10/80 VUs, 13686 complete and 0 interrupted iterations
oscillating   [  57% ] 10/80 VUs  06m49.9s/12m00.0s

running (06m50.9s), 10/80 VUs, 13700 complete and 0 interrupted iterations
oscillating   [  57% ] 10/80 VUs  06m50.9s/12m00.0s

running (06m51.9s), 10/80 VUs, 13712 complete and 0 interrupted iterations
oscillating   [  57% ] 10/80 VUs  06m51.9s/12m00.0s

running (06m52.9s), 10/80 VUs, 13729 complete and 0 interrupted iterations
oscillating   [  57% ] 10/80 VUs  06m52.9s/12m00.0s

running (06m53.9s), 10/80 VUs, 13741 complete and 0 interrupted iterations
oscillating   [  57% ] 10/80 VUs  06m53.9s/12m00.0s

running (06m54.9s), 10/80 VUs, 13757 complete and 0 interrupted iterations
oscillating   [  58% ] 10/80 VUs  06m54.9s/12m00.0s

running (06m55.9s), 10/80 VUs, 13771 complete and 0 interrupted iterations
oscillating   [  58% ] 10/80 VUs  06m55.9s/12m00.0s

running (06m56.9s), 10/80 VUs, 13783 complete and 0 interrupted iterations
oscillating   [  58% ] 10/80 VUs  06m56.9s/12m00.0s

running (06m57.9s), 10/80 VUs, 13798 complete and 0 interrupted iterations
oscillating   [  58% ] 10/80 VUs  06m57.9s/12m00.0s

running (06m58.9s), 10/80 VUs, 13811 complete and 0 interrupted iterations
oscillating   [  58% ] 10/80 VUs  06m58.9s/12m00.0s

running (06m59.9s), 10/80 VUs, 13827 complete and 0 interrupted iterations
oscillating   [  58% ] 10/80 VUs  06m59.9s/12m00.0s

running (07m00.9s), 10/80 VUs, 13840 complete and 0 interrupted iterations
oscillating   [  58% ] 10/80 VUs  07m00.9s/12m00.0s

running (07m01.9s), 10/80 VUs, 13858 complete and 0 interrupted iterations
oscillating   [  59% ] 10/80 VUs  07m01.9s/12m00.0s

running (07m02.9s), 10/80 VUs, 13870 complete and 0 interrupted iterations
oscillating   [  59% ] 10/80 VUs  07m02.9s/12m00.0s

running (07m03.9s), 10/80 VUs, 13883 complete and 0 interrupted iterations
oscillating   [  59% ] 10/80 VUs  07m03.9s/12m00.0s

running (07m04.9s), 10/80 VUs, 13899 complete and 0 interrupted iterations
oscillating   [  59% ] 10/80 VUs  07m04.9s/12m00.0s

running (07m05.9s), 10/80 VUs, 13915 complete and 0 interrupted iterations
oscillating   [  59% ] 10/80 VUs  07m05.9s/12m00.0s

running (07m06.9s), 10/80 VUs, 13929 complete and 0 interrupted iterations
oscillating   [  59% ] 10/80 VUs  07m06.9s/12m00.0s

running (07m07.9s), 10/80 VUs, 13944 complete and 0 interrupted iterations
oscillating   [  59% ] 10/80 VUs  07m07.9s/12m00.0s

running (07m08.9s), 10/80 VUs, 13957 complete and 0 interrupted iterations
oscillating   [  60% ] 10/80 VUs  07m08.9s/12m00.0s

running (07m09.9s), 10/80 VUs, 13972 complete and 0 interrupted iterations
oscillating   [  60% ] 10/80 VUs  07m09.9s/12m00.0s

running (07m10.9s), 10/80 VUs, 13986 complete and 0 interrupted iterations
oscillating   [  60% ] 10/80 VUs  07m10.9s/12m00.0s

running (07m11.9s), 10/80 VUs, 14000 complete and 0 interrupted iterations
oscillating   [  60% ] 10/80 VUs  07m11.9s/12m00.0s

running (07m12.9s), 10/80 VUs, 14015 complete and 0 interrupted iterations
oscillating   [  60% ] 10/80 VUs  07m12.9s/12m00.0s

running (07m13.9s), 10/80 VUs, 14029 complete and 0 interrupted iterations
oscillating   [  60% ] 10/80 VUs  07m13.9s/12m00.0s

running (07m14.9s), 10/80 VUs, 14044 complete and 0 interrupted iterations
oscillating   [  60% ] 10/80 VUs  07m14.9s/12m00.0s

running (07m15.9s), 10/80 VUs, 14056 complete and 0 interrupted iterations
oscillating   [  61% ] 10/80 VUs  07m15.9s/12m00.0s

running (07m16.9s), 10/80 VUs, 14071 complete and 0 interrupted iterations
oscillating   [  61% ] 10/80 VUs  07m16.9s/12m00.0s

running (07m17.9s), 10/80 VUs, 14085 complete and 0 interrupted iterations
oscillating   [  61% ] 10/80 VUs  07m17.9s/12m00.0s

running (07m18.9s), 10/80 VUs, 14099 complete and 0 interrupted iterations
oscillating   [  61% ] 10/80 VUs  07m18.9s/12m00.0s

running (07m19.9s), 10/80 VUs, 14114 complete and 0 interrupted iterations
oscillating   [  61% ] 10/80 VUs  07m19.9s/12m00.0s

running (07m20.9s), 10/80 VUs, 14129 complete and 0 interrupted iterations
oscillating   [  61% ] 10/80 VUs  07m20.9s/12m00.0s

running (07m21.9s), 10/80 VUs, 14142 complete and 0 interrupted iterations
oscillating   [  61% ] 10/80 VUs  07m21.9s/12m00.0s

running (07m22.9s), 10/80 VUs, 14158 complete and 0 interrupted iterations
oscillating   [  62% ] 10/80 VUs  07m22.9s/12m00.0s

running (07m23.9s), 10/80 VUs, 14171 complete and 0 interrupted iterations
oscillating   [  62% ] 10/80 VUs  07m23.9s/12m00.0s

running (07m24.9s), 10/80 VUs, 14185 complete and 0 interrupted iterations
oscillating   [  62% ] 10/80 VUs  07m24.9s/12m00.0s

running (07m25.9s), 10/80 VUs, 14198 complete and 0 interrupted iterations
oscillating   [  62% ] 10/80 VUs  07m25.9s/12m00.0s

running (07m26.9s), 10/80 VUs, 14213 complete and 0 interrupted iterations
oscillating   [  62% ] 10/80 VUs  07m26.9s/12m00.0s

running (07m27.9s), 10/80 VUs, 14227 complete and 0 interrupted iterations
oscillating   [  62% ] 10/80 VUs  07m27.9s/12m00.0s

running (07m28.9s), 10/80 VUs, 14241 complete and 0 interrupted iterations
oscillating   [  62% ] 10/80 VUs  07m28.9s/12m00.0s

running (07m29.9s), 10/80 VUs, 14257 complete and 0 interrupted iterations
oscillating   [  62% ] 10/80 VUs  07m29.9s/12m00.0s

running (07m30.9s), 10/80 VUs, 14270 complete and 0 interrupted iterations
oscillating   [  63% ] 10/80 VUs  07m30.9s/12m00.0s

running (07m31.9s), 10/80 VUs, 14286 complete and 0 interrupted iterations
oscillating   [  63% ] 10/80 VUs  07m31.9s/12m00.0s

running (07m32.9s), 10/80 VUs, 14299 complete and 0 interrupted iterations
oscillating   [  63% ] 10/80 VUs  07m32.9s/12m00.0s

running (07m33.9s), 10/80 VUs, 14314 complete and 0 interrupted iterations
oscillating   [  63% ] 10/80 VUs  07m33.9s/12m00.0s

running (07m34.9s), 10/80 VUs, 14328 complete and 0 interrupted iterations
oscillating   [  63% ] 10/80 VUs  07m34.9s/12m00.0s

running (07m35.9s), 10/80 VUs, 14341 complete and 0 interrupted iterations
oscillating   [  63% ] 10/80 VUs  07m35.9s/12m00.0s

running (07m36.9s), 10/80 VUs, 14358 complete and 0 interrupted iterations
oscillating   [  63% ] 10/80 VUs  07m36.9s/12m00.0s

running (07m37.9s), 10/80 VUs, 14371 complete and 0 interrupted iterations
oscillating   [  64% ] 10/80 VUs  07m37.9s/12m00.0s

running (07m38.9s), 10/80 VUs, 14384 complete and 0 interrupted iterations
oscillating   [  64% ] 10/80 VUs  07m38.9s/12m00.0s

running (07m39.9s), 10/80 VUs, 14399 complete and 0 interrupted iterations
oscillating   [  64% ] 10/80 VUs  07m39.9s/12m00.0s

running (07m40.9s), 10/80 VUs, 14413 complete and 0 interrupted iterations
oscillating   [  64% ] 10/80 VUs  07m40.9s/12m00.0s

running (07m41.9s), 10/80 VUs, 14427 complete and 0 interrupted iterations
oscillating   [  64% ] 10/80 VUs  07m41.9s/12m00.0s

running (07m42.9s), 10/80 VUs, 14442 complete and 0 interrupted iterations
oscillating   [  64% ] 10/80 VUs  07m42.9s/12m00.0s

running (07m43.9s), 10/80 VUs, 14457 complete and 0 interrupted iterations
oscillating   [  64% ] 10/80 VUs  07m43.9s/12m00.0s

running (07m44.9s), 10/80 VUs, 14469 complete and 0 interrupted iterations
oscillating   [  65% ] 10/80 VUs  07m44.9s/12m00.0s

running (07m45.9s), 10/80 VUs, 14484 complete and 0 interrupted iterations
oscillating   [  65% ] 10/80 VUs  07m45.9s/12m00.0s

running (07m46.9s), 10/80 VUs, 14500 complete and 0 interrupted iterations
oscillating   [  65% ] 10/80 VUs  07m46.9s/12m00.0s

running (07m47.9s), 10/80 VUs, 14512 complete and 0 interrupted iterations
oscillating   [  65% ] 10/80 VUs  07m47.9s/12m00.0s

running (07m48.9s), 10/80 VUs, 14527 complete and 0 interrupted iterations
oscillating   [  65% ] 10/80 VUs  07m48.9s/12m00.0s

running (07m49.9s), 10/80 VUs, 14540 complete and 0 interrupted iterations
oscillating   [  65% ] 10/80 VUs  07m49.9s/12m00.0s

running (07m50.9s), 10/80 VUs, 14555 complete and 0 interrupted iterations
oscillating   [  65% ] 10/80 VUs  07m50.9s/12m00.0s

running (07m51.9s), 10/80 VUs, 14569 complete and 0 interrupted iterations
oscillating   [  66% ] 10/80 VUs  07m51.9s/12m00.0s

running (07m52.9s), 10/80 VUs, 14582 complete and 0 interrupted iterations
oscillating   [  66% ] 10/80 VUs  07m52.9s/12m00.0s

running (07m53.9s), 10/80 VUs, 14596 complete and 0 interrupted iterations
oscillating   [  66% ] 10/80 VUs  07m53.9s/12m00.0s

running (07m54.9s), 10/80 VUs, 14610 complete and 0 interrupted iterations
oscillating   [  66% ] 10/80 VUs  07m54.9s/12m00.0s

running (07m55.9s), 10/80 VUs, 14626 complete and 0 interrupted iterations
oscillating   [  66% ] 10/80 VUs  07m55.9s/12m00.0s

running (07m56.9s), 10/80 VUs, 14638 complete and 0 interrupted iterations
oscillating   [  66% ] 10/80 VUs  07m56.9s/12m00.0s

running (07m57.9s), 10/80 VUs, 14653 complete and 0 interrupted iterations
oscillating   [  66% ] 10/80 VUs  07m57.9s/12m00.0s

running (07m58.9s), 10/80 VUs, 14667 complete and 0 interrupted iterations
oscillating   [  67% ] 10/80 VUs  07m58.9s/12m00.0s

running (07m59.9s), 10/80 VUs, 14682 complete and 0 interrupted iterations
oscillating   [  67% ] 10/80 VUs  07m59.9s/12m00.0s

running (08m00.9s), 16/80 VUs, 14695 complete and 0 interrupted iterations
oscillating   [  67% ] 16/80 VUs  08m00.9s/12m00.0s

running (08m01.9s), 23/80 VUs, 14718 complete and 0 interrupted iterations
oscillating   [  67% ] 23/80 VUs  08m01.9s/12m00.0s

running (08m02.9s), 30/80 VUs, 14752 complete and 0 interrupted iterations
oscillating   [  67% ] 30/80 VUs  08m02.9s/12m00.0s

running (08m03.9s), 37/80 VUs, 14798 complete and 0 interrupted iterations
oscillating   [  67% ] 37/80 VUs  08m03.9s/12m00.0s

running (08m04.9s), 44/80 VUs, 14846 complete and 0 interrupted iterations
oscillating   [  67% ] 44/80 VUs  08m04.9s/12m00.0s

running (08m05.9s), 51/80 VUs, 14917 complete and 0 interrupted iterations
oscillating   [  67% ] 51/80 VUs  08m05.9s/12m00.0s

running (08m06.9s), 58/80 VUs, 14984 complete and 0 interrupted iterations
oscillating   [  68% ] 58/80 VUs  08m06.9s/12m00.0s

running (08m07.9s), 65/80 VUs, 15075 complete and 0 interrupted iterations
oscillating   [  68% ] 65/80 VUs  08m07.9s/12m00.0s

running (08m08.9s), 72/80 VUs, 15164 complete and 0 interrupted iterations
oscillating   [  68% ] 72/80 VUs  08m08.9s/12m00.0s

running (08m09.9s), 79/80 VUs, 15266 complete and 0 interrupted iterations
oscillating   [  68% ] 79/80 VUs  08m09.9s/12m00.0s

running (08m10.9s), 80/80 VUs, 15378 complete and 0 interrupted iterations
oscillating   [  68% ] 80/80 VUs  08m10.9s/12m00.0s

running (08m11.9s), 80/80 VUs, 15484 complete and 0 interrupted iterations
oscillating   [  68% ] 80/80 VUs  08m11.9s/12m00.0s

running (08m12.9s), 80/80 VUs, 15601 complete and 0 interrupted iterations
oscillating   [  68% ] 80/80 VUs  08m12.9s/12m00.0s

running (08m13.9s), 80/80 VUs, 15710 complete and 0 interrupted iterations
oscillating   [  69% ] 80/80 VUs  08m13.9s/12m00.0s

running (08m14.9s), 80/80 VUs, 15825 complete and 0 interrupted iterations
oscillating   [  69% ] 80/80 VUs  08m14.9s/12m00.0s

running (08m15.9s), 80/80 VUs, 15936 complete and 0 interrupted iterations
oscillating   [  69% ] 80/80 VUs  08m15.9s/12m00.0s

running (08m16.9s), 80/80 VUs, 16054 complete and 0 interrupted iterations
oscillating   [  69% ] 80/80 VUs  08m16.9s/12m00.0s

running (08m17.9s), 80/80 VUs, 16169 complete and 0 interrupted iterations
oscillating   [  69% ] 80/80 VUs  08m17.9s/12m00.0s

running (08m18.9s), 80/80 VUs, 16271 complete and 0 interrupted iterations
oscillating   [  69% ] 80/80 VUs  08m18.9s/12m00.0s

running (08m19.9s), 80/80 VUs, 16392 complete and 0 interrupted iterations
oscillating   [  69% ] 80/80 VUs  08m19.9s/12m00.0s

running (08m20.9s), 80/80 VUs, 16507 complete and 0 interrupted iterations
oscillating   [  70% ] 80/80 VUs  08m20.9s/12m00.0s

running (08m21.9s), 80/80 VUs, 16618 complete and 0 interrupted iterations
oscillating   [  70% ] 80/80 VUs  08m21.9s/12m00.0s

running (08m22.9s), 80/80 VUs, 16737 complete and 0 interrupted iterations
oscillating   [  70% ] 80/80 VUs  08m22.9s/12m00.0s

running (08m23.9s), 80/80 VUs, 16844 complete and 0 interrupted iterations
oscillating   [  70% ] 80/80 VUs  08m23.9s/12m00.0s

running (08m24.9s), 80/80 VUs, 16962 complete and 0 interrupted iterations
oscillating   [  70% ] 80/80 VUs  08m24.9s/12m00.0s

running (08m25.9s), 80/80 VUs, 17079 complete and 0 interrupted iterations
oscillating   [  70% ] 80/80 VUs  08m25.9s/12m00.0s

running (08m26.9s), 80/80 VUs, 17191 complete and 0 interrupted iterations
oscillating   [  70% ] 80/80 VUs  08m26.9s/12m00.0s

running (08m27.9s), 80/80 VUs, 17309 complete and 0 interrupted iterations
oscillating   [  71% ] 80/80 VUs  08m27.9s/12m00.0s

running (08m28.9s), 80/80 VUs, 17420 complete and 0 interrupted iterations
oscillating   [  71% ] 80/80 VUs  08m28.9s/12m00.0s

running (08m29.9s), 80/80 VUs, 17538 complete and 0 interrupted iterations
oscillating   [  71% ] 80/80 VUs  08m29.9s/12m00.0s

running (08m30.9s), 80/80 VUs, 17647 complete and 0 interrupted iterations
oscillating   [  71% ] 80/80 VUs  08m30.9s/12m00.0s

running (08m31.9s), 80/80 VUs, 17757 complete and 0 interrupted iterations
oscillating   [  71% ] 80/80 VUs  08m31.9s/12m00.0s

running (08m32.9s), 80/80 VUs, 17870 complete and 0 interrupted iterations
oscillating   [  71% ] 80/80 VUs  08m32.9s/12m00.0s

running (08m33.9s), 80/80 VUs, 17988 complete and 0 interrupted iterations
oscillating   [  71% ] 80/80 VUs  08m33.9s/12m00.0s

running (08m34.9s), 80/80 VUs, 18096 complete and 0 interrupted iterations
oscillating   [  72% ] 80/80 VUs  08m34.9s/12m00.0s

running (08m35.9s), 80/80 VUs, 18210 complete and 0 interrupted iterations
oscillating   [  72% ] 80/80 VUs  08m35.9s/12m00.0s

running (08m36.9s), 80/80 VUs, 18321 complete and 0 interrupted iterations
oscillating   [  72% ] 80/80 VUs  08m36.9s/12m00.0s

running (08m37.9s), 80/80 VUs, 18435 complete and 0 interrupted iterations
oscillating   [  72% ] 80/80 VUs  08m37.9s/12m00.0s

running (08m38.9s), 80/80 VUs, 18544 complete and 0 interrupted iterations
oscillating   [  72% ] 80/80 VUs  08m38.9s/12m00.0s

running (08m39.9s), 80/80 VUs, 18657 complete and 0 interrupted iterations
oscillating   [  72% ] 80/80 VUs  08m39.9s/12m00.0s

running (08m40.9s), 80/80 VUs, 18772 complete and 0 interrupted iterations
oscillating   [  72% ] 80/80 VUs  08m40.9s/12m00.0s

running (08m41.9s), 80/80 VUs, 18884 complete and 0 interrupted iterations
oscillating   [  72% ] 80/80 VUs  08m41.9s/12m00.0s

running (08m42.9s), 80/80 VUs, 18997 complete and 0 interrupted iterations
oscillating   [  73% ] 80/80 VUs  08m42.9s/12m00.0s

running (08m43.9s), 80/80 VUs, 19113 complete and 0 interrupted iterations
oscillating   [  73% ] 80/80 VUs  08m43.9s/12m00.0s

running (08m44.9s), 80/80 VUs, 19224 complete and 0 interrupted iterations
oscillating   [  73% ] 80/80 VUs  08m44.9s/12m00.0s

running (08m45.9s), 80/80 VUs, 19336 complete and 0 interrupted iterations
oscillating   [  73% ] 80/80 VUs  08m45.9s/12m00.0s

running (08m46.9s), 80/80 VUs, 19451 complete and 0 interrupted iterations
oscillating   [  73% ] 80/80 VUs  08m46.9s/12m00.0s

running (08m47.9s), 80/80 VUs, 19567 complete and 0 interrupted iterations
oscillating   [  73% ] 80/80 VUs  08m47.9s/12m00.0s

running (08m48.9s), 80/80 VUs, 19676 complete and 0 interrupted iterations
oscillating   [  73% ] 80/80 VUs  08m48.9s/12m00.0s

running (08m49.9s), 80/80 VUs, 19788 complete and 0 interrupted iterations
oscillating   [  74% ] 80/80 VUs  08m49.9s/12m00.0s

running (08m50.9s), 80/80 VUs, 19903 complete and 0 interrupted iterations
oscillating   [  74% ] 80/80 VUs  08m50.9s/12m00.0s

running (08m51.9s), 80/80 VUs, 20014 complete and 0 interrupted iterations
oscillating   [  74% ] 80/80 VUs  08m51.9s/12m00.0s

running (08m52.9s), 80/80 VUs, 20125 complete and 0 interrupted iterations
oscillating   [  74% ] 80/80 VUs  08m52.9s/12m00.0s

running (08m53.9s), 80/80 VUs, 20233 complete and 0 interrupted iterations
oscillating   [  74% ] 80/80 VUs  08m53.9s/12m00.0s

running (08m54.9s), 80/80 VUs, 20346 complete and 0 interrupted iterations
oscillating   [  74% ] 80/80 VUs  08m54.9s/12m00.0s

running (08m55.9s), 80/80 VUs, 20461 complete and 0 interrupted iterations
oscillating   [  74% ] 80/80 VUs  08m55.9s/12m00.0s

running (08m56.9s), 80/80 VUs, 20572 complete and 0 interrupted iterations
oscillating   [  75% ] 80/80 VUs  08m56.9s/12m00.0s

running (08m57.9s), 80/80 VUs, 20689 complete and 0 interrupted iterations
oscillating   [  75% ] 80/80 VUs  08m57.9s/12m00.0s

running (08m58.9s), 80/80 VUs, 20798 complete and 0 interrupted iterations
oscillating   [  75% ] 80/80 VUs  08m58.9s/12m00.0s

running (08m59.9s), 80/80 VUs, 20917 complete and 0 interrupted iterations
oscillating   [  75% ] 80/80 VUs  08m59.9s/12m00.0s

running (09m00.9s), 80/80 VUs, 21025 complete and 0 interrupted iterations
oscillating   [  75% ] 80/80 VUs  09m00.9s/12m00.0s

running (09m01.9s), 80/80 VUs, 21137 complete and 0 interrupted iterations
oscillating   [  75% ] 80/80 VUs  09m01.9s/12m00.0s

running (09m02.9s), 79/80 VUs, 21257 complete and 0 interrupted iterations
oscillating   [  75% ] 79/80 VUs  09m02.9s/12m00.0s

running (09m03.9s), 79/80 VUs, 21369 complete and 0 interrupted iterations
oscillating   [  76% ] 79/80 VUs  09m03.9s/12m00.0s

running (09m04.9s), 78/80 VUs, 21478 complete and 0 interrupted iterations
oscillating   [  76% ] 78/80 VUs  09m04.9s/12m00.0s

running (09m05.9s), 78/80 VUs, 21585 complete and 0 interrupted iterations
oscillating   [  76% ] 78/80 VUs  09m05.9s/12m00.0s

running (09m06.9s), 78/80 VUs, 21699 complete and 0 interrupted iterations
oscillating   [  76% ] 78/80 VUs  09m06.9s/12m00.0s

running (09m07.9s), 77/80 VUs, 21803 complete and 0 interrupted iterations
oscillating   [  76% ] 77/80 VUs  09m07.9s/12m00.0s

running (09m08.9s), 77/80 VUs, 21914 complete and 0 interrupted iterations
oscillating   [  76% ] 77/80 VUs  09m08.9s/12m00.0s

running (09m09.9s), 76/80 VUs, 22020 complete and 0 interrupted iterations
oscillating   [  76% ] 76/80 VUs  09m09.9s/12m00.0s

running (09m10.9s), 76/80 VUs, 22126 complete and 0 interrupted iterations
oscillating   [  77% ] 76/80 VUs  09m10.9s/12m00.0s

running (09m11.9s), 75/80 VUs, 22234 complete and 0 interrupted iterations
oscillating   [  77% ] 75/80 VUs  09m11.9s/12m00.0s

running (09m12.9s), 75/80 VUs, 22343 complete and 0 interrupted iterations
oscillating   [  77% ] 75/80 VUs  09m12.9s/12m00.0s

running (09m13.9s), 75/80 VUs, 22444 complete and 0 interrupted iterations
oscillating   [  77% ] 75/80 VUs  09m13.9s/12m00.0s

running (09m14.9s), 74/80 VUs, 22550 complete and 0 interrupted iterations
oscillating   [  77% ] 74/80 VUs  09m14.9s/12m00.0s

running (09m15.9s), 74/80 VUs, 22652 complete and 0 interrupted iterations
oscillating   [  77% ] 74/80 VUs  09m15.9s/12m00.0s

running (09m16.9s), 73/80 VUs, 22761 complete and 0 interrupted iterations
oscillating   [  77% ] 73/80 VUs  09m16.9s/12m00.0s

running (09m17.9s), 73/80 VUs, 22865 complete and 0 interrupted iterations
oscillating   [  77% ] 73/80 VUs  09m17.9s/12m00.0s

running (09m18.9s), 72/80 VUs, 22968 complete and 0 interrupted iterations
oscillating   [  78% ] 72/80 VUs  09m18.9s/12m00.0s

running (09m19.9s), 72/80 VUs, 23065 complete and 0 interrupted iterations
oscillating   [  78% ] 72/80 VUs  09m19.9s/12m00.0s

running (09m20.9s), 71/80 VUs, 23164 complete and 0 interrupted iterations
oscillating   [  78% ] 71/80 VUs  09m20.9s/12m00.0s

running (09m21.9s), 71/80 VUs, 23266 complete and 0 interrupted iterations
oscillating   [  78% ] 71/80 VUs  09m21.9s/12m00.0s

running (09m22.9s), 70/80 VUs, 23363 complete and 0 interrupted iterations
oscillating   [  78% ] 70/80 VUs  09m22.9s/12m00.0s

running (09m23.9s), 70/80 VUs, 23468 complete and 0 interrupted iterations
oscillating   [  78% ] 70/80 VUs  09m23.9s/12m00.0s

running (09m24.9s), 70/80 VUs, 23559 complete and 0 interrupted iterations
oscillating   [  78% ] 70/80 VUs  09m24.9s/12m00.0s

running (09m25.9s), 69/80 VUs, 23656 complete and 0 interrupted iterations
oscillating   [  79% ] 69/80 VUs  09m25.9s/12m00.0s

running (09m26.9s), 69/80 VUs, 23758 complete and 0 interrupted iterations
oscillating   [  79% ] 69/80 VUs  09m26.9s/12m00.0s

running (09m27.9s), 68/80 VUs, 23860 complete and 0 interrupted iterations
oscillating   [  79% ] 68/80 VUs  09m27.9s/12m00.0s

running (09m28.9s), 68/80 VUs, 23952 complete and 0 interrupted iterations
oscillating   [  79% ] 68/80 VUs  09m28.9s/12m00.0s

running (09m29.9s), 67/80 VUs, 24049 complete and 0 interrupted iterations
oscillating   [  79% ] 67/80 VUs  09m29.9s/12m00.0s

running (09m30.9s), 67/80 VUs, 24145 complete and 0 interrupted iterations
oscillating   [  79% ] 67/80 VUs  09m30.9s/12m00.0s

running (09m31.9s), 67/80 VUs, 24235 complete and 0 interrupted iterations
oscillating   [  79% ] 67/80 VUs  09m31.9s/12m00.0s

running (09m32.9s), 66/80 VUs, 24333 complete and 0 interrupted iterations
oscillating   [  80% ] 66/80 VUs  09m32.9s/12m00.0s

running (09m33.9s), 65/80 VUs, 24418 complete and 0 interrupted iterations
oscillating   [  80% ] 65/80 VUs  09m33.9s/12m00.0s

running (09m34.9s), 65/80 VUs, 24514 complete and 0 interrupted iterations
oscillating   [  80% ] 65/80 VUs  09m34.9s/12m00.0s

running (09m35.9s), 65/80 VUs, 24607 complete and 0 interrupted iterations
oscillating   [  80% ] 65/80 VUs  09m35.9s/12m00.0s

running (09m36.9s), 64/80 VUs, 24697 complete and 0 interrupted iterations
oscillating   [  80% ] 64/80 VUs  09m36.9s/12m00.0s

running (09m37.9s), 64/80 VUs, 24791 complete and 0 interrupted iterations
oscillating   [  80% ] 64/80 VUs  09m37.9s/12m00.0s

running (09m38.9s), 63/80 VUs, 24879 complete and 0 interrupted iterations
oscillating   [  80% ] 63/80 VUs  09m38.9s/12m00.0s

running (09m39.9s), 63/80 VUs, 24966 complete and 0 interrupted iterations
oscillating   [  81% ] 63/80 VUs  09m39.9s/12m00.0s

running (09m40.9s), 62/80 VUs, 25055 complete and 0 interrupted iterations
oscillating   [  81% ] 62/80 VUs  09m40.9s/12m00.0s

running (09m41.9s), 62/80 VUs, 25141 complete and 0 interrupted iterations
oscillating   [  81% ] 62/80 VUs  09m41.9s/12m00.0s

running (09m42.9s), 61/80 VUs, 25228 complete and 0 interrupted iterations
oscillating   [  81% ] 61/80 VUs  09m42.9s/12m00.0s

running (09m43.9s), 61/80 VUs, 25309 complete and 0 interrupted iterations
oscillating   [  81% ] 61/80 VUs  09m43.9s/12m00.0s

running (09m44.9s), 61/80 VUs, 25405 complete and 0 interrupted iterations
oscillating   [  81% ] 61/80 VUs  09m44.9s/12m00.0s

running (09m45.9s), 60/80 VUs, 25486 complete and 0 interrupted iterations
oscillating   [  81% ] 60/80 VUs  09m45.9s/12m00.0s

running (09m46.9s), 60/80 VUs, 25564 complete and 0 interrupted iterations
oscillating   [  82% ] 60/80 VUs  09m46.9s/12m00.0s

running (09m47.9s), 59/80 VUs, 25653 complete and 0 interrupted iterations
oscillating   [  82% ] 59/80 VUs  09m47.9s/12m00.0s

running (09m48.9s), 59/80 VUs, 25736 complete and 0 interrupted iterations
oscillating   [  82% ] 59/80 VUs  09m48.9s/12m00.0s

running (09m49.9s), 59/80 VUs, 25816 complete and 0 interrupted iterations
oscillating   [  82% ] 59/80 VUs  09m49.9s/12m00.0s

running (09m50.9s), 58/80 VUs, 25900 complete and 0 interrupted iterations
oscillating   [  82% ] 58/80 VUs  09m50.9s/12m00.0s

running (09m51.9s), 58/80 VUs, 25982 complete and 0 interrupted iterations
oscillating   [  82% ] 58/80 VUs  09m51.9s/12m00.0s

running (09m52.9s), 57/80 VUs, 26061 complete and 0 interrupted iterations
oscillating   [  82% ] 57/80 VUs  09m52.9s/12m00.0s

running (09m53.9s), 57/80 VUs, 26147 complete and 0 interrupted iterations
oscillating   [  82% ] 57/80 VUs  09m53.9s/12m00.0s

running (09m54.9s), 56/80 VUs, 26222 complete and 0 interrupted iterations
oscillating   [  83% ] 56/80 VUs  09m54.9s/12m00.0s

running (09m55.9s), 56/80 VUs, 26297 complete and 0 interrupted iterations
oscillating   [  83% ] 56/80 VUs  09m55.9s/12m00.0s

running (09m56.9s), 55/80 VUs, 26379 complete and 0 interrupted iterations
oscillating   [  83% ] 55/80 VUs  09m56.9s/12m00.0s

running (09m57.9s), 55/80 VUs, 26459 complete and 0 interrupted iterations
oscillating   [  83% ] 55/80 VUs  09m57.9s/12m00.0s

running (09m58.9s), 54/80 VUs, 26534 complete and 0 interrupted iterations
oscillating   [  83% ] 54/80 VUs  09m58.9s/12m00.0s

running (09m59.9s), 54/80 VUs, 26603 complete and 0 interrupted iterations
oscillating   [  83% ] 54/80 VUs  09m59.9s/12m00.0s

running (10m00.9s), 54/80 VUs, 26683 complete and 0 interrupted iterations
oscillating   [  83% ] 54/80 VUs  10m00.9s/12m00.0s

running (10m01.9s), 53/80 VUs, 26754 complete and 0 interrupted iterations
oscillating   [  84% ] 53/80 VUs  10m01.9s/12m00.0s

running (10m02.9s), 53/80 VUs, 26838 complete and 0 interrupted iterations
oscillating   [  84% ] 53/80 VUs  10m02.9s/12m00.0s

running (10m03.9s), 52/80 VUs, 26908 complete and 0 interrupted iterations
oscillating   [  84% ] 52/80 VUs  10m03.9s/12m00.0s

running (10m04.9s), 52/80 VUs, 26980 complete and 0 interrupted iterations
oscillating   [  84% ] 52/80 VUs  10m04.9s/12m00.0s

running (10m05.9s), 51/80 VUs, 27057 complete and 0 interrupted iterations
oscillating   [  84% ] 51/80 VUs  10m05.9s/12m00.0s

running (10m06.9s), 51/80 VUs, 27129 complete and 0 interrupted iterations
oscillating   [  84% ] 51/80 VUs  10m06.9s/12m00.0s

running (10m07.9s), 50/80 VUs, 27204 complete and 0 interrupted iterations
oscillating   [  84% ] 50/80 VUs  10m07.9s/12m00.0s

running (10m08.9s), 50/80 VUs, 27270 complete and 0 interrupted iterations
oscillating   [  85% ] 50/80 VUs  10m08.9s/12m00.0s

running (10m09.9s), 50/80 VUs, 27343 complete and 0 interrupted iterations
oscillating   [  85% ] 50/80 VUs  10m09.9s/12m00.0s

running (10m10.9s), 49/80 VUs, 27417 complete and 0 interrupted iterations
oscillating   [  85% ] 49/80 VUs  10m10.9s/12m00.0s

running (10m11.9s), 49/80 VUs, 27477 complete and 0 interrupted iterations
oscillating   [  85% ] 49/80 VUs  10m11.9s/12m00.0s

running (10m12.9s), 48/80 VUs, 27545 complete and 0 interrupted iterations
oscillating   [  85% ] 48/80 VUs  10m12.9s/12m00.0s

running (10m13.9s), 48/80 VUs, 27615 complete and 0 interrupted iterations
oscillating   [  85% ] 48/80 VUs  10m13.9s/12m00.0s

running (10m14.9s), 47/80 VUs, 27682 complete and 0 interrupted iterations
oscillating   [  85% ] 47/80 VUs  10m14.9s/12m00.0s

running (10m15.9s), 47/80 VUs, 27751 complete and 0 interrupted iterations
oscillating   [  86% ] 47/80 VUs  10m15.9s/12m00.0s

running (10m16.9s), 47/80 VUs, 27815 complete and 0 interrupted iterations
oscillating   [  86% ] 47/80 VUs  10m16.9s/12m00.0s

running (10m17.9s), 46/80 VUs, 27885 complete and 0 interrupted iterations
oscillating   [  86% ] 46/80 VUs  10m17.9s/12m00.0s

running (10m18.9s), 46/80 VUs, 27942 complete and 0 interrupted iterations
oscillating   [  86% ] 46/80 VUs  10m18.9s/12m00.0s

running (10m19.9s), 45/80 VUs, 28010 complete and 0 interrupted iterations
oscillating   [  86% ] 45/80 VUs  10m19.9s/12m00.0s

running (10m20.9s), 45/80 VUs, 28075 complete and 0 interrupted iterations
oscillating   [  86% ] 45/80 VUs  10m20.9s/12m00.0s

running (10m21.9s), 44/80 VUs, 28136 complete and 0 interrupted iterations
oscillating   [  86% ] 44/80 VUs  10m21.9s/12m00.0s

running (10m22.9s), 44/80 VUs, 28200 complete and 0 interrupted iterations
oscillating   [  87% ] 44/80 VUs  10m22.9s/12m00.0s

running (10m23.9s), 44/80 VUs, 28261 complete and 0 interrupted iterations
oscillating   [  87% ] 44/80 VUs  10m23.9s/12m00.0s

running (10m24.9s), 43/80 VUs, 28321 complete and 0 interrupted iterations
oscillating   [  87% ] 43/80 VUs  10m24.9s/12m00.0s

running (10m25.9s), 42/80 VUs, 28382 complete and 0 interrupted iterations
oscillating   [  87% ] 42/80 VUs  10m25.9s/12m00.0s

running (10m26.9s), 42/80 VUs, 28441 complete and 0 interrupted iterations
oscillating   [  87% ] 42/80 VUs  10m26.9s/12m00.0s

running (10m27.9s), 41/80 VUs, 28504 complete and 0 interrupted iterations
oscillating   [  87% ] 41/80 VUs  10m27.9s/12m00.0s

running (10m28.9s), 41/80 VUs, 28559 complete and 0 interrupted iterations
oscillating   [  87% ] 41/80 VUs  10m28.9s/12m00.0s

running (10m29.9s), 41/80 VUs, 28619 complete and 0 interrupted iterations
oscillating   [  87% ] 41/80 VUs  10m29.9s/12m00.0s

running (10m30.9s), 40/80 VUs, 28674 complete and 0 interrupted iterations
oscillating   [  88% ] 40/80 VUs  10m30.9s/12m00.0s

running (10m31.9s), 40/80 VUs, 28732 complete and 0 interrupted iterations
oscillating   [  88% ] 40/80 VUs  10m31.9s/12m00.0s

running (10m32.9s), 39/80 VUs, 28788 complete and 0 interrupted iterations
oscillating   [  88% ] 39/80 VUs  10m32.9s/12m00.0s

running (10m33.9s), 39/80 VUs, 28837 complete and 0 interrupted iterations
oscillating   [  88% ] 39/80 VUs  10m33.9s/12m00.0s

running (10m34.9s), 39/80 VUs, 28894 complete and 0 interrupted iterations
oscillating   [  88% ] 39/80 VUs  10m34.9s/12m00.0s

running (10m35.9s), 38/80 VUs, 28950 complete and 0 interrupted iterations
oscillating   [  88% ] 38/80 VUs  10m35.9s/12m00.0s

running (10m36.9s), 37/80 VUs, 29003 complete and 0 interrupted iterations
oscillating   [  88% ] 37/80 VUs  10m36.9s/12m00.0s

running (10m37.9s), 37/80 VUs, 29049 complete and 0 interrupted iterations
oscillating   [  89% ] 37/80 VUs  10m37.9s/12m00.0s

running (10m38.9s), 37/80 VUs, 29106 complete and 0 interrupted iterations
oscillating   [  89% ] 37/80 VUs  10m38.9s/12m00.0s

running (10m39.9s), 36/80 VUs, 29154 complete and 0 interrupted iterations
oscillating   [  89% ] 36/80 VUs  10m39.9s/12m00.0s

running (10m40.9s), 36/80 VUs, 29204 complete and 0 interrupted iterations
oscillating   [  89% ] 36/80 VUs  10m40.9s/12m00.0s

running (10m41.9s), 35/80 VUs, 29256 complete and 0 interrupted iterations
oscillating   [  89% ] 35/80 VUs  10m41.9s/12m00.0s

running (10m42.9s), 35/80 VUs, 29309 complete and 0 interrupted iterations
oscillating   [  89% ] 35/80 VUs  10m42.9s/12m00.0s

running (10m43.9s), 34/80 VUs, 29354 complete and 0 interrupted iterations
oscillating   [  89% ] 34/80 VUs  10m43.9s/12m00.0s

running (10m44.9s), 34/80 VUs, 29404 complete and 0 interrupted iterations
oscillating   [  90% ] 34/80 VUs  10m44.9s/12m00.0s

running (10m45.9s), 33/80 VUs, 29449 complete and 0 interrupted iterations
oscillating   [  90% ] 33/80 VUs  10m45.9s/12m00.0s

running (10m46.9s), 33/80 VUs, 29496 complete and 0 interrupted iterations
oscillating   [  90% ] 33/80 VUs  10m46.9s/12m00.0s

running (10m47.9s), 33/80 VUs, 29545 complete and 0 interrupted iterations
oscillating   [  90% ] 33/80 VUs  10m47.9s/12m00.0s

running (10m48.9s), 32/80 VUs, 29591 complete and 0 interrupted iterations
oscillating   [  90% ] 32/80 VUs  10m48.9s/12m00.0s

running (10m49.9s), 32/80 VUs, 29638 complete and 0 interrupted iterations
oscillating   [  90% ] 32/80 VUs  10m49.9s/12m00.0s

running (10m50.9s), 31/80 VUs, 29683 complete and 0 interrupted iterations
oscillating   [  90% ] 31/80 VUs  10m50.9s/12m00.0s

running (10m51.9s), 31/80 VUs, 29728 complete and 0 interrupted iterations
oscillating   [  91% ] 31/80 VUs  10m51.9s/12m00.0s

running (10m52.9s), 31/80 VUs, 29771 complete and 0 interrupted iterations
oscillating   [  91% ] 31/80 VUs  10m52.9s/12m00.0s

running (10m53.9s), 30/80 VUs, 29813 complete and 0 interrupted iterations
oscillating   [  91% ] 30/80 VUs  10m53.9s/12m00.0s

running (10m54.9s), 29/80 VUs, 29860 complete and 0 interrupted iterations
oscillating   [  91% ] 29/80 VUs  10m54.9s/12m00.0s

running (10m55.9s), 29/80 VUs, 29898 complete and 0 interrupted iterations
oscillating   [  91% ] 29/80 VUs  10m55.9s/12m00.0s

running (10m56.9s), 29/80 VUs, 29939 complete and 0 interrupted iterations
oscillating   [  91% ] 29/80 VUs  10m56.9s/12m00.0s

running (10m57.9s), 28/80 VUs, 29977 complete and 0 interrupted iterations
oscillating   [  91% ] 28/80 VUs  10m57.9s/12m00.0s

running (10m58.9s), 28/80 VUs, 30018 complete and 0 interrupted iterations
oscillating   [  92% ] 28/80 VUs  10m58.9s/12m00.0s

running (10m59.9s), 28/80 VUs, 30057 complete and 0 interrupted iterations
oscillating   [  92% ] 28/80 VUs  10m59.9s/12m00.0s

running (11m00.9s), 27/80 VUs, 30094 complete and 0 interrupted iterations
oscillating   [  92% ] 27/80 VUs  11m00.9s/12m00.0s

running (11m01.9s), 27/80 VUs, 30132 complete and 0 interrupted iterations
oscillating   [  92% ] 27/80 VUs  11m01.9s/12m00.0s

running (11m02.9s), 26/80 VUs, 30171 complete and 0 interrupted iterations
oscillating   [  92% ] 26/80 VUs  11m02.9s/12m00.0s

running (11m03.9s), 26/80 VUs, 30209 complete and 0 interrupted iterations
oscillating   [  92% ] 26/80 VUs  11m03.9s/12m00.0s

running (11m04.9s), 25/80 VUs, 30244 complete and 0 interrupted iterations
oscillating   [  92% ] 25/80 VUs  11m04.9s/12m00.0s

running (11m05.9s), 25/80 VUs, 30278 complete and 0 interrupted iterations
oscillating   [  92% ] 25/80 VUs  11m05.9s/12m00.0s

running (11m06.9s), 24/80 VUs, 30313 complete and 0 interrupted iterations
oscillating   [  93% ] 24/80 VUs  11m06.9s/12m00.0s

running (11m07.9s), 24/80 VUs, 30349 complete and 0 interrupted iterations
oscillating   [  93% ] 24/80 VUs  11m07.9s/12m00.0s

running (11m08.9s), 23/80 VUs, 30383 complete and 0 interrupted iterations
oscillating   [  93% ] 23/80 VUs  11m08.9s/12m00.0s

running (11m09.9s), 23/80 VUs, 30414 complete and 0 interrupted iterations
oscillating   [  93% ] 23/80 VUs  11m09.9s/12m00.0s

running (11m10.9s), 22/80 VUs, 30448 complete and 0 interrupted iterations
oscillating   [  93% ] 22/80 VUs  11m10.9s/12m00.0s

running (11m11.9s), 22/80 VUs, 30478 complete and 0 interrupted iterations
oscillating   [  93% ] 22/80 VUs  11m11.9s/12m00.0s

running (11m12.9s), 22/80 VUs, 30506 complete and 0 interrupted iterations
oscillating   [  93% ] 22/80 VUs  11m12.9s/12m00.0s

running (11m13.9s), 21/80 VUs, 30539 complete and 0 interrupted iterations
oscillating   [  94% ] 21/80 VUs  11m13.9s/12m00.0s

running (11m14.9s), 21/80 VUs, 30569 complete and 0 interrupted iterations
oscillating   [  94% ] 21/80 VUs  11m14.9s/12m00.0s

running (11m15.9s), 20/80 VUs, 30595 complete and 0 interrupted iterations
oscillating   [  94% ] 20/80 VUs  11m15.9s/12m00.0s

running (11m16.9s), 20/80 VUs, 30627 complete and 0 interrupted iterations
oscillating   [  94% ] 20/80 VUs  11m16.9s/12m00.0s

running (11m17.9s), 19/80 VUs, 30655 complete and 0 interrupted iterations
oscillating   [  94% ] 19/80 VUs  11m17.9s/12m00.0s

running (11m18.9s), 19/80 VUs, 30678 complete and 0 interrupted iterations
oscillating   [  94% ] 19/80 VUs  11m18.9s/12m00.0s

running (11m19.9s), 18/80 VUs, 30708 complete and 0 interrupted iterations
oscillating   [  94% ] 18/80 VUs  11m19.9s/12m00.0s

running (11m20.9s), 18/80 VUs, 30732 complete and 0 interrupted iterations
oscillating   [  95% ] 18/80 VUs  11m20.9s/12m00.0s

running (11m21.9s), 18/80 VUs, 30759 complete and 0 interrupted iterations
oscillating   [  95% ] 18/80 VUs  11m21.9s/12m00.0s

running (11m22.9s), 17/80 VUs, 30781 complete and 0 interrupted iterations
oscillating   [  95% ] 17/80 VUs  11m22.9s/12m00.0s

running (11m23.9s), 17/80 VUs, 30803 complete and 0 interrupted iterations
oscillating   [  95% ] 17/80 VUs  11m23.9s/12m00.0s

running (11m24.9s), 16/80 VUs, 30831 complete and 0 interrupted iterations
oscillating   [  95% ] 16/80 VUs  11m24.9s/12m00.0s

running (11m25.9s), 16/80 VUs, 30853 complete and 0 interrupted iterations
oscillating   [  95% ] 16/80 VUs  11m25.9s/12m00.0s

running (11m26.9s), 15/80 VUs, 30877 complete and 0 interrupted iterations
oscillating   [  95% ] 15/80 VUs  11m26.9s/12m00.0s

running (11m27.9s), 15/80 VUs, 30898 complete and 0 interrupted iterations
oscillating   [  96% ] 15/80 VUs  11m27.9s/12m00.0s

running (11m28.9s), 15/80 VUs, 30918 complete and 0 interrupted iterations
oscillating   [  96% ] 15/80 VUs  11m28.9s/12m00.0s

running (11m29.9s), 14/80 VUs, 30939 complete and 0 interrupted iterations
oscillating   [  96% ] 14/80 VUs  11m29.9s/12m00.0s

running (11m30.9s), 14/80 VUs, 30956 complete and 0 interrupted iterations
oscillating   [  96% ] 14/80 VUs  11m30.9s/12m00.0s

running (11m31.9s), 13/80 VUs, 30976 complete and 0 interrupted iterations
oscillating   [  96% ] 13/80 VUs  11m31.9s/12m00.0s

running (11m32.9s), 13/80 VUs, 30994 complete and 0 interrupted iterations
oscillating   [  96% ] 13/80 VUs  11m32.9s/12m00.0s

running (11m33.9s), 12/80 VUs, 31010 complete and 0 interrupted iterations
oscillating   [  96% ] 12/80 VUs  11m33.9s/12m00.0s

running (11m34.9s), 12/80 VUs, 31027 complete and 0 interrupted iterations
oscillating   [  97% ] 12/80 VUs  11m34.9s/12m00.0s

running (11m35.9s), 11/80 VUs, 31043 complete and 0 interrupted iterations
oscillating   [  97% ] 11/80 VUs  11m35.9s/12m00.0s

running (11m36.9s), 11/80 VUs, 31058 complete and 0 interrupted iterations
oscillating   [  97% ] 11/80 VUs  11m36.9s/12m00.0s

running (11m37.9s), 10/80 VUs, 31072 complete and 0 interrupted iterations
oscillating   [  97% ] 10/80 VUs  11m37.9s/12m00.0s

running (11m38.9s), 10/80 VUs, 31086 complete and 0 interrupted iterations
oscillating   [  97% ] 10/80 VUs  11m38.9s/12m00.0s

running (11m39.9s), 10/80 VUs, 31102 complete and 0 interrupted iterations
oscillating   [  97% ] 10/80 VUs  11m39.9s/12m00.0s

running (11m40.9s), 09/80 VUs, 31116 complete and 0 interrupted iterations
oscillating   [  97% ] 09/80 VUs  11m40.9s/12m00.0s

running (11m41.9s), 09/80 VUs, 31127 complete and 0 interrupted iterations
oscillating   [  97% ] 09/80 VUs  11m41.9s/12m00.0s

running (11m42.9s), 08/80 VUs, 31141 complete and 0 interrupted iterations
oscillating   [  98% ] 08/80 VUs  11m42.9s/12m00.0s

running (11m43.9s), 08/80 VUs, 31151 complete and 0 interrupted iterations
oscillating   [  98% ] 08/80 VUs  11m43.9s/12m00.0s

running (11m44.9s), 07/80 VUs, 31163 complete and 0 interrupted iterations
oscillating   [  98% ] 07/80 VUs  11m44.9s/12m00.0s

running (11m45.9s), 07/80 VUs, 31175 complete and 0 interrupted iterations
oscillating   [  98% ] 07/80 VUs  11m45.9s/12m00.0s

running (11m46.9s), 06/80 VUs, 31182 complete and 0 interrupted iterations
oscillating   [  98% ] 06/80 VUs  11m46.9s/12m00.0s

running (11m47.9s), 06/80 VUs, 31190 complete and 0 interrupted iterations
oscillating   [  98% ] 06/80 VUs  11m47.9s/12m00.0s

running (11m48.9s), 06/80 VUs, 31199 complete and 0 interrupted iterations
oscillating   [  98% ] 06/80 VUs  11m48.9s/12m00.0s

running (11m49.9s), 05/80 VUs, 31207 complete and 0 interrupted iterations
oscillating   [  99% ] 05/80 VUs  11m49.9s/12m00.0s

running (11m50.9s), 05/80 VUs, 31213 complete and 0 interrupted iterations
oscillating   [  99% ] 05/80 VUs  11m50.9s/12m00.0s

running (11m51.9s), 04/80 VUs, 31219 complete and 0 interrupted iterations
oscillating   [  99% ] 04/80 VUs  11m51.9s/12m00.0s

running (11m52.9s), 04/80 VUs, 31227 complete and 0 interrupted iterations
oscillating   [  99% ] 04/80 VUs  11m52.9s/12m00.0s

running (11m53.9s), 03/80 VUs, 31231 complete and 0 interrupted iterations
oscillating   [  99% ] 03/80 VUs  11m53.9s/12m00.0s

running (11m54.9s), 03/80 VUs, 31234 complete and 0 interrupted iterations
oscillating   [  99% ] 03/80 VUs  11m54.9s/12m00.0s

running (11m55.9s), 03/80 VUs, 31237 complete and 0 interrupted iterations
oscillating   [  99% ] 03/80 VUs  11m55.9s/12m00.0s

running (11m56.9s), 02/80 VUs, 31241 complete and 0 interrupted iterations
oscillating   [ 100% ] 02/80 VUs  11m56.9s/12m00.0s

running (11m57.9s), 01/80 VUs, 31244 complete and 0 interrupted iterations
oscillating   [ 100% ] 01/80 VUs  11m57.9s/12m00.0s

running (11m58.9s), 01/80 VUs, 31245 complete and 0 interrupted iterations
oscillating   [ 100% ] 01/80 VUs  11m58.9s/12m00.0s

running (11m59.9s), 01/80 VUs, 31247 complete and 0 interrupted iterations
oscillating   [ 100% ] 01/80 VUs  11m59.9s/12m00.0s

     ✓ status is 200
     ✓ returns quotes
     ✗ response time <2000ms
      ↳  95% — ✓ 29742 / ✗ 1506

     checks.........................: 98.39% ✓ 92238     ✗ 1506 
     data_received..................: 23 MB  32 kB/s
     data_sent......................: 14 MB  19 kB/s
     http_req_blocked...............: avg=11.54µs  min=831ns    med=2.31µs   max=25.01ms  p(90)=3.34µs   p(95)=3.99µs 
     http_req_connecting............: avg=6.35µs   min=0s       med=0s       max=24.96ms  p(90)=0s       p(95)=0s     
   ✓ http_req_duration..............: avg=936.49ms min=469.11ms med=740.51ms max=6.69s    p(90)=989.53ms p(95)=1.48s  
       { expected_response:true }...: avg=936.49ms min=469.11ms med=740.51ms max=6.69s    p(90)=989.53ms p(95)=1.48s  
   ✓ http_req_failed................: 0.00%  ✓ 0         ✗ 31248
     http_req_receiving.............: avg=984.13µs min=16.22µs  med=113.78µs max=304.75ms p(90)=748.78µs p(95)=2.86ms 
     http_req_sending...............: avg=19.81µs  min=7.53µs   med=18.33µs  max=2.64ms   p(90)=28.12µs  p(95)=31.39µs
     http_req_tls_handshaking.......: avg=0s       min=0s       med=0s       max=0s       p(90)=0s       p(95)=0s     
     http_req_waiting...............: avg=935.49ms min=469ms    med=740.31ms max=6.68s    p(90)=988.49ms p(95)=1.46s  
     http_reqs......................: 31248  43.390478/s
     iteration_duration.............: avg=936.76ms min=469.35ms med=740.79ms max=6.69s    p(90)=989.76ms p(95)=1.48s  
     iterations.....................: 31248  43.390478/s
     vus............................: 1      min=1       max=80 
     vus_max........................: 80     min=80      max=80 


running (12m00.2s), 00/80 VUs, 31248 complete and 0 interrupted iterations
oscillating ✓ [ 100% ] 00/80 VUs  12m0s
